<?xml version="1.0" encoding="UTF-8"?>
<testsuite xmlns:xsi="http://www.w3.org/2001/XMLSchema-instance" xsi:noNamespaceSchemaLocation="https://maven.apache.org/surefire/maven-surefire-plugin/xsd/surefire-test-report-3.0.xsd" version="3.0" name="com.brunogoncalves.phonebook.resource.ContactResourceTest" time="5.22" tests="8" errors="0" skipped="0" failures="0">
  <properties>
    <property name="gopherProxySet" value="false"/>
    <property name="awt.toolkit" value="sun.lwawt.macosx.LWCToolkit"/>
    <property name="file.encoding.pkg" value="sun.io"/>
    <property name="java.specification.version" value="1.8"/>
    <property name="sun.cpu.isalist" value=""/>
    <property name="sun.jnu.encoding" value="UTF-8"/>
    <property name="java.class.path" value="/Users/brunogoncalves/projects/simple-web-app/target/test-classes:/Users/brunogoncalves/projects/simple-web-app/target/classes:/Users/brunogoncalves/.m2/repository/org/glassfish/jersey/containers/jersey-container-servlet-core/2.30.1/jersey-container-servlet-core-2.30.1.jar:/Users/brunogoncalves/.m2/repository/org/glassfish/hk2/external/jakarta.inject/2.6.1/jakarta.inject-2.6.1.jar:/Users/brunogoncalves/.m2/repository/org/glassfish/jersey/core/jersey-common/2.30.1/jersey-common-2.30.1.jar:/Users/brunogoncalves/.m2/repository/jakarta/annotation/jakarta.annotation-api/1.3.5/jakarta.annotation-api-1.3.5.jar:/Users/brunogoncalves/.m2/repository/org/glassfish/hk2/osgi-resource-locator/1.0.3/osgi-resource-locator-1.0.3.jar:/Users/brunogoncalves/.m2/repository/org/glassfish/jersey/core/jersey-server/2.30.1/jersey-server-2.30.1.jar:/Users/brunogoncalves/.m2/repository/org/glassfish/jersey/core/jersey-client/2.30.1/jersey-client-2.30.1.jar:/Users/brunogoncalves/.m2/repository/org/glassfish/jersey/media/jersey-media-jaxb/2.30.1/jersey-media-jaxb-2.30.1.jar:/Users/brunogoncalves/.m2/repository/jakarta/ws/rs/jakarta.ws.rs-api/2.1.6/jakarta.ws.rs-api-2.1.6.jar:/Users/brunogoncalves/.m2/repository/org/glassfish/jersey/media/jersey-media-json-jackson/2.30.1/jersey-media-json-jackson-2.30.1.jar:/Users/brunogoncalves/.m2/repository/org/glassfish/jersey/ext/jersey-entity-filtering/2.30.1/jersey-entity-filtering-2.30.1.jar:/Users/brunogoncalves/.m2/repository/com/fasterxml/jackson/core/jackson-annotations/2.10.1/jackson-annotations-2.10.1.jar:/Users/brunogoncalves/.m2/repository/com/fasterxml/jackson/core/jackson-databind/2.10.1/jackson-databind-2.10.1.jar:/Users/brunogoncalves/.m2/repository/com/fasterxml/jackson/core/jackson-core/2.10.1/jackson-core-2.10.1.jar:/Users/brunogoncalves/.m2/repository/com/fasterxml/jackson/module/jackson-module-jaxb-annotations/2.10.1/jackson-module-jaxb-annotations-2.10.1.jar:/Users/brunogoncalves/.m2/repository/jakarta/xml/bind/jakarta.xml.bind-api/2.3.2/jakarta.xml.bind-api-2.3.2.jar:/Users/brunogoncalves/.m2/repository/jakarta/activation/jakarta.activation-api/1.2.1/jakarta.activation-api-1.2.1.jar:/Users/brunogoncalves/.m2/repository/org/glassfish/jersey/inject/jersey-hk2/2.30.1/jersey-hk2-2.30.1.jar:/Users/brunogoncalves/.m2/repository/org/glassfish/hk2/hk2-locator/2.6.1/hk2-locator-2.6.1.jar:/Users/brunogoncalves/.m2/repository/org/glassfish/hk2/external/aopalliance-repackaged/2.6.1/aopalliance-repackaged-2.6.1.jar:/Users/brunogoncalves/.m2/repository/org/glassfish/hk2/hk2-api/2.6.1/hk2-api-2.6.1.jar:/Users/brunogoncalves/.m2/repository/org/glassfish/hk2/hk2-utils/2.6.1/hk2-utils-2.6.1.jar:/Users/brunogoncalves/.m2/repository/org/javassist/javassist/3.25.0-GA/javassist-3.25.0-GA.jar:/Users/brunogoncalves/.m2/repository/org/glassfish/jersey/ext/jersey-bean-validation/2.30.1/jersey-bean-validation-2.30.1.jar:/Users/brunogoncalves/.m2/repository/jakarta/validation/jakarta.validation-api/2.0.2/jakarta.validation-api-2.0.2.jar:/Users/brunogoncalves/.m2/repository/org/hibernate/validator/hibernate-validator/6.0.17.Final/hibernate-validator-6.0.17.Final.jar:/Users/brunogoncalves/.m2/repository/org/jboss/logging/jboss-logging/3.3.2.Final/jboss-logging-3.3.2.Final.jar:/Users/brunogoncalves/.m2/repository/com/fasterxml/classmate/1.3.4/classmate-1.3.4.jar:/Users/brunogoncalves/.m2/repository/jakarta/el/jakarta.el-api/3.0.3/jakarta.el-api-3.0.3.jar:/Users/brunogoncalves/.m2/repository/org/glassfish/jakarta.el/3.0.2/jakarta.el-3.0.2.jar:/Users/brunogoncalves/.m2/repository/org/apache/commons/commons-dbcp2/2.8.0/commons-dbcp2-2.8.0.jar:/Users/brunogoncalves/.m2/repository/org/apache/commons/commons-pool2/2.8.1/commons-pool2-2.8.1.jar:/Users/brunogoncalves/.m2/repository/commons-logging/commons-logging/1.2/commons-logging-1.2.jar:/Users/brunogoncalves/.m2/repository/mysql/mysql-connector-java/8.0.21/mysql-connector-java-8.0.21.jar:/Users/brunogoncalves/.m2/repository/com/google/protobuf/protobuf-java/3.11.4/protobuf-java-3.11.4.jar:/Users/brunogoncalves/.m2/repository/ch/qos/logback/logback-classic/1.2.3/logback-classic-1.2.3.jar:/Users/brunogoncalves/.m2/repository/ch/qos/logback/logback-core/1.2.3/logback-core-1.2.3.jar:/Users/brunogoncalves/.m2/repository/org/slf4j/slf4j-api/1.7.25/slf4j-api-1.7.25.jar:/Users/brunogoncalves/.m2/repository/junit/junit/4.13/junit-4.13.jar:/Users/brunogoncalves/.m2/repository/org/hamcrest/hamcrest-core/1.3/hamcrest-core-1.3.jar:/Users/brunogoncalves/.m2/repository/org/jmockit/jmockit/1.49/jmockit-1.49.jar:/Users/brunogoncalves/.m2/repository/com/google/code/findbugs/jsr305/3.0.2/jsr305-3.0.2.jar:/Users/brunogoncalves/.m2/repository/org/glassfish/jersey/test-framework/jersey-test-framework-core/2.30.1/jersey-test-framework-core-2.30.1.jar:/Users/brunogoncalves/.m2/repository/jakarta/servlet/jakarta.servlet-api/4.0.3/jakarta.servlet-api-4.0.3.jar:/Users/brunogoncalves/.m2/repository/org/glassfish/jersey/test-framework/providers/jersey-test-framework-provider-jetty/2.30.1/jersey-test-framework-provider-jetty-2.30.1.jar:/Users/brunogoncalves/.m2/repository/org/glassfish/jersey/containers/jersey-container-jetty-http/2.30.1/jersey-container-jetty-http-2.30.1.jar:/Users/brunogoncalves/.m2/repository/org/eclipse/jetty/jetty-server/9.4.17.v20190418/jetty-server-9.4.17.v20190418.jar:/Users/brunogoncalves/.m2/repository/javax/servlet/javax.servlet-api/3.1.0/javax.servlet-api-3.1.0.jar:/Users/brunogoncalves/.m2/repository/org/eclipse/jetty/jetty-http/9.4.17.v20190418/jetty-http-9.4.17.v20190418.jar:/Users/brunogoncalves/.m2/repository/org/eclipse/jetty/jetty-io/9.4.17.v20190418/jetty-io-9.4.17.v20190418.jar:/Users/brunogoncalves/.m2/repository/org/eclipse/jetty/jetty-util/9.4.17.v20190418/jetty-util-9.4.17.v20190418.jar:/Users/brunogoncalves/.m2/repository/org/eclipse/jetty/jetty-continuation/9.4.17.v20190418/jetty-continuation-9.4.17.v20190418.jar:"/>
    <property name="java.vm.vendor" value="Oracle Corporation"/>
    <property name="sun.arch.data.model" value="64"/>
    <property name="java.vendor.url" value="http://java.oracle.com/"/>
    <property name="user.timezone" value=""/>
    <property name="user.country.format" value="PT"/>
    <property name="java.vm.specification.version" value="1.8"/>
    <property name="os.name" value="Mac OS X"/>
    <property name="user.country" value="GB"/>
    <property name="sun.java.launcher" value="SUN_STANDARD"/>
    <property name="sun.boot.library.path" value="/Library/Java/JavaVirtualMachines/jdk1.8.0_261.jdk/Contents/Home/jre/lib"/>
    <property name="sun.java.command" value="/Users/brunogoncalves/projects/simple-web-app/target/surefire/surefirebooter1737893873312819081.jar /Users/brunogoncalves/projects/simple-web-app/target/surefire 2020-09-27T17-34-04_161-jvmRun1 surefire3595068353794173848tmp surefire_06831919912263014893tmp"/>
    <property name="http.nonProxyHosts" value="local|*.local|169.254/16|*.169.254/16"/>
    <property name="surefire.test.class.path" value="/Users/brunogoncalves/projects/simple-web-app/target/test-classes:/Users/brunogoncalves/projects/simple-web-app/target/classes:/Users/brunogoncalves/.m2/repository/org/glassfish/jersey/containers/jersey-container-servlet-core/2.30.1/jersey-container-servlet-core-2.30.1.jar:/Users/brunogoncalves/.m2/repository/org/glassfish/hk2/external/jakarta.inject/2.6.1/jakarta.inject-2.6.1.jar:/Users/brunogoncalves/.m2/repository/org/glassfish/jersey/core/jersey-common/2.30.1/jersey-common-2.30.1.jar:/Users/brunogoncalves/.m2/repository/jakarta/annotation/jakarta.annotation-api/1.3.5/jakarta.annotation-api-1.3.5.jar:/Users/brunogoncalves/.m2/repository/org/glassfish/hk2/osgi-resource-locator/1.0.3/osgi-resource-locator-1.0.3.jar:/Users/brunogoncalves/.m2/repository/org/glassfish/jersey/core/jersey-server/2.30.1/jersey-server-2.30.1.jar:/Users/brunogoncalves/.m2/repository/org/glassfish/jersey/core/jersey-client/2.30.1/jersey-client-2.30.1.jar:/Users/brunogoncalves/.m2/repository/org/glassfish/jersey/media/jersey-media-jaxb/2.30.1/jersey-media-jaxb-2.30.1.jar:/Users/brunogoncalves/.m2/repository/jakarta/ws/rs/jakarta.ws.rs-api/2.1.6/jakarta.ws.rs-api-2.1.6.jar:/Users/brunogoncalves/.m2/repository/org/glassfish/jersey/media/jersey-media-json-jackson/2.30.1/jersey-media-json-jackson-2.30.1.jar:/Users/brunogoncalves/.m2/repository/org/glassfish/jersey/ext/jersey-entity-filtering/2.30.1/jersey-entity-filtering-2.30.1.jar:/Users/brunogoncalves/.m2/repository/com/fasterxml/jackson/core/jackson-annotations/2.10.1/jackson-annotations-2.10.1.jar:/Users/brunogoncalves/.m2/repository/com/fasterxml/jackson/core/jackson-databind/2.10.1/jackson-databind-2.10.1.jar:/Users/brunogoncalves/.m2/repository/com/fasterxml/jackson/core/jackson-core/2.10.1/jackson-core-2.10.1.jar:/Users/brunogoncalves/.m2/repository/com/fasterxml/jackson/module/jackson-module-jaxb-annotations/2.10.1/jackson-module-jaxb-annotations-2.10.1.jar:/Users/brunogoncalves/.m2/repository/jakarta/xml/bind/jakarta.xml.bind-api/2.3.2/jakarta.xml.bind-api-2.3.2.jar:/Users/brunogoncalves/.m2/repository/jakarta/activation/jakarta.activation-api/1.2.1/jakarta.activation-api-1.2.1.jar:/Users/brunogoncalves/.m2/repository/org/glassfish/jersey/inject/jersey-hk2/2.30.1/jersey-hk2-2.30.1.jar:/Users/brunogoncalves/.m2/repository/org/glassfish/hk2/hk2-locator/2.6.1/hk2-locator-2.6.1.jar:/Users/brunogoncalves/.m2/repository/org/glassfish/hk2/external/aopalliance-repackaged/2.6.1/aopalliance-repackaged-2.6.1.jar:/Users/brunogoncalves/.m2/repository/org/glassfish/hk2/hk2-api/2.6.1/hk2-api-2.6.1.jar:/Users/brunogoncalves/.m2/repository/org/glassfish/hk2/hk2-utils/2.6.1/hk2-utils-2.6.1.jar:/Users/brunogoncalves/.m2/repository/org/javassist/javassist/3.25.0-GA/javassist-3.25.0-GA.jar:/Users/brunogoncalves/.m2/repository/org/glassfish/jersey/ext/jersey-bean-validation/2.30.1/jersey-bean-validation-2.30.1.jar:/Users/brunogoncalves/.m2/repository/jakarta/validation/jakarta.validation-api/2.0.2/jakarta.validation-api-2.0.2.jar:/Users/brunogoncalves/.m2/repository/org/hibernate/validator/hibernate-validator/6.0.17.Final/hibernate-validator-6.0.17.Final.jar:/Users/brunogoncalves/.m2/repository/org/jboss/logging/jboss-logging/3.3.2.Final/jboss-logging-3.3.2.Final.jar:/Users/brunogoncalves/.m2/repository/com/fasterxml/classmate/1.3.4/classmate-1.3.4.jar:/Users/brunogoncalves/.m2/repository/jakarta/el/jakarta.el-api/3.0.3/jakarta.el-api-3.0.3.jar:/Users/brunogoncalves/.m2/repository/org/glassfish/jakarta.el/3.0.2/jakarta.el-3.0.2.jar:/Users/brunogoncalves/.m2/repository/org/apache/commons/commons-dbcp2/2.8.0/commons-dbcp2-2.8.0.jar:/Users/brunogoncalves/.m2/repository/org/apache/commons/commons-pool2/2.8.1/commons-pool2-2.8.1.jar:/Users/brunogoncalves/.m2/repository/commons-logging/commons-logging/1.2/commons-logging-1.2.jar:/Users/brunogoncalves/.m2/repository/mysql/mysql-connector-java/8.0.21/mysql-connector-java-8.0.21.jar:/Users/brunogoncalves/.m2/repository/com/google/protobuf/protobuf-java/3.11.4/protobuf-java-3.11.4.jar:/Users/brunogoncalves/.m2/repository/ch/qos/logback/logback-classic/1.2.3/logback-classic-1.2.3.jar:/Users/brunogoncalves/.m2/repository/ch/qos/logback/logback-core/1.2.3/logback-core-1.2.3.jar:/Users/brunogoncalves/.m2/repository/org/slf4j/slf4j-api/1.7.25/slf4j-api-1.7.25.jar:/Users/brunogoncalves/.m2/repository/junit/junit/4.13/junit-4.13.jar:/Users/brunogoncalves/.m2/repository/org/hamcrest/hamcrest-core/1.3/hamcrest-core-1.3.jar:/Users/brunogoncalves/.m2/repository/org/jmockit/jmockit/1.49/jmockit-1.49.jar:/Users/brunogoncalves/.m2/repository/com/google/code/findbugs/jsr305/3.0.2/jsr305-3.0.2.jar:/Users/brunogoncalves/.m2/repository/org/glassfish/jersey/test-framework/jersey-test-framework-core/2.30.1/jersey-test-framework-core-2.30.1.jar:/Users/brunogoncalves/.m2/repository/jakarta/servlet/jakarta.servlet-api/4.0.3/jakarta.servlet-api-4.0.3.jar:/Users/brunogoncalves/.m2/repository/org/glassfish/jersey/test-framework/providers/jersey-test-framework-provider-jetty/2.30.1/jersey-test-framework-provider-jetty-2.30.1.jar:/Users/brunogoncalves/.m2/repository/org/glassfish/jersey/containers/jersey-container-jetty-http/2.30.1/jersey-container-jetty-http-2.30.1.jar:/Users/brunogoncalves/.m2/repository/org/eclipse/jetty/jetty-server/9.4.17.v20190418/jetty-server-9.4.17.v20190418.jar:/Users/brunogoncalves/.m2/repository/javax/servlet/javax.servlet-api/3.1.0/javax.servlet-api-3.1.0.jar:/Users/brunogoncalves/.m2/repository/org/eclipse/jetty/jetty-http/9.4.17.v20190418/jetty-http-9.4.17.v20190418.jar:/Users/brunogoncalves/.m2/repository/org/eclipse/jetty/jetty-io/9.4.17.v20190418/jetty-io-9.4.17.v20190418.jar:/Users/brunogoncalves/.m2/repository/org/eclipse/jetty/jetty-util/9.4.17.v20190418/jetty-util-9.4.17.v20190418.jar:/Users/brunogoncalves/.m2/repository/org/eclipse/jetty/jetty-continuation/9.4.17.v20190418/jetty-continuation-9.4.17.v20190418.jar:"/>
    <property name="sun.cpu.endian" value="little"/>
    <property name="user.home" value="/Users/brunogoncalves"/>
    <property name="user.language" value="en"/>
    <property name="java.specification.vendor" value="Oracle Corporation"/>
    <property name="java.home" value="/Library/Java/JavaVirtualMachines/jdk1.8.0_261.jdk/Contents/Home/jre"/>
    <property name="basedir" value="/Users/brunogoncalves/projects/simple-web-app"/>
    <property name="file.separator" value="/"/>
    <property name="line.separator" value="&#10;"/>
    <property name="java.vm.specification.vendor" value="Oracle Corporation"/>
    <property name="java.specification.name" value="Java Platform API Specification"/>
    <property name="java.awt.graphicsenv" value="sun.awt.CGraphicsEnvironment"/>
    <property name="surefire.real.class.path" value="/Users/brunogoncalves/projects/simple-web-app/target/surefire/surefirebooter1737893873312819081.jar:/Users/brunogoncalves/.m2/repository/org/jmockit/jmockit/1.49/jmockit-1.49.jar"/>
    <property name="sun.boot.class.path" value="/Library/Java/JavaVirtualMachines/jdk1.8.0_261.jdk/Contents/Home/jre/lib/resources.jar:/Library/Java/JavaVirtualMachines/jdk1.8.0_261.jdk/Contents/Home/jre/lib/rt.jar:/Library/Java/JavaVirtualMachines/jdk1.8.0_261.jdk/Contents/Home/jre/lib/sunrsasign.jar:/Library/Java/JavaVirtualMachines/jdk1.8.0_261.jdk/Contents/Home/jre/lib/jsse.jar:/Library/Java/JavaVirtualMachines/jdk1.8.0_261.jdk/Contents/Home/jre/lib/jce.jar:/Library/Java/JavaVirtualMachines/jdk1.8.0_261.jdk/Contents/Home/jre/lib/charsets.jar:/Library/Java/JavaVirtualMachines/jdk1.8.0_261.jdk/Contents/Home/jre/lib/jfr.jar:/Library/Java/JavaVirtualMachines/jdk1.8.0_261.jdk/Contents/Home/jre/classes"/>
    <property name="sun.management.compiler" value="HotSpot 64-Bit Tiered Compilers"/>
    <property name="ftp.nonProxyHosts" value="local|*.local|169.254/16|*.169.254/16"/>
    <property name="java.runtime.version" value="1.8.0_261-b12"/>
    <property name="user.name" value="brunogoncalves"/>
    <property name="path.separator" value=":"/>
    <property name="os.version" value="10.15.6"/>
    <property name="java.endorsed.dirs" value="/Library/Java/JavaVirtualMachines/jdk1.8.0_261.jdk/Contents/Home/jre/lib/endorsed"/>
    <property name="java.runtime.name" value="Java(TM) SE Runtime Environment"/>
    <property name="file.encoding" value="UTF-8"/>
    <property name="java.vm.name" value="Java HotSpot(TM) 64-Bit Server VM"/>
    <property name="localRepository" value="/Users/brunogoncalves/.m2/repository"/>
    <property name="java.vendor.url.bug" value="http://bugreport.sun.com/bugreport/"/>
    <property name="java.io.tmpdir" value="/var/folders/zr/331dxz692r5gr1nhmdj7dm4m0000gn/T/"/>
    <property name="java.version" value="1.8.0_261"/>
    <property name="user.dir" value="/Users/brunogoncalves/projects/simple-web-app"/>
    <property name="os.arch" value="x86_64"/>
    <property name="java.vm.specification.name" value="Java Virtual Machine Specification"/>
    <property name="java.awt.printerjob" value="sun.lwawt.macosx.CPrinterJob"/>
    <property name="sun.os.patch.level" value="unknown"/>
    <property name="java.library.path" value="/Users/brunogoncalves/Library/Java/Extensions:/Library/Java/Extensions:/Network/Library/Java/Extensions:/System/Library/Java/Extensions:/usr/lib/java:."/>
    <property name="java.vm.info" value="mixed mode"/>
    <property name="java.vendor" value="Oracle Corporation"/>
    <property name="java.vm.version" value="25.261-b12"/>
    <property name="java.ext.dirs" value="/Users/brunogoncalves/Library/Java/Extensions:/Library/Java/JavaVirtualMachines/jdk1.8.0_261.jdk/Contents/Home/jre/lib/ext:/Library/Java/Extensions:/Network/Library/Java/Extensions:/System/Library/Java/Extensions:/usr/lib/java"/>
    <property name="sun.io.unicode.encoding" value="UnicodeBig"/>
    <property name="java.class.version" value="52.0"/>
    <property name="socksNonProxyHosts" value="local|*.local|169.254/16|*.169.254/16"/>
  </properties>
  <testcase name="testUpdateContactWithMissingLastName" classname="com.brunogoncalves.phonebook.resource.ContactResourceTest" time="2.744">
    <system-out><![CDATA[17:34:10.363 [main] DEBUG org.eclipse.jetty.util.log - Logging to Logger[org.eclipse.jetty.util.log] via org.eclipse.jetty.util.log.Slf4jLog
17:34:10.368 [main] INFO  org.eclipse.jetty.util.log - Logging initialized @1019ms to org.eclipse.jetty.util.log.Slf4jLog
17:34:11.071 [main] DEBUG org.jboss.logging - Logging Provider: org.jboss.logging.Slf4jLoggerProvider
17:34:11.072 [main] INFO  o.h.validator.internal.util.Version - HV000001: Hibernate Validator 6.0.17.Final
17:34:11.080 [main] DEBUG o.h.v.i.e.r.TraversableResolvers - Cannot find javax.persistence.Persistence on classpath. Assuming non JPA 2 environment. All properties will per default be traversable.
17:34:11.084 [main] DEBUG o.h.v.i.x.config.ValidationXmlParser - Trying to load META-INF/validation.xml for XML based Validator configuration.
17:34:11.085 [main] DEBUG o.h.v.i.x.c.ResourceLoaderHelper - Trying to load META-INF/validation.xml via TCCL
17:34:11.086 [main] DEBUG o.h.v.i.x.c.ResourceLoaderHelper - Trying to load META-INF/validation.xml via Hibernate Validator's class loader
17:34:11.086 [main] DEBUG o.h.v.i.x.config.ValidationXmlParser - No META-INF/validation.xml found. Using annotation based configuration only.
17:34:11.251 [main] DEBUG o.h.v.m.ResourceBundleMessageInterpolator - Loaded expression factory via original TCCL
17:34:11.260 [main] DEBUG o.h.v.i.engine.ValidatorFactoryImpl - HV000234: Using org.hibernate.validator.messageinterpolation.ResourceBundleMessageInterpolator as ValidatorFactory-scoped message interpolator.
17:34:11.261 [main] DEBUG o.h.v.i.engine.ValidatorFactoryImpl - HV000234: Using org.hibernate.validator.internal.engine.resolver.TraverseAllTraversableResolver as ValidatorFactory-scoped traversable resolver.
17:34:11.261 [main] DEBUG o.h.v.i.engine.ValidatorFactoryImpl - HV000234: Using org.hibernate.validator.internal.util.ExecutableParameterNameProvider as ValidatorFactory-scoped parameter name provider.
17:34:11.261 [main] DEBUG o.h.v.i.engine.ValidatorFactoryImpl - HV000234: Using org.hibernate.validator.internal.engine.DefaultClockProvider as ValidatorFactory-scoped clock provider.
17:34:11.261 [main] DEBUG o.h.v.i.engine.ValidatorFactoryImpl - HV000234: Using org.hibernate.validator.internal.engine.scripting.DefaultScriptEvaluatorFactory as ValidatorFactory-scoped script evaluator factory.
17:34:11.347 [main] DEBUG o.e.j.u.component.ContainerLifeCycle - Server@114a85c2{STOPPED}[9.4.17.v20190418] added {JettyConnectorThreadPool[qtp726843606]@2b52c0d6{STOPPED,8<=0<=200,i=0,q=0}[org.eclipse.jetty.util.thread.TryExecutor$$Lambda$157/1967617997@759fad4],AUTO}
17:34:11.431 [main] DEBUG o.e.j.u.component.ContainerLifeCycle - HttpConnectionFactory@5cc5b667[HTTP/1.1] added {HttpConfiguration@61edc883{32768/8192,8192/8192,https://:0,[]},POJO}
17:34:11.435 [main] DEBUG o.e.j.u.component.ContainerLifeCycle - ServerConnector@27e0f2f5{null,[]}{0.0.0.0:0} added {Server@114a85c2{STOPPED}[9.4.17.v20190418],UNMANAGED}
17:34:11.436 [main] DEBUG o.e.j.u.component.ContainerLifeCycle - ServerConnector@27e0f2f5{null,[]}{0.0.0.0:0} added {JettyConnectorThreadPool[qtp726843606]@2b52c0d6{STOPPED,8<=0<=200,i=0,q=0}[org.eclipse.jetty.util.thread.TryExecutor$$Lambda$157/1967617997@759fad4],AUTO}
17:34:11.437 [main] DEBUG o.e.j.u.component.ContainerLifeCycle - ServerConnector@27e0f2f5{null,[]}{0.0.0.0:0} added {ScheduledExecutorScheduler@4eeea57d{STOPPED},AUTO}
17:34:11.437 [main] DEBUG o.e.j.u.component.ContainerLifeCycle - ServerConnector@27e0f2f5{null,[]}{0.0.0.0:0} added {org.eclipse.jetty.io.ArrayByteBufferPool@780ec4a5,POJO}
17:34:11.438 [main] DEBUG o.e.j.u.component.ContainerLifeCycle - ServerConnector@27e0f2f5{null,[http/1.1]}{0.0.0.0:0} added {HttpConnectionFactory@5cc5b667[HTTP/1.1],AUTO}
17:34:11.438 [main] DEBUG o.e.jetty.server.AbstractConnector - ServerConnector@27e0f2f5{HTTP/1.1,[http/1.1]}{0.0.0.0:0} added HttpConnectionFactory@5cc5b667[HTTP/1.1]
17:34:11.444 [main] DEBUG o.e.j.u.component.ContainerLifeCycle - ServerConnector@27e0f2f5{HTTP/1.1,[http/1.1]}{0.0.0.0:0} added {SelectorManager@ServerConnector@27e0f2f5{HTTP/1.1,[http/1.1]}{0.0.0.0:0},MANAGED}
17:34:11.445 [main] DEBUG o.e.j.u.component.ContainerLifeCycle - Server@114a85c2{STOPPED}[9.4.17.v20190418] added {ServerConnector@27e0f2f5{HTTP/1.1,[http/1.1]}{0.0.0.0:9998},AUTO}
17:34:11.446 [main] DEBUG o.e.j.u.component.ContainerLifeCycle - Server@114a85c2{STOPPED}[9.4.17.v20190418] added {JettyHttpContainer@5003041b{STOPPED},MANAGED}
17:34:11.446 [main] DEBUG o.e.j.u.component.AbstractLifeCycle - starting Server@114a85c2{STOPPED}[9.4.17.v20190418]
17:34:11.450 [main] DEBUG o.e.j.u.component.ContainerLifeCycle - Server@114a85c2{STARTING}[9.4.17.v20190418] added {ErrorHandler@78461bc4{STOPPED},AUTO}
17:34:11.452 [main] INFO  org.eclipse.jetty.server.Server - jetty-9.4.17.v20190418; built: 2019-04-18T19:45:35.259Z; git: aa1c656c315c011c01e7b21aabb04066635b9f67; jvm 1.8.0_261-b12
17:34:11.470 [main] DEBUG o.e.j.server.handler.AbstractHandler - starting Server@114a85c2{STARTING}[9.4.17.v20190418]
17:34:11.471 [main] DEBUG o.e.j.u.component.AbstractLifeCycle - starting JettyConnectorThreadPool[qtp726843606]@2b52c0d6{STOPPED,8<=0<=200,i=0,q=0}[org.eclipse.jetty.util.thread.TryExecutor$$Lambda$157/1967617997@759fad4]
17:34:11.473 [main] DEBUG o.e.j.u.t.ReservedThreadExecutor - ReservedThreadExecutor@452e26d0{s=0/4,p=0}
17:34:11.474 [main] DEBUG o.e.j.u.component.ContainerLifeCycle - JettyConnectorThreadPool[qtp726843606]@2b52c0d6{STARTING,8<=0<=200,i=0,q=0}[ReservedThreadExecutor@452e26d0{s=0/4,p=0}] added {ReservedThreadExecutor@452e26d0{s=0/4,p=0},AUTO}
17:34:11.474 [main] DEBUG o.e.j.u.component.AbstractLifeCycle - starting ReservedThreadExecutor@452e26d0{s=0/4,p=0}
17:34:11.478 [main] DEBUG o.e.j.u.component.AbstractLifeCycle - STARTED @2129ms ReservedThreadExecutor@452e26d0{s=0/4,p=0}
17:34:11.479 [main] DEBUG o.e.j.util.thread.QueuedThreadPool - Starting Thread[qtp726843606-12,5,main]
17:34:11.480 [main] DEBUG o.e.j.util.thread.QueuedThreadPool - Starting Thread[qtp726843606-13,5,main]
17:34:11.480 [main] DEBUG o.e.j.util.thread.QueuedThreadPool - Starting Thread[qtp726843606-14,5,main]
17:34:11.481 [main] DEBUG o.e.j.util.thread.QueuedThreadPool - Starting Thread[qtp726843606-15,5,main]
17:34:11.481 [main] DEBUG o.e.j.util.thread.QueuedThreadPool - Starting Thread[qtp726843606-16,5,main]
17:34:11.481 [main] DEBUG o.e.j.util.thread.QueuedThreadPool - Starting Thread[qtp726843606-17,5,main]
17:34:11.482 [main] DEBUG o.e.j.util.thread.QueuedThreadPool - Starting Thread[qtp726843606-18,5,main]
17:34:11.483 [main] DEBUG o.e.j.util.thread.QueuedThreadPool - Starting Thread[qtp726843606-19,5,main]
17:34:11.483 [main] DEBUG o.e.j.u.component.AbstractLifeCycle - STARTED @2135ms JettyConnectorThreadPool[qtp726843606]@2b52c0d6{STARTED,8<=8<=200,i=7,q=0}[ReservedThreadExecutor@452e26d0{s=0/4,p=0}]
17:34:11.484 [main] DEBUG o.e.j.u.component.AbstractLifeCycle - starting JettyHttpContainer@5003041b{STOPPED}
17:34:11.484 [main] DEBUG o.e.j.server.handler.AbstractHandler - starting JettyHttpContainer@5003041b{STARTING}
17:34:11.484 [main] DEBUG o.e.j.u.component.AbstractLifeCycle - STARTED @2136ms JettyHttpContainer@5003041b{STARTED}
17:34:11.484 [main] DEBUG o.e.j.u.component.AbstractLifeCycle - starting ErrorHandler@78461bc4{STOPPED}
17:34:11.484 [main] DEBUG o.e.j.server.handler.AbstractHandler - starting ErrorHandler@78461bc4{STARTING}
17:34:11.484 [main] DEBUG o.e.j.u.component.AbstractLifeCycle - STARTED @2136ms ErrorHandler@78461bc4{STARTED}
17:34:11.485 [main] DEBUG o.e.j.u.component.AbstractLifeCycle - starting ServerConnector@27e0f2f5{HTTP/1.1,[http/1.1]}{0.0.0.0:9998}
17:34:11.517 [main] DEBUG o.e.j.u.component.ContainerLifeCycle - ServerConnector@27e0f2f5{HTTP/1.1,[http/1.1]}{0.0.0.0:9998} added {sun.nio.ch.ServerSocketChannelImpl[/0:0:0:0:0:0:0:0:9998],POJO}
17:34:11.518 [main] DEBUG o.e.j.u.component.AbstractLifeCycle - starting ScheduledExecutorScheduler@4eeea57d{STOPPED}
17:34:11.520 [main] DEBUG o.e.j.u.component.AbstractLifeCycle - STARTED @2171ms ScheduledExecutorScheduler@4eeea57d{STARTED}
17:34:11.520 [main] DEBUG o.e.j.u.component.AbstractLifeCycle - starting HttpConnectionFactory@5cc5b667[HTTP/1.1]
17:34:11.520 [main] DEBUG o.e.j.u.component.AbstractLifeCycle - STARTED @2172ms HttpConnectionFactory@5cc5b667[HTTP/1.1]
17:34:11.520 [main] DEBUG o.e.j.u.component.AbstractLifeCycle - starting SelectorManager@ServerConnector@27e0f2f5{HTTP/1.1,[http/1.1]}{0.0.0.0:9998}
17:34:11.544 [main] DEBUG o.e.j.u.component.ContainerLifeCycle - EatWhatYouKill@1b58ff9e/SelectorProducer@486be205/IDLE/p=false/JettyConnectorThreadPool[qtp726843606]@2b52c0d6{STARTED,8<=8<=200,i=8,q=0}[ReservedThreadExecutor@452e26d0{s=0/4,p=0}][pc=0,pic=0,pec=0,epc=0]@2020-09-27T17:34:11.539+01:00 added {SelectorProducer@486be205,POJO}
17:34:11.545 [main] DEBUG o.e.j.u.component.ContainerLifeCycle - EatWhatYouKill@1b58ff9e/SelectorProducer@486be205/IDLE/p=false/JettyConnectorThreadPool[qtp726843606]@2b52c0d6{STARTED,8<=8<=200,i=8,q=0}[ReservedThreadExecutor@452e26d0{s=0/4,p=0}][pc=0,pic=0,pec=0,epc=0]@2020-09-27T17:34:11.545+01:00 added {JettyConnectorThreadPool[qtp726843606]@2b52c0d6{STARTED,8<=8<=200,i=8,q=0}[ReservedThreadExecutor@452e26d0{s=0/4,p=0}],UNMANAGED}
17:34:11.546 [main] DEBUG o.e.j.u.t.strategy.EatWhatYouKill - EatWhatYouKill@1b58ff9e/SelectorProducer@486be205/IDLE/p=false/JettyConnectorThreadPool[qtp726843606]@2b52c0d6{STARTED,8<=8<=200,i=8,q=0}[ReservedThreadExecutor@452e26d0{s=0/4,p=0}][pc=0,pic=0,pec=0,epc=0]@2020-09-27T17:34:11.545+01:00 created
17:34:11.546 [main] DEBUG o.e.j.u.component.ContainerLifeCycle - ManagedSelector@7d373bcf{STOPPED} id=0 keys=-1 selected=-1 updates=0 added {EatWhatYouKill@1b58ff9e/SelectorProducer@486be205/IDLE/p=false/JettyConnectorThreadPool[qtp726843606]@2b52c0d6{STARTED,8<=8<=200,i=8,q=0}[ReservedThreadExecutor@452e26d0{s=0/4,p=0}][pc=0,pic=0,pec=0,epc=0]@2020-09-27T17:34:11.546+01:00,MANAGED}
17:34:11.547 [main] DEBUG o.e.j.u.component.ContainerLifeCycle - SelectorManager@ServerConnector@27e0f2f5{HTTP/1.1,[http/1.1]}{0.0.0.0:9998} added {ManagedSelector@7d373bcf{STOPPED} id=0 keys=-1 selected=-1 updates=0,AUTO}
17:34:11.547 [main] DEBUG o.e.j.u.component.ContainerLifeCycle - EatWhatYouKill@6d6bc158/SelectorProducer@5dda6f9/IDLE/p=false/JettyConnectorThreadPool[qtp726843606]@2b52c0d6{STARTED,8<=8<=200,i=8,q=0}[ReservedThreadExecutor@452e26d0{s=0/4,p=0}][pc=0,pic=0,pec=0,epc=0]@2020-09-27T17:34:11.547+01:00 added {SelectorProducer@5dda6f9,POJO}
17:34:11.548 [main] DEBUG o.e.j.u.component.ContainerLifeCycle - EatWhatYouKill@6d6bc158/SelectorProducer@5dda6f9/IDLE/p=false/JettyConnectorThreadPool[qtp726843606]@2b52c0d6{STARTED,8<=8<=200,i=8,q=0}[ReservedThreadExecutor@452e26d0{s=0/4,p=0}][pc=0,pic=0,pec=0,epc=0]@2020-09-27T17:34:11.548+01:00 added {JettyConnectorThreadPool[qtp726843606]@2b52c0d6{STARTED,8<=8<=200,i=8,q=0}[ReservedThreadExecutor@452e26d0{s=0/4,p=0}],UNMANAGED}
17:34:11.549 [main] DEBUG o.e.j.u.t.strategy.EatWhatYouKill - EatWhatYouKill@6d6bc158/SelectorProducer@5dda6f9/IDLE/p=false/JettyConnectorThreadPool[qtp726843606]@2b52c0d6{STARTED,8<=8<=200,i=8,q=0}[ReservedThreadExecutor@452e26d0{s=0/4,p=0}][pc=0,pic=0,pec=0,epc=0]@2020-09-27T17:34:11.549+01:00 created
17:34:11.549 [main] DEBUG o.e.j.u.component.ContainerLifeCycle - ManagedSelector@10027fc9{STOPPED} id=1 keys=-1 selected=-1 updates=0 added {EatWhatYouKill@6d6bc158/SelectorProducer@5dda6f9/IDLE/p=false/JettyConnectorThreadPool[qtp726843606]@2b52c0d6{STARTED,8<=8<=200,i=8,q=0}[ReservedThreadExecutor@452e26d0{s=0/4,p=0}][pc=0,pic=0,pec=0,epc=0]@2020-09-27T17:34:11.549+01:00,MANAGED}
17:34:11.553 [main] DEBUG o.e.j.u.component.ContainerLifeCycle - SelectorManager@ServerConnector@27e0f2f5{HTTP/1.1,[http/1.1]}{0.0.0.0:9998} added {ManagedSelector@10027fc9{STOPPED} id=1 keys=-1 selected=-1 updates=0,AUTO}
17:34:11.553 [main] DEBUG o.e.j.u.component.AbstractLifeCycle - starting ManagedSelector@7d373bcf{STOPPED} id=0 keys=-1 selected=-1 updates=0
17:34:11.554 [main] DEBUG o.e.j.u.component.AbstractLifeCycle - starting EatWhatYouKill@1b58ff9e/SelectorProducer@486be205/IDLE/p=false/JettyConnectorThreadPool[qtp726843606]@2b52c0d6{STARTED,8<=8<=200,i=8,q=0}[ReservedThreadExecutor@452e26d0{s=0/4,p=0}][pc=0,pic=0,pec=0,epc=0]@2020-09-27T17:34:11.554+01:00
17:34:11.554 [main] DEBUG o.e.j.u.component.AbstractLifeCycle - STARTED @2206ms EatWhatYouKill@1b58ff9e/SelectorProducer@486be205/IDLE/p=false/JettyConnectorThreadPool[qtp726843606]@2b52c0d6{STARTED,8<=8<=200,i=8,q=0}[ReservedThreadExecutor@452e26d0{s=0/4,p=0}][pc=0,pic=0,pec=0,epc=0]@2020-09-27T17:34:11.554+01:00
17:34:11.564 [main] DEBUG o.e.j.util.thread.QueuedThreadPool - queue org.eclipse.jetty.io.ManagedSelector$$Lambda$175/1736293769@fff25f1
17:34:11.564 [qtp726843606-12] DEBUG o.e.j.util.thread.QueuedThreadPool - run org.eclipse.jetty.io.ManagedSelector$$Lambda$175/1736293769@fff25f1
17:34:11.565 [qtp726843606-12] DEBUG o.e.j.u.t.strategy.EatWhatYouKill - EatWhatYouKill@1b58ff9e/SelectorProducer@486be205/IDLE/p=false/JettyConnectorThreadPool[qtp726843606]@2b52c0d6{STARTED,8<=8<=200,i=7,q=0}[ReservedThreadExecutor@452e26d0{s=0/4,p=0}][pc=0,pic=0,pec=0,epc=0]@2020-09-27T17:34:11.565+01:00 tryProduce false
17:34:11.565 [main] DEBUG org.eclipse.jetty.io.ManagedSelector - Queued change org.eclipse.jetty.io.ManagedSelector$Start@c00fff0 on ManagedSelector@7d373bcf{STARTING} id=0 keys=0 selected=0 updates=0
17:34:11.567 [qtp726843606-12] DEBUG org.eclipse.jetty.io.ManagedSelector - updateable 1
17:34:11.568 [qtp726843606-12] DEBUG org.eclipse.jetty.io.ManagedSelector - update org.eclipse.jetty.io.ManagedSelector$Start@c00fff0
17:34:11.568 [qtp726843606-12] DEBUG org.eclipse.jetty.io.ManagedSelector - updates 0
17:34:11.568 [main] DEBUG o.e.j.u.component.AbstractLifeCycle - STARTED @2220ms ManagedSelector@7d373bcf{STARTED} id=0 keys=0 selected=0 updates=0
17:34:11.568 [qtp726843606-12] DEBUG org.eclipse.jetty.io.ManagedSelector - Selector sun.nio.ch.KQueueSelectorImpl@53e023ce waiting with 0 keys
17:34:11.569 [main] DEBUG o.e.j.u.component.AbstractLifeCycle - starting ManagedSelector@10027fc9{STOPPED} id=1 keys=-1 selected=-1 updates=0
17:34:11.569 [main] DEBUG o.e.j.u.component.AbstractLifeCycle - starting EatWhatYouKill@6d6bc158/SelectorProducer@5dda6f9/IDLE/p=false/JettyConnectorThreadPool[qtp726843606]@2b52c0d6{STARTED,8<=8<=200,i=7,q=0}[ReservedThreadExecutor@452e26d0{s=0/4,p=0}][pc=0,pic=0,pec=0,epc=0]@2020-09-27T17:34:11.569+01:00
17:34:11.570 [main] DEBUG o.e.j.u.component.AbstractLifeCycle - STARTED @2221ms EatWhatYouKill@6d6bc158/SelectorProducer@5dda6f9/IDLE/p=false/JettyConnectorThreadPool[qtp726843606]@2b52c0d6{STARTED,8<=8<=200,i=7,q=0}[ReservedThreadExecutor@452e26d0{s=0/4,p=0}][pc=0,pic=0,pec=0,epc=0]@2020-09-27T17:34:11.57+01:00
17:34:11.570 [main] DEBUG o.e.j.util.thread.QueuedThreadPool - queue org.eclipse.jetty.io.ManagedSelector$$Lambda$175/1736293769@263f04ca
17:34:11.570 [main] DEBUG org.eclipse.jetty.io.ManagedSelector - Queued change org.eclipse.jetty.io.ManagedSelector$Start@2ca47471 on ManagedSelector@10027fc9{STARTING} id=1 keys=0 selected=0 updates=0
17:34:11.570 [qtp726843606-13] DEBUG o.e.j.util.thread.QueuedThreadPool - run org.eclipse.jetty.io.ManagedSelector$$Lambda$175/1736293769@263f04ca
17:34:11.571 [qtp726843606-13] DEBUG o.e.j.u.t.strategy.EatWhatYouKill - EatWhatYouKill@6d6bc158/SelectorProducer@5dda6f9/IDLE/p=false/JettyConnectorThreadPool[qtp726843606]@2b52c0d6{STARTED,8<=8<=200,i=6,q=0}[ReservedThreadExecutor@452e26d0{s=0/4,p=0}][pc=0,pic=0,pec=0,epc=0]@2020-09-27T17:34:11.571+01:00 tryProduce false
17:34:11.571 [qtp726843606-13] DEBUG org.eclipse.jetty.io.ManagedSelector - updateable 1
17:34:11.571 [qtp726843606-13] DEBUG org.eclipse.jetty.io.ManagedSelector - update org.eclipse.jetty.io.ManagedSelector$Start@2ca47471
17:34:11.571 [qtp726843606-13] DEBUG org.eclipse.jetty.io.ManagedSelector - updates 0
17:34:11.571 [qtp726843606-13] DEBUG org.eclipse.jetty.io.ManagedSelector - Selector sun.nio.ch.KQueueSelectorImpl@6c9f5adb waiting with 0 keys
17:34:11.571 [main] DEBUG o.e.j.u.component.AbstractLifeCycle - STARTED @2223ms ManagedSelector@10027fc9{STARTED} id=1 keys=0 selected=0 updates=0
17:34:11.571 [main] DEBUG o.e.j.u.component.AbstractLifeCycle - STARTED @2223ms SelectorManager@ServerConnector@27e0f2f5{HTTP/1.1,[http/1.1]}{0.0.0.0:9998}
17:34:11.573 [main] DEBUG o.e.j.u.component.ContainerLifeCycle - ServerConnector@27e0f2f5{HTTP/1.1,[http/1.1]}{0.0.0.0:9998} added {acceptor-0@f31c0c6,POJO}
17:34:11.573 [main] DEBUG o.e.j.util.thread.QueuedThreadPool - queue acceptor-0@f31c0c6
17:34:11.574 [qtp726843606-14] DEBUG o.e.j.util.thread.QueuedThreadPool - run acceptor-0@f31c0c6
17:34:11.574 [main] INFO  o.e.jetty.server.AbstractConnector - Started ServerConnector@27e0f2f5{HTTP/1.1,[http/1.1]}{0.0.0.0:9998}
17:34:11.574 [main] DEBUG o.e.j.u.component.AbstractLifeCycle - STARTED @2226ms ServerConnector@27e0f2f5{HTTP/1.1,[http/1.1]}{0.0.0.0:9998}
17:34:11.574 [main] INFO  org.eclipse.jetty.server.Server - Started @2226ms
17:34:11.574 [main] DEBUG o.e.j.u.component.AbstractLifeCycle - STARTED @2226ms Server@114a85c2{STARTED}[9.4.17.v20190418]
17:34:11.711 [qtp726843606-14-acceptor-0@f31c0c6-ServerConnector@27e0f2f5{HTTP/1.1,[http/1.1]}{0.0.0.0:9998}] DEBUG org.eclipse.jetty.io.ManagedSelector - Queued change org.eclipse.jetty.io.ManagedSelector$Accept@76a123c0 on ManagedSelector@10027fc9{STARTED} id=1 keys=0 selected=0 updates=0
17:34:11.712 [qtp726843606-14-acceptor-0@f31c0c6-ServerConnector@27e0f2f5{HTTP/1.1,[http/1.1]}{0.0.0.0:9998}] DEBUG org.eclipse.jetty.io.ManagedSelector - Wakeup on submit ManagedSelector@10027fc9{STARTED} id=1 keys=0 selected=0 updates=1
17:34:11.714 [qtp726843606-13] DEBUG org.eclipse.jetty.io.ManagedSelector - Selector sun.nio.ch.KQueueSelectorImpl@6c9f5adb woken with none selected
17:34:11.714 [qtp726843606-13] DEBUG org.eclipse.jetty.io.ManagedSelector - Selector sun.nio.ch.KQueueSelectorImpl@6c9f5adb woken up from select, 0/0/0 selected
17:34:11.714 [qtp726843606-13] DEBUG org.eclipse.jetty.io.ManagedSelector - Selector sun.nio.ch.KQueueSelectorImpl@6c9f5adb processing 0 keys, 1 updates
17:34:11.715 [qtp726843606-13] DEBUG org.eclipse.jetty.io.ManagedSelector - updateable 1
17:34:11.715 [qtp726843606-13] DEBUG org.eclipse.jetty.io.ManagedSelector - update org.eclipse.jetty.io.ManagedSelector$Accept@76a123c0
17:34:11.715 [qtp726843606-13] DEBUG o.e.j.util.thread.QueuedThreadPool - queue org.eclipse.jetty.io.ManagedSelector$Accept@76a123c0
17:34:11.715 [qtp726843606-13] DEBUG org.eclipse.jetty.io.ManagedSelector - updates 0
17:34:11.715 [qtp726843606-15] DEBUG o.e.j.util.thread.QueuedThreadPool - run org.eclipse.jetty.io.ManagedSelector$Accept@76a123c0
17:34:11.716 [qtp726843606-13] DEBUG org.eclipse.jetty.io.ManagedSelector - Selector sun.nio.ch.KQueueSelectorImpl@6c9f5adb waiting with 1 keys
17:34:11.726 [qtp726843606-15] DEBUG org.eclipse.jetty.io.IdleTimeout - SocketChannelEndPoint@3aeaeee4{/127.0.0.1:55182<->/127.0.0.1:9998,OPEN,fill=-,flush=-,to=6/30000}{io=0/0,kio=0,kro=0}-><null> idle timeout check, elapsed: 6 ms, remaining: 29994 ms
17:34:11.735 [qtp726843606-15] DEBUG o.e.jetty.http.PreEncodedHttpField - HttpField encoders loaded: [org.eclipse.jetty.http.Http1FieldPreEncoder@5a455355]
17:34:11.771 [qtp726843606-15] DEBUG org.eclipse.jetty.server.HttpChannel - new HttpChannelOverHttp@3ad9a6c5{r=0,c=false,c=false/false,a=IDLE,uri=null,age=0} -> SocketChannelEndPoint@3aeaeee4{/127.0.0.1:55182<->/127.0.0.1:9998,OPEN,fill=-,flush=-,to=50/30000}{io=0/0,kio=0,kro=0}-><null>,null,HttpChannelState@76272f13{s=IDLE a=NOT_ASYNC i=true r=IDLE w=false}
17:34:11.777 [qtp726843606-15] DEBUG o.e.jetty.server.HttpConnection - New HTTP Connection HttpConnection@767e3836::SocketChannelEndPoint@3aeaeee4{/127.0.0.1:55182<->/127.0.0.1:9998,OPEN,fill=-,flush=-,to=57/30000}{io=0/0,kio=0,kro=0}-><null>
17:34:11.778 [qtp726843606-15] DEBUG o.eclipse.jetty.io.AbstractEndPoint - onOpen SocketChannelEndPoint@3aeaeee4{/127.0.0.1:55182<->/127.0.0.1:9998,OPEN,fill=-,flush=-,to=58/30000}{io=0/0,kio=0,kro=0}->HttpConnection@767e3836[p=HttpParser{s=START,0 of -1},g=HttpGenerator@4a1abee6{s=START}]=>HttpChannelOverHttp@3ad9a6c5{r=0,c=false,c=false/false,a=IDLE,uri=null,age=0}
17:34:11.779 [qtp726843606-15] DEBUG o.e.jetty.io.AbstractConnection - onOpen HttpConnection@767e3836::SocketChannelEndPoint@3aeaeee4{/127.0.0.1:55182<->/127.0.0.1:9998,OPEN,fill=-,flush=-,to=59/30000}{io=0/0,kio=0,kro=0}->HttpConnection@767e3836[p=HttpParser{s=START,0 of -1},g=HttpGenerator@4a1abee6{s=START}]=>HttpChannelOverHttp@3ad9a6c5{r=0,c=false,c=false/false,a=IDLE,uri=null,age=0}
17:34:11.779 [qtp726843606-15] DEBUG o.e.jetty.io.AbstractConnection - fillInterested HttpConnection@767e3836::SocketChannelEndPoint@3aeaeee4{/127.0.0.1:55182<->/127.0.0.1:9998,OPEN,fill=-,flush=-,to=59/30000}{io=0/0,kio=0,kro=0}->HttpConnection@767e3836[p=HttpParser{s=START,0 of -1},g=HttpGenerator@4a1abee6{s=START}]=>HttpChannelOverHttp@3ad9a6c5{r=0,c=false,c=false/false,a=IDLE,uri=null,age=0}
17:34:11.780 [qtp726843606-15] DEBUG org.eclipse.jetty.io.FillInterest - interested FillInterest@4d22901b{AC.ReadCB@767e3836{HttpConnection@767e3836::SocketChannelEndPoint@3aeaeee4{/127.0.0.1:55182<->/127.0.0.1:9998,OPEN,fill=FI,flush=-,to=0/30000}{io=0/0,kio=0,kro=0}->HttpConnection@767e3836[p=HttpParser{s=START,0 of -1},g=HttpGenerator@4a1abee6{s=START}]=>HttpChannelOverHttp@3ad9a6c5{r=0,c=false,c=false/false,a=IDLE,uri=null,age=0}}}
17:34:11.781 [qtp726843606-15] DEBUG org.eclipse.jetty.io.ChannelEndPoint - changeInterests p=false 0->1 for SocketChannelEndPoint@3aeaeee4{/127.0.0.1:55182<->/127.0.0.1:9998,OPEN,fill=FI,flush=-,to=0/30000}{io=0/1,kio=0,kro=0}->HttpConnection@767e3836[p=HttpParser{s=START,0 of -1},g=HttpGenerator@4a1abee6{s=START}]=>HttpChannelOverHttp@3ad9a6c5{r=0,c=false,c=false/false,a=IDLE,uri=null,age=0}
17:34:11.781 [qtp726843606-15] DEBUG org.eclipse.jetty.io.ManagedSelector - Queued change org.eclipse.jetty.io.ChannelEndPoint$1@48af63c3 on ManagedSelector@10027fc9{STARTED} id=1 keys=1 selected=0 updates=0
17:34:11.781 [qtp726843606-15] DEBUG org.eclipse.jetty.io.ManagedSelector - Wakeup on submit ManagedSelector@10027fc9{STARTED} id=1 keys=1 selected=0 updates=1
17:34:11.781 [qtp726843606-13] DEBUG org.eclipse.jetty.io.ManagedSelector - Selector sun.nio.ch.KQueueSelectorImpl@6c9f5adb woken with none selected
17:34:11.781 [qtp726843606-13] DEBUG org.eclipse.jetty.io.ManagedSelector - Selector sun.nio.ch.KQueueSelectorImpl@6c9f5adb woken up from select, 0/0/1 selected
17:34:11.782 [qtp726843606-13] DEBUG org.eclipse.jetty.io.ManagedSelector - Selector sun.nio.ch.KQueueSelectorImpl@6c9f5adb processing 0 keys, 1 updates
17:34:11.782 [qtp726843606-15] DEBUG org.eclipse.jetty.io.ManagedSelector - Created SocketChannelEndPoint@3aeaeee4{/127.0.0.1:55182<->/127.0.0.1:9998,OPEN,fill=FI,flush=-,to=1/30000}{io=0/1,kio=0,kro=0}->HttpConnection@767e3836[p=HttpParser{s=START,0 of -1},g=HttpGenerator@4a1abee6{s=START}]=>HttpChannelOverHttp@3ad9a6c5{r=0,c=false,c=false/false,a=IDLE,uri=null,age=0}
17:34:11.782 [qtp726843606-15] DEBUG o.e.j.util.thread.QueuedThreadPool - ran org.eclipse.jetty.io.ManagedSelector$Accept@76a123c0
17:34:11.782 [qtp726843606-13] DEBUG org.eclipse.jetty.io.ManagedSelector - updateable 1
17:34:11.782 [qtp726843606-13] DEBUG org.eclipse.jetty.io.ManagedSelector - update org.eclipse.jetty.io.ChannelEndPoint$1@48af63c3
17:34:11.783 [qtp726843606-13] DEBUG org.eclipse.jetty.io.ChannelEndPoint - Key interests updated 0 -> 1 on SocketChannelEndPoint@3aeaeee4{/127.0.0.1:55182<->/127.0.0.1:9998,OPEN,fill=FI,flush=-,to=2/30000}{io=1/1,kio=1,kro=0}->HttpConnection@767e3836[p=HttpParser{s=START,0 of -1},g=HttpGenerator@4a1abee6{s=START}]=>HttpChannelOverHttp@3ad9a6c5{r=0,c=false,c=false/false,a=IDLE,uri=null,age=0}
17:34:11.783 [qtp726843606-13] DEBUG org.eclipse.jetty.io.ManagedSelector - updates 0
17:34:11.783 [qtp726843606-13] DEBUG org.eclipse.jetty.io.ManagedSelector - Selector sun.nio.ch.KQueueSelectorImpl@6c9f5adb waiting with 1 keys
17:34:11.783 [qtp726843606-13] DEBUG org.eclipse.jetty.io.ManagedSelector - Selector sun.nio.ch.KQueueSelectorImpl@6c9f5adb woken up from select, 1/1/1 selected
17:34:11.783 [qtp726843606-13] DEBUG org.eclipse.jetty.io.ManagedSelector - Selector sun.nio.ch.KQueueSelectorImpl@6c9f5adb processing 1 keys, 0 updates
17:34:11.784 [qtp726843606-13] DEBUG org.eclipse.jetty.io.ManagedSelector - selected 1 sun.nio.ch.SelectionKeyImpl@666731ab SocketChannelEndPoint@3aeaeee4{/127.0.0.1:55182<->/127.0.0.1:9998,OPEN,fill=FI,flush=-,to=3/30000}{io=1/1,kio=1,kro=1}->HttpConnection@767e3836[p=HttpParser{s=START,0 of -1},g=HttpGenerator@4a1abee6{s=START}]=>HttpChannelOverHttp@3ad9a6c5{r=0,c=false,c=false/false,a=IDLE,uri=null,age=0} 
17:34:11.784 [qtp726843606-13] DEBUG org.eclipse.jetty.io.ChannelEndPoint - onSelected 1->0 r=true w=false for SocketChannelEndPoint@3aeaeee4{/127.0.0.1:55182<->/127.0.0.1:9998,OPEN,fill=FI,flush=-,to=4/30000}{io=1/0,kio=1,kro=1}->HttpConnection@767e3836[p=HttpParser{s=START,0 of -1},g=HttpGenerator@4a1abee6{s=START}]=>HttpChannelOverHttp@3ad9a6c5{r=0,c=false,c=false/false,a=IDLE,uri=null,age=0}
17:34:11.785 [qtp726843606-13] DEBUG org.eclipse.jetty.io.ChannelEndPoint - task CEP:SocketChannelEndPoint@3aeaeee4{/127.0.0.1:55182<->/127.0.0.1:9998,OPEN,fill=FI,flush=-,to=4/30000}{io=1/0,kio=1,kro=1}->HttpConnection@767e3836[p=HttpParser{s=START,0 of -1},g=HttpGenerator@4a1abee6{s=START}]=>HttpChannelOverHttp@3ad9a6c5{r=0,c=false,c=false/false,a=IDLE,uri=null,age=0}:runFillable:BLOCKING
17:34:11.785 [qtp726843606-13] DEBUG o.e.j.u.t.ReservedThreadExecutor - ReservedThreadExecutor@452e26d0{s=0/4,p=0} tryExecute EatWhatYouKill@6d6bc158/SelectorProducer@5dda6f9/PRODUCING/p=false/JettyConnectorThreadPool[qtp726843606]@2b52c0d6{STARTED,8<=8<=200,i=5,q=0}[ReservedThreadExecutor@452e26d0{s=0/4,p=0}][pc=0,pic=0,pec=0,epc=0]@2020-09-27T17:34:11.785+01:00
17:34:11.785 [qtp726843606-13] DEBUG o.e.j.u.t.ReservedThreadExecutor - ReservedThreadExecutor@452e26d0{s=0/4,p=1} startReservedThread p=1
17:34:11.786 [qtp726843606-13] DEBUG o.e.j.util.thread.QueuedThreadPool - queue ReservedThreadExecutor@452e26d0{s=0/4,p=1}@128c02d0
17:34:11.787 [qtp726843606-16] DEBUG o.e.j.util.thread.QueuedThreadPool - run ReservedThreadExecutor@452e26d0{s=0/4,p=1}@128c02d0
17:34:11.787 [qtp726843606-16] DEBUG o.e.j.u.t.ReservedThreadExecutor - ReservedThreadExecutor@452e26d0{s=1/4,p=1}@128c02d0 started
17:34:11.787 [qtp726843606-16] DEBUG o.e.j.u.t.ReservedThreadExecutor - ReservedThreadExecutor@452e26d0{s=1/4,p=0}@128c02d0 waiting
17:34:11.788 [qtp726843606-13] DEBUG o.e.j.u.t.strategy.EatWhatYouKill - EatWhatYouKill@6d6bc158/SelectorProducer@5dda6f9/PRODUCING/p=false/JettyConnectorThreadPool[qtp726843606]@2b52c0d6{STARTED,8<=8<=200,i=4,q=0}[ReservedThreadExecutor@452e26d0{s=1/4,p=1}][pc=0,pic=0,pec=0,epc=0]@2020-09-27T17:34:11.787+01:00 m=PRODUCE_EXECUTE_CONSUME t=CEP:SocketChannelEndPoint@3aeaeee4{/127.0.0.1:55182<->/127.0.0.1:9998,OPEN,fill=FI,flush=-,to=7/30000}{io=1/0,kio=1,kro=1}->HttpConnection@767e3836[p=HttpParser{s=START,0 of -1},g=HttpGenerator@4a1abee6{s=START}]=>HttpChannelOverHttp@3ad9a6c5{r=0,c=false,c=false/false,a=IDLE,uri=null,age=0}:runFillable:BLOCKING/BLOCKING
17:34:11.788 [qtp726843606-13] DEBUG o.e.j.util.thread.QueuedThreadPool - queue CEP:SocketChannelEndPoint@3aeaeee4{/127.0.0.1:55182<->/127.0.0.1:9998,OPEN,fill=FI,flush=-,to=8/30000}{io=1/0,kio=1,kro=1}->HttpConnection@767e3836[p=HttpParser{s=START,0 of -1},g=HttpGenerator@4a1abee6{s=START}]=>HttpChannelOverHttp@3ad9a6c5{r=0,c=false,c=false/false,a=IDLE,uri=null,age=0}:runFillable:BLOCKING
17:34:11.788 [qtp726843606-13] DEBUG org.eclipse.jetty.io.ManagedSelector - updateable 0
17:34:11.788 [qtp726843606-13] DEBUG org.eclipse.jetty.io.ManagedSelector - updates 0
17:34:11.789 [qtp726843606-17] DEBUG o.e.j.util.thread.QueuedThreadPool - run CEP:SocketChannelEndPoint@3aeaeee4{/127.0.0.1:55182<->/127.0.0.1:9998,OPEN,fill=FI,flush=-,to=8/30000}{io=1/0,kio=1,kro=1}->HttpConnection@767e3836[p=HttpParser{s=START,0 of -1},g=HttpGenerator@4a1abee6{s=START}]=>HttpChannelOverHttp@3ad9a6c5{r=0,c=false,c=false/false,a=IDLE,uri=null,age=0}:runFillable:BLOCKING
17:34:11.789 [qtp726843606-17] DEBUG org.eclipse.jetty.io.FillInterest - fillable FillInterest@4d22901b{AC.ReadCB@767e3836{HttpConnection@767e3836::SocketChannelEndPoint@3aeaeee4{/127.0.0.1:55182<->/127.0.0.1:9998,OPEN,fill=FI,flush=-,to=9/30000}{io=1/0,kio=1,kro=1}->HttpConnection@767e3836[p=HttpParser{s=START,0 of -1},g=HttpGenerator@4a1abee6{s=START}]=>HttpChannelOverHttp@3ad9a6c5{r=0,c=false,c=false/false,a=IDLE,uri=null,age=0}}}
17:34:11.790 [qtp726843606-13] DEBUG org.eclipse.jetty.io.ChannelEndPoint - Key interests updated 1 -> 0 on SocketChannelEndPoint@3aeaeee4{/127.0.0.1:55182<->/127.0.0.1:9998,OPEN,fill=FI,flush=-,to=9/30000}{io=0/0,kio=0,kro=1}->HttpConnection@767e3836[p=HttpParser{s=START,0 of -1},g=HttpGenerator@4a1abee6{s=START}]=>HttpChannelOverHttp@3ad9a6c5{r=0,c=false,c=false/false,a=IDLE,uri=null,age=0}
17:34:11.790 [qtp726843606-17] DEBUG o.e.jetty.server.HttpConnection - HttpConnection@767e3836::SocketChannelEndPoint@3aeaeee4{/127.0.0.1:55182<->/127.0.0.1:9998,OPEN,fill=-,flush=-,to=9/30000}{io=0/0,kio=0,kro=1}->HttpConnection@767e3836[p=HttpParser{s=START,0 of -1},g=HttpGenerator@4a1abee6{s=START}]=>HttpChannelOverHttp@3ad9a6c5{r=0,c=false,c=false/false,a=IDLE,uri=null,age=0} onFillable enter HttpChannelState@76272f13{s=IDLE a=NOT_ASYNC i=true r=IDLE w=false} null
17:34:11.790 [qtp726843606-13] DEBUG org.eclipse.jetty.io.ManagedSelector - Selector sun.nio.ch.KQueueSelectorImpl@6c9f5adb waiting with 1 keys
17:34:11.797 [qtp726843606-17] DEBUG org.eclipse.jetty.io.ChannelEndPoint - filled 306 HeapByteBuffer@6bab1efc[p=0,l=306,c=8192,r=306]={<<<PUT /contact HTTP...+39 23 123456"}>>>\x00\x00\x00\x00\x00\x00\x00\x00\x00\x00\x00\x00\x00\x00\x00\x00\x00...\x00\x00\x00\x00\x00\x00\x00\x00\x00\x00\x00\x00\x00\x00\x00}
17:34:11.798 [qtp726843606-17] DEBUG o.e.jetty.server.HttpConnection - HttpConnection@767e3836::SocketChannelEndPoint@3aeaeee4{/127.0.0.1:55182<->/127.0.0.1:9998,OPEN,fill=-,flush=-,to=4/30000}{io=0/0,kio=0,kro=1}->HttpConnection@767e3836[p=HttpParser{s=START,0 of -1},g=HttpGenerator@4a1abee6{s=START}]=>HttpChannelOverHttp@3ad9a6c5{r=0,c=false,c=false/false,a=IDLE,uri=null,age=0} filled 306 HeapByteBuffer@6bab1efc[p=0,l=306,c=8192,r=306]={<<<PUT /contact HTTP...+39 23 123456"}>>>\x00\x00\x00\x00\x00\x00\x00\x00\x00\x00\x00\x00\x00\x00\x00\x00\x00...\x00\x00\x00\x00\x00\x00\x00\x00\x00\x00\x00\x00\x00\x00\x00}
17:34:11.798 [qtp726843606-17] DEBUG o.e.jetty.server.HttpConnection - HttpConnection@767e3836::SocketChannelEndPoint@3aeaeee4{/127.0.0.1:55182<->/127.0.0.1:9998,OPEN,fill=-,flush=-,to=5/30000}{io=0/0,kio=0,kro=1}->HttpConnection@767e3836[p=HttpParser{s=START,0 of -1},g=HttpGenerator@4a1abee6{s=START}]=>HttpChannelOverHttp@3ad9a6c5{r=0,c=false,c=false/false,a=IDLE,uri=null,age=0} parse HeapByteBuffer@6bab1efc[p=0,l=306,c=8192,r=306]={<<<PUT /contact HTTP...+39 23 123456"}>>>\x00\x00\x00\x00\x00\x00\x00\x00\x00\x00\x00\x00\x00\x00\x00\x00\x00...\x00\x00\x00\x00\x00\x00\x00\x00\x00\x00\x00\x00\x00\x00\x00} {}
17:34:11.798 [qtp726843606-17] DEBUG org.eclipse.jetty.http.HttpParser - parseNext s=START HeapByteBuffer@6bab1efc[p=0,l=306,c=8192,r=306]={<<<PUT /contact HTTP...+39 23 123456"}>>>\x00\x00\x00\x00\x00\x00\x00\x00\x00\x00\x00\x00\x00\x00\x00\x00\x00...\x00\x00\x00\x00\x00\x00\x00\x00\x00\x00\x00\x00\x00\x00\x00}
17:34:11.799 [qtp726843606-17] DEBUG org.eclipse.jetty.http.HttpParser - START --> SPACE1
17:34:11.802 [qtp726843606-17] DEBUG org.eclipse.jetty.http.HttpParser - SPACE1 --> URI
17:34:11.802 [qtp726843606-17] DEBUG org.eclipse.jetty.http.HttpParser - URI --> SPACE2
17:34:11.802 [qtp726843606-17] DEBUG org.eclipse.jetty.http.HttpParser - SPACE2 --> REQUEST_VERSION
17:34:11.802 [qtp726843606-17] DEBUG org.eclipse.jetty.http.HttpParser - REQUEST_VERSION --> HEADER
17:34:11.803 [qtp726843606-17] DEBUG org.eclipse.jetty.http.HttpParser - HEADER:Content-Type: application/json --> IN_VALUE
17:34:11.803 [qtp726843606-17] DEBUG org.eclipse.jetty.http.HttpParser - HEADER:Content-Type: application/json --> FIELD
17:34:11.804 [qtp726843606-17] DEBUG org.eclipse.jetty.http.HttpParser - HEADER:User-Agent --> VALUE
17:34:11.804 [qtp726843606-17] DEBUG org.eclipse.jetty.http.HttpParser - HEADER:User-Agent --> IN_VALUE
17:34:11.804 [qtp726843606-17] DEBUG org.eclipse.jetty.http.HttpParser - HEADER:User-Agent --> FIELD
17:34:11.804 [qtp726843606-17] DEBUG org.eclipse.jetty.http.HttpParser - HEADER:Host --> VALUE
17:34:11.804 [qtp726843606-17] DEBUG org.eclipse.jetty.http.HttpParser - HEADER:Host --> IN_VALUE
17:34:11.804 [qtp726843606-17] DEBUG org.eclipse.jetty.http.HttpParser - HEADER:Host --> FIELD
17:34:11.806 [qtp726843606-17] DEBUG org.eclipse.jetty.http.HttpParser - HEADER:Accept --> VALUE
17:34:11.806 [qtp726843606-17] DEBUG org.eclipse.jetty.http.HttpParser - HEADER:Accept --> IN_VALUE
17:34:11.806 [qtp726843606-17] DEBUG org.eclipse.jetty.http.HttpParser - HEADER:Accept --> FIELD
17:34:11.806 [qtp726843606-17] DEBUG org.eclipse.jetty.http.HttpParser - HEADER:Connection: keep-alive --> IN_VALUE
17:34:11.806 [qtp726843606-17] DEBUG org.eclipse.jetty.http.HttpParser - HEADER:Connection: keep-alive --> FIELD
17:34:11.810 [qtp726843606-17] DEBUG org.eclipse.jetty.http.HttpParser - HEADER:Content-Length --> VALUE
17:34:11.810 [qtp726843606-17] DEBUG org.eclipse.jetty.http.HttpParser - HEADER:Content-Length --> IN_VALUE
17:34:11.810 [qtp726843606-17] DEBUG org.eclipse.jetty.http.HttpParser - HEADER:Content-Length --> FIELD
17:34:11.810 [qtp726843606-17] DEBUG org.eclipse.jetty.http.HttpParser - HEADER --> CONTENT
17:34:11.816 [qtp726843606-17] DEBUG org.eclipse.jetty.server.HttpChannel - REQUEST for //localhost:9998/contact on HttpChannelOverHttp@3ad9a6c5{r=1,c=false,c=false/false,a=IDLE,uri=//localhost:9998/contact,age=3}
PUT //localhost:9998/contact HTTP/1.1
Content-Type: application/json
User-Agent: Jersey/2.30.1 (HttpUrlConnection 1.8.0_261)
Host: localhost:9998
Accept: text/html, image/gif, image/jpeg, *; q=.2, */*; q=.2
Connection: keep-alive
Content-Length: 64


17:34:11.816 [qtp726843606-17] DEBUG o.e.jetty.server.HttpConnection - HttpConnection@767e3836::SocketChannelEndPoint@3aeaeee4{/127.0.0.1:55182<->/127.0.0.1:9998,OPEN,fill=-,flush=-,to=23/30000}{io=0/0,kio=0,kro=1}->HttpConnection@767e3836[p=HttpParser{s=CONTENT,0 of 64},g=HttpGenerator@4a1abee6{s=START}]=>HttpChannelOverHttp@3ad9a6c5{r=1,c=false,c=false/false,a=IDLE,uri=//localhost:9998/contact,age=6} parsed true HttpParser{s=CONTENT,0 of 64}
17:34:11.816 [qtp726843606-17] DEBUG org.eclipse.jetty.server.HttpChannel - HttpChannelOverHttp@3ad9a6c5{r=1,c=false,c=false/false,a=IDLE,uri=//localhost:9998/contact,age=6} handle //localhost:9998/contact 
17:34:11.817 [qtp726843606-17] DEBUG o.e.jetty.server.HttpChannelState - handling HttpChannelState@76272f13{s=IDLE a=NOT_ASYNC i=true r=IDLE w=false}
17:34:11.818 [qtp726843606-17] DEBUG org.eclipse.jetty.server.HttpChannel - HttpChannelOverHttp@3ad9a6c5{r=1,c=false,c=false/false,a=DISPATCHED,uri=//localhost:9998/contact,age=8} action DISPATCH
17:34:11.820 [qtp726843606-17] DEBUG org.eclipse.jetty.server.Server - REQUEST PUT /contact on HttpChannelOverHttp@3ad9a6c5{r=1,c=false,c=false/false,a=DISPATCHED,uri=//localhost:9998/contact,age=10}
17:34:12.085 [qtp726843606-17] DEBUG o.e.jetty.server.HttpConnection - HttpConnection@767e3836::SocketChannelEndPoint@3aeaeee4{/127.0.0.1:55182<->/127.0.0.1:9998,OPEN,fill=-,flush=-,to=292/30000}{io=0/0,kio=0,kro=1}->HttpConnection@767e3836[p=HttpParser{s=CONTENT,0 of 64},g=HttpGenerator@4a1abee6{s=START}]=>HttpChannelOverHttp@3ad9a6c5{r=1,c=false,c=false/false,a=DISPATCHED,uri=//localhost:9998/contact,age=275} parse HeapByteBuffer@6bab1efc[p=242,l=306,c=8192,r=64]={PUT /contact HTTP...-Length: 64\r\n\r\n<<<{"firstName":"Ric...+39 23 123456"}>>>\x00\x00\x00\x00\x00\x00\x00\x00\x00\x00\x00\x00\x00\x00\x00\x00\x00...\x00\x00\x00\x00\x00\x00\x00\x00\x00\x00\x00\x00\x00\x00\x00} {}
17:34:12.086 [qtp726843606-17] DEBUG org.eclipse.jetty.http.HttpParser - parseNext s=CONTENT HeapByteBuffer@6bab1efc[p=242,l=306,c=8192,r=64]={PUT /contact HTTP...-Length: 64\r\n\r\n<<<{"firstName":"Ric...+39 23 123456"}>>>\x00\x00\x00\x00\x00\x00\x00\x00\x00\x00\x00\x00\x00\x00\x00\x00\x00...\x00\x00\x00\x00\x00\x00\x00\x00\x00\x00\x00\x00\x00\x00\x00}
17:34:12.086 [qtp726843606-17] DEBUG org.eclipse.jetty.server.HttpChannel - HttpChannelOverHttp@3ad9a6c5{r=1,c=false,c=false/false,a=DISPATCHED,uri=//localhost:9998/contact,age=276} onContent Content@69d906e3{HeapByteBufferR@16f93809[p=242,l=306,c=8192,r=64]={PUT /contact HTTP...-Length: 64\r\n\r\n<<<{"firstName":"Ric...+39 23 123456"}>>>\x00\x00\x00\x00\x00\x00\x00\x00\x00\x00\x00\x00\x00\x00\x00\x00\x00...\x00\x00\x00\x00\x00\x00\x00\x00\x00\x00\x00\x00\x00\x00\x00}}
17:34:12.088 [qtp726843606-17] DEBUG org.eclipse.jetty.server.HttpInput - HttpInputOverHTTP@6b1065ac[c=0,q=0,[0]=null,s=STREAM] addContent Content@69d906e3{HeapByteBufferR@16f93809[p=242,l=306,c=8192,r=64]={PUT /contact HTTP...-Length: 64\r\n\r\n<<<{"firstName":"Ric...+39 23 123456"}>>>\x00\x00\x00\x00\x00\x00\x00\x00\x00\x00\x00\x00\x00\x00\x00\x00\x00...\x00\x00\x00\x00\x00\x00\x00\x00\x00\x00\x00\x00\x00\x00\x00}}
17:34:12.088 [qtp726843606-17] DEBUG org.eclipse.jetty.http.HttpParser - CONTENT --> END
17:34:12.088 [qtp726843606-17] DEBUG org.eclipse.jetty.server.HttpChannel - HttpChannelOverHttp@3ad9a6c5{r=1,c=false,c=false/false,a=DISPATCHED,uri=//localhost:9998/contact,age=278} onContentComplete
17:34:12.089 [qtp726843606-17] DEBUG org.eclipse.jetty.server.HttpChannel - HttpChannelOverHttp@3ad9a6c5{r=1,c=false,c=false/false,a=DISPATCHED,uri=//localhost:9998/contact,age=279} onRequestComplete
17:34:12.089 [qtp726843606-17] DEBUG org.eclipse.jetty.server.HttpInput - HttpInputOverHTTP@6b1065ac[c=0,q=1,[0]=EOF,s=STREAM] addContent EOF
17:34:12.090 [qtp726843606-17] DEBUG o.e.jetty.server.HttpConnection - HttpConnection@767e3836::SocketChannelEndPoint@3aeaeee4{/127.0.0.1:55182<->/127.0.0.1:9998,OPEN,fill=-,flush=-,to=297/30000}{io=0/0,kio=0,kro=1}->HttpConnection@767e3836[p=HttpParser{s=END,64 of 64},g=HttpGenerator@4a1abee6{s=START}]=>HttpChannelOverHttp@3ad9a6c5{r=1,c=false,c=false/false,a=DISPATCHED,uri=//localhost:9998/contact,age=280} parsed false HttpParser{s=END,64 of 64}
17:34:12.091 [qtp726843606-17] DEBUG org.eclipse.jetty.server.HttpInput - HttpInputOverHTTP@6b1065ac[c=64,q=1,[0]=EOF,s=STREAM] read 64 from Content@69d906e3{HeapByteBufferR@16f93809[p=306,l=306,c=8192,r=0]={PUT /contact HTTP...+39 23 123456"}<<<>>>\x00\x00\x00\x00\x00\x00\x00\x00\x00\x00\x00\x00\x00\x00\x00\x00\x00...\x00\x00\x00\x00\x00\x00\x00\x00\x00\x00\x00\x00\x00\x00\x00}}
17:34:12.091 [qtp726843606-17] DEBUG o.e.jetty.server.HttpConnection - releaseRequestBuffer HttpConnection@767e3836::SocketChannelEndPoint@3aeaeee4{/127.0.0.1:55182<->/127.0.0.1:9998,OPEN,fill=-,flush=-,to=298/30000}{io=0/0,kio=0,kro=1}->HttpConnection@767e3836[p=HttpParser{s=END,64 of 64},g=HttpGenerator@4a1abee6{s=START}]=>HttpChannelOverHttp@3ad9a6c5{r=1,c=false,c=false/false,a=DISPATCHED,uri=//localhost:9998/contact,age=281}
17:34:12.339 [qtp726843606-17] DEBUG org.eclipse.jetty.server.HttpChannel - sendResponse info=null content=HeapByteBuffer@7c203415[p=0,l=0,c=0,r=0]={<<<>>>} complete=true committing=true callback=Blocker@176d60bf{null}
17:34:12.340 [qtp726843606-17] DEBUG org.eclipse.jetty.server.HttpChannel - COMMIT for /contact on HttpChannelOverHttp@3ad9a6c5{r=1,c=true,c=false/false,a=DISPATCHED,uri=//localhost:9998/contact,age=529}
400 Bad Request HTTP/1.1
Date: Sun, 27 Sep 2020 16:34:11 GMT
Content-Length: 0


17:34:12.350 [qtp726843606-17] DEBUG o.e.jetty.server.HttpConnection - org.eclipse.jetty.server.HttpConnection$SendCallback@2a2fd047[PROCESSING][i=HTTP/1.1{s=400,h=2,cl=0},cb=org.eclipse.jetty.server.HttpChannel$SendCallback@236abfd2] generate: NEED_HEADER (null,[p=0,l=0,c=0,r=0],true)@START
17:34:12.352 [qtp726843606-17] DEBUG org.eclipse.jetty.http.HttpGenerator - generateHeaders HTTP/1.1{s=400,h=2,cl=0} last=true content=HeapByteBuffer@7c203415[p=0,l=0,c=0,r=0]={<<<>>>}
17:34:12.352 [qtp726843606-17] DEBUG org.eclipse.jetty.http.HttpGenerator - Date: Sun, 27 Sep 2020 16:34:11 GMT
Content-Length: 0


17:34:12.425 [qtp726843606-17] DEBUG org.eclipse.jetty.http.HttpGenerator - CONTENT_LENGTH
17:34:12.426 [qtp726843606-17] DEBUG o.e.jetty.server.HttpConnection - org.eclipse.jetty.server.HttpConnection$SendCallback@2a2fd047[PROCESSING][i=HTTP/1.1{s=400,h=2,cl=0},cb=org.eclipse.jetty.server.HttpChannel$SendCallback@236abfd2] generate: FLUSH ([p=0,l=117,c=8192,r=117],[p=0,l=0,c=0,r=0],true)@COMPLETING
17:34:12.426 [qtp726843606-17] DEBUG org.eclipse.jetty.io.WriteFlusher - write: WriteFlusher@285e9b1f{IDLE}->null [HeapByteBuffer@6bab1efc[p=0,l=117,c=8192,r=117]={<<<HTTP/1.1 400 Bad ....v20190418)\r\n\r\n>>> localhost:9998\r\n...\x00\x00\x00\x00\x00\x00\x00\x00\x00\x00\x00\x00\x00\x00\x00}]
17:34:12.426 [qtp726843606-17] DEBUG org.eclipse.jetty.io.WriteFlusher - update WriteFlusher@285e9b1f{WRITING}->null:IDLE-->WRITING
17:34:12.431 [qtp726843606-17] DEBUG org.eclipse.jetty.io.ChannelEndPoint - flushed 117 SocketChannelEndPoint@3aeaeee4{/127.0.0.1:55182<->/127.0.0.1:9998,OPEN,fill=-,flush=W,to=635/30000}{io=0/0,kio=0,kro=1}->HttpConnection@767e3836[p=HttpParser{s=END,64 of 64},g=HttpGenerator@4a1abee6{s=COMPLETING}]=>HttpChannelOverHttp@3ad9a6c5{r=1,c=true,c=false/false,a=DISPATCHED,uri=//localhost:9998/contact,age=621}
17:34:12.431 [qtp726843606-17] DEBUG org.eclipse.jetty.io.WriteFlusher - Flushed=true written=117 remaining=0 WriteFlusher@285e9b1f{WRITING}->null
17:34:12.432 [qtp726843606-17] DEBUG org.eclipse.jetty.io.WriteFlusher - update WriteFlusher@285e9b1f{IDLE}->null:WRITING-->IDLE
17:34:12.432 [qtp726843606-17] DEBUG o.e.jetty.server.HttpConnection - org.eclipse.jetty.server.HttpConnection$SendCallback@2a2fd047[PROCESSING][i=HTTP/1.1{s=400,h=2,cl=0},cb=org.eclipse.jetty.server.HttpChannel$SendCallback@236abfd2] generate: DONE ([p=117,l=117,c=8192,r=0],[p=0,l=0,c=0,r=0],true)@END
17:34:12.437 [main] DEBUG o.e.j.u.component.AbstractLifeCycle - stopping Server@114a85c2{STARTED}[9.4.17.v20190418]
17:34:12.437 [main] DEBUG org.eclipse.jetty.server.Server - doStop Server@114a85c2{STOPPING}[9.4.17.v20190418]
17:34:12.438 [qtp726843606-17] DEBUG org.eclipse.jetty.server.Server - handled=true async=false committed=true on HttpChannelOverHttp@3ad9a6c5{r=1,c=true,c=false/true,a=DISPATCHED,uri=//localhost:9998/contact,age=628}
17:34:12.439 [qtp726843606-14] DEBUG o.e.j.util.thread.QueuedThreadPool - ran qtp726843606-14-acceptor-0@f31c0c6-ServerConnector@27e0f2f5{HTTP/1.1,[http/1.1]}{0.0.0.0:9998}
17:34:12.439 [qtp726843606-17] DEBUG o.e.jetty.server.HttpChannelState - unhandle HttpChannelState@76272f13{s=DISPATCHED a=NOT_ASYNC i=true r=IDLE w=false}
17:34:12.440 [qtp726843606-17] DEBUG org.eclipse.jetty.server.HttpChannel - HttpChannelOverHttp@3ad9a6c5{r=1,c=true,c=false/true,a=COMPLETING,uri=//localhost:9998/contact,age=630} action COMPLETE
17:34:12.440 [qtp726843606-17] DEBUG o.e.jetty.server.HttpChannelState - onComplete HttpChannelState@76272f13{s=COMPLETING a=NOT_ASYNC i=false r=IDLE w=false}
17:34:12.440 [qtp726843606-17] DEBUG org.eclipse.jetty.server.HttpChannel - COMPLETE for /contact written=0
17:34:12.443 [main] DEBUG o.e.j.s.h.AbstractHandlerContainer - Graceful shutdown Server@114a85c2{STOPPING}[9.4.17.v20190418] by 
17:34:12.444 [main] DEBUG o.e.j.u.component.AbstractLifeCycle - stopping ServerConnector@27e0f2f5{HTTP/1.1,[http/1.1]}{0.0.0.0:9998}
17:34:12.445 [main] DEBUG o.e.j.u.component.AbstractLifeCycle - stopping SelectorManager@ServerConnector@27e0f2f5{HTTP/1.1,[http/1.1]}{0.0.0.0:9998}
17:34:12.445 [main] DEBUG o.e.j.u.component.AbstractLifeCycle - stopping ManagedSelector@10027fc9{STARTED} id=1 keys=1 selected=0 updates=0
17:34:12.446 [main] DEBUG org.eclipse.jetty.io.ManagedSelector - Queued change org.eclipse.jetty.io.ManagedSelector$CloseConnections@2a415aa9 on ManagedSelector@10027fc9{STOPPING} id=1 keys=1 selected=0 updates=0
17:34:12.446 [main] DEBUG org.eclipse.jetty.io.ManagedSelector - Wakeup on submit ManagedSelector@10027fc9{STOPPING} id=1 keys=1 selected=0 updates=1
17:34:12.446 [qtp726843606-13] DEBUG org.eclipse.jetty.io.ManagedSelector - Selector sun.nio.ch.KQueueSelectorImpl@6c9f5adb woken with none selected
17:34:12.446 [qtp726843606-13] DEBUG org.eclipse.jetty.io.ManagedSelector - Selector sun.nio.ch.KQueueSelectorImpl@6c9f5adb woken up from select, 0/0/1 selected
17:34:12.446 [qtp726843606-13] DEBUG org.eclipse.jetty.io.ManagedSelector - Selector sun.nio.ch.KQueueSelectorImpl@6c9f5adb processing 0 keys, 1 updates
17:34:12.446 [qtp726843606-13] DEBUG org.eclipse.jetty.io.ManagedSelector - updateable 1
17:34:12.446 [qtp726843606-13] DEBUG org.eclipse.jetty.io.ManagedSelector - update org.eclipse.jetty.io.ManagedSelector$CloseConnections@2a415aa9
17:34:12.447 [qtp726843606-13] DEBUG org.eclipse.jetty.io.ManagedSelector - Closing 1 connections on ManagedSelector@10027fc9{STOPPING} id=1 keys=1 selected=0 updates=0
17:34:12.448 [qtp726843606-13] DEBUG o.eclipse.jetty.io.AbstractEndPoint - close SocketChannelEndPoint@3aeaeee4{/127.0.0.1:55182<->/127.0.0.1:9998,OPEN,fill=-,flush=-,to=16/30000}{io=0/0,kio=0,kro=1}->HttpConnection@767e3836[p=HttpParser{s=END,64 of 64},g=HttpGenerator@4a1abee6{s=END}]=>HttpChannelOverHttp@3ad9a6c5{r=1,c=false,c=true/false,a=COMPLETED,uri=null,age=637}
17:34:12.448 [qtp726843606-13] DEBUG o.eclipse.jetty.io.AbstractEndPoint - close(null) SocketChannelEndPoint@3aeaeee4{/127.0.0.1:55182<->/127.0.0.1:9998,OPEN,fill=-,flush=-,to=17/30000}{io=0/0,kio=0,kro=1}->HttpConnection@767e3836[p=HttpParser{s=END,64 of 64},g=HttpGenerator@4a1abee6{s=END}]=>HttpChannelOverHttp@3ad9a6c5{r=1,c=false,c=true/false,a=COMPLETED,uri=null,age=638}
17:34:12.448 [qtp726843606-13] DEBUG org.eclipse.jetty.io.ChannelEndPoint - doClose SocketChannelEndPoint@3aeaeee4{/127.0.0.1:55182<->/127.0.0.1:9998,CLOSED,fill=-,flush=-,to=17/30000}{io=0/0,kio=0,kro=1}->HttpConnection@767e3836[p=HttpParser{s=END,64 of 64},g=HttpGenerator@4a1abee6{s=END}]=>HttpChannelOverHttp@3ad9a6c5{r=1,c=false,c=true/false,a=COMPLETED,uri=null,age=638}
17:34:12.449 [qtp726843606-17] DEBUG o.e.jetty.server.HttpChannelState - recycle HttpChannelState@76272f13{s=COMPLETED a=NOT_ASYNC i=false r=IDLE w=false}
17:34:12.450 [qtp726843606-17] DEBUG org.eclipse.jetty.http.HttpParser - reset HttpParser{s=END,64 of 64}
17:34:12.450 [qtp726843606-17] DEBUG org.eclipse.jetty.http.HttpParser - END --> START
17:34:12.450 [qtp726843606-17] DEBUG org.eclipse.jetty.server.HttpChannel - HttpChannelOverHttp@3ad9a6c5{r=1,c=false,c=false/false,a=IDLE,uri=null,age=0} handle exit, result COMPLETE
17:34:12.451 [qtp726843606-17] DEBUG o.e.jetty.server.HttpConnection - HttpConnection@767e3836::SocketChannelEndPoint@3aeaeee4{/127.0.0.1:55182<->/127.0.0.1:9998,CLOSED,fill=-,flush=-,to=19/30000}{io=0/0,kio=-1,kro=-1}->HttpConnection@767e3836[p=HttpParser{s=START,0 of -1},g=HttpGenerator@4a1abee6{s=START}]=>HttpChannelOverHttp@3ad9a6c5{r=1,c=false,c=false/false,a=IDLE,uri=null,age=0} onFillable exit HttpChannelState@76272f13{s=IDLE a=NOT_ASYNC i=true r=IDLE w=false} null
17:34:12.452 [qtp726843606-17] DEBUG o.e.j.util.thread.QueuedThreadPool - ran CEP:SocketChannelEndPoint@3aeaeee4{/127.0.0.1:55182<->/127.0.0.1:9998,CLOSED,fill=-,flush=-,to=20/30000}{io=0/0,kio=-1,kro=-1}->HttpConnection@767e3836[p=HttpParser{s=START,0 of -1},g=HttpGenerator@4a1abee6{s=START}]=>HttpChannelOverHttp@3ad9a6c5{r=1,c=false,c=false/false,a=IDLE,uri=null,age=0}:runFillable:BLOCKING
17:34:12.452 [qtp726843606-13] DEBUG org.eclipse.jetty.io.WriteFlusher - ignored: WriteFlusher@285e9b1f{IDLE}->null
java.nio.channels.ClosedChannelException: null
	at org.eclipse.jetty.io.WriteFlusher.onClose(WriteFlusher.java:492)
	at org.eclipse.jetty.io.AbstractEndPoint.onClose(AbstractEndPoint.java:353)
	at org.eclipse.jetty.io.ChannelEndPoint.onClose(ChannelEndPoint.java:215)
	at org.eclipse.jetty.io.AbstractEndPoint.doOnClose(AbstractEndPoint.java:225)
	at org.eclipse.jetty.io.AbstractEndPoint.close(AbstractEndPoint.java:192)
	at org.eclipse.jetty.io.AbstractEndPoint.close(AbstractEndPoint.java:175)
	at org.eclipse.jetty.io.AbstractConnection.close(AbstractConnection.java:248)
	at org.eclipse.jetty.io.ManagedSelector.closeNoExceptions(ManagedSelector.java:252)
	at org.eclipse.jetty.io.ManagedSelector.access$1400(ManagedSelector.java:61)
	at org.eclipse.jetty.io.ManagedSelector$CloseConnections.update(ManagedSelector.java:866)
	at org.eclipse.jetty.io.ManagedSelector$SelectorProducer.processUpdates(ManagedSelector.java:426)
	at org.eclipse.jetty.io.ManagedSelector$SelectorProducer.produce(ManagedSelector.java:397)
	at org.eclipse.jetty.util.thread.strategy.EatWhatYouKill.produceTask(EatWhatYouKill.java:357)
	at org.eclipse.jetty.util.thread.strategy.EatWhatYouKill.doProduce(EatWhatYouKill.java:181)
	at org.eclipse.jetty.util.thread.strategy.EatWhatYouKill.tryProduce(EatWhatYouKill.java:168)
	at org.eclipse.jetty.util.thread.strategy.EatWhatYouKill.produce(EatWhatYouKill.java:132)
	at org.eclipse.jetty.util.thread.QueuedThreadPool.runJob(QueuedThreadPool.java:786)
	at org.eclipse.jetty.util.thread.QueuedThreadPool$2.run(QueuedThreadPool.java:743)
	at java.lang.Thread.run(Thread.java:748)
17:34:12.453 [qtp726843606-13] DEBUG org.eclipse.jetty.io.FillInterest - onClose FillInterest@4d22901b{null}
17:34:12.453 [qtp726843606-13] DEBUG org.eclipse.jetty.io.ManagedSelector - Wakeup ManagedSelector@10027fc9{STOPPING} id=1 keys=1 selected=0 updates=0
17:34:12.453 [qtp726843606-13] DEBUG o.e.j.util.thread.QueuedThreadPool - queue org.eclipse.jetty.io.ManagedSelector$DestroyEndPoint@5cf6a9ab
17:34:12.454 [qtp726843606-13] DEBUG org.eclipse.jetty.io.ManagedSelector - updates 0
17:34:12.454 [qtp726843606-18] DEBUG o.e.j.util.thread.QueuedThreadPool - run org.eclipse.jetty.io.ManagedSelector$DestroyEndPoint@5cf6a9ab
17:34:12.454 [qtp726843606-13] DEBUG org.eclipse.jetty.io.ManagedSelector - Selector sun.nio.ch.KQueueSelectorImpl@6c9f5adb waiting with 1 keys
17:34:12.454 [main] DEBUG org.eclipse.jetty.io.ManagedSelector - Queued change org.eclipse.jetty.io.ManagedSelector$StopSelector@53cdecf6 on ManagedSelector@10027fc9{STOPPING} id=1 keys=0 selected=0 updates=0
17:34:12.454 [main] DEBUG org.eclipse.jetty.io.ManagedSelector - Wakeup on submit ManagedSelector@10027fc9{STOPPING} id=1 keys=0 selected=0 updates=1
17:34:12.455 [qtp726843606-13] DEBUG org.eclipse.jetty.io.ManagedSelector - Selector sun.nio.ch.KQueueSelectorImpl@6c9f5adb woken with none selected
17:34:12.455 [qtp726843606-13] DEBUG org.eclipse.jetty.io.ManagedSelector - Selector sun.nio.ch.KQueueSelectorImpl@6c9f5adb woken up from select, 0/0/0 selected
17:34:12.455 [qtp726843606-18] DEBUG org.eclipse.jetty.io.ManagedSelector - Destroyed SocketChannelEndPoint@3aeaeee4{/127.0.0.1:55182<->/127.0.0.1:9998,CLOSED,fill=-,flush=-,to=23/30000}{io=0/0,kio=-1,kro=-1}->HttpConnection@767e3836[p=HttpParser{s=START,0 of -1},g=HttpGenerator@4a1abee6{s=START}]=>HttpChannelOverHttp@3ad9a6c5{r=1,c=false,c=false/false,a=IDLE,uri=null,age=0}
17:34:12.455 [qtp726843606-13] DEBUG org.eclipse.jetty.io.ManagedSelector - Selector sun.nio.ch.KQueueSelectorImpl@6c9f5adb processing 0 keys, 1 updates
17:34:12.455 [qtp726843606-13] DEBUG org.eclipse.jetty.io.ManagedSelector - updateable 1
17:34:12.455 [qtp726843606-13] DEBUG org.eclipse.jetty.io.ManagedSelector - update org.eclipse.jetty.io.ManagedSelector$StopSelector@53cdecf6
17:34:12.455 [qtp726843606-18] DEBUG o.e.jetty.io.AbstractConnection - onClose HttpConnection@767e3836::SocketChannelEndPoint@3aeaeee4{/127.0.0.1:55182<->/127.0.0.1:9998,CLOSED,fill=-,flush=-,to=24/30000}{io=0/0,kio=-1,kro=-1}->HttpConnection@767e3836[p=HttpParser{s=START,0 of -1},g=HttpGenerator@4a1abee6{s=START}]=>HttpChannelOverHttp@3ad9a6c5{r=1,c=false,c=false/false,a=IDLE,uri=null,age=0}
17:34:12.455 [qtp726843606-18] DEBUG o.e.j.util.thread.QueuedThreadPool - ran org.eclipse.jetty.io.ManagedSelector$DestroyEndPoint@5cf6a9ab
17:34:12.457 [qtp726843606-13] DEBUG org.eclipse.jetty.io.ManagedSelector - updates 0
17:34:12.457 [main] DEBUG o.e.j.u.component.AbstractLifeCycle - stopping EatWhatYouKill@6d6bc158/SelectorProducer@5dda6f9/PRODUCING/p=false/JettyConnectorThreadPool[qtp726843606]@2b52c0d6{STARTED,8<=8<=200,i=5,q=0}[ReservedThreadExecutor@452e26d0{s=1/4,p=0}][pc=0,pic=0,pec=1,epc=0]@2020-09-27T17:34:12.457+01:00
17:34:12.457 [qtp726843606-13] DEBUG o.e.j.util.thread.QueuedThreadPool - ran org.eclipse.jetty.io.ManagedSelector$$Lambda$175/1736293769@263f04ca
17:34:12.457 [main] DEBUG o.e.j.u.component.AbstractLifeCycle - STOPPED EatWhatYouKill@6d6bc158/SelectorProducer@5dda6f9/IDLE/p=false/JettyConnectorThreadPool[qtp726843606]@2b52c0d6{STARTED,8<=8<=200,i=6,q=0}[ReservedThreadExecutor@452e26d0{s=1/4,p=0}][pc=0,pic=0,pec=1,epc=0]@2020-09-27T17:34:12.457+01:00
17:34:12.458 [main] DEBUG o.e.j.u.component.AbstractLifeCycle - STOPPED ManagedSelector@10027fc9{STOPPED} id=1 keys=-1 selected=-1 updates=0
17:34:12.458 [main] DEBUG o.e.j.u.component.AbstractLifeCycle - stopping ManagedSelector@7d373bcf{STARTED} id=0 keys=0 selected=0 updates=0
17:34:12.458 [main] DEBUG org.eclipse.jetty.io.ManagedSelector - Queued change org.eclipse.jetty.io.ManagedSelector$CloseConnections@71ea1fda on ManagedSelector@7d373bcf{STOPPING} id=0 keys=0 selected=0 updates=0
17:34:12.458 [main] DEBUG org.eclipse.jetty.io.ManagedSelector - Wakeup on submit ManagedSelector@7d373bcf{STOPPING} id=0 keys=0 selected=0 updates=1
17:34:12.458 [qtp726843606-12] DEBUG org.eclipse.jetty.io.ManagedSelector - Selector sun.nio.ch.KQueueSelectorImpl@53e023ce woken with none selected
17:34:12.458 [qtp726843606-12] DEBUG org.eclipse.jetty.io.ManagedSelector - Selector sun.nio.ch.KQueueSelectorImpl@53e023ce woken up from select, 0/0/0 selected
17:34:12.458 [qtp726843606-12] DEBUG org.eclipse.jetty.io.ManagedSelector - Selector sun.nio.ch.KQueueSelectorImpl@53e023ce processing 0 keys, 1 updates
17:34:12.458 [qtp726843606-12] DEBUG org.eclipse.jetty.io.ManagedSelector - updateable 1
17:34:12.458 [qtp726843606-12] DEBUG org.eclipse.jetty.io.ManagedSelector - update org.eclipse.jetty.io.ManagedSelector$CloseConnections@71ea1fda
17:34:12.459 [qtp726843606-12] DEBUG org.eclipse.jetty.io.ManagedSelector - Closing 0 connections on ManagedSelector@7d373bcf{STOPPING} id=0 keys=0 selected=0 updates=0
17:34:12.459 [qtp726843606-12] DEBUG org.eclipse.jetty.io.ManagedSelector - updates 0
17:34:12.459 [qtp726843606-12] DEBUG org.eclipse.jetty.io.ManagedSelector - Selector sun.nio.ch.KQueueSelectorImpl@53e023ce waiting with 0 keys
17:34:12.459 [main] DEBUG org.eclipse.jetty.io.ManagedSelector - Queued change org.eclipse.jetty.io.ManagedSelector$StopSelector@62b3df3a on ManagedSelector@7d373bcf{STOPPING} id=0 keys=0 selected=0 updates=0
17:34:12.459 [main] DEBUG org.eclipse.jetty.io.ManagedSelector - Wakeup on submit ManagedSelector@7d373bcf{STOPPING} id=0 keys=0 selected=0 updates=1
17:34:12.459 [qtp726843606-12] DEBUG org.eclipse.jetty.io.ManagedSelector - Selector sun.nio.ch.KQueueSelectorImpl@53e023ce woken with none selected
17:34:12.460 [qtp726843606-12] DEBUG org.eclipse.jetty.io.ManagedSelector - Selector sun.nio.ch.KQueueSelectorImpl@53e023ce woken up from select, 0/0/0 selected
17:34:12.460 [qtp726843606-12] DEBUG org.eclipse.jetty.io.ManagedSelector - Selector sun.nio.ch.KQueueSelectorImpl@53e023ce processing 0 keys, 1 updates
17:34:12.460 [qtp726843606-12] DEBUG org.eclipse.jetty.io.ManagedSelector - updateable 1
17:34:12.460 [qtp726843606-12] DEBUG org.eclipse.jetty.io.ManagedSelector - update org.eclipse.jetty.io.ManagedSelector$StopSelector@62b3df3a
17:34:12.460 [qtp726843606-12] DEBUG org.eclipse.jetty.io.ManagedSelector - updates 0
17:34:12.460 [main] DEBUG o.e.j.u.component.AbstractLifeCycle - stopping EatWhatYouKill@1b58ff9e/SelectorProducer@486be205/PRODUCING/p=false/JettyConnectorThreadPool[qtp726843606]@2b52c0d6{STARTED,8<=8<=200,i=6,q=0}[ReservedThreadExecutor@452e26d0{s=1/4,p=0}][pc=0,pic=0,pec=0,epc=0]@2020-09-27T17:34:12.46+01:00
17:34:12.460 [qtp726843606-12] DEBUG o.e.j.util.thread.QueuedThreadPool - ran org.eclipse.jetty.io.ManagedSelector$$Lambda$175/1736293769@fff25f1
17:34:12.461 [main] DEBUG o.e.j.u.component.AbstractLifeCycle - STOPPED EatWhatYouKill@1b58ff9e/SelectorProducer@486be205/IDLE/p=false/JettyConnectorThreadPool[qtp726843606]@2b52c0d6{STARTED,8<=8<=200,i=7,q=0}[ReservedThreadExecutor@452e26d0{s=1/4,p=0}][pc=0,pic=0,pec=0,epc=0]@2020-09-27T17:34:12.461+01:00
17:34:12.461 [main] DEBUG o.e.j.u.component.AbstractLifeCycle - STOPPED ManagedSelector@7d373bcf{STOPPED} id=0 keys=-1 selected=-1 updates=0
17:34:12.461 [main] DEBUG o.e.j.u.component.AbstractLifeCycle - STOPPED SelectorManager@ServerConnector@27e0f2f5{HTTP/1.1,[http/1.1]}{0.0.0.0:9998}
17:34:12.461 [main] DEBUG o.e.j.u.component.AbstractLifeCycle - stopping HttpConnectionFactory@5cc5b667[HTTP/1.1]
17:34:12.461 [main] DEBUG o.e.j.u.component.AbstractLifeCycle - STOPPED HttpConnectionFactory@5cc5b667[HTTP/1.1]
17:34:12.462 [main] DEBUG o.e.j.u.component.AbstractLifeCycle - stopping ScheduledExecutorScheduler@4eeea57d{STARTED}
17:34:12.462 [main] DEBUG o.e.j.u.component.AbstractLifeCycle - STOPPED ScheduledExecutorScheduler@4eeea57d{STOPPED}
17:34:12.462 [main] INFO  o.e.jetty.server.AbstractConnector - Stopped ServerConnector@27e0f2f5{HTTP/1.1,[http/1.1]}{0.0.0.0:9998}
17:34:12.462 [main] DEBUG o.e.j.u.component.AbstractLifeCycle - STOPPED ServerConnector@27e0f2f5{HTTP/1.1,[http/1.1]}{0.0.0.0:9998}
17:34:12.462 [main] DEBUG o.e.j.server.handler.AbstractHandler - stopping Server@114a85c2{STOPPING}[9.4.17.v20190418]
17:34:12.462 [main] DEBUG o.e.j.u.component.AbstractLifeCycle - stopping ErrorHandler@78461bc4{STARTED}
17:34:12.462 [main] DEBUG o.e.j.server.handler.AbstractHandler - stopping ErrorHandler@78461bc4{STOPPING}
17:34:12.463 [main] DEBUG o.e.j.u.component.AbstractLifeCycle - STOPPED ErrorHandler@78461bc4{STOPPED}
17:34:12.463 [main] DEBUG o.e.j.u.component.AbstractLifeCycle - stopping JettyHttpContainer@5003041b{STARTED}
17:34:12.463 [main] DEBUG o.e.j.server.handler.AbstractHandler - stopping JettyHttpContainer@5003041b{STOPPING}
17:34:12.471 [main] DEBUG o.e.j.u.component.AbstractLifeCycle - STOPPED JettyHttpContainer@5003041b{STOPPED}
17:34:12.471 [main] DEBUG o.e.j.u.component.AbstractLifeCycle - stopping JettyConnectorThreadPool[qtp726843606]@2b52c0d6{STARTED,8<=8<=200,i=7,q=0}[ReservedThreadExecutor@452e26d0{s=1/4,p=0}]
17:34:12.472 [main] DEBUG o.e.j.util.thread.QueuedThreadPool - Stopping JettyConnectorThreadPool[qtp726843606]@2b52c0d6{STOPPING,8<=8<=200,i=7,q=0}[ReservedThreadExecutor@452e26d0{s=1/4,p=0}]
17:34:12.472 [main] DEBUG o.e.j.u.component.AbstractLifeCycle - stopping ReservedThreadExecutor@452e26d0{s=1/4,p=0}
17:34:12.472 [main] DEBUG o.e.j.u.t.ReservedThreadExecutor - ReservedThreadExecutor@452e26d0{s=0/4,p=0}@128c02d0 offer STOP!
17:34:12.472 [main] DEBUG o.e.j.u.component.AbstractLifeCycle - STOPPED ReservedThreadExecutor@452e26d0{s=0/4,p=0}
17:34:12.472 [qtp726843606-16] DEBUG o.e.j.u.t.ReservedThreadExecutor - ReservedThreadExecutor@452e26d0{s=0/4,p=0}@128c02d0 task=STOP!
17:34:12.472 [qtp726843606-16] DEBUG o.e.j.u.t.ReservedThreadExecutor - ReservedThreadExecutor@452e26d0{s=0/4,p=0}@128c02d0 Exited
17:34:12.472 [qtp726843606-16] DEBUG o.e.j.util.thread.QueuedThreadPool - ran ReservedThreadExecutor@452e26d0{s=0/4,p=0}@128c02d0
17:34:12.473 [qtp726843606-14] DEBUG o.e.j.util.thread.QueuedThreadPool - run org.eclipse.jetty.util.thread.QueuedThreadPool$$Lambda$264/1914615775@5e9a99b4
17:34:12.473 [qtp726843606-15] DEBUG o.e.j.util.thread.QueuedThreadPool - run org.eclipse.jetty.util.thread.QueuedThreadPool$$Lambda$264/1914615775@5e9a99b4
17:34:12.473 [qtp726843606-14] DEBUG o.e.j.util.thread.QueuedThreadPool - ran org.eclipse.jetty.util.thread.QueuedThreadPool$$Lambda$264/1914615775@5e9a99b4
17:34:12.473 [qtp726843606-15] DEBUG o.e.j.util.thread.QueuedThreadPool - ran org.eclipse.jetty.util.thread.QueuedThreadPool$$Lambda$264/1914615775@5e9a99b4
17:34:12.473 [qtp726843606-19] DEBUG o.e.j.util.thread.QueuedThreadPool - run org.eclipse.jetty.util.thread.QueuedThreadPool$$Lambda$264/1914615775@5e9a99b4
17:34:12.473 [qtp726843606-19] DEBUG o.e.j.util.thread.QueuedThreadPool - ran org.eclipse.jetty.util.thread.QueuedThreadPool$$Lambda$264/1914615775@5e9a99b4
17:34:12.473 [main] DEBUG o.e.j.util.thread.QueuedThreadPool - Waiting for Thread[qtp726843606-18,5,main] for 14999
17:34:12.473 [qtp726843606-17] DEBUG o.e.j.util.thread.QueuedThreadPool - run org.eclipse.jetty.util.thread.QueuedThreadPool$$Lambda$264/1914615775@5e9a99b4
17:34:12.473 [qtp726843606-17] DEBUG o.e.j.util.thread.QueuedThreadPool - ran org.eclipse.jetty.util.thread.QueuedThreadPool$$Lambda$264/1914615775@5e9a99b4
17:34:12.473 [qtp726843606-18] DEBUG o.e.j.util.thread.QueuedThreadPool - run org.eclipse.jetty.util.thread.QueuedThreadPool$$Lambda$264/1914615775@5e9a99b4
17:34:12.474 [qtp726843606-18] DEBUG o.e.j.util.thread.QueuedThreadPool - ran org.eclipse.jetty.util.thread.QueuedThreadPool$$Lambda$264/1914615775@5e9a99b4
17:34:12.474 [qtp726843606-13] DEBUG o.e.j.util.thread.QueuedThreadPool - run org.eclipse.jetty.util.thread.QueuedThreadPool$$Lambda$264/1914615775@5e9a99b4
17:34:12.474 [qtp726843606-12] DEBUG o.e.j.util.thread.QueuedThreadPool - run org.eclipse.jetty.util.thread.QueuedThreadPool$$Lambda$264/1914615775@5e9a99b4
17:34:12.474 [main] DEBUG o.e.j.util.thread.QueuedThreadPool - Waiting for Thread[qtp726843606-17,5,] for 14999
17:34:12.474 [qtp726843606-13] DEBUG o.e.j.util.thread.QueuedThreadPool - ran org.eclipse.jetty.util.thread.QueuedThreadPool$$Lambda$264/1914615775@5e9a99b4
17:34:12.474 [qtp726843606-12] DEBUG o.e.j.util.thread.QueuedThreadPool - ran org.eclipse.jetty.util.thread.QueuedThreadPool$$Lambda$264/1914615775@5e9a99b4
17:34:12.474 [main] DEBUG o.e.j.util.thread.QueuedThreadPool - Waiting for Thread[qtp726843606-12,5,main] for 14998
17:34:12.474 [main] DEBUG o.e.j.util.thread.QueuedThreadPool - Waiting for Thread[qtp726843606-13,5,] for 14998
17:34:12.484 [main] DEBUG o.e.j.u.component.AbstractLifeCycle - STOPPED JettyConnectorThreadPool[qtp726843606]@2b52c0d6{STOPPED,8<=0<=200,i=0,q=0}[org.eclipse.jetty.util.thread.TryExecutor$$Lambda$157/1967617997@759fad4]
17:34:12.485 [main] DEBUG o.e.j.u.component.AbstractLifeCycle - STOPPED Server@114a85c2{STOPPED}[9.4.17.v20190418]
]]></system-out>
    <system-err><![CDATA[Sep 27, 2020 5:34:10 PM org.glassfish.jersey.test.jetty.JettyTestContainerFactory$JettyTestContainer <init>
INFO: Creating JettyTestContainer configured at the base URI http://localhost:9998/
]]></system-err>
  </testcase>
  <testcase name="testCreateContactWithInvalidContact" classname="com.brunogoncalves.phonebook.resource.ContactResourceTest" time="0.445">
    <system-out><![CDATA[17:34:12.754 [main] DEBUG o.h.v.i.e.r.TraversableResolvers - Cannot find javax.persistence.Persistence on classpath. Assuming non JPA 2 environment. All properties will per default be traversable.
17:34:12.755 [main] DEBUG o.h.v.i.x.config.ValidationXmlParser - Trying to load META-INF/validation.xml for XML based Validator configuration.
17:34:12.757 [main] DEBUG o.h.v.i.x.c.ResourceLoaderHelper - Trying to load META-INF/validation.xml via TCCL
17:34:12.757 [main] DEBUG o.h.v.i.x.c.ResourceLoaderHelper - Trying to load META-INF/validation.xml via Hibernate Validator's class loader
17:34:12.758 [main] DEBUG o.h.v.i.x.config.ValidationXmlParser - No META-INF/validation.xml found. Using annotation based configuration only.
17:34:12.768 [main] DEBUG o.h.v.m.ResourceBundleMessageInterpolator - Loaded expression factory via original TCCL
17:34:12.768 [main] DEBUG o.h.v.i.engine.ValidatorFactoryImpl - HV000234: Using org.hibernate.validator.messageinterpolation.ResourceBundleMessageInterpolator as ValidatorFactory-scoped message interpolator.
17:34:12.769 [main] DEBUG o.h.v.i.engine.ValidatorFactoryImpl - HV000234: Using org.hibernate.validator.internal.engine.resolver.TraverseAllTraversableResolver as ValidatorFactory-scoped traversable resolver.
17:34:12.769 [main] DEBUG o.h.v.i.engine.ValidatorFactoryImpl - HV000234: Using org.hibernate.validator.internal.util.ExecutableParameterNameProvider as ValidatorFactory-scoped parameter name provider.
17:34:12.769 [main] DEBUG o.h.v.i.engine.ValidatorFactoryImpl - HV000234: Using org.hibernate.validator.internal.engine.DefaultClockProvider as ValidatorFactory-scoped clock provider.
17:34:12.769 [main] DEBUG o.h.v.i.engine.ValidatorFactoryImpl - HV000234: Using org.hibernate.validator.internal.engine.scripting.DefaultScriptEvaluatorFactory as ValidatorFactory-scoped script evaluator factory.
17:34:12.794 [main] DEBUG o.e.j.u.component.ContainerLifeCycle - Server@66eb985d{STOPPED}[9.4.17.v20190418] added {JettyConnectorThreadPool[qtp2110558717]@7dcc91fd{STOPPED,8<=0<=200,i=0,q=0}[org.eclipse.jetty.util.thread.TryExecutor$$Lambda$157/1967617997@759fad4],AUTO}
17:34:12.795 [main] DEBUG o.e.j.u.component.ContainerLifeCycle - HttpConnectionFactory@6a9287b1[HTTP/1.1] added {HttpConfiguration@75504cef{32768/8192,8192/8192,https://:0,[]},POJO}
17:34:12.795 [main] DEBUG o.e.j.u.component.ContainerLifeCycle - ServerConnector@6c8a68c1{null,[]}{0.0.0.0:0} added {Server@66eb985d{STOPPED}[9.4.17.v20190418],UNMANAGED}
17:34:12.795 [main] DEBUG o.e.j.u.component.ContainerLifeCycle - ServerConnector@6c8a68c1{null,[]}{0.0.0.0:0} added {JettyConnectorThreadPool[qtp2110558717]@7dcc91fd{STOPPED,8<=0<=200,i=0,q=0}[org.eclipse.jetty.util.thread.TryExecutor$$Lambda$157/1967617997@759fad4],AUTO}
17:34:12.795 [main] DEBUG o.e.j.u.component.ContainerLifeCycle - ServerConnector@6c8a68c1{null,[]}{0.0.0.0:0} added {ScheduledExecutorScheduler@56193c7d{STOPPED},AUTO}
17:34:12.795 [main] DEBUG o.e.j.u.component.ContainerLifeCycle - ServerConnector@6c8a68c1{null,[]}{0.0.0.0:0} added {org.eclipse.jetty.io.ArrayByteBufferPool@28c88600,POJO}
17:34:12.795 [main] DEBUG o.e.j.u.component.ContainerLifeCycle - ServerConnector@6c8a68c1{null,[http/1.1]}{0.0.0.0:0} added {HttpConnectionFactory@6a9287b1[HTTP/1.1],AUTO}
17:34:12.795 [main] DEBUG o.e.jetty.server.AbstractConnector - ServerConnector@6c8a68c1{HTTP/1.1,[http/1.1]}{0.0.0.0:0} added HttpConnectionFactory@6a9287b1[HTTP/1.1]
17:34:12.796 [main] DEBUG o.e.j.u.component.ContainerLifeCycle - ServerConnector@6c8a68c1{HTTP/1.1,[http/1.1]}{0.0.0.0:0} added {SelectorManager@ServerConnector@6c8a68c1{HTTP/1.1,[http/1.1]}{0.0.0.0:0},MANAGED}
17:34:12.796 [main] DEBUG o.e.j.u.component.ContainerLifeCycle - Server@66eb985d{STOPPED}[9.4.17.v20190418] added {ServerConnector@6c8a68c1{HTTP/1.1,[http/1.1]}{0.0.0.0:9998},AUTO}
17:34:12.796 [main] DEBUG o.e.j.u.component.ContainerLifeCycle - Server@66eb985d{STOPPED}[9.4.17.v20190418] added {JettyHttpContainer@5f8890c2{STOPPED},MANAGED}
17:34:12.796 [main] DEBUG o.e.j.u.component.AbstractLifeCycle - starting Server@66eb985d{STOPPED}[9.4.17.v20190418]
17:34:12.796 [main] DEBUG o.e.j.u.component.ContainerLifeCycle - Server@66eb985d{STARTING}[9.4.17.v20190418] added {ErrorHandler@607b2792{STOPPED},AUTO}
17:34:12.797 [main] INFO  org.eclipse.jetty.server.Server - jetty-9.4.17.v20190418; built: 2019-04-18T19:45:35.259Z; git: aa1c656c315c011c01e7b21aabb04066635b9f67; jvm 1.8.0_261-b12
17:34:12.797 [main] DEBUG o.e.j.server.handler.AbstractHandler - starting Server@66eb985d{STARTING}[9.4.17.v20190418]
17:34:12.797 [main] DEBUG o.e.j.u.component.AbstractLifeCycle - starting JettyConnectorThreadPool[qtp2110558717]@7dcc91fd{STOPPED,8<=0<=200,i=0,q=0}[org.eclipse.jetty.util.thread.TryExecutor$$Lambda$157/1967617997@759fad4]
17:34:12.797 [main] DEBUG o.e.j.u.t.ReservedThreadExecutor - ReservedThreadExecutor@7f9e1534{s=0/4,p=0}
17:34:12.797 [main] DEBUG o.e.j.u.component.ContainerLifeCycle - JettyConnectorThreadPool[qtp2110558717]@7dcc91fd{STARTING,8<=0<=200,i=0,q=0}[ReservedThreadExecutor@7f9e1534{s=0/4,p=0}] added {ReservedThreadExecutor@7f9e1534{s=0/4,p=0},AUTO}
17:34:12.797 [main] DEBUG o.e.j.u.component.AbstractLifeCycle - starting ReservedThreadExecutor@7f9e1534{s=0/4,p=0}
17:34:12.798 [main] DEBUG o.e.j.u.component.AbstractLifeCycle - STARTED @3449ms ReservedThreadExecutor@7f9e1534{s=0/4,p=0}
17:34:12.798 [main] DEBUG o.e.j.util.thread.QueuedThreadPool - Starting Thread[qtp2110558717-22,5,main]
17:34:12.798 [main] DEBUG o.e.j.util.thread.QueuedThreadPool - Starting Thread[qtp2110558717-23,5,main]
17:34:12.799 [main] DEBUG o.e.j.util.thread.QueuedThreadPool - Starting Thread[qtp2110558717-24,5,main]
17:34:12.799 [main] DEBUG o.e.j.util.thread.QueuedThreadPool - Starting Thread[qtp2110558717-25,5,main]
17:34:12.800 [main] DEBUG o.e.j.util.thread.QueuedThreadPool - Starting Thread[qtp2110558717-26,5,main]
17:34:12.800 [main] DEBUG o.e.j.util.thread.QueuedThreadPool - Starting Thread[qtp2110558717-27,5,main]
17:34:12.800 [main] DEBUG o.e.j.util.thread.QueuedThreadPool - Starting Thread[qtp2110558717-28,5,main]
17:34:12.801 [main] DEBUG o.e.j.util.thread.QueuedThreadPool - Starting Thread[qtp2110558717-29,5,main]
17:34:12.801 [main] DEBUG o.e.j.u.component.AbstractLifeCycle - STARTED @3453ms JettyConnectorThreadPool[qtp2110558717]@7dcc91fd{STARTED,8<=8<=200,i=8,q=0}[ReservedThreadExecutor@7f9e1534{s=0/4,p=0}]
17:34:12.801 [main] DEBUG o.e.j.u.component.AbstractLifeCycle - starting JettyHttpContainer@5f8890c2{STOPPED}
17:34:12.802 [main] DEBUG o.e.j.server.handler.AbstractHandler - starting JettyHttpContainer@5f8890c2{STARTING}
17:34:12.802 [main] DEBUG o.e.j.u.component.AbstractLifeCycle - STARTED @3453ms JettyHttpContainer@5f8890c2{STARTED}
17:34:12.802 [main] DEBUG o.e.j.u.component.AbstractLifeCycle - starting ErrorHandler@607b2792{STOPPED}
17:34:12.802 [main] DEBUG o.e.j.server.handler.AbstractHandler - starting ErrorHandler@607b2792{STARTING}
17:34:12.802 [main] DEBUG o.e.j.u.component.AbstractLifeCycle - STARTED @3454ms ErrorHandler@607b2792{STARTED}
17:34:12.802 [main] DEBUG o.e.j.u.component.AbstractLifeCycle - starting ServerConnector@6c8a68c1{HTTP/1.1,[http/1.1]}{0.0.0.0:9998}
17:34:12.803 [main] DEBUG o.e.j.u.component.ContainerLifeCycle - ServerConnector@6c8a68c1{HTTP/1.1,[http/1.1]}{0.0.0.0:9998} added {sun.nio.ch.ServerSocketChannelImpl[/0:0:0:0:0:0:0:0:9998],POJO}
17:34:12.803 [main] DEBUG o.e.j.u.component.AbstractLifeCycle - starting ScheduledExecutorScheduler@56193c7d{STOPPED}
17:34:12.803 [main] DEBUG o.e.j.u.component.AbstractLifeCycle - STARTED @3455ms ScheduledExecutorScheduler@56193c7d{STARTED}
17:34:12.803 [main] DEBUG o.e.j.u.component.AbstractLifeCycle - starting HttpConnectionFactory@6a9287b1[HTTP/1.1]
17:34:12.803 [main] DEBUG o.e.j.u.component.AbstractLifeCycle - STARTED @3455ms HttpConnectionFactory@6a9287b1[HTTP/1.1]
17:34:12.803 [main] DEBUG o.e.j.u.component.AbstractLifeCycle - starting SelectorManager@ServerConnector@6c8a68c1{HTTP/1.1,[http/1.1]}{0.0.0.0:9998}
17:34:12.804 [main] DEBUG o.e.j.u.component.ContainerLifeCycle - EatWhatYouKill@6813a331/SelectorProducer@1bd81830/IDLE/p=false/JettyConnectorThreadPool[qtp2110558717]@7dcc91fd{STARTED,8<=8<=200,i=8,q=0}[ReservedThreadExecutor@7f9e1534{s=0/4,p=0}][pc=0,pic=0,pec=0,epc=0]@2020-09-27T17:34:12.804+01:00 added {SelectorProducer@1bd81830,POJO}
17:34:12.805 [main] DEBUG o.e.j.u.component.ContainerLifeCycle - EatWhatYouKill@6813a331/SelectorProducer@1bd81830/IDLE/p=false/JettyConnectorThreadPool[qtp2110558717]@7dcc91fd{STARTED,8<=8<=200,i=8,q=0}[ReservedThreadExecutor@7f9e1534{s=0/4,p=0}][pc=0,pic=0,pec=0,epc=0]@2020-09-27T17:34:12.804+01:00 added {JettyConnectorThreadPool[qtp2110558717]@7dcc91fd{STARTED,8<=8<=200,i=8,q=0}[ReservedThreadExecutor@7f9e1534{s=0/4,p=0}],UNMANAGED}
17:34:12.805 [main] DEBUG o.e.j.u.t.strategy.EatWhatYouKill - EatWhatYouKill@6813a331/SelectorProducer@1bd81830/IDLE/p=false/JettyConnectorThreadPool[qtp2110558717]@7dcc91fd{STARTED,8<=8<=200,i=8,q=0}[ReservedThreadExecutor@7f9e1534{s=0/4,p=0}][pc=0,pic=0,pec=0,epc=0]@2020-09-27T17:34:12.805+01:00 created
17:34:12.805 [main] DEBUG o.e.j.u.component.ContainerLifeCycle - ManagedSelector@39ab59f8{STOPPED} id=0 keys=-1 selected=-1 updates=0 added {EatWhatYouKill@6813a331/SelectorProducer@1bd81830/IDLE/p=false/JettyConnectorThreadPool[qtp2110558717]@7dcc91fd{STARTED,8<=8<=200,i=8,q=0}[ReservedThreadExecutor@7f9e1534{s=0/4,p=0}][pc=0,pic=0,pec=0,epc=0]@2020-09-27T17:34:12.805+01:00,MANAGED}
17:34:12.806 [main] DEBUG o.e.j.u.component.ContainerLifeCycle - SelectorManager@ServerConnector@6c8a68c1{HTTP/1.1,[http/1.1]}{0.0.0.0:9998} added {ManagedSelector@39ab59f8{STOPPED} id=0 keys=-1 selected=-1 updates=0,AUTO}
17:34:12.806 [main] DEBUG o.e.j.u.component.ContainerLifeCycle - EatWhatYouKill@64e92d61/SelectorProducer@111610e6/IDLE/p=false/JettyConnectorThreadPool[qtp2110558717]@7dcc91fd{STARTED,8<=8<=200,i=8,q=0}[ReservedThreadExecutor@7f9e1534{s=0/4,p=0}][pc=0,pic=0,pec=0,epc=0]@2020-09-27T17:34:12.806+01:00 added {SelectorProducer@111610e6,POJO}
17:34:12.807 [main] DEBUG o.e.j.u.component.ContainerLifeCycle - EatWhatYouKill@64e92d61/SelectorProducer@111610e6/IDLE/p=false/JettyConnectorThreadPool[qtp2110558717]@7dcc91fd{STARTED,8<=8<=200,i=8,q=0}[ReservedThreadExecutor@7f9e1534{s=0/4,p=0}][pc=0,pic=0,pec=0,epc=0]@2020-09-27T17:34:12.807+01:00 added {JettyConnectorThreadPool[qtp2110558717]@7dcc91fd{STARTED,8<=8<=200,i=8,q=0}[ReservedThreadExecutor@7f9e1534{s=0/4,p=0}],UNMANAGED}
17:34:12.808 [main] DEBUG o.e.j.u.t.strategy.EatWhatYouKill - EatWhatYouKill@64e92d61/SelectorProducer@111610e6/IDLE/p=false/JettyConnectorThreadPool[qtp2110558717]@7dcc91fd{STARTED,8<=8<=200,i=8,q=0}[ReservedThreadExecutor@7f9e1534{s=0/4,p=0}][pc=0,pic=0,pec=0,epc=0]@2020-09-27T17:34:12.808+01:00 created
17:34:12.809 [main] DEBUG o.e.j.u.component.ContainerLifeCycle - ManagedSelector@4ad4936c{STOPPED} id=1 keys=-1 selected=-1 updates=0 added {EatWhatYouKill@64e92d61/SelectorProducer@111610e6/IDLE/p=false/JettyConnectorThreadPool[qtp2110558717]@7dcc91fd{STARTED,8<=8<=200,i=8,q=0}[ReservedThreadExecutor@7f9e1534{s=0/4,p=0}][pc=0,pic=0,pec=0,epc=0]@2020-09-27T17:34:12.808+01:00,MANAGED}
17:34:12.811 [main] DEBUG o.e.j.u.component.ContainerLifeCycle - SelectorManager@ServerConnector@6c8a68c1{HTTP/1.1,[http/1.1]}{0.0.0.0:9998} added {ManagedSelector@4ad4936c{STOPPED} id=1 keys=-1 selected=-1 updates=0,AUTO}
17:34:12.812 [main] DEBUG o.e.j.u.component.AbstractLifeCycle - starting ManagedSelector@39ab59f8{STOPPED} id=0 keys=-1 selected=-1 updates=0
17:34:12.814 [main] DEBUG o.e.j.u.component.AbstractLifeCycle - starting EatWhatYouKill@6813a331/SelectorProducer@1bd81830/IDLE/p=false/JettyConnectorThreadPool[qtp2110558717]@7dcc91fd{STARTED,8<=8<=200,i=8,q=0}[ReservedThreadExecutor@7f9e1534{s=0/4,p=0}][pc=0,pic=0,pec=0,epc=0]@2020-09-27T17:34:12.813+01:00
17:34:12.815 [main] DEBUG o.e.j.u.component.AbstractLifeCycle - STARTED @3466ms EatWhatYouKill@6813a331/SelectorProducer@1bd81830/IDLE/p=false/JettyConnectorThreadPool[qtp2110558717]@7dcc91fd{STARTED,8<=8<=200,i=8,q=0}[ReservedThreadExecutor@7f9e1534{s=0/4,p=0}][pc=0,pic=0,pec=0,epc=0]@2020-09-27T17:34:12.815+01:00
17:34:12.815 [main] DEBUG o.e.j.util.thread.QueuedThreadPool - queue org.eclipse.jetty.io.ManagedSelector$$Lambda$175/1736293769@29d37757
17:34:12.816 [qtp2110558717-22] DEBUG o.e.j.util.thread.QueuedThreadPool - run org.eclipse.jetty.io.ManagedSelector$$Lambda$175/1736293769@29d37757
17:34:12.816 [main] DEBUG org.eclipse.jetty.io.ManagedSelector - Queued change org.eclipse.jetty.io.ManagedSelector$Start@4fcc529 on ManagedSelector@39ab59f8{STARTING} id=0 keys=0 selected=0 updates=0
17:34:12.817 [qtp2110558717-22] DEBUG o.e.j.u.t.strategy.EatWhatYouKill - EatWhatYouKill@6813a331/SelectorProducer@1bd81830/IDLE/p=false/JettyConnectorThreadPool[qtp2110558717]@7dcc91fd{STARTED,8<=8<=200,i=7,q=0}[ReservedThreadExecutor@7f9e1534{s=0/4,p=0}][pc=0,pic=0,pec=0,epc=0]@2020-09-27T17:34:12.817+01:00 tryProduce false
17:34:12.817 [qtp2110558717-22] DEBUG org.eclipse.jetty.io.ManagedSelector - updateable 1
17:34:12.817 [qtp2110558717-22] DEBUG org.eclipse.jetty.io.ManagedSelector - update org.eclipse.jetty.io.ManagedSelector$Start@4fcc529
17:34:12.817 [qtp2110558717-22] DEBUG org.eclipse.jetty.io.ManagedSelector - updates 0
17:34:12.817 [qtp2110558717-22] DEBUG org.eclipse.jetty.io.ManagedSelector - Selector sun.nio.ch.KQueueSelectorImpl@1417eae5 waiting with 0 keys
17:34:12.822 [main] DEBUG o.e.j.u.component.AbstractLifeCycle - STARTED @3473ms ManagedSelector@39ab59f8{STARTED} id=0 keys=0 selected=0 updates=0
17:34:12.822 [main] DEBUG o.e.j.u.component.AbstractLifeCycle - starting ManagedSelector@4ad4936c{STOPPED} id=1 keys=-1 selected=-1 updates=0
17:34:12.822 [main] DEBUG o.e.j.u.component.AbstractLifeCycle - starting EatWhatYouKill@64e92d61/SelectorProducer@111610e6/IDLE/p=false/JettyConnectorThreadPool[qtp2110558717]@7dcc91fd{STARTED,8<=8<=200,i=7,q=0}[ReservedThreadExecutor@7f9e1534{s=0/4,p=0}][pc=0,pic=0,pec=0,epc=0]@2020-09-27T17:34:12.822+01:00
17:34:12.822 [main] DEBUG o.e.j.u.component.AbstractLifeCycle - STARTED @3474ms EatWhatYouKill@64e92d61/SelectorProducer@111610e6/IDLE/p=false/JettyConnectorThreadPool[qtp2110558717]@7dcc91fd{STARTED,8<=8<=200,i=7,q=0}[ReservedThreadExecutor@7f9e1534{s=0/4,p=0}][pc=0,pic=0,pec=0,epc=0]@2020-09-27T17:34:12.822+01:00
17:34:12.823 [main] DEBUG o.e.j.util.thread.QueuedThreadPool - queue org.eclipse.jetty.io.ManagedSelector$$Lambda$175/1736293769@25cc7470
17:34:12.823 [main] DEBUG org.eclipse.jetty.io.ManagedSelector - Queued change org.eclipse.jetty.io.ManagedSelector$Start@4beddc56 on ManagedSelector@4ad4936c{STARTING} id=1 keys=0 selected=0 updates=0
17:34:12.823 [qtp2110558717-23] DEBUG o.e.j.util.thread.QueuedThreadPool - run org.eclipse.jetty.io.ManagedSelector$$Lambda$175/1736293769@25cc7470
17:34:12.823 [qtp2110558717-23] DEBUG o.e.j.u.t.strategy.EatWhatYouKill - EatWhatYouKill@64e92d61/SelectorProducer@111610e6/IDLE/p=false/JettyConnectorThreadPool[qtp2110558717]@7dcc91fd{STARTED,8<=8<=200,i=6,q=0}[ReservedThreadExecutor@7f9e1534{s=0/4,p=0}][pc=0,pic=0,pec=0,epc=0]@2020-09-27T17:34:12.823+01:00 tryProduce false
17:34:12.823 [qtp2110558717-23] DEBUG org.eclipse.jetty.io.ManagedSelector - updateable 1
17:34:12.823 [qtp2110558717-23] DEBUG org.eclipse.jetty.io.ManagedSelector - update org.eclipse.jetty.io.ManagedSelector$Start@4beddc56
17:34:12.824 [qtp2110558717-23] DEBUG org.eclipse.jetty.io.ManagedSelector - updates 0
17:34:12.824 [qtp2110558717-23] DEBUG org.eclipse.jetty.io.ManagedSelector - Selector sun.nio.ch.KQueueSelectorImpl@793dbc25 waiting with 0 keys
17:34:12.824 [main] DEBUG o.e.j.u.component.AbstractLifeCycle - STARTED @3475ms ManagedSelector@4ad4936c{STARTED} id=1 keys=0 selected=0 updates=0
17:34:12.824 [main] DEBUG o.e.j.u.component.AbstractLifeCycle - STARTED @3476ms SelectorManager@ServerConnector@6c8a68c1{HTTP/1.1,[http/1.1]}{0.0.0.0:9998}
17:34:12.824 [main] DEBUG o.e.j.u.component.ContainerLifeCycle - ServerConnector@6c8a68c1{HTTP/1.1,[http/1.1]}{0.0.0.0:9998} added {acceptor-0@79b663b3,POJO}
17:34:12.824 [main] DEBUG o.e.j.util.thread.QueuedThreadPool - queue acceptor-0@79b663b3
17:34:12.824 [qtp2110558717-24] DEBUG o.e.j.util.thread.QueuedThreadPool - run acceptor-0@79b663b3
17:34:12.825 [main] INFO  o.e.jetty.server.AbstractConnector - Started ServerConnector@6c8a68c1{HTTP/1.1,[http/1.1]}{0.0.0.0:9998}
17:34:12.825 [main] DEBUG o.e.j.u.component.AbstractLifeCycle - STARTED @3476ms ServerConnector@6c8a68c1{HTTP/1.1,[http/1.1]}{0.0.0.0:9998}
17:34:12.825 [main] INFO  org.eclipse.jetty.server.Server - Started @3477ms
17:34:12.825 [main] DEBUG o.e.j.u.component.AbstractLifeCycle - STARTED @3477ms Server@66eb985d{STARTED}[9.4.17.v20190418]
17:34:12.886 [qtp2110558717-24-acceptor-0@79b663b3-ServerConnector@6c8a68c1{HTTP/1.1,[http/1.1]}{0.0.0.0:9998}] DEBUG org.eclipse.jetty.io.ManagedSelector - Queued change org.eclipse.jetty.io.ManagedSelector$Accept@2924a3f3 on ManagedSelector@4ad4936c{STARTED} id=1 keys=0 selected=0 updates=0
17:34:12.886 [qtp2110558717-24-acceptor-0@79b663b3-ServerConnector@6c8a68c1{HTTP/1.1,[http/1.1]}{0.0.0.0:9998}] DEBUG org.eclipse.jetty.io.ManagedSelector - Wakeup on submit ManagedSelector@4ad4936c{STARTED} id=1 keys=0 selected=0 updates=1
17:34:12.886 [qtp2110558717-23] DEBUG org.eclipse.jetty.io.ManagedSelector - Selector sun.nio.ch.KQueueSelectorImpl@793dbc25 woken with none selected
17:34:12.886 [qtp2110558717-23] DEBUG org.eclipse.jetty.io.ManagedSelector - Selector sun.nio.ch.KQueueSelectorImpl@793dbc25 woken up from select, 0/0/0 selected
17:34:12.886 [qtp2110558717-23] DEBUG org.eclipse.jetty.io.ManagedSelector - Selector sun.nio.ch.KQueueSelectorImpl@793dbc25 processing 0 keys, 1 updates
17:34:12.886 [qtp2110558717-23] DEBUG org.eclipse.jetty.io.ManagedSelector - updateable 1
17:34:12.886 [qtp2110558717-23] DEBUG org.eclipse.jetty.io.ManagedSelector - update org.eclipse.jetty.io.ManagedSelector$Accept@2924a3f3
17:34:12.886 [qtp2110558717-23] DEBUG o.e.j.util.thread.QueuedThreadPool - queue org.eclipse.jetty.io.ManagedSelector$Accept@2924a3f3
17:34:12.886 [qtp2110558717-23] DEBUG org.eclipse.jetty.io.ManagedSelector - updates 0
17:34:12.887 [qtp2110558717-23] DEBUG org.eclipse.jetty.io.ManagedSelector - Selector sun.nio.ch.KQueueSelectorImpl@793dbc25 waiting with 1 keys
17:34:12.887 [qtp2110558717-25] DEBUG o.e.j.util.thread.QueuedThreadPool - run org.eclipse.jetty.io.ManagedSelector$Accept@2924a3f3
17:34:12.887 [qtp2110558717-25] DEBUG org.eclipse.jetty.io.IdleTimeout - SocketChannelEndPoint@41bda65f{/127.0.0.1:55183<->/127.0.0.1:9998,OPEN,fill=-,flush=-,to=0/30000}{io=0/0,kio=0,kro=0}-><null> idle timeout check, elapsed: 0 ms, remaining: 30000 ms
17:34:12.888 [qtp2110558717-25] DEBUG org.eclipse.jetty.server.HttpChannel - new HttpChannelOverHttp@4b45cd2f{r=0,c=false,c=false/false,a=IDLE,uri=null,age=0} -> SocketChannelEndPoint@41bda65f{/127.0.0.1:55183<->/127.0.0.1:9998,OPEN,fill=-,flush=-,to=0/30000}{io=0/0,kio=0,kro=0}-><null>,null,HttpChannelState@e474a23{s=IDLE a=NOT_ASYNC i=true r=IDLE w=false}
17:34:12.888 [qtp2110558717-25] DEBUG o.e.jetty.server.HttpConnection - New HTTP Connection HttpConnection@22e49aea::SocketChannelEndPoint@41bda65f{/127.0.0.1:55183<->/127.0.0.1:9998,OPEN,fill=-,flush=-,to=1/30000}{io=0/0,kio=0,kro=0}-><null>
17:34:12.888 [qtp2110558717-25] DEBUG o.eclipse.jetty.io.AbstractEndPoint - onOpen SocketChannelEndPoint@41bda65f{/127.0.0.1:55183<->/127.0.0.1:9998,OPEN,fill=-,flush=-,to=1/30000}{io=0/0,kio=0,kro=0}->HttpConnection@22e49aea[p=HttpParser{s=START,0 of -1},g=HttpGenerator@3f03642e{s=START}]=>HttpChannelOverHttp@4b45cd2f{r=0,c=false,c=false/false,a=IDLE,uri=null,age=0}
17:34:12.888 [qtp2110558717-25] DEBUG o.e.jetty.io.AbstractConnection - onOpen HttpConnection@22e49aea::SocketChannelEndPoint@41bda65f{/127.0.0.1:55183<->/127.0.0.1:9998,OPEN,fill=-,flush=-,to=1/30000}{io=0/0,kio=0,kro=0}->HttpConnection@22e49aea[p=HttpParser{s=START,0 of -1},g=HttpGenerator@3f03642e{s=START}]=>HttpChannelOverHttp@4b45cd2f{r=0,c=false,c=false/false,a=IDLE,uri=null,age=0}
17:34:12.889 [qtp2110558717-25] DEBUG o.e.jetty.io.AbstractConnection - fillInterested HttpConnection@22e49aea::SocketChannelEndPoint@41bda65f{/127.0.0.1:55183<->/127.0.0.1:9998,OPEN,fill=-,flush=-,to=2/30000}{io=0/0,kio=0,kro=0}->HttpConnection@22e49aea[p=HttpParser{s=START,0 of -1},g=HttpGenerator@3f03642e{s=START}]=>HttpChannelOverHttp@4b45cd2f{r=0,c=false,c=false/false,a=IDLE,uri=null,age=0}
17:34:12.889 [qtp2110558717-25] DEBUG org.eclipse.jetty.io.FillInterest - interested FillInterest@5a4aea54{AC.ReadCB@22e49aea{HttpConnection@22e49aea::SocketChannelEndPoint@41bda65f{/127.0.0.1:55183<->/127.0.0.1:9998,OPEN,fill=FI,flush=-,to=0/30000}{io=0/0,kio=0,kro=0}->HttpConnection@22e49aea[p=HttpParser{s=START,0 of -1},g=HttpGenerator@3f03642e{s=START}]=>HttpChannelOverHttp@4b45cd2f{r=0,c=false,c=false/false,a=IDLE,uri=null,age=0}}}
17:34:12.889 [qtp2110558717-25] DEBUG org.eclipse.jetty.io.ChannelEndPoint - changeInterests p=false 0->1 for SocketChannelEndPoint@41bda65f{/127.0.0.1:55183<->/127.0.0.1:9998,OPEN,fill=FI,flush=-,to=0/30000}{io=0/1,kio=0,kro=0}->HttpConnection@22e49aea[p=HttpParser{s=START,0 of -1},g=HttpGenerator@3f03642e{s=START}]=>HttpChannelOverHttp@4b45cd2f{r=0,c=false,c=false/false,a=IDLE,uri=null,age=0}
17:34:12.889 [qtp2110558717-25] DEBUG org.eclipse.jetty.io.ManagedSelector - Queued change org.eclipse.jetty.io.ChannelEndPoint$1@6e68b56c on ManagedSelector@4ad4936c{STARTED} id=1 keys=1 selected=0 updates=0
17:34:12.889 [qtp2110558717-25] DEBUG org.eclipse.jetty.io.ManagedSelector - Wakeup on submit ManagedSelector@4ad4936c{STARTED} id=1 keys=1 selected=0 updates=1
17:34:12.890 [qtp2110558717-23] DEBUG org.eclipse.jetty.io.ManagedSelector - Selector sun.nio.ch.KQueueSelectorImpl@793dbc25 woken with none selected
17:34:12.890 [qtp2110558717-23] DEBUG org.eclipse.jetty.io.ManagedSelector - Selector sun.nio.ch.KQueueSelectorImpl@793dbc25 woken up from select, 0/0/1 selected
17:34:12.890 [qtp2110558717-25] DEBUG org.eclipse.jetty.io.ManagedSelector - Created SocketChannelEndPoint@41bda65f{/127.0.0.1:55183<->/127.0.0.1:9998,OPEN,fill=FI,flush=-,to=1/30000}{io=0/1,kio=0,kro=0}->HttpConnection@22e49aea[p=HttpParser{s=START,0 of -1},g=HttpGenerator@3f03642e{s=START}]=>HttpChannelOverHttp@4b45cd2f{r=0,c=false,c=false/false,a=IDLE,uri=null,age=0}
17:34:12.890 [qtp2110558717-23] DEBUG org.eclipse.jetty.io.ManagedSelector - Selector sun.nio.ch.KQueueSelectorImpl@793dbc25 processing 0 keys, 1 updates
17:34:12.890 [qtp2110558717-25] DEBUG o.e.j.util.thread.QueuedThreadPool - ran org.eclipse.jetty.io.ManagedSelector$Accept@2924a3f3
17:34:12.890 [qtp2110558717-23] DEBUG org.eclipse.jetty.io.ManagedSelector - updateable 1
17:34:12.890 [qtp2110558717-23] DEBUG org.eclipse.jetty.io.ManagedSelector - update org.eclipse.jetty.io.ChannelEndPoint$1@6e68b56c
17:34:12.890 [qtp2110558717-23] DEBUG org.eclipse.jetty.io.ChannelEndPoint - Key interests updated 0 -> 1 on SocketChannelEndPoint@41bda65f{/127.0.0.1:55183<->/127.0.0.1:9998,OPEN,fill=FI,flush=-,to=1/30000}{io=1/1,kio=1,kro=0}->HttpConnection@22e49aea[p=HttpParser{s=START,0 of -1},g=HttpGenerator@3f03642e{s=START}]=>HttpChannelOverHttp@4b45cd2f{r=0,c=false,c=false/false,a=IDLE,uri=null,age=0}
17:34:12.890 [qtp2110558717-23] DEBUG org.eclipse.jetty.io.ManagedSelector - updates 0
17:34:12.890 [qtp2110558717-23] DEBUG org.eclipse.jetty.io.ManagedSelector - Selector sun.nio.ch.KQueueSelectorImpl@793dbc25 waiting with 1 keys
17:34:12.891 [qtp2110558717-23] DEBUG org.eclipse.jetty.io.ManagedSelector - Selector sun.nio.ch.KQueueSelectorImpl@793dbc25 woken up from select, 1/1/1 selected
17:34:12.891 [qtp2110558717-23] DEBUG org.eclipse.jetty.io.ManagedSelector - Selector sun.nio.ch.KQueueSelectorImpl@793dbc25 processing 1 keys, 0 updates
17:34:12.891 [qtp2110558717-23] DEBUG org.eclipse.jetty.io.ManagedSelector - selected 1 sun.nio.ch.SelectionKeyImpl@77fa5d72 SocketChannelEndPoint@41bda65f{/127.0.0.1:55183<->/127.0.0.1:9998,OPEN,fill=FI,flush=-,to=2/30000}{io=1/1,kio=1,kro=1}->HttpConnection@22e49aea[p=HttpParser{s=START,0 of -1},g=HttpGenerator@3f03642e{s=START}]=>HttpChannelOverHttp@4b45cd2f{r=0,c=false,c=false/false,a=IDLE,uri=null,age=0} 
17:34:12.891 [qtp2110558717-23] DEBUG org.eclipse.jetty.io.ChannelEndPoint - onSelected 1->0 r=true w=false for SocketChannelEndPoint@41bda65f{/127.0.0.1:55183<->/127.0.0.1:9998,OPEN,fill=FI,flush=-,to=2/30000}{io=1/0,kio=1,kro=1}->HttpConnection@22e49aea[p=HttpParser{s=START,0 of -1},g=HttpGenerator@3f03642e{s=START}]=>HttpChannelOverHttp@4b45cd2f{r=0,c=false,c=false/false,a=IDLE,uri=null,age=0}
17:34:12.892 [qtp2110558717-23] DEBUG org.eclipse.jetty.io.ChannelEndPoint - task CEP:SocketChannelEndPoint@41bda65f{/127.0.0.1:55183<->/127.0.0.1:9998,OPEN,fill=FI,flush=-,to=2/30000}{io=1/0,kio=1,kro=1}->HttpConnection@22e49aea[p=HttpParser{s=START,0 of -1},g=HttpGenerator@3f03642e{s=START}]=>HttpChannelOverHttp@4b45cd2f{r=0,c=false,c=false/false,a=IDLE,uri=null,age=0}:runFillable:BLOCKING
17:34:12.892 [qtp2110558717-23] DEBUG o.e.j.u.t.ReservedThreadExecutor - ReservedThreadExecutor@7f9e1534{s=0/4,p=0} tryExecute EatWhatYouKill@64e92d61/SelectorProducer@111610e6/PRODUCING/p=false/JettyConnectorThreadPool[qtp2110558717]@7dcc91fd{STARTED,8<=8<=200,i=5,q=0}[ReservedThreadExecutor@7f9e1534{s=0/4,p=0}][pc=0,pic=0,pec=0,epc=0]@2020-09-27T17:34:12.892+01:00
17:34:12.892 [qtp2110558717-23] DEBUG o.e.j.u.t.ReservedThreadExecutor - ReservedThreadExecutor@7f9e1534{s=0/4,p=1} startReservedThread p=1
17:34:12.892 [qtp2110558717-23] DEBUG o.e.j.util.thread.QueuedThreadPool - queue ReservedThreadExecutor@7f9e1534{s=0/4,p=1}@73c5d755
17:34:12.892 [qtp2110558717-26] DEBUG o.e.j.util.thread.QueuedThreadPool - run ReservedThreadExecutor@7f9e1534{s=0/4,p=1}@73c5d755
17:34:12.893 [qtp2110558717-26] DEBUG o.e.j.u.t.ReservedThreadExecutor - ReservedThreadExecutor@7f9e1534{s=1/4,p=1}@73c5d755 started
17:34:12.893 [qtp2110558717-26] DEBUG o.e.j.u.t.ReservedThreadExecutor - ReservedThreadExecutor@7f9e1534{s=1/4,p=0}@73c5d755 waiting
17:34:12.893 [qtp2110558717-23] DEBUG o.e.j.u.t.strategy.EatWhatYouKill - EatWhatYouKill@64e92d61/SelectorProducer@111610e6/PRODUCING/p=false/JettyConnectorThreadPool[qtp2110558717]@7dcc91fd{STARTED,8<=8<=200,i=4,q=0}[ReservedThreadExecutor@7f9e1534{s=0/4,p=1}][pc=0,pic=0,pec=0,epc=0]@2020-09-27T17:34:12.892+01:00 m=PRODUCE_EXECUTE_CONSUME t=CEP:SocketChannelEndPoint@41bda65f{/127.0.0.1:55183<->/127.0.0.1:9998,OPEN,fill=FI,flush=-,to=4/30000}{io=1/0,kio=1,kro=1}->HttpConnection@22e49aea[p=HttpParser{s=START,0 of -1},g=HttpGenerator@3f03642e{s=START}]=>HttpChannelOverHttp@4b45cd2f{r=0,c=false,c=false/false,a=IDLE,uri=null,age=0}:runFillable:BLOCKING/BLOCKING
17:34:12.893 [qtp2110558717-23] DEBUG o.e.j.util.thread.QueuedThreadPool - queue CEP:SocketChannelEndPoint@41bda65f{/127.0.0.1:55183<->/127.0.0.1:9998,OPEN,fill=FI,flush=-,to=4/30000}{io=1/0,kio=1,kro=1}->HttpConnection@22e49aea[p=HttpParser{s=START,0 of -1},g=HttpGenerator@3f03642e{s=START}]=>HttpChannelOverHttp@4b45cd2f{r=0,c=false,c=false/false,a=IDLE,uri=null,age=0}:runFillable:BLOCKING
17:34:12.893 [qtp2110558717-23] DEBUG org.eclipse.jetty.io.ManagedSelector - updateable 0
17:34:12.893 [qtp2110558717-23] DEBUG org.eclipse.jetty.io.ManagedSelector - updates 0
17:34:12.893 [qtp2110558717-23] DEBUG org.eclipse.jetty.io.ChannelEndPoint - Key interests updated 1 -> 0 on SocketChannelEndPoint@41bda65f{/127.0.0.1:55183<->/127.0.0.1:9998,OPEN,fill=FI,flush=-,to=4/30000}{io=0/0,kio=0,kro=1}->HttpConnection@22e49aea[p=HttpParser{s=START,0 of -1},g=HttpGenerator@3f03642e{s=START}]=>HttpChannelOverHttp@4b45cd2f{r=0,c=false,c=false/false,a=IDLE,uri=null,age=0}
17:34:12.893 [qtp2110558717-27] DEBUG o.e.j.util.thread.QueuedThreadPool - run CEP:SocketChannelEndPoint@41bda65f{/127.0.0.1:55183<->/127.0.0.1:9998,OPEN,fill=FI,flush=-,to=4/30000}{io=0/0,kio=0,kro=1}->HttpConnection@22e49aea[p=HttpParser{s=START,0 of -1},g=HttpGenerator@3f03642e{s=START}]=>HttpChannelOverHttp@4b45cd2f{r=0,c=false,c=false/false,a=IDLE,uri=null,age=0}:runFillable:BLOCKING
17:34:12.894 [qtp2110558717-23] DEBUG org.eclipse.jetty.io.ManagedSelector - Selector sun.nio.ch.KQueueSelectorImpl@793dbc25 waiting with 1 keys
17:34:12.894 [qtp2110558717-27] DEBUG org.eclipse.jetty.io.FillInterest - fillable FillInterest@5a4aea54{AC.ReadCB@22e49aea{HttpConnection@22e49aea::SocketChannelEndPoint@41bda65f{/127.0.0.1:55183<->/127.0.0.1:9998,OPEN,fill=FI,flush=-,to=5/30000}{io=0/0,kio=0,kro=1}->HttpConnection@22e49aea[p=HttpParser{s=START,0 of -1},g=HttpGenerator@3f03642e{s=START}]=>HttpChannelOverHttp@4b45cd2f{r=0,c=false,c=false/false,a=IDLE,uri=null,age=0}}}
17:34:12.894 [qtp2110558717-27] DEBUG o.e.jetty.server.HttpConnection - HttpConnection@22e49aea::SocketChannelEndPoint@41bda65f{/127.0.0.1:55183<->/127.0.0.1:9998,OPEN,fill=-,flush=-,to=5/30000}{io=0/0,kio=0,kro=1}->HttpConnection@22e49aea[p=HttpParser{s=START,0 of -1},g=HttpGenerator@3f03642e{s=START}]=>HttpChannelOverHttp@4b45cd2f{r=0,c=false,c=false/false,a=IDLE,uri=null,age=0} onFillable enter HttpChannelState@e474a23{s=IDLE a=NOT_ASYNC i=true r=IDLE w=false} null
17:34:12.894 [qtp2110558717-27] DEBUG org.eclipse.jetty.io.ChannelEndPoint - filled 309 HeapByteBuffer@15070f6b[p=0,l=309,c=8192,r=309]={<<<POST /contact HTT...":"+39 123456"}>>>\x00\x00\x00\x00\x00\x00\x00\x00\x00\x00\x00\x00\x00\x00\x00\x00\x00...\x00\x00\x00\x00\x00\x00\x00\x00\x00\x00\x00\x00\x00\x00\x00}
17:34:12.895 [qtp2110558717-27] DEBUG o.e.jetty.server.HttpConnection - HttpConnection@22e49aea::SocketChannelEndPoint@41bda65f{/127.0.0.1:55183<->/127.0.0.1:9998,OPEN,fill=-,flush=-,to=1/30000}{io=0/0,kio=0,kro=1}->HttpConnection@22e49aea[p=HttpParser{s=START,0 of -1},g=HttpGenerator@3f03642e{s=START}]=>HttpChannelOverHttp@4b45cd2f{r=0,c=false,c=false/false,a=IDLE,uri=null,age=0} filled 309 HeapByteBuffer@15070f6b[p=0,l=309,c=8192,r=309]={<<<POST /contact HTT...":"+39 123456"}>>>\x00\x00\x00\x00\x00\x00\x00\x00\x00\x00\x00\x00\x00\x00\x00\x00\x00...\x00\x00\x00\x00\x00\x00\x00\x00\x00\x00\x00\x00\x00\x00\x00}
17:34:12.895 [qtp2110558717-27] DEBUG o.e.jetty.server.HttpConnection - HttpConnection@22e49aea::SocketChannelEndPoint@41bda65f{/127.0.0.1:55183<->/127.0.0.1:9998,OPEN,fill=-,flush=-,to=1/30000}{io=0/0,kio=0,kro=1}->HttpConnection@22e49aea[p=HttpParser{s=START,0 of -1},g=HttpGenerator@3f03642e{s=START}]=>HttpChannelOverHttp@4b45cd2f{r=0,c=false,c=false/false,a=IDLE,uri=null,age=0} parse HeapByteBuffer@15070f6b[p=0,l=309,c=8192,r=309]={<<<POST /contact HTT...":"+39 123456"}>>>\x00\x00\x00\x00\x00\x00\x00\x00\x00\x00\x00\x00\x00\x00\x00\x00\x00...\x00\x00\x00\x00\x00\x00\x00\x00\x00\x00\x00\x00\x00\x00\x00} {}
17:34:12.895 [qtp2110558717-27] DEBUG org.eclipse.jetty.http.HttpParser - parseNext s=START HeapByteBuffer@15070f6b[p=0,l=309,c=8192,r=309]={<<<POST /contact HTT...":"+39 123456"}>>>\x00\x00\x00\x00\x00\x00\x00\x00\x00\x00\x00\x00\x00\x00\x00\x00\x00...\x00\x00\x00\x00\x00\x00\x00\x00\x00\x00\x00\x00\x00\x00\x00}
17:34:12.895 [qtp2110558717-27] DEBUG org.eclipse.jetty.http.HttpParser - START --> SPACE1
17:34:12.895 [qtp2110558717-27] DEBUG org.eclipse.jetty.http.HttpParser - SPACE1 --> URI
17:34:12.895 [qtp2110558717-27] DEBUG org.eclipse.jetty.http.HttpParser - URI --> SPACE2
17:34:12.895 [qtp2110558717-27] DEBUG org.eclipse.jetty.http.HttpParser - SPACE2 --> REQUEST_VERSION
17:34:12.895 [qtp2110558717-27] DEBUG org.eclipse.jetty.http.HttpParser - REQUEST_VERSION --> HEADER
17:34:12.896 [qtp2110558717-27] DEBUG org.eclipse.jetty.http.HttpParser - HEADER:Content-Type: application/json --> IN_VALUE
17:34:12.896 [qtp2110558717-27] DEBUG org.eclipse.jetty.http.HttpParser - HEADER:Content-Type: application/json --> FIELD
17:34:12.896 [qtp2110558717-27] DEBUG org.eclipse.jetty.http.HttpParser - HEADER:User-Agent --> VALUE
17:34:12.896 [qtp2110558717-27] DEBUG org.eclipse.jetty.http.HttpParser - HEADER:User-Agent --> IN_VALUE
17:34:12.896 [qtp2110558717-27] DEBUG org.eclipse.jetty.http.HttpParser - HEADER:User-Agent --> FIELD
17:34:12.896 [qtp2110558717-27] DEBUG org.eclipse.jetty.http.HttpParser - HEADER:Host --> VALUE
17:34:12.896 [qtp2110558717-27] DEBUG org.eclipse.jetty.http.HttpParser - HEADER:Host --> IN_VALUE
17:34:12.896 [qtp2110558717-27] DEBUG org.eclipse.jetty.http.HttpParser - HEADER:Host --> FIELD
17:34:12.896 [qtp2110558717-27] DEBUG org.eclipse.jetty.http.HttpParser - HEADER:Accept --> VALUE
17:34:12.896 [qtp2110558717-27] DEBUG org.eclipse.jetty.http.HttpParser - HEADER:Accept --> IN_VALUE
17:34:12.896 [qtp2110558717-27] DEBUG org.eclipse.jetty.http.HttpParser - HEADER:Accept --> FIELD
17:34:12.896 [qtp2110558717-27] DEBUG org.eclipse.jetty.http.HttpParser - HEADER:Connection: keep-alive --> IN_VALUE
17:34:12.896 [qtp2110558717-27] DEBUG org.eclipse.jetty.http.HttpParser - HEADER:Connection: keep-alive --> FIELD
17:34:12.896 [qtp2110558717-27] DEBUG org.eclipse.jetty.http.HttpParser - HEADER:Content-Length --> VALUE
17:34:12.896 [qtp2110558717-27] DEBUG org.eclipse.jetty.http.HttpParser - HEADER:Content-Length --> IN_VALUE
17:34:12.896 [qtp2110558717-27] DEBUG org.eclipse.jetty.http.HttpParser - HEADER:Content-Length --> FIELD
17:34:12.896 [qtp2110558717-27] DEBUG org.eclipse.jetty.http.HttpParser - HEADER --> CONTENT
17:34:12.897 [qtp2110558717-27] DEBUG org.eclipse.jetty.server.HttpChannel - REQUEST for //localhost:9998/contact on HttpChannelOverHttp@4b45cd2f{r=1,c=false,c=false/false,a=IDLE,uri=//localhost:9998/contact,age=0}
POST //localhost:9998/contact HTTP/1.1
Content-Type: application/json
User-Agent: Jersey/2.30.1 (HttpUrlConnection 1.8.0_261)
Host: localhost:9998
Accept: text/html, image/gif, image/jpeg, *; q=.2, */*; q=.2
Connection: keep-alive
Content-Length: 66


17:34:12.897 [qtp2110558717-27] DEBUG o.e.jetty.server.HttpConnection - HttpConnection@22e49aea::SocketChannelEndPoint@41bda65f{/127.0.0.1:55183<->/127.0.0.1:9998,OPEN,fill=-,flush=-,to=3/30000}{io=0/0,kio=0,kro=1}->HttpConnection@22e49aea[p=HttpParser{s=CONTENT,0 of 66},g=HttpGenerator@3f03642e{s=START}]=>HttpChannelOverHttp@4b45cd2f{r=1,c=false,c=false/false,a=IDLE,uri=//localhost:9998/contact,age=0} parsed true HttpParser{s=CONTENT,0 of 66}
17:34:12.898 [qtp2110558717-27] DEBUG org.eclipse.jetty.server.HttpChannel - HttpChannelOverHttp@4b45cd2f{r=1,c=false,c=false/false,a=IDLE,uri=//localhost:9998/contact,age=1} handle //localhost:9998/contact 
17:34:12.898 [qtp2110558717-27] DEBUG o.e.jetty.server.HttpChannelState - handling HttpChannelState@e474a23{s=IDLE a=NOT_ASYNC i=true r=IDLE w=false}
17:34:12.898 [qtp2110558717-27] DEBUG org.eclipse.jetty.server.HttpChannel - HttpChannelOverHttp@4b45cd2f{r=1,c=false,c=false/false,a=DISPATCHED,uri=//localhost:9998/contact,age=1} action DISPATCH
17:34:12.898 [qtp2110558717-27] DEBUG org.eclipse.jetty.server.Server - REQUEST POST /contact on HttpChannelOverHttp@4b45cd2f{r=1,c=false,c=false/false,a=DISPATCHED,uri=//localhost:9998/contact,age=1}
17:34:12.901 [qtp2110558717-27] DEBUG o.e.jetty.server.HttpConnection - HttpConnection@22e49aea::SocketChannelEndPoint@41bda65f{/127.0.0.1:55183<->/127.0.0.1:9998,OPEN,fill=-,flush=-,to=7/30000}{io=0/0,kio=0,kro=1}->HttpConnection@22e49aea[p=HttpParser{s=CONTENT,0 of 66},g=HttpGenerator@3f03642e{s=START}]=>HttpChannelOverHttp@4b45cd2f{r=1,c=false,c=false/false,a=DISPATCHED,uri=//localhost:9998/contact,age=4} parse HeapByteBuffer@15070f6b[p=243,l=309,c=8192,r=66]={POST /contact HTT...-Length: 66\r\n\r\n<<<{"firstName":"Ric...":"+39 123456"}>>>\x00\x00\x00\x00\x00\x00\x00\x00\x00\x00\x00\x00\x00\x00\x00\x00\x00...\x00\x00\x00\x00\x00\x00\x00\x00\x00\x00\x00\x00\x00\x00\x00} {}
17:34:12.901 [qtp2110558717-27] DEBUG org.eclipse.jetty.http.HttpParser - parseNext s=CONTENT HeapByteBuffer@15070f6b[p=243,l=309,c=8192,r=66]={POST /contact HTT...-Length: 66\r\n\r\n<<<{"firstName":"Ric...":"+39 123456"}>>>\x00\x00\x00\x00\x00\x00\x00\x00\x00\x00\x00\x00\x00\x00\x00\x00\x00...\x00\x00\x00\x00\x00\x00\x00\x00\x00\x00\x00\x00\x00\x00\x00}
17:34:12.901 [qtp2110558717-27] DEBUG org.eclipse.jetty.server.HttpChannel - HttpChannelOverHttp@4b45cd2f{r=1,c=false,c=false/false,a=DISPATCHED,uri=//localhost:9998/contact,age=4} onContent Content@77acc9e3{HeapByteBufferR@6b6da186[p=243,l=309,c=8192,r=66]={POST /contact HTT...-Length: 66\r\n\r\n<<<{"firstName":"Ric...":"+39 123456"}>>>\x00\x00\x00\x00\x00\x00\x00\x00\x00\x00\x00\x00\x00\x00\x00\x00\x00...\x00\x00\x00\x00\x00\x00\x00\x00\x00\x00\x00\x00\x00\x00\x00}}
17:34:12.901 [qtp2110558717-27] DEBUG org.eclipse.jetty.server.HttpInput - HttpInputOverHTTP@fd6cf4c[c=0,q=0,[0]=null,s=STREAM] addContent Content@77acc9e3{HeapByteBufferR@6b6da186[p=243,l=309,c=8192,r=66]={POST /contact HTT...-Length: 66\r\n\r\n<<<{"firstName":"Ric...":"+39 123456"}>>>\x00\x00\x00\x00\x00\x00\x00\x00\x00\x00\x00\x00\x00\x00\x00\x00\x00...\x00\x00\x00\x00\x00\x00\x00\x00\x00\x00\x00\x00\x00\x00\x00}}
17:34:12.901 [qtp2110558717-27] DEBUG org.eclipse.jetty.http.HttpParser - CONTENT --> END
17:34:12.901 [qtp2110558717-27] DEBUG org.eclipse.jetty.server.HttpChannel - HttpChannelOverHttp@4b45cd2f{r=1,c=false,c=false/false,a=DISPATCHED,uri=//localhost:9998/contact,age=4} onContentComplete
17:34:12.901 [qtp2110558717-27] DEBUG org.eclipse.jetty.server.HttpChannel - HttpChannelOverHttp@4b45cd2f{r=1,c=false,c=false/false,a=DISPATCHED,uri=//localhost:9998/contact,age=4} onRequestComplete
17:34:12.901 [qtp2110558717-27] DEBUG org.eclipse.jetty.server.HttpInput - HttpInputOverHTTP@fd6cf4c[c=0,q=1,[0]=EOF,s=STREAM] addContent EOF
17:34:12.902 [qtp2110558717-27] DEBUG o.e.jetty.server.HttpConnection - HttpConnection@22e49aea::SocketChannelEndPoint@41bda65f{/127.0.0.1:55183<->/127.0.0.1:9998,OPEN,fill=-,flush=-,to=8/30000}{io=0/0,kio=0,kro=1}->HttpConnection@22e49aea[p=HttpParser{s=END,66 of 66},g=HttpGenerator@3f03642e{s=START}]=>HttpChannelOverHttp@4b45cd2f{r=1,c=false,c=false/false,a=DISPATCHED,uri=//localhost:9998/contact,age=5} parsed false HttpParser{s=END,66 of 66}
17:34:12.902 [qtp2110558717-27] DEBUG org.eclipse.jetty.server.HttpInput - HttpInputOverHTTP@fd6cf4c[c=66,q=1,[0]=EOF,s=STREAM] read 66 from Content@77acc9e3{HeapByteBufferR@6b6da186[p=309,l=309,c=8192,r=0]={POST /contact HTT...":"+39 123456"}<<<>>>\x00\x00\x00\x00\x00\x00\x00\x00\x00\x00\x00\x00\x00\x00\x00\x00\x00...\x00\x00\x00\x00\x00\x00\x00\x00\x00\x00\x00\x00\x00\x00\x00}}
17:34:12.902 [qtp2110558717-27] DEBUG o.e.jetty.server.HttpConnection - releaseRequestBuffer HttpConnection@22e49aea::SocketChannelEndPoint@41bda65f{/127.0.0.1:55183<->/127.0.0.1:9998,OPEN,fill=-,flush=-,to=8/30000}{io=0/0,kio=0,kro=1}->HttpConnection@22e49aea[p=HttpParser{s=END,66 of 66},g=HttpGenerator@3f03642e{s=START}]=>HttpChannelOverHttp@4b45cd2f{r=1,c=false,c=false/false,a=DISPATCHED,uri=//localhost:9998/contact,age=5}
17:34:12.923 [qtp2110558717-27] DEBUG org.eclipse.jetty.server.HttpChannel - sendResponse info=null content=HeapByteBuffer@7c203415[p=0,l=0,c=0,r=0]={<<<>>>} complete=true committing=true callback=Blocker@16324c04{null}
17:34:12.923 [qtp2110558717-27] DEBUG org.eclipse.jetty.server.HttpChannel - COMMIT for /contact on HttpChannelOverHttp@4b45cd2f{r=1,c=true,c=false/false,a=DISPATCHED,uri=//localhost:9998/contact,age=26}
400 Bad Request HTTP/1.1
Date: Sun, 27 Sep 2020 16:34:12 GMT
Content-Length: 0


17:34:12.924 [qtp2110558717-27] DEBUG o.e.jetty.server.HttpConnection - org.eclipse.jetty.server.HttpConnection$SendCallback@5ef07886[PROCESSING][i=HTTP/1.1{s=400,h=2,cl=0},cb=org.eclipse.jetty.server.HttpChannel$SendCallback@33b1dd68] generate: NEED_HEADER (null,[p=0,l=0,c=0,r=0],true)@START
17:34:12.924 [qtp2110558717-27] DEBUG org.eclipse.jetty.http.HttpGenerator - generateHeaders HTTP/1.1{s=400,h=2,cl=0} last=true content=HeapByteBuffer@7c203415[p=0,l=0,c=0,r=0]={<<<>>>}
17:34:12.924 [qtp2110558717-27] DEBUG org.eclipse.jetty.http.HttpGenerator - Date: Sun, 27 Sep 2020 16:34:12 GMT
Content-Length: 0


17:34:12.924 [qtp2110558717-27] DEBUG org.eclipse.jetty.http.HttpGenerator - CONTENT_LENGTH
17:34:12.924 [qtp2110558717-27] DEBUG o.e.jetty.server.HttpConnection - org.eclipse.jetty.server.HttpConnection$SendCallback@5ef07886[PROCESSING][i=HTTP/1.1{s=400,h=2,cl=0},cb=org.eclipse.jetty.server.HttpChannel$SendCallback@33b1dd68] generate: FLUSH ([p=0,l=117,c=8192,r=117],[p=0,l=0,c=0,r=0],true)@COMPLETING
17:34:12.924 [qtp2110558717-27] DEBUG org.eclipse.jetty.io.WriteFlusher - write: WriteFlusher@2f8b16ac{IDLE}->null [HeapByteBuffer@15070f6b[p=0,l=117,c=8192,r=117]={<<<HTTP/1.1 400 Bad ....v20190418)\r\n\r\n>>>: localhost:9998\r...\x00\x00\x00\x00\x00\x00\x00\x00\x00\x00\x00\x00\x00\x00\x00}]
17:34:12.924 [qtp2110558717-27] DEBUG org.eclipse.jetty.io.WriteFlusher - update WriteFlusher@2f8b16ac{WRITING}->null:IDLE-->WRITING
17:34:12.924 [qtp2110558717-27] DEBUG org.eclipse.jetty.io.ChannelEndPoint - flushed 117 SocketChannelEndPoint@41bda65f{/127.0.0.1:55183<->/127.0.0.1:9998,OPEN,fill=-,flush=W,to=30/30000}{io=0/0,kio=0,kro=1}->HttpConnection@22e49aea[p=HttpParser{s=END,66 of 66},g=HttpGenerator@3f03642e{s=COMPLETING}]=>HttpChannelOverHttp@4b45cd2f{r=1,c=true,c=false/false,a=DISPATCHED,uri=//localhost:9998/contact,age=27}
17:34:12.925 [qtp2110558717-27] DEBUG org.eclipse.jetty.io.WriteFlusher - Flushed=true written=117 remaining=0 WriteFlusher@2f8b16ac{WRITING}->null
17:34:12.925 [qtp2110558717-27] DEBUG org.eclipse.jetty.io.WriteFlusher - update WriteFlusher@2f8b16ac{IDLE}->null:WRITING-->IDLE
17:34:12.925 [qtp2110558717-27] DEBUG o.e.jetty.server.HttpConnection - org.eclipse.jetty.server.HttpConnection$SendCallback@5ef07886[PROCESSING][i=HTTP/1.1{s=400,h=2,cl=0},cb=org.eclipse.jetty.server.HttpChannel$SendCallback@33b1dd68] generate: DONE ([p=117,l=117,c=8192,r=0],[p=0,l=0,c=0,r=0],true)@END
17:34:12.925 [main] DEBUG o.e.j.u.component.AbstractLifeCycle - stopping Server@66eb985d{STARTED}[9.4.17.v20190418]
17:34:12.925 [main] DEBUG org.eclipse.jetty.server.Server - doStop Server@66eb985d{STOPPING}[9.4.17.v20190418]
17:34:12.925 [qtp2110558717-27] DEBUG org.eclipse.jetty.server.Server - handled=true async=false committed=true on HttpChannelOverHttp@4b45cd2f{r=1,c=true,c=false/true,a=DISPATCHED,uri=//localhost:9998/contact,age=28}
17:34:12.925 [qtp2110558717-24] DEBUG o.e.j.util.thread.QueuedThreadPool - ran qtp2110558717-24-acceptor-0@79b663b3-ServerConnector@6c8a68c1{HTTP/1.1,[http/1.1]}{0.0.0.0:9998}
17:34:12.925 [qtp2110558717-27] DEBUG o.e.jetty.server.HttpChannelState - unhandle HttpChannelState@e474a23{s=DISPATCHED a=NOT_ASYNC i=true r=IDLE w=false}
17:34:12.925 [qtp2110558717-27] DEBUG org.eclipse.jetty.server.HttpChannel - HttpChannelOverHttp@4b45cd2f{r=1,c=true,c=false/true,a=COMPLETING,uri=//localhost:9998/contact,age=28} action COMPLETE
17:34:12.925 [qtp2110558717-27] DEBUG o.e.jetty.server.HttpChannelState - onComplete HttpChannelState@e474a23{s=COMPLETING a=NOT_ASYNC i=false r=IDLE w=false}
17:34:12.925 [qtp2110558717-27] DEBUG org.eclipse.jetty.server.HttpChannel - COMPLETE for /contact written=0
17:34:12.925 [qtp2110558717-27] DEBUG o.e.jetty.server.HttpChannelState - recycle HttpChannelState@e474a23{s=COMPLETED a=NOT_ASYNC i=false r=IDLE w=false}
17:34:12.925 [qtp2110558717-27] DEBUG org.eclipse.jetty.http.HttpParser - reset HttpParser{s=END,66 of 66}
17:34:12.925 [qtp2110558717-27] DEBUG org.eclipse.jetty.http.HttpParser - END --> START
17:34:12.926 [qtp2110558717-27] DEBUG org.eclipse.jetty.server.HttpChannel - HttpChannelOverHttp@4b45cd2f{r=1,c=false,c=false/false,a=IDLE,uri=null,age=0} handle exit, result COMPLETE
17:34:12.926 [qtp2110558717-27] DEBUG org.eclipse.jetty.io.ChannelEndPoint - filled 0 HeapByteBuffer@15070f6b[p=0,l=0,c=8192,r=0]={<<<>>>HTTP/1.1 400 Bad ...\x00\x00\x00\x00\x00\x00\x00\x00\x00\x00\x00\x00\x00\x00\x00}
17:34:12.926 [qtp2110558717-27] DEBUG org.eclipse.jetty.io.ChannelEndPoint - filled 0 HeapByteBuffer@15070f6b[p=0,l=0,c=8192,r=0]={<<<>>>HTTP/1.1 400 Bad ...\x00\x00\x00\x00\x00\x00\x00\x00\x00\x00\x00\x00\x00\x00\x00}
17:34:12.926 [qtp2110558717-27] DEBUG o.e.jetty.server.HttpConnection - HttpConnection@22e49aea::SocketChannelEndPoint@41bda65f{/127.0.0.1:55183<->/127.0.0.1:9998,OPEN,fill=-,flush=-,to=1/30000}{io=0/0,kio=0,kro=1}->HttpConnection@22e49aea[p=HttpParser{s=START,0 of -1},g=HttpGenerator@3f03642e{s=START}]=>HttpChannelOverHttp@4b45cd2f{r=1,c=false,c=false/false,a=IDLE,uri=null,age=0} filled 0 HeapByteBuffer@15070f6b[p=0,l=0,c=8192,r=0]={<<<>>>HTTP/1.1 400 Bad ...\x00\x00\x00\x00\x00\x00\x00\x00\x00\x00\x00\x00\x00\x00\x00}
17:34:12.926 [qtp2110558717-27] DEBUG o.e.jetty.server.HttpConnection - HttpConnection@22e49aea::SocketChannelEndPoint@41bda65f{/127.0.0.1:55183<->/127.0.0.1:9998,OPEN,fill=-,flush=-,to=1/30000}{io=0/0,kio=0,kro=1}->HttpConnection@22e49aea[p=HttpParser{s=START,0 of -1},g=HttpGenerator@3f03642e{s=START}]=>HttpChannelOverHttp@4b45cd2f{r=1,c=false,c=false/false,a=IDLE,uri=null,age=0} parse HeapByteBuffer@15070f6b[p=0,l=0,c=8192,r=0]={<<<>>>HTTP/1.1 400 Bad ...\x00\x00\x00\x00\x00\x00\x00\x00\x00\x00\x00\x00\x00\x00\x00} {}
17:34:12.926 [qtp2110558717-27] DEBUG org.eclipse.jetty.http.HttpParser - parseNext s=START HeapByteBuffer@15070f6b[p=0,l=0,c=8192,r=0]={<<<>>>HTTP/1.1 400 Bad ...\x00\x00\x00\x00\x00\x00\x00\x00\x00\x00\x00\x00\x00\x00\x00}
17:34:12.927 [qtp2110558717-27] DEBUG o.e.jetty.server.HttpConnection - HttpConnection@22e49aea::SocketChannelEndPoint@41bda65f{/127.0.0.1:55183<->/127.0.0.1:9998,OPEN,fill=-,flush=-,to=1/30000}{io=0/0,kio=0,kro=1}->HttpConnection@22e49aea[p=HttpParser{s=START,0 of -1},g=HttpGenerator@3f03642e{s=START}]=>HttpChannelOverHttp@4b45cd2f{r=1,c=false,c=false/false,a=IDLE,uri=null,age=0} parsed false HttpParser{s=START,0 of -1}
17:34:12.927 [qtp2110558717-27] DEBUG o.e.jetty.server.HttpConnection - releaseRequestBuffer HttpConnection@22e49aea::SocketChannelEndPoint@41bda65f{/127.0.0.1:55183<->/127.0.0.1:9998,OPEN,fill=-,flush=-,to=2/30000}{io=0/0,kio=0,kro=1}->HttpConnection@22e49aea[p=HttpParser{s=START,0 of -1},g=HttpGenerator@3f03642e{s=START}]=>HttpChannelOverHttp@4b45cd2f{r=1,c=false,c=false/false,a=IDLE,uri=null,age=0}
17:34:12.927 [qtp2110558717-27] DEBUG o.e.jetty.io.AbstractConnection - fillInterested HttpConnection@22e49aea::SocketChannelEndPoint@41bda65f{/127.0.0.1:55183<->/127.0.0.1:9998,OPEN,fill=-,flush=-,to=2/30000}{io=0/0,kio=0,kro=1}->HttpConnection@22e49aea[p=HttpParser{s=START,0 of -1},g=HttpGenerator@3f03642e{s=START}]=>HttpChannelOverHttp@4b45cd2f{r=1,c=false,c=false/false,a=IDLE,uri=null,age=0}
17:34:12.927 [qtp2110558717-27] DEBUG org.eclipse.jetty.io.FillInterest - interested FillInterest@5a4aea54{AC.ReadCB@22e49aea{HttpConnection@22e49aea::SocketChannelEndPoint@41bda65f{/127.0.0.1:55183<->/127.0.0.1:9998,OPEN,fill=FI,flush=-,to=0/30000}{io=0/0,kio=0,kro=1}->HttpConnection@22e49aea[p=HttpParser{s=START,0 of -1},g=HttpGenerator@3f03642e{s=START}]=>HttpChannelOverHttp@4b45cd2f{r=1,c=false,c=false/false,a=IDLE,uri=null,age=0}}}
17:34:12.928 [qtp2110558717-27] DEBUG org.eclipse.jetty.io.ChannelEndPoint - changeInterests p=false 0->1 for SocketChannelEndPoint@41bda65f{/127.0.0.1:55183<->/127.0.0.1:9998,OPEN,fill=FI,flush=-,to=0/30000}{io=0/1,kio=0,kro=1}->HttpConnection@22e49aea[p=HttpParser{s=START,0 of -1},g=HttpGenerator@3f03642e{s=START}]=>HttpChannelOverHttp@4b45cd2f{r=1,c=false,c=false/false,a=IDLE,uri=null,age=0}
17:34:12.928 [qtp2110558717-27] DEBUG org.eclipse.jetty.io.ManagedSelector - Queued change org.eclipse.jetty.io.ChannelEndPoint$1@6e68b56c on ManagedSelector@4ad4936c{STARTED} id=1 keys=1 selected=0 updates=0
17:34:12.928 [qtp2110558717-27] DEBUG org.eclipse.jetty.io.ManagedSelector - Wakeup on submit ManagedSelector@4ad4936c{STARTED} id=1 keys=1 selected=0 updates=1
17:34:12.928 [qtp2110558717-23] DEBUG org.eclipse.jetty.io.ManagedSelector - Selector sun.nio.ch.KQueueSelectorImpl@793dbc25 woken with none selected
17:34:12.928 [qtp2110558717-23] DEBUG org.eclipse.jetty.io.ManagedSelector - Selector sun.nio.ch.KQueueSelectorImpl@793dbc25 woken up from select, 0/0/1 selected
17:34:12.928 [qtp2110558717-23] DEBUG org.eclipse.jetty.io.ManagedSelector - Selector sun.nio.ch.KQueueSelectorImpl@793dbc25 processing 0 keys, 1 updates
17:34:12.928 [qtp2110558717-23] DEBUG org.eclipse.jetty.io.ManagedSelector - updateable 1
17:34:12.928 [qtp2110558717-27] DEBUG o.e.jetty.server.HttpConnection - HttpConnection@22e49aea::SocketChannelEndPoint@41bda65f{/127.0.0.1:55183<->/127.0.0.1:9998,OPEN,fill=FI,flush=-,to=1/30000}{io=0/1,kio=0,kro=1}->HttpConnection@22e49aea[p=HttpParser{s=START,0 of -1},g=HttpGenerator@3f03642e{s=START}]=>HttpChannelOverHttp@4b45cd2f{r=1,c=false,c=false/false,a=IDLE,uri=null,age=0} onFillable exit HttpChannelState@e474a23{s=IDLE a=NOT_ASYNC i=true r=IDLE w=false} null
17:34:12.928 [qtp2110558717-23] DEBUG org.eclipse.jetty.io.ManagedSelector - update org.eclipse.jetty.io.ChannelEndPoint$1@6e68b56c
17:34:12.928 [qtp2110558717-23] DEBUG org.eclipse.jetty.io.ChannelEndPoint - Key interests updated 0 -> 1 on SocketChannelEndPoint@41bda65f{/127.0.0.1:55183<->/127.0.0.1:9998,OPEN,fill=FI,flush=-,to=1/30000}{io=1/1,kio=1,kro=1}->HttpConnection@22e49aea[p=HttpParser{s=START,0 of -1},g=HttpGenerator@3f03642e{s=START}]=>HttpChannelOverHttp@4b45cd2f{r=1,c=false,c=false/false,a=IDLE,uri=null,age=0}
17:34:12.929 [qtp2110558717-23] DEBUG org.eclipse.jetty.io.ManagedSelector - updates 0
17:34:12.929 [qtp2110558717-23] DEBUG org.eclipse.jetty.io.ManagedSelector - Selector sun.nio.ch.KQueueSelectorImpl@793dbc25 waiting with 1 keys
17:34:12.929 [qtp2110558717-27] DEBUG o.e.j.util.thread.QueuedThreadPool - ran CEP:SocketChannelEndPoint@41bda65f{/127.0.0.1:55183<->/127.0.0.1:9998,OPEN,fill=FI,flush=-,to=2/30000}{io=1/1,kio=1,kro=1}->HttpConnection@22e49aea[p=HttpParser{s=START,0 of -1},g=HttpGenerator@3f03642e{s=START}]=>HttpChannelOverHttp@4b45cd2f{r=1,c=false,c=false/false,a=IDLE,uri=null,age=0}:runFillable:BLOCKING
17:34:12.940 [main] DEBUG o.e.j.s.h.AbstractHandlerContainer - Graceful shutdown Server@66eb985d{STOPPING}[9.4.17.v20190418] by 
17:34:12.940 [main] DEBUG o.e.j.u.component.AbstractLifeCycle - stopping ServerConnector@6c8a68c1{HTTP/1.1,[http/1.1]}{0.0.0.0:9998}
17:34:12.941 [main] DEBUG o.e.j.u.component.AbstractLifeCycle - stopping SelectorManager@ServerConnector@6c8a68c1{HTTP/1.1,[http/1.1]}{0.0.0.0:9998}
17:34:12.941 [main] DEBUG o.e.j.u.component.AbstractLifeCycle - stopping ManagedSelector@4ad4936c{STARTED} id=1 keys=1 selected=0 updates=0
17:34:12.941 [main] DEBUG org.eclipse.jetty.io.ManagedSelector - Queued change org.eclipse.jetty.io.ManagedSelector$CloseConnections@d400943 on ManagedSelector@4ad4936c{STOPPING} id=1 keys=1 selected=0 updates=0
17:34:12.941 [main] DEBUG org.eclipse.jetty.io.ManagedSelector - Wakeup on submit ManagedSelector@4ad4936c{STOPPING} id=1 keys=1 selected=0 updates=1
17:34:12.941 [qtp2110558717-23] DEBUG org.eclipse.jetty.io.ManagedSelector - Selector sun.nio.ch.KQueueSelectorImpl@793dbc25 woken with none selected
17:34:12.941 [qtp2110558717-23] DEBUG org.eclipse.jetty.io.ManagedSelector - Selector sun.nio.ch.KQueueSelectorImpl@793dbc25 woken up from select, 0/0/1 selected
17:34:12.941 [qtp2110558717-23] DEBUG org.eclipse.jetty.io.ManagedSelector - Selector sun.nio.ch.KQueueSelectorImpl@793dbc25 processing 0 keys, 1 updates
17:34:12.941 [qtp2110558717-23] DEBUG org.eclipse.jetty.io.ManagedSelector - updateable 1
17:34:12.941 [qtp2110558717-23] DEBUG org.eclipse.jetty.io.ManagedSelector - update org.eclipse.jetty.io.ManagedSelector$CloseConnections@d400943
17:34:12.941 [qtp2110558717-23] DEBUG org.eclipse.jetty.io.ManagedSelector - Closing 1 connections on ManagedSelector@4ad4936c{STOPPING} id=1 keys=1 selected=0 updates=0
17:34:12.941 [qtp2110558717-23] DEBUG o.eclipse.jetty.io.AbstractEndPoint - close SocketChannelEndPoint@41bda65f{/127.0.0.1:55183<->/127.0.0.1:9998,OPEN,fill=FI,flush=-,to=14/30000}{io=1/1,kio=1,kro=1}->HttpConnection@22e49aea[p=HttpParser{s=START,0 of -1},g=HttpGenerator@3f03642e{s=START}]=>HttpChannelOverHttp@4b45cd2f{r=1,c=false,c=false/false,a=IDLE,uri=null,age=0}
17:34:12.942 [qtp2110558717-23] DEBUG o.eclipse.jetty.io.AbstractEndPoint - close(null) SocketChannelEndPoint@41bda65f{/127.0.0.1:55183<->/127.0.0.1:9998,OPEN,fill=FI,flush=-,to=14/30000}{io=1/1,kio=1,kro=1}->HttpConnection@22e49aea[p=HttpParser{s=START,0 of -1},g=HttpGenerator@3f03642e{s=START}]=>HttpChannelOverHttp@4b45cd2f{r=1,c=false,c=false/false,a=IDLE,uri=null,age=0}
17:34:12.942 [qtp2110558717-23] DEBUG org.eclipse.jetty.io.ChannelEndPoint - doClose SocketChannelEndPoint@41bda65f{/127.0.0.1:55183<->/127.0.0.1:9998,CLOSED,fill=FI,flush=-,to=15/30000}{io=1/1,kio=1,kro=1}->HttpConnection@22e49aea[p=HttpParser{s=START,0 of -1},g=HttpGenerator@3f03642e{s=START}]=>HttpChannelOverHttp@4b45cd2f{r=1,c=false,c=false/false,a=IDLE,uri=null,age=0}
17:34:12.942 [qtp2110558717-23] DEBUG org.eclipse.jetty.io.WriteFlusher - ignored: WriteFlusher@2f8b16ac{IDLE}->null
java.nio.channels.ClosedChannelException: null
	at org.eclipse.jetty.io.WriteFlusher.onClose(WriteFlusher.java:492)
	at org.eclipse.jetty.io.AbstractEndPoint.onClose(AbstractEndPoint.java:353)
	at org.eclipse.jetty.io.ChannelEndPoint.onClose(ChannelEndPoint.java:215)
	at org.eclipse.jetty.io.AbstractEndPoint.doOnClose(AbstractEndPoint.java:225)
	at org.eclipse.jetty.io.AbstractEndPoint.close(AbstractEndPoint.java:192)
	at org.eclipse.jetty.io.AbstractEndPoint.close(AbstractEndPoint.java:175)
	at org.eclipse.jetty.io.AbstractConnection.close(AbstractConnection.java:248)
	at org.eclipse.jetty.io.ManagedSelector.closeNoExceptions(ManagedSelector.java:252)
	at org.eclipse.jetty.io.ManagedSelector.access$1400(ManagedSelector.java:61)
	at org.eclipse.jetty.io.ManagedSelector$CloseConnections.update(ManagedSelector.java:866)
	at org.eclipse.jetty.io.ManagedSelector$SelectorProducer.processUpdates(ManagedSelector.java:426)
	at org.eclipse.jetty.io.ManagedSelector$SelectorProducer.produce(ManagedSelector.java:397)
	at org.eclipse.jetty.util.thread.strategy.EatWhatYouKill.produceTask(EatWhatYouKill.java:357)
	at org.eclipse.jetty.util.thread.strategy.EatWhatYouKill.doProduce(EatWhatYouKill.java:181)
	at org.eclipse.jetty.util.thread.strategy.EatWhatYouKill.tryProduce(EatWhatYouKill.java:168)
	at org.eclipse.jetty.util.thread.strategy.EatWhatYouKill.produce(EatWhatYouKill.java:132)
	at org.eclipse.jetty.util.thread.QueuedThreadPool.runJob(QueuedThreadPool.java:786)
	at org.eclipse.jetty.util.thread.QueuedThreadPool$2.run(QueuedThreadPool.java:743)
	at java.lang.Thread.run(Thread.java:748)
17:34:12.943 [qtp2110558717-23] DEBUG org.eclipse.jetty.io.FillInterest - onClose FillInterest@5a4aea54{AC.ReadCB@22e49aea{HttpConnection@22e49aea::SocketChannelEndPoint@41bda65f{/127.0.0.1:55183<->/127.0.0.1:9998,CLOSED,fill=FI,flush=-,to=16/30000}{io=1/1,kio=-1,kro=-1}->HttpConnection@22e49aea[p=HttpParser{s=START,0 of -1},g=HttpGenerator@3f03642e{s=START}]=>HttpChannelOverHttp@4b45cd2f{r=1,c=false,c=false/false,a=IDLE,uri=null,age=0}}}
17:34:12.943 [qtp2110558717-23] DEBUG org.eclipse.jetty.http.HttpParser - close HttpParser{s=START,0 of -1}
17:34:12.943 [qtp2110558717-23] DEBUG org.eclipse.jetty.http.HttpParser - START --> CLOSE
17:34:12.944 [qtp2110558717-23] DEBUG o.e.jetty.io.AbstractConnection - HttpConnection@22e49aea::SocketChannelEndPoint@41bda65f{/127.0.0.1:55183<->/127.0.0.1:9998,CLOSED,fill=-,flush=-,to=16/30000}{io=1/1,kio=-1,kro=-1}->HttpConnection@22e49aea[p=HttpParser{s=CLOSE,0 of -1},g=HttpGenerator@3f03642e{s=START}]=>HttpChannelOverHttp@4b45cd2f{r=1,c=false,c=false/false,a=IDLE,uri=null,age=0} onFillInterestedFailed {}
17:34:12.944 [qtp2110558717-23] DEBUG org.eclipse.jetty.io.ManagedSelector - Wakeup ManagedSelector@4ad4936c{STOPPING} id=1 keys=1 selected=0 updates=0
17:34:12.944 [qtp2110558717-23] DEBUG o.e.j.util.thread.QueuedThreadPool - queue org.eclipse.jetty.io.ManagedSelector$DestroyEndPoint@36c75749
17:34:12.944 [qtp2110558717-23] DEBUG org.eclipse.jetty.io.ManagedSelector - updates 0
17:34:12.944 [qtp2110558717-28] DEBUG o.e.j.util.thread.QueuedThreadPool - run org.eclipse.jetty.io.ManagedSelector$DestroyEndPoint@36c75749
17:34:12.944 [qtp2110558717-23] DEBUG org.eclipse.jetty.io.ManagedSelector - Selector sun.nio.ch.KQueueSelectorImpl@793dbc25 waiting with 1 keys
17:34:12.944 [qtp2110558717-28] DEBUG org.eclipse.jetty.io.ManagedSelector - Destroyed SocketChannelEndPoint@41bda65f{/127.0.0.1:55183<->/127.0.0.1:9998,CLOSED,fill=-,flush=-,to=17/30000}{io=1/1,kio=-1,kro=-1}->HttpConnection@22e49aea[p=HttpParser{s=CLOSE,0 of -1},g=HttpGenerator@3f03642e{s=START}]=>HttpChannelOverHttp@4b45cd2f{r=1,c=false,c=false/false,a=IDLE,uri=null,age=0}
17:34:12.945 [qtp2110558717-28] DEBUG o.e.jetty.io.AbstractConnection - onClose HttpConnection@22e49aea::SocketChannelEndPoint@41bda65f{/127.0.0.1:55183<->/127.0.0.1:9998,CLOSED,fill=-,flush=-,to=18/30000}{io=1/1,kio=-1,kro=-1}->HttpConnection@22e49aea[p=HttpParser{s=CLOSE,0 of -1},g=HttpGenerator@3f03642e{s=START}]=>HttpChannelOverHttp@4b45cd2f{r=1,c=false,c=false/false,a=IDLE,uri=null,age=0}
17:34:12.945 [qtp2110558717-28] DEBUG o.e.j.util.thread.QueuedThreadPool - ran org.eclipse.jetty.io.ManagedSelector$DestroyEndPoint@36c75749
17:34:12.946 [main] DEBUG org.eclipse.jetty.io.ManagedSelector - Queued change org.eclipse.jetty.io.ManagedSelector$StopSelector@22101c80 on ManagedSelector@4ad4936c{STOPPING} id=1 keys=0 selected=0 updates=0
17:34:12.946 [main] DEBUG org.eclipse.jetty.io.ManagedSelector - Wakeup on submit ManagedSelector@4ad4936c{STOPPING} id=1 keys=0 selected=0 updates=1
17:34:12.946 [qtp2110558717-23] DEBUG org.eclipse.jetty.io.ManagedSelector - Selector sun.nio.ch.KQueueSelectorImpl@793dbc25 woken with none selected
17:34:12.946 [qtp2110558717-23] DEBUG org.eclipse.jetty.io.ManagedSelector - Selector sun.nio.ch.KQueueSelectorImpl@793dbc25 woken up from select, 0/0/0 selected
17:34:12.946 [qtp2110558717-23] DEBUG org.eclipse.jetty.io.ManagedSelector - Selector sun.nio.ch.KQueueSelectorImpl@793dbc25 processing 0 keys, 1 updates
17:34:12.946 [qtp2110558717-23] DEBUG org.eclipse.jetty.io.ManagedSelector - updateable 1
17:34:12.946 [qtp2110558717-23] DEBUG org.eclipse.jetty.io.ManagedSelector - update org.eclipse.jetty.io.ManagedSelector$StopSelector@22101c80
17:34:12.946 [qtp2110558717-23] DEBUG org.eclipse.jetty.io.ManagedSelector - updates 0
17:34:12.946 [qtp2110558717-23] DEBUG o.e.j.util.thread.QueuedThreadPool - ran org.eclipse.jetty.io.ManagedSelector$$Lambda$175/1736293769@25cc7470
17:34:12.947 [main] DEBUG o.e.j.u.component.AbstractLifeCycle - stopping EatWhatYouKill@64e92d61/SelectorProducer@111610e6/IDLE/p=false/JettyConnectorThreadPool[qtp2110558717]@7dcc91fd{STARTED,8<=8<=200,i=6,q=0}[ReservedThreadExecutor@7f9e1534{s=1/4,p=0}][pc=0,pic=0,pec=1,epc=0]@2020-09-27T17:34:12.947+01:00
17:34:12.954 [main] DEBUG o.e.j.u.component.AbstractLifeCycle - STOPPED EatWhatYouKill@64e92d61/SelectorProducer@111610e6/IDLE/p=false/JettyConnectorThreadPool[qtp2110558717]@7dcc91fd{STARTED,8<=8<=200,i=6,q=0}[ReservedThreadExecutor@7f9e1534{s=1/4,p=0}][pc=0,pic=0,pec=1,epc=0]@2020-09-27T17:34:12.954+01:00
17:34:12.954 [main] DEBUG o.e.j.u.component.AbstractLifeCycle - STOPPED ManagedSelector@4ad4936c{STOPPED} id=1 keys=-1 selected=-1 updates=0
17:34:12.954 [main] DEBUG o.e.j.u.component.AbstractLifeCycle - stopping ManagedSelector@39ab59f8{STARTED} id=0 keys=0 selected=0 updates=0
17:34:12.954 [main] DEBUG org.eclipse.jetty.io.ManagedSelector - Queued change org.eclipse.jetty.io.ManagedSelector$CloseConnections@31ff1390 on ManagedSelector@39ab59f8{STOPPING} id=0 keys=0 selected=0 updates=0
17:34:12.954 [main] DEBUG org.eclipse.jetty.io.ManagedSelector - Wakeup on submit ManagedSelector@39ab59f8{STOPPING} id=0 keys=0 selected=0 updates=1
17:34:12.954 [qtp2110558717-22] DEBUG org.eclipse.jetty.io.ManagedSelector - Selector sun.nio.ch.KQueueSelectorImpl@1417eae5 woken with none selected
17:34:12.954 [qtp2110558717-22] DEBUG org.eclipse.jetty.io.ManagedSelector - Selector sun.nio.ch.KQueueSelectorImpl@1417eae5 woken up from select, 0/0/0 selected
17:34:12.954 [qtp2110558717-22] DEBUG org.eclipse.jetty.io.ManagedSelector - Selector sun.nio.ch.KQueueSelectorImpl@1417eae5 processing 0 keys, 1 updates
17:34:12.954 [qtp2110558717-22] DEBUG org.eclipse.jetty.io.ManagedSelector - updateable 1
17:34:12.955 [qtp2110558717-22] DEBUG org.eclipse.jetty.io.ManagedSelector - update org.eclipse.jetty.io.ManagedSelector$CloseConnections@31ff1390
17:34:12.955 [qtp2110558717-22] DEBUG org.eclipse.jetty.io.ManagedSelector - Closing 0 connections on ManagedSelector@39ab59f8{STOPPING} id=0 keys=0 selected=0 updates=0
17:34:12.955 [qtp2110558717-22] DEBUG org.eclipse.jetty.io.ManagedSelector - updates 0
17:34:12.955 [qtp2110558717-22] DEBUG org.eclipse.jetty.io.ManagedSelector - Selector sun.nio.ch.KQueueSelectorImpl@1417eae5 waiting with 0 keys
17:34:12.956 [main] DEBUG org.eclipse.jetty.io.ManagedSelector - Queued change org.eclipse.jetty.io.ManagedSelector$StopSelector@759d81f3 on ManagedSelector@39ab59f8{STOPPING} id=0 keys=0 selected=0 updates=0
17:34:12.956 [main] DEBUG org.eclipse.jetty.io.ManagedSelector - Wakeup on submit ManagedSelector@39ab59f8{STOPPING} id=0 keys=0 selected=0 updates=1
17:34:12.956 [qtp2110558717-22] DEBUG org.eclipse.jetty.io.ManagedSelector - Selector sun.nio.ch.KQueueSelectorImpl@1417eae5 woken with none selected
17:34:12.956 [qtp2110558717-22] DEBUG org.eclipse.jetty.io.ManagedSelector - Selector sun.nio.ch.KQueueSelectorImpl@1417eae5 woken up from select, 0/0/0 selected
17:34:12.956 [qtp2110558717-22] DEBUG org.eclipse.jetty.io.ManagedSelector - Selector sun.nio.ch.KQueueSelectorImpl@1417eae5 processing 0 keys, 1 updates
17:34:12.956 [qtp2110558717-22] DEBUG org.eclipse.jetty.io.ManagedSelector - updateable 1
17:34:12.956 [qtp2110558717-22] DEBUG org.eclipse.jetty.io.ManagedSelector - update org.eclipse.jetty.io.ManagedSelector$StopSelector@759d81f3
17:34:12.957 [qtp2110558717-22] DEBUG org.eclipse.jetty.io.ManagedSelector - updates 0
17:34:12.957 [qtp2110558717-22] DEBUG o.e.j.util.thread.QueuedThreadPool - ran org.eclipse.jetty.io.ManagedSelector$$Lambda$175/1736293769@29d37757
17:34:12.957 [main] DEBUG o.e.j.u.component.AbstractLifeCycle - stopping EatWhatYouKill@6813a331/SelectorProducer@1bd81830/IDLE/p=false/JettyConnectorThreadPool[qtp2110558717]@7dcc91fd{STARTED,8<=8<=200,i=7,q=0}[ReservedThreadExecutor@7f9e1534{s=1/4,p=0}][pc=0,pic=0,pec=0,epc=0]@2020-09-27T17:34:12.957+01:00
17:34:12.957 [main] DEBUG o.e.j.u.component.AbstractLifeCycle - STOPPED EatWhatYouKill@6813a331/SelectorProducer@1bd81830/IDLE/p=false/JettyConnectorThreadPool[qtp2110558717]@7dcc91fd{STARTED,8<=8<=200,i=7,q=0}[ReservedThreadExecutor@7f9e1534{s=1/4,p=0}][pc=0,pic=0,pec=0,epc=0]@2020-09-27T17:34:12.957+01:00
17:34:12.957 [main] DEBUG o.e.j.u.component.AbstractLifeCycle - STOPPED ManagedSelector@39ab59f8{STOPPED} id=0 keys=-1 selected=-1 updates=0
17:34:12.957 [main] DEBUG o.e.j.u.component.AbstractLifeCycle - STOPPED SelectorManager@ServerConnector@6c8a68c1{HTTP/1.1,[http/1.1]}{0.0.0.0:9998}
17:34:12.958 [main] DEBUG o.e.j.u.component.AbstractLifeCycle - stopping HttpConnectionFactory@6a9287b1[HTTP/1.1]
17:34:12.958 [main] DEBUG o.e.j.u.component.AbstractLifeCycle - STOPPED HttpConnectionFactory@6a9287b1[HTTP/1.1]
17:34:12.958 [main] DEBUG o.e.j.u.component.AbstractLifeCycle - stopping ScheduledExecutorScheduler@56193c7d{STARTED}
17:34:12.958 [main] DEBUG o.e.j.u.component.AbstractLifeCycle - STOPPED ScheduledExecutorScheduler@56193c7d{STOPPED}
17:34:12.958 [main] INFO  o.e.jetty.server.AbstractConnector - Stopped ServerConnector@6c8a68c1{HTTP/1.1,[http/1.1]}{0.0.0.0:9998}
17:34:12.958 [main] DEBUG o.e.j.u.component.AbstractLifeCycle - STOPPED ServerConnector@6c8a68c1{HTTP/1.1,[http/1.1]}{0.0.0.0:9998}
17:34:12.958 [main] DEBUG o.e.j.server.handler.AbstractHandler - stopping Server@66eb985d{STOPPING}[9.4.17.v20190418]
17:34:12.958 [main] DEBUG o.e.j.u.component.AbstractLifeCycle - stopping ErrorHandler@607b2792{STARTED}
17:34:12.958 [main] DEBUG o.e.j.server.handler.AbstractHandler - stopping ErrorHandler@607b2792{STOPPING}
17:34:12.959 [main] DEBUG o.e.j.u.component.AbstractLifeCycle - STOPPED ErrorHandler@607b2792{STOPPED}
17:34:12.959 [main] DEBUG o.e.j.u.component.AbstractLifeCycle - stopping JettyHttpContainer@5f8890c2{STARTED}
17:34:12.959 [main] DEBUG o.e.j.server.handler.AbstractHandler - stopping JettyHttpContainer@5f8890c2{STOPPING}
17:34:12.961 [main] DEBUG o.e.j.u.component.AbstractLifeCycle - STOPPED JettyHttpContainer@5f8890c2{STOPPED}
17:34:12.961 [main] DEBUG o.e.j.u.component.AbstractLifeCycle - stopping JettyConnectorThreadPool[qtp2110558717]@7dcc91fd{STARTED,8<=8<=200,i=7,q=0}[ReservedThreadExecutor@7f9e1534{s=1/4,p=0}]
17:34:12.961 [main] DEBUG o.e.j.util.thread.QueuedThreadPool - Stopping JettyConnectorThreadPool[qtp2110558717]@7dcc91fd{STOPPING,8<=8<=200,i=7,q=0}[ReservedThreadExecutor@7f9e1534{s=1/4,p=0}]
17:34:12.961 [main] DEBUG o.e.j.u.component.AbstractLifeCycle - stopping ReservedThreadExecutor@7f9e1534{s=1/4,p=0}
17:34:12.961 [main] DEBUG o.e.j.u.t.ReservedThreadExecutor - ReservedThreadExecutor@7f9e1534{s=0/4,p=0}@73c5d755 offer STOP!
17:34:12.961 [qtp2110558717-26] DEBUG o.e.j.u.t.ReservedThreadExecutor - ReservedThreadExecutor@7f9e1534{s=0/4,p=0}@73c5d755 task=STOP!
17:34:12.961 [qtp2110558717-26] DEBUG o.e.j.u.t.ReservedThreadExecutor - ReservedThreadExecutor@7f9e1534{s=0/4,p=0}@73c5d755 Exited
17:34:12.961 [qtp2110558717-26] DEBUG o.e.j.util.thread.QueuedThreadPool - ran ReservedThreadExecutor@7f9e1534{s=0/4,p=0}@73c5d755
17:34:12.968 [main] DEBUG o.e.j.u.component.AbstractLifeCycle - STOPPED ReservedThreadExecutor@7f9e1534{s=0/4,p=0}
17:34:12.968 [qtp2110558717-29] DEBUG o.e.j.util.thread.QueuedThreadPool - run org.eclipse.jetty.util.thread.QueuedThreadPool$$Lambda$264/1914615775@5e9a99b4
17:34:12.968 [qtp2110558717-29] DEBUG o.e.j.util.thread.QueuedThreadPool - ran org.eclipse.jetty.util.thread.QueuedThreadPool$$Lambda$264/1914615775@5e9a99b4
17:34:12.968 [qtp2110558717-25] DEBUG o.e.j.util.thread.QueuedThreadPool - run org.eclipse.jetty.util.thread.QueuedThreadPool$$Lambda$264/1914615775@5e9a99b4
17:34:12.968 [qtp2110558717-25] DEBUG o.e.j.util.thread.QueuedThreadPool - ran org.eclipse.jetty.util.thread.QueuedThreadPool$$Lambda$264/1914615775@5e9a99b4
17:34:12.968 [qtp2110558717-24] DEBUG o.e.j.util.thread.QueuedThreadPool - run org.eclipse.jetty.util.thread.QueuedThreadPool$$Lambda$264/1914615775@5e9a99b4
17:34:12.968 [qtp2110558717-24] DEBUG o.e.j.util.thread.QueuedThreadPool - ran org.eclipse.jetty.util.thread.QueuedThreadPool$$Lambda$264/1914615775@5e9a99b4
17:34:12.969 [main] DEBUG o.e.j.util.thread.QueuedThreadPool - Waiting for Thread[qtp2110558717-23,5,main] for 14999
17:34:12.969 [qtp2110558717-28] DEBUG o.e.j.util.thread.QueuedThreadPool - run org.eclipse.jetty.util.thread.QueuedThreadPool$$Lambda$264/1914615775@5e9a99b4
17:34:12.969 [qtp2110558717-23] DEBUG o.e.j.util.thread.QueuedThreadPool - run org.eclipse.jetty.util.thread.QueuedThreadPool$$Lambda$264/1914615775@5e9a99b4
17:34:12.969 [qtp2110558717-28] DEBUG o.e.j.util.thread.QueuedThreadPool - ran org.eclipse.jetty.util.thread.QueuedThreadPool$$Lambda$264/1914615775@5e9a99b4
17:34:12.969 [qtp2110558717-23] DEBUG o.e.j.util.thread.QueuedThreadPool - ran org.eclipse.jetty.util.thread.QueuedThreadPool$$Lambda$264/1914615775@5e9a99b4
17:34:12.969 [qtp2110558717-27] DEBUG o.e.j.util.thread.QueuedThreadPool - run org.eclipse.jetty.util.thread.QueuedThreadPool$$Lambda$264/1914615775@5e9a99b4
17:34:12.969 [qtp2110558717-22] DEBUG o.e.j.util.thread.QueuedThreadPool - run org.eclipse.jetty.util.thread.QueuedThreadPool$$Lambda$264/1914615775@5e9a99b4
17:34:12.969 [qtp2110558717-27] DEBUG o.e.j.util.thread.QueuedThreadPool - ran org.eclipse.jetty.util.thread.QueuedThreadPool$$Lambda$264/1914615775@5e9a99b4
17:34:12.969 [qtp2110558717-22] DEBUG o.e.j.util.thread.QueuedThreadPool - ran org.eclipse.jetty.util.thread.QueuedThreadPool$$Lambda$264/1914615775@5e9a99b4
17:34:12.969 [main] DEBUG o.e.j.util.thread.QueuedThreadPool - Waiting for Thread[qtp2110558717-27,5,] for 14999
17:34:12.979 [main] DEBUG o.e.j.u.component.AbstractLifeCycle - STOPPED JettyConnectorThreadPool[qtp2110558717]@7dcc91fd{STOPPED,8<=0<=200,i=0,q=0}[org.eclipse.jetty.util.thread.TryExecutor$$Lambda$157/1967617997@759fad4]
17:34:12.980 [main] DEBUG o.e.j.u.component.AbstractLifeCycle - STOPPED Server@66eb985d{STOPPED}[9.4.17.v20190418]
]]></system-out>
    <system-err><![CDATA[Sep 27, 2020 5:34:12 PM org.glassfish.jersey.test.jetty.JettyTestContainerFactory$JettyTestContainer <init>
INFO: Creating JettyTestContainer configured at the base URI http://localhost:9998/
]]></system-err>
  </testcase>
  <testcase name="testUpdateContactWithMissingFirstName" classname="com.brunogoncalves.phonebook.resource.ContactResourceTest" time="0.361">
    <system-out><![CDATA[17:34:13.197 [main] DEBUG o.h.v.i.e.r.TraversableResolvers - Cannot find javax.persistence.Persistence on classpath. Assuming non JPA 2 environment. All properties will per default be traversable.
17:34:13.199 [main] DEBUG o.h.v.i.x.config.ValidationXmlParser - Trying to load META-INF/validation.xml for XML based Validator configuration.
17:34:13.199 [main] DEBUG o.h.v.i.x.c.ResourceLoaderHelper - Trying to load META-INF/validation.xml via TCCL
17:34:13.199 [main] DEBUG o.h.v.i.x.c.ResourceLoaderHelper - Trying to load META-INF/validation.xml via Hibernate Validator's class loader
17:34:13.200 [main] DEBUG o.h.v.i.x.config.ValidationXmlParser - No META-INF/validation.xml found. Using annotation based configuration only.
17:34:13.215 [main] DEBUG o.h.v.m.ResourceBundleMessageInterpolator - Loaded expression factory via original TCCL
17:34:13.216 [main] DEBUG o.h.v.i.engine.ValidatorFactoryImpl - HV000234: Using org.hibernate.validator.messageinterpolation.ResourceBundleMessageInterpolator as ValidatorFactory-scoped message interpolator.
17:34:13.216 [main] DEBUG o.h.v.i.engine.ValidatorFactoryImpl - HV000234: Using org.hibernate.validator.internal.engine.resolver.TraverseAllTraversableResolver as ValidatorFactory-scoped traversable resolver.
17:34:13.216 [main] DEBUG o.h.v.i.engine.ValidatorFactoryImpl - HV000234: Using org.hibernate.validator.internal.util.ExecutableParameterNameProvider as ValidatorFactory-scoped parameter name provider.
17:34:13.216 [main] DEBUG o.h.v.i.engine.ValidatorFactoryImpl - HV000234: Using org.hibernate.validator.internal.engine.DefaultClockProvider as ValidatorFactory-scoped clock provider.
17:34:13.217 [main] DEBUG o.h.v.i.engine.ValidatorFactoryImpl - HV000234: Using org.hibernate.validator.internal.engine.scripting.DefaultScriptEvaluatorFactory as ValidatorFactory-scoped script evaluator factory.
17:34:13.228 [main] DEBUG o.e.j.u.component.ContainerLifeCycle - Server@6edc4161{STOPPED}[9.4.17.v20190418] added {JettyConnectorThreadPool[qtp818859466]@30cecdca{STOPPED,8<=0<=200,i=0,q=0}[org.eclipse.jetty.util.thread.TryExecutor$$Lambda$157/1967617997@759fad4],AUTO}
17:34:13.228 [main] DEBUG o.e.j.u.component.ContainerLifeCycle - HttpConnectionFactory@5486887b[HTTP/1.1] added {HttpConfiguration@5226e402{32768/8192,8192/8192,https://:0,[]},POJO}
17:34:13.229 [main] DEBUG o.e.j.u.component.ContainerLifeCycle - ServerConnector@1440c311{null,[]}{0.0.0.0:0} added {Server@6edc4161{STOPPED}[9.4.17.v20190418],UNMANAGED}
17:34:13.229 [main] DEBUG o.e.j.u.component.ContainerLifeCycle - ServerConnector@1440c311{null,[]}{0.0.0.0:0} added {JettyConnectorThreadPool[qtp818859466]@30cecdca{STOPPED,8<=0<=200,i=0,q=0}[org.eclipse.jetty.util.thread.TryExecutor$$Lambda$157/1967617997@759fad4],AUTO}
17:34:13.229 [main] DEBUG o.e.j.u.component.ContainerLifeCycle - ServerConnector@1440c311{null,[]}{0.0.0.0:0} added {ScheduledExecutorScheduler@189b5fb1{STOPPED},AUTO}
17:34:13.229 [main] DEBUG o.e.j.u.component.ContainerLifeCycle - ServerConnector@1440c311{null,[]}{0.0.0.0:0} added {org.eclipse.jetty.io.ArrayByteBufferPool@783ec989,POJO}
17:34:13.229 [main] DEBUG o.e.j.u.component.ContainerLifeCycle - ServerConnector@1440c311{null,[http/1.1]}{0.0.0.0:0} added {HttpConnectionFactory@5486887b[HTTP/1.1],AUTO}
17:34:13.229 [main] DEBUG o.e.jetty.server.AbstractConnector - ServerConnector@1440c311{HTTP/1.1,[http/1.1]}{0.0.0.0:0} added HttpConnectionFactory@5486887b[HTTP/1.1]
17:34:13.229 [main] DEBUG o.e.j.u.component.ContainerLifeCycle - ServerConnector@1440c311{HTTP/1.1,[http/1.1]}{0.0.0.0:0} added {SelectorManager@ServerConnector@1440c311{HTTP/1.1,[http/1.1]}{0.0.0.0:0},MANAGED}
17:34:13.229 [main] DEBUG o.e.j.u.component.ContainerLifeCycle - Server@6edc4161{STOPPED}[9.4.17.v20190418] added {ServerConnector@1440c311{HTTP/1.1,[http/1.1]}{0.0.0.0:9998},AUTO}
17:34:13.229 [main] DEBUG o.e.j.u.component.ContainerLifeCycle - Server@6edc4161{STOPPED}[9.4.17.v20190418] added {JettyHttpContainer@1ddd3478{STOPPED},MANAGED}
17:34:13.229 [main] DEBUG o.e.j.u.component.AbstractLifeCycle - starting Server@6edc4161{STOPPED}[9.4.17.v20190418]
17:34:13.229 [main] DEBUG o.e.j.u.component.ContainerLifeCycle - Server@6edc4161{STARTING}[9.4.17.v20190418] added {ErrorHandler@f973499{STOPPED},AUTO}
17:34:13.229 [main] INFO  org.eclipse.jetty.server.Server - jetty-9.4.17.v20190418; built: 2019-04-18T19:45:35.259Z; git: aa1c656c315c011c01e7b21aabb04066635b9f67; jvm 1.8.0_261-b12
17:34:13.230 [main] DEBUG o.e.j.server.handler.AbstractHandler - starting Server@6edc4161{STARTING}[9.4.17.v20190418]
17:34:13.230 [main] DEBUG o.e.j.u.component.AbstractLifeCycle - starting JettyConnectorThreadPool[qtp818859466]@30cecdca{STOPPED,8<=0<=200,i=0,q=0}[org.eclipse.jetty.util.thread.TryExecutor$$Lambda$157/1967617997@759fad4]
17:34:13.230 [main] DEBUG o.e.j.u.t.ReservedThreadExecutor - ReservedThreadExecutor@4d33940d{s=0/4,p=0}
17:34:13.230 [main] DEBUG o.e.j.u.component.ContainerLifeCycle - JettyConnectorThreadPool[qtp818859466]@30cecdca{STARTING,8<=0<=200,i=0,q=0}[ReservedThreadExecutor@4d33940d{s=0/4,p=0}] added {ReservedThreadExecutor@4d33940d{s=0/4,p=0},AUTO}
17:34:13.230 [main] DEBUG o.e.j.u.component.AbstractLifeCycle - starting ReservedThreadExecutor@4d33940d{s=0/4,p=0}
17:34:13.230 [main] DEBUG o.e.j.u.component.AbstractLifeCycle - STARTED @3882ms ReservedThreadExecutor@4d33940d{s=0/4,p=0}
17:34:13.230 [main] DEBUG o.e.j.util.thread.QueuedThreadPool - Starting Thread[qtp818859466-31,5,main]
17:34:13.230 [main] DEBUG o.e.j.util.thread.QueuedThreadPool - Starting Thread[qtp818859466-32,5,main]
17:34:13.231 [main] DEBUG o.e.j.util.thread.QueuedThreadPool - Starting Thread[qtp818859466-33,5,main]
17:34:13.231 [main] DEBUG o.e.j.util.thread.QueuedThreadPool - Starting Thread[qtp818859466-34,5,main]
17:34:13.231 [main] DEBUG o.e.j.util.thread.QueuedThreadPool - Starting Thread[qtp818859466-35,5,main]
17:34:13.231 [main] DEBUG o.e.j.util.thread.QueuedThreadPool - Starting Thread[qtp818859466-36,5,main]
17:34:13.231 [main] DEBUG o.e.j.util.thread.QueuedThreadPool - Starting Thread[qtp818859466-37,5,main]
17:34:13.231 [main] DEBUG o.e.j.util.thread.QueuedThreadPool - Starting Thread[qtp818859466-38,5,main]
17:34:13.232 [main] DEBUG o.e.j.u.component.AbstractLifeCycle - STARTED @3883ms JettyConnectorThreadPool[qtp818859466]@30cecdca{STARTED,8<=8<=200,i=7,q=0}[ReservedThreadExecutor@4d33940d{s=0/4,p=0}]
17:34:13.232 [main] DEBUG o.e.j.u.component.AbstractLifeCycle - starting JettyHttpContainer@1ddd3478{STOPPED}
17:34:13.232 [main] DEBUG o.e.j.server.handler.AbstractHandler - starting JettyHttpContainer@1ddd3478{STARTING}
17:34:13.232 [main] DEBUG o.e.j.u.component.AbstractLifeCycle - STARTED @3883ms JettyHttpContainer@1ddd3478{STARTED}
17:34:13.232 [main] DEBUG o.e.j.u.component.AbstractLifeCycle - starting ErrorHandler@f973499{STOPPED}
17:34:13.232 [main] DEBUG o.e.j.server.handler.AbstractHandler - starting ErrorHandler@f973499{STARTING}
17:34:13.232 [main] DEBUG o.e.j.u.component.AbstractLifeCycle - STARTED @3883ms ErrorHandler@f973499{STARTED}
17:34:13.232 [main] DEBUG o.e.j.u.component.AbstractLifeCycle - starting ServerConnector@1440c311{HTTP/1.1,[http/1.1]}{0.0.0.0:9998}
17:34:13.232 [main] DEBUG o.e.j.u.component.ContainerLifeCycle - ServerConnector@1440c311{HTTP/1.1,[http/1.1]}{0.0.0.0:9998} added {sun.nio.ch.ServerSocketChannelImpl[/0:0:0:0:0:0:0:0:9998],POJO}
17:34:13.232 [main] DEBUG o.e.j.u.component.AbstractLifeCycle - starting ScheduledExecutorScheduler@189b5fb1{STOPPED}
17:34:13.233 [main] DEBUG o.e.j.u.component.AbstractLifeCycle - STARTED @3884ms ScheduledExecutorScheduler@189b5fb1{STARTED}
17:34:13.233 [main] DEBUG o.e.j.u.component.AbstractLifeCycle - starting HttpConnectionFactory@5486887b[HTTP/1.1]
17:34:13.233 [main] DEBUG o.e.j.u.component.AbstractLifeCycle - STARTED @3884ms HttpConnectionFactory@5486887b[HTTP/1.1]
17:34:13.233 [main] DEBUG o.e.j.u.component.AbstractLifeCycle - starting SelectorManager@ServerConnector@1440c311{HTTP/1.1,[http/1.1]}{0.0.0.0:9998}
17:34:13.233 [main] DEBUG o.e.j.u.component.ContainerLifeCycle - EatWhatYouKill@5ecba515/SelectorProducer@512d4583/IDLE/p=false/JettyConnectorThreadPool[qtp818859466]@30cecdca{STARTED,8<=8<=200,i=8,q=0}[ReservedThreadExecutor@4d33940d{s=0/4,p=0}][pc=0,pic=0,pec=0,epc=0]@2020-09-27T17:34:13.233+01:00 added {SelectorProducer@512d4583,POJO}
17:34:13.233 [main] DEBUG o.e.j.u.component.ContainerLifeCycle - EatWhatYouKill@5ecba515/SelectorProducer@512d4583/IDLE/p=false/JettyConnectorThreadPool[qtp818859466]@30cecdca{STARTED,8<=8<=200,i=8,q=0}[ReservedThreadExecutor@4d33940d{s=0/4,p=0}][pc=0,pic=0,pec=0,epc=0]@2020-09-27T17:34:13.233+01:00 added {JettyConnectorThreadPool[qtp818859466]@30cecdca{STARTED,8<=8<=200,i=8,q=0}[ReservedThreadExecutor@4d33940d{s=0/4,p=0}],UNMANAGED}
17:34:13.234 [main] DEBUG o.e.j.u.t.strategy.EatWhatYouKill - EatWhatYouKill@5ecba515/SelectorProducer@512d4583/IDLE/p=false/JettyConnectorThreadPool[qtp818859466]@30cecdca{STARTED,8<=8<=200,i=8,q=0}[ReservedThreadExecutor@4d33940d{s=0/4,p=0}][pc=0,pic=0,pec=0,epc=0]@2020-09-27T17:34:13.233+01:00 created
17:34:13.234 [main] DEBUG o.e.j.u.component.ContainerLifeCycle - ManagedSelector@2abc224d{STOPPED} id=0 keys=-1 selected=-1 updates=0 added {EatWhatYouKill@5ecba515/SelectorProducer@512d4583/IDLE/p=false/JettyConnectorThreadPool[qtp818859466]@30cecdca{STARTED,8<=8<=200,i=8,q=0}[ReservedThreadExecutor@4d33940d{s=0/4,p=0}][pc=0,pic=0,pec=0,epc=0]@2020-09-27T17:34:13.234+01:00,MANAGED}
17:34:13.234 [main] DEBUG o.e.j.u.component.ContainerLifeCycle - SelectorManager@ServerConnector@1440c311{HTTP/1.1,[http/1.1]}{0.0.0.0:9998} added {ManagedSelector@2abc224d{STOPPED} id=0 keys=-1 selected=-1 updates=0,AUTO}
17:34:13.234 [main] DEBUG o.e.j.u.component.ContainerLifeCycle - EatWhatYouKill@13cd7ea5/SelectorProducer@102d92c4/IDLE/p=false/JettyConnectorThreadPool[qtp818859466]@30cecdca{STARTED,8<=8<=200,i=8,q=0}[ReservedThreadExecutor@4d33940d{s=0/4,p=0}][pc=0,pic=0,pec=0,epc=0]@2020-09-27T17:34:13.234+01:00 added {SelectorProducer@102d92c4,POJO}
17:34:13.235 [main] DEBUG o.e.j.u.component.ContainerLifeCycle - EatWhatYouKill@13cd7ea5/SelectorProducer@102d92c4/IDLE/p=false/JettyConnectorThreadPool[qtp818859466]@30cecdca{STARTED,8<=8<=200,i=8,q=0}[ReservedThreadExecutor@4d33940d{s=0/4,p=0}][pc=0,pic=0,pec=0,epc=0]@2020-09-27T17:34:13.235+01:00 added {JettyConnectorThreadPool[qtp818859466]@30cecdca{STARTED,8<=8<=200,i=8,q=0}[ReservedThreadExecutor@4d33940d{s=0/4,p=0}],UNMANAGED}
17:34:13.235 [main] DEBUG o.e.j.u.t.strategy.EatWhatYouKill - EatWhatYouKill@13cd7ea5/SelectorProducer@102d92c4/IDLE/p=false/JettyConnectorThreadPool[qtp818859466]@30cecdca{STARTED,8<=8<=200,i=8,q=0}[ReservedThreadExecutor@4d33940d{s=0/4,p=0}][pc=0,pic=0,pec=0,epc=0]@2020-09-27T17:34:13.235+01:00 created
17:34:13.235 [main] DEBUG o.e.j.u.component.ContainerLifeCycle - ManagedSelector@2b97cc1f{STOPPED} id=1 keys=-1 selected=-1 updates=0 added {EatWhatYouKill@13cd7ea5/SelectorProducer@102d92c4/IDLE/p=false/JettyConnectorThreadPool[qtp818859466]@30cecdca{STARTED,8<=8<=200,i=8,q=0}[ReservedThreadExecutor@4d33940d{s=0/4,p=0}][pc=0,pic=0,pec=0,epc=0]@2020-09-27T17:34:13.235+01:00,MANAGED}
17:34:13.235 [main] DEBUG o.e.j.u.component.ContainerLifeCycle - SelectorManager@ServerConnector@1440c311{HTTP/1.1,[http/1.1]}{0.0.0.0:9998} added {ManagedSelector@2b97cc1f{STOPPED} id=1 keys=-1 selected=-1 updates=0,AUTO}
17:34:13.235 [main] DEBUG o.e.j.u.component.AbstractLifeCycle - starting ManagedSelector@2abc224d{STOPPED} id=0 keys=-1 selected=-1 updates=0
17:34:13.235 [main] DEBUG o.e.j.u.component.AbstractLifeCycle - starting EatWhatYouKill@5ecba515/SelectorProducer@512d4583/IDLE/p=false/JettyConnectorThreadPool[qtp818859466]@30cecdca{STARTED,8<=8<=200,i=8,q=0}[ReservedThreadExecutor@4d33940d{s=0/4,p=0}][pc=0,pic=0,pec=0,epc=0]@2020-09-27T17:34:13.235+01:00
17:34:13.236 [main] DEBUG o.e.j.u.component.AbstractLifeCycle - STARTED @3887ms EatWhatYouKill@5ecba515/SelectorProducer@512d4583/IDLE/p=false/JettyConnectorThreadPool[qtp818859466]@30cecdca{STARTED,8<=8<=200,i=8,q=0}[ReservedThreadExecutor@4d33940d{s=0/4,p=0}][pc=0,pic=0,pec=0,epc=0]@2020-09-27T17:34:13.236+01:00
17:34:13.236 [main] DEBUG o.e.j.util.thread.QueuedThreadPool - queue org.eclipse.jetty.io.ManagedSelector$$Lambda$175/1736293769@60723d6a
17:34:13.236 [main] DEBUG org.eclipse.jetty.io.ManagedSelector - Queued change org.eclipse.jetty.io.ManagedSelector$Start@18324f97 on ManagedSelector@2abc224d{STARTING} id=0 keys=0 selected=0 updates=0
17:34:13.236 [qtp818859466-31] DEBUG o.e.j.util.thread.QueuedThreadPool - run org.eclipse.jetty.io.ManagedSelector$$Lambda$175/1736293769@60723d6a
17:34:13.236 [qtp818859466-31] DEBUG o.e.j.u.t.strategy.EatWhatYouKill - EatWhatYouKill@5ecba515/SelectorProducer@512d4583/IDLE/p=false/JettyConnectorThreadPool[qtp818859466]@30cecdca{STARTED,8<=8<=200,i=7,q=0}[ReservedThreadExecutor@4d33940d{s=0/4,p=0}][pc=0,pic=0,pec=0,epc=0]@2020-09-27T17:34:13.236+01:00 tryProduce false
17:34:13.236 [qtp818859466-31] DEBUG org.eclipse.jetty.io.ManagedSelector - updateable 1
17:34:13.236 [qtp818859466-31] DEBUG org.eclipse.jetty.io.ManagedSelector - update org.eclipse.jetty.io.ManagedSelector$Start@18324f97
17:34:13.236 [qtp818859466-31] DEBUG org.eclipse.jetty.io.ManagedSelector - updates 0
17:34:13.237 [qtp818859466-31] DEBUG org.eclipse.jetty.io.ManagedSelector - Selector sun.nio.ch.KQueueSelectorImpl@57f588ca waiting with 0 keys
17:34:13.237 [main] DEBUG o.e.j.u.component.AbstractLifeCycle - STARTED @3888ms ManagedSelector@2abc224d{STARTED} id=0 keys=0 selected=0 updates=0
17:34:13.237 [main] DEBUG o.e.j.u.component.AbstractLifeCycle - starting ManagedSelector@2b97cc1f{STOPPED} id=1 keys=-1 selected=-1 updates=0
17:34:13.237 [main] DEBUG o.e.j.u.component.AbstractLifeCycle - starting EatWhatYouKill@13cd7ea5/SelectorProducer@102d92c4/IDLE/p=false/JettyConnectorThreadPool[qtp818859466]@30cecdca{STARTED,8<=8<=200,i=7,q=0}[ReservedThreadExecutor@4d33940d{s=0/4,p=0}][pc=0,pic=0,pec=0,epc=0]@2020-09-27T17:34:13.237+01:00
17:34:13.237 [main] DEBUG o.e.j.u.component.AbstractLifeCycle - STARTED @3889ms EatWhatYouKill@13cd7ea5/SelectorProducer@102d92c4/IDLE/p=false/JettyConnectorThreadPool[qtp818859466]@30cecdca{STARTED,8<=8<=200,i=7,q=0}[ReservedThreadExecutor@4d33940d{s=0/4,p=0}][pc=0,pic=0,pec=0,epc=0]@2020-09-27T17:34:13.237+01:00
17:34:13.237 [main] DEBUG o.e.j.util.thread.QueuedThreadPool - queue org.eclipse.jetty.io.ManagedSelector$$Lambda$175/1736293769@64f555e7
17:34:13.237 [qtp818859466-32] DEBUG o.e.j.util.thread.QueuedThreadPool - run org.eclipse.jetty.io.ManagedSelector$$Lambda$175/1736293769@64f555e7
17:34:13.238 [qtp818859466-32] DEBUG o.e.j.u.t.strategy.EatWhatYouKill - EatWhatYouKill@13cd7ea5/SelectorProducer@102d92c4/IDLE/p=false/JettyConnectorThreadPool[qtp818859466]@30cecdca{STARTED,8<=8<=200,i=6,q=0}[ReservedThreadExecutor@4d33940d{s=0/4,p=0}][pc=0,pic=0,pec=0,epc=0]@2020-09-27T17:34:13.238+01:00 tryProduce false
17:34:13.238 [qtp818859466-32] DEBUG org.eclipse.jetty.io.ManagedSelector - updateable 0
17:34:13.238 [qtp818859466-32] DEBUG org.eclipse.jetty.io.ManagedSelector - updates 0
17:34:13.238 [qtp818859466-32] DEBUG org.eclipse.jetty.io.ManagedSelector - Selector sun.nio.ch.KQueueSelectorImpl@77b6dd08 waiting with 0 keys
17:34:13.238 [main] DEBUG org.eclipse.jetty.io.ManagedSelector - Queued change org.eclipse.jetty.io.ManagedSelector$Start@71178a52 on ManagedSelector@2b97cc1f{STARTING} id=1 keys=0 selected=0 updates=0
17:34:13.238 [main] DEBUG org.eclipse.jetty.io.ManagedSelector - Wakeup on submit ManagedSelector@2b97cc1f{STARTING} id=1 keys=0 selected=0 updates=1
17:34:13.238 [qtp818859466-32] DEBUG org.eclipse.jetty.io.ManagedSelector - Selector sun.nio.ch.KQueueSelectorImpl@77b6dd08 woken with none selected
17:34:13.238 [qtp818859466-32] DEBUG org.eclipse.jetty.io.ManagedSelector - Selector sun.nio.ch.KQueueSelectorImpl@77b6dd08 woken up from select, 0/0/0 selected
17:34:13.238 [qtp818859466-32] DEBUG org.eclipse.jetty.io.ManagedSelector - Selector sun.nio.ch.KQueueSelectorImpl@77b6dd08 processing 0 keys, 1 updates
17:34:13.238 [qtp818859466-32] DEBUG org.eclipse.jetty.io.ManagedSelector - updateable 1
17:34:13.238 [qtp818859466-32] DEBUG org.eclipse.jetty.io.ManagedSelector - update org.eclipse.jetty.io.ManagedSelector$Start@71178a52
17:34:13.238 [qtp818859466-32] DEBUG org.eclipse.jetty.io.ManagedSelector - updates 0
17:34:13.239 [qtp818859466-32] DEBUG org.eclipse.jetty.io.ManagedSelector - Selector sun.nio.ch.KQueueSelectorImpl@77b6dd08 waiting with 0 keys
17:34:13.239 [main] DEBUG o.e.j.u.component.AbstractLifeCycle - STARTED @3890ms ManagedSelector@2b97cc1f{STARTED} id=1 keys=0 selected=0 updates=0
17:34:13.239 [main] DEBUG o.e.j.u.component.AbstractLifeCycle - STARTED @3890ms SelectorManager@ServerConnector@1440c311{HTTP/1.1,[http/1.1]}{0.0.0.0:9998}
17:34:13.239 [main] DEBUG o.e.j.u.component.ContainerLifeCycle - ServerConnector@1440c311{HTTP/1.1,[http/1.1]}{0.0.0.0:9998} added {acceptor-0@ff6077,POJO}
17:34:13.239 [main] DEBUG o.e.j.util.thread.QueuedThreadPool - queue acceptor-0@ff6077
17:34:13.239 [qtp818859466-33] DEBUG o.e.j.util.thread.QueuedThreadPool - run acceptor-0@ff6077
17:34:13.239 [main] INFO  o.e.jetty.server.AbstractConnector - Started ServerConnector@1440c311{HTTP/1.1,[http/1.1]}{0.0.0.0:9998}
17:34:13.239 [main] DEBUG o.e.j.u.component.AbstractLifeCycle - STARTED @3891ms ServerConnector@1440c311{HTTP/1.1,[http/1.1]}{0.0.0.0:9998}
17:34:13.239 [main] INFO  org.eclipse.jetty.server.Server - Started @3891ms
17:34:13.239 [main] DEBUG o.e.j.u.component.AbstractLifeCycle - STARTED @3891ms Server@6edc4161{STARTED}[9.4.17.v20190418]
17:34:13.278 [qtp818859466-33-acceptor-0@ff6077-ServerConnector@1440c311{HTTP/1.1,[http/1.1]}{0.0.0.0:9998}] DEBUG org.eclipse.jetty.io.ManagedSelector - Queued change org.eclipse.jetty.io.ManagedSelector$Accept@77c62717 on ManagedSelector@2b97cc1f{STARTED} id=1 keys=0 selected=0 updates=0
17:34:13.278 [qtp818859466-33-acceptor-0@ff6077-ServerConnector@1440c311{HTTP/1.1,[http/1.1]}{0.0.0.0:9998}] DEBUG org.eclipse.jetty.io.ManagedSelector - Wakeup on submit ManagedSelector@2b97cc1f{STARTED} id=1 keys=0 selected=0 updates=1
17:34:13.278 [qtp818859466-32] DEBUG org.eclipse.jetty.io.ManagedSelector - Selector sun.nio.ch.KQueueSelectorImpl@77b6dd08 woken with none selected
17:34:13.278 [qtp818859466-32] DEBUG org.eclipse.jetty.io.ManagedSelector - Selector sun.nio.ch.KQueueSelectorImpl@77b6dd08 woken up from select, 0/0/0 selected
17:34:13.278 [qtp818859466-32] DEBUG org.eclipse.jetty.io.ManagedSelector - Selector sun.nio.ch.KQueueSelectorImpl@77b6dd08 processing 0 keys, 1 updates
17:34:13.278 [qtp818859466-32] DEBUG org.eclipse.jetty.io.ManagedSelector - updateable 1
17:34:13.279 [qtp818859466-32] DEBUG org.eclipse.jetty.io.ManagedSelector - update org.eclipse.jetty.io.ManagedSelector$Accept@77c62717
17:34:13.279 [qtp818859466-32] DEBUG o.e.j.util.thread.QueuedThreadPool - queue org.eclipse.jetty.io.ManagedSelector$Accept@77c62717
17:34:13.279 [qtp818859466-32] DEBUG org.eclipse.jetty.io.ManagedSelector - updates 0
17:34:13.279 [qtp818859466-32] DEBUG org.eclipse.jetty.io.ManagedSelector - Selector sun.nio.ch.KQueueSelectorImpl@77b6dd08 waiting with 1 keys
17:34:13.279 [qtp818859466-34] DEBUG o.e.j.util.thread.QueuedThreadPool - run org.eclipse.jetty.io.ManagedSelector$Accept@77c62717
17:34:13.279 [qtp818859466-34] DEBUG org.eclipse.jetty.io.IdleTimeout - SocketChannelEndPoint@65f72a1e{/127.0.0.1:55184<->/127.0.0.1:9998,OPEN,fill=-,flush=-,to=0/30000}{io=0/0,kio=0,kro=0}-><null> idle timeout check, elapsed: 0 ms, remaining: 30000 ms
17:34:13.279 [qtp818859466-34] DEBUG org.eclipse.jetty.server.HttpChannel - new HttpChannelOverHttp@6f0f416e{r=0,c=false,c=false/false,a=IDLE,uri=null,age=0} -> SocketChannelEndPoint@65f72a1e{/127.0.0.1:55184<->/127.0.0.1:9998,OPEN,fill=-,flush=-,to=0/30000}{io=0/0,kio=0,kro=0}-><null>,null,HttpChannelState@2a0dd2eb{s=IDLE a=NOT_ASYNC i=true r=IDLE w=false}
17:34:13.280 [qtp818859466-34] DEBUG o.e.jetty.server.HttpConnection - New HTTP Connection HttpConnection@7676ba6e::SocketChannelEndPoint@65f72a1e{/127.0.0.1:55184<->/127.0.0.1:9998,OPEN,fill=-,flush=-,to=1/30000}{io=0/0,kio=0,kro=0}-><null>
17:34:13.280 [qtp818859466-34] DEBUG o.eclipse.jetty.io.AbstractEndPoint - onOpen SocketChannelEndPoint@65f72a1e{/127.0.0.1:55184<->/127.0.0.1:9998,OPEN,fill=-,flush=-,to=1/30000}{io=0/0,kio=0,kro=0}->HttpConnection@7676ba6e[p=HttpParser{s=START,0 of -1},g=HttpGenerator@1bed1a28{s=START}]=>HttpChannelOverHttp@6f0f416e{r=0,c=false,c=false/false,a=IDLE,uri=null,age=0}
17:34:13.280 [qtp818859466-34] DEBUG o.e.jetty.io.AbstractConnection - onOpen HttpConnection@7676ba6e::SocketChannelEndPoint@65f72a1e{/127.0.0.1:55184<->/127.0.0.1:9998,OPEN,fill=-,flush=-,to=1/30000}{io=0/0,kio=0,kro=0}->HttpConnection@7676ba6e[p=HttpParser{s=START,0 of -1},g=HttpGenerator@1bed1a28{s=START}]=>HttpChannelOverHttp@6f0f416e{r=0,c=false,c=false/false,a=IDLE,uri=null,age=0}
17:34:13.280 [qtp818859466-34] DEBUG o.e.jetty.io.AbstractConnection - fillInterested HttpConnection@7676ba6e::SocketChannelEndPoint@65f72a1e{/127.0.0.1:55184<->/127.0.0.1:9998,OPEN,fill=-,flush=-,to=1/30000}{io=0/0,kio=0,kro=0}->HttpConnection@7676ba6e[p=HttpParser{s=START,0 of -1},g=HttpGenerator@1bed1a28{s=START}]=>HttpChannelOverHttp@6f0f416e{r=0,c=false,c=false/false,a=IDLE,uri=null,age=0}
17:34:13.281 [qtp818859466-34] DEBUG org.eclipse.jetty.io.FillInterest - interested FillInterest@e7c2c0a{AC.ReadCB@7676ba6e{HttpConnection@7676ba6e::SocketChannelEndPoint@65f72a1e{/127.0.0.1:55184<->/127.0.0.1:9998,OPEN,fill=FI,flush=-,to=1/30000}{io=0/0,kio=0,kro=0}->HttpConnection@7676ba6e[p=HttpParser{s=START,0 of -1},g=HttpGenerator@1bed1a28{s=START}]=>HttpChannelOverHttp@6f0f416e{r=0,c=false,c=false/false,a=IDLE,uri=null,age=0}}}
17:34:13.281 [qtp818859466-34] DEBUG org.eclipse.jetty.io.ChannelEndPoint - changeInterests p=false 0->1 for SocketChannelEndPoint@65f72a1e{/127.0.0.1:55184<->/127.0.0.1:9998,OPEN,fill=FI,flush=-,to=1/30000}{io=0/1,kio=0,kro=0}->HttpConnection@7676ba6e[p=HttpParser{s=START,0 of -1},g=HttpGenerator@1bed1a28{s=START}]=>HttpChannelOverHttp@6f0f416e{r=0,c=false,c=false/false,a=IDLE,uri=null,age=0}
17:34:13.281 [qtp818859466-34] DEBUG org.eclipse.jetty.io.ManagedSelector - Queued change org.eclipse.jetty.io.ChannelEndPoint$1@4a222da4 on ManagedSelector@2b97cc1f{STARTED} id=1 keys=1 selected=0 updates=0
17:34:13.281 [qtp818859466-34] DEBUG org.eclipse.jetty.io.ManagedSelector - Wakeup on submit ManagedSelector@2b97cc1f{STARTED} id=1 keys=1 selected=0 updates=1
17:34:13.282 [qtp818859466-32] DEBUG org.eclipse.jetty.io.ManagedSelector - Selector sun.nio.ch.KQueueSelectorImpl@77b6dd08 woken with none selected
17:34:13.282 [qtp818859466-32] DEBUG org.eclipse.jetty.io.ManagedSelector - Selector sun.nio.ch.KQueueSelectorImpl@77b6dd08 woken up from select, 0/0/1 selected
17:34:13.282 [qtp818859466-34] DEBUG org.eclipse.jetty.io.ManagedSelector - Created SocketChannelEndPoint@65f72a1e{/127.0.0.1:55184<->/127.0.0.1:9998,OPEN,fill=FI,flush=-,to=2/30000}{io=0/1,kio=0,kro=0}->HttpConnection@7676ba6e[p=HttpParser{s=START,0 of -1},g=HttpGenerator@1bed1a28{s=START}]=>HttpChannelOverHttp@6f0f416e{r=0,c=false,c=false/false,a=IDLE,uri=null,age=0}
17:34:13.282 [qtp818859466-34] DEBUG o.e.j.util.thread.QueuedThreadPool - ran org.eclipse.jetty.io.ManagedSelector$Accept@77c62717
17:34:13.282 [qtp818859466-32] DEBUG org.eclipse.jetty.io.ManagedSelector - Selector sun.nio.ch.KQueueSelectorImpl@77b6dd08 processing 0 keys, 1 updates
17:34:13.282 [qtp818859466-32] DEBUG org.eclipse.jetty.io.ManagedSelector - updateable 1
17:34:13.282 [qtp818859466-32] DEBUG org.eclipse.jetty.io.ManagedSelector - update org.eclipse.jetty.io.ChannelEndPoint$1@4a222da4
17:34:13.282 [qtp818859466-32] DEBUG org.eclipse.jetty.io.ChannelEndPoint - Key interests updated 0 -> 1 on SocketChannelEndPoint@65f72a1e{/127.0.0.1:55184<->/127.0.0.1:9998,OPEN,fill=FI,flush=-,to=2/30000}{io=1/1,kio=1,kro=0}->HttpConnection@7676ba6e[p=HttpParser{s=START,0 of -1},g=HttpGenerator@1bed1a28{s=START}]=>HttpChannelOverHttp@6f0f416e{r=0,c=false,c=false/false,a=IDLE,uri=null,age=0}
17:34:13.282 [qtp818859466-32] DEBUG org.eclipse.jetty.io.ManagedSelector - updates 0
17:34:13.282 [qtp818859466-32] DEBUG org.eclipse.jetty.io.ManagedSelector - Selector sun.nio.ch.KQueueSelectorImpl@77b6dd08 waiting with 1 keys
17:34:13.282 [qtp818859466-32] DEBUG org.eclipse.jetty.io.ManagedSelector - Selector sun.nio.ch.KQueueSelectorImpl@77b6dd08 woken up from select, 1/1/1 selected
17:34:13.282 [qtp818859466-32] DEBUG org.eclipse.jetty.io.ManagedSelector - Selector sun.nio.ch.KQueueSelectorImpl@77b6dd08 processing 1 keys, 0 updates
17:34:13.283 [qtp818859466-32] DEBUG org.eclipse.jetty.io.ManagedSelector - selected 1 sun.nio.ch.SelectionKeyImpl@79713d8e SocketChannelEndPoint@65f72a1e{/127.0.0.1:55184<->/127.0.0.1:9998,OPEN,fill=FI,flush=-,to=3/30000}{io=1/1,kio=1,kro=1}->HttpConnection@7676ba6e[p=HttpParser{s=START,0 of -1},g=HttpGenerator@1bed1a28{s=START}]=>HttpChannelOverHttp@6f0f416e{r=0,c=false,c=false/false,a=IDLE,uri=null,age=0} 
17:34:13.283 [qtp818859466-32] DEBUG org.eclipse.jetty.io.ChannelEndPoint - onSelected 1->0 r=true w=false for SocketChannelEndPoint@65f72a1e{/127.0.0.1:55184<->/127.0.0.1:9998,OPEN,fill=FI,flush=-,to=3/30000}{io=1/0,kio=1,kro=1}->HttpConnection@7676ba6e[p=HttpParser{s=START,0 of -1},g=HttpGenerator@1bed1a28{s=START}]=>HttpChannelOverHttp@6f0f416e{r=0,c=false,c=false/false,a=IDLE,uri=null,age=0}
17:34:13.283 [qtp818859466-32] DEBUG org.eclipse.jetty.io.ChannelEndPoint - task CEP:SocketChannelEndPoint@65f72a1e{/127.0.0.1:55184<->/127.0.0.1:9998,OPEN,fill=FI,flush=-,to=3/30000}{io=1/0,kio=1,kro=1}->HttpConnection@7676ba6e[p=HttpParser{s=START,0 of -1},g=HttpGenerator@1bed1a28{s=START}]=>HttpChannelOverHttp@6f0f416e{r=0,c=false,c=false/false,a=IDLE,uri=null,age=0}:runFillable:BLOCKING
17:34:13.284 [qtp818859466-32] DEBUG o.e.j.u.t.ReservedThreadExecutor - ReservedThreadExecutor@4d33940d{s=0/4,p=0} tryExecute EatWhatYouKill@13cd7ea5/SelectorProducer@102d92c4/PRODUCING/p=false/JettyConnectorThreadPool[qtp818859466]@30cecdca{STARTED,8<=8<=200,i=5,q=0}[ReservedThreadExecutor@4d33940d{s=0/4,p=0}][pc=0,pic=0,pec=0,epc=0]@2020-09-27T17:34:13.284+01:00
17:34:13.284 [qtp818859466-32] DEBUG o.e.j.u.t.ReservedThreadExecutor - ReservedThreadExecutor@4d33940d{s=0/4,p=1} startReservedThread p=1
17:34:13.284 [qtp818859466-32] DEBUG o.e.j.util.thread.QueuedThreadPool - queue ReservedThreadExecutor@4d33940d{s=0/4,p=1}@7d4eb678
17:34:13.284 [qtp818859466-35] DEBUG o.e.j.util.thread.QueuedThreadPool - run ReservedThreadExecutor@4d33940d{s=0/4,p=1}@7d4eb678
17:34:13.284 [qtp818859466-35] DEBUG o.e.j.u.t.ReservedThreadExecutor - ReservedThreadExecutor@4d33940d{s=1/4,p=1}@7d4eb678 started
17:34:13.284 [qtp818859466-35] DEBUG o.e.j.u.t.ReservedThreadExecutor - ReservedThreadExecutor@4d33940d{s=1/4,p=0}@7d4eb678 waiting
17:34:13.285 [qtp818859466-32] DEBUG o.e.j.u.t.strategy.EatWhatYouKill - EatWhatYouKill@13cd7ea5/SelectorProducer@102d92c4/PRODUCING/p=false/JettyConnectorThreadPool[qtp818859466]@30cecdca{STARTED,8<=8<=200,i=4,q=0}[ReservedThreadExecutor@4d33940d{s=0/4,p=1}][pc=0,pic=0,pec=0,epc=0]@2020-09-27T17:34:13.284+01:00 m=PRODUCE_EXECUTE_CONSUME t=CEP:SocketChannelEndPoint@65f72a1e{/127.0.0.1:55184<->/127.0.0.1:9998,OPEN,fill=FI,flush=-,to=4/30000}{io=1/0,kio=1,kro=1}->HttpConnection@7676ba6e[p=HttpParser{s=START,0 of -1},g=HttpGenerator@1bed1a28{s=START}]=>HttpChannelOverHttp@6f0f416e{r=0,c=false,c=false/false,a=IDLE,uri=null,age=0}:runFillable:BLOCKING/BLOCKING
17:34:13.285 [qtp818859466-32] DEBUG o.e.j.util.thread.QueuedThreadPool - queue CEP:SocketChannelEndPoint@65f72a1e{/127.0.0.1:55184<->/127.0.0.1:9998,OPEN,fill=FI,flush=-,to=5/30000}{io=1/0,kio=1,kro=1}->HttpConnection@7676ba6e[p=HttpParser{s=START,0 of -1},g=HttpGenerator@1bed1a28{s=START}]=>HttpChannelOverHttp@6f0f416e{r=0,c=false,c=false/false,a=IDLE,uri=null,age=0}:runFillable:BLOCKING
17:34:13.285 [qtp818859466-32] DEBUG org.eclipse.jetty.io.ManagedSelector - updateable 0
17:34:13.285 [qtp818859466-32] DEBUG org.eclipse.jetty.io.ManagedSelector - updates 0
17:34:13.285 [qtp818859466-32] DEBUG org.eclipse.jetty.io.ChannelEndPoint - Key interests updated 1 -> 0 on SocketChannelEndPoint@65f72a1e{/127.0.0.1:55184<->/127.0.0.1:9998,OPEN,fill=FI,flush=-,to=5/30000}{io=0/0,kio=0,kro=1}->HttpConnection@7676ba6e[p=HttpParser{s=START,0 of -1},g=HttpGenerator@1bed1a28{s=START}]=>HttpChannelOverHttp@6f0f416e{r=0,c=false,c=false/false,a=IDLE,uri=null,age=0}
17:34:13.285 [qtp818859466-32] DEBUG org.eclipse.jetty.io.ManagedSelector - Selector sun.nio.ch.KQueueSelectorImpl@77b6dd08 waiting with 1 keys
17:34:13.285 [qtp818859466-36] DEBUG o.e.j.util.thread.QueuedThreadPool - run CEP:SocketChannelEndPoint@65f72a1e{/127.0.0.1:55184<->/127.0.0.1:9998,OPEN,fill=FI,flush=-,to=5/30000}{io=0/0,kio=0,kro=1}->HttpConnection@7676ba6e[p=HttpParser{s=START,0 of -1},g=HttpGenerator@1bed1a28{s=START}]=>HttpChannelOverHttp@6f0f416e{r=0,c=false,c=false/false,a=IDLE,uri=null,age=0}:runFillable:BLOCKING
17:34:13.286 [qtp818859466-36] DEBUG org.eclipse.jetty.io.FillInterest - fillable FillInterest@e7c2c0a{AC.ReadCB@7676ba6e{HttpConnection@7676ba6e::SocketChannelEndPoint@65f72a1e{/127.0.0.1:55184<->/127.0.0.1:9998,OPEN,fill=FI,flush=-,to=5/30000}{io=0/0,kio=0,kro=1}->HttpConnection@7676ba6e[p=HttpParser{s=START,0 of -1},g=HttpGenerator@1bed1a28{s=START}]=>HttpChannelOverHttp@6f0f416e{r=0,c=false,c=false/false,a=IDLE,uri=null,age=0}}}
17:34:13.286 [qtp818859466-36] DEBUG o.e.jetty.server.HttpConnection - HttpConnection@7676ba6e::SocketChannelEndPoint@65f72a1e{/127.0.0.1:55184<->/127.0.0.1:9998,OPEN,fill=-,flush=-,to=6/30000}{io=0/0,kio=0,kro=1}->HttpConnection@7676ba6e[p=HttpParser{s=START,0 of -1},g=HttpGenerator@1bed1a28{s=START}]=>HttpChannelOverHttp@6f0f416e{r=0,c=false,c=false/false,a=IDLE,uri=null,age=0} onFillable enter HttpChannelState@2a0dd2eb{s=IDLE a=NOT_ASYNC i=true r=IDLE w=false} null
17:34:13.286 [qtp818859466-36] DEBUG org.eclipse.jetty.io.ChannelEndPoint - filled 307 HeapByteBuffer@3a9fdc44[p=0,l=307,c=8192,r=307]={<<<PUT /contact HTTP...+39 23 123456"}>>>\x00\x00\x00\x00\x00\x00\x00\x00\x00\x00\x00\x00\x00\x00\x00\x00\x00...\x00\x00\x00\x00\x00\x00\x00\x00\x00\x00\x00\x00\x00\x00\x00}
17:34:13.287 [qtp818859466-36] DEBUG o.e.jetty.server.HttpConnection - HttpConnection@7676ba6e::SocketChannelEndPoint@65f72a1e{/127.0.0.1:55184<->/127.0.0.1:9998,OPEN,fill=-,flush=-,to=0/30000}{io=0/0,kio=0,kro=1}->HttpConnection@7676ba6e[p=HttpParser{s=START,0 of -1},g=HttpGenerator@1bed1a28{s=START}]=>HttpChannelOverHttp@6f0f416e{r=0,c=false,c=false/false,a=IDLE,uri=null,age=0} filled 307 HeapByteBuffer@3a9fdc44[p=0,l=307,c=8192,r=307]={<<<PUT /contact HTTP...+39 23 123456"}>>>\x00\x00\x00\x00\x00\x00\x00\x00\x00\x00\x00\x00\x00\x00\x00\x00\x00...\x00\x00\x00\x00\x00\x00\x00\x00\x00\x00\x00\x00\x00\x00\x00}
17:34:13.287 [qtp818859466-36] DEBUG o.e.jetty.server.HttpConnection - HttpConnection@7676ba6e::SocketChannelEndPoint@65f72a1e{/127.0.0.1:55184<->/127.0.0.1:9998,OPEN,fill=-,flush=-,to=1/30000}{io=0/0,kio=0,kro=1}->HttpConnection@7676ba6e[p=HttpParser{s=START,0 of -1},g=HttpGenerator@1bed1a28{s=START}]=>HttpChannelOverHttp@6f0f416e{r=0,c=false,c=false/false,a=IDLE,uri=null,age=0} parse HeapByteBuffer@3a9fdc44[p=0,l=307,c=8192,r=307]={<<<PUT /contact HTTP...+39 23 123456"}>>>\x00\x00\x00\x00\x00\x00\x00\x00\x00\x00\x00\x00\x00\x00\x00\x00\x00...\x00\x00\x00\x00\x00\x00\x00\x00\x00\x00\x00\x00\x00\x00\x00} {}
17:34:13.287 [qtp818859466-36] DEBUG org.eclipse.jetty.http.HttpParser - parseNext s=START HeapByteBuffer@3a9fdc44[p=0,l=307,c=8192,r=307]={<<<PUT /contact HTTP...+39 23 123456"}>>>\x00\x00\x00\x00\x00\x00\x00\x00\x00\x00\x00\x00\x00\x00\x00\x00\x00...\x00\x00\x00\x00\x00\x00\x00\x00\x00\x00\x00\x00\x00\x00\x00}
17:34:13.287 [qtp818859466-36] DEBUG org.eclipse.jetty.http.HttpParser - START --> SPACE1
17:34:13.287 [qtp818859466-36] DEBUG org.eclipse.jetty.http.HttpParser - SPACE1 --> URI
17:34:13.287 [qtp818859466-36] DEBUG org.eclipse.jetty.http.HttpParser - URI --> SPACE2
17:34:13.287 [qtp818859466-36] DEBUG org.eclipse.jetty.http.HttpParser - SPACE2 --> REQUEST_VERSION
17:34:13.287 [qtp818859466-36] DEBUG org.eclipse.jetty.http.HttpParser - REQUEST_VERSION --> HEADER
17:34:13.287 [qtp818859466-36] DEBUG org.eclipse.jetty.http.HttpParser - HEADER:Content-Type: application/json --> IN_VALUE
17:34:13.287 [qtp818859466-36] DEBUG org.eclipse.jetty.http.HttpParser - HEADER:Content-Type: application/json --> FIELD
17:34:13.287 [qtp818859466-36] DEBUG org.eclipse.jetty.http.HttpParser - HEADER:User-Agent --> VALUE
17:34:13.287 [qtp818859466-36] DEBUG org.eclipse.jetty.http.HttpParser - HEADER:User-Agent --> IN_VALUE
17:34:13.287 [qtp818859466-36] DEBUG org.eclipse.jetty.http.HttpParser - HEADER:User-Agent --> FIELD
17:34:13.287 [qtp818859466-36] DEBUG org.eclipse.jetty.http.HttpParser - HEADER:Host --> VALUE
17:34:13.287 [qtp818859466-36] DEBUG org.eclipse.jetty.http.HttpParser - HEADER:Host --> IN_VALUE
17:34:13.287 [qtp818859466-36] DEBUG org.eclipse.jetty.http.HttpParser - HEADER:Host --> FIELD
17:34:13.287 [qtp818859466-36] DEBUG org.eclipse.jetty.http.HttpParser - HEADER:Accept --> VALUE
17:34:13.287 [qtp818859466-36] DEBUG org.eclipse.jetty.http.HttpParser - HEADER:Accept --> IN_VALUE
17:34:13.287 [qtp818859466-36] DEBUG org.eclipse.jetty.http.HttpParser - HEADER:Accept --> FIELD
17:34:13.288 [qtp818859466-36] DEBUG org.eclipse.jetty.http.HttpParser - HEADER:Connection: keep-alive --> IN_VALUE
17:34:13.288 [qtp818859466-36] DEBUG org.eclipse.jetty.http.HttpParser - HEADER:Connection: keep-alive --> FIELD
17:34:13.288 [qtp818859466-36] DEBUG org.eclipse.jetty.http.HttpParser - HEADER:Content-Length --> VALUE
17:34:13.288 [qtp818859466-36] DEBUG org.eclipse.jetty.http.HttpParser - HEADER:Content-Length --> IN_VALUE
17:34:13.288 [qtp818859466-36] DEBUG org.eclipse.jetty.http.HttpParser - HEADER:Content-Length --> FIELD
17:34:13.288 [qtp818859466-36] DEBUG org.eclipse.jetty.http.HttpParser - HEADER --> CONTENT
17:34:13.288 [qtp818859466-36] DEBUG org.eclipse.jetty.server.HttpChannel - REQUEST for //localhost:9998/contact on HttpChannelOverHttp@6f0f416e{r=1,c=false,c=false/false,a=IDLE,uri=//localhost:9998/contact,age=0}
PUT //localhost:9998/contact HTTP/1.1
Content-Type: application/json
User-Agent: Jersey/2.30.1 (HttpUrlConnection 1.8.0_261)
Host: localhost:9998
Accept: text/html, image/gif, image/jpeg, *; q=.2, */*; q=.2
Connection: keep-alive
Content-Length: 65


17:34:13.288 [qtp818859466-36] DEBUG o.e.jetty.server.HttpConnection - HttpConnection@7676ba6e::SocketChannelEndPoint@65f72a1e{/127.0.0.1:55184<->/127.0.0.1:9998,OPEN,fill=-,flush=-,to=2/30000}{io=0/0,kio=0,kro=1}->HttpConnection@7676ba6e[p=HttpParser{s=CONTENT,0 of 65},g=HttpGenerator@1bed1a28{s=START}]=>HttpChannelOverHttp@6f0f416e{r=1,c=false,c=false/false,a=IDLE,uri=//localhost:9998/contact,age=0} parsed true HttpParser{s=CONTENT,0 of 65}
17:34:13.288 [qtp818859466-36] DEBUG org.eclipse.jetty.server.HttpChannel - HttpChannelOverHttp@6f0f416e{r=1,c=false,c=false/false,a=IDLE,uri=//localhost:9998/contact,age=0} handle //localhost:9998/contact 
17:34:13.288 [qtp818859466-36] DEBUG o.e.jetty.server.HttpChannelState - handling HttpChannelState@2a0dd2eb{s=IDLE a=NOT_ASYNC i=true r=IDLE w=false}
17:34:13.288 [qtp818859466-36] DEBUG org.eclipse.jetty.server.HttpChannel - HttpChannelOverHttp@6f0f416e{r=1,c=false,c=false/false,a=DISPATCHED,uri=//localhost:9998/contact,age=0} action DISPATCH
17:34:13.288 [qtp818859466-36] DEBUG org.eclipse.jetty.server.Server - REQUEST PUT /contact on HttpChannelOverHttp@6f0f416e{r=1,c=false,c=false/false,a=DISPATCHED,uri=//localhost:9998/contact,age=0}
17:34:13.291 [qtp818859466-36] DEBUG o.e.jetty.server.HttpConnection - HttpConnection@7676ba6e::SocketChannelEndPoint@65f72a1e{/127.0.0.1:55184<->/127.0.0.1:9998,OPEN,fill=-,flush=-,to=4/30000}{io=0/0,kio=0,kro=1}->HttpConnection@7676ba6e[p=HttpParser{s=CONTENT,0 of 65},g=HttpGenerator@1bed1a28{s=START}]=>HttpChannelOverHttp@6f0f416e{r=1,c=false,c=false/false,a=DISPATCHED,uri=//localhost:9998/contact,age=3} parse HeapByteBuffer@3a9fdc44[p=242,l=307,c=8192,r=65]={PUT /contact HTTP...-Length: 65\r\n\r\n<<<{"firstName":"","...+39 23 123456"}>>>\x00\x00\x00\x00\x00\x00\x00\x00\x00\x00\x00\x00\x00\x00\x00\x00\x00...\x00\x00\x00\x00\x00\x00\x00\x00\x00\x00\x00\x00\x00\x00\x00} {}
17:34:13.291 [qtp818859466-36] DEBUG org.eclipse.jetty.http.HttpParser - parseNext s=CONTENT HeapByteBuffer@3a9fdc44[p=242,l=307,c=8192,r=65]={PUT /contact HTTP...-Length: 65\r\n\r\n<<<{"firstName":"","...+39 23 123456"}>>>\x00\x00\x00\x00\x00\x00\x00\x00\x00\x00\x00\x00\x00\x00\x00\x00\x00...\x00\x00\x00\x00\x00\x00\x00\x00\x00\x00\x00\x00\x00\x00\x00}
17:34:13.291 [qtp818859466-36] DEBUG org.eclipse.jetty.server.HttpChannel - HttpChannelOverHttp@6f0f416e{r=1,c=false,c=false/false,a=DISPATCHED,uri=//localhost:9998/contact,age=3} onContent Content@315cb048{HeapByteBufferR@445a4809[p=242,l=307,c=8192,r=65]={PUT /contact HTTP...-Length: 65\r\n\r\n<<<{"firstName":"","...+39 23 123456"}>>>\x00\x00\x00\x00\x00\x00\x00\x00\x00\x00\x00\x00\x00\x00\x00\x00\x00...\x00\x00\x00\x00\x00\x00\x00\x00\x00\x00\x00\x00\x00\x00\x00}}
17:34:13.291 [qtp818859466-36] DEBUG org.eclipse.jetty.server.HttpInput - HttpInputOverHTTP@498999a1[c=0,q=0,[0]=null,s=STREAM] addContent Content@315cb048{HeapByteBufferR@445a4809[p=242,l=307,c=8192,r=65]={PUT /contact HTTP...-Length: 65\r\n\r\n<<<{"firstName":"","...+39 23 123456"}>>>\x00\x00\x00\x00\x00\x00\x00\x00\x00\x00\x00\x00\x00\x00\x00\x00\x00...\x00\x00\x00\x00\x00\x00\x00\x00\x00\x00\x00\x00\x00\x00\x00}}
17:34:13.291 [qtp818859466-36] DEBUG org.eclipse.jetty.http.HttpParser - CONTENT --> END
17:34:13.291 [qtp818859466-36] DEBUG org.eclipse.jetty.server.HttpChannel - HttpChannelOverHttp@6f0f416e{r=1,c=false,c=false/false,a=DISPATCHED,uri=//localhost:9998/contact,age=3} onContentComplete
17:34:13.291 [qtp818859466-36] DEBUG org.eclipse.jetty.server.HttpChannel - HttpChannelOverHttp@6f0f416e{r=1,c=false,c=false/false,a=DISPATCHED,uri=//localhost:9998/contact,age=3} onRequestComplete
17:34:13.291 [qtp818859466-36] DEBUG org.eclipse.jetty.server.HttpInput - HttpInputOverHTTP@498999a1[c=0,q=1,[0]=EOF,s=STREAM] addContent EOF
17:34:13.291 [qtp818859466-36] DEBUG o.e.jetty.server.HttpConnection - HttpConnection@7676ba6e::SocketChannelEndPoint@65f72a1e{/127.0.0.1:55184<->/127.0.0.1:9998,OPEN,fill=-,flush=-,to=5/30000}{io=0/0,kio=0,kro=1}->HttpConnection@7676ba6e[p=HttpParser{s=END,65 of 65},g=HttpGenerator@1bed1a28{s=START}]=>HttpChannelOverHttp@6f0f416e{r=1,c=false,c=false/false,a=DISPATCHED,uri=//localhost:9998/contact,age=3} parsed false HttpParser{s=END,65 of 65}
17:34:13.291 [qtp818859466-36] DEBUG org.eclipse.jetty.server.HttpInput - HttpInputOverHTTP@498999a1[c=65,q=1,[0]=EOF,s=STREAM] read 65 from Content@315cb048{HeapByteBufferR@445a4809[p=307,l=307,c=8192,r=0]={PUT /contact HTTP...+39 23 123456"}<<<>>>\x00\x00\x00\x00\x00\x00\x00\x00\x00\x00\x00\x00\x00\x00\x00\x00\x00...\x00\x00\x00\x00\x00\x00\x00\x00\x00\x00\x00\x00\x00\x00\x00}}
17:34:13.291 [qtp818859466-36] DEBUG o.e.jetty.server.HttpConnection - releaseRequestBuffer HttpConnection@7676ba6e::SocketChannelEndPoint@65f72a1e{/127.0.0.1:55184<->/127.0.0.1:9998,OPEN,fill=-,flush=-,to=5/30000}{io=0/0,kio=0,kro=1}->HttpConnection@7676ba6e[p=HttpParser{s=END,65 of 65},g=HttpGenerator@1bed1a28{s=START}]=>HttpChannelOverHttp@6f0f416e{r=1,c=false,c=false/false,a=DISPATCHED,uri=//localhost:9998/contact,age=3}
17:34:13.309 [qtp818859466-36] DEBUG org.eclipse.jetty.server.HttpChannel - sendResponse info=null content=HeapByteBuffer@7c203415[p=0,l=0,c=0,r=0]={<<<>>>} complete=true committing=true callback=Blocker@5da9f86d{null}
17:34:13.310 [qtp818859466-36] DEBUG org.eclipse.jetty.server.HttpChannel - COMMIT for /contact on HttpChannelOverHttp@6f0f416e{r=1,c=true,c=false/false,a=DISPATCHED,uri=//localhost:9998/contact,age=22}
400 Bad Request HTTP/1.1
Date: Sun, 27 Sep 2020 16:34:13 GMT
Content-Length: 0


17:34:13.310 [qtp818859466-36] DEBUG o.e.jetty.server.HttpConnection - org.eclipse.jetty.server.HttpConnection$SendCallback@62ac4857[PROCESSING][i=HTTP/1.1{s=400,h=2,cl=0},cb=org.eclipse.jetty.server.HttpChannel$SendCallback@69fca22e] generate: NEED_HEADER (null,[p=0,l=0,c=0,r=0],true)@START
17:34:13.310 [qtp818859466-36] DEBUG org.eclipse.jetty.http.HttpGenerator - generateHeaders HTTP/1.1{s=400,h=2,cl=0} last=true content=HeapByteBuffer@7c203415[p=0,l=0,c=0,r=0]={<<<>>>}
17:34:13.310 [qtp818859466-36] DEBUG org.eclipse.jetty.http.HttpGenerator - Date: Sun, 27 Sep 2020 16:34:13 GMT
Content-Length: 0


17:34:13.310 [qtp818859466-36] DEBUG org.eclipse.jetty.http.HttpGenerator - CONTENT_LENGTH
17:34:13.310 [qtp818859466-36] DEBUG o.e.jetty.server.HttpConnection - org.eclipse.jetty.server.HttpConnection$SendCallback@62ac4857[PROCESSING][i=HTTP/1.1{s=400,h=2,cl=0},cb=org.eclipse.jetty.server.HttpChannel$SendCallback@69fca22e] generate: FLUSH ([p=0,l=117,c=8192,r=117],[p=0,l=0,c=0,r=0],true)@COMPLETING
17:34:13.310 [qtp818859466-36] DEBUG org.eclipse.jetty.io.WriteFlusher - write: WriteFlusher@327ce77d{IDLE}->null [HeapByteBuffer@3a9fdc44[p=0,l=117,c=8192,r=117]={<<<HTTP/1.1 400 Bad ....v20190418)\r\n\r\n>>> localhost:9998\r\n...\x00\x00\x00\x00\x00\x00\x00\x00\x00\x00\x00\x00\x00\x00\x00}]
17:34:13.310 [qtp818859466-36] DEBUG org.eclipse.jetty.io.WriteFlusher - update WriteFlusher@327ce77d{WRITING}->null:IDLE-->WRITING
17:34:13.311 [qtp818859466-36] DEBUG org.eclipse.jetty.io.ChannelEndPoint - flushed 117 SocketChannelEndPoint@65f72a1e{/127.0.0.1:55184<->/127.0.0.1:9998,OPEN,fill=-,flush=W,to=24/30000}{io=0/0,kio=0,kro=1}->HttpConnection@7676ba6e[p=HttpParser{s=END,65 of 65},g=HttpGenerator@1bed1a28{s=COMPLETING}]=>HttpChannelOverHttp@6f0f416e{r=1,c=true,c=false/false,a=DISPATCHED,uri=//localhost:9998/contact,age=22}
17:34:13.311 [qtp818859466-36] DEBUG org.eclipse.jetty.io.WriteFlusher - Flushed=true written=117 remaining=0 WriteFlusher@327ce77d{WRITING}->null
17:34:13.311 [qtp818859466-36] DEBUG org.eclipse.jetty.io.WriteFlusher - update WriteFlusher@327ce77d{IDLE}->null:WRITING-->IDLE
17:34:13.311 [qtp818859466-36] DEBUG o.e.jetty.server.HttpConnection - org.eclipse.jetty.server.HttpConnection$SendCallback@62ac4857[PROCESSING][i=HTTP/1.1{s=400,h=2,cl=0},cb=org.eclipse.jetty.server.HttpChannel$SendCallback@69fca22e] generate: DONE ([p=117,l=117,c=8192,r=0],[p=0,l=0,c=0,r=0],true)@END
17:34:13.311 [qtp818859466-36] DEBUG org.eclipse.jetty.server.Server - handled=true async=false committed=true on HttpChannelOverHttp@6f0f416e{r=1,c=true,c=false/true,a=DISPATCHED,uri=//localhost:9998/contact,age=23}
17:34:13.311 [qtp818859466-36] DEBUG o.e.jetty.server.HttpChannelState - unhandle HttpChannelState@2a0dd2eb{s=DISPATCHED a=NOT_ASYNC i=true r=IDLE w=false}
17:34:13.311 [qtp818859466-36] DEBUG org.eclipse.jetty.server.HttpChannel - HttpChannelOverHttp@6f0f416e{r=1,c=true,c=false/true,a=COMPLETING,uri=//localhost:9998/contact,age=23} action COMPLETE
17:34:13.311 [qtp818859466-36] DEBUG o.e.jetty.server.HttpChannelState - onComplete HttpChannelState@2a0dd2eb{s=COMPLETING a=NOT_ASYNC i=false r=IDLE w=false}
17:34:13.311 [qtp818859466-36] DEBUG org.eclipse.jetty.server.HttpChannel - COMPLETE for /contact written=0
17:34:13.311 [qtp818859466-36] DEBUG o.e.jetty.server.HttpChannelState - recycle HttpChannelState@2a0dd2eb{s=COMPLETED a=NOT_ASYNC i=false r=IDLE w=false}
17:34:13.311 [qtp818859466-36] DEBUG org.eclipse.jetty.http.HttpParser - reset HttpParser{s=END,65 of 65}
17:34:13.311 [qtp818859466-36] DEBUG org.eclipse.jetty.http.HttpParser - END --> START
17:34:13.311 [qtp818859466-36] DEBUG org.eclipse.jetty.server.HttpChannel - HttpChannelOverHttp@6f0f416e{r=1,c=false,c=false/false,a=IDLE,uri=null,age=0} handle exit, result COMPLETE
17:34:13.312 [qtp818859466-36] DEBUG org.eclipse.jetty.io.ChannelEndPoint - filled 0 HeapByteBuffer@3a9fdc44[p=0,l=0,c=8192,r=0]={<<<>>>HTTP/1.1 400 Bad ...\x00\x00\x00\x00\x00\x00\x00\x00\x00\x00\x00\x00\x00\x00\x00}
17:34:13.312 [qtp818859466-36] DEBUG org.eclipse.jetty.io.ChannelEndPoint - filled 0 HeapByteBuffer@3a9fdc44[p=0,l=0,c=8192,r=0]={<<<>>>HTTP/1.1 400 Bad ...\x00\x00\x00\x00\x00\x00\x00\x00\x00\x00\x00\x00\x00\x00\x00}
17:34:13.312 [qtp818859466-36] DEBUG o.e.jetty.server.HttpConnection - HttpConnection@7676ba6e::SocketChannelEndPoint@65f72a1e{/127.0.0.1:55184<->/127.0.0.1:9998,OPEN,fill=-,flush=-,to=1/30000}{io=0/0,kio=0,kro=1}->HttpConnection@7676ba6e[p=HttpParser{s=START,0 of -1},g=HttpGenerator@1bed1a28{s=START}]=>HttpChannelOverHttp@6f0f416e{r=1,c=false,c=false/false,a=IDLE,uri=null,age=0} filled 0 HeapByteBuffer@3a9fdc44[p=0,l=0,c=8192,r=0]={<<<>>>HTTP/1.1 400 Bad ...\x00\x00\x00\x00\x00\x00\x00\x00\x00\x00\x00\x00\x00\x00\x00}
17:34:13.312 [qtp818859466-36] DEBUG o.e.jetty.server.HttpConnection - HttpConnection@7676ba6e::SocketChannelEndPoint@65f72a1e{/127.0.0.1:55184<->/127.0.0.1:9998,OPEN,fill=-,flush=-,to=1/30000}{io=0/0,kio=0,kro=1}->HttpConnection@7676ba6e[p=HttpParser{s=START,0 of -1},g=HttpGenerator@1bed1a28{s=START}]=>HttpChannelOverHttp@6f0f416e{r=1,c=false,c=false/false,a=IDLE,uri=null,age=0} parse HeapByteBuffer@3a9fdc44[p=0,l=0,c=8192,r=0]={<<<>>>HTTP/1.1 400 Bad ...\x00\x00\x00\x00\x00\x00\x00\x00\x00\x00\x00\x00\x00\x00\x00} {}
17:34:13.312 [qtp818859466-36] DEBUG org.eclipse.jetty.http.HttpParser - parseNext s=START HeapByteBuffer@3a9fdc44[p=0,l=0,c=8192,r=0]={<<<>>>HTTP/1.1 400 Bad ...\x00\x00\x00\x00\x00\x00\x00\x00\x00\x00\x00\x00\x00\x00\x00}
17:34:13.312 [qtp818859466-36] DEBUG o.e.jetty.server.HttpConnection - HttpConnection@7676ba6e::SocketChannelEndPoint@65f72a1e{/127.0.0.1:55184<->/127.0.0.1:9998,OPEN,fill=-,flush=-,to=1/30000}{io=0/0,kio=0,kro=1}->HttpConnection@7676ba6e[p=HttpParser{s=START,0 of -1},g=HttpGenerator@1bed1a28{s=START}]=>HttpChannelOverHttp@6f0f416e{r=1,c=false,c=false/false,a=IDLE,uri=null,age=0} parsed false HttpParser{s=START,0 of -1}
17:34:13.313 [qtp818859466-36] DEBUG o.e.jetty.server.HttpConnection - releaseRequestBuffer HttpConnection@7676ba6e::SocketChannelEndPoint@65f72a1e{/127.0.0.1:55184<->/127.0.0.1:9998,OPEN,fill=-,flush=-,to=2/30000}{io=0/0,kio=0,kro=1}->HttpConnection@7676ba6e[p=HttpParser{s=START,0 of -1},g=HttpGenerator@1bed1a28{s=START}]=>HttpChannelOverHttp@6f0f416e{r=1,c=false,c=false/false,a=IDLE,uri=null,age=0}
17:34:13.313 [qtp818859466-36] DEBUG o.e.jetty.io.AbstractConnection - fillInterested HttpConnection@7676ba6e::SocketChannelEndPoint@65f72a1e{/127.0.0.1:55184<->/127.0.0.1:9998,OPEN,fill=-,flush=-,to=2/30000}{io=0/0,kio=0,kro=1}->HttpConnection@7676ba6e[p=HttpParser{s=START,0 of -1},g=HttpGenerator@1bed1a28{s=START}]=>HttpChannelOverHttp@6f0f416e{r=1,c=false,c=false/false,a=IDLE,uri=null,age=0}
17:34:13.313 [qtp818859466-36] DEBUG org.eclipse.jetty.io.FillInterest - interested FillInterest@e7c2c0a{AC.ReadCB@7676ba6e{HttpConnection@7676ba6e::SocketChannelEndPoint@65f72a1e{/127.0.0.1:55184<->/127.0.0.1:9998,OPEN,fill=FI,flush=-,to=0/30000}{io=0/0,kio=0,kro=1}->HttpConnection@7676ba6e[p=HttpParser{s=START,0 of -1},g=HttpGenerator@1bed1a28{s=START}]=>HttpChannelOverHttp@6f0f416e{r=1,c=false,c=false/false,a=IDLE,uri=null,age=0}}}
17:34:13.314 [qtp818859466-36] DEBUG org.eclipse.jetty.io.ChannelEndPoint - changeInterests p=false 0->1 for SocketChannelEndPoint@65f72a1e{/127.0.0.1:55184<->/127.0.0.1:9998,OPEN,fill=FI,flush=-,to=0/30000}{io=0/1,kio=0,kro=1}->HttpConnection@7676ba6e[p=HttpParser{s=START,0 of -1},g=HttpGenerator@1bed1a28{s=START}]=>HttpChannelOverHttp@6f0f416e{r=1,c=false,c=false/false,a=IDLE,uri=null,age=0}
17:34:13.314 [qtp818859466-36] DEBUG org.eclipse.jetty.io.ManagedSelector - Queued change org.eclipse.jetty.io.ChannelEndPoint$1@4a222da4 on ManagedSelector@2b97cc1f{STARTED} id=1 keys=1 selected=0 updates=0
17:34:13.314 [qtp818859466-36] DEBUG org.eclipse.jetty.io.ManagedSelector - Wakeup on submit ManagedSelector@2b97cc1f{STARTED} id=1 keys=1 selected=0 updates=1
17:34:13.314 [qtp818859466-32] DEBUG org.eclipse.jetty.io.ManagedSelector - Selector sun.nio.ch.KQueueSelectorImpl@77b6dd08 woken with none selected
17:34:13.314 [qtp818859466-32] DEBUG org.eclipse.jetty.io.ManagedSelector - Selector sun.nio.ch.KQueueSelectorImpl@77b6dd08 woken up from select, 0/0/1 selected
17:34:13.314 [qtp818859466-32] DEBUG org.eclipse.jetty.io.ManagedSelector - Selector sun.nio.ch.KQueueSelectorImpl@77b6dd08 processing 0 keys, 1 updates
17:34:13.314 [qtp818859466-32] DEBUG org.eclipse.jetty.io.ManagedSelector - updateable 1
17:34:13.314 [qtp818859466-32] DEBUG org.eclipse.jetty.io.ManagedSelector - update org.eclipse.jetty.io.ChannelEndPoint$1@4a222da4
17:34:13.314 [qtp818859466-36] DEBUG o.e.jetty.server.HttpConnection - HttpConnection@7676ba6e::SocketChannelEndPoint@65f72a1e{/127.0.0.1:55184<->/127.0.0.1:9998,OPEN,fill=FI,flush=-,to=1/30000}{io=0/1,kio=0,kro=1}->HttpConnection@7676ba6e[p=HttpParser{s=START,0 of -1},g=HttpGenerator@1bed1a28{s=START}]=>HttpChannelOverHttp@6f0f416e{r=1,c=false,c=false/false,a=IDLE,uri=null,age=0} onFillable exit HttpChannelState@2a0dd2eb{s=IDLE a=NOT_ASYNC i=true r=IDLE w=false} null
17:34:13.314 [qtp818859466-32] DEBUG org.eclipse.jetty.io.ChannelEndPoint - Key interests updated 0 -> 1 on SocketChannelEndPoint@65f72a1e{/127.0.0.1:55184<->/127.0.0.1:9998,OPEN,fill=FI,flush=-,to=1/30000}{io=1/1,kio=1,kro=1}->HttpConnection@7676ba6e[p=HttpParser{s=START,0 of -1},g=HttpGenerator@1bed1a28{s=START}]=>HttpChannelOverHttp@6f0f416e{r=1,c=false,c=false/false,a=IDLE,uri=null,age=0}
17:34:13.314 [qtp818859466-36] DEBUG o.e.j.util.thread.QueuedThreadPool - ran CEP:SocketChannelEndPoint@65f72a1e{/127.0.0.1:55184<->/127.0.0.1:9998,OPEN,fill=FI,flush=-,to=1/30000}{io=1/1,kio=1,kro=1}->HttpConnection@7676ba6e[p=HttpParser{s=START,0 of -1},g=HttpGenerator@1bed1a28{s=START}]=>HttpChannelOverHttp@6f0f416e{r=1,c=false,c=false/false,a=IDLE,uri=null,age=0}:runFillable:BLOCKING
17:34:13.314 [qtp818859466-32] DEBUG org.eclipse.jetty.io.ManagedSelector - updates 0
17:34:13.314 [qtp818859466-32] DEBUG org.eclipse.jetty.io.ManagedSelector - Selector sun.nio.ch.KQueueSelectorImpl@77b6dd08 waiting with 1 keys
17:34:13.319 [main] DEBUG o.e.j.u.component.AbstractLifeCycle - stopping Server@6edc4161{STARTED}[9.4.17.v20190418]
17:34:13.319 [main] DEBUG org.eclipse.jetty.server.Server - doStop Server@6edc4161{STOPPING}[9.4.17.v20190418]
17:34:13.319 [qtp818859466-33] DEBUG o.e.j.util.thread.QueuedThreadPool - ran qtp818859466-33-acceptor-0@ff6077-ServerConnector@1440c311{HTTP/1.1,[http/1.1]}{0.0.0.0:9998}
17:34:13.325 [main] DEBUG o.e.j.s.h.AbstractHandlerContainer - Graceful shutdown Server@6edc4161{STOPPING}[9.4.17.v20190418] by 
17:34:13.325 [main] DEBUG o.e.j.u.component.AbstractLifeCycle - stopping ServerConnector@1440c311{HTTP/1.1,[http/1.1]}{0.0.0.0:9998}
17:34:13.325 [main] DEBUG o.e.j.u.component.AbstractLifeCycle - stopping SelectorManager@ServerConnector@1440c311{HTTP/1.1,[http/1.1]}{0.0.0.0:9998}
17:34:13.325 [main] DEBUG o.e.j.u.component.AbstractLifeCycle - stopping ManagedSelector@2b97cc1f{STARTED} id=1 keys=1 selected=0 updates=0
17:34:13.325 [main] DEBUG org.eclipse.jetty.io.ManagedSelector - Queued change org.eclipse.jetty.io.ManagedSelector$CloseConnections@1bbae752 on ManagedSelector@2b97cc1f{STOPPING} id=1 keys=1 selected=0 updates=0
17:34:13.325 [main] DEBUG org.eclipse.jetty.io.ManagedSelector - Wakeup on submit ManagedSelector@2b97cc1f{STOPPING} id=1 keys=1 selected=0 updates=1
17:34:13.325 [qtp818859466-32] DEBUG org.eclipse.jetty.io.ManagedSelector - Selector sun.nio.ch.KQueueSelectorImpl@77b6dd08 woken with none selected
17:34:13.326 [qtp818859466-32] DEBUG org.eclipse.jetty.io.ManagedSelector - Selector sun.nio.ch.KQueueSelectorImpl@77b6dd08 woken up from select, 0/0/1 selected
17:34:13.326 [qtp818859466-32] DEBUG org.eclipse.jetty.io.ManagedSelector - Selector sun.nio.ch.KQueueSelectorImpl@77b6dd08 processing 0 keys, 1 updates
17:34:13.326 [qtp818859466-32] DEBUG org.eclipse.jetty.io.ManagedSelector - updateable 1
17:34:13.326 [qtp818859466-32] DEBUG org.eclipse.jetty.io.ManagedSelector - update org.eclipse.jetty.io.ManagedSelector$CloseConnections@1bbae752
17:34:13.326 [qtp818859466-32] DEBUG org.eclipse.jetty.io.ManagedSelector - Closing 1 connections on ManagedSelector@2b97cc1f{STOPPING} id=1 keys=1 selected=0 updates=0
17:34:13.326 [qtp818859466-32] DEBUG o.eclipse.jetty.io.AbstractEndPoint - close SocketChannelEndPoint@65f72a1e{/127.0.0.1:55184<->/127.0.0.1:9998,OPEN,fill=FI,flush=-,to=13/30000}{io=1/1,kio=1,kro=1}->HttpConnection@7676ba6e[p=HttpParser{s=START,0 of -1},g=HttpGenerator@1bed1a28{s=START}]=>HttpChannelOverHttp@6f0f416e{r=1,c=false,c=false/false,a=IDLE,uri=null,age=0}
17:34:13.326 [qtp818859466-32] DEBUG o.eclipse.jetty.io.AbstractEndPoint - close(null) SocketChannelEndPoint@65f72a1e{/127.0.0.1:55184<->/127.0.0.1:9998,OPEN,fill=FI,flush=-,to=13/30000}{io=1/1,kio=1,kro=1}->HttpConnection@7676ba6e[p=HttpParser{s=START,0 of -1},g=HttpGenerator@1bed1a28{s=START}]=>HttpChannelOverHttp@6f0f416e{r=1,c=false,c=false/false,a=IDLE,uri=null,age=0}
17:34:13.327 [qtp818859466-32] DEBUG org.eclipse.jetty.io.ChannelEndPoint - doClose SocketChannelEndPoint@65f72a1e{/127.0.0.1:55184<->/127.0.0.1:9998,CLOSED,fill=FI,flush=-,to=13/30000}{io=1/1,kio=1,kro=1}->HttpConnection@7676ba6e[p=HttpParser{s=START,0 of -1},g=HttpGenerator@1bed1a28{s=START}]=>HttpChannelOverHttp@6f0f416e{r=1,c=false,c=false/false,a=IDLE,uri=null,age=0}
17:34:13.327 [qtp818859466-32] DEBUG org.eclipse.jetty.io.WriteFlusher - ignored: WriteFlusher@327ce77d{IDLE}->null
java.nio.channels.ClosedChannelException: null
	at org.eclipse.jetty.io.WriteFlusher.onClose(WriteFlusher.java:492)
	at org.eclipse.jetty.io.AbstractEndPoint.onClose(AbstractEndPoint.java:353)
	at org.eclipse.jetty.io.ChannelEndPoint.onClose(ChannelEndPoint.java:215)
	at org.eclipse.jetty.io.AbstractEndPoint.doOnClose(AbstractEndPoint.java:225)
	at org.eclipse.jetty.io.AbstractEndPoint.close(AbstractEndPoint.java:192)
	at org.eclipse.jetty.io.AbstractEndPoint.close(AbstractEndPoint.java:175)
	at org.eclipse.jetty.io.AbstractConnection.close(AbstractConnection.java:248)
	at org.eclipse.jetty.io.ManagedSelector.closeNoExceptions(ManagedSelector.java:252)
	at org.eclipse.jetty.io.ManagedSelector.access$1400(ManagedSelector.java:61)
	at org.eclipse.jetty.io.ManagedSelector$CloseConnections.update(ManagedSelector.java:866)
	at org.eclipse.jetty.io.ManagedSelector$SelectorProducer.processUpdates(ManagedSelector.java:426)
	at org.eclipse.jetty.io.ManagedSelector$SelectorProducer.produce(ManagedSelector.java:397)
	at org.eclipse.jetty.util.thread.strategy.EatWhatYouKill.produceTask(EatWhatYouKill.java:357)
	at org.eclipse.jetty.util.thread.strategy.EatWhatYouKill.doProduce(EatWhatYouKill.java:181)
	at org.eclipse.jetty.util.thread.strategy.EatWhatYouKill.tryProduce(EatWhatYouKill.java:168)
	at org.eclipse.jetty.util.thread.strategy.EatWhatYouKill.produce(EatWhatYouKill.java:132)
	at org.eclipse.jetty.util.thread.QueuedThreadPool.runJob(QueuedThreadPool.java:786)
	at org.eclipse.jetty.util.thread.QueuedThreadPool$2.run(QueuedThreadPool.java:743)
	at java.lang.Thread.run(Thread.java:748)
17:34:13.328 [qtp818859466-32] DEBUG org.eclipse.jetty.io.FillInterest - onClose FillInterest@e7c2c0a{AC.ReadCB@7676ba6e{HttpConnection@7676ba6e::SocketChannelEndPoint@65f72a1e{/127.0.0.1:55184<->/127.0.0.1:9998,CLOSED,fill=FI,flush=-,to=14/30000}{io=1/1,kio=-1,kro=-1}->HttpConnection@7676ba6e[p=HttpParser{s=START,0 of -1},g=HttpGenerator@1bed1a28{s=START}]=>HttpChannelOverHttp@6f0f416e{r=1,c=false,c=false/false,a=IDLE,uri=null,age=0}}}
17:34:13.328 [qtp818859466-32] DEBUG org.eclipse.jetty.http.HttpParser - close HttpParser{s=START,0 of -1}
17:34:13.328 [qtp818859466-32] DEBUG org.eclipse.jetty.http.HttpParser - START --> CLOSE
17:34:13.328 [qtp818859466-32] DEBUG o.e.jetty.io.AbstractConnection - HttpConnection@7676ba6e::SocketChannelEndPoint@65f72a1e{/127.0.0.1:55184<->/127.0.0.1:9998,CLOSED,fill=-,flush=-,to=15/30000}{io=1/1,kio=-1,kro=-1}->HttpConnection@7676ba6e[p=HttpParser{s=CLOSE,0 of -1},g=HttpGenerator@1bed1a28{s=START}]=>HttpChannelOverHttp@6f0f416e{r=1,c=false,c=false/false,a=IDLE,uri=null,age=0} onFillInterestedFailed {}
17:34:13.328 [qtp818859466-32] DEBUG org.eclipse.jetty.io.ManagedSelector - Wakeup ManagedSelector@2b97cc1f{STOPPING} id=1 keys=1 selected=0 updates=0
17:34:13.328 [qtp818859466-32] DEBUG o.e.j.util.thread.QueuedThreadPool - queue org.eclipse.jetty.io.ManagedSelector$DestroyEndPoint@384c37b5
17:34:13.328 [qtp818859466-32] DEBUG org.eclipse.jetty.io.ManagedSelector - updates 0
17:34:13.328 [qtp818859466-32] DEBUG org.eclipse.jetty.io.ManagedSelector - Selector sun.nio.ch.KQueueSelectorImpl@77b6dd08 waiting with 1 keys
17:34:13.328 [qtp818859466-37] DEBUG o.e.j.util.thread.QueuedThreadPool - run org.eclipse.jetty.io.ManagedSelector$DestroyEndPoint@384c37b5
17:34:13.329 [main] DEBUG org.eclipse.jetty.io.ManagedSelector - Queued change org.eclipse.jetty.io.ManagedSelector$StopSelector@460b6d54 on ManagedSelector@2b97cc1f{STOPPING} id=1 keys=0 selected=0 updates=0
17:34:13.329 [main] DEBUG org.eclipse.jetty.io.ManagedSelector - Wakeup on submit ManagedSelector@2b97cc1f{STOPPING} id=1 keys=0 selected=0 updates=1
17:34:13.329 [qtp818859466-37] DEBUG org.eclipse.jetty.io.ManagedSelector - Destroyed SocketChannelEndPoint@65f72a1e{/127.0.0.1:55184<->/127.0.0.1:9998,CLOSED,fill=-,flush=-,to=16/30000}{io=1/1,kio=-1,kro=-1}->HttpConnection@7676ba6e[p=HttpParser{s=CLOSE,0 of -1},g=HttpGenerator@1bed1a28{s=START}]=>HttpChannelOverHttp@6f0f416e{r=1,c=false,c=false/false,a=IDLE,uri=null,age=0}
17:34:13.329 [qtp818859466-32] DEBUG org.eclipse.jetty.io.ManagedSelector - Selector sun.nio.ch.KQueueSelectorImpl@77b6dd08 woken with none selected
17:34:13.329 [qtp818859466-32] DEBUG org.eclipse.jetty.io.ManagedSelector - Selector sun.nio.ch.KQueueSelectorImpl@77b6dd08 woken up from select, 0/0/0 selected
17:34:13.329 [qtp818859466-32] DEBUG org.eclipse.jetty.io.ManagedSelector - Selector sun.nio.ch.KQueueSelectorImpl@77b6dd08 processing 0 keys, 1 updates
17:34:13.329 [qtp818859466-32] DEBUG org.eclipse.jetty.io.ManagedSelector - updateable 1
17:34:13.329 [qtp818859466-32] DEBUG org.eclipse.jetty.io.ManagedSelector - update org.eclipse.jetty.io.ManagedSelector$StopSelector@460b6d54
17:34:13.329 [qtp818859466-37] DEBUG o.e.jetty.io.AbstractConnection - onClose HttpConnection@7676ba6e::SocketChannelEndPoint@65f72a1e{/127.0.0.1:55184<->/127.0.0.1:9998,CLOSED,fill=-,flush=-,to=16/30000}{io=1/1,kio=-1,kro=-1}->HttpConnection@7676ba6e[p=HttpParser{s=CLOSE,0 of -1},g=HttpGenerator@1bed1a28{s=START}]=>HttpChannelOverHttp@6f0f416e{r=1,c=false,c=false/false,a=IDLE,uri=null,age=0}
17:34:13.329 [qtp818859466-32] DEBUG org.eclipse.jetty.io.ManagedSelector - updates 0
17:34:13.329 [qtp818859466-37] DEBUG o.e.j.util.thread.QueuedThreadPool - ran org.eclipse.jetty.io.ManagedSelector$DestroyEndPoint@384c37b5
17:34:13.329 [qtp818859466-32] DEBUG o.e.j.util.thread.QueuedThreadPool - ran org.eclipse.jetty.io.ManagedSelector$$Lambda$175/1736293769@64f555e7
17:34:13.329 [main] DEBUG o.e.j.u.component.AbstractLifeCycle - stopping EatWhatYouKill@13cd7ea5/SelectorProducer@102d92c4/IDLE/p=false/JettyConnectorThreadPool[qtp818859466]@30cecdca{STARTED,8<=8<=200,i=6,q=0}[ReservedThreadExecutor@4d33940d{s=1/4,p=0}][pc=0,pic=0,pec=1,epc=0]@2020-09-27T17:34:13.329+01:00
17:34:13.330 [main] DEBUG o.e.j.u.component.AbstractLifeCycle - STOPPED EatWhatYouKill@13cd7ea5/SelectorProducer@102d92c4/IDLE/p=false/JettyConnectorThreadPool[qtp818859466]@30cecdca{STARTED,8<=8<=200,i=6,q=0}[ReservedThreadExecutor@4d33940d{s=1/4,p=0}][pc=0,pic=0,pec=1,epc=0]@2020-09-27T17:34:13.33+01:00
17:34:13.330 [main] DEBUG o.e.j.u.component.AbstractLifeCycle - STOPPED ManagedSelector@2b97cc1f{STOPPED} id=1 keys=-1 selected=-1 updates=0
17:34:13.330 [main] DEBUG o.e.j.u.component.AbstractLifeCycle - stopping ManagedSelector@2abc224d{STARTED} id=0 keys=0 selected=0 updates=0
17:34:13.330 [main] DEBUG org.eclipse.jetty.io.ManagedSelector - Queued change org.eclipse.jetty.io.ManagedSelector$CloseConnections@5cf87cfd on ManagedSelector@2abc224d{STOPPING} id=0 keys=0 selected=0 updates=0
17:34:13.330 [main] DEBUG org.eclipse.jetty.io.ManagedSelector - Wakeup on submit ManagedSelector@2abc224d{STOPPING} id=0 keys=0 selected=0 updates=1
17:34:13.330 [qtp818859466-31] DEBUG org.eclipse.jetty.io.ManagedSelector - Selector sun.nio.ch.KQueueSelectorImpl@57f588ca woken with none selected
17:34:13.330 [qtp818859466-31] DEBUG org.eclipse.jetty.io.ManagedSelector - Selector sun.nio.ch.KQueueSelectorImpl@57f588ca woken up from select, 0/0/0 selected
17:34:13.330 [qtp818859466-31] DEBUG org.eclipse.jetty.io.ManagedSelector - Selector sun.nio.ch.KQueueSelectorImpl@57f588ca processing 0 keys, 1 updates
17:34:13.330 [qtp818859466-31] DEBUG org.eclipse.jetty.io.ManagedSelector - updateable 1
17:34:13.330 [qtp818859466-31] DEBUG org.eclipse.jetty.io.ManagedSelector - update org.eclipse.jetty.io.ManagedSelector$CloseConnections@5cf87cfd
17:34:13.330 [qtp818859466-31] DEBUG org.eclipse.jetty.io.ManagedSelector - Closing 0 connections on ManagedSelector@2abc224d{STOPPING} id=0 keys=0 selected=0 updates=0
17:34:13.330 [qtp818859466-31] DEBUG org.eclipse.jetty.io.ManagedSelector - updates 0
17:34:13.330 [qtp818859466-31] DEBUG org.eclipse.jetty.io.ManagedSelector - Selector sun.nio.ch.KQueueSelectorImpl@57f588ca waiting with 0 keys
17:34:13.330 [main] DEBUG org.eclipse.jetty.io.ManagedSelector - Queued change org.eclipse.jetty.io.ManagedSelector$StopSelector@76075d65 on ManagedSelector@2abc224d{STOPPING} id=0 keys=0 selected=0 updates=0
17:34:13.331 [main] DEBUG org.eclipse.jetty.io.ManagedSelector - Wakeup on submit ManagedSelector@2abc224d{STOPPING} id=0 keys=0 selected=0 updates=1
17:34:13.331 [qtp818859466-31] DEBUG org.eclipse.jetty.io.ManagedSelector - Selector sun.nio.ch.KQueueSelectorImpl@57f588ca woken with none selected
17:34:13.331 [qtp818859466-31] DEBUG org.eclipse.jetty.io.ManagedSelector - Selector sun.nio.ch.KQueueSelectorImpl@57f588ca woken up from select, 0/0/0 selected
17:34:13.331 [qtp818859466-31] DEBUG org.eclipse.jetty.io.ManagedSelector - Selector sun.nio.ch.KQueueSelectorImpl@57f588ca processing 0 keys, 1 updates
17:34:13.331 [qtp818859466-31] DEBUG org.eclipse.jetty.io.ManagedSelector - updateable 1
17:34:13.331 [qtp818859466-31] DEBUG org.eclipse.jetty.io.ManagedSelector - update org.eclipse.jetty.io.ManagedSelector$StopSelector@76075d65
17:34:13.331 [qtp818859466-31] DEBUG org.eclipse.jetty.io.ManagedSelector - updates 0
17:34:13.331 [qtp818859466-31] DEBUG o.e.j.util.thread.QueuedThreadPool - ran org.eclipse.jetty.io.ManagedSelector$$Lambda$175/1736293769@60723d6a
17:34:13.331 [main] DEBUG o.e.j.u.component.AbstractLifeCycle - stopping EatWhatYouKill@5ecba515/SelectorProducer@512d4583/IDLE/p=false/JettyConnectorThreadPool[qtp818859466]@30cecdca{STARTED,8<=8<=200,i=7,q=0}[ReservedThreadExecutor@4d33940d{s=1/4,p=0}][pc=0,pic=0,pec=0,epc=0]@2020-09-27T17:34:13.331+01:00
17:34:13.332 [main] DEBUG o.e.j.u.component.AbstractLifeCycle - STOPPED EatWhatYouKill@5ecba515/SelectorProducer@512d4583/IDLE/p=false/JettyConnectorThreadPool[qtp818859466]@30cecdca{STARTED,8<=8<=200,i=7,q=0}[ReservedThreadExecutor@4d33940d{s=1/4,p=0}][pc=0,pic=0,pec=0,epc=0]@2020-09-27T17:34:13.332+01:00
17:34:13.332 [main] DEBUG o.e.j.u.component.AbstractLifeCycle - STOPPED ManagedSelector@2abc224d{STOPPED} id=0 keys=-1 selected=-1 updates=0
17:34:13.332 [main] DEBUG o.e.j.u.component.AbstractLifeCycle - STOPPED SelectorManager@ServerConnector@1440c311{HTTP/1.1,[http/1.1]}{0.0.0.0:9998}
17:34:13.332 [main] DEBUG o.e.j.u.component.AbstractLifeCycle - stopping HttpConnectionFactory@5486887b[HTTP/1.1]
17:34:13.332 [main] DEBUG o.e.j.u.component.AbstractLifeCycle - STOPPED HttpConnectionFactory@5486887b[HTTP/1.1]
17:34:13.332 [main] DEBUG o.e.j.u.component.AbstractLifeCycle - stopping ScheduledExecutorScheduler@189b5fb1{STARTED}
17:34:13.332 [main] DEBUG o.e.j.u.component.AbstractLifeCycle - STOPPED ScheduledExecutorScheduler@189b5fb1{STOPPED}
17:34:13.332 [main] INFO  o.e.jetty.server.AbstractConnector - Stopped ServerConnector@1440c311{HTTP/1.1,[http/1.1]}{0.0.0.0:9998}
17:34:13.332 [main] DEBUG o.e.j.u.component.AbstractLifeCycle - STOPPED ServerConnector@1440c311{HTTP/1.1,[http/1.1]}{0.0.0.0:9998}
17:34:13.332 [main] DEBUG o.e.j.server.handler.AbstractHandler - stopping Server@6edc4161{STOPPING}[9.4.17.v20190418]
17:34:13.332 [main] DEBUG o.e.j.u.component.AbstractLifeCycle - stopping ErrorHandler@f973499{STARTED}
17:34:13.332 [main] DEBUG o.e.j.server.handler.AbstractHandler - stopping ErrorHandler@f973499{STOPPING}
17:34:13.333 [main] DEBUG o.e.j.u.component.AbstractLifeCycle - STOPPED ErrorHandler@f973499{STOPPED}
17:34:13.333 [main] DEBUG o.e.j.u.component.AbstractLifeCycle - stopping JettyHttpContainer@1ddd3478{STARTED}
17:34:13.333 [main] DEBUG o.e.j.server.handler.AbstractHandler - stopping JettyHttpContainer@1ddd3478{STOPPING}
17:34:13.334 [main] DEBUG o.e.j.u.component.AbstractLifeCycle - STOPPED JettyHttpContainer@1ddd3478{STOPPED}
17:34:13.334 [main] DEBUG o.e.j.u.component.AbstractLifeCycle - stopping JettyConnectorThreadPool[qtp818859466]@30cecdca{STARTED,8<=8<=200,i=7,q=0}[ReservedThreadExecutor@4d33940d{s=1/4,p=0}]
17:34:13.334 [main] DEBUG o.e.j.util.thread.QueuedThreadPool - Stopping JettyConnectorThreadPool[qtp818859466]@30cecdca{STOPPING,8<=8<=200,i=7,q=0}[ReservedThreadExecutor@4d33940d{s=1/4,p=0}]
17:34:13.335 [main] DEBUG o.e.j.u.component.AbstractLifeCycle - stopping ReservedThreadExecutor@4d33940d{s=1/4,p=0}
17:34:13.335 [main] DEBUG o.e.j.u.t.ReservedThreadExecutor - ReservedThreadExecutor@4d33940d{s=0/4,p=0}@7d4eb678 offer STOP!
17:34:13.335 [main] DEBUG o.e.j.u.component.AbstractLifeCycle - STOPPED ReservedThreadExecutor@4d33940d{s=0/4,p=0}
17:34:13.335 [qtp818859466-35] DEBUG o.e.j.u.t.ReservedThreadExecutor - ReservedThreadExecutor@4d33940d{s=0/4,p=0}@7d4eb678 task=STOP!
17:34:13.335 [qtp818859466-35] DEBUG o.e.j.u.t.ReservedThreadExecutor - ReservedThreadExecutor@4d33940d{s=0/4,p=0}@7d4eb678 Exited
17:34:13.335 [qtp818859466-35] DEBUG o.e.j.util.thread.QueuedThreadPool - ran ReservedThreadExecutor@4d33940d{s=0/4,p=0}@7d4eb678
17:34:13.335 [qtp818859466-38] DEBUG o.e.j.util.thread.QueuedThreadPool - run org.eclipse.jetty.util.thread.QueuedThreadPool$$Lambda$264/1914615775@5e9a99b4
17:34:13.335 [qtp818859466-38] DEBUG o.e.j.util.thread.QueuedThreadPool - ran org.eclipse.jetty.util.thread.QueuedThreadPool$$Lambda$264/1914615775@5e9a99b4
17:34:13.335 [qtp818859466-34] DEBUG o.e.j.util.thread.QueuedThreadPool - run org.eclipse.jetty.util.thread.QueuedThreadPool$$Lambda$264/1914615775@5e9a99b4
17:34:13.335 [qtp818859466-36] DEBUG o.e.j.util.thread.QueuedThreadPool - run org.eclipse.jetty.util.thread.QueuedThreadPool$$Lambda$264/1914615775@5e9a99b4
17:34:13.335 [qtp818859466-34] DEBUG o.e.j.util.thread.QueuedThreadPool - ran org.eclipse.jetty.util.thread.QueuedThreadPool$$Lambda$264/1914615775@5e9a99b4
17:34:13.335 [qtp818859466-33] DEBUG o.e.j.util.thread.QueuedThreadPool - run org.eclipse.jetty.util.thread.QueuedThreadPool$$Lambda$264/1914615775@5e9a99b4
17:34:13.336 [qtp818859466-33] DEBUG o.e.j.util.thread.QueuedThreadPool - ran org.eclipse.jetty.util.thread.QueuedThreadPool$$Lambda$264/1914615775@5e9a99b4
17:34:13.336 [qtp818859466-32] DEBUG o.e.j.util.thread.QueuedThreadPool - run org.eclipse.jetty.util.thread.QueuedThreadPool$$Lambda$264/1914615775@5e9a99b4
17:34:13.336 [qtp818859466-32] DEBUG o.e.j.util.thread.QueuedThreadPool - ran org.eclipse.jetty.util.thread.QueuedThreadPool$$Lambda$264/1914615775@5e9a99b4
17:34:13.335 [qtp818859466-37] DEBUG o.e.j.util.thread.QueuedThreadPool - run org.eclipse.jetty.util.thread.QueuedThreadPool$$Lambda$264/1914615775@5e9a99b4
17:34:13.336 [qtp818859466-31] DEBUG o.e.j.util.thread.QueuedThreadPool - run org.eclipse.jetty.util.thread.QueuedThreadPool$$Lambda$264/1914615775@5e9a99b4
17:34:13.336 [qtp818859466-37] DEBUG o.e.j.util.thread.QueuedThreadPool - ran org.eclipse.jetty.util.thread.QueuedThreadPool$$Lambda$264/1914615775@5e9a99b4
17:34:13.336 [qtp818859466-31] DEBUG o.e.j.util.thread.QueuedThreadPool - ran org.eclipse.jetty.util.thread.QueuedThreadPool$$Lambda$264/1914615775@5e9a99b4
17:34:13.336 [qtp818859466-36] DEBUG o.e.j.util.thread.QueuedThreadPool - ran org.eclipse.jetty.util.thread.QueuedThreadPool$$Lambda$264/1914615775@5e9a99b4
17:34:13.336 [main] DEBUG o.e.j.util.thread.QueuedThreadPool - Waiting for Thread[qtp818859466-34,5,] for 14999
17:34:13.336 [main] DEBUG o.e.j.util.thread.QueuedThreadPool - Waiting for Thread[qtp818859466-36,5,] for 14999
17:34:13.346 [main] DEBUG o.e.j.u.component.AbstractLifeCycle - STOPPED JettyConnectorThreadPool[qtp818859466]@30cecdca{STOPPED,8<=0<=200,i=0,q=0}[org.eclipse.jetty.util.thread.TryExecutor$$Lambda$157/1967617997@759fad4]
17:34:13.347 [main] DEBUG o.e.j.u.component.AbstractLifeCycle - STOPPED Server@6edc4161{STOPPED}[9.4.17.v20190418]
]]></system-out>
    <system-err><![CDATA[Sep 27, 2020 5:34:12 PM org.glassfish.jersey.test.jetty.JettyTestContainerFactory$JettyTestContainer <init>
INFO: Creating JettyTestContainer configured at the base URI http://localhost:9998/
]]></system-err>
  </testcase>
  <testcase name="testUpdateContactWithInvalidContact" classname="com.brunogoncalves.phonebook.resource.ContactResourceTest" time="0.369">
    <system-out><![CDATA[17:34:13.525 [main] DEBUG o.h.v.i.e.r.TraversableResolvers - Cannot find javax.persistence.Persistence on classpath. Assuming non JPA 2 environment. All properties will per default be traversable.
17:34:13.528 [main] DEBUG o.h.v.i.x.config.ValidationXmlParser - Trying to load META-INF/validation.xml for XML based Validator configuration.
17:34:13.528 [main] DEBUG o.h.v.i.x.c.ResourceLoaderHelper - Trying to load META-INF/validation.xml via TCCL
17:34:13.529 [main] DEBUG o.h.v.i.x.c.ResourceLoaderHelper - Trying to load META-INF/validation.xml via Hibernate Validator's class loader
17:34:13.530 [main] DEBUG o.h.v.i.x.config.ValidationXmlParser - No META-INF/validation.xml found. Using annotation based configuration only.
17:34:13.540 [main] DEBUG o.h.v.m.ResourceBundleMessageInterpolator - Loaded expression factory via original TCCL
17:34:13.540 [main] DEBUG o.h.v.i.engine.ValidatorFactoryImpl - HV000234: Using org.hibernate.validator.messageinterpolation.ResourceBundleMessageInterpolator as ValidatorFactory-scoped message interpolator.
17:34:13.540 [main] DEBUG o.h.v.i.engine.ValidatorFactoryImpl - HV000234: Using org.hibernate.validator.internal.engine.resolver.TraverseAllTraversableResolver as ValidatorFactory-scoped traversable resolver.
17:34:13.540 [main] DEBUG o.h.v.i.engine.ValidatorFactoryImpl - HV000234: Using org.hibernate.validator.internal.util.ExecutableParameterNameProvider as ValidatorFactory-scoped parameter name provider.
17:34:13.540 [main] DEBUG o.h.v.i.engine.ValidatorFactoryImpl - HV000234: Using org.hibernate.validator.internal.engine.DefaultClockProvider as ValidatorFactory-scoped clock provider.
17:34:13.540 [main] DEBUG o.h.v.i.engine.ValidatorFactoryImpl - HV000234: Using org.hibernate.validator.internal.engine.scripting.DefaultScriptEvaluatorFactory as ValidatorFactory-scoped script evaluator factory.
17:34:13.548 [main] DEBUG o.e.j.u.component.ContainerLifeCycle - Server@31da6b2e{STOPPED}[9.4.17.v20190418] added {JettyConnectorThreadPool[qtp161118423]@99a78d7{STOPPED,8<=0<=200,i=0,q=0}[org.eclipse.jetty.util.thread.TryExecutor$$Lambda$157/1967617997@759fad4],AUTO}
17:34:13.548 [main] DEBUG o.e.j.u.component.ContainerLifeCycle - HttpConnectionFactory@61c76850[HTTP/1.1] added {HttpConfiguration@70242f38{32768/8192,8192/8192,https://:0,[]},POJO}
17:34:13.548 [main] DEBUG o.e.j.u.component.ContainerLifeCycle - ServerConnector@2a22ad2b{null,[]}{0.0.0.0:0} added {Server@31da6b2e{STOPPED}[9.4.17.v20190418],UNMANAGED}
17:34:13.548 [main] DEBUG o.e.j.u.component.ContainerLifeCycle - ServerConnector@2a22ad2b{null,[]}{0.0.0.0:0} added {JettyConnectorThreadPool[qtp161118423]@99a78d7{STOPPED,8<=0<=200,i=0,q=0}[org.eclipse.jetty.util.thread.TryExecutor$$Lambda$157/1967617997@759fad4],AUTO}
17:34:13.548 [main] DEBUG o.e.j.u.component.ContainerLifeCycle - ServerConnector@2a22ad2b{null,[]}{0.0.0.0:0} added {ScheduledExecutorScheduler@48c3205a{STOPPED},AUTO}
17:34:13.549 [main] DEBUG o.e.j.u.component.ContainerLifeCycle - ServerConnector@2a22ad2b{null,[]}{0.0.0.0:0} added {org.eclipse.jetty.io.ArrayByteBufferPool@121c54fa,POJO}
17:34:13.549 [main] DEBUG o.e.j.u.component.ContainerLifeCycle - ServerConnector@2a22ad2b{null,[http/1.1]}{0.0.0.0:0} added {HttpConnectionFactory@61c76850[HTTP/1.1],AUTO}
17:34:13.549 [main] DEBUG o.e.jetty.server.AbstractConnector - ServerConnector@2a22ad2b{HTTP/1.1,[http/1.1]}{0.0.0.0:0} added HttpConnectionFactory@61c76850[HTTP/1.1]
17:34:13.549 [main] DEBUG o.e.j.u.component.ContainerLifeCycle - ServerConnector@2a22ad2b{HTTP/1.1,[http/1.1]}{0.0.0.0:0} added {SelectorManager@ServerConnector@2a22ad2b{HTTP/1.1,[http/1.1]}{0.0.0.0:0},MANAGED}
17:34:13.549 [main] DEBUG o.e.j.u.component.ContainerLifeCycle - Server@31da6b2e{STOPPED}[9.4.17.v20190418] added {ServerConnector@2a22ad2b{HTTP/1.1,[http/1.1]}{0.0.0.0:9998},AUTO}
17:34:13.549 [main] DEBUG o.e.j.u.component.ContainerLifeCycle - Server@31da6b2e{STOPPED}[9.4.17.v20190418] added {JettyHttpContainer@4390f46e{STOPPED},MANAGED}
17:34:13.549 [main] DEBUG o.e.j.u.component.AbstractLifeCycle - starting Server@31da6b2e{STOPPED}[9.4.17.v20190418]
17:34:13.549 [main] DEBUG o.e.j.u.component.ContainerLifeCycle - Server@31da6b2e{STARTING}[9.4.17.v20190418] added {ErrorHandler@7c6442c2{STOPPED},AUTO}
17:34:13.549 [main] INFO  org.eclipse.jetty.server.Server - jetty-9.4.17.v20190418; built: 2019-04-18T19:45:35.259Z; git: aa1c656c315c011c01e7b21aabb04066635b9f67; jvm 1.8.0_261-b12
17:34:13.549 [main] DEBUG o.e.j.server.handler.AbstractHandler - starting Server@31da6b2e{STARTING}[9.4.17.v20190418]
17:34:13.549 [main] DEBUG o.e.j.u.component.AbstractLifeCycle - starting JettyConnectorThreadPool[qtp161118423]@99a78d7{STOPPED,8<=0<=200,i=0,q=0}[org.eclipse.jetty.util.thread.TryExecutor$$Lambda$157/1967617997@759fad4]
17:34:13.550 [main] DEBUG o.e.j.u.t.ReservedThreadExecutor - ReservedThreadExecutor@2d746ce4{s=0/4,p=0}
17:34:13.550 [main] DEBUG o.e.j.u.component.ContainerLifeCycle - JettyConnectorThreadPool[qtp161118423]@99a78d7{STARTING,8<=0<=200,i=0,q=0}[ReservedThreadExecutor@2d746ce4{s=0/4,p=0}] added {ReservedThreadExecutor@2d746ce4{s=0/4,p=0},AUTO}
17:34:13.550 [main] DEBUG o.e.j.u.component.AbstractLifeCycle - starting ReservedThreadExecutor@2d746ce4{s=0/4,p=0}
17:34:13.550 [main] DEBUG o.e.j.u.component.AbstractLifeCycle - STARTED @4201ms ReservedThreadExecutor@2d746ce4{s=0/4,p=0}
17:34:13.550 [main] DEBUG o.e.j.util.thread.QueuedThreadPool - Starting Thread[qtp161118423-40,5,main]
17:34:13.550 [main] DEBUG o.e.j.util.thread.QueuedThreadPool - Starting Thread[qtp161118423-41,5,main]
17:34:13.551 [main] DEBUG o.e.j.util.thread.QueuedThreadPool - Starting Thread[qtp161118423-42,5,main]
17:34:13.551 [main] DEBUG o.e.j.util.thread.QueuedThreadPool - Starting Thread[qtp161118423-43,5,main]
17:34:13.551 [main] DEBUG o.e.j.util.thread.QueuedThreadPool - Starting Thread[qtp161118423-44,5,main]
17:34:13.552 [main] DEBUG o.e.j.util.thread.QueuedThreadPool - Starting Thread[qtp161118423-45,5,main]
17:34:13.552 [main] DEBUG o.e.j.util.thread.QueuedThreadPool - Starting Thread[qtp161118423-46,5,main]
17:34:13.552 [main] DEBUG o.e.j.util.thread.QueuedThreadPool - Starting Thread[qtp161118423-47,5,main]
17:34:13.552 [main] DEBUG o.e.j.u.component.AbstractLifeCycle - STARTED @4204ms JettyConnectorThreadPool[qtp161118423]@99a78d7{STARTED,8<=8<=200,i=8,q=0}[ReservedThreadExecutor@2d746ce4{s=0/4,p=0}]
17:34:13.553 [main] DEBUG o.e.j.u.component.AbstractLifeCycle - starting JettyHttpContainer@4390f46e{STOPPED}
17:34:13.553 [main] DEBUG o.e.j.server.handler.AbstractHandler - starting JettyHttpContainer@4390f46e{STARTING}
17:34:13.553 [main] DEBUG o.e.j.u.component.AbstractLifeCycle - STARTED @4204ms JettyHttpContainer@4390f46e{STARTED}
17:34:13.553 [main] DEBUG o.e.j.u.component.AbstractLifeCycle - starting ErrorHandler@7c6442c2{STOPPED}
17:34:13.553 [main] DEBUG o.e.j.server.handler.AbstractHandler - starting ErrorHandler@7c6442c2{STARTING}
17:34:13.553 [main] DEBUG o.e.j.u.component.AbstractLifeCycle - STARTED @4204ms ErrorHandler@7c6442c2{STARTED}
17:34:13.553 [main] DEBUG o.e.j.u.component.AbstractLifeCycle - starting ServerConnector@2a22ad2b{HTTP/1.1,[http/1.1]}{0.0.0.0:9998}
17:34:13.553 [main] DEBUG o.e.j.u.component.ContainerLifeCycle - ServerConnector@2a22ad2b{HTTP/1.1,[http/1.1]}{0.0.0.0:9998} added {sun.nio.ch.ServerSocketChannelImpl[/0:0:0:0:0:0:0:0:9998],POJO}
17:34:13.553 [main] DEBUG o.e.j.u.component.AbstractLifeCycle - starting ScheduledExecutorScheduler@48c3205a{STOPPED}
17:34:13.553 [main] DEBUG o.e.j.u.component.AbstractLifeCycle - STARTED @4205ms ScheduledExecutorScheduler@48c3205a{STARTED}
17:34:13.553 [main] DEBUG o.e.j.u.component.AbstractLifeCycle - starting HttpConnectionFactory@61c76850[HTTP/1.1]
17:34:13.553 [main] DEBUG o.e.j.u.component.AbstractLifeCycle - STARTED @4205ms HttpConnectionFactory@61c76850[HTTP/1.1]
17:34:13.554 [main] DEBUG o.e.j.u.component.AbstractLifeCycle - starting SelectorManager@ServerConnector@2a22ad2b{HTTP/1.1,[http/1.1]}{0.0.0.0:9998}
17:34:13.554 [main] DEBUG o.e.j.u.component.ContainerLifeCycle - EatWhatYouKill@39109136/SelectorProducer@27c04377/IDLE/p=false/JettyConnectorThreadPool[qtp161118423]@99a78d7{STARTED,8<=8<=200,i=8,q=0}[ReservedThreadExecutor@2d746ce4{s=0/4,p=0}][pc=0,pic=0,pec=0,epc=0]@2020-09-27T17:34:13.554+01:00 added {SelectorProducer@27c04377,POJO}
17:34:13.554 [main] DEBUG o.e.j.u.component.ContainerLifeCycle - EatWhatYouKill@39109136/SelectorProducer@27c04377/IDLE/p=false/JettyConnectorThreadPool[qtp161118423]@99a78d7{STARTED,8<=8<=200,i=8,q=0}[ReservedThreadExecutor@2d746ce4{s=0/4,p=0}][pc=0,pic=0,pec=0,epc=0]@2020-09-27T17:34:13.554+01:00 added {JettyConnectorThreadPool[qtp161118423]@99a78d7{STARTED,8<=8<=200,i=8,q=0}[ReservedThreadExecutor@2d746ce4{s=0/4,p=0}],UNMANAGED}
17:34:13.555 [main] DEBUG o.e.j.u.t.strategy.EatWhatYouKill - EatWhatYouKill@39109136/SelectorProducer@27c04377/IDLE/p=false/JettyConnectorThreadPool[qtp161118423]@99a78d7{STARTED,8<=8<=200,i=8,q=0}[ReservedThreadExecutor@2d746ce4{s=0/4,p=0}][pc=0,pic=0,pec=0,epc=0]@2020-09-27T17:34:13.555+01:00 created
17:34:13.555 [main] DEBUG o.e.j.u.component.ContainerLifeCycle - ManagedSelector@34dc85a{STOPPED} id=0 keys=-1 selected=-1 updates=0 added {EatWhatYouKill@39109136/SelectorProducer@27c04377/IDLE/p=false/JettyConnectorThreadPool[qtp161118423]@99a78d7{STARTED,8<=8<=200,i=8,q=0}[ReservedThreadExecutor@2d746ce4{s=0/4,p=0}][pc=0,pic=0,pec=0,epc=0]@2020-09-27T17:34:13.555+01:00,MANAGED}
17:34:13.555 [main] DEBUG o.e.j.u.component.ContainerLifeCycle - SelectorManager@ServerConnector@2a22ad2b{HTTP/1.1,[http/1.1]}{0.0.0.0:9998} added {ManagedSelector@34dc85a{STOPPED} id=0 keys=-1 selected=-1 updates=0,AUTO}
17:34:13.555 [main] DEBUG o.e.j.u.component.ContainerLifeCycle - EatWhatYouKill@67403656/SelectorProducer@5a6482a9/IDLE/p=false/JettyConnectorThreadPool[qtp161118423]@99a78d7{STARTED,8<=8<=200,i=8,q=0}[ReservedThreadExecutor@2d746ce4{s=0/4,p=0}][pc=0,pic=0,pec=0,epc=0]@2020-09-27T17:34:13.555+01:00 added {SelectorProducer@5a6482a9,POJO}
17:34:13.556 [main] DEBUG o.e.j.u.component.ContainerLifeCycle - EatWhatYouKill@67403656/SelectorProducer@5a6482a9/IDLE/p=false/JettyConnectorThreadPool[qtp161118423]@99a78d7{STARTED,8<=8<=200,i=8,q=0}[ReservedThreadExecutor@2d746ce4{s=0/4,p=0}][pc=0,pic=0,pec=0,epc=0]@2020-09-27T17:34:13.556+01:00 added {JettyConnectorThreadPool[qtp161118423]@99a78d7{STARTED,8<=8<=200,i=8,q=0}[ReservedThreadExecutor@2d746ce4{s=0/4,p=0}],UNMANAGED}
17:34:13.556 [main] DEBUG o.e.j.u.t.strategy.EatWhatYouKill - EatWhatYouKill@67403656/SelectorProducer@5a6482a9/IDLE/p=false/JettyConnectorThreadPool[qtp161118423]@99a78d7{STARTED,8<=8<=200,i=8,q=0}[ReservedThreadExecutor@2d746ce4{s=0/4,p=0}][pc=0,pic=0,pec=0,epc=0]@2020-09-27T17:34:13.556+01:00 created
17:34:13.556 [main] DEBUG o.e.j.u.component.ContainerLifeCycle - ManagedSelector@7f9ab969{STOPPED} id=1 keys=-1 selected=-1 updates=0 added {EatWhatYouKill@67403656/SelectorProducer@5a6482a9/IDLE/p=false/JettyConnectorThreadPool[qtp161118423]@99a78d7{STARTED,8<=8<=200,i=8,q=0}[ReservedThreadExecutor@2d746ce4{s=0/4,p=0}][pc=0,pic=0,pec=0,epc=0]@2020-09-27T17:34:13.556+01:00,MANAGED}
17:34:13.556 [main] DEBUG o.e.j.u.component.ContainerLifeCycle - SelectorManager@ServerConnector@2a22ad2b{HTTP/1.1,[http/1.1]}{0.0.0.0:9998} added {ManagedSelector@7f9ab969{STOPPED} id=1 keys=-1 selected=-1 updates=0,AUTO}
17:34:13.557 [main] DEBUG o.e.j.u.component.AbstractLifeCycle - starting ManagedSelector@34dc85a{STOPPED} id=0 keys=-1 selected=-1 updates=0
17:34:13.557 [main] DEBUG o.e.j.u.component.AbstractLifeCycle - starting EatWhatYouKill@39109136/SelectorProducer@27c04377/IDLE/p=false/JettyConnectorThreadPool[qtp161118423]@99a78d7{STARTED,8<=8<=200,i=8,q=0}[ReservedThreadExecutor@2d746ce4{s=0/4,p=0}][pc=0,pic=0,pec=0,epc=0]@2020-09-27T17:34:13.557+01:00
17:34:13.557 [main] DEBUG o.e.j.u.component.AbstractLifeCycle - STARTED @4208ms EatWhatYouKill@39109136/SelectorProducer@27c04377/IDLE/p=false/JettyConnectorThreadPool[qtp161118423]@99a78d7{STARTED,8<=8<=200,i=8,q=0}[ReservedThreadExecutor@2d746ce4{s=0/4,p=0}][pc=0,pic=0,pec=0,epc=0]@2020-09-27T17:34:13.557+01:00
17:34:13.557 [main] DEBUG o.e.j.util.thread.QueuedThreadPool - queue org.eclipse.jetty.io.ManagedSelector$$Lambda$175/1736293769@12f8b1d8
17:34:13.557 [main] DEBUG org.eclipse.jetty.io.ManagedSelector - Queued change org.eclipse.jetty.io.ManagedSelector$Start@746cd757 on ManagedSelector@34dc85a{STARTING} id=0 keys=0 selected=0 updates=0
17:34:13.557 [qtp161118423-40] DEBUG o.e.j.util.thread.QueuedThreadPool - run org.eclipse.jetty.io.ManagedSelector$$Lambda$175/1736293769@12f8b1d8
17:34:13.558 [qtp161118423-40] DEBUG o.e.j.u.t.strategy.EatWhatYouKill - EatWhatYouKill@39109136/SelectorProducer@27c04377/IDLE/p=false/JettyConnectorThreadPool[qtp161118423]@99a78d7{STARTED,8<=8<=200,i=7,q=0}[ReservedThreadExecutor@2d746ce4{s=0/4,p=0}][pc=0,pic=0,pec=0,epc=0]@2020-09-27T17:34:13.557+01:00 tryProduce false
17:34:13.558 [qtp161118423-40] DEBUG org.eclipse.jetty.io.ManagedSelector - updateable 1
17:34:13.558 [qtp161118423-40] DEBUG org.eclipse.jetty.io.ManagedSelector - update org.eclipse.jetty.io.ManagedSelector$Start@746cd757
17:34:13.558 [qtp161118423-40] DEBUG org.eclipse.jetty.io.ManagedSelector - updates 0
17:34:13.558 [qtp161118423-40] DEBUG org.eclipse.jetty.io.ManagedSelector - Selector sun.nio.ch.KQueueSelectorImpl@1d176afe waiting with 0 keys
17:34:13.558 [main] DEBUG o.e.j.u.component.AbstractLifeCycle - STARTED @4209ms ManagedSelector@34dc85a{STARTED} id=0 keys=0 selected=0 updates=0
17:34:13.558 [main] DEBUG o.e.j.u.component.AbstractLifeCycle - starting ManagedSelector@7f9ab969{STOPPED} id=1 keys=-1 selected=-1 updates=0
17:34:13.558 [main] DEBUG o.e.j.u.component.AbstractLifeCycle - starting EatWhatYouKill@67403656/SelectorProducer@5a6482a9/IDLE/p=false/JettyConnectorThreadPool[qtp161118423]@99a78d7{STARTED,8<=8<=200,i=7,q=0}[ReservedThreadExecutor@2d746ce4{s=0/4,p=0}][pc=0,pic=0,pec=0,epc=0]@2020-09-27T17:34:13.558+01:00
17:34:13.558 [main] DEBUG o.e.j.u.component.AbstractLifeCycle - STARTED @4210ms EatWhatYouKill@67403656/SelectorProducer@5a6482a9/IDLE/p=false/JettyConnectorThreadPool[qtp161118423]@99a78d7{STARTED,8<=8<=200,i=7,q=0}[ReservedThreadExecutor@2d746ce4{s=0/4,p=0}][pc=0,pic=0,pec=0,epc=0]@2020-09-27T17:34:13.558+01:00
17:34:13.559 [main] DEBUG o.e.j.util.thread.QueuedThreadPool - queue org.eclipse.jetty.io.ManagedSelector$$Lambda$175/1736293769@ae372b9
17:34:13.559 [qtp161118423-41] DEBUG o.e.j.util.thread.QueuedThreadPool - run org.eclipse.jetty.io.ManagedSelector$$Lambda$175/1736293769@ae372b9
17:34:13.559 [qtp161118423-41] DEBUG o.e.j.u.t.strategy.EatWhatYouKill - EatWhatYouKill@67403656/SelectorProducer@5a6482a9/IDLE/p=false/JettyConnectorThreadPool[qtp161118423]@99a78d7{STARTED,8<=8<=200,i=6,q=0}[ReservedThreadExecutor@2d746ce4{s=0/4,p=0}][pc=0,pic=0,pec=0,epc=0]@2020-09-27T17:34:13.559+01:00 tryProduce false
17:34:13.560 [qtp161118423-41] DEBUG org.eclipse.jetty.io.ManagedSelector - updateable 0
17:34:13.560 [qtp161118423-41] DEBUG org.eclipse.jetty.io.ManagedSelector - updates 0
17:34:13.560 [qtp161118423-41] DEBUG org.eclipse.jetty.io.ManagedSelector - Selector sun.nio.ch.KQueueSelectorImpl@4bb6c1b9 waiting with 0 keys
17:34:13.562 [main] DEBUG org.eclipse.jetty.io.ManagedSelector - Queued change org.eclipse.jetty.io.ManagedSelector$Start@2098d37d on ManagedSelector@7f9ab969{STARTING} id=1 keys=0 selected=0 updates=0
17:34:13.563 [main] DEBUG org.eclipse.jetty.io.ManagedSelector - Wakeup on submit ManagedSelector@7f9ab969{STARTING} id=1 keys=0 selected=0 updates=1
17:34:13.564 [qtp161118423-41] DEBUG org.eclipse.jetty.io.ManagedSelector - Selector sun.nio.ch.KQueueSelectorImpl@4bb6c1b9 woken with none selected
17:34:13.564 [qtp161118423-41] DEBUG org.eclipse.jetty.io.ManagedSelector - Selector sun.nio.ch.KQueueSelectorImpl@4bb6c1b9 woken up from select, 0/0/0 selected
17:34:13.564 [qtp161118423-41] DEBUG org.eclipse.jetty.io.ManagedSelector - Selector sun.nio.ch.KQueueSelectorImpl@4bb6c1b9 processing 0 keys, 1 updates
17:34:13.564 [qtp161118423-41] DEBUG org.eclipse.jetty.io.ManagedSelector - updateable 1
17:34:13.565 [qtp161118423-41] DEBUG org.eclipse.jetty.io.ManagedSelector - update org.eclipse.jetty.io.ManagedSelector$Start@2098d37d
17:34:13.565 [qtp161118423-41] DEBUG org.eclipse.jetty.io.ManagedSelector - updates 0
17:34:13.565 [qtp161118423-41] DEBUG org.eclipse.jetty.io.ManagedSelector - Selector sun.nio.ch.KQueueSelectorImpl@4bb6c1b9 waiting with 0 keys
17:34:13.566 [main] DEBUG o.e.j.u.component.AbstractLifeCycle - STARTED @4217ms ManagedSelector@7f9ab969{STARTED} id=1 keys=0 selected=0 updates=0
17:34:13.566 [main] DEBUG o.e.j.u.component.AbstractLifeCycle - STARTED @4217ms SelectorManager@ServerConnector@2a22ad2b{HTTP/1.1,[http/1.1]}{0.0.0.0:9998}
17:34:13.567 [main] DEBUG o.e.j.u.component.ContainerLifeCycle - ServerConnector@2a22ad2b{HTTP/1.1,[http/1.1]}{0.0.0.0:9998} added {acceptor-0@77b9d0c7,POJO}
17:34:13.567 [main] DEBUG o.e.j.util.thread.QueuedThreadPool - queue acceptor-0@77b9d0c7
17:34:13.567 [main] INFO  o.e.jetty.server.AbstractConnector - Started ServerConnector@2a22ad2b{HTTP/1.1,[http/1.1]}{0.0.0.0:9998}
17:34:13.567 [qtp161118423-42] DEBUG o.e.j.util.thread.QueuedThreadPool - run acceptor-0@77b9d0c7
17:34:13.567 [main] DEBUG o.e.j.u.component.AbstractLifeCycle - STARTED @4219ms ServerConnector@2a22ad2b{HTTP/1.1,[http/1.1]}{0.0.0.0:9998}
17:34:13.567 [main] INFO  org.eclipse.jetty.server.Server - Started @4219ms
17:34:13.567 [main] DEBUG o.e.j.u.component.AbstractLifeCycle - STARTED @4219ms Server@31da6b2e{STARTED}[9.4.17.v20190418]
17:34:13.600 [qtp161118423-42-acceptor-0@77b9d0c7-ServerConnector@2a22ad2b{HTTP/1.1,[http/1.1]}{0.0.0.0:9998}] DEBUG org.eclipse.jetty.io.ManagedSelector - Queued change org.eclipse.jetty.io.ManagedSelector$Accept@6de62b90 on ManagedSelector@7f9ab969{STARTED} id=1 keys=0 selected=0 updates=0
17:34:13.600 [qtp161118423-42-acceptor-0@77b9d0c7-ServerConnector@2a22ad2b{HTTP/1.1,[http/1.1]}{0.0.0.0:9998}] DEBUG org.eclipse.jetty.io.ManagedSelector - Wakeup on submit ManagedSelector@7f9ab969{STARTED} id=1 keys=0 selected=0 updates=1
17:34:13.600 [qtp161118423-41] DEBUG org.eclipse.jetty.io.ManagedSelector - Selector sun.nio.ch.KQueueSelectorImpl@4bb6c1b9 woken with none selected
17:34:13.600 [qtp161118423-41] DEBUG org.eclipse.jetty.io.ManagedSelector - Selector sun.nio.ch.KQueueSelectorImpl@4bb6c1b9 woken up from select, 0/0/0 selected
17:34:13.600 [qtp161118423-41] DEBUG org.eclipse.jetty.io.ManagedSelector - Selector sun.nio.ch.KQueueSelectorImpl@4bb6c1b9 processing 0 keys, 1 updates
17:34:13.600 [qtp161118423-41] DEBUG org.eclipse.jetty.io.ManagedSelector - updateable 1
17:34:13.600 [qtp161118423-41] DEBUG org.eclipse.jetty.io.ManagedSelector - update org.eclipse.jetty.io.ManagedSelector$Accept@6de62b90
17:34:13.600 [qtp161118423-41] DEBUG o.e.j.util.thread.QueuedThreadPool - queue org.eclipse.jetty.io.ManagedSelector$Accept@6de62b90
17:34:13.600 [qtp161118423-41] DEBUG org.eclipse.jetty.io.ManagedSelector - updates 0
17:34:13.600 [qtp161118423-41] DEBUG org.eclipse.jetty.io.ManagedSelector - Selector sun.nio.ch.KQueueSelectorImpl@4bb6c1b9 waiting with 1 keys
17:34:13.600 [qtp161118423-43] DEBUG o.e.j.util.thread.QueuedThreadPool - run org.eclipse.jetty.io.ManagedSelector$Accept@6de62b90
17:34:13.601 [qtp161118423-43] DEBUG org.eclipse.jetty.io.IdleTimeout - SocketChannelEndPoint@5eeeb2f8{/127.0.0.1:55185<->/127.0.0.1:9998,OPEN,fill=-,flush=-,to=0/30000}{io=0/0,kio=0,kro=0}-><null> idle timeout check, elapsed: 0 ms, remaining: 30000 ms
17:34:13.601 [qtp161118423-43] DEBUG org.eclipse.jetty.server.HttpChannel - new HttpChannelOverHttp@5416d988{r=0,c=false,c=false/false,a=IDLE,uri=null,age=0} -> SocketChannelEndPoint@5eeeb2f8{/127.0.0.1:55185<->/127.0.0.1:9998,OPEN,fill=-,flush=-,to=0/30000}{io=0/0,kio=0,kro=0}-><null>,null,HttpChannelState@11145d6e{s=IDLE a=NOT_ASYNC i=true r=IDLE w=false}
17:34:13.601 [qtp161118423-43] DEBUG o.e.jetty.server.HttpConnection - New HTTP Connection HttpConnection@3ac654c6::SocketChannelEndPoint@5eeeb2f8{/127.0.0.1:55185<->/127.0.0.1:9998,OPEN,fill=-,flush=-,to=0/30000}{io=0/0,kio=0,kro=0}-><null>
17:34:13.602 [qtp161118423-43] DEBUG o.eclipse.jetty.io.AbstractEndPoint - onOpen SocketChannelEndPoint@5eeeb2f8{/127.0.0.1:55185<->/127.0.0.1:9998,OPEN,fill=-,flush=-,to=1/30000}{io=0/0,kio=0,kro=0}->HttpConnection@3ac654c6[p=HttpParser{s=START,0 of -1},g=HttpGenerator@204f2f34{s=START}]=>HttpChannelOverHttp@5416d988{r=0,c=false,c=false/false,a=IDLE,uri=null,age=0}
17:34:13.602 [qtp161118423-43] DEBUG o.e.jetty.io.AbstractConnection - onOpen HttpConnection@3ac654c6::SocketChannelEndPoint@5eeeb2f8{/127.0.0.1:55185<->/127.0.0.1:9998,OPEN,fill=-,flush=-,to=1/30000}{io=0/0,kio=0,kro=0}->HttpConnection@3ac654c6[p=HttpParser{s=START,0 of -1},g=HttpGenerator@204f2f34{s=START}]=>HttpChannelOverHttp@5416d988{r=0,c=false,c=false/false,a=IDLE,uri=null,age=0}
17:34:13.602 [qtp161118423-43] DEBUG o.e.jetty.io.AbstractConnection - fillInterested HttpConnection@3ac654c6::SocketChannelEndPoint@5eeeb2f8{/127.0.0.1:55185<->/127.0.0.1:9998,OPEN,fill=-,flush=-,to=1/30000}{io=0/0,kio=0,kro=0}->HttpConnection@3ac654c6[p=HttpParser{s=START,0 of -1},g=HttpGenerator@204f2f34{s=START}]=>HttpChannelOverHttp@5416d988{r=0,c=false,c=false/false,a=IDLE,uri=null,age=0}
17:34:13.603 [qtp161118423-43] DEBUG org.eclipse.jetty.io.FillInterest - interested FillInterest@4277782c{AC.ReadCB@3ac654c6{HttpConnection@3ac654c6::SocketChannelEndPoint@5eeeb2f8{/127.0.0.1:55185<->/127.0.0.1:9998,OPEN,fill=FI,flush=-,to=0/30000}{io=0/0,kio=0,kro=0}->HttpConnection@3ac654c6[p=HttpParser{s=START,0 of -1},g=HttpGenerator@204f2f34{s=START}]=>HttpChannelOverHttp@5416d988{r=0,c=false,c=false/false,a=IDLE,uri=null,age=0}}}
17:34:13.603 [qtp161118423-43] DEBUG org.eclipse.jetty.io.ChannelEndPoint - changeInterests p=false 0->1 for SocketChannelEndPoint@5eeeb2f8{/127.0.0.1:55185<->/127.0.0.1:9998,OPEN,fill=FI,flush=-,to=1/30000}{io=0/1,kio=0,kro=0}->HttpConnection@3ac654c6[p=HttpParser{s=START,0 of -1},g=HttpGenerator@204f2f34{s=START}]=>HttpChannelOverHttp@5416d988{r=0,c=false,c=false/false,a=IDLE,uri=null,age=0}
17:34:13.603 [qtp161118423-43] DEBUG org.eclipse.jetty.io.ManagedSelector - Queued change org.eclipse.jetty.io.ChannelEndPoint$1@713ba221 on ManagedSelector@7f9ab969{STARTED} id=1 keys=1 selected=0 updates=0
17:34:13.603 [qtp161118423-43] DEBUG org.eclipse.jetty.io.ManagedSelector - Wakeup on submit ManagedSelector@7f9ab969{STARTED} id=1 keys=1 selected=0 updates=1
17:34:13.603 [qtp161118423-41] DEBUG org.eclipse.jetty.io.ManagedSelector - Selector sun.nio.ch.KQueueSelectorImpl@4bb6c1b9 woken with none selected
17:34:13.603 [qtp161118423-41] DEBUG org.eclipse.jetty.io.ManagedSelector - Selector sun.nio.ch.KQueueSelectorImpl@4bb6c1b9 woken up from select, 0/0/1 selected
17:34:13.603 [qtp161118423-41] DEBUG org.eclipse.jetty.io.ManagedSelector - Selector sun.nio.ch.KQueueSelectorImpl@4bb6c1b9 processing 0 keys, 1 updates
17:34:13.603 [qtp161118423-41] DEBUG org.eclipse.jetty.io.ManagedSelector - updateable 1
17:34:13.603 [qtp161118423-41] DEBUG org.eclipse.jetty.io.ManagedSelector - update org.eclipse.jetty.io.ChannelEndPoint$1@713ba221
17:34:13.603 [qtp161118423-43] DEBUG org.eclipse.jetty.io.ManagedSelector - Created SocketChannelEndPoint@5eeeb2f8{/127.0.0.1:55185<->/127.0.0.1:9998,OPEN,fill=FI,flush=-,to=1/30000}{io=0/1,kio=0,kro=0}->HttpConnection@3ac654c6[p=HttpParser{s=START,0 of -1},g=HttpGenerator@204f2f34{s=START}]=>HttpChannelOverHttp@5416d988{r=0,c=false,c=false/false,a=IDLE,uri=null,age=0}
17:34:13.603 [qtp161118423-43] DEBUG o.e.j.util.thread.QueuedThreadPool - ran org.eclipse.jetty.io.ManagedSelector$Accept@6de62b90
17:34:13.604 [qtp161118423-41] DEBUG org.eclipse.jetty.io.ChannelEndPoint - Key interests updated 0 -> 1 on SocketChannelEndPoint@5eeeb2f8{/127.0.0.1:55185<->/127.0.0.1:9998,OPEN,fill=FI,flush=-,to=1/30000}{io=1/1,kio=1,kro=0}->HttpConnection@3ac654c6[p=HttpParser{s=START,0 of -1},g=HttpGenerator@204f2f34{s=START}]=>HttpChannelOverHttp@5416d988{r=0,c=false,c=false/false,a=IDLE,uri=null,age=0}
17:34:13.604 [qtp161118423-41] DEBUG org.eclipse.jetty.io.ManagedSelector - updates 0
17:34:13.604 [qtp161118423-41] DEBUG org.eclipse.jetty.io.ManagedSelector - Selector sun.nio.ch.KQueueSelectorImpl@4bb6c1b9 waiting with 1 keys
17:34:13.604 [qtp161118423-41] DEBUG org.eclipse.jetty.io.ManagedSelector - Selector sun.nio.ch.KQueueSelectorImpl@4bb6c1b9 woken up from select, 1/1/1 selected
17:34:13.604 [qtp161118423-41] DEBUG org.eclipse.jetty.io.ManagedSelector - Selector sun.nio.ch.KQueueSelectorImpl@4bb6c1b9 processing 1 keys, 0 updates
17:34:13.604 [qtp161118423-41] DEBUG org.eclipse.jetty.io.ManagedSelector - selected 1 sun.nio.ch.SelectionKeyImpl@457136bf SocketChannelEndPoint@5eeeb2f8{/127.0.0.1:55185<->/127.0.0.1:9998,OPEN,fill=FI,flush=-,to=2/30000}{io=1/1,kio=1,kro=1}->HttpConnection@3ac654c6[p=HttpParser{s=START,0 of -1},g=HttpGenerator@204f2f34{s=START}]=>HttpChannelOverHttp@5416d988{r=0,c=false,c=false/false,a=IDLE,uri=null,age=0} 
17:34:13.604 [qtp161118423-41] DEBUG org.eclipse.jetty.io.ChannelEndPoint - onSelected 1->0 r=true w=false for SocketChannelEndPoint@5eeeb2f8{/127.0.0.1:55185<->/127.0.0.1:9998,OPEN,fill=FI,flush=-,to=2/30000}{io=1/0,kio=1,kro=1}->HttpConnection@3ac654c6[p=HttpParser{s=START,0 of -1},g=HttpGenerator@204f2f34{s=START}]=>HttpChannelOverHttp@5416d988{r=0,c=false,c=false/false,a=IDLE,uri=null,age=0}
17:34:13.604 [qtp161118423-41] DEBUG org.eclipse.jetty.io.ChannelEndPoint - task CEP:SocketChannelEndPoint@5eeeb2f8{/127.0.0.1:55185<->/127.0.0.1:9998,OPEN,fill=FI,flush=-,to=2/30000}{io=1/0,kio=1,kro=1}->HttpConnection@3ac654c6[p=HttpParser{s=START,0 of -1},g=HttpGenerator@204f2f34{s=START}]=>HttpChannelOverHttp@5416d988{r=0,c=false,c=false/false,a=IDLE,uri=null,age=0}:runFillable:BLOCKING
17:34:13.605 [qtp161118423-41] DEBUG o.e.j.u.t.ReservedThreadExecutor - ReservedThreadExecutor@2d746ce4{s=0/4,p=0} tryExecute EatWhatYouKill@67403656/SelectorProducer@5a6482a9/PRODUCING/p=false/JettyConnectorThreadPool[qtp161118423]@99a78d7{STARTED,8<=8<=200,i=5,q=0}[ReservedThreadExecutor@2d746ce4{s=0/4,p=0}][pc=0,pic=0,pec=0,epc=0]@2020-09-27T17:34:13.605+01:00
17:34:13.605 [qtp161118423-41] DEBUG o.e.j.u.t.ReservedThreadExecutor - ReservedThreadExecutor@2d746ce4{s=0/4,p=1} startReservedThread p=1
17:34:13.605 [qtp161118423-41] DEBUG o.e.j.util.thread.QueuedThreadPool - queue ReservedThreadExecutor@2d746ce4{s=0/4,p=1}@414eaac9
17:34:13.605 [qtp161118423-44] DEBUG o.e.j.util.thread.QueuedThreadPool - run ReservedThreadExecutor@2d746ce4{s=0/4,p=1}@414eaac9
17:34:13.605 [qtp161118423-44] DEBUG o.e.j.u.t.ReservedThreadExecutor - ReservedThreadExecutor@2d746ce4{s=1/4,p=1}@414eaac9 started
17:34:13.605 [qtp161118423-44] DEBUG o.e.j.u.t.ReservedThreadExecutor - ReservedThreadExecutor@2d746ce4{s=1/4,p=0}@414eaac9 waiting
17:34:13.606 [qtp161118423-41] DEBUG o.e.j.u.t.strategy.EatWhatYouKill - EatWhatYouKill@67403656/SelectorProducer@5a6482a9/PRODUCING/p=false/JettyConnectorThreadPool[qtp161118423]@99a78d7{STARTED,8<=8<=200,i=4,q=0}[ReservedThreadExecutor@2d746ce4{s=0/4,p=1}][pc=0,pic=0,pec=0,epc=0]@2020-09-27T17:34:13.605+01:00 m=PRODUCE_EXECUTE_CONSUME t=CEP:SocketChannelEndPoint@5eeeb2f8{/127.0.0.1:55185<->/127.0.0.1:9998,OPEN,fill=FI,flush=-,to=3/30000}{io=1/0,kio=1,kro=1}->HttpConnection@3ac654c6[p=HttpParser{s=START,0 of -1},g=HttpGenerator@204f2f34{s=START}]=>HttpChannelOverHttp@5416d988{r=0,c=false,c=false/false,a=IDLE,uri=null,age=0}:runFillable:BLOCKING/BLOCKING
17:34:13.606 [qtp161118423-41] DEBUG o.e.j.util.thread.QueuedThreadPool - queue CEP:SocketChannelEndPoint@5eeeb2f8{/127.0.0.1:55185<->/127.0.0.1:9998,OPEN,fill=FI,flush=-,to=4/30000}{io=1/0,kio=1,kro=1}->HttpConnection@3ac654c6[p=HttpParser{s=START,0 of -1},g=HttpGenerator@204f2f34{s=START}]=>HttpChannelOverHttp@5416d988{r=0,c=false,c=false/false,a=IDLE,uri=null,age=0}:runFillable:BLOCKING
17:34:13.606 [qtp161118423-41] DEBUG org.eclipse.jetty.io.ManagedSelector - updateable 0
17:34:13.606 [qtp161118423-41] DEBUG org.eclipse.jetty.io.ManagedSelector - updates 0
17:34:13.606 [qtp161118423-41] DEBUG org.eclipse.jetty.io.ChannelEndPoint - Key interests updated 1 -> 0 on SocketChannelEndPoint@5eeeb2f8{/127.0.0.1:55185<->/127.0.0.1:9998,OPEN,fill=FI,flush=-,to=4/30000}{io=0/0,kio=0,kro=1}->HttpConnection@3ac654c6[p=HttpParser{s=START,0 of -1},g=HttpGenerator@204f2f34{s=START}]=>HttpChannelOverHttp@5416d988{r=0,c=false,c=false/false,a=IDLE,uri=null,age=0}
17:34:13.606 [qtp161118423-45] DEBUG o.e.j.util.thread.QueuedThreadPool - run CEP:SocketChannelEndPoint@5eeeb2f8{/127.0.0.1:55185<->/127.0.0.1:9998,OPEN,fill=FI,flush=-,to=4/30000}{io=0/0,kio=0,kro=1}->HttpConnection@3ac654c6[p=HttpParser{s=START,0 of -1},g=HttpGenerator@204f2f34{s=START}]=>HttpChannelOverHttp@5416d988{r=0,c=false,c=false/false,a=IDLE,uri=null,age=0}:runFillable:BLOCKING
17:34:13.606 [qtp161118423-41] DEBUG org.eclipse.jetty.io.ManagedSelector - Selector sun.nio.ch.KQueueSelectorImpl@4bb6c1b9 waiting with 1 keys
17:34:13.606 [qtp161118423-45] DEBUG org.eclipse.jetty.io.FillInterest - fillable FillInterest@4277782c{AC.ReadCB@3ac654c6{HttpConnection@3ac654c6::SocketChannelEndPoint@5eeeb2f8{/127.0.0.1:55185<->/127.0.0.1:9998,OPEN,fill=FI,flush=-,to=4/30000}{io=0/0,kio=0,kro=1}->HttpConnection@3ac654c6[p=HttpParser{s=START,0 of -1},g=HttpGenerator@204f2f34{s=START}]=>HttpChannelOverHttp@5416d988{r=0,c=false,c=false/false,a=IDLE,uri=null,age=0}}}
17:34:13.607 [qtp161118423-45] DEBUG o.e.jetty.server.HttpConnection - HttpConnection@3ac654c6::SocketChannelEndPoint@5eeeb2f8{/127.0.0.1:55185<->/127.0.0.1:9998,OPEN,fill=-,flush=-,to=5/30000}{io=0/0,kio=0,kro=1}->HttpConnection@3ac654c6[p=HttpParser{s=START,0 of -1},g=HttpGenerator@204f2f34{s=START}]=>HttpChannelOverHttp@5416d988{r=0,c=false,c=false/false,a=IDLE,uri=null,age=0} onFillable enter HttpChannelState@11145d6e{s=IDLE a=NOT_ASYNC i=true r=IDLE w=false} null
17:34:13.607 [qtp161118423-45] DEBUG org.eclipse.jetty.io.ChannelEndPoint - filled 308 HeapByteBuffer@5d04f542[p=0,l=308,c=8192,r=308]={<<<PUT /contact HTTP...":"+39 123456"}>>>\x00\x00\x00\x00\x00\x00\x00\x00\x00\x00\x00\x00\x00\x00\x00\x00\x00...\x00\x00\x00\x00\x00\x00\x00\x00\x00\x00\x00\x00\x00\x00\x00}
17:34:13.607 [qtp161118423-45] DEBUG o.e.jetty.server.HttpConnection - HttpConnection@3ac654c6::SocketChannelEndPoint@5eeeb2f8{/127.0.0.1:55185<->/127.0.0.1:9998,OPEN,fill=-,flush=-,to=0/30000}{io=0/0,kio=0,kro=1}->HttpConnection@3ac654c6[p=HttpParser{s=START,0 of -1},g=HttpGenerator@204f2f34{s=START}]=>HttpChannelOverHttp@5416d988{r=0,c=false,c=false/false,a=IDLE,uri=null,age=0} filled 308 HeapByteBuffer@5d04f542[p=0,l=308,c=8192,r=308]={<<<PUT /contact HTTP...":"+39 123456"}>>>\x00\x00\x00\x00\x00\x00\x00\x00\x00\x00\x00\x00\x00\x00\x00\x00\x00...\x00\x00\x00\x00\x00\x00\x00\x00\x00\x00\x00\x00\x00\x00\x00}
17:34:13.607 [qtp161118423-45] DEBUG o.e.jetty.server.HttpConnection - HttpConnection@3ac654c6::SocketChannelEndPoint@5eeeb2f8{/127.0.0.1:55185<->/127.0.0.1:9998,OPEN,fill=-,flush=-,to=0/30000}{io=0/0,kio=0,kro=1}->HttpConnection@3ac654c6[p=HttpParser{s=START,0 of -1},g=HttpGenerator@204f2f34{s=START}]=>HttpChannelOverHttp@5416d988{r=0,c=false,c=false/false,a=IDLE,uri=null,age=0} parse HeapByteBuffer@5d04f542[p=0,l=308,c=8192,r=308]={<<<PUT /contact HTTP...":"+39 123456"}>>>\x00\x00\x00\x00\x00\x00\x00\x00\x00\x00\x00\x00\x00\x00\x00\x00\x00...\x00\x00\x00\x00\x00\x00\x00\x00\x00\x00\x00\x00\x00\x00\x00} {}
17:34:13.608 [qtp161118423-45] DEBUG org.eclipse.jetty.http.HttpParser - parseNext s=START HeapByteBuffer@5d04f542[p=0,l=308,c=8192,r=308]={<<<PUT /contact HTTP...":"+39 123456"}>>>\x00\x00\x00\x00\x00\x00\x00\x00\x00\x00\x00\x00\x00\x00\x00\x00\x00...\x00\x00\x00\x00\x00\x00\x00\x00\x00\x00\x00\x00\x00\x00\x00}
17:34:13.608 [qtp161118423-45] DEBUG org.eclipse.jetty.http.HttpParser - START --> SPACE1
17:34:13.608 [qtp161118423-45] DEBUG org.eclipse.jetty.http.HttpParser - SPACE1 --> URI
17:34:13.608 [qtp161118423-45] DEBUG org.eclipse.jetty.http.HttpParser - URI --> SPACE2
17:34:13.608 [qtp161118423-45] DEBUG org.eclipse.jetty.http.HttpParser - SPACE2 --> REQUEST_VERSION
17:34:13.608 [qtp161118423-45] DEBUG org.eclipse.jetty.http.HttpParser - REQUEST_VERSION --> HEADER
17:34:13.608 [qtp161118423-45] DEBUG org.eclipse.jetty.http.HttpParser - HEADER:Content-Type: application/json --> IN_VALUE
17:34:13.608 [qtp161118423-45] DEBUG org.eclipse.jetty.http.HttpParser - HEADER:Content-Type: application/json --> FIELD
17:34:13.608 [qtp161118423-45] DEBUG org.eclipse.jetty.http.HttpParser - HEADER:User-Agent --> VALUE
17:34:13.608 [qtp161118423-45] DEBUG org.eclipse.jetty.http.HttpParser - HEADER:User-Agent --> IN_VALUE
17:34:13.608 [qtp161118423-45] DEBUG org.eclipse.jetty.http.HttpParser - HEADER:User-Agent --> FIELD
17:34:13.608 [qtp161118423-45] DEBUG org.eclipse.jetty.http.HttpParser - HEADER:Host --> VALUE
17:34:13.608 [qtp161118423-45] DEBUG org.eclipse.jetty.http.HttpParser - HEADER:Host --> IN_VALUE
17:34:13.608 [qtp161118423-45] DEBUG org.eclipse.jetty.http.HttpParser - HEADER:Host --> FIELD
17:34:13.608 [qtp161118423-45] DEBUG org.eclipse.jetty.http.HttpParser - HEADER:Accept --> VALUE
17:34:13.608 [qtp161118423-45] DEBUG org.eclipse.jetty.http.HttpParser - HEADER:Accept --> IN_VALUE
17:34:13.608 [qtp161118423-45] DEBUG org.eclipse.jetty.http.HttpParser - HEADER:Accept --> FIELD
17:34:13.608 [qtp161118423-45] DEBUG org.eclipse.jetty.http.HttpParser - HEADER:Connection: keep-alive --> IN_VALUE
17:34:13.608 [qtp161118423-45] DEBUG org.eclipse.jetty.http.HttpParser - HEADER:Connection: keep-alive --> FIELD
17:34:13.608 [qtp161118423-45] DEBUG org.eclipse.jetty.http.HttpParser - HEADER:Content-Length --> VALUE
17:34:13.608 [qtp161118423-45] DEBUG org.eclipse.jetty.http.HttpParser - HEADER:Content-Length --> IN_VALUE
17:34:13.608 [qtp161118423-45] DEBUG org.eclipse.jetty.http.HttpParser - HEADER:Content-Length --> FIELD
17:34:13.608 [qtp161118423-45] DEBUG org.eclipse.jetty.http.HttpParser - HEADER --> CONTENT
17:34:13.609 [qtp161118423-45] DEBUG org.eclipse.jetty.server.HttpChannel - REQUEST for //localhost:9998/contact on HttpChannelOverHttp@5416d988{r=1,c=false,c=false/false,a=IDLE,uri=//localhost:9998/contact,age=1}
PUT //localhost:9998/contact HTTP/1.1
Content-Type: application/json
User-Agent: Jersey/2.30.1 (HttpUrlConnection 1.8.0_261)
Host: localhost:9998
Accept: text/html, image/gif, image/jpeg, *; q=.2, */*; q=.2
Connection: keep-alive
Content-Length: 66


17:34:13.609 [qtp161118423-45] DEBUG o.e.jetty.server.HttpConnection - HttpConnection@3ac654c6::SocketChannelEndPoint@5eeeb2f8{/127.0.0.1:55185<->/127.0.0.1:9998,OPEN,fill=-,flush=-,to=2/30000}{io=0/0,kio=0,kro=1}->HttpConnection@3ac654c6[p=HttpParser{s=CONTENT,0 of 66},g=HttpGenerator@204f2f34{s=START}]=>HttpChannelOverHttp@5416d988{r=1,c=false,c=false/false,a=IDLE,uri=//localhost:9998/contact,age=1} parsed true HttpParser{s=CONTENT,0 of 66}
17:34:13.609 [qtp161118423-45] DEBUG org.eclipse.jetty.server.HttpChannel - HttpChannelOverHttp@5416d988{r=1,c=false,c=false/false,a=IDLE,uri=//localhost:9998/contact,age=1} handle //localhost:9998/contact 
17:34:13.609 [qtp161118423-45] DEBUG o.e.jetty.server.HttpChannelState - handling HttpChannelState@11145d6e{s=IDLE a=NOT_ASYNC i=true r=IDLE w=false}
17:34:13.609 [qtp161118423-45] DEBUG org.eclipse.jetty.server.HttpChannel - HttpChannelOverHttp@5416d988{r=1,c=false,c=false/false,a=DISPATCHED,uri=//localhost:9998/contact,age=1} action DISPATCH
17:34:13.609 [qtp161118423-45] DEBUG org.eclipse.jetty.server.Server - REQUEST PUT /contact on HttpChannelOverHttp@5416d988{r=1,c=false,c=false/false,a=DISPATCHED,uri=//localhost:9998/contact,age=1}
17:34:13.614 [qtp161118423-45] DEBUG o.e.jetty.server.HttpConnection - HttpConnection@3ac654c6::SocketChannelEndPoint@5eeeb2f8{/127.0.0.1:55185<->/127.0.0.1:9998,OPEN,fill=-,flush=-,to=6/30000}{io=0/0,kio=0,kro=1}->HttpConnection@3ac654c6[p=HttpParser{s=CONTENT,0 of 66},g=HttpGenerator@204f2f34{s=START}]=>HttpChannelOverHttp@5416d988{r=1,c=false,c=false/false,a=DISPATCHED,uri=//localhost:9998/contact,age=5} parse HeapByteBuffer@5d04f542[p=242,l=308,c=8192,r=66]={PUT /contact HTTP...-Length: 66\r\n\r\n<<<{"firstName":"Ric...":"+39 123456"}>>>\x00\x00\x00\x00\x00\x00\x00\x00\x00\x00\x00\x00\x00\x00\x00\x00\x00...\x00\x00\x00\x00\x00\x00\x00\x00\x00\x00\x00\x00\x00\x00\x00} {}
17:34:13.614 [qtp161118423-45] DEBUG org.eclipse.jetty.http.HttpParser - parseNext s=CONTENT HeapByteBuffer@5d04f542[p=242,l=308,c=8192,r=66]={PUT /contact HTTP...-Length: 66\r\n\r\n<<<{"firstName":"Ric...":"+39 123456"}>>>\x00\x00\x00\x00\x00\x00\x00\x00\x00\x00\x00\x00\x00\x00\x00\x00\x00...\x00\x00\x00\x00\x00\x00\x00\x00\x00\x00\x00\x00\x00\x00\x00}
17:34:13.614 [qtp161118423-45] DEBUG org.eclipse.jetty.server.HttpChannel - HttpChannelOverHttp@5416d988{r=1,c=false,c=false/false,a=DISPATCHED,uri=//localhost:9998/contact,age=6} onContent Content@682a5351{HeapByteBufferR@23261956[p=242,l=308,c=8192,r=66]={PUT /contact HTTP...-Length: 66\r\n\r\n<<<{"firstName":"Ric...":"+39 123456"}>>>\x00\x00\x00\x00\x00\x00\x00\x00\x00\x00\x00\x00\x00\x00\x00\x00\x00...\x00\x00\x00\x00\x00\x00\x00\x00\x00\x00\x00\x00\x00\x00\x00}}
17:34:13.614 [qtp161118423-45] DEBUG org.eclipse.jetty.server.HttpInput - HttpInputOverHTTP@10181e0e[c=0,q=0,[0]=null,s=STREAM] addContent Content@682a5351{HeapByteBufferR@23261956[p=242,l=308,c=8192,r=66]={PUT /contact HTTP...-Length: 66\r\n\r\n<<<{"firstName":"Ric...":"+39 123456"}>>>\x00\x00\x00\x00\x00\x00\x00\x00\x00\x00\x00\x00\x00\x00\x00\x00\x00...\x00\x00\x00\x00\x00\x00\x00\x00\x00\x00\x00\x00\x00\x00\x00}}
17:34:13.614 [qtp161118423-45] DEBUG org.eclipse.jetty.http.HttpParser - CONTENT --> END
17:34:13.614 [qtp161118423-45] DEBUG org.eclipse.jetty.server.HttpChannel - HttpChannelOverHttp@5416d988{r=1,c=false,c=false/false,a=DISPATCHED,uri=//localhost:9998/contact,age=6} onContentComplete
17:34:13.614 [qtp161118423-45] DEBUG org.eclipse.jetty.server.HttpChannel - HttpChannelOverHttp@5416d988{r=1,c=false,c=false/false,a=DISPATCHED,uri=//localhost:9998/contact,age=6} onRequestComplete
17:34:13.614 [qtp161118423-45] DEBUG org.eclipse.jetty.server.HttpInput - HttpInputOverHTTP@10181e0e[c=0,q=1,[0]=EOF,s=STREAM] addContent EOF
17:34:13.615 [qtp161118423-45] DEBUG o.e.jetty.server.HttpConnection - HttpConnection@3ac654c6::SocketChannelEndPoint@5eeeb2f8{/127.0.0.1:55185<->/127.0.0.1:9998,OPEN,fill=-,flush=-,to=8/30000}{io=0/0,kio=0,kro=1}->HttpConnection@3ac654c6[p=HttpParser{s=END,66 of 66},g=HttpGenerator@204f2f34{s=START}]=>HttpChannelOverHttp@5416d988{r=1,c=false,c=false/false,a=DISPATCHED,uri=//localhost:9998/contact,age=7} parsed false HttpParser{s=END,66 of 66}
17:34:13.615 [qtp161118423-45] DEBUG org.eclipse.jetty.server.HttpInput - HttpInputOverHTTP@10181e0e[c=66,q=1,[0]=EOF,s=STREAM] read 66 from Content@682a5351{HeapByteBufferR@23261956[p=308,l=308,c=8192,r=0]={PUT /contact HTTP...":"+39 123456"}<<<>>>\x00\x00\x00\x00\x00\x00\x00\x00\x00\x00\x00\x00\x00\x00\x00\x00\x00...\x00\x00\x00\x00\x00\x00\x00\x00\x00\x00\x00\x00\x00\x00\x00}}
17:34:13.615 [qtp161118423-45] DEBUG o.e.jetty.server.HttpConnection - releaseRequestBuffer HttpConnection@3ac654c6::SocketChannelEndPoint@5eeeb2f8{/127.0.0.1:55185<->/127.0.0.1:9998,OPEN,fill=-,flush=-,to=8/30000}{io=0/0,kio=0,kro=1}->HttpConnection@3ac654c6[p=HttpParser{s=END,66 of 66},g=HttpGenerator@204f2f34{s=START}]=>HttpChannelOverHttp@5416d988{r=1,c=false,c=false/false,a=DISPATCHED,uri=//localhost:9998/contact,age=7}
17:34:13.633 [qtp161118423-45] DEBUG org.eclipse.jetty.server.HttpChannel - sendResponse info=null content=HeapByteBuffer@7c203415[p=0,l=0,c=0,r=0]={<<<>>>} complete=true committing=true callback=Blocker@7a737dfc{null}
17:34:13.634 [qtp161118423-45] DEBUG org.eclipse.jetty.server.HttpChannel - COMMIT for /contact on HttpChannelOverHttp@5416d988{r=1,c=true,c=false/false,a=DISPATCHED,uri=//localhost:9998/contact,age=26}
400 Bad Request HTTP/1.1
Date: Sun, 27 Sep 2020 16:34:13 GMT
Content-Length: 0


17:34:13.634 [qtp161118423-45] DEBUG o.e.jetty.server.HttpConnection - org.eclipse.jetty.server.HttpConnection$SendCallback@23d588fa[PROCESSING][i=HTTP/1.1{s=400,h=2,cl=0},cb=org.eclipse.jetty.server.HttpChannel$SendCallback@27d47239] generate: NEED_HEADER (null,[p=0,l=0,c=0,r=0],true)@START
17:34:13.634 [qtp161118423-45] DEBUG org.eclipse.jetty.http.HttpGenerator - generateHeaders HTTP/1.1{s=400,h=2,cl=0} last=true content=HeapByteBuffer@7c203415[p=0,l=0,c=0,r=0]={<<<>>>}
17:34:13.634 [qtp161118423-45] DEBUG org.eclipse.jetty.http.HttpGenerator - Date: Sun, 27 Sep 2020 16:34:13 GMT
Content-Length: 0


17:34:13.634 [qtp161118423-45] DEBUG org.eclipse.jetty.http.HttpGenerator - CONTENT_LENGTH
17:34:13.634 [qtp161118423-45] DEBUG o.e.jetty.server.HttpConnection - org.eclipse.jetty.server.HttpConnection$SendCallback@23d588fa[PROCESSING][i=HTTP/1.1{s=400,h=2,cl=0},cb=org.eclipse.jetty.server.HttpChannel$SendCallback@27d47239] generate: FLUSH ([p=0,l=117,c=8192,r=117],[p=0,l=0,c=0,r=0],true)@COMPLETING
17:34:13.634 [qtp161118423-45] DEBUG org.eclipse.jetty.io.WriteFlusher - write: WriteFlusher@604e0b9e{IDLE}->null [HeapByteBuffer@5d04f542[p=0,l=117,c=8192,r=117]={<<<HTTP/1.1 400 Bad ....v20190418)\r\n\r\n>>> localhost:9998\r\n...\x00\x00\x00\x00\x00\x00\x00\x00\x00\x00\x00\x00\x00\x00\x00}]
17:34:13.634 [qtp161118423-45] DEBUG org.eclipse.jetty.io.WriteFlusher - update WriteFlusher@604e0b9e{WRITING}->null:IDLE-->WRITING
17:34:13.635 [qtp161118423-45] DEBUG org.eclipse.jetty.io.ChannelEndPoint - flushed 117 SocketChannelEndPoint@5eeeb2f8{/127.0.0.1:55185<->/127.0.0.1:9998,OPEN,fill=-,flush=W,to=28/30000}{io=0/0,kio=0,kro=1}->HttpConnection@3ac654c6[p=HttpParser{s=END,66 of 66},g=HttpGenerator@204f2f34{s=COMPLETING}]=>HttpChannelOverHttp@5416d988{r=1,c=true,c=false/false,a=DISPATCHED,uri=//localhost:9998/contact,age=27}
17:34:13.635 [qtp161118423-45] DEBUG org.eclipse.jetty.io.WriteFlusher - Flushed=true written=117 remaining=0 WriteFlusher@604e0b9e{WRITING}->null
17:34:13.635 [qtp161118423-45] DEBUG org.eclipse.jetty.io.WriteFlusher - update WriteFlusher@604e0b9e{IDLE}->null:WRITING-->IDLE
17:34:13.635 [qtp161118423-45] DEBUG o.e.jetty.server.HttpConnection - org.eclipse.jetty.server.HttpConnection$SendCallback@23d588fa[PROCESSING][i=HTTP/1.1{s=400,h=2,cl=0},cb=org.eclipse.jetty.server.HttpChannel$SendCallback@27d47239] generate: DONE ([p=117,l=117,c=8192,r=0],[p=0,l=0,c=0,r=0],true)@END
17:34:13.635 [qtp161118423-45] DEBUG org.eclipse.jetty.server.Server - handled=true async=false committed=true on HttpChannelOverHttp@5416d988{r=1,c=true,c=false/true,a=DISPATCHED,uri=//localhost:9998/contact,age=27}
17:34:13.635 [qtp161118423-45] DEBUG o.e.jetty.server.HttpChannelState - unhandle HttpChannelState@11145d6e{s=DISPATCHED a=NOT_ASYNC i=true r=IDLE w=false}
17:34:13.635 [qtp161118423-45] DEBUG org.eclipse.jetty.server.HttpChannel - HttpChannelOverHttp@5416d988{r=1,c=true,c=false/true,a=COMPLETING,uri=//localhost:9998/contact,age=27} action COMPLETE
17:34:13.635 [qtp161118423-45] DEBUG o.e.jetty.server.HttpChannelState - onComplete HttpChannelState@11145d6e{s=COMPLETING a=NOT_ASYNC i=false r=IDLE w=false}
17:34:13.635 [qtp161118423-45] DEBUG org.eclipse.jetty.server.HttpChannel - COMPLETE for /contact written=0
17:34:13.636 [qtp161118423-45] DEBUG o.e.jetty.server.HttpChannelState - recycle HttpChannelState@11145d6e{s=COMPLETED a=NOT_ASYNC i=false r=IDLE w=false}
17:34:13.636 [qtp161118423-45] DEBUG org.eclipse.jetty.http.HttpParser - reset HttpParser{s=END,66 of 66}
17:34:13.636 [qtp161118423-45] DEBUG org.eclipse.jetty.http.HttpParser - END --> START
17:34:13.636 [qtp161118423-45] DEBUG org.eclipse.jetty.server.HttpChannel - HttpChannelOverHttp@5416d988{r=1,c=false,c=false/false,a=IDLE,uri=null,age=0} handle exit, result COMPLETE
17:34:13.636 [qtp161118423-45] DEBUG org.eclipse.jetty.io.ChannelEndPoint - filled 0 HeapByteBuffer@5d04f542[p=0,l=0,c=8192,r=0]={<<<>>>HTTP/1.1 400 Bad ...\x00\x00\x00\x00\x00\x00\x00\x00\x00\x00\x00\x00\x00\x00\x00}
17:34:13.636 [qtp161118423-45] DEBUG org.eclipse.jetty.io.ChannelEndPoint - filled 0 HeapByteBuffer@5d04f542[p=0,l=0,c=8192,r=0]={<<<>>>HTTP/1.1 400 Bad ...\x00\x00\x00\x00\x00\x00\x00\x00\x00\x00\x00\x00\x00\x00\x00}
17:34:13.636 [qtp161118423-45] DEBUG o.e.jetty.server.HttpConnection - HttpConnection@3ac654c6::SocketChannelEndPoint@5eeeb2f8{/127.0.0.1:55185<->/127.0.0.1:9998,OPEN,fill=-,flush=-,to=1/30000}{io=0/0,kio=0,kro=1}->HttpConnection@3ac654c6[p=HttpParser{s=START,0 of -1},g=HttpGenerator@204f2f34{s=START}]=>HttpChannelOverHttp@5416d988{r=1,c=false,c=false/false,a=IDLE,uri=null,age=0} filled 0 HeapByteBuffer@5d04f542[p=0,l=0,c=8192,r=0]={<<<>>>HTTP/1.1 400 Bad ...\x00\x00\x00\x00\x00\x00\x00\x00\x00\x00\x00\x00\x00\x00\x00}
17:34:13.636 [qtp161118423-45] DEBUG o.e.jetty.server.HttpConnection - HttpConnection@3ac654c6::SocketChannelEndPoint@5eeeb2f8{/127.0.0.1:55185<->/127.0.0.1:9998,OPEN,fill=-,flush=-,to=1/30000}{io=0/0,kio=0,kro=1}->HttpConnection@3ac654c6[p=HttpParser{s=START,0 of -1},g=HttpGenerator@204f2f34{s=START}]=>HttpChannelOverHttp@5416d988{r=1,c=false,c=false/false,a=IDLE,uri=null,age=0} parse HeapByteBuffer@5d04f542[p=0,l=0,c=8192,r=0]={<<<>>>HTTP/1.1 400 Bad ...\x00\x00\x00\x00\x00\x00\x00\x00\x00\x00\x00\x00\x00\x00\x00} {}
17:34:13.636 [qtp161118423-45] DEBUG org.eclipse.jetty.http.HttpParser - parseNext s=START HeapByteBuffer@5d04f542[p=0,l=0,c=8192,r=0]={<<<>>>HTTP/1.1 400 Bad ...\x00\x00\x00\x00\x00\x00\x00\x00\x00\x00\x00\x00\x00\x00\x00}
17:34:13.637 [qtp161118423-45] DEBUG o.e.jetty.server.HttpConnection - HttpConnection@3ac654c6::SocketChannelEndPoint@5eeeb2f8{/127.0.0.1:55185<->/127.0.0.1:9998,OPEN,fill=-,flush=-,to=1/30000}{io=0/0,kio=0,kro=1}->HttpConnection@3ac654c6[p=HttpParser{s=START,0 of -1},g=HttpGenerator@204f2f34{s=START}]=>HttpChannelOverHttp@5416d988{r=1,c=false,c=false/false,a=IDLE,uri=null,age=0} parsed false HttpParser{s=START,0 of -1}
17:34:13.637 [qtp161118423-45] DEBUG o.e.jetty.server.HttpConnection - releaseRequestBuffer HttpConnection@3ac654c6::SocketChannelEndPoint@5eeeb2f8{/127.0.0.1:55185<->/127.0.0.1:9998,OPEN,fill=-,flush=-,to=2/30000}{io=0/0,kio=0,kro=1}->HttpConnection@3ac654c6[p=HttpParser{s=START,0 of -1},g=HttpGenerator@204f2f34{s=START}]=>HttpChannelOverHttp@5416d988{r=1,c=false,c=false/false,a=IDLE,uri=null,age=0}
17:34:13.637 [qtp161118423-45] DEBUG o.e.jetty.io.AbstractConnection - fillInterested HttpConnection@3ac654c6::SocketChannelEndPoint@5eeeb2f8{/127.0.0.1:55185<->/127.0.0.1:9998,OPEN,fill=-,flush=-,to=2/30000}{io=0/0,kio=0,kro=1}->HttpConnection@3ac654c6[p=HttpParser{s=START,0 of -1},g=HttpGenerator@204f2f34{s=START}]=>HttpChannelOverHttp@5416d988{r=1,c=false,c=false/false,a=IDLE,uri=null,age=0}
17:34:13.637 [qtp161118423-45] DEBUG org.eclipse.jetty.io.FillInterest - interested FillInterest@4277782c{AC.ReadCB@3ac654c6{HttpConnection@3ac654c6::SocketChannelEndPoint@5eeeb2f8{/127.0.0.1:55185<->/127.0.0.1:9998,OPEN,fill=FI,flush=-,to=0/30000}{io=0/0,kio=0,kro=1}->HttpConnection@3ac654c6[p=HttpParser{s=START,0 of -1},g=HttpGenerator@204f2f34{s=START}]=>HttpChannelOverHttp@5416d988{r=1,c=false,c=false/false,a=IDLE,uri=null,age=0}}}
17:34:13.637 [qtp161118423-45] DEBUG org.eclipse.jetty.io.ChannelEndPoint - changeInterests p=false 0->1 for SocketChannelEndPoint@5eeeb2f8{/127.0.0.1:55185<->/127.0.0.1:9998,OPEN,fill=FI,flush=-,to=0/30000}{io=0/1,kio=0,kro=1}->HttpConnection@3ac654c6[p=HttpParser{s=START,0 of -1},g=HttpGenerator@204f2f34{s=START}]=>HttpChannelOverHttp@5416d988{r=1,c=false,c=false/false,a=IDLE,uri=null,age=0}
17:34:13.638 [qtp161118423-45] DEBUG org.eclipse.jetty.io.ManagedSelector - Queued change org.eclipse.jetty.io.ChannelEndPoint$1@713ba221 on ManagedSelector@7f9ab969{STARTED} id=1 keys=1 selected=0 updates=0
17:34:13.638 [qtp161118423-45] DEBUG org.eclipse.jetty.io.ManagedSelector - Wakeup on submit ManagedSelector@7f9ab969{STARTED} id=1 keys=1 selected=0 updates=1
17:34:13.638 [qtp161118423-41] DEBUG org.eclipse.jetty.io.ManagedSelector - Selector sun.nio.ch.KQueueSelectorImpl@4bb6c1b9 woken with none selected
17:34:13.638 [qtp161118423-41] DEBUG org.eclipse.jetty.io.ManagedSelector - Selector sun.nio.ch.KQueueSelectorImpl@4bb6c1b9 woken up from select, 0/0/1 selected
17:34:13.638 [qtp161118423-41] DEBUG org.eclipse.jetty.io.ManagedSelector - Selector sun.nio.ch.KQueueSelectorImpl@4bb6c1b9 processing 0 keys, 1 updates
17:34:13.638 [qtp161118423-41] DEBUG org.eclipse.jetty.io.ManagedSelector - updateable 1
17:34:13.638 [qtp161118423-41] DEBUG org.eclipse.jetty.io.ManagedSelector - update org.eclipse.jetty.io.ChannelEndPoint$1@713ba221
17:34:13.638 [qtp161118423-45] DEBUG o.e.jetty.server.HttpConnection - HttpConnection@3ac654c6::SocketChannelEndPoint@5eeeb2f8{/127.0.0.1:55185<->/127.0.0.1:9998,OPEN,fill=FI,flush=-,to=1/30000}{io=0/1,kio=0,kro=1}->HttpConnection@3ac654c6[p=HttpParser{s=START,0 of -1},g=HttpGenerator@204f2f34{s=START}]=>HttpChannelOverHttp@5416d988{r=1,c=false,c=false/false,a=IDLE,uri=null,age=0} onFillable exit HttpChannelState@11145d6e{s=IDLE a=NOT_ASYNC i=true r=IDLE w=false} null
17:34:13.638 [qtp161118423-41] DEBUG org.eclipse.jetty.io.ChannelEndPoint - Key interests updated 0 -> 1 on SocketChannelEndPoint@5eeeb2f8{/127.0.0.1:55185<->/127.0.0.1:9998,OPEN,fill=FI,flush=-,to=1/30000}{io=1/1,kio=1,kro=1}->HttpConnection@3ac654c6[p=HttpParser{s=START,0 of -1},g=HttpGenerator@204f2f34{s=START}]=>HttpChannelOverHttp@5416d988{r=1,c=false,c=false/false,a=IDLE,uri=null,age=0}
17:34:13.638 [qtp161118423-41] DEBUG org.eclipse.jetty.io.ManagedSelector - updates 0
17:34:13.638 [qtp161118423-45] DEBUG o.e.j.util.thread.QueuedThreadPool - ran CEP:SocketChannelEndPoint@5eeeb2f8{/127.0.0.1:55185<->/127.0.0.1:9998,OPEN,fill=FI,flush=-,to=1/30000}{io=1/1,kio=1,kro=1}->HttpConnection@3ac654c6[p=HttpParser{s=START,0 of -1},g=HttpGenerator@204f2f34{s=START}]=>HttpChannelOverHttp@5416d988{r=1,c=false,c=false/false,a=IDLE,uri=null,age=0}:runFillable:BLOCKING
17:34:13.638 [qtp161118423-41] DEBUG org.eclipse.jetty.io.ManagedSelector - Selector sun.nio.ch.KQueueSelectorImpl@4bb6c1b9 waiting with 1 keys
17:34:13.652 [main] DEBUG o.e.j.u.component.AbstractLifeCycle - stopping Server@31da6b2e{STARTED}[9.4.17.v20190418]
17:34:13.652 [main] DEBUG org.eclipse.jetty.server.Server - doStop Server@31da6b2e{STOPPING}[9.4.17.v20190418]
17:34:13.652 [qtp161118423-42] DEBUG o.e.j.util.thread.QueuedThreadPool - ran qtp161118423-42-acceptor-0@77b9d0c7-ServerConnector@2a22ad2b{HTTP/1.1,[http/1.1]}{0.0.0.0:9998}
17:34:13.659 [main] DEBUG o.e.j.s.h.AbstractHandlerContainer - Graceful shutdown Server@31da6b2e{STOPPING}[9.4.17.v20190418] by 
17:34:13.659 [main] DEBUG o.e.j.u.component.AbstractLifeCycle - stopping ServerConnector@2a22ad2b{HTTP/1.1,[http/1.1]}{0.0.0.0:9998}
17:34:13.659 [main] DEBUG o.e.j.u.component.AbstractLifeCycle - stopping SelectorManager@ServerConnector@2a22ad2b{HTTP/1.1,[http/1.1]}{0.0.0.0:9998}
17:34:13.660 [main] DEBUG o.e.j.u.component.AbstractLifeCycle - stopping ManagedSelector@7f9ab969{STARTED} id=1 keys=1 selected=0 updates=0
17:34:13.660 [main] DEBUG org.eclipse.jetty.io.ManagedSelector - Queued change org.eclipse.jetty.io.ManagedSelector$CloseConnections@4a5905d9 on ManagedSelector@7f9ab969{STOPPING} id=1 keys=1 selected=0 updates=0
17:34:13.660 [main] DEBUG org.eclipse.jetty.io.ManagedSelector - Wakeup on submit ManagedSelector@7f9ab969{STOPPING} id=1 keys=1 selected=0 updates=1
17:34:13.660 [qtp161118423-41] DEBUG org.eclipse.jetty.io.ManagedSelector - Selector sun.nio.ch.KQueueSelectorImpl@4bb6c1b9 woken with none selected
17:34:13.660 [qtp161118423-41] DEBUG org.eclipse.jetty.io.ManagedSelector - Selector sun.nio.ch.KQueueSelectorImpl@4bb6c1b9 woken up from select, 0/0/1 selected
17:34:13.660 [qtp161118423-41] DEBUG org.eclipse.jetty.io.ManagedSelector - Selector sun.nio.ch.KQueueSelectorImpl@4bb6c1b9 processing 0 keys, 1 updates
17:34:13.660 [qtp161118423-41] DEBUG org.eclipse.jetty.io.ManagedSelector - updateable 1
17:34:13.660 [qtp161118423-41] DEBUG org.eclipse.jetty.io.ManagedSelector - update org.eclipse.jetty.io.ManagedSelector$CloseConnections@4a5905d9
17:34:13.660 [qtp161118423-41] DEBUG org.eclipse.jetty.io.ManagedSelector - Closing 1 connections on ManagedSelector@7f9ab969{STOPPING} id=1 keys=1 selected=0 updates=0
17:34:13.660 [qtp161118423-41] DEBUG o.eclipse.jetty.io.AbstractEndPoint - close SocketChannelEndPoint@5eeeb2f8{/127.0.0.1:55185<->/127.0.0.1:9998,OPEN,fill=FI,flush=-,to=23/30000}{io=1/1,kio=1,kro=1}->HttpConnection@3ac654c6[p=HttpParser{s=START,0 of -1},g=HttpGenerator@204f2f34{s=START}]=>HttpChannelOverHttp@5416d988{r=1,c=false,c=false/false,a=IDLE,uri=null,age=0}
17:34:13.660 [qtp161118423-41] DEBUG o.eclipse.jetty.io.AbstractEndPoint - close(null) SocketChannelEndPoint@5eeeb2f8{/127.0.0.1:55185<->/127.0.0.1:9998,OPEN,fill=FI,flush=-,to=23/30000}{io=1/1,kio=1,kro=1}->HttpConnection@3ac654c6[p=HttpParser{s=START,0 of -1},g=HttpGenerator@204f2f34{s=START}]=>HttpChannelOverHttp@5416d988{r=1,c=false,c=false/false,a=IDLE,uri=null,age=0}
17:34:13.661 [qtp161118423-41] DEBUG org.eclipse.jetty.io.ChannelEndPoint - doClose SocketChannelEndPoint@5eeeb2f8{/127.0.0.1:55185<->/127.0.0.1:9998,CLOSED,fill=FI,flush=-,to=24/30000}{io=1/1,kio=1,kro=1}->HttpConnection@3ac654c6[p=HttpParser{s=START,0 of -1},g=HttpGenerator@204f2f34{s=START}]=>HttpChannelOverHttp@5416d988{r=1,c=false,c=false/false,a=IDLE,uri=null,age=0}
17:34:13.661 [qtp161118423-41] DEBUG org.eclipse.jetty.io.WriteFlusher - ignored: WriteFlusher@604e0b9e{IDLE}->null
java.nio.channels.ClosedChannelException: null
	at org.eclipse.jetty.io.WriteFlusher.onClose(WriteFlusher.java:492)
	at org.eclipse.jetty.io.AbstractEndPoint.onClose(AbstractEndPoint.java:353)
	at org.eclipse.jetty.io.ChannelEndPoint.onClose(ChannelEndPoint.java:215)
	at org.eclipse.jetty.io.AbstractEndPoint.doOnClose(AbstractEndPoint.java:225)
	at org.eclipse.jetty.io.AbstractEndPoint.close(AbstractEndPoint.java:192)
	at org.eclipse.jetty.io.AbstractEndPoint.close(AbstractEndPoint.java:175)
	at org.eclipse.jetty.io.AbstractConnection.close(AbstractConnection.java:248)
	at org.eclipse.jetty.io.ManagedSelector.closeNoExceptions(ManagedSelector.java:252)
	at org.eclipse.jetty.io.ManagedSelector.access$1400(ManagedSelector.java:61)
	at org.eclipse.jetty.io.ManagedSelector$CloseConnections.update(ManagedSelector.java:866)
	at org.eclipse.jetty.io.ManagedSelector$SelectorProducer.processUpdates(ManagedSelector.java:426)
	at org.eclipse.jetty.io.ManagedSelector$SelectorProducer.produce(ManagedSelector.java:397)
	at org.eclipse.jetty.util.thread.strategy.EatWhatYouKill.produceTask(EatWhatYouKill.java:357)
	at org.eclipse.jetty.util.thread.strategy.EatWhatYouKill.doProduce(EatWhatYouKill.java:181)
	at org.eclipse.jetty.util.thread.strategy.EatWhatYouKill.tryProduce(EatWhatYouKill.java:168)
	at org.eclipse.jetty.util.thread.strategy.EatWhatYouKill.produce(EatWhatYouKill.java:132)
	at org.eclipse.jetty.util.thread.QueuedThreadPool.runJob(QueuedThreadPool.java:786)
	at org.eclipse.jetty.util.thread.QueuedThreadPool$2.run(QueuedThreadPool.java:743)
	at java.lang.Thread.run(Thread.java:748)
17:34:13.662 [qtp161118423-41] DEBUG org.eclipse.jetty.io.FillInterest - onClose FillInterest@4277782c{AC.ReadCB@3ac654c6{HttpConnection@3ac654c6::SocketChannelEndPoint@5eeeb2f8{/127.0.0.1:55185<->/127.0.0.1:9998,CLOSED,fill=FI,flush=-,to=24/30000}{io=1/1,kio=-1,kro=-1}->HttpConnection@3ac654c6[p=HttpParser{s=START,0 of -1},g=HttpGenerator@204f2f34{s=START}]=>HttpChannelOverHttp@5416d988{r=1,c=false,c=false/false,a=IDLE,uri=null,age=0}}}
17:34:13.662 [qtp161118423-41] DEBUG org.eclipse.jetty.http.HttpParser - close HttpParser{s=START,0 of -1}
17:34:13.662 [qtp161118423-41] DEBUG org.eclipse.jetty.http.HttpParser - START --> CLOSE
17:34:13.662 [qtp161118423-41] DEBUG o.e.jetty.io.AbstractConnection - HttpConnection@3ac654c6::SocketChannelEndPoint@5eeeb2f8{/127.0.0.1:55185<->/127.0.0.1:9998,CLOSED,fill=-,flush=-,to=25/30000}{io=1/1,kio=-1,kro=-1}->HttpConnection@3ac654c6[p=HttpParser{s=CLOSE,0 of -1},g=HttpGenerator@204f2f34{s=START}]=>HttpChannelOverHttp@5416d988{r=1,c=false,c=false/false,a=IDLE,uri=null,age=0} onFillInterestedFailed {}
17:34:13.662 [qtp161118423-41] DEBUG org.eclipse.jetty.io.ManagedSelector - Wakeup ManagedSelector@7f9ab969{STOPPING} id=1 keys=1 selected=0 updates=0
17:34:13.662 [qtp161118423-41] DEBUG o.e.j.util.thread.QueuedThreadPool - queue org.eclipse.jetty.io.ManagedSelector$DestroyEndPoint@44c3c84
17:34:13.662 [qtp161118423-41] DEBUG org.eclipse.jetty.io.ManagedSelector - updates 0
17:34:13.662 [qtp161118423-41] DEBUG org.eclipse.jetty.io.ManagedSelector - Selector sun.nio.ch.KQueueSelectorImpl@4bb6c1b9 waiting with 1 keys
17:34:13.662 [qtp161118423-46] DEBUG o.e.j.util.thread.QueuedThreadPool - run org.eclipse.jetty.io.ManagedSelector$DestroyEndPoint@44c3c84
17:34:13.663 [qtp161118423-46] DEBUG org.eclipse.jetty.io.ManagedSelector - Destroyed SocketChannelEndPoint@5eeeb2f8{/127.0.0.1:55185<->/127.0.0.1:9998,CLOSED,fill=-,flush=-,to=25/30000}{io=1/1,kio=-1,kro=-1}->HttpConnection@3ac654c6[p=HttpParser{s=CLOSE,0 of -1},g=HttpGenerator@204f2f34{s=START}]=>HttpChannelOverHttp@5416d988{r=1,c=false,c=false/false,a=IDLE,uri=null,age=0}
17:34:13.663 [qtp161118423-46] DEBUG o.e.jetty.io.AbstractConnection - onClose HttpConnection@3ac654c6::SocketChannelEndPoint@5eeeb2f8{/127.0.0.1:55185<->/127.0.0.1:9998,CLOSED,fill=-,flush=-,to=26/30000}{io=1/1,kio=-1,kro=-1}->HttpConnection@3ac654c6[p=HttpParser{s=CLOSE,0 of -1},g=HttpGenerator@204f2f34{s=START}]=>HttpChannelOverHttp@5416d988{r=1,c=false,c=false/false,a=IDLE,uri=null,age=0}
17:34:13.663 [qtp161118423-46] DEBUG o.e.j.util.thread.QueuedThreadPool - ran org.eclipse.jetty.io.ManagedSelector$DestroyEndPoint@44c3c84
17:34:13.666 [main] DEBUG org.eclipse.jetty.io.ManagedSelector - Queued change org.eclipse.jetty.io.ManagedSelector$StopSelector@1a3e5f23 on ManagedSelector@7f9ab969{STOPPING} id=1 keys=0 selected=0 updates=0
17:34:13.666 [main] DEBUG org.eclipse.jetty.io.ManagedSelector - Wakeup on submit ManagedSelector@7f9ab969{STOPPING} id=1 keys=0 selected=0 updates=1
17:34:13.666 [qtp161118423-41] DEBUG org.eclipse.jetty.io.ManagedSelector - Selector sun.nio.ch.KQueueSelectorImpl@4bb6c1b9 woken with none selected
17:34:13.666 [qtp161118423-41] DEBUG org.eclipse.jetty.io.ManagedSelector - Selector sun.nio.ch.KQueueSelectorImpl@4bb6c1b9 woken up from select, 0/0/0 selected
17:34:13.666 [qtp161118423-41] DEBUG org.eclipse.jetty.io.ManagedSelector - Selector sun.nio.ch.KQueueSelectorImpl@4bb6c1b9 processing 0 keys, 1 updates
17:34:13.666 [qtp161118423-41] DEBUG org.eclipse.jetty.io.ManagedSelector - updateable 1
17:34:13.666 [qtp161118423-41] DEBUG org.eclipse.jetty.io.ManagedSelector - update org.eclipse.jetty.io.ManagedSelector$StopSelector@1a3e5f23
17:34:13.666 [qtp161118423-41] DEBUG org.eclipse.jetty.io.ManagedSelector - updates 0
17:34:13.666 [qtp161118423-41] DEBUG o.e.j.util.thread.QueuedThreadPool - ran org.eclipse.jetty.io.ManagedSelector$$Lambda$175/1736293769@ae372b9
17:34:13.666 [main] DEBUG o.e.j.u.component.AbstractLifeCycle - stopping EatWhatYouKill@67403656/SelectorProducer@5a6482a9/IDLE/p=false/JettyConnectorThreadPool[qtp161118423]@99a78d7{STARTED,8<=8<=200,i=6,q=0}[ReservedThreadExecutor@2d746ce4{s=1/4,p=0}][pc=0,pic=0,pec=1,epc=0]@2020-09-27T17:34:13.666+01:00
17:34:13.666 [main] DEBUG o.e.j.u.component.AbstractLifeCycle - STOPPED EatWhatYouKill@67403656/SelectorProducer@5a6482a9/IDLE/p=false/JettyConnectorThreadPool[qtp161118423]@99a78d7{STARTED,8<=8<=200,i=6,q=0}[ReservedThreadExecutor@2d746ce4{s=1/4,p=0}][pc=0,pic=0,pec=1,epc=0]@2020-09-27T17:34:13.666+01:00
17:34:13.667 [main] DEBUG o.e.j.u.component.AbstractLifeCycle - STOPPED ManagedSelector@7f9ab969{STOPPED} id=1 keys=-1 selected=-1 updates=0
17:34:13.667 [main] DEBUG o.e.j.u.component.AbstractLifeCycle - stopping ManagedSelector@34dc85a{STARTED} id=0 keys=0 selected=0 updates=0
17:34:13.667 [main] DEBUG org.eclipse.jetty.io.ManagedSelector - Queued change org.eclipse.jetty.io.ManagedSelector$CloseConnections@6293e39e on ManagedSelector@34dc85a{STOPPING} id=0 keys=0 selected=0 updates=0
17:34:13.667 [main] DEBUG org.eclipse.jetty.io.ManagedSelector - Wakeup on submit ManagedSelector@34dc85a{STOPPING} id=0 keys=0 selected=0 updates=1
17:34:13.668 [qtp161118423-40] DEBUG org.eclipse.jetty.io.ManagedSelector - Selector sun.nio.ch.KQueueSelectorImpl@1d176afe woken with none selected
17:34:13.668 [qtp161118423-40] DEBUG org.eclipse.jetty.io.ManagedSelector - Selector sun.nio.ch.KQueueSelectorImpl@1d176afe woken up from select, 0/0/0 selected
17:34:13.668 [qtp161118423-40] DEBUG org.eclipse.jetty.io.ManagedSelector - Selector sun.nio.ch.KQueueSelectorImpl@1d176afe processing 0 keys, 1 updates
17:34:13.668 [qtp161118423-40] DEBUG org.eclipse.jetty.io.ManagedSelector - updateable 1
17:34:13.668 [qtp161118423-40] DEBUG org.eclipse.jetty.io.ManagedSelector - update org.eclipse.jetty.io.ManagedSelector$CloseConnections@6293e39e
17:34:13.668 [qtp161118423-40] DEBUG org.eclipse.jetty.io.ManagedSelector - Closing 0 connections on ManagedSelector@34dc85a{STOPPING} id=0 keys=0 selected=0 updates=0
17:34:13.668 [qtp161118423-40] DEBUG org.eclipse.jetty.io.ManagedSelector - updates 0
17:34:13.668 [qtp161118423-40] DEBUG org.eclipse.jetty.io.ManagedSelector - Selector sun.nio.ch.KQueueSelectorImpl@1d176afe waiting with 0 keys
17:34:13.668 [main] DEBUG org.eclipse.jetty.io.ManagedSelector - Queued change org.eclipse.jetty.io.ManagedSelector$StopSelector@365553de on ManagedSelector@34dc85a{STOPPING} id=0 keys=0 selected=0 updates=0
17:34:13.668 [main] DEBUG org.eclipse.jetty.io.ManagedSelector - Wakeup on submit ManagedSelector@34dc85a{STOPPING} id=0 keys=0 selected=0 updates=1
17:34:13.668 [qtp161118423-40] DEBUG org.eclipse.jetty.io.ManagedSelector - Selector sun.nio.ch.KQueueSelectorImpl@1d176afe woken with none selected
17:34:13.668 [qtp161118423-40] DEBUG org.eclipse.jetty.io.ManagedSelector - Selector sun.nio.ch.KQueueSelectorImpl@1d176afe woken up from select, 0/0/0 selected
17:34:13.668 [qtp161118423-40] DEBUG org.eclipse.jetty.io.ManagedSelector - Selector sun.nio.ch.KQueueSelectorImpl@1d176afe processing 0 keys, 1 updates
17:34:13.668 [qtp161118423-40] DEBUG org.eclipse.jetty.io.ManagedSelector - updateable 1
17:34:13.668 [qtp161118423-40] DEBUG org.eclipse.jetty.io.ManagedSelector - update org.eclipse.jetty.io.ManagedSelector$StopSelector@365553de
17:34:13.668 [qtp161118423-40] DEBUG org.eclipse.jetty.io.ManagedSelector - updates 0
17:34:13.668 [qtp161118423-40] DEBUG o.e.j.util.thread.QueuedThreadPool - ran org.eclipse.jetty.io.ManagedSelector$$Lambda$175/1736293769@12f8b1d8
17:34:13.669 [main] DEBUG o.e.j.u.component.AbstractLifeCycle - stopping EatWhatYouKill@39109136/SelectorProducer@27c04377/IDLE/p=false/JettyConnectorThreadPool[qtp161118423]@99a78d7{STARTED,8<=8<=200,i=7,q=0}[ReservedThreadExecutor@2d746ce4{s=1/4,p=0}][pc=0,pic=0,pec=0,epc=0]@2020-09-27T17:34:13.668+01:00
17:34:13.669 [main] DEBUG o.e.j.u.component.AbstractLifeCycle - STOPPED EatWhatYouKill@39109136/SelectorProducer@27c04377/IDLE/p=false/JettyConnectorThreadPool[qtp161118423]@99a78d7{STARTED,8<=8<=200,i=7,q=0}[ReservedThreadExecutor@2d746ce4{s=1/4,p=0}][pc=0,pic=0,pec=0,epc=0]@2020-09-27T17:34:13.669+01:00
17:34:13.669 [main] DEBUG o.e.j.u.component.AbstractLifeCycle - STOPPED ManagedSelector@34dc85a{STOPPED} id=0 keys=-1 selected=-1 updates=0
17:34:13.669 [main] DEBUG o.e.j.u.component.AbstractLifeCycle - STOPPED SelectorManager@ServerConnector@2a22ad2b{HTTP/1.1,[http/1.1]}{0.0.0.0:9998}
17:34:13.669 [main] DEBUG o.e.j.u.component.AbstractLifeCycle - stopping HttpConnectionFactory@61c76850[HTTP/1.1]
17:34:13.669 [main] DEBUG o.e.j.u.component.AbstractLifeCycle - STOPPED HttpConnectionFactory@61c76850[HTTP/1.1]
17:34:13.669 [main] DEBUG o.e.j.u.component.AbstractLifeCycle - stopping ScheduledExecutorScheduler@48c3205a{STARTED}
17:34:13.669 [main] DEBUG o.e.j.u.component.AbstractLifeCycle - STOPPED ScheduledExecutorScheduler@48c3205a{STOPPED}
17:34:13.669 [main] INFO  o.e.jetty.server.AbstractConnector - Stopped ServerConnector@2a22ad2b{HTTP/1.1,[http/1.1]}{0.0.0.0:9998}
17:34:13.670 [main] DEBUG o.e.j.u.component.AbstractLifeCycle - STOPPED ServerConnector@2a22ad2b{HTTP/1.1,[http/1.1]}{0.0.0.0:9998}
17:34:13.670 [main] DEBUG o.e.j.server.handler.AbstractHandler - stopping Server@31da6b2e{STOPPING}[9.4.17.v20190418]
17:34:13.670 [main] DEBUG o.e.j.u.component.AbstractLifeCycle - stopping ErrorHandler@7c6442c2{STARTED}
17:34:13.670 [main] DEBUG o.e.j.server.handler.AbstractHandler - stopping ErrorHandler@7c6442c2{STOPPING}
17:34:13.670 [main] DEBUG o.e.j.u.component.AbstractLifeCycle - STOPPED ErrorHandler@7c6442c2{STOPPED}
17:34:13.670 [main] DEBUG o.e.j.u.component.AbstractLifeCycle - stopping JettyHttpContainer@4390f46e{STARTED}
17:34:13.670 [main] DEBUG o.e.j.server.handler.AbstractHandler - stopping JettyHttpContainer@4390f46e{STOPPING}
17:34:13.671 [main] DEBUG o.e.j.u.component.AbstractLifeCycle - STOPPED JettyHttpContainer@4390f46e{STOPPED}
17:34:13.671 [main] DEBUG o.e.j.u.component.AbstractLifeCycle - stopping JettyConnectorThreadPool[qtp161118423]@99a78d7{STARTED,8<=8<=200,i=7,q=0}[ReservedThreadExecutor@2d746ce4{s=1/4,p=0}]
17:34:13.671 [main] DEBUG o.e.j.util.thread.QueuedThreadPool - Stopping JettyConnectorThreadPool[qtp161118423]@99a78d7{STOPPING,8<=8<=200,i=7,q=0}[ReservedThreadExecutor@2d746ce4{s=1/4,p=0}]
17:34:13.671 [main] DEBUG o.e.j.u.component.AbstractLifeCycle - stopping ReservedThreadExecutor@2d746ce4{s=1/4,p=0}
17:34:13.672 [main] DEBUG o.e.j.u.t.ReservedThreadExecutor - ReservedThreadExecutor@2d746ce4{s=0/4,p=0}@414eaac9 offer STOP!
17:34:13.672 [main] DEBUG o.e.j.u.component.AbstractLifeCycle - STOPPED ReservedThreadExecutor@2d746ce4{s=0/4,p=0}
17:34:13.672 [qtp161118423-44] DEBUG o.e.j.u.t.ReservedThreadExecutor - ReservedThreadExecutor@2d746ce4{s=0/4,p=0}@414eaac9 task=STOP!
17:34:13.672 [qtp161118423-44] DEBUG o.e.j.u.t.ReservedThreadExecutor - ReservedThreadExecutor@2d746ce4{s=0/4,p=0}@414eaac9 Exited
17:34:13.672 [qtp161118423-47] DEBUG o.e.j.util.thread.QueuedThreadPool - run org.eclipse.jetty.util.thread.QueuedThreadPool$$Lambda$264/1914615775@5e9a99b4
17:34:13.672 [qtp161118423-47] DEBUG o.e.j.util.thread.QueuedThreadPool - ran org.eclipse.jetty.util.thread.QueuedThreadPool$$Lambda$264/1914615775@5e9a99b4
17:34:13.672 [qtp161118423-45] DEBUG o.e.j.util.thread.QueuedThreadPool - run org.eclipse.jetty.util.thread.QueuedThreadPool$$Lambda$264/1914615775@5e9a99b4
17:34:13.672 [qtp161118423-42] DEBUG o.e.j.util.thread.QueuedThreadPool - run org.eclipse.jetty.util.thread.QueuedThreadPool$$Lambda$264/1914615775@5e9a99b4
17:34:13.672 [qtp161118423-44] DEBUG o.e.j.util.thread.QueuedThreadPool - ran ReservedThreadExecutor@2d746ce4{s=0/4,p=0}@414eaac9
17:34:13.672 [qtp161118423-46] DEBUG o.e.j.util.thread.QueuedThreadPool - run org.eclipse.jetty.util.thread.QueuedThreadPool$$Lambda$264/1914615775@5e9a99b4
17:34:13.672 [qtp161118423-46] DEBUG o.e.j.util.thread.QueuedThreadPool - ran org.eclipse.jetty.util.thread.QueuedThreadPool$$Lambda$264/1914615775@5e9a99b4
17:34:13.672 [qtp161118423-43] DEBUG o.e.j.util.thread.QueuedThreadPool - run org.eclipse.jetty.util.thread.QueuedThreadPool$$Lambda$264/1914615775@5e9a99b4
17:34:13.672 [qtp161118423-45] DEBUG o.e.j.util.thread.QueuedThreadPool - ran org.eclipse.jetty.util.thread.QueuedThreadPool$$Lambda$264/1914615775@5e9a99b4
17:34:13.672 [qtp161118423-40] DEBUG o.e.j.util.thread.QueuedThreadPool - run org.eclipse.jetty.util.thread.QueuedThreadPool$$Lambda$264/1914615775@5e9a99b4
17:34:13.672 [qtp161118423-42] DEBUG o.e.j.util.thread.QueuedThreadPool - ran org.eclipse.jetty.util.thread.QueuedThreadPool$$Lambda$264/1914615775@5e9a99b4
17:34:13.672 [qtp161118423-41] DEBUG o.e.j.util.thread.QueuedThreadPool - run org.eclipse.jetty.util.thread.QueuedThreadPool$$Lambda$264/1914615775@5e9a99b4
17:34:13.672 [qtp161118423-41] DEBUG o.e.j.util.thread.QueuedThreadPool - ran org.eclipse.jetty.util.thread.QueuedThreadPool$$Lambda$264/1914615775@5e9a99b4
17:34:13.672 [qtp161118423-43] DEBUG o.e.j.util.thread.QueuedThreadPool - ran org.eclipse.jetty.util.thread.QueuedThreadPool$$Lambda$264/1914615775@5e9a99b4
17:34:13.672 [qtp161118423-40] DEBUG o.e.j.util.thread.QueuedThreadPool - ran org.eclipse.jetty.util.thread.QueuedThreadPool$$Lambda$264/1914615775@5e9a99b4
17:34:13.672 [main] DEBUG o.e.j.util.thread.QueuedThreadPool - Waiting for Thread[qtp161118423-41,5,main] for 14999
17:34:13.672 [main] DEBUG o.e.j.util.thread.QueuedThreadPool - Waiting for Thread[qtp161118423-42,5,] for 14999
17:34:13.683 [main] DEBUG o.e.j.u.component.AbstractLifeCycle - STOPPED JettyConnectorThreadPool[qtp161118423]@99a78d7{STOPPED,8<=0<=200,i=0,q=0}[org.eclipse.jetty.util.thread.TryExecutor$$Lambda$157/1967617997@759fad4]
17:34:13.683 [main] DEBUG o.e.j.u.component.AbstractLifeCycle - STOPPED Server@31da6b2e{STOPPED}[9.4.17.v20190418]
]]></system-out>
    <system-err><![CDATA[Sep 27, 2020 5:34:13 PM org.glassfish.jersey.test.jetty.JettyTestContainerFactory$JettyTestContainer <init>
INFO: Creating JettyTestContainer configured at the base URI http://localhost:9998/
]]></system-err>
  </testcase>
  <testcase name="testCreateContactWithValidData" classname="com.brunogoncalves.phonebook.resource.ContactResourceTest" time="0.417">
    <system-out><![CDATA[17:34:13.847 [main] DEBUG o.h.v.i.e.r.TraversableResolvers - Cannot find javax.persistence.Persistence on classpath. Assuming non JPA 2 environment. All properties will per default be traversable.
17:34:13.848 [main] DEBUG o.h.v.i.x.config.ValidationXmlParser - Trying to load META-INF/validation.xml for XML based Validator configuration.
17:34:13.848 [main] DEBUG o.h.v.i.x.c.ResourceLoaderHelper - Trying to load META-INF/validation.xml via TCCL
17:34:13.848 [main] DEBUG o.h.v.i.x.c.ResourceLoaderHelper - Trying to load META-INF/validation.xml via Hibernate Validator's class loader
17:34:13.848 [main] DEBUG o.h.v.i.x.config.ValidationXmlParser - No META-INF/validation.xml found. Using annotation based configuration only.
17:34:13.858 [main] DEBUG o.h.v.m.ResourceBundleMessageInterpolator - Loaded expression factory via original TCCL
17:34:13.859 [main] DEBUG o.h.v.i.engine.ValidatorFactoryImpl - HV000234: Using org.hibernate.validator.messageinterpolation.ResourceBundleMessageInterpolator as ValidatorFactory-scoped message interpolator.
17:34:13.859 [main] DEBUG o.h.v.i.engine.ValidatorFactoryImpl - HV000234: Using org.hibernate.validator.internal.engine.resolver.TraverseAllTraversableResolver as ValidatorFactory-scoped traversable resolver.
17:34:13.859 [main] DEBUG o.h.v.i.engine.ValidatorFactoryImpl - HV000234: Using org.hibernate.validator.internal.util.ExecutableParameterNameProvider as ValidatorFactory-scoped parameter name provider.
17:34:13.859 [main] DEBUG o.h.v.i.engine.ValidatorFactoryImpl - HV000234: Using org.hibernate.validator.internal.engine.DefaultClockProvider as ValidatorFactory-scoped clock provider.
17:34:13.859 [main] DEBUG o.h.v.i.engine.ValidatorFactoryImpl - HV000234: Using org.hibernate.validator.internal.engine.scripting.DefaultScriptEvaluatorFactory as ValidatorFactory-scoped script evaluator factory.
17:34:13.874 [main] DEBUG o.e.j.u.component.ContainerLifeCycle - Server@43034809{STOPPED}[9.4.17.v20190418] added {JettyConnectorThreadPool[qtp2081952435]@7c1812b3{STOPPED,8<=0<=200,i=0,q=0}[org.eclipse.jetty.util.thread.TryExecutor$$Lambda$157/1967617997@759fad4],AUTO}
17:34:13.874 [main] DEBUG o.e.j.u.component.ContainerLifeCycle - HttpConnectionFactory@39e67516[HTTP/1.1] added {HttpConfiguration@77010a30{32768/8192,8192/8192,https://:0,[]},POJO}
17:34:13.874 [main] DEBUG o.e.j.u.component.ContainerLifeCycle - ServerConnector@4bb003e9{null,[]}{0.0.0.0:0} added {Server@43034809{STOPPED}[9.4.17.v20190418],UNMANAGED}
17:34:13.874 [main] DEBUG o.e.j.u.component.ContainerLifeCycle - ServerConnector@4bb003e9{null,[]}{0.0.0.0:0} added {JettyConnectorThreadPool[qtp2081952435]@7c1812b3{STOPPED,8<=0<=200,i=0,q=0}[org.eclipse.jetty.util.thread.TryExecutor$$Lambda$157/1967617997@759fad4],AUTO}
17:34:13.874 [main] DEBUG o.e.j.u.component.ContainerLifeCycle - ServerConnector@4bb003e9{null,[]}{0.0.0.0:0} added {ScheduledExecutorScheduler@12aa4996{STOPPED},AUTO}
17:34:13.874 [main] DEBUG o.e.j.u.component.ContainerLifeCycle - ServerConnector@4bb003e9{null,[]}{0.0.0.0:0} added {org.eclipse.jetty.io.ArrayByteBufferPool@18eec010,POJO}
17:34:13.875 [main] DEBUG o.e.j.u.component.ContainerLifeCycle - ServerConnector@4bb003e9{null,[http/1.1]}{0.0.0.0:0} added {HttpConnectionFactory@39e67516[HTTP/1.1],AUTO}
17:34:13.875 [main] DEBUG o.e.jetty.server.AbstractConnector - ServerConnector@4bb003e9{HTTP/1.1,[http/1.1]}{0.0.0.0:0} added HttpConnectionFactory@39e67516[HTTP/1.1]
17:34:13.875 [main] DEBUG o.e.j.u.component.ContainerLifeCycle - ServerConnector@4bb003e9{HTTP/1.1,[http/1.1]}{0.0.0.0:0} added {SelectorManager@ServerConnector@4bb003e9{HTTP/1.1,[http/1.1]}{0.0.0.0:0},MANAGED}
17:34:13.875 [main] DEBUG o.e.j.u.component.ContainerLifeCycle - Server@43034809{STOPPED}[9.4.17.v20190418] added {ServerConnector@4bb003e9{HTTP/1.1,[http/1.1]}{0.0.0.0:9998},AUTO}
17:34:13.875 [main] DEBUG o.e.j.u.component.ContainerLifeCycle - Server@43034809{STOPPED}[9.4.17.v20190418] added {JettyHttpContainer@67c119b7{STOPPED},MANAGED}
17:34:13.875 [main] DEBUG o.e.j.u.component.AbstractLifeCycle - starting Server@43034809{STOPPED}[9.4.17.v20190418]
17:34:13.875 [main] DEBUG o.e.j.u.component.ContainerLifeCycle - Server@43034809{STARTING}[9.4.17.v20190418] added {ErrorHandler@2ca5f1ed{STOPPED},AUTO}
17:34:13.875 [main] INFO  org.eclipse.jetty.server.Server - jetty-9.4.17.v20190418; built: 2019-04-18T19:45:35.259Z; git: aa1c656c315c011c01e7b21aabb04066635b9f67; jvm 1.8.0_261-b12
17:34:13.875 [main] DEBUG o.e.j.server.handler.AbstractHandler - starting Server@43034809{STARTING}[9.4.17.v20190418]
17:34:13.875 [main] DEBUG o.e.j.u.component.AbstractLifeCycle - starting JettyConnectorThreadPool[qtp2081952435]@7c1812b3{STOPPED,8<=0<=200,i=0,q=0}[org.eclipse.jetty.util.thread.TryExecutor$$Lambda$157/1967617997@759fad4]
17:34:13.875 [main] DEBUG o.e.j.u.t.ReservedThreadExecutor - ReservedThreadExecutor@6c03fb16{s=0/4,p=0}
17:34:13.876 [main] DEBUG o.e.j.u.component.ContainerLifeCycle - JettyConnectorThreadPool[qtp2081952435]@7c1812b3{STARTING,8<=0<=200,i=0,q=0}[ReservedThreadExecutor@6c03fb16{s=0/4,p=0}] added {ReservedThreadExecutor@6c03fb16{s=0/4,p=0},AUTO}
17:34:13.876 [main] DEBUG o.e.j.u.component.AbstractLifeCycle - starting ReservedThreadExecutor@6c03fb16{s=0/4,p=0}
17:34:13.876 [main] DEBUG o.e.j.u.component.AbstractLifeCycle - STARTED @4527ms ReservedThreadExecutor@6c03fb16{s=0/4,p=0}
17:34:13.876 [main] DEBUG o.e.j.util.thread.QueuedThreadPool - Starting Thread[qtp2081952435-49,5,main]
17:34:13.880 [main] DEBUG o.e.j.util.thread.QueuedThreadPool - Starting Thread[qtp2081952435-50,5,main]
17:34:13.885 [main] DEBUG o.e.j.util.thread.QueuedThreadPool - Starting Thread[qtp2081952435-51,5,main]
17:34:13.886 [main] DEBUG o.e.j.util.thread.QueuedThreadPool - Starting Thread[qtp2081952435-52,5,main]
17:34:13.886 [main] DEBUG o.e.j.util.thread.QueuedThreadPool - Starting Thread[qtp2081952435-53,5,main]
17:34:13.886 [main] DEBUG o.e.j.util.thread.QueuedThreadPool - Starting Thread[qtp2081952435-54,5,main]
17:34:13.887 [main] DEBUG o.e.j.util.thread.QueuedThreadPool - Starting Thread[qtp2081952435-55,5,main]
17:34:13.887 [main] DEBUG o.e.j.util.thread.QueuedThreadPool - Starting Thread[qtp2081952435-56,5,main]
17:34:13.887 [main] DEBUG o.e.j.u.component.AbstractLifeCycle - STARTED @4539ms JettyConnectorThreadPool[qtp2081952435]@7c1812b3{STARTED,8<=8<=200,i=7,q=0}[ReservedThreadExecutor@6c03fb16{s=0/4,p=0}]
17:34:13.888 [main] DEBUG o.e.j.u.component.AbstractLifeCycle - starting JettyHttpContainer@67c119b7{STOPPED}
17:34:13.888 [main] DEBUG o.e.j.server.handler.AbstractHandler - starting JettyHttpContainer@67c119b7{STARTING}
17:34:13.888 [main] DEBUG o.e.j.u.component.AbstractLifeCycle - STARTED @4539ms JettyHttpContainer@67c119b7{STARTED}
17:34:13.888 [main] DEBUG o.e.j.u.component.AbstractLifeCycle - starting ErrorHandler@2ca5f1ed{STOPPED}
17:34:13.888 [main] DEBUG o.e.j.server.handler.AbstractHandler - starting ErrorHandler@2ca5f1ed{STARTING}
17:34:13.888 [main] DEBUG o.e.j.u.component.AbstractLifeCycle - STARTED @4540ms ErrorHandler@2ca5f1ed{STARTED}
17:34:13.888 [main] DEBUG o.e.j.u.component.AbstractLifeCycle - starting ServerConnector@4bb003e9{HTTP/1.1,[http/1.1]}{0.0.0.0:9998}
17:34:13.888 [main] DEBUG o.e.j.u.component.ContainerLifeCycle - ServerConnector@4bb003e9{HTTP/1.1,[http/1.1]}{0.0.0.0:9998} added {sun.nio.ch.ServerSocketChannelImpl[/0:0:0:0:0:0:0:0:9998],POJO}
17:34:13.889 [main] DEBUG o.e.j.u.component.AbstractLifeCycle - starting ScheduledExecutorScheduler@12aa4996{STOPPED}
17:34:13.889 [main] DEBUG o.e.j.u.component.AbstractLifeCycle - STARTED @4540ms ScheduledExecutorScheduler@12aa4996{STARTED}
17:34:13.889 [main] DEBUG o.e.j.u.component.AbstractLifeCycle - starting HttpConnectionFactory@39e67516[HTTP/1.1]
17:34:13.889 [main] DEBUG o.e.j.u.component.AbstractLifeCycle - STARTED @4540ms HttpConnectionFactory@39e67516[HTTP/1.1]
17:34:13.889 [main] DEBUG o.e.j.u.component.AbstractLifeCycle - starting SelectorManager@ServerConnector@4bb003e9{HTTP/1.1,[http/1.1]}{0.0.0.0:9998}
17:34:13.889 [main] DEBUG o.e.j.u.component.ContainerLifeCycle - EatWhatYouKill@3e7545e8/SelectorProducer@75e710b/IDLE/p=false/JettyConnectorThreadPool[qtp2081952435]@7c1812b3{STARTED,8<=8<=200,i=8,q=0}[ReservedThreadExecutor@6c03fb16{s=0/4,p=0}][pc=0,pic=0,pec=0,epc=0]@2020-09-27T17:34:13.889+01:00 added {SelectorProducer@75e710b,POJO}
17:34:13.890 [main] DEBUG o.e.j.u.component.ContainerLifeCycle - EatWhatYouKill@3e7545e8/SelectorProducer@75e710b/IDLE/p=false/JettyConnectorThreadPool[qtp2081952435]@7c1812b3{STARTED,8<=8<=200,i=8,q=0}[ReservedThreadExecutor@6c03fb16{s=0/4,p=0}][pc=0,pic=0,pec=0,epc=0]@2020-09-27T17:34:13.889+01:00 added {JettyConnectorThreadPool[qtp2081952435]@7c1812b3{STARTED,8<=8<=200,i=8,q=0}[ReservedThreadExecutor@6c03fb16{s=0/4,p=0}],UNMANAGED}
17:34:13.890 [main] DEBUG o.e.j.u.t.strategy.EatWhatYouKill - EatWhatYouKill@3e7545e8/SelectorProducer@75e710b/IDLE/p=false/JettyConnectorThreadPool[qtp2081952435]@7c1812b3{STARTED,8<=8<=200,i=8,q=0}[ReservedThreadExecutor@6c03fb16{s=0/4,p=0}][pc=0,pic=0,pec=0,epc=0]@2020-09-27T17:34:13.89+01:00 created
17:34:13.890 [main] DEBUG o.e.j.u.component.ContainerLifeCycle - ManagedSelector@26f7cdf8{STOPPED} id=0 keys=-1 selected=-1 updates=0 added {EatWhatYouKill@3e7545e8/SelectorProducer@75e710b/IDLE/p=false/JettyConnectorThreadPool[qtp2081952435]@7c1812b3{STARTED,8<=8<=200,i=8,q=0}[ReservedThreadExecutor@6c03fb16{s=0/4,p=0}][pc=0,pic=0,pec=0,epc=0]@2020-09-27T17:34:13.89+01:00,MANAGED}
17:34:13.890 [main] DEBUG o.e.j.u.component.ContainerLifeCycle - SelectorManager@ServerConnector@4bb003e9{HTTP/1.1,[http/1.1]}{0.0.0.0:9998} added {ManagedSelector@26f7cdf8{STOPPED} id=0 keys=-1 selected=-1 updates=0,AUTO}
17:34:13.891 [main] DEBUG o.e.j.u.component.ContainerLifeCycle - EatWhatYouKill@376e7531/SelectorProducer@23202c31/IDLE/p=false/JettyConnectorThreadPool[qtp2081952435]@7c1812b3{STARTED,8<=8<=200,i=8,q=0}[ReservedThreadExecutor@6c03fb16{s=0/4,p=0}][pc=0,pic=0,pec=0,epc=0]@2020-09-27T17:34:13.891+01:00 added {SelectorProducer@23202c31,POJO}
17:34:13.891 [main] DEBUG o.e.j.u.component.ContainerLifeCycle - EatWhatYouKill@376e7531/SelectorProducer@23202c31/IDLE/p=false/JettyConnectorThreadPool[qtp2081952435]@7c1812b3{STARTED,8<=8<=200,i=8,q=0}[ReservedThreadExecutor@6c03fb16{s=0/4,p=0}][pc=0,pic=0,pec=0,epc=0]@2020-09-27T17:34:13.891+01:00 added {JettyConnectorThreadPool[qtp2081952435]@7c1812b3{STARTED,8<=8<=200,i=8,q=0}[ReservedThreadExecutor@6c03fb16{s=0/4,p=0}],UNMANAGED}
17:34:13.891 [main] DEBUG o.e.j.u.t.strategy.EatWhatYouKill - EatWhatYouKill@376e7531/SelectorProducer@23202c31/IDLE/p=false/JettyConnectorThreadPool[qtp2081952435]@7c1812b3{STARTED,8<=8<=200,i=8,q=0}[ReservedThreadExecutor@6c03fb16{s=0/4,p=0}][pc=0,pic=0,pec=0,epc=0]@2020-09-27T17:34:13.891+01:00 created
17:34:13.892 [main] DEBUG o.e.j.u.component.ContainerLifeCycle - ManagedSelector@5782d777{STOPPED} id=1 keys=-1 selected=-1 updates=0 added {EatWhatYouKill@376e7531/SelectorProducer@23202c31/IDLE/p=false/JettyConnectorThreadPool[qtp2081952435]@7c1812b3{STARTED,8<=8<=200,i=8,q=0}[ReservedThreadExecutor@6c03fb16{s=0/4,p=0}][pc=0,pic=0,pec=0,epc=0]@2020-09-27T17:34:13.892+01:00,MANAGED}
17:34:13.894 [main] DEBUG o.e.j.u.component.ContainerLifeCycle - SelectorManager@ServerConnector@4bb003e9{HTTP/1.1,[http/1.1]}{0.0.0.0:9998} added {ManagedSelector@5782d777{STOPPED} id=1 keys=-1 selected=-1 updates=0,AUTO}
17:34:13.895 [main] DEBUG o.e.j.u.component.AbstractLifeCycle - starting ManagedSelector@26f7cdf8{STOPPED} id=0 keys=-1 selected=-1 updates=0
17:34:13.897 [main] DEBUG o.e.j.u.component.AbstractLifeCycle - starting EatWhatYouKill@3e7545e8/SelectorProducer@75e710b/IDLE/p=false/JettyConnectorThreadPool[qtp2081952435]@7c1812b3{STARTED,8<=8<=200,i=8,q=0}[ReservedThreadExecutor@6c03fb16{s=0/4,p=0}][pc=0,pic=0,pec=0,epc=0]@2020-09-27T17:34:13.897+01:00
17:34:13.898 [main] DEBUG o.e.j.u.component.AbstractLifeCycle - STARTED @4549ms EatWhatYouKill@3e7545e8/SelectorProducer@75e710b/IDLE/p=false/JettyConnectorThreadPool[qtp2081952435]@7c1812b3{STARTED,8<=8<=200,i=8,q=0}[ReservedThreadExecutor@6c03fb16{s=0/4,p=0}][pc=0,pic=0,pec=0,epc=0]@2020-09-27T17:34:13.898+01:00
17:34:13.898 [main] DEBUG o.e.j.util.thread.QueuedThreadPool - queue org.eclipse.jetty.io.ManagedSelector$$Lambda$175/1736293769@4f824872
17:34:13.899 [qtp2081952435-49] DEBUG o.e.j.util.thread.QueuedThreadPool - run org.eclipse.jetty.io.ManagedSelector$$Lambda$175/1736293769@4f824872
17:34:13.899 [main] DEBUG org.eclipse.jetty.io.ManagedSelector - Queued change org.eclipse.jetty.io.ManagedSelector$Start@b016b4e on ManagedSelector@26f7cdf8{STARTING} id=0 keys=0 selected=0 updates=0
17:34:13.900 [qtp2081952435-49] DEBUG o.e.j.u.t.strategy.EatWhatYouKill - EatWhatYouKill@3e7545e8/SelectorProducer@75e710b/IDLE/p=false/JettyConnectorThreadPool[qtp2081952435]@7c1812b3{STARTED,8<=8<=200,i=7,q=0}[ReservedThreadExecutor@6c03fb16{s=0/4,p=0}][pc=0,pic=0,pec=0,epc=0]@2020-09-27T17:34:13.9+01:00 tryProduce false
17:34:13.901 [qtp2081952435-49] DEBUG org.eclipse.jetty.io.ManagedSelector - updateable 1
17:34:13.901 [qtp2081952435-49] DEBUG org.eclipse.jetty.io.ManagedSelector - update org.eclipse.jetty.io.ManagedSelector$Start@b016b4e
17:34:13.901 [qtp2081952435-49] DEBUG org.eclipse.jetty.io.ManagedSelector - updates 0
17:34:13.901 [qtp2081952435-49] DEBUG org.eclipse.jetty.io.ManagedSelector - Selector sun.nio.ch.KQueueSelectorImpl@1a43d35e waiting with 0 keys
17:34:13.901 [main] DEBUG o.e.j.u.component.AbstractLifeCycle - STARTED @4552ms ManagedSelector@26f7cdf8{STARTED} id=0 keys=0 selected=0 updates=0
17:34:13.901 [main] DEBUG o.e.j.u.component.AbstractLifeCycle - starting ManagedSelector@5782d777{STOPPED} id=1 keys=-1 selected=-1 updates=0
17:34:13.901 [main] DEBUG o.e.j.u.component.AbstractLifeCycle - starting EatWhatYouKill@376e7531/SelectorProducer@23202c31/IDLE/p=false/JettyConnectorThreadPool[qtp2081952435]@7c1812b3{STARTED,8<=8<=200,i=7,q=0}[ReservedThreadExecutor@6c03fb16{s=0/4,p=0}][pc=0,pic=0,pec=0,epc=0]@2020-09-27T17:34:13.901+01:00
17:34:13.902 [main] DEBUG o.e.j.u.component.AbstractLifeCycle - STARTED @4553ms EatWhatYouKill@376e7531/SelectorProducer@23202c31/IDLE/p=false/JettyConnectorThreadPool[qtp2081952435]@7c1812b3{STARTED,8<=8<=200,i=7,q=0}[ReservedThreadExecutor@6c03fb16{s=0/4,p=0}][pc=0,pic=0,pec=0,epc=0]@2020-09-27T17:34:13.902+01:00
17:34:13.902 [main] DEBUG o.e.j.util.thread.QueuedThreadPool - queue org.eclipse.jetty.io.ManagedSelector$$Lambda$175/1736293769@29629fbb
17:34:13.902 [main] DEBUG org.eclipse.jetty.io.ManagedSelector - Queued change org.eclipse.jetty.io.ManagedSelector$Start@681adc8f on ManagedSelector@5782d777{STARTING} id=1 keys=0 selected=0 updates=0
17:34:13.902 [qtp2081952435-50] DEBUG o.e.j.util.thread.QueuedThreadPool - run org.eclipse.jetty.io.ManagedSelector$$Lambda$175/1736293769@29629fbb
17:34:13.902 [qtp2081952435-50] DEBUG o.e.j.u.t.strategy.EatWhatYouKill - EatWhatYouKill@376e7531/SelectorProducer@23202c31/IDLE/p=false/JettyConnectorThreadPool[qtp2081952435]@7c1812b3{STARTED,8<=8<=200,i=6,q=0}[ReservedThreadExecutor@6c03fb16{s=0/4,p=0}][pc=0,pic=0,pec=0,epc=0]@2020-09-27T17:34:13.902+01:00 tryProduce false
17:34:13.902 [qtp2081952435-50] DEBUG org.eclipse.jetty.io.ManagedSelector - updateable 1
17:34:13.902 [qtp2081952435-50] DEBUG org.eclipse.jetty.io.ManagedSelector - update org.eclipse.jetty.io.ManagedSelector$Start@681adc8f
17:34:13.902 [qtp2081952435-50] DEBUG org.eclipse.jetty.io.ManagedSelector - updates 0
17:34:13.903 [qtp2081952435-50] DEBUG org.eclipse.jetty.io.ManagedSelector - Selector sun.nio.ch.KQueueSelectorImpl@743f2219 waiting with 0 keys
17:34:13.903 [main] DEBUG o.e.j.u.component.AbstractLifeCycle - STARTED @4554ms ManagedSelector@5782d777{STARTED} id=1 keys=0 selected=0 updates=0
17:34:13.903 [main] DEBUG o.e.j.u.component.AbstractLifeCycle - STARTED @4554ms SelectorManager@ServerConnector@4bb003e9{HTTP/1.1,[http/1.1]}{0.0.0.0:9998}
17:34:13.903 [main] DEBUG o.e.j.u.component.ContainerLifeCycle - ServerConnector@4bb003e9{HTTP/1.1,[http/1.1]}{0.0.0.0:9998} added {acceptor-0@3506d826,POJO}
17:34:13.903 [main] DEBUG o.e.j.util.thread.QueuedThreadPool - queue acceptor-0@3506d826
17:34:13.903 [main] INFO  o.e.jetty.server.AbstractConnector - Started ServerConnector@4bb003e9{HTTP/1.1,[http/1.1]}{0.0.0.0:9998}
17:34:13.903 [qtp2081952435-51] DEBUG o.e.j.util.thread.QueuedThreadPool - run acceptor-0@3506d826
17:34:13.903 [main] DEBUG o.e.j.u.component.AbstractLifeCycle - STARTED @4555ms ServerConnector@4bb003e9{HTTP/1.1,[http/1.1]}{0.0.0.0:9998}
17:34:13.904 [main] INFO  org.eclipse.jetty.server.Server - Started @4555ms
17:34:13.904 [main] DEBUG o.e.j.u.component.AbstractLifeCycle - STARTED @4556ms Server@43034809{STARTED}[9.4.17.v20190418]
17:34:13.942 [qtp2081952435-51-acceptor-0@3506d826-ServerConnector@4bb003e9{HTTP/1.1,[http/1.1]}{0.0.0.0:9998}] DEBUG org.eclipse.jetty.io.ManagedSelector - Queued change org.eclipse.jetty.io.ManagedSelector$Accept@1c2b049e on ManagedSelector@5782d777{STARTED} id=1 keys=0 selected=0 updates=0
17:34:13.942 [qtp2081952435-51-acceptor-0@3506d826-ServerConnector@4bb003e9{HTTP/1.1,[http/1.1]}{0.0.0.0:9998}] DEBUG org.eclipse.jetty.io.ManagedSelector - Wakeup on submit ManagedSelector@5782d777{STARTED} id=1 keys=0 selected=0 updates=1
17:34:13.942 [qtp2081952435-50] DEBUG org.eclipse.jetty.io.ManagedSelector - Selector sun.nio.ch.KQueueSelectorImpl@743f2219 woken with none selected
17:34:13.942 [qtp2081952435-50] DEBUG org.eclipse.jetty.io.ManagedSelector - Selector sun.nio.ch.KQueueSelectorImpl@743f2219 woken up from select, 0/0/0 selected
17:34:13.942 [qtp2081952435-50] DEBUG org.eclipse.jetty.io.ManagedSelector - Selector sun.nio.ch.KQueueSelectorImpl@743f2219 processing 0 keys, 1 updates
17:34:13.942 [qtp2081952435-50] DEBUG org.eclipse.jetty.io.ManagedSelector - updateable 1
17:34:13.942 [qtp2081952435-50] DEBUG org.eclipse.jetty.io.ManagedSelector - update org.eclipse.jetty.io.ManagedSelector$Accept@1c2b049e
17:34:13.943 [qtp2081952435-50] DEBUG o.e.j.util.thread.QueuedThreadPool - queue org.eclipse.jetty.io.ManagedSelector$Accept@1c2b049e
17:34:13.943 [qtp2081952435-50] DEBUG org.eclipse.jetty.io.ManagedSelector - updates 0
17:34:13.943 [qtp2081952435-50] DEBUG org.eclipse.jetty.io.ManagedSelector - Selector sun.nio.ch.KQueueSelectorImpl@743f2219 waiting with 1 keys
17:34:13.943 [qtp2081952435-52] DEBUG o.e.j.util.thread.QueuedThreadPool - run org.eclipse.jetty.io.ManagedSelector$Accept@1c2b049e
17:34:13.943 [qtp2081952435-52] DEBUG org.eclipse.jetty.io.IdleTimeout - SocketChannelEndPoint@76801937{/127.0.0.1:55186<->/127.0.0.1:9998,OPEN,fill=-,flush=-,to=0/30000}{io=0/0,kio=0,kro=0}-><null> idle timeout check, elapsed: 0 ms, remaining: 30000 ms
17:34:13.944 [qtp2081952435-52] DEBUG org.eclipse.jetty.server.HttpChannel - new HttpChannelOverHttp@7c787247{r=0,c=false,c=false/false,a=IDLE,uri=null,age=0} -> SocketChannelEndPoint@76801937{/127.0.0.1:55186<->/127.0.0.1:9998,OPEN,fill=-,flush=-,to=0/30000}{io=0/0,kio=0,kro=0}-><null>,null,HttpChannelState@397af3ac{s=IDLE a=NOT_ASYNC i=true r=IDLE w=false}
17:34:13.944 [qtp2081952435-52] DEBUG o.e.jetty.server.HttpConnection - New HTTP Connection HttpConnection@4fc51c15::SocketChannelEndPoint@76801937{/127.0.0.1:55186<->/127.0.0.1:9998,OPEN,fill=-,flush=-,to=1/30000}{io=0/0,kio=0,kro=0}-><null>
17:34:13.944 [qtp2081952435-52] DEBUG o.eclipse.jetty.io.AbstractEndPoint - onOpen SocketChannelEndPoint@76801937{/127.0.0.1:55186<->/127.0.0.1:9998,OPEN,fill=-,flush=-,to=1/30000}{io=0/0,kio=0,kro=0}->HttpConnection@4fc51c15[p=HttpParser{s=START,0 of -1},g=HttpGenerator@809cf3b{s=START}]=>HttpChannelOverHttp@7c787247{r=0,c=false,c=false/false,a=IDLE,uri=null,age=0}
17:34:13.944 [qtp2081952435-52] DEBUG o.e.jetty.io.AbstractConnection - onOpen HttpConnection@4fc51c15::SocketChannelEndPoint@76801937{/127.0.0.1:55186<->/127.0.0.1:9998,OPEN,fill=-,flush=-,to=1/30000}{io=0/0,kio=0,kro=0}->HttpConnection@4fc51c15[p=HttpParser{s=START,0 of -1},g=HttpGenerator@809cf3b{s=START}]=>HttpChannelOverHttp@7c787247{r=0,c=false,c=false/false,a=IDLE,uri=null,age=0}
17:34:13.945 [qtp2081952435-52] DEBUG o.e.jetty.io.AbstractConnection - fillInterested HttpConnection@4fc51c15::SocketChannelEndPoint@76801937{/127.0.0.1:55186<->/127.0.0.1:9998,OPEN,fill=-,flush=-,to=2/30000}{io=0/0,kio=0,kro=0}->HttpConnection@4fc51c15[p=HttpParser{s=START,0 of -1},g=HttpGenerator@809cf3b{s=START}]=>HttpChannelOverHttp@7c787247{r=0,c=false,c=false/false,a=IDLE,uri=null,age=0}
17:34:13.945 [qtp2081952435-52] DEBUG org.eclipse.jetty.io.FillInterest - interested FillInterest@375c7e37{AC.ReadCB@4fc51c15{HttpConnection@4fc51c15::SocketChannelEndPoint@76801937{/127.0.0.1:55186<->/127.0.0.1:9998,OPEN,fill=FI,flush=-,to=0/30000}{io=0/0,kio=0,kro=0}->HttpConnection@4fc51c15[p=HttpParser{s=START,0 of -1},g=HttpGenerator@809cf3b{s=START}]=>HttpChannelOverHttp@7c787247{r=0,c=false,c=false/false,a=IDLE,uri=null,age=0}}}
17:34:13.945 [qtp2081952435-52] DEBUG org.eclipse.jetty.io.ChannelEndPoint - changeInterests p=false 0->1 for SocketChannelEndPoint@76801937{/127.0.0.1:55186<->/127.0.0.1:9998,OPEN,fill=FI,flush=-,to=0/30000}{io=0/1,kio=0,kro=0}->HttpConnection@4fc51c15[p=HttpParser{s=START,0 of -1},g=HttpGenerator@809cf3b{s=START}]=>HttpChannelOverHttp@7c787247{r=0,c=false,c=false/false,a=IDLE,uri=null,age=0}
17:34:13.945 [qtp2081952435-52] DEBUG org.eclipse.jetty.io.ManagedSelector - Queued change org.eclipse.jetty.io.ChannelEndPoint$1@59550ce3 on ManagedSelector@5782d777{STARTED} id=1 keys=1 selected=0 updates=0
17:34:13.945 [qtp2081952435-52] DEBUG org.eclipse.jetty.io.ManagedSelector - Wakeup on submit ManagedSelector@5782d777{STARTED} id=1 keys=1 selected=0 updates=1
17:34:13.945 [qtp2081952435-50] DEBUG org.eclipse.jetty.io.ManagedSelector - Selector sun.nio.ch.KQueueSelectorImpl@743f2219 woken with none selected
17:34:13.945 [qtp2081952435-50] DEBUG org.eclipse.jetty.io.ManagedSelector - Selector sun.nio.ch.KQueueSelectorImpl@743f2219 woken up from select, 0/0/1 selected
17:34:13.945 [qtp2081952435-50] DEBUG org.eclipse.jetty.io.ManagedSelector - Selector sun.nio.ch.KQueueSelectorImpl@743f2219 processing 0 keys, 1 updates
17:34:13.945 [qtp2081952435-52] DEBUG org.eclipse.jetty.io.ManagedSelector - Created SocketChannelEndPoint@76801937{/127.0.0.1:55186<->/127.0.0.1:9998,OPEN,fill=FI,flush=-,to=0/30000}{io=0/1,kio=0,kro=0}->HttpConnection@4fc51c15[p=HttpParser{s=START,0 of -1},g=HttpGenerator@809cf3b{s=START}]=>HttpChannelOverHttp@7c787247{r=0,c=false,c=false/false,a=IDLE,uri=null,age=0}
17:34:13.946 [qtp2081952435-52] DEBUG o.e.j.util.thread.QueuedThreadPool - ran org.eclipse.jetty.io.ManagedSelector$Accept@1c2b049e
17:34:13.946 [qtp2081952435-50] DEBUG org.eclipse.jetty.io.ManagedSelector - updateable 1
17:34:13.946 [qtp2081952435-50] DEBUG org.eclipse.jetty.io.ManagedSelector - update org.eclipse.jetty.io.ChannelEndPoint$1@59550ce3
17:34:13.946 [qtp2081952435-50] DEBUG org.eclipse.jetty.io.ChannelEndPoint - Key interests updated 0 -> 1 on SocketChannelEndPoint@76801937{/127.0.0.1:55186<->/127.0.0.1:9998,OPEN,fill=FI,flush=-,to=1/30000}{io=1/1,kio=1,kro=0}->HttpConnection@4fc51c15[p=HttpParser{s=START,0 of -1},g=HttpGenerator@809cf3b{s=START}]=>HttpChannelOverHttp@7c787247{r=0,c=false,c=false/false,a=IDLE,uri=null,age=0}
17:34:13.946 [qtp2081952435-50] DEBUG org.eclipse.jetty.io.ManagedSelector - updates 0
17:34:13.946 [qtp2081952435-50] DEBUG org.eclipse.jetty.io.ManagedSelector - Selector sun.nio.ch.KQueueSelectorImpl@743f2219 waiting with 1 keys
17:34:13.946 [qtp2081952435-50] DEBUG org.eclipse.jetty.io.ManagedSelector - Selector sun.nio.ch.KQueueSelectorImpl@743f2219 woken up from select, 1/1/1 selected
17:34:13.946 [qtp2081952435-50] DEBUG org.eclipse.jetty.io.ManagedSelector - Selector sun.nio.ch.KQueueSelectorImpl@743f2219 processing 1 keys, 0 updates
17:34:13.946 [qtp2081952435-50] DEBUG org.eclipse.jetty.io.ManagedSelector - selected 1 sun.nio.ch.SelectionKeyImpl@7af8c2ee SocketChannelEndPoint@76801937{/127.0.0.1:55186<->/127.0.0.1:9998,OPEN,fill=FI,flush=-,to=1/30000}{io=1/1,kio=1,kro=1}->HttpConnection@4fc51c15[p=HttpParser{s=START,0 of -1},g=HttpGenerator@809cf3b{s=START}]=>HttpChannelOverHttp@7c787247{r=0,c=false,c=false/false,a=IDLE,uri=null,age=0} 
17:34:13.947 [qtp2081952435-50] DEBUG org.eclipse.jetty.io.ChannelEndPoint - onSelected 1->0 r=true w=false for SocketChannelEndPoint@76801937{/127.0.0.1:55186<->/127.0.0.1:9998,OPEN,fill=FI,flush=-,to=1/30000}{io=1/0,kio=1,kro=1}->HttpConnection@4fc51c15[p=HttpParser{s=START,0 of -1},g=HttpGenerator@809cf3b{s=START}]=>HttpChannelOverHttp@7c787247{r=0,c=false,c=false/false,a=IDLE,uri=null,age=0}
17:34:13.947 [qtp2081952435-50] DEBUG org.eclipse.jetty.io.ChannelEndPoint - task CEP:SocketChannelEndPoint@76801937{/127.0.0.1:55186<->/127.0.0.1:9998,OPEN,fill=FI,flush=-,to=2/30000}{io=1/0,kio=1,kro=1}->HttpConnection@4fc51c15[p=HttpParser{s=START,0 of -1},g=HttpGenerator@809cf3b{s=START}]=>HttpChannelOverHttp@7c787247{r=0,c=false,c=false/false,a=IDLE,uri=null,age=0}:runFillable:BLOCKING
17:34:13.947 [qtp2081952435-50] DEBUG o.e.j.u.t.ReservedThreadExecutor - ReservedThreadExecutor@6c03fb16{s=0/4,p=0} tryExecute EatWhatYouKill@376e7531/SelectorProducer@23202c31/PRODUCING/p=false/JettyConnectorThreadPool[qtp2081952435]@7c1812b3{STARTED,8<=8<=200,i=5,q=0}[ReservedThreadExecutor@6c03fb16{s=0/4,p=0}][pc=0,pic=0,pec=0,epc=0]@2020-09-27T17:34:13.947+01:00
17:34:13.947 [qtp2081952435-50] DEBUG o.e.j.u.t.ReservedThreadExecutor - ReservedThreadExecutor@6c03fb16{s=0/4,p=1} startReservedThread p=1
17:34:13.947 [qtp2081952435-50] DEBUG o.e.j.util.thread.QueuedThreadPool - queue ReservedThreadExecutor@6c03fb16{s=0/4,p=1}@7ec74969
17:34:13.948 [qtp2081952435-53] DEBUG o.e.j.util.thread.QueuedThreadPool - run ReservedThreadExecutor@6c03fb16{s=0/4,p=1}@7ec74969
17:34:13.948 [qtp2081952435-53] DEBUG o.e.j.u.t.ReservedThreadExecutor - ReservedThreadExecutor@6c03fb16{s=1/4,p=1}@7ec74969 started
17:34:13.948 [qtp2081952435-53] DEBUG o.e.j.u.t.ReservedThreadExecutor - ReservedThreadExecutor@6c03fb16{s=1/4,p=0}@7ec74969 waiting
17:34:13.948 [qtp2081952435-50] DEBUG o.e.j.u.t.strategy.EatWhatYouKill - EatWhatYouKill@376e7531/SelectorProducer@23202c31/PRODUCING/p=false/JettyConnectorThreadPool[qtp2081952435]@7c1812b3{STARTED,8<=8<=200,i=4,q=0}[ReservedThreadExecutor@6c03fb16{s=0/4,p=1}][pc=0,pic=0,pec=0,epc=0]@2020-09-27T17:34:13.948+01:00 m=PRODUCE_EXECUTE_CONSUME t=CEP:SocketChannelEndPoint@76801937{/127.0.0.1:55186<->/127.0.0.1:9998,OPEN,fill=FI,flush=-,to=3/30000}{io=1/0,kio=1,kro=1}->HttpConnection@4fc51c15[p=HttpParser{s=START,0 of -1},g=HttpGenerator@809cf3b{s=START}]=>HttpChannelOverHttp@7c787247{r=0,c=false,c=false/false,a=IDLE,uri=null,age=0}:runFillable:BLOCKING/BLOCKING
17:34:13.948 [qtp2081952435-50] DEBUG o.e.j.util.thread.QueuedThreadPool - queue CEP:SocketChannelEndPoint@76801937{/127.0.0.1:55186<->/127.0.0.1:9998,OPEN,fill=FI,flush=-,to=3/30000}{io=1/0,kio=1,kro=1}->HttpConnection@4fc51c15[p=HttpParser{s=START,0 of -1},g=HttpGenerator@809cf3b{s=START}]=>HttpChannelOverHttp@7c787247{r=0,c=false,c=false/false,a=IDLE,uri=null,age=0}:runFillable:BLOCKING
17:34:13.948 [qtp2081952435-50] DEBUG org.eclipse.jetty.io.ManagedSelector - updateable 0
17:34:13.948 [qtp2081952435-50] DEBUG org.eclipse.jetty.io.ManagedSelector - updates 0
17:34:13.948 [qtp2081952435-54] DEBUG o.e.j.util.thread.QueuedThreadPool - run CEP:SocketChannelEndPoint@76801937{/127.0.0.1:55186<->/127.0.0.1:9998,OPEN,fill=FI,flush=-,to=3/30000}{io=0/0,kio=0,kro=1}->HttpConnection@4fc51c15[p=HttpParser{s=START,0 of -1},g=HttpGenerator@809cf3b{s=START}]=>HttpChannelOverHttp@7c787247{r=0,c=false,c=false/false,a=IDLE,uri=null,age=0}:runFillable:BLOCKING
17:34:13.948 [qtp2081952435-50] DEBUG org.eclipse.jetty.io.ChannelEndPoint - Key interests updated 1 -> 0 on SocketChannelEndPoint@76801937{/127.0.0.1:55186<->/127.0.0.1:9998,OPEN,fill=FI,flush=-,to=3/30000}{io=0/0,kio=0,kro=1}->HttpConnection@4fc51c15[p=HttpParser{s=START,0 of -1},g=HttpGenerator@809cf3b{s=START}]=>HttpChannelOverHttp@7c787247{r=0,c=false,c=false/false,a=IDLE,uri=null,age=0}
17:34:13.949 [qtp2081952435-50] DEBUG org.eclipse.jetty.io.ManagedSelector - Selector sun.nio.ch.KQueueSelectorImpl@743f2219 waiting with 1 keys
17:34:13.949 [qtp2081952435-54] DEBUG org.eclipse.jetty.io.FillInterest - fillable FillInterest@375c7e37{AC.ReadCB@4fc51c15{HttpConnection@4fc51c15::SocketChannelEndPoint@76801937{/127.0.0.1:55186<->/127.0.0.1:9998,OPEN,fill=FI,flush=-,to=4/30000}{io=0/0,kio=0,kro=1}->HttpConnection@4fc51c15[p=HttpParser{s=START,0 of -1},g=HttpGenerator@809cf3b{s=START}]=>HttpChannelOverHttp@7c787247{r=0,c=false,c=false/false,a=IDLE,uri=null,age=0}}}
17:34:13.949 [qtp2081952435-54] DEBUG o.e.jetty.server.HttpConnection - HttpConnection@4fc51c15::SocketChannelEndPoint@76801937{/127.0.0.1:55186<->/127.0.0.1:9998,OPEN,fill=-,flush=-,to=4/30000}{io=0/0,kio=0,kro=1}->HttpConnection@4fc51c15[p=HttpParser{s=START,0 of -1},g=HttpGenerator@809cf3b{s=START}]=>HttpChannelOverHttp@7c787247{r=0,c=false,c=false/false,a=IDLE,uri=null,age=0} onFillable enter HttpChannelState@397af3ac{s=IDLE a=NOT_ASYNC i=true r=IDLE w=false} null
17:34:13.949 [qtp2081952435-54] DEBUG org.eclipse.jetty.io.ChannelEndPoint - filled 312 HeapByteBuffer@3e72f6ad[p=0,l=312,c=8192,r=312]={<<<POST /contact HTT...+39 02 123456"}>>>\x00\x00\x00\x00\x00\x00\x00\x00\x00\x00\x00\x00\x00\x00\x00\x00\x00...\x00\x00\x00\x00\x00\x00\x00\x00\x00\x00\x00\x00\x00\x00\x00}
17:34:13.949 [qtp2081952435-54] DEBUG o.e.jetty.server.HttpConnection - HttpConnection@4fc51c15::SocketChannelEndPoint@76801937{/127.0.0.1:55186<->/127.0.0.1:9998,OPEN,fill=-,flush=-,to=0/30000}{io=0/0,kio=0,kro=1}->HttpConnection@4fc51c15[p=HttpParser{s=START,0 of -1},g=HttpGenerator@809cf3b{s=START}]=>HttpChannelOverHttp@7c787247{r=0,c=false,c=false/false,a=IDLE,uri=null,age=0} filled 312 HeapByteBuffer@3e72f6ad[p=0,l=312,c=8192,r=312]={<<<POST /contact HTT...+39 02 123456"}>>>\x00\x00\x00\x00\x00\x00\x00\x00\x00\x00\x00\x00\x00\x00\x00\x00\x00...\x00\x00\x00\x00\x00\x00\x00\x00\x00\x00\x00\x00\x00\x00\x00}
17:34:13.950 [qtp2081952435-54] DEBUG o.e.jetty.server.HttpConnection - HttpConnection@4fc51c15::SocketChannelEndPoint@76801937{/127.0.0.1:55186<->/127.0.0.1:9998,OPEN,fill=-,flush=-,to=1/30000}{io=0/0,kio=0,kro=1}->HttpConnection@4fc51c15[p=HttpParser{s=START,0 of -1},g=HttpGenerator@809cf3b{s=START}]=>HttpChannelOverHttp@7c787247{r=0,c=false,c=false/false,a=IDLE,uri=null,age=0} parse HeapByteBuffer@3e72f6ad[p=0,l=312,c=8192,r=312]={<<<POST /contact HTT...+39 02 123456"}>>>\x00\x00\x00\x00\x00\x00\x00\x00\x00\x00\x00\x00\x00\x00\x00\x00\x00...\x00\x00\x00\x00\x00\x00\x00\x00\x00\x00\x00\x00\x00\x00\x00} {}
17:34:13.950 [qtp2081952435-54] DEBUG org.eclipse.jetty.http.HttpParser - parseNext s=START HeapByteBuffer@3e72f6ad[p=0,l=312,c=8192,r=312]={<<<POST /contact HTT...+39 02 123456"}>>>\x00\x00\x00\x00\x00\x00\x00\x00\x00\x00\x00\x00\x00\x00\x00\x00\x00...\x00\x00\x00\x00\x00\x00\x00\x00\x00\x00\x00\x00\x00\x00\x00}
17:34:13.950 [qtp2081952435-54] DEBUG org.eclipse.jetty.http.HttpParser - START --> SPACE1
17:34:13.950 [qtp2081952435-54] DEBUG org.eclipse.jetty.http.HttpParser - SPACE1 --> URI
17:34:13.950 [qtp2081952435-54] DEBUG org.eclipse.jetty.http.HttpParser - URI --> SPACE2
17:34:13.950 [qtp2081952435-54] DEBUG org.eclipse.jetty.http.HttpParser - SPACE2 --> REQUEST_VERSION
17:34:13.950 [qtp2081952435-54] DEBUG org.eclipse.jetty.http.HttpParser - REQUEST_VERSION --> HEADER
17:34:13.950 [qtp2081952435-54] DEBUG org.eclipse.jetty.http.HttpParser - HEADER:Content-Type: application/json --> IN_VALUE
17:34:13.950 [qtp2081952435-54] DEBUG org.eclipse.jetty.http.HttpParser - HEADER:Content-Type: application/json --> FIELD
17:34:13.950 [qtp2081952435-54] DEBUG org.eclipse.jetty.http.HttpParser - HEADER:User-Agent --> VALUE
17:34:13.950 [qtp2081952435-54] DEBUG org.eclipse.jetty.http.HttpParser - HEADER:User-Agent --> IN_VALUE
17:34:13.950 [qtp2081952435-54] DEBUG org.eclipse.jetty.http.HttpParser - HEADER:User-Agent --> FIELD
17:34:13.950 [qtp2081952435-54] DEBUG org.eclipse.jetty.http.HttpParser - HEADER:Host --> VALUE
17:34:13.950 [qtp2081952435-54] DEBUG org.eclipse.jetty.http.HttpParser - HEADER:Host --> IN_VALUE
17:34:13.950 [qtp2081952435-54] DEBUG org.eclipse.jetty.http.HttpParser - HEADER:Host --> FIELD
17:34:13.951 [qtp2081952435-54] DEBUG org.eclipse.jetty.http.HttpParser - HEADER:Accept --> VALUE
17:34:13.951 [qtp2081952435-54] DEBUG org.eclipse.jetty.http.HttpParser - HEADER:Accept --> IN_VALUE
17:34:13.951 [qtp2081952435-54] DEBUG org.eclipse.jetty.http.HttpParser - HEADER:Accept --> FIELD
17:34:13.951 [qtp2081952435-54] DEBUG org.eclipse.jetty.http.HttpParser - HEADER:Connection: keep-alive --> IN_VALUE
17:34:13.951 [qtp2081952435-54] DEBUG org.eclipse.jetty.http.HttpParser - HEADER:Connection: keep-alive --> FIELD
17:34:13.951 [qtp2081952435-54] DEBUG org.eclipse.jetty.http.HttpParser - HEADER:Content-Length --> VALUE
17:34:13.951 [qtp2081952435-54] DEBUG org.eclipse.jetty.http.HttpParser - HEADER:Content-Length --> IN_VALUE
17:34:13.951 [qtp2081952435-54] DEBUG org.eclipse.jetty.http.HttpParser - HEADER:Content-Length --> FIELD
17:34:13.951 [qtp2081952435-54] DEBUG org.eclipse.jetty.http.HttpParser - HEADER --> CONTENT
17:34:13.951 [qtp2081952435-54] DEBUG org.eclipse.jetty.server.HttpChannel - REQUEST for //localhost:9998/contact on HttpChannelOverHttp@7c787247{r=1,c=false,c=false/false,a=IDLE,uri=//localhost:9998/contact,age=0}
POST //localhost:9998/contact HTTP/1.1
Content-Type: application/json
User-Agent: Jersey/2.30.1 (HttpUrlConnection 1.8.0_261)
Host: localhost:9998
Accept: text/html, image/gif, image/jpeg, *; q=.2, */*; q=.2
Connection: keep-alive
Content-Length: 69


17:34:13.951 [qtp2081952435-54] DEBUG o.e.jetty.server.HttpConnection - HttpConnection@4fc51c15::SocketChannelEndPoint@76801937{/127.0.0.1:55186<->/127.0.0.1:9998,OPEN,fill=-,flush=-,to=2/30000}{io=0/0,kio=0,kro=1}->HttpConnection@4fc51c15[p=HttpParser{s=CONTENT,0 of 69},g=HttpGenerator@809cf3b{s=START}]=>HttpChannelOverHttp@7c787247{r=1,c=false,c=false/false,a=IDLE,uri=//localhost:9998/contact,age=0} parsed true HttpParser{s=CONTENT,0 of 69}
17:34:13.952 [qtp2081952435-54] DEBUG org.eclipse.jetty.server.HttpChannel - HttpChannelOverHttp@7c787247{r=1,c=false,c=false/false,a=IDLE,uri=//localhost:9998/contact,age=1} handle //localhost:9998/contact 
17:34:13.952 [qtp2081952435-54] DEBUG o.e.jetty.server.HttpChannelState - handling HttpChannelState@397af3ac{s=IDLE a=NOT_ASYNC i=true r=IDLE w=false}
17:34:13.952 [qtp2081952435-54] DEBUG org.eclipse.jetty.server.HttpChannel - HttpChannelOverHttp@7c787247{r=1,c=false,c=false/false,a=DISPATCHED,uri=//localhost:9998/contact,age=1} action DISPATCH
17:34:13.952 [qtp2081952435-54] DEBUG org.eclipse.jetty.server.Server - REQUEST POST /contact on HttpChannelOverHttp@7c787247{r=1,c=false,c=false/false,a=DISPATCHED,uri=//localhost:9998/contact,age=1}
17:34:13.959 [qtp2081952435-54] DEBUG o.e.jetty.server.HttpConnection - HttpConnection@4fc51c15::SocketChannelEndPoint@76801937{/127.0.0.1:55186<->/127.0.0.1:9998,OPEN,fill=-,flush=-,to=10/30000}{io=0/0,kio=0,kro=1}->HttpConnection@4fc51c15[p=HttpParser{s=CONTENT,0 of 69},g=HttpGenerator@809cf3b{s=START}]=>HttpChannelOverHttp@7c787247{r=1,c=false,c=false/false,a=DISPATCHED,uri=//localhost:9998/contact,age=8} parse HeapByteBuffer@3e72f6ad[p=243,l=312,c=8192,r=69]={POST /contact HTT...-Length: 69\r\n\r\n<<<{"firstName":"Ric...+39 02 123456"}>>>\x00\x00\x00\x00\x00\x00\x00\x00\x00\x00\x00\x00\x00\x00\x00\x00\x00...\x00\x00\x00\x00\x00\x00\x00\x00\x00\x00\x00\x00\x00\x00\x00} {}
17:34:13.959 [qtp2081952435-54] DEBUG org.eclipse.jetty.http.HttpParser - parseNext s=CONTENT HeapByteBuffer@3e72f6ad[p=243,l=312,c=8192,r=69]={POST /contact HTT...-Length: 69\r\n\r\n<<<{"firstName":"Ric...+39 02 123456"}>>>\x00\x00\x00\x00\x00\x00\x00\x00\x00\x00\x00\x00\x00\x00\x00\x00\x00...\x00\x00\x00\x00\x00\x00\x00\x00\x00\x00\x00\x00\x00\x00\x00}
17:34:13.960 [qtp2081952435-54] DEBUG org.eclipse.jetty.server.HttpChannel - HttpChannelOverHttp@7c787247{r=1,c=false,c=false/false,a=DISPATCHED,uri=//localhost:9998/contact,age=9} onContent Content@58e6422a{HeapByteBufferR@403313b2[p=243,l=312,c=8192,r=69]={POST /contact HTT...-Length: 69\r\n\r\n<<<{"firstName":"Ric...+39 02 123456"}>>>\x00\x00\x00\x00\x00\x00\x00\x00\x00\x00\x00\x00\x00\x00\x00\x00\x00...\x00\x00\x00\x00\x00\x00\x00\x00\x00\x00\x00\x00\x00\x00\x00}}
17:34:13.961 [qtp2081952435-54] DEBUG org.eclipse.jetty.server.HttpInput - HttpInputOverHTTP@20b70a1c[c=0,q=0,[0]=null,s=STREAM] addContent Content@58e6422a{HeapByteBufferR@403313b2[p=243,l=312,c=8192,r=69]={POST /contact HTT...-Length: 69\r\n\r\n<<<{"firstName":"Ric...+39 02 123456"}>>>\x00\x00\x00\x00\x00\x00\x00\x00\x00\x00\x00\x00\x00\x00\x00\x00\x00...\x00\x00\x00\x00\x00\x00\x00\x00\x00\x00\x00\x00\x00\x00\x00}}
17:34:13.962 [qtp2081952435-54] DEBUG org.eclipse.jetty.http.HttpParser - CONTENT --> END
17:34:13.962 [qtp2081952435-54] DEBUG org.eclipse.jetty.server.HttpChannel - HttpChannelOverHttp@7c787247{r=1,c=false,c=false/false,a=DISPATCHED,uri=//localhost:9998/contact,age=11} onContentComplete
17:34:13.962 [qtp2081952435-54] DEBUG org.eclipse.jetty.server.HttpChannel - HttpChannelOverHttp@7c787247{r=1,c=false,c=false/false,a=DISPATCHED,uri=//localhost:9998/contact,age=11} onRequestComplete
17:34:13.963 [qtp2081952435-54] DEBUG org.eclipse.jetty.server.HttpInput - HttpInputOverHTTP@20b70a1c[c=0,q=1,[0]=EOF,s=STREAM] addContent EOF
17:34:13.964 [qtp2081952435-54] DEBUG o.e.jetty.server.HttpConnection - HttpConnection@4fc51c15::SocketChannelEndPoint@76801937{/127.0.0.1:55186<->/127.0.0.1:9998,OPEN,fill=-,flush=-,to=14/30000}{io=0/0,kio=0,kro=1}->HttpConnection@4fc51c15[p=HttpParser{s=END,69 of 69},g=HttpGenerator@809cf3b{s=START}]=>HttpChannelOverHttp@7c787247{r=1,c=false,c=false/false,a=DISPATCHED,uri=//localhost:9998/contact,age=12} parsed false HttpParser{s=END,69 of 69}
17:34:13.964 [qtp2081952435-54] DEBUG org.eclipse.jetty.server.HttpInput - HttpInputOverHTTP@20b70a1c[c=69,q=1,[0]=EOF,s=STREAM] read 69 from Content@58e6422a{HeapByteBufferR@403313b2[p=312,l=312,c=8192,r=0]={POST /contact HTT...+39 02 123456"}<<<>>>\x00\x00\x00\x00\x00\x00\x00\x00\x00\x00\x00\x00\x00\x00\x00\x00\x00...\x00\x00\x00\x00\x00\x00\x00\x00\x00\x00\x00\x00\x00\x00\x00}}
17:34:13.964 [qtp2081952435-54] DEBUG o.e.jetty.server.HttpConnection - releaseRequestBuffer HttpConnection@4fc51c15::SocketChannelEndPoint@76801937{/127.0.0.1:55186<->/127.0.0.1:9998,OPEN,fill=-,flush=-,to=15/30000}{io=0/0,kio=0,kro=1}->HttpConnection@4fc51c15[p=HttpParser{s=END,69 of 69},g=HttpGenerator@809cf3b{s=START}]=>HttpChannelOverHttp@7c787247{r=1,c=false,c=false/false,a=DISPATCHED,uri=//localhost:9998/contact,age=13}
17:34:13.981 [qtp2081952435-54] INFO  c.b.p.p.m.ContactPersistenceMysql - [ContactResource] Create PhoneNumber{firstName='Rick', lastName='Morty', number='+39 02 123456'}
17:34:14.088 [qtp2081952435-54] DEBUG org.eclipse.jetty.server.HttpChannel - sendResponse info=null content=DirectByteBuffer@5b657c53[p=0,l=69,c=32768,r=69]={<<<{"firstName":"Ric...+39 02 123456"}>>>\x00\x00\x00\x00\x00\x00\x00\x00\x00\x00\x00\x00\x00\x00\x00\x00\x00...\x00\x00\x00\x00\x00\x00\x00\x00\x00\x00\x00\x00\x00\x00\x00} complete=false committing=true callback=Blocker@44e13aaf{null}
17:34:14.089 [qtp2081952435-54] DEBUG org.eclipse.jetty.server.HttpChannel - COMMIT for /contact on HttpChannelOverHttp@7c787247{r=1,c=true,c=false/false,a=DISPATCHED,uri=//localhost:9998/contact,age=138}
200 OK HTTP/1.1
Date: Sun, 27 Sep 2020 16:34:13 GMT
Content-Type: application/json


17:34:14.090 [qtp2081952435-54] DEBUG o.e.jetty.server.HttpConnection - org.eclipse.jetty.server.HttpConnection$SendCallback@31b71216[PROCESSING][i=HTTP/1.1{s=200,h=2,cl=-1},cb=org.eclipse.jetty.server.HttpChannel$SendCallback@4688de1f] generate: NEED_HEADER (null,[p=0,l=69,c=32768,r=69],false)@START
17:34:14.090 [qtp2081952435-54] DEBUG org.eclipse.jetty.http.HttpGenerator - generateHeaders HTTP/1.1{s=200,h=2,cl=-1} last=false content=DirectByteBuffer@5b657c53[p=0,l=69,c=32768,r=69]={<<<{"firstName":"Ric...+39 02 123456"}>>>\x00\x00\x00\x00\x00\x00\x00\x00\x00\x00\x00\x00\x00\x00\x00\x00\x00...\x00\x00\x00\x00\x00\x00\x00\x00\x00\x00\x00\x00\x00\x00\x00}
17:34:14.090 [qtp2081952435-54] DEBUG org.eclipse.jetty.http.HttpGenerator - Date: Sun, 27 Sep 2020 16:34:13 GMT
Content-Type: application/json


17:34:14.090 [qtp2081952435-54] DEBUG org.eclipse.jetty.http.HttpGenerator - CHUNKED_CONTENT
17:34:14.090 [qtp2081952435-54] DEBUG o.e.jetty.server.HttpConnection - org.eclipse.jetty.server.HttpConnection$SendCallback@31b71216[PROCESSING][i=HTTP/1.1{s=200,h=2,cl=-1},cb=org.eclipse.jetty.server.HttpChannel$SendCallback@4688de1f] generate: FLUSH ([p=0,l=153,c=8192,r=153],[p=0,l=69,c=32768,r=69],false)@COMMITTED
17:34:14.090 [qtp2081952435-54] DEBUG org.eclipse.jetty.io.WriteFlusher - write: WriteFlusher@367fb579{IDLE}->null [HeapByteBuffer@3e72f6ad[p=0,l=153,c=8192,r=153]={<<<HTTP/1.1 200 OK\r\n...190418)\r\n\r\n45\r\n>>> image/gif, image...\x00\x00\x00\x00\x00\x00\x00\x00\x00\x00\x00\x00\x00\x00\x00},DirectByteBuffer@5b657c53[p=0,l=69,c=32768,r=69]={<<<{"firstName":"Ric...+39 02 123456"}>>>\x00\x00\x00\x00\x00\x00\x00\x00\x00\x00\x00\x00\x00\x00\x00\x00\x00...\x00\x00\x00\x00\x00\x00\x00\x00\x00\x00\x00\x00\x00\x00\x00}]
17:34:14.090 [qtp2081952435-54] DEBUG org.eclipse.jetty.io.WriteFlusher - update WriteFlusher@367fb579{WRITING}->null:IDLE-->WRITING
17:34:14.093 [qtp2081952435-54] DEBUG org.eclipse.jetty.io.ChannelEndPoint - flushed 222 SocketChannelEndPoint@76801937{/127.0.0.1:55186<->/127.0.0.1:9998,OPEN,fill=-,flush=W,to=143/30000}{io=0/0,kio=0,kro=1}->HttpConnection@4fc51c15[p=HttpParser{s=END,69 of 69},g=HttpGenerator@809cf3b{s=COMMITTED}]=>HttpChannelOverHttp@7c787247{r=1,c=true,c=false/false,a=DISPATCHED,uri=//localhost:9998/contact,age=142}
17:34:14.093 [qtp2081952435-54] DEBUG org.eclipse.jetty.io.WriteFlusher - Flushed=true written=222 remaining=0 WriteFlusher@367fb579{WRITING}->null
17:34:14.093 [qtp2081952435-54] DEBUG org.eclipse.jetty.io.WriteFlusher - update WriteFlusher@367fb579{IDLE}->null:WRITING-->IDLE
17:34:14.093 [qtp2081952435-54] DEBUG o.e.jetty.server.HttpConnection - org.eclipse.jetty.server.HttpConnection$SendCallback@31b71216[PROCESSING][i=HTTP/1.1{s=200,h=2,cl=-1},cb=org.eclipse.jetty.server.HttpChannel$SendCallback@4688de1f] generate: DONE ([p=153,l=153,c=8192,r=0],[p=69,l=69,c=32768,r=0],false)@COMMITTED
17:34:14.094 [qtp2081952435-54] DEBUG org.eclipse.jetty.server.HttpChannel - sendResponse info=null content=HeapByteBuffer@7c203415[p=0,l=0,c=0,r=0]={<<<>>>} complete=false committing=false callback=Blocker@44e13aaf{null}
17:34:14.094 [qtp2081952435-54] DEBUG org.eclipse.jetty.server.HttpChannel - sendResponse info=null content=HeapByteBuffer@7c203415[p=0,l=0,c=0,r=0]={<<<>>>} complete=false committing=false callback=Blocker@44e13aaf{null}
17:34:14.094 [qtp2081952435-54] DEBUG org.eclipse.jetty.server.HttpChannel - sendResponse info=null content=HeapByteBuffer@7c203415[p=0,l=0,c=0,r=0]={<<<>>>} complete=true committing=false callback=Blocker@44e13aaf{null}
17:34:14.094 [qtp2081952435-54] DEBUG o.e.jetty.server.HttpConnection - org.eclipse.jetty.server.HttpConnection$SendCallback@31b71216[PROCESSING][i=null,cb=org.eclipse.jetty.server.HttpChannel$SendCallback@72a84f8f] generate: CONTINUE (null,[p=0,l=0,c=0,r=0],true)@COMPLETING
17:34:14.094 [qtp2081952435-54] DEBUG o.e.jetty.server.HttpConnection - org.eclipse.jetty.server.HttpConnection$SendCallback@31b71216[PROCESSING][i=null,cb=org.eclipse.jetty.server.HttpChannel$SendCallback@72a84f8f] generate: NEED_CHUNK (null,[p=0,l=0,c=0,r=0],true)@COMPLETING
17:34:14.095 [qtp2081952435-54] DEBUG o.e.jetty.server.HttpConnection - org.eclipse.jetty.server.HttpConnection$SendCallback@31b71216[PROCESSING][i=null,cb=org.eclipse.jetty.server.HttpChannel$SendCallback@72a84f8f] generate: FLUSH (null,[p=0,l=0,c=0,r=0],true)@COMPLETING
17:34:14.095 [qtp2081952435-54] DEBUG org.eclipse.jetty.io.WriteFlusher - write: WriteFlusher@367fb579{IDLE}->null [HeapByteBuffer@72d00fe3[p=0,l=7,c=1024,r=7]={<<<\r\n0\r\n\r\n>>>\x00\x00\x00\x00\x00\x00\x00\x00\x00\x00\x00\x00\x00\x00\x00\x00\x00...\x00\x00\x00\x00\x00\x00\x00\x00\x00\x00\x00\x00\x00\x00\x00}]
17:34:14.095 [qtp2081952435-54] DEBUG org.eclipse.jetty.io.WriteFlusher - update WriteFlusher@367fb579{WRITING}->null:IDLE-->WRITING
17:34:14.095 [qtp2081952435-54] DEBUG org.eclipse.jetty.io.ChannelEndPoint - flushed 7 SocketChannelEndPoint@76801937{/127.0.0.1:55186<->/127.0.0.1:9998,OPEN,fill=-,flush=W,to=2/30000}{io=0/0,kio=0,kro=1}->HttpConnection@4fc51c15[p=HttpParser{s=END,69 of 69},g=HttpGenerator@809cf3b{s=COMPLETING}]=>HttpChannelOverHttp@7c787247{r=1,c=true,c=false/false,a=DISPATCHED,uri=//localhost:9998/contact,age=144}
17:34:14.095 [qtp2081952435-54] DEBUG org.eclipse.jetty.io.WriteFlusher - Flushed=true written=7 remaining=0 WriteFlusher@367fb579{WRITING}->null
17:34:14.095 [qtp2081952435-54] DEBUG org.eclipse.jetty.io.WriteFlusher - update WriteFlusher@367fb579{IDLE}->null:WRITING-->IDLE
17:34:14.095 [qtp2081952435-54] DEBUG o.e.jetty.server.HttpConnection - org.eclipse.jetty.server.HttpConnection$SendCallback@31b71216[PROCESSING][i=null,cb=org.eclipse.jetty.server.HttpChannel$SendCallback@72a84f8f] generate: DONE (null,[p=0,l=0,c=0,r=0],true)@END
17:34:14.096 [qtp2081952435-54] DEBUG org.eclipse.jetty.server.Server - handled=true async=false committed=true on HttpChannelOverHttp@7c787247{r=1,c=true,c=false/true,a=DISPATCHED,uri=//localhost:9998/contact,age=145}
17:34:14.096 [qtp2081952435-54] DEBUG o.e.jetty.server.HttpChannelState - unhandle HttpChannelState@397af3ac{s=DISPATCHED a=NOT_ASYNC i=true r=IDLE w=false}
17:34:14.096 [qtp2081952435-54] DEBUG org.eclipse.jetty.server.HttpChannel - HttpChannelOverHttp@7c787247{r=1,c=true,c=false/true,a=COMPLETING,uri=//localhost:9998/contact,age=145} action COMPLETE
17:34:14.096 [qtp2081952435-54] DEBUG o.e.jetty.server.HttpChannelState - onComplete HttpChannelState@397af3ac{s=COMPLETING a=NOT_ASYNC i=false r=IDLE w=false}
17:34:14.096 [qtp2081952435-54] DEBUG org.eclipse.jetty.server.HttpChannel - COMPLETE for /contact written=69
17:34:14.096 [qtp2081952435-54] DEBUG o.e.jetty.server.HttpChannelState - recycle HttpChannelState@397af3ac{s=COMPLETED a=NOT_ASYNC i=false r=IDLE w=false}
17:34:14.096 [qtp2081952435-54] DEBUG org.eclipse.jetty.http.HttpParser - reset HttpParser{s=END,69 of 69}
17:34:14.096 [qtp2081952435-54] DEBUG org.eclipse.jetty.http.HttpParser - END --> START
17:34:14.096 [qtp2081952435-54] DEBUG org.eclipse.jetty.server.HttpChannel - HttpChannelOverHttp@7c787247{r=1,c=false,c=false/false,a=IDLE,uri=null,age=0} handle exit, result COMPLETE
17:34:14.097 [qtp2081952435-54] DEBUG org.eclipse.jetty.io.ChannelEndPoint - filled 0 HeapByteBuffer@3e72f6ad[p=0,l=0,c=8192,r=0]={<<<>>>HTTP/1.1 200 OK\r\n...\x00\x00\x00\x00\x00\x00\x00\x00\x00\x00\x00\x00\x00\x00\x00}
17:34:14.097 [qtp2081952435-54] DEBUG org.eclipse.jetty.io.ChannelEndPoint - filled 0 HeapByteBuffer@3e72f6ad[p=0,l=0,c=8192,r=0]={<<<>>>HTTP/1.1 200 OK\r\n...\x00\x00\x00\x00\x00\x00\x00\x00\x00\x00\x00\x00\x00\x00\x00}
17:34:14.097 [qtp2081952435-54] DEBUG o.e.jetty.server.HttpConnection - HttpConnection@4fc51c15::SocketChannelEndPoint@76801937{/127.0.0.1:55186<->/127.0.0.1:9998,OPEN,fill=-,flush=-,to=2/30000}{io=0/0,kio=0,kro=1}->HttpConnection@4fc51c15[p=HttpParser{s=START,0 of -1},g=HttpGenerator@809cf3b{s=START}]=>HttpChannelOverHttp@7c787247{r=1,c=false,c=false/false,a=IDLE,uri=null,age=0} filled 0 HeapByteBuffer@3e72f6ad[p=0,l=0,c=8192,r=0]={<<<>>>HTTP/1.1 200 OK\r\n...\x00\x00\x00\x00\x00\x00\x00\x00\x00\x00\x00\x00\x00\x00\x00}
17:34:14.097 [qtp2081952435-54] DEBUG o.e.jetty.server.HttpConnection - HttpConnection@4fc51c15::SocketChannelEndPoint@76801937{/127.0.0.1:55186<->/127.0.0.1:9998,OPEN,fill=-,flush=-,to=2/30000}{io=0/0,kio=0,kro=1}->HttpConnection@4fc51c15[p=HttpParser{s=START,0 of -1},g=HttpGenerator@809cf3b{s=START}]=>HttpChannelOverHttp@7c787247{r=1,c=false,c=false/false,a=IDLE,uri=null,age=0} parse HeapByteBuffer@3e72f6ad[p=0,l=0,c=8192,r=0]={<<<>>>HTTP/1.1 200 OK\r\n...\x00\x00\x00\x00\x00\x00\x00\x00\x00\x00\x00\x00\x00\x00\x00} {}
17:34:14.097 [qtp2081952435-54] DEBUG org.eclipse.jetty.http.HttpParser - parseNext s=START HeapByteBuffer@3e72f6ad[p=0,l=0,c=8192,r=0]={<<<>>>HTTP/1.1 200 OK\r\n...\x00\x00\x00\x00\x00\x00\x00\x00\x00\x00\x00\x00\x00\x00\x00}
17:34:14.098 [qtp2081952435-54] DEBUG o.e.jetty.server.HttpConnection - HttpConnection@4fc51c15::SocketChannelEndPoint@76801937{/127.0.0.1:55186<->/127.0.0.1:9998,OPEN,fill=-,flush=-,to=2/30000}{io=0/0,kio=0,kro=1}->HttpConnection@4fc51c15[p=HttpParser{s=START,0 of -1},g=HttpGenerator@809cf3b{s=START}]=>HttpChannelOverHttp@7c787247{r=1,c=false,c=false/false,a=IDLE,uri=null,age=0} parsed false HttpParser{s=START,0 of -1}
17:34:14.098 [qtp2081952435-54] DEBUG o.e.jetty.server.HttpConnection - releaseRequestBuffer HttpConnection@4fc51c15::SocketChannelEndPoint@76801937{/127.0.0.1:55186<->/127.0.0.1:9998,OPEN,fill=-,flush=-,to=3/30000}{io=0/0,kio=0,kro=1}->HttpConnection@4fc51c15[p=HttpParser{s=START,0 of -1},g=HttpGenerator@809cf3b{s=START}]=>HttpChannelOverHttp@7c787247{r=1,c=false,c=false/false,a=IDLE,uri=null,age=0}
17:34:14.098 [qtp2081952435-54] DEBUG o.e.jetty.io.AbstractConnection - fillInterested HttpConnection@4fc51c15::SocketChannelEndPoint@76801937{/127.0.0.1:55186<->/127.0.0.1:9998,OPEN,fill=-,flush=-,to=3/30000}{io=0/0,kio=0,kro=1}->HttpConnection@4fc51c15[p=HttpParser{s=START,0 of -1},g=HttpGenerator@809cf3b{s=START}]=>HttpChannelOverHttp@7c787247{r=1,c=false,c=false/false,a=IDLE,uri=null,age=0}
17:34:14.098 [qtp2081952435-54] DEBUG org.eclipse.jetty.io.FillInterest - interested FillInterest@375c7e37{AC.ReadCB@4fc51c15{HttpConnection@4fc51c15::SocketChannelEndPoint@76801937{/127.0.0.1:55186<->/127.0.0.1:9998,OPEN,fill=FI,flush=-,to=0/30000}{io=0/0,kio=0,kro=1}->HttpConnection@4fc51c15[p=HttpParser{s=START,0 of -1},g=HttpGenerator@809cf3b{s=START}]=>HttpChannelOverHttp@7c787247{r=1,c=false,c=false/false,a=IDLE,uri=null,age=0}}}
17:34:14.099 [qtp2081952435-54] DEBUG org.eclipse.jetty.io.ChannelEndPoint - changeInterests p=false 0->1 for SocketChannelEndPoint@76801937{/127.0.0.1:55186<->/127.0.0.1:9998,OPEN,fill=FI,flush=-,to=0/30000}{io=0/1,kio=0,kro=1}->HttpConnection@4fc51c15[p=HttpParser{s=START,0 of -1},g=HttpGenerator@809cf3b{s=START}]=>HttpChannelOverHttp@7c787247{r=1,c=false,c=false/false,a=IDLE,uri=null,age=0}
17:34:14.099 [qtp2081952435-54] DEBUG org.eclipse.jetty.io.ManagedSelector - Queued change org.eclipse.jetty.io.ChannelEndPoint$1@59550ce3 on ManagedSelector@5782d777{STARTED} id=1 keys=1 selected=0 updates=0
17:34:14.099 [qtp2081952435-54] DEBUG org.eclipse.jetty.io.ManagedSelector - Wakeup on submit ManagedSelector@5782d777{STARTED} id=1 keys=1 selected=0 updates=1
17:34:14.099 [qtp2081952435-50] DEBUG org.eclipse.jetty.io.ManagedSelector - Selector sun.nio.ch.KQueueSelectorImpl@743f2219 woken with none selected
17:34:14.099 [qtp2081952435-50] DEBUG org.eclipse.jetty.io.ManagedSelector - Selector sun.nio.ch.KQueueSelectorImpl@743f2219 woken up from select, 0/0/1 selected
17:34:14.099 [qtp2081952435-50] DEBUG org.eclipse.jetty.io.ManagedSelector - Selector sun.nio.ch.KQueueSelectorImpl@743f2219 processing 0 keys, 1 updates
17:34:14.099 [qtp2081952435-50] DEBUG org.eclipse.jetty.io.ManagedSelector - updateable 1
17:34:14.099 [qtp2081952435-54] DEBUG o.e.jetty.server.HttpConnection - HttpConnection@4fc51c15::SocketChannelEndPoint@76801937{/127.0.0.1:55186<->/127.0.0.1:9998,OPEN,fill=FI,flush=-,to=1/30000}{io=0/1,kio=0,kro=1}->HttpConnection@4fc51c15[p=HttpParser{s=START,0 of -1},g=HttpGenerator@809cf3b{s=START}]=>HttpChannelOverHttp@7c787247{r=1,c=false,c=false/false,a=IDLE,uri=null,age=0} onFillable exit HttpChannelState@397af3ac{s=IDLE a=NOT_ASYNC i=true r=IDLE w=false} null
17:34:14.099 [qtp2081952435-50] DEBUG org.eclipse.jetty.io.ManagedSelector - update org.eclipse.jetty.io.ChannelEndPoint$1@59550ce3
17:34:14.099 [qtp2081952435-54] DEBUG o.e.j.util.thread.QueuedThreadPool - ran CEP:SocketChannelEndPoint@76801937{/127.0.0.1:55186<->/127.0.0.1:9998,OPEN,fill=FI,flush=-,to=1/30000}{io=1/1,kio=1,kro=1}->HttpConnection@4fc51c15[p=HttpParser{s=START,0 of -1},g=HttpGenerator@809cf3b{s=START}]=>HttpChannelOverHttp@7c787247{r=1,c=false,c=false/false,a=IDLE,uri=null,age=0}:runFillable:BLOCKING
17:34:14.099 [qtp2081952435-50] DEBUG org.eclipse.jetty.io.ChannelEndPoint - Key interests updated 0 -> 1 on SocketChannelEndPoint@76801937{/127.0.0.1:55186<->/127.0.0.1:9998,OPEN,fill=FI,flush=-,to=1/30000}{io=1/1,kio=1,kro=1}->HttpConnection@4fc51c15[p=HttpParser{s=START,0 of -1},g=HttpGenerator@809cf3b{s=START}]=>HttpChannelOverHttp@7c787247{r=1,c=false,c=false/false,a=IDLE,uri=null,age=0}
17:34:14.099 [qtp2081952435-50] DEBUG org.eclipse.jetty.io.ManagedSelector - updates 0
17:34:14.099 [qtp2081952435-50] DEBUG org.eclipse.jetty.io.ManagedSelector - Selector sun.nio.ch.KQueueSelectorImpl@743f2219 waiting with 1 keys
17:34:14.158 [main] DEBUG o.e.j.u.component.AbstractLifeCycle - stopping Server@43034809{STARTED}[9.4.17.v20190418]
17:34:14.159 [main] DEBUG org.eclipse.jetty.server.Server - doStop Server@43034809{STOPPING}[9.4.17.v20190418]
17:34:14.159 [qtp2081952435-51] DEBUG o.e.j.util.thread.QueuedThreadPool - ran qtp2081952435-51-acceptor-0@3506d826-ServerConnector@4bb003e9{HTTP/1.1,[http/1.1]}{0.0.0.0:9998}
17:34:14.162 [main] DEBUG o.e.j.s.h.AbstractHandlerContainer - Graceful shutdown Server@43034809{STOPPING}[9.4.17.v20190418] by 
17:34:14.162 [main] DEBUG o.e.j.u.component.AbstractLifeCycle - stopping ServerConnector@4bb003e9{HTTP/1.1,[http/1.1]}{0.0.0.0:9998}
17:34:14.162 [main] DEBUG o.e.j.u.component.AbstractLifeCycle - stopping SelectorManager@ServerConnector@4bb003e9{HTTP/1.1,[http/1.1]}{0.0.0.0:9998}
17:34:14.162 [main] DEBUG o.e.j.u.component.AbstractLifeCycle - stopping ManagedSelector@5782d777{STARTED} id=1 keys=1 selected=0 updates=0
17:34:14.163 [main] DEBUG org.eclipse.jetty.io.ManagedSelector - Queued change org.eclipse.jetty.io.ManagedSelector$CloseConnections@557eb543 on ManagedSelector@5782d777{STOPPING} id=1 keys=1 selected=0 updates=0
17:34:14.163 [main] DEBUG org.eclipse.jetty.io.ManagedSelector - Wakeup on submit ManagedSelector@5782d777{STOPPING} id=1 keys=1 selected=0 updates=1
17:34:14.163 [qtp2081952435-50] DEBUG org.eclipse.jetty.io.ManagedSelector - Selector sun.nio.ch.KQueueSelectorImpl@743f2219 woken with none selected
17:34:14.163 [qtp2081952435-50] DEBUG org.eclipse.jetty.io.ManagedSelector - Selector sun.nio.ch.KQueueSelectorImpl@743f2219 woken up from select, 0/0/1 selected
17:34:14.163 [qtp2081952435-50] DEBUG org.eclipse.jetty.io.ManagedSelector - Selector sun.nio.ch.KQueueSelectorImpl@743f2219 processing 0 keys, 1 updates
17:34:14.163 [qtp2081952435-50] DEBUG org.eclipse.jetty.io.ManagedSelector - updateable 1
17:34:14.163 [qtp2081952435-50] DEBUG org.eclipse.jetty.io.ManagedSelector - update org.eclipse.jetty.io.ManagedSelector$CloseConnections@557eb543
17:34:14.163 [qtp2081952435-50] DEBUG org.eclipse.jetty.io.ManagedSelector - Closing 1 connections on ManagedSelector@5782d777{STOPPING} id=1 keys=1 selected=0 updates=0
17:34:14.163 [qtp2081952435-50] DEBUG o.eclipse.jetty.io.AbstractEndPoint - close SocketChannelEndPoint@76801937{/127.0.0.1:55186<->/127.0.0.1:9998,OPEN,fill=FI,flush=-,to=65/30000}{io=1/1,kio=1,kro=1}->HttpConnection@4fc51c15[p=HttpParser{s=START,0 of -1},g=HttpGenerator@809cf3b{s=START}]=>HttpChannelOverHttp@7c787247{r=1,c=false,c=false/false,a=IDLE,uri=null,age=0}
17:34:14.164 [qtp2081952435-50] DEBUG o.eclipse.jetty.io.AbstractEndPoint - close(null) SocketChannelEndPoint@76801937{/127.0.0.1:55186<->/127.0.0.1:9998,OPEN,fill=FI,flush=-,to=66/30000}{io=1/1,kio=1,kro=1}->HttpConnection@4fc51c15[p=HttpParser{s=START,0 of -1},g=HttpGenerator@809cf3b{s=START}]=>HttpChannelOverHttp@7c787247{r=1,c=false,c=false/false,a=IDLE,uri=null,age=0}
17:34:14.164 [qtp2081952435-50] DEBUG org.eclipse.jetty.io.ChannelEndPoint - doClose SocketChannelEndPoint@76801937{/127.0.0.1:55186<->/127.0.0.1:9998,CLOSED,fill=FI,flush=-,to=66/30000}{io=1/1,kio=1,kro=1}->HttpConnection@4fc51c15[p=HttpParser{s=START,0 of -1},g=HttpGenerator@809cf3b{s=START}]=>HttpChannelOverHttp@7c787247{r=1,c=false,c=false/false,a=IDLE,uri=null,age=0}
17:34:14.164 [qtp2081952435-50] DEBUG org.eclipse.jetty.io.WriteFlusher - ignored: WriteFlusher@367fb579{IDLE}->null
java.nio.channels.ClosedChannelException: null
	at org.eclipse.jetty.io.WriteFlusher.onClose(WriteFlusher.java:492)
	at org.eclipse.jetty.io.AbstractEndPoint.onClose(AbstractEndPoint.java:353)
	at org.eclipse.jetty.io.ChannelEndPoint.onClose(ChannelEndPoint.java:215)
	at org.eclipse.jetty.io.AbstractEndPoint.doOnClose(AbstractEndPoint.java:225)
	at org.eclipse.jetty.io.AbstractEndPoint.close(AbstractEndPoint.java:192)
	at org.eclipse.jetty.io.AbstractEndPoint.close(AbstractEndPoint.java:175)
	at org.eclipse.jetty.io.AbstractConnection.close(AbstractConnection.java:248)
	at org.eclipse.jetty.io.ManagedSelector.closeNoExceptions(ManagedSelector.java:252)
	at org.eclipse.jetty.io.ManagedSelector.access$1400(ManagedSelector.java:61)
	at org.eclipse.jetty.io.ManagedSelector$CloseConnections.update(ManagedSelector.java:866)
	at org.eclipse.jetty.io.ManagedSelector$SelectorProducer.processUpdates(ManagedSelector.java:426)
	at org.eclipse.jetty.io.ManagedSelector$SelectorProducer.produce(ManagedSelector.java:397)
	at org.eclipse.jetty.util.thread.strategy.EatWhatYouKill.produceTask(EatWhatYouKill.java:357)
	at org.eclipse.jetty.util.thread.strategy.EatWhatYouKill.doProduce(EatWhatYouKill.java:181)
	at org.eclipse.jetty.util.thread.strategy.EatWhatYouKill.tryProduce(EatWhatYouKill.java:168)
	at org.eclipse.jetty.util.thread.strategy.EatWhatYouKill.produce(EatWhatYouKill.java:132)
	at org.eclipse.jetty.util.thread.QueuedThreadPool.runJob(QueuedThreadPool.java:786)
	at org.eclipse.jetty.util.thread.QueuedThreadPool$2.run(QueuedThreadPool.java:743)
	at java.lang.Thread.run(Thread.java:748)
17:34:14.165 [qtp2081952435-50] DEBUG org.eclipse.jetty.io.FillInterest - onClose FillInterest@375c7e37{AC.ReadCB@4fc51c15{HttpConnection@4fc51c15::SocketChannelEndPoint@76801937{/127.0.0.1:55186<->/127.0.0.1:9998,CLOSED,fill=FI,flush=-,to=67/30000}{io=1/1,kio=-1,kro=-1}->HttpConnection@4fc51c15[p=HttpParser{s=START,0 of -1},g=HttpGenerator@809cf3b{s=START}]=>HttpChannelOverHttp@7c787247{r=1,c=false,c=false/false,a=IDLE,uri=null,age=0}}}
17:34:14.165 [qtp2081952435-50] DEBUG org.eclipse.jetty.http.HttpParser - close HttpParser{s=START,0 of -1}
17:34:14.165 [qtp2081952435-50] DEBUG org.eclipse.jetty.http.HttpParser - START --> CLOSE
17:34:14.165 [qtp2081952435-50] DEBUG o.e.jetty.io.AbstractConnection - HttpConnection@4fc51c15::SocketChannelEndPoint@76801937{/127.0.0.1:55186<->/127.0.0.1:9998,CLOSED,fill=-,flush=-,to=67/30000}{io=1/1,kio=-1,kro=-1}->HttpConnection@4fc51c15[p=HttpParser{s=CLOSE,0 of -1},g=HttpGenerator@809cf3b{s=START}]=>HttpChannelOverHttp@7c787247{r=1,c=false,c=false/false,a=IDLE,uri=null,age=0} onFillInterestedFailed {}
17:34:14.165 [qtp2081952435-50] DEBUG org.eclipse.jetty.io.ManagedSelector - Wakeup ManagedSelector@5782d777{STOPPING} id=1 keys=1 selected=0 updates=0
17:34:14.165 [qtp2081952435-50] DEBUG o.e.j.util.thread.QueuedThreadPool - queue org.eclipse.jetty.io.ManagedSelector$DestroyEndPoint@3bc5c8d5
17:34:14.165 [qtp2081952435-50] DEBUG org.eclipse.jetty.io.ManagedSelector - updates 0
17:34:14.165 [qtp2081952435-50] DEBUG org.eclipse.jetty.io.ManagedSelector - Selector sun.nio.ch.KQueueSelectorImpl@743f2219 waiting with 1 keys
17:34:14.165 [qtp2081952435-55] DEBUG o.e.j.util.thread.QueuedThreadPool - run org.eclipse.jetty.io.ManagedSelector$DestroyEndPoint@3bc5c8d5
17:34:14.166 [qtp2081952435-55] DEBUG org.eclipse.jetty.io.ManagedSelector - Destroyed SocketChannelEndPoint@76801937{/127.0.0.1:55186<->/127.0.0.1:9998,CLOSED,fill=-,flush=-,to=68/30000}{io=1/1,kio=-1,kro=-1}->HttpConnection@4fc51c15[p=HttpParser{s=CLOSE,0 of -1},g=HttpGenerator@809cf3b{s=START}]=>HttpChannelOverHttp@7c787247{r=1,c=false,c=false/false,a=IDLE,uri=null,age=0}
17:34:14.166 [qtp2081952435-55] DEBUG o.e.jetty.io.AbstractConnection - onClose HttpConnection@4fc51c15::SocketChannelEndPoint@76801937{/127.0.0.1:55186<->/127.0.0.1:9998,CLOSED,fill=-,flush=-,to=68/30000}{io=1/1,kio=-1,kro=-1}->HttpConnection@4fc51c15[p=HttpParser{s=CLOSE,0 of -1},g=HttpGenerator@809cf3b{s=START}]=>HttpChannelOverHttp@7c787247{r=1,c=false,c=false/false,a=IDLE,uri=null,age=0}
17:34:14.166 [qtp2081952435-55] DEBUG o.e.j.util.thread.QueuedThreadPool - ran org.eclipse.jetty.io.ManagedSelector$DestroyEndPoint@3bc5c8d5
17:34:14.166 [main] DEBUG org.eclipse.jetty.io.ManagedSelector - Queued change org.eclipse.jetty.io.ManagedSelector$StopSelector@3b95d13c on ManagedSelector@5782d777{STOPPING} id=1 keys=0 selected=0 updates=0
17:34:14.166 [main] DEBUG org.eclipse.jetty.io.ManagedSelector - Wakeup on submit ManagedSelector@5782d777{STOPPING} id=1 keys=0 selected=0 updates=1
17:34:14.167 [qtp2081952435-50] DEBUG org.eclipse.jetty.io.ManagedSelector - Selector sun.nio.ch.KQueueSelectorImpl@743f2219 woken with none selected
17:34:14.167 [qtp2081952435-50] DEBUG org.eclipse.jetty.io.ManagedSelector - Selector sun.nio.ch.KQueueSelectorImpl@743f2219 woken up from select, 0/0/0 selected
17:34:14.167 [qtp2081952435-50] DEBUG org.eclipse.jetty.io.ManagedSelector - Selector sun.nio.ch.KQueueSelectorImpl@743f2219 processing 0 keys, 1 updates
17:34:14.167 [qtp2081952435-50] DEBUG org.eclipse.jetty.io.ManagedSelector - updateable 1
17:34:14.167 [qtp2081952435-50] DEBUG org.eclipse.jetty.io.ManagedSelector - update org.eclipse.jetty.io.ManagedSelector$StopSelector@3b95d13c
17:34:14.167 [qtp2081952435-50] DEBUG org.eclipse.jetty.io.ManagedSelector - updates 0
17:34:14.167 [qtp2081952435-50] DEBUG o.e.j.util.thread.QueuedThreadPool - ran org.eclipse.jetty.io.ManagedSelector$$Lambda$175/1736293769@29629fbb
17:34:14.169 [main] DEBUG o.e.j.u.component.AbstractLifeCycle - stopping EatWhatYouKill@376e7531/SelectorProducer@23202c31/IDLE/p=false/JettyConnectorThreadPool[qtp2081952435]@7c1812b3{STARTED,8<=8<=200,i=6,q=0}[ReservedThreadExecutor@6c03fb16{s=1/4,p=0}][pc=0,pic=0,pec=1,epc=0]@2020-09-27T17:34:14.168+01:00
17:34:14.169 [main] DEBUG o.e.j.u.component.AbstractLifeCycle - STOPPED EatWhatYouKill@376e7531/SelectorProducer@23202c31/IDLE/p=false/JettyConnectorThreadPool[qtp2081952435]@7c1812b3{STARTED,8<=8<=200,i=6,q=0}[ReservedThreadExecutor@6c03fb16{s=1/4,p=0}][pc=0,pic=0,pec=1,epc=0]@2020-09-27T17:34:14.169+01:00
17:34:14.169 [main] DEBUG o.e.j.u.component.AbstractLifeCycle - STOPPED ManagedSelector@5782d777{STOPPED} id=1 keys=-1 selected=-1 updates=0
17:34:14.169 [main] DEBUG o.e.j.u.component.AbstractLifeCycle - stopping ManagedSelector@26f7cdf8{STARTED} id=0 keys=0 selected=0 updates=0
17:34:14.169 [main] DEBUG org.eclipse.jetty.io.ManagedSelector - Queued change org.eclipse.jetty.io.ManagedSelector$CloseConnections@3730ab42 on ManagedSelector@26f7cdf8{STOPPING} id=0 keys=0 selected=0 updates=0
17:34:14.169 [main] DEBUG org.eclipse.jetty.io.ManagedSelector - Wakeup on submit ManagedSelector@26f7cdf8{STOPPING} id=0 keys=0 selected=0 updates=1
17:34:14.170 [qtp2081952435-49] DEBUG org.eclipse.jetty.io.ManagedSelector - Selector sun.nio.ch.KQueueSelectorImpl@1a43d35e woken with none selected
17:34:14.170 [qtp2081952435-49] DEBUG org.eclipse.jetty.io.ManagedSelector - Selector sun.nio.ch.KQueueSelectorImpl@1a43d35e woken up from select, 0/0/0 selected
17:34:14.170 [qtp2081952435-49] DEBUG org.eclipse.jetty.io.ManagedSelector - Selector sun.nio.ch.KQueueSelectorImpl@1a43d35e processing 0 keys, 1 updates
17:34:14.170 [qtp2081952435-49] DEBUG org.eclipse.jetty.io.ManagedSelector - updateable 1
17:34:14.170 [qtp2081952435-49] DEBUG org.eclipse.jetty.io.ManagedSelector - update org.eclipse.jetty.io.ManagedSelector$CloseConnections@3730ab42
17:34:14.170 [qtp2081952435-49] DEBUG org.eclipse.jetty.io.ManagedSelector - Closing 0 connections on ManagedSelector@26f7cdf8{STOPPING} id=0 keys=0 selected=0 updates=0
17:34:14.170 [qtp2081952435-49] DEBUG org.eclipse.jetty.io.ManagedSelector - updates 0
17:34:14.170 [qtp2081952435-49] DEBUG org.eclipse.jetty.io.ManagedSelector - Selector sun.nio.ch.KQueueSelectorImpl@1a43d35e waiting with 0 keys
17:34:14.172 [main] DEBUG org.eclipse.jetty.io.ManagedSelector - Queued change org.eclipse.jetty.io.ManagedSelector$StopSelector@537c8c7e on ManagedSelector@26f7cdf8{STOPPING} id=0 keys=0 selected=0 updates=0
17:34:14.172 [main] DEBUG org.eclipse.jetty.io.ManagedSelector - Wakeup on submit ManagedSelector@26f7cdf8{STOPPING} id=0 keys=0 selected=0 updates=1
17:34:14.172 [qtp2081952435-49] DEBUG org.eclipse.jetty.io.ManagedSelector - Selector sun.nio.ch.KQueueSelectorImpl@1a43d35e woken with none selected
17:34:14.172 [qtp2081952435-49] DEBUG org.eclipse.jetty.io.ManagedSelector - Selector sun.nio.ch.KQueueSelectorImpl@1a43d35e woken up from select, 0/0/0 selected
17:34:14.172 [qtp2081952435-49] DEBUG org.eclipse.jetty.io.ManagedSelector - Selector sun.nio.ch.KQueueSelectorImpl@1a43d35e processing 0 keys, 1 updates
17:34:14.172 [qtp2081952435-49] DEBUG org.eclipse.jetty.io.ManagedSelector - updateable 1
17:34:14.173 [qtp2081952435-49] DEBUG org.eclipse.jetty.io.ManagedSelector - update org.eclipse.jetty.io.ManagedSelector$StopSelector@537c8c7e
17:34:14.173 [qtp2081952435-49] DEBUG org.eclipse.jetty.io.ManagedSelector - updates 0
17:34:14.173 [qtp2081952435-49] DEBUG o.e.j.util.thread.QueuedThreadPool - ran org.eclipse.jetty.io.ManagedSelector$$Lambda$175/1736293769@4f824872
17:34:14.178 [main] DEBUG o.e.j.u.component.AbstractLifeCycle - stopping EatWhatYouKill@3e7545e8/SelectorProducer@75e710b/IDLE/p=false/JettyConnectorThreadPool[qtp2081952435]@7c1812b3{STARTED,8<=8<=200,i=7,q=0}[ReservedThreadExecutor@6c03fb16{s=1/4,p=0}][pc=0,pic=0,pec=0,epc=0]@2020-09-27T17:34:14.178+01:00
17:34:14.178 [main] DEBUG o.e.j.u.component.AbstractLifeCycle - STOPPED EatWhatYouKill@3e7545e8/SelectorProducer@75e710b/IDLE/p=false/JettyConnectorThreadPool[qtp2081952435]@7c1812b3{STARTED,8<=8<=200,i=7,q=0}[ReservedThreadExecutor@6c03fb16{s=1/4,p=0}][pc=0,pic=0,pec=0,epc=0]@2020-09-27T17:34:14.178+01:00
17:34:14.179 [main] DEBUG o.e.j.u.component.AbstractLifeCycle - STOPPED ManagedSelector@26f7cdf8{STOPPED} id=0 keys=-1 selected=-1 updates=0
17:34:14.179 [main] DEBUG o.e.j.u.component.AbstractLifeCycle - STOPPED SelectorManager@ServerConnector@4bb003e9{HTTP/1.1,[http/1.1]}{0.0.0.0:9998}
17:34:14.179 [main] DEBUG o.e.j.u.component.AbstractLifeCycle - stopping HttpConnectionFactory@39e67516[HTTP/1.1]
17:34:14.179 [main] DEBUG o.e.j.u.component.AbstractLifeCycle - STOPPED HttpConnectionFactory@39e67516[HTTP/1.1]
17:34:14.179 [main] DEBUG o.e.j.u.component.AbstractLifeCycle - stopping ScheduledExecutorScheduler@12aa4996{STARTED}
17:34:14.179 [main] DEBUG o.e.j.u.component.AbstractLifeCycle - STOPPED ScheduledExecutorScheduler@12aa4996{STOPPED}
17:34:14.179 [main] INFO  o.e.jetty.server.AbstractConnector - Stopped ServerConnector@4bb003e9{HTTP/1.1,[http/1.1]}{0.0.0.0:9998}
17:34:14.181 [main] DEBUG o.e.j.u.component.AbstractLifeCycle - STOPPED ServerConnector@4bb003e9{HTTP/1.1,[http/1.1]}{0.0.0.0:9998}
17:34:14.182 [main] DEBUG o.e.j.server.handler.AbstractHandler - stopping Server@43034809{STOPPING}[9.4.17.v20190418]
17:34:14.182 [main] DEBUG o.e.j.u.component.AbstractLifeCycle - stopping ErrorHandler@2ca5f1ed{STARTED}
17:34:14.183 [main] DEBUG o.e.j.server.handler.AbstractHandler - stopping ErrorHandler@2ca5f1ed{STOPPING}
17:34:14.183 [main] DEBUG o.e.j.u.component.AbstractLifeCycle - STOPPED ErrorHandler@2ca5f1ed{STOPPED}
17:34:14.183 [main] DEBUG o.e.j.u.component.AbstractLifeCycle - stopping JettyHttpContainer@67c119b7{STARTED}
17:34:14.183 [main] DEBUG o.e.j.server.handler.AbstractHandler - stopping JettyHttpContainer@67c119b7{STOPPING}
17:34:14.194 [main] DEBUG o.e.j.u.component.AbstractLifeCycle - STOPPED JettyHttpContainer@67c119b7{STOPPED}
17:34:14.194 [main] DEBUG o.e.j.u.component.AbstractLifeCycle - stopping JettyConnectorThreadPool[qtp2081952435]@7c1812b3{STARTED,8<=8<=200,i=7,q=0}[ReservedThreadExecutor@6c03fb16{s=1/4,p=0}]
17:34:14.194 [main] DEBUG o.e.j.util.thread.QueuedThreadPool - Stopping JettyConnectorThreadPool[qtp2081952435]@7c1812b3{STOPPING,8<=8<=200,i=7,q=0}[ReservedThreadExecutor@6c03fb16{s=1/4,p=0}]
17:34:14.194 [main] DEBUG o.e.j.u.component.AbstractLifeCycle - stopping ReservedThreadExecutor@6c03fb16{s=1/4,p=0}
17:34:14.194 [main] DEBUG o.e.j.u.t.ReservedThreadExecutor - ReservedThreadExecutor@6c03fb16{s=0/4,p=0}@7ec74969 offer STOP!
17:34:14.194 [main] DEBUG o.e.j.u.component.AbstractLifeCycle - STOPPED ReservedThreadExecutor@6c03fb16{s=0/4,p=0}
17:34:14.194 [qtp2081952435-53] DEBUG o.e.j.u.t.ReservedThreadExecutor - ReservedThreadExecutor@6c03fb16{s=0/4,p=0}@7ec74969 task=STOP!
17:34:14.194 [qtp2081952435-53] DEBUG o.e.j.u.t.ReservedThreadExecutor - ReservedThreadExecutor@6c03fb16{s=0/4,p=0}@7ec74969 Exited
17:34:14.194 [qtp2081952435-52] DEBUG o.e.j.util.thread.QueuedThreadPool - run org.eclipse.jetty.util.thread.QueuedThreadPool$$Lambda$264/1914615775@5e9a99b4
17:34:14.194 [qtp2081952435-56] DEBUG o.e.j.util.thread.QueuedThreadPool - run org.eclipse.jetty.util.thread.QueuedThreadPool$$Lambda$264/1914615775@5e9a99b4
17:34:14.195 [qtp2081952435-52] DEBUG o.e.j.util.thread.QueuedThreadPool - ran org.eclipse.jetty.util.thread.QueuedThreadPool$$Lambda$264/1914615775@5e9a99b4
17:34:14.195 [qtp2081952435-51] DEBUG o.e.j.util.thread.QueuedThreadPool - run org.eclipse.jetty.util.thread.QueuedThreadPool$$Lambda$264/1914615775@5e9a99b4
17:34:14.195 [qtp2081952435-53] DEBUG o.e.j.util.thread.QueuedThreadPool - ran ReservedThreadExecutor@6c03fb16{s=0/4,p=0}@7ec74969
17:34:14.195 [qtp2081952435-49] DEBUG o.e.j.util.thread.QueuedThreadPool - run org.eclipse.jetty.util.thread.QueuedThreadPool$$Lambda$264/1914615775@5e9a99b4
17:34:14.195 [qtp2081952435-49] DEBUG o.e.j.util.thread.QueuedThreadPool - ran org.eclipse.jetty.util.thread.QueuedThreadPool$$Lambda$264/1914615775@5e9a99b4
17:34:14.195 [qtp2081952435-56] DEBUG o.e.j.util.thread.QueuedThreadPool - ran org.eclipse.jetty.util.thread.QueuedThreadPool$$Lambda$264/1914615775@5e9a99b4
17:34:14.195 [qtp2081952435-55] DEBUG o.e.j.util.thread.QueuedThreadPool - run org.eclipse.jetty.util.thread.QueuedThreadPool$$Lambda$264/1914615775@5e9a99b4
17:34:14.195 [qtp2081952435-51] DEBUG o.e.j.util.thread.QueuedThreadPool - ran org.eclipse.jetty.util.thread.QueuedThreadPool$$Lambda$264/1914615775@5e9a99b4
17:34:14.194 [main] DEBUG o.e.j.util.thread.QueuedThreadPool - Waiting for Thread[qtp2081952435-50,5,main] for 14999
17:34:14.195 [qtp2081952435-50] DEBUG o.e.j.util.thread.QueuedThreadPool - run org.eclipse.jetty.util.thread.QueuedThreadPool$$Lambda$264/1914615775@5e9a99b4
17:34:14.195 [qtp2081952435-54] DEBUG o.e.j.util.thread.QueuedThreadPool - run org.eclipse.jetty.util.thread.QueuedThreadPool$$Lambda$264/1914615775@5e9a99b4
17:34:14.195 [qtp2081952435-55] DEBUG o.e.j.util.thread.QueuedThreadPool - ran org.eclipse.jetty.util.thread.QueuedThreadPool$$Lambda$264/1914615775@5e9a99b4
17:34:14.195 [qtp2081952435-50] DEBUG o.e.j.util.thread.QueuedThreadPool - ran org.eclipse.jetty.util.thread.QueuedThreadPool$$Lambda$264/1914615775@5e9a99b4
17:34:14.195 [qtp2081952435-54] DEBUG o.e.j.util.thread.QueuedThreadPool - ran org.eclipse.jetty.util.thread.QueuedThreadPool$$Lambda$264/1914615775@5e9a99b4
17:34:14.195 [main] DEBUG o.e.j.util.thread.QueuedThreadPool - Waiting for Thread[qtp2081952435-51,5,] for 14998
17:34:14.196 [main] DEBUG o.e.j.util.thread.QueuedThreadPool - Waiting for Thread[qtp2081952435-55,5,] for 14998
17:34:14.211 [main] DEBUG o.e.j.u.component.AbstractLifeCycle - STOPPED JettyConnectorThreadPool[qtp2081952435]@7c1812b3{STOPPED,8<=0<=200,i=0,q=0}[org.eclipse.jetty.util.thread.TryExecutor$$Lambda$157/1967617997@759fad4]
17:34:14.213 [main] DEBUG o.e.j.u.component.AbstractLifeCycle - STOPPED Server@43034809{STOPPED}[9.4.17.v20190418]
]]></system-out>
    <system-err><![CDATA[Sep 27, 2020 5:34:13 PM org.glassfish.jersey.test.jetty.JettyTestContainerFactory$JettyTestContainer <init>
INFO: Creating JettyTestContainer configured at the base URI http://localhost:9998/
]]></system-err>
  </testcase>
  <testcase name="testCreateContactWithMissingLastName" classname="com.brunogoncalves.phonebook.resource.ContactResourceTest" time="0.34">
    <system-out><![CDATA[17:34:14.333 [main] DEBUG o.h.v.i.e.r.TraversableResolvers - Cannot find javax.persistence.Persistence on classpath. Assuming non JPA 2 environment. All properties will per default be traversable.
17:34:14.334 [main] DEBUG o.h.v.i.x.config.ValidationXmlParser - Trying to load META-INF/validation.xml for XML based Validator configuration.
17:34:14.334 [main] DEBUG o.h.v.i.x.c.ResourceLoaderHelper - Trying to load META-INF/validation.xml via TCCL
17:34:14.334 [main] DEBUG o.h.v.i.x.c.ResourceLoaderHelper - Trying to load META-INF/validation.xml via Hibernate Validator's class loader
17:34:14.335 [main] DEBUG o.h.v.i.x.config.ValidationXmlParser - No META-INF/validation.xml found. Using annotation based configuration only.
17:34:14.345 [main] DEBUG o.h.v.m.ResourceBundleMessageInterpolator - Loaded expression factory via original TCCL
17:34:14.345 [main] DEBUG o.h.v.i.engine.ValidatorFactoryImpl - HV000234: Using org.hibernate.validator.messageinterpolation.ResourceBundleMessageInterpolator as ValidatorFactory-scoped message interpolator.
17:34:14.345 [main] DEBUG o.h.v.i.engine.ValidatorFactoryImpl - HV000234: Using org.hibernate.validator.internal.engine.resolver.TraverseAllTraversableResolver as ValidatorFactory-scoped traversable resolver.
17:34:14.345 [main] DEBUG o.h.v.i.engine.ValidatorFactoryImpl - HV000234: Using org.hibernate.validator.internal.util.ExecutableParameterNameProvider as ValidatorFactory-scoped parameter name provider.
17:34:14.345 [main] DEBUG o.h.v.i.engine.ValidatorFactoryImpl - HV000234: Using org.hibernate.validator.internal.engine.DefaultClockProvider as ValidatorFactory-scoped clock provider.
17:34:14.345 [main] DEBUG o.h.v.i.engine.ValidatorFactoryImpl - HV000234: Using org.hibernate.validator.internal.engine.scripting.DefaultScriptEvaluatorFactory as ValidatorFactory-scoped script evaluator factory.
17:34:14.353 [main] DEBUG o.e.j.u.component.ContainerLifeCycle - Server@96a75da{STOPPED}[9.4.17.v20190418] added {JettyConnectorThreadPool[qtp1519173630]@5a8cbffe{STOPPED,8<=0<=200,i=0,q=0}[org.eclipse.jetty.util.thread.TryExecutor$$Lambda$157/1967617997@759fad4],AUTO}
17:34:14.353 [main] DEBUG o.e.j.u.component.ContainerLifeCycle - HttpConnectionFactory@61e7bf2f[HTTP/1.1] added {HttpConfiguration@1a28b346{32768/8192,8192/8192,https://:0,[]},POJO}
17:34:14.354 [main] DEBUG o.e.j.u.component.ContainerLifeCycle - ServerConnector@25e49cb2{null,[]}{0.0.0.0:0} added {Server@96a75da{STOPPED}[9.4.17.v20190418],UNMANAGED}
17:34:14.354 [main] DEBUG o.e.j.u.component.ContainerLifeCycle - ServerConnector@25e49cb2{null,[]}{0.0.0.0:0} added {JettyConnectorThreadPool[qtp1519173630]@5a8cbffe{STOPPED,8<=0<=200,i=0,q=0}[org.eclipse.jetty.util.thread.TryExecutor$$Lambda$157/1967617997@759fad4],AUTO}
17:34:14.354 [main] DEBUG o.e.j.u.component.ContainerLifeCycle - ServerConnector@25e49cb2{null,[]}{0.0.0.0:0} added {ScheduledExecutorScheduler@7f7af971{STOPPED},AUTO}
17:34:14.354 [main] DEBUG o.e.j.u.component.ContainerLifeCycle - ServerConnector@25e49cb2{null,[]}{0.0.0.0:0} added {org.eclipse.jetty.io.ArrayByteBufferPool@23382f76,POJO}
17:34:14.354 [main] DEBUG o.e.j.u.component.ContainerLifeCycle - ServerConnector@25e49cb2{null,[http/1.1]}{0.0.0.0:0} added {HttpConnectionFactory@61e7bf2f[HTTP/1.1],AUTO}
17:34:14.354 [main] DEBUG o.e.jetty.server.AbstractConnector - ServerConnector@25e49cb2{HTTP/1.1,[http/1.1]}{0.0.0.0:0} added HttpConnectionFactory@61e7bf2f[HTTP/1.1]
17:34:14.354 [main] DEBUG o.e.j.u.component.ContainerLifeCycle - ServerConnector@25e49cb2{HTTP/1.1,[http/1.1]}{0.0.0.0:0} added {SelectorManager@ServerConnector@25e49cb2{HTTP/1.1,[http/1.1]}{0.0.0.0:0},MANAGED}
17:34:14.354 [main] DEBUG o.e.j.u.component.ContainerLifeCycle - Server@96a75da{STOPPED}[9.4.17.v20190418] added {ServerConnector@25e49cb2{HTTP/1.1,[http/1.1]}{0.0.0.0:9998},AUTO}
17:34:14.354 [main] DEBUG o.e.j.u.component.ContainerLifeCycle - Server@96a75da{STOPPED}[9.4.17.v20190418] added {JettyHttpContainer@7c551ad4{STOPPED},MANAGED}
17:34:14.354 [main] DEBUG o.e.j.u.component.AbstractLifeCycle - starting Server@96a75da{STOPPED}[9.4.17.v20190418]
17:34:14.354 [main] DEBUG o.e.j.u.component.ContainerLifeCycle - Server@96a75da{STARTING}[9.4.17.v20190418] added {ErrorHandler@7d5508e0{STOPPED},AUTO}
17:34:14.354 [main] INFO  org.eclipse.jetty.server.Server - jetty-9.4.17.v20190418; built: 2019-04-18T19:45:35.259Z; git: aa1c656c315c011c01e7b21aabb04066635b9f67; jvm 1.8.0_261-b12
17:34:14.354 [main] DEBUG o.e.j.server.handler.AbstractHandler - starting Server@96a75da{STARTING}[9.4.17.v20190418]
17:34:14.354 [main] DEBUG o.e.j.u.component.AbstractLifeCycle - starting JettyConnectorThreadPool[qtp1519173630]@5a8cbffe{STOPPED,8<=0<=200,i=0,q=0}[org.eclipse.jetty.util.thread.TryExecutor$$Lambda$157/1967617997@759fad4]
17:34:14.354 [main] DEBUG o.e.j.u.t.ReservedThreadExecutor - ReservedThreadExecutor@554cd74a{s=0/4,p=0}
17:34:14.354 [main] DEBUG o.e.j.u.component.ContainerLifeCycle - JettyConnectorThreadPool[qtp1519173630]@5a8cbffe{STARTING,8<=0<=200,i=0,q=0}[ReservedThreadExecutor@554cd74a{s=0/4,p=0}] added {ReservedThreadExecutor@554cd74a{s=0/4,p=0},AUTO}
17:34:14.354 [main] DEBUG o.e.j.u.component.AbstractLifeCycle - starting ReservedThreadExecutor@554cd74a{s=0/4,p=0}
17:34:14.355 [main] DEBUG o.e.j.u.component.AbstractLifeCycle - STARTED @5006ms ReservedThreadExecutor@554cd74a{s=0/4,p=0}
17:34:14.355 [main] DEBUG o.e.j.util.thread.QueuedThreadPool - Starting Thread[qtp1519173630-58,5,main]
17:34:14.355 [main] DEBUG o.e.j.util.thread.QueuedThreadPool - Starting Thread[qtp1519173630-59,5,main]
17:34:14.356 [main] DEBUG o.e.j.util.thread.QueuedThreadPool - Starting Thread[qtp1519173630-60,5,main]
17:34:14.356 [main] DEBUG o.e.j.util.thread.QueuedThreadPool - Starting Thread[qtp1519173630-61,5,main]
17:34:14.356 [main] DEBUG o.e.j.util.thread.QueuedThreadPool - Starting Thread[qtp1519173630-62,5,main]
17:34:14.357 [main] DEBUG o.e.j.util.thread.QueuedThreadPool - Starting Thread[qtp1519173630-63,5,main]
17:34:14.357 [main] DEBUG o.e.j.util.thread.QueuedThreadPool - Starting Thread[qtp1519173630-64,5,main]
17:34:14.358 [main] DEBUG o.e.j.util.thread.QueuedThreadPool - Starting Thread[qtp1519173630-65,5,main]
17:34:14.358 [main] DEBUG o.e.j.u.component.AbstractLifeCycle - STARTED @5010ms JettyConnectorThreadPool[qtp1519173630]@5a8cbffe{STARTED,8<=8<=200,i=8,q=0}[ReservedThreadExecutor@554cd74a{s=0/4,p=0}]
17:34:14.358 [main] DEBUG o.e.j.u.component.AbstractLifeCycle - starting JettyHttpContainer@7c551ad4{STOPPED}
17:34:14.358 [main] DEBUG o.e.j.server.handler.AbstractHandler - starting JettyHttpContainer@7c551ad4{STARTING}
17:34:14.358 [main] DEBUG o.e.j.u.component.AbstractLifeCycle - STARTED @5010ms JettyHttpContainer@7c551ad4{STARTED}
17:34:14.358 [main] DEBUG o.e.j.u.component.AbstractLifeCycle - starting ErrorHandler@7d5508e0{STOPPED}
17:34:14.358 [main] DEBUG o.e.j.server.handler.AbstractHandler - starting ErrorHandler@7d5508e0{STARTING}
17:34:14.359 [main] DEBUG o.e.j.u.component.AbstractLifeCycle - STARTED @5010ms ErrorHandler@7d5508e0{STARTED}
17:34:14.359 [main] DEBUG o.e.j.u.component.AbstractLifeCycle - starting ServerConnector@25e49cb2{HTTP/1.1,[http/1.1]}{0.0.0.0:9998}
17:34:14.360 [main] DEBUG o.e.j.u.component.ContainerLifeCycle - ServerConnector@25e49cb2{HTTP/1.1,[http/1.1]}{0.0.0.0:9998} added {sun.nio.ch.ServerSocketChannelImpl[/0:0:0:0:0:0:0:0:9998],POJO}
17:34:14.361 [main] DEBUG o.e.j.u.component.AbstractLifeCycle - starting ScheduledExecutorScheduler@7f7af971{STOPPED}
17:34:14.361 [main] DEBUG o.e.j.u.component.AbstractLifeCycle - STARTED @5013ms ScheduledExecutorScheduler@7f7af971{STARTED}
17:34:14.361 [main] DEBUG o.e.j.u.component.AbstractLifeCycle - starting HttpConnectionFactory@61e7bf2f[HTTP/1.1]
17:34:14.362 [main] DEBUG o.e.j.u.component.AbstractLifeCycle - STARTED @5013ms HttpConnectionFactory@61e7bf2f[HTTP/1.1]
17:34:14.362 [main] DEBUG o.e.j.u.component.AbstractLifeCycle - starting SelectorManager@ServerConnector@25e49cb2{HTTP/1.1,[http/1.1]}{0.0.0.0:9998}
17:34:14.363 [main] DEBUG o.e.j.u.component.ContainerLifeCycle - EatWhatYouKill@3d8b319e/SelectorProducer@27a97e08/IDLE/p=false/JettyConnectorThreadPool[qtp1519173630]@5a8cbffe{STARTED,8<=8<=200,i=8,q=0}[ReservedThreadExecutor@554cd74a{s=0/4,p=0}][pc=0,pic=0,pec=0,epc=0]@2020-09-27T17:34:14.363+01:00 added {SelectorProducer@27a97e08,POJO}
17:34:14.364 [main] DEBUG o.e.j.u.component.ContainerLifeCycle - EatWhatYouKill@3d8b319e/SelectorProducer@27a97e08/IDLE/p=false/JettyConnectorThreadPool[qtp1519173630]@5a8cbffe{STARTED,8<=8<=200,i=8,q=0}[ReservedThreadExecutor@554cd74a{s=0/4,p=0}][pc=0,pic=0,pec=0,epc=0]@2020-09-27T17:34:14.364+01:00 added {JettyConnectorThreadPool[qtp1519173630]@5a8cbffe{STARTED,8<=8<=200,i=8,q=0}[ReservedThreadExecutor@554cd74a{s=0/4,p=0}],UNMANAGED}
17:34:14.365 [main] DEBUG o.e.j.u.t.strategy.EatWhatYouKill - EatWhatYouKill@3d8b319e/SelectorProducer@27a97e08/IDLE/p=false/JettyConnectorThreadPool[qtp1519173630]@5a8cbffe{STARTED,8<=8<=200,i=8,q=0}[ReservedThreadExecutor@554cd74a{s=0/4,p=0}][pc=0,pic=0,pec=0,epc=0]@2020-09-27T17:34:14.365+01:00 created
17:34:14.366 [main] DEBUG o.e.j.u.component.ContainerLifeCycle - ManagedSelector@77e7246b{STOPPED} id=0 keys=-1 selected=-1 updates=0 added {EatWhatYouKill@3d8b319e/SelectorProducer@27a97e08/IDLE/p=false/JettyConnectorThreadPool[qtp1519173630]@5a8cbffe{STARTED,8<=8<=200,i=8,q=0}[ReservedThreadExecutor@554cd74a{s=0/4,p=0}][pc=0,pic=0,pec=0,epc=0]@2020-09-27T17:34:14.365+01:00,MANAGED}
17:34:14.367 [main] DEBUG o.e.j.u.component.ContainerLifeCycle - SelectorManager@ServerConnector@25e49cb2{HTTP/1.1,[http/1.1]}{0.0.0.0:9998} added {ManagedSelector@77e7246b{STOPPED} id=0 keys=-1 selected=-1 updates=0,AUTO}
17:34:14.367 [main] DEBUG o.e.j.u.component.ContainerLifeCycle - EatWhatYouKill@5918c260/SelectorProducer@3d7b1f1c/IDLE/p=false/JettyConnectorThreadPool[qtp1519173630]@5a8cbffe{STARTED,8<=8<=200,i=8,q=0}[ReservedThreadExecutor@554cd74a{s=0/4,p=0}][pc=0,pic=0,pec=0,epc=0]@2020-09-27T17:34:14.367+01:00 added {SelectorProducer@3d7b1f1c,POJO}
17:34:14.367 [main] DEBUG o.e.j.u.component.ContainerLifeCycle - EatWhatYouKill@5918c260/SelectorProducer@3d7b1f1c/IDLE/p=false/JettyConnectorThreadPool[qtp1519173630]@5a8cbffe{STARTED,8<=8<=200,i=8,q=0}[ReservedThreadExecutor@554cd74a{s=0/4,p=0}][pc=0,pic=0,pec=0,epc=0]@2020-09-27T17:34:14.367+01:00 added {JettyConnectorThreadPool[qtp1519173630]@5a8cbffe{STARTED,8<=8<=200,i=8,q=0}[ReservedThreadExecutor@554cd74a{s=0/4,p=0}],UNMANAGED}
17:34:14.368 [main] DEBUG o.e.j.u.t.strategy.EatWhatYouKill - EatWhatYouKill@5918c260/SelectorProducer@3d7b1f1c/IDLE/p=false/JettyConnectorThreadPool[qtp1519173630]@5a8cbffe{STARTED,8<=8<=200,i=8,q=0}[ReservedThreadExecutor@554cd74a{s=0/4,p=0}][pc=0,pic=0,pec=0,epc=0]@2020-09-27T17:34:14.368+01:00 created
17:34:14.368 [main] DEBUG o.e.j.u.component.ContainerLifeCycle - ManagedSelector@51ce6f85{STOPPED} id=1 keys=-1 selected=-1 updates=0 added {EatWhatYouKill@5918c260/SelectorProducer@3d7b1f1c/IDLE/p=false/JettyConnectorThreadPool[qtp1519173630]@5a8cbffe{STARTED,8<=8<=200,i=8,q=0}[ReservedThreadExecutor@554cd74a{s=0/4,p=0}][pc=0,pic=0,pec=0,epc=0]@2020-09-27T17:34:14.368+01:00,MANAGED}
17:34:14.368 [main] DEBUG o.e.j.u.component.ContainerLifeCycle - SelectorManager@ServerConnector@25e49cb2{HTTP/1.1,[http/1.1]}{0.0.0.0:9998} added {ManagedSelector@51ce6f85{STOPPED} id=1 keys=-1 selected=-1 updates=0,AUTO}
17:34:14.368 [main] DEBUG o.e.j.u.component.AbstractLifeCycle - starting ManagedSelector@77e7246b{STOPPED} id=0 keys=-1 selected=-1 updates=0
17:34:14.368 [main] DEBUG o.e.j.u.component.AbstractLifeCycle - starting EatWhatYouKill@3d8b319e/SelectorProducer@27a97e08/IDLE/p=false/JettyConnectorThreadPool[qtp1519173630]@5a8cbffe{STARTED,8<=8<=200,i=8,q=0}[ReservedThreadExecutor@554cd74a{s=0/4,p=0}][pc=0,pic=0,pec=0,epc=0]@2020-09-27T17:34:14.368+01:00
17:34:14.368 [main] DEBUG o.e.j.u.component.AbstractLifeCycle - STARTED @5020ms EatWhatYouKill@3d8b319e/SelectorProducer@27a97e08/IDLE/p=false/JettyConnectorThreadPool[qtp1519173630]@5a8cbffe{STARTED,8<=8<=200,i=8,q=0}[ReservedThreadExecutor@554cd74a{s=0/4,p=0}][pc=0,pic=0,pec=0,epc=0]@2020-09-27T17:34:14.368+01:00
17:34:14.368 [main] DEBUG o.e.j.util.thread.QueuedThreadPool - queue org.eclipse.jetty.io.ManagedSelector$$Lambda$175/1736293769@1f44ddab
17:34:14.368 [main] DEBUG org.eclipse.jetty.io.ManagedSelector - Queued change org.eclipse.jetty.io.ManagedSelector$Start@5017e1 on ManagedSelector@77e7246b{STARTING} id=0 keys=0 selected=0 updates=0
17:34:14.368 [qtp1519173630-58] DEBUG o.e.j.util.thread.QueuedThreadPool - run org.eclipse.jetty.io.ManagedSelector$$Lambda$175/1736293769@1f44ddab
17:34:14.368 [qtp1519173630-58] DEBUG o.e.j.u.t.strategy.EatWhatYouKill - EatWhatYouKill@3d8b319e/SelectorProducer@27a97e08/IDLE/p=false/JettyConnectorThreadPool[qtp1519173630]@5a8cbffe{STARTED,8<=8<=200,i=7,q=0}[ReservedThreadExecutor@554cd74a{s=0/4,p=0}][pc=0,pic=0,pec=0,epc=0]@2020-09-27T17:34:14.368+01:00 tryProduce false
17:34:14.368 [qtp1519173630-58] DEBUG org.eclipse.jetty.io.ManagedSelector - updateable 1
17:34:14.368 [qtp1519173630-58] DEBUG org.eclipse.jetty.io.ManagedSelector - update org.eclipse.jetty.io.ManagedSelector$Start@5017e1
17:34:14.368 [qtp1519173630-58] DEBUG org.eclipse.jetty.io.ManagedSelector - updates 0
17:34:14.368 [qtp1519173630-58] DEBUG org.eclipse.jetty.io.ManagedSelector - Selector sun.nio.ch.KQueueSelectorImpl@2fbd6ab waiting with 0 keys
17:34:14.369 [main] DEBUG o.e.j.u.component.AbstractLifeCycle - STARTED @5020ms ManagedSelector@77e7246b{STARTED} id=0 keys=0 selected=0 updates=0
17:34:14.369 [main] DEBUG o.e.j.u.component.AbstractLifeCycle - starting ManagedSelector@51ce6f85{STOPPED} id=1 keys=-1 selected=-1 updates=0
17:34:14.369 [main] DEBUG o.e.j.u.component.AbstractLifeCycle - starting EatWhatYouKill@5918c260/SelectorProducer@3d7b1f1c/IDLE/p=false/JettyConnectorThreadPool[qtp1519173630]@5a8cbffe{STARTED,8<=8<=200,i=7,q=0}[ReservedThreadExecutor@554cd74a{s=0/4,p=0}][pc=0,pic=0,pec=0,epc=0]@2020-09-27T17:34:14.369+01:00
17:34:14.369 [main] DEBUG o.e.j.u.component.AbstractLifeCycle - STARTED @5020ms EatWhatYouKill@5918c260/SelectorProducer@3d7b1f1c/IDLE/p=false/JettyConnectorThreadPool[qtp1519173630]@5a8cbffe{STARTED,8<=8<=200,i=7,q=0}[ReservedThreadExecutor@554cd74a{s=0/4,p=0}][pc=0,pic=0,pec=0,epc=0]@2020-09-27T17:34:14.369+01:00
17:34:14.369 [main] DEBUG o.e.j.util.thread.QueuedThreadPool - queue org.eclipse.jetty.io.ManagedSelector$$Lambda$175/1736293769@65b66b08
17:34:14.369 [main] DEBUG org.eclipse.jetty.io.ManagedSelector - Queued change org.eclipse.jetty.io.ManagedSelector$Start@4726927c on ManagedSelector@51ce6f85{STARTING} id=1 keys=0 selected=0 updates=0
17:34:14.369 [qtp1519173630-59] DEBUG o.e.j.util.thread.QueuedThreadPool - run org.eclipse.jetty.io.ManagedSelector$$Lambda$175/1736293769@65b66b08
17:34:14.369 [qtp1519173630-59] DEBUG o.e.j.u.t.strategy.EatWhatYouKill - EatWhatYouKill@5918c260/SelectorProducer@3d7b1f1c/IDLE/p=false/JettyConnectorThreadPool[qtp1519173630]@5a8cbffe{STARTED,8<=8<=200,i=6,q=0}[ReservedThreadExecutor@554cd74a{s=0/4,p=0}][pc=0,pic=0,pec=0,epc=0]@2020-09-27T17:34:14.369+01:00 tryProduce false
17:34:14.369 [qtp1519173630-59] DEBUG org.eclipse.jetty.io.ManagedSelector - updateable 1
17:34:14.369 [qtp1519173630-59] DEBUG org.eclipse.jetty.io.ManagedSelector - update org.eclipse.jetty.io.ManagedSelector$Start@4726927c
17:34:14.369 [qtp1519173630-59] DEBUG org.eclipse.jetty.io.ManagedSelector - updates 0
17:34:14.369 [qtp1519173630-59] DEBUG org.eclipse.jetty.io.ManagedSelector - Selector sun.nio.ch.KQueueSelectorImpl@54daeb65 waiting with 0 keys
17:34:14.369 [main] DEBUG o.e.j.u.component.AbstractLifeCycle - STARTED @5021ms ManagedSelector@51ce6f85{STARTED} id=1 keys=0 selected=0 updates=0
17:34:14.369 [main] DEBUG o.e.j.u.component.AbstractLifeCycle - STARTED @5021ms SelectorManager@ServerConnector@25e49cb2{HTTP/1.1,[http/1.1]}{0.0.0.0:9998}
17:34:14.369 [main] DEBUG o.e.j.u.component.ContainerLifeCycle - ServerConnector@25e49cb2{HTTP/1.1,[http/1.1]}{0.0.0.0:9998} added {acceptor-0@7eb6b6b6,POJO}
17:34:14.369 [main] DEBUG o.e.j.util.thread.QueuedThreadPool - queue acceptor-0@7eb6b6b6
17:34:14.369 [main] INFO  o.e.jetty.server.AbstractConnector - Started ServerConnector@25e49cb2{HTTP/1.1,[http/1.1]}{0.0.0.0:9998}
17:34:14.369 [qtp1519173630-60] DEBUG o.e.j.util.thread.QueuedThreadPool - run acceptor-0@7eb6b6b6
17:34:14.369 [main] DEBUG o.e.j.u.component.AbstractLifeCycle - STARTED @5021ms ServerConnector@25e49cb2{HTTP/1.1,[http/1.1]}{0.0.0.0:9998}
17:34:14.369 [main] INFO  org.eclipse.jetty.server.Server - Started @5021ms
17:34:14.369 [main] DEBUG o.e.j.u.component.AbstractLifeCycle - STARTED @5021ms Server@96a75da{STARTED}[9.4.17.v20190418]
17:34:14.403 [qtp1519173630-60-acceptor-0@7eb6b6b6-ServerConnector@25e49cb2{HTTP/1.1,[http/1.1]}{0.0.0.0:9998}] DEBUG org.eclipse.jetty.io.ManagedSelector - Queued change org.eclipse.jetty.io.ManagedSelector$Accept@33e2e451 on ManagedSelector@51ce6f85{STARTED} id=1 keys=0 selected=0 updates=0
17:34:14.403 [qtp1519173630-60-acceptor-0@7eb6b6b6-ServerConnector@25e49cb2{HTTP/1.1,[http/1.1]}{0.0.0.0:9998}] DEBUG org.eclipse.jetty.io.ManagedSelector - Wakeup on submit ManagedSelector@51ce6f85{STARTED} id=1 keys=0 selected=0 updates=1
17:34:14.403 [qtp1519173630-59] DEBUG org.eclipse.jetty.io.ManagedSelector - Selector sun.nio.ch.KQueueSelectorImpl@54daeb65 woken with none selected
17:34:14.403 [qtp1519173630-59] DEBUG org.eclipse.jetty.io.ManagedSelector - Selector sun.nio.ch.KQueueSelectorImpl@54daeb65 woken up from select, 0/0/0 selected
17:34:14.403 [qtp1519173630-59] DEBUG org.eclipse.jetty.io.ManagedSelector - Selector sun.nio.ch.KQueueSelectorImpl@54daeb65 processing 0 keys, 1 updates
17:34:14.403 [qtp1519173630-59] DEBUG org.eclipse.jetty.io.ManagedSelector - updateable 1
17:34:14.403 [qtp1519173630-59] DEBUG org.eclipse.jetty.io.ManagedSelector - update org.eclipse.jetty.io.ManagedSelector$Accept@33e2e451
17:34:14.403 [qtp1519173630-59] DEBUG o.e.j.util.thread.QueuedThreadPool - queue org.eclipse.jetty.io.ManagedSelector$Accept@33e2e451
17:34:14.404 [qtp1519173630-59] DEBUG org.eclipse.jetty.io.ManagedSelector - updates 0
17:34:14.404 [qtp1519173630-59] DEBUG org.eclipse.jetty.io.ManagedSelector - Selector sun.nio.ch.KQueueSelectorImpl@54daeb65 waiting with 1 keys
17:34:14.404 [qtp1519173630-61] DEBUG o.e.j.util.thread.QueuedThreadPool - run org.eclipse.jetty.io.ManagedSelector$Accept@33e2e451
17:34:14.404 [qtp1519173630-61] DEBUG org.eclipse.jetty.io.IdleTimeout - SocketChannelEndPoint@55d89143{/127.0.0.1:55188<->/127.0.0.1:9998,OPEN,fill=-,flush=-,to=0/30000}{io=0/0,kio=0,kro=0}-><null> idle timeout check, elapsed: 0 ms, remaining: 30000 ms
17:34:14.405 [qtp1519173630-61] DEBUG org.eclipse.jetty.server.HttpChannel - new HttpChannelOverHttp@5f20fa33{r=0,c=false,c=false/false,a=IDLE,uri=null,age=0} -> SocketChannelEndPoint@55d89143{/127.0.0.1:55188<->/127.0.0.1:9998,OPEN,fill=-,flush=-,to=1/30000}{io=0/0,kio=0,kro=0}-><null>,null,HttpChannelState@1a227fb3{s=IDLE a=NOT_ASYNC i=true r=IDLE w=false}
17:34:14.405 [qtp1519173630-61] DEBUG o.e.jetty.server.HttpConnection - New HTTP Connection HttpConnection@b61a73d::SocketChannelEndPoint@55d89143{/127.0.0.1:55188<->/127.0.0.1:9998,OPEN,fill=-,flush=-,to=1/30000}{io=0/0,kio=0,kro=0}-><null>
17:34:14.405 [qtp1519173630-61] DEBUG o.eclipse.jetty.io.AbstractEndPoint - onOpen SocketChannelEndPoint@55d89143{/127.0.0.1:55188<->/127.0.0.1:9998,OPEN,fill=-,flush=-,to=1/30000}{io=0/0,kio=0,kro=0}->HttpConnection@b61a73d[p=HttpParser{s=START,0 of -1},g=HttpGenerator@2b7220ec{s=START}]=>HttpChannelOverHttp@5f20fa33{r=0,c=false,c=false/false,a=IDLE,uri=null,age=0}
17:34:14.405 [qtp1519173630-61] DEBUG o.e.jetty.io.AbstractConnection - onOpen HttpConnection@b61a73d::SocketChannelEndPoint@55d89143{/127.0.0.1:55188<->/127.0.0.1:9998,OPEN,fill=-,flush=-,to=1/30000}{io=0/0,kio=0,kro=0}->HttpConnection@b61a73d[p=HttpParser{s=START,0 of -1},g=HttpGenerator@2b7220ec{s=START}]=>HttpChannelOverHttp@5f20fa33{r=0,c=false,c=false/false,a=IDLE,uri=null,age=0}
17:34:14.405 [qtp1519173630-61] DEBUG o.e.jetty.io.AbstractConnection - fillInterested HttpConnection@b61a73d::SocketChannelEndPoint@55d89143{/127.0.0.1:55188<->/127.0.0.1:9998,OPEN,fill=-,flush=-,to=1/30000}{io=0/0,kio=0,kro=0}->HttpConnection@b61a73d[p=HttpParser{s=START,0 of -1},g=HttpGenerator@2b7220ec{s=START}]=>HttpChannelOverHttp@5f20fa33{r=0,c=false,c=false/false,a=IDLE,uri=null,age=0}
17:34:14.406 [qtp1519173630-61] DEBUG org.eclipse.jetty.io.FillInterest - interested FillInterest@73dba6d3{AC.ReadCB@b61a73d{HttpConnection@b61a73d::SocketChannelEndPoint@55d89143{/127.0.0.1:55188<->/127.0.0.1:9998,OPEN,fill=FI,flush=-,to=0/30000}{io=0/0,kio=0,kro=0}->HttpConnection@b61a73d[p=HttpParser{s=START,0 of -1},g=HttpGenerator@2b7220ec{s=START}]=>HttpChannelOverHttp@5f20fa33{r=0,c=false,c=false/false,a=IDLE,uri=null,age=0}}}
17:34:14.406 [qtp1519173630-61] DEBUG org.eclipse.jetty.io.ChannelEndPoint - changeInterests p=false 0->1 for SocketChannelEndPoint@55d89143{/127.0.0.1:55188<->/127.0.0.1:9998,OPEN,fill=FI,flush=-,to=1/30000}{io=0/1,kio=0,kro=0}->HttpConnection@b61a73d[p=HttpParser{s=START,0 of -1},g=HttpGenerator@2b7220ec{s=START}]=>HttpChannelOverHttp@5f20fa33{r=0,c=false,c=false/false,a=IDLE,uri=null,age=0}
17:34:14.406 [qtp1519173630-61] DEBUG org.eclipse.jetty.io.ManagedSelector - Queued change org.eclipse.jetty.io.ChannelEndPoint$1@7a0d80fc on ManagedSelector@51ce6f85{STARTED} id=1 keys=1 selected=0 updates=0
17:34:14.406 [qtp1519173630-61] DEBUG org.eclipse.jetty.io.ManagedSelector - Wakeup on submit ManagedSelector@51ce6f85{STARTED} id=1 keys=1 selected=0 updates=1
17:34:14.406 [qtp1519173630-59] DEBUG org.eclipse.jetty.io.ManagedSelector - Selector sun.nio.ch.KQueueSelectorImpl@54daeb65 woken with none selected
17:34:14.406 [qtp1519173630-59] DEBUG org.eclipse.jetty.io.ManagedSelector - Selector sun.nio.ch.KQueueSelectorImpl@54daeb65 woken up from select, 0/0/1 selected
17:34:14.406 [qtp1519173630-61] DEBUG org.eclipse.jetty.io.ManagedSelector - Created SocketChannelEndPoint@55d89143{/127.0.0.1:55188<->/127.0.0.1:9998,OPEN,fill=FI,flush=-,to=1/30000}{io=0/1,kio=0,kro=0}->HttpConnection@b61a73d[p=HttpParser{s=START,0 of -1},g=HttpGenerator@2b7220ec{s=START}]=>HttpChannelOverHttp@5f20fa33{r=0,c=false,c=false/false,a=IDLE,uri=null,age=0}
17:34:14.406 [qtp1519173630-59] DEBUG org.eclipse.jetty.io.ManagedSelector - Selector sun.nio.ch.KQueueSelectorImpl@54daeb65 processing 0 keys, 1 updates
17:34:14.406 [qtp1519173630-61] DEBUG o.e.j.util.thread.QueuedThreadPool - ran org.eclipse.jetty.io.ManagedSelector$Accept@33e2e451
17:34:14.406 [qtp1519173630-59] DEBUG org.eclipse.jetty.io.ManagedSelector - updateable 1
17:34:14.406 [qtp1519173630-59] DEBUG org.eclipse.jetty.io.ManagedSelector - update org.eclipse.jetty.io.ChannelEndPoint$1@7a0d80fc
17:34:14.406 [qtp1519173630-59] DEBUG org.eclipse.jetty.io.ChannelEndPoint - Key interests updated 0 -> 1 on SocketChannelEndPoint@55d89143{/127.0.0.1:55188<->/127.0.0.1:9998,OPEN,fill=FI,flush=-,to=1/30000}{io=1/1,kio=1,kro=0}->HttpConnection@b61a73d[p=HttpParser{s=START,0 of -1},g=HttpGenerator@2b7220ec{s=START}]=>HttpChannelOverHttp@5f20fa33{r=0,c=false,c=false/false,a=IDLE,uri=null,age=0}
17:34:14.406 [qtp1519173630-59] DEBUG org.eclipse.jetty.io.ManagedSelector - updates 0
17:34:14.406 [qtp1519173630-59] DEBUG org.eclipse.jetty.io.ManagedSelector - Selector sun.nio.ch.KQueueSelectorImpl@54daeb65 waiting with 1 keys
17:34:14.406 [qtp1519173630-59] DEBUG org.eclipse.jetty.io.ManagedSelector - Selector sun.nio.ch.KQueueSelectorImpl@54daeb65 woken up from select, 1/1/1 selected
17:34:14.406 [qtp1519173630-59] DEBUG org.eclipse.jetty.io.ManagedSelector - Selector sun.nio.ch.KQueueSelectorImpl@54daeb65 processing 1 keys, 0 updates
17:34:14.407 [qtp1519173630-59] DEBUG org.eclipse.jetty.io.ManagedSelector - selected 1 sun.nio.ch.SelectionKeyImpl@5a1d0f8e SocketChannelEndPoint@55d89143{/127.0.0.1:55188<->/127.0.0.1:9998,OPEN,fill=FI,flush=-,to=2/30000}{io=1/1,kio=1,kro=1}->HttpConnection@b61a73d[p=HttpParser{s=START,0 of -1},g=HttpGenerator@2b7220ec{s=START}]=>HttpChannelOverHttp@5f20fa33{r=0,c=false,c=false/false,a=IDLE,uri=null,age=0} 
17:34:14.407 [qtp1519173630-59] DEBUG org.eclipse.jetty.io.ChannelEndPoint - onSelected 1->0 r=true w=false for SocketChannelEndPoint@55d89143{/127.0.0.1:55188<->/127.0.0.1:9998,OPEN,fill=FI,flush=-,to=2/30000}{io=1/0,kio=1,kro=1}->HttpConnection@b61a73d[p=HttpParser{s=START,0 of -1},g=HttpGenerator@2b7220ec{s=START}]=>HttpChannelOverHttp@5f20fa33{r=0,c=false,c=false/false,a=IDLE,uri=null,age=0}
17:34:14.407 [qtp1519173630-59] DEBUG org.eclipse.jetty.io.ChannelEndPoint - task CEP:SocketChannelEndPoint@55d89143{/127.0.0.1:55188<->/127.0.0.1:9998,OPEN,fill=FI,flush=-,to=2/30000}{io=1/0,kio=1,kro=1}->HttpConnection@b61a73d[p=HttpParser{s=START,0 of -1},g=HttpGenerator@2b7220ec{s=START}]=>HttpChannelOverHttp@5f20fa33{r=0,c=false,c=false/false,a=IDLE,uri=null,age=0}:runFillable:BLOCKING
17:34:14.407 [qtp1519173630-59] DEBUG o.e.j.u.t.ReservedThreadExecutor - ReservedThreadExecutor@554cd74a{s=0/4,p=0} tryExecute EatWhatYouKill@5918c260/SelectorProducer@3d7b1f1c/PRODUCING/p=false/JettyConnectorThreadPool[qtp1519173630]@5a8cbffe{STARTED,8<=8<=200,i=5,q=0}[ReservedThreadExecutor@554cd74a{s=0/4,p=0}][pc=0,pic=0,pec=0,epc=0]@2020-09-27T17:34:14.407+01:00
17:34:14.407 [qtp1519173630-59] DEBUG o.e.j.u.t.ReservedThreadExecutor - ReservedThreadExecutor@554cd74a{s=0/4,p=1} startReservedThread p=1
17:34:14.407 [qtp1519173630-59] DEBUG o.e.j.util.thread.QueuedThreadPool - queue ReservedThreadExecutor@554cd74a{s=0/4,p=1}@5e228015
17:34:14.407 [qtp1519173630-62] DEBUG o.e.j.util.thread.QueuedThreadPool - run ReservedThreadExecutor@554cd74a{s=0/4,p=1}@5e228015
17:34:14.408 [qtp1519173630-62] DEBUG o.e.j.u.t.ReservedThreadExecutor - ReservedThreadExecutor@554cd74a{s=1/4,p=1}@5e228015 started
17:34:14.408 [qtp1519173630-62] DEBUG o.e.j.u.t.ReservedThreadExecutor - ReservedThreadExecutor@554cd74a{s=1/4,p=0}@5e228015 waiting
17:34:14.408 [qtp1519173630-59] DEBUG o.e.j.u.t.strategy.EatWhatYouKill - EatWhatYouKill@5918c260/SelectorProducer@3d7b1f1c/PRODUCING/p=false/JettyConnectorThreadPool[qtp1519173630]@5a8cbffe{STARTED,8<=8<=200,i=4,q=0}[ReservedThreadExecutor@554cd74a{s=0/4,p=1}][pc=0,pic=0,pec=0,epc=0]@2020-09-27T17:34:14.407+01:00 m=PRODUCE_EXECUTE_CONSUME t=CEP:SocketChannelEndPoint@55d89143{/127.0.0.1:55188<->/127.0.0.1:9998,OPEN,fill=FI,flush=-,to=3/30000}{io=1/0,kio=1,kro=1}->HttpConnection@b61a73d[p=HttpParser{s=START,0 of -1},g=HttpGenerator@2b7220ec{s=START}]=>HttpChannelOverHttp@5f20fa33{r=0,c=false,c=false/false,a=IDLE,uri=null,age=0}:runFillable:BLOCKING/BLOCKING
17:34:14.408 [qtp1519173630-59] DEBUG o.e.j.util.thread.QueuedThreadPool - queue CEP:SocketChannelEndPoint@55d89143{/127.0.0.1:55188<->/127.0.0.1:9998,OPEN,fill=FI,flush=-,to=3/30000}{io=1/0,kio=1,kro=1}->HttpConnection@b61a73d[p=HttpParser{s=START,0 of -1},g=HttpGenerator@2b7220ec{s=START}]=>HttpChannelOverHttp@5f20fa33{r=0,c=false,c=false/false,a=IDLE,uri=null,age=0}:runFillable:BLOCKING
17:34:14.408 [qtp1519173630-59] DEBUG org.eclipse.jetty.io.ManagedSelector - updateable 0
17:34:14.408 [qtp1519173630-59] DEBUG org.eclipse.jetty.io.ManagedSelector - updates 0
17:34:14.408 [qtp1519173630-59] DEBUG org.eclipse.jetty.io.ChannelEndPoint - Key interests updated 1 -> 0 on SocketChannelEndPoint@55d89143{/127.0.0.1:55188<->/127.0.0.1:9998,OPEN,fill=FI,flush=-,to=3/30000}{io=0/0,kio=0,kro=1}->HttpConnection@b61a73d[p=HttpParser{s=START,0 of -1},g=HttpGenerator@2b7220ec{s=START}]=>HttpChannelOverHttp@5f20fa33{r=0,c=false,c=false/false,a=IDLE,uri=null,age=0}
17:34:14.408 [qtp1519173630-63] DEBUG o.e.j.util.thread.QueuedThreadPool - run CEP:SocketChannelEndPoint@55d89143{/127.0.0.1:55188<->/127.0.0.1:9998,OPEN,fill=FI,flush=-,to=3/30000}{io=0/0,kio=0,kro=1}->HttpConnection@b61a73d[p=HttpParser{s=START,0 of -1},g=HttpGenerator@2b7220ec{s=START}]=>HttpChannelOverHttp@5f20fa33{r=0,c=false,c=false/false,a=IDLE,uri=null,age=0}:runFillable:BLOCKING
17:34:14.408 [qtp1519173630-59] DEBUG org.eclipse.jetty.io.ManagedSelector - Selector sun.nio.ch.KQueueSelectorImpl@54daeb65 waiting with 1 keys
17:34:14.408 [qtp1519173630-63] DEBUG org.eclipse.jetty.io.FillInterest - fillable FillInterest@73dba6d3{AC.ReadCB@b61a73d{HttpConnection@b61a73d::SocketChannelEndPoint@55d89143{/127.0.0.1:55188<->/127.0.0.1:9998,OPEN,fill=FI,flush=-,to=3/30000}{io=0/0,kio=0,kro=1}->HttpConnection@b61a73d[p=HttpParser{s=START,0 of -1},g=HttpGenerator@2b7220ec{s=START}]=>HttpChannelOverHttp@5f20fa33{r=0,c=false,c=false/false,a=IDLE,uri=null,age=0}}}
17:34:14.409 [qtp1519173630-63] DEBUG o.e.jetty.server.HttpConnection - HttpConnection@b61a73d::SocketChannelEndPoint@55d89143{/127.0.0.1:55188<->/127.0.0.1:9998,OPEN,fill=-,flush=-,to=3/30000}{io=0/0,kio=0,kro=1}->HttpConnection@b61a73d[p=HttpParser{s=START,0 of -1},g=HttpGenerator@2b7220ec{s=START}]=>HttpChannelOverHttp@5f20fa33{r=0,c=false,c=false/false,a=IDLE,uri=null,age=0} onFillable enter HttpChannelState@1a227fb3{s=IDLE a=NOT_ASYNC i=true r=IDLE w=false} null
17:34:14.409 [qtp1519173630-63] DEBUG org.eclipse.jetty.io.ChannelEndPoint - filled 307 HeapByteBuffer@5077fabf[p=0,l=307,c=8192,r=307]={<<<POST /contact HTT...+39 23 123456"}>>>\x00\x00\x00\x00\x00\x00\x00\x00\x00\x00\x00\x00\x00\x00\x00\x00\x00...\x00\x00\x00\x00\x00\x00\x00\x00\x00\x00\x00\x00\x00\x00\x00}
17:34:14.409 [qtp1519173630-63] DEBUG o.e.jetty.server.HttpConnection - HttpConnection@b61a73d::SocketChannelEndPoint@55d89143{/127.0.0.1:55188<->/127.0.0.1:9998,OPEN,fill=-,flush=-,to=0/30000}{io=0/0,kio=0,kro=1}->HttpConnection@b61a73d[p=HttpParser{s=START,0 of -1},g=HttpGenerator@2b7220ec{s=START}]=>HttpChannelOverHttp@5f20fa33{r=0,c=false,c=false/false,a=IDLE,uri=null,age=0} filled 307 HeapByteBuffer@5077fabf[p=0,l=307,c=8192,r=307]={<<<POST /contact HTT...+39 23 123456"}>>>\x00\x00\x00\x00\x00\x00\x00\x00\x00\x00\x00\x00\x00\x00\x00\x00\x00...\x00\x00\x00\x00\x00\x00\x00\x00\x00\x00\x00\x00\x00\x00\x00}
17:34:14.410 [qtp1519173630-63] DEBUG o.e.jetty.server.HttpConnection - HttpConnection@b61a73d::SocketChannelEndPoint@55d89143{/127.0.0.1:55188<->/127.0.0.1:9998,OPEN,fill=-,flush=-,to=0/30000}{io=0/0,kio=0,kro=1}->HttpConnection@b61a73d[p=HttpParser{s=START,0 of -1},g=HttpGenerator@2b7220ec{s=START}]=>HttpChannelOverHttp@5f20fa33{r=0,c=false,c=false/false,a=IDLE,uri=null,age=0} parse HeapByteBuffer@5077fabf[p=0,l=307,c=8192,r=307]={<<<POST /contact HTT...+39 23 123456"}>>>\x00\x00\x00\x00\x00\x00\x00\x00\x00\x00\x00\x00\x00\x00\x00\x00\x00...\x00\x00\x00\x00\x00\x00\x00\x00\x00\x00\x00\x00\x00\x00\x00} {}
17:34:14.410 [qtp1519173630-63] DEBUG org.eclipse.jetty.http.HttpParser - parseNext s=START HeapByteBuffer@5077fabf[p=0,l=307,c=8192,r=307]={<<<POST /contact HTT...+39 23 123456"}>>>\x00\x00\x00\x00\x00\x00\x00\x00\x00\x00\x00\x00\x00\x00\x00\x00\x00...\x00\x00\x00\x00\x00\x00\x00\x00\x00\x00\x00\x00\x00\x00\x00}
17:34:14.410 [qtp1519173630-63] DEBUG org.eclipse.jetty.http.HttpParser - START --> SPACE1
17:34:14.410 [qtp1519173630-63] DEBUG org.eclipse.jetty.http.HttpParser - SPACE1 --> URI
17:34:14.410 [qtp1519173630-63] DEBUG org.eclipse.jetty.http.HttpParser - URI --> SPACE2
17:34:14.410 [qtp1519173630-63] DEBUG org.eclipse.jetty.http.HttpParser - SPACE2 --> REQUEST_VERSION
17:34:14.410 [qtp1519173630-63] DEBUG org.eclipse.jetty.http.HttpParser - REQUEST_VERSION --> HEADER
17:34:14.410 [qtp1519173630-63] DEBUG org.eclipse.jetty.http.HttpParser - HEADER:Content-Type: application/json --> IN_VALUE
17:34:14.410 [qtp1519173630-63] DEBUG org.eclipse.jetty.http.HttpParser - HEADER:Content-Type: application/json --> FIELD
17:34:14.410 [qtp1519173630-63] DEBUG org.eclipse.jetty.http.HttpParser - HEADER:User-Agent --> VALUE
17:34:14.410 [qtp1519173630-63] DEBUG org.eclipse.jetty.http.HttpParser - HEADER:User-Agent --> IN_VALUE
17:34:14.410 [qtp1519173630-63] DEBUG org.eclipse.jetty.http.HttpParser - HEADER:User-Agent --> FIELD
17:34:14.410 [qtp1519173630-63] DEBUG org.eclipse.jetty.http.HttpParser - HEADER:Host --> VALUE
17:34:14.410 [qtp1519173630-63] DEBUG org.eclipse.jetty.http.HttpParser - HEADER:Host --> IN_VALUE
17:34:14.410 [qtp1519173630-63] DEBUG org.eclipse.jetty.http.HttpParser - HEADER:Host --> FIELD
17:34:14.410 [qtp1519173630-63] DEBUG org.eclipse.jetty.http.HttpParser - HEADER:Accept --> VALUE
17:34:14.410 [qtp1519173630-63] DEBUG org.eclipse.jetty.http.HttpParser - HEADER:Accept --> IN_VALUE
17:34:14.410 [qtp1519173630-63] DEBUG org.eclipse.jetty.http.HttpParser - HEADER:Accept --> FIELD
17:34:14.410 [qtp1519173630-63] DEBUG org.eclipse.jetty.http.HttpParser - HEADER:Connection: keep-alive --> IN_VALUE
17:34:14.410 [qtp1519173630-63] DEBUG org.eclipse.jetty.http.HttpParser - HEADER:Connection: keep-alive --> FIELD
17:34:14.410 [qtp1519173630-63] DEBUG org.eclipse.jetty.http.HttpParser - HEADER:Content-Length --> VALUE
17:34:14.410 [qtp1519173630-63] DEBUG org.eclipse.jetty.http.HttpParser - HEADER:Content-Length --> IN_VALUE
17:34:14.410 [qtp1519173630-63] DEBUG org.eclipse.jetty.http.HttpParser - HEADER:Content-Length --> FIELD
17:34:14.410 [qtp1519173630-63] DEBUG org.eclipse.jetty.http.HttpParser - HEADER --> CONTENT
17:34:14.411 [qtp1519173630-63] DEBUG org.eclipse.jetty.server.HttpChannel - REQUEST for //localhost:9998/contact on HttpChannelOverHttp@5f20fa33{r=1,c=false,c=false/false,a=IDLE,uri=//localhost:9998/contact,age=0}
POST //localhost:9998/contact HTTP/1.1
Content-Type: application/json
User-Agent: Jersey/2.30.1 (HttpUrlConnection 1.8.0_261)
Host: localhost:9998
Accept: text/html, image/gif, image/jpeg, *; q=.2, */*; q=.2
Connection: keep-alive
Content-Length: 64


17:34:14.411 [qtp1519173630-63] DEBUG o.e.jetty.server.HttpConnection - HttpConnection@b61a73d::SocketChannelEndPoint@55d89143{/127.0.0.1:55188<->/127.0.0.1:9998,OPEN,fill=-,flush=-,to=2/30000}{io=0/0,kio=0,kro=1}->HttpConnection@b61a73d[p=HttpParser{s=CONTENT,0 of 64},g=HttpGenerator@2b7220ec{s=START}]=>HttpChannelOverHttp@5f20fa33{r=1,c=false,c=false/false,a=IDLE,uri=//localhost:9998/contact,age=1} parsed true HttpParser{s=CONTENT,0 of 64}
17:34:14.411 [qtp1519173630-63] DEBUG org.eclipse.jetty.server.HttpChannel - HttpChannelOverHttp@5f20fa33{r=1,c=false,c=false/false,a=IDLE,uri=//localhost:9998/contact,age=1} handle //localhost:9998/contact 
17:34:14.411 [qtp1519173630-63] DEBUG o.e.jetty.server.HttpChannelState - handling HttpChannelState@1a227fb3{s=IDLE a=NOT_ASYNC i=true r=IDLE w=false}
17:34:14.411 [qtp1519173630-63] DEBUG org.eclipse.jetty.server.HttpChannel - HttpChannelOverHttp@5f20fa33{r=1,c=false,c=false/false,a=DISPATCHED,uri=//localhost:9998/contact,age=1} action DISPATCH
17:34:14.411 [qtp1519173630-63] DEBUG org.eclipse.jetty.server.Server - REQUEST POST /contact on HttpChannelOverHttp@5f20fa33{r=1,c=false,c=false/false,a=DISPATCHED,uri=//localhost:9998/contact,age=1}
17:34:14.417 [qtp1519173630-63] DEBUG o.e.jetty.server.HttpConnection - HttpConnection@b61a73d::SocketChannelEndPoint@55d89143{/127.0.0.1:55188<->/127.0.0.1:9998,OPEN,fill=-,flush=-,to=8/30000}{io=0/0,kio=0,kro=1}->HttpConnection@b61a73d[p=HttpParser{s=CONTENT,0 of 64},g=HttpGenerator@2b7220ec{s=START}]=>HttpChannelOverHttp@5f20fa33{r=1,c=false,c=false/false,a=DISPATCHED,uri=//localhost:9998/contact,age=7} parse HeapByteBuffer@5077fabf[p=243,l=307,c=8192,r=64]={POST /contact HTT...-Length: 64\r\n\r\n<<<{"firstName":"Ric...+39 23 123456"}>>>\x00\x00\x00\x00\x00\x00\x00\x00\x00\x00\x00\x00\x00\x00\x00\x00\x00...\x00\x00\x00\x00\x00\x00\x00\x00\x00\x00\x00\x00\x00\x00\x00} {}
17:34:14.417 [qtp1519173630-63] DEBUG org.eclipse.jetty.http.HttpParser - parseNext s=CONTENT HeapByteBuffer@5077fabf[p=243,l=307,c=8192,r=64]={POST /contact HTT...-Length: 64\r\n\r\n<<<{"firstName":"Ric...+39 23 123456"}>>>\x00\x00\x00\x00\x00\x00\x00\x00\x00\x00\x00\x00\x00\x00\x00\x00\x00...\x00\x00\x00\x00\x00\x00\x00\x00\x00\x00\x00\x00\x00\x00\x00}
17:34:14.417 [qtp1519173630-63] DEBUG org.eclipse.jetty.server.HttpChannel - HttpChannelOverHttp@5f20fa33{r=1,c=false,c=false/false,a=DISPATCHED,uri=//localhost:9998/contact,age=7} onContent Content@7040b7b6{HeapByteBufferR@2ed8e969[p=243,l=307,c=8192,r=64]={POST /contact HTT...-Length: 64\r\n\r\n<<<{"firstName":"Ric...+39 23 123456"}>>>\x00\x00\x00\x00\x00\x00\x00\x00\x00\x00\x00\x00\x00\x00\x00\x00\x00...\x00\x00\x00\x00\x00\x00\x00\x00\x00\x00\x00\x00\x00\x00\x00}}
17:34:14.418 [qtp1519173630-63] DEBUG org.eclipse.jetty.server.HttpInput - HttpInputOverHTTP@8ff1494[c=0,q=0,[0]=null,s=STREAM] addContent Content@7040b7b6{HeapByteBufferR@2ed8e969[p=243,l=307,c=8192,r=64]={POST /contact HTT...-Length: 64\r\n\r\n<<<{"firstName":"Ric...+39 23 123456"}>>>\x00\x00\x00\x00\x00\x00\x00\x00\x00\x00\x00\x00\x00\x00\x00\x00\x00...\x00\x00\x00\x00\x00\x00\x00\x00\x00\x00\x00\x00\x00\x00\x00}}
17:34:14.418 [qtp1519173630-63] DEBUG org.eclipse.jetty.http.HttpParser - CONTENT --> END
17:34:14.418 [qtp1519173630-63] DEBUG org.eclipse.jetty.server.HttpChannel - HttpChannelOverHttp@5f20fa33{r=1,c=false,c=false/false,a=DISPATCHED,uri=//localhost:9998/contact,age=8} onContentComplete
17:34:14.418 [qtp1519173630-63] DEBUG org.eclipse.jetty.server.HttpChannel - HttpChannelOverHttp@5f20fa33{r=1,c=false,c=false/false,a=DISPATCHED,uri=//localhost:9998/contact,age=8} onRequestComplete
17:34:14.418 [qtp1519173630-63] DEBUG org.eclipse.jetty.server.HttpInput - HttpInputOverHTTP@8ff1494[c=0,q=1,[0]=EOF,s=STREAM] addContent EOF
17:34:14.418 [qtp1519173630-63] DEBUG o.e.jetty.server.HttpConnection - HttpConnection@b61a73d::SocketChannelEndPoint@55d89143{/127.0.0.1:55188<->/127.0.0.1:9998,OPEN,fill=-,flush=-,to=9/30000}{io=0/0,kio=0,kro=1}->HttpConnection@b61a73d[p=HttpParser{s=END,64 of 64},g=HttpGenerator@2b7220ec{s=START}]=>HttpChannelOverHttp@5f20fa33{r=1,c=false,c=false/false,a=DISPATCHED,uri=//localhost:9998/contact,age=8} parsed false HttpParser{s=END,64 of 64}
17:34:14.418 [qtp1519173630-63] DEBUG org.eclipse.jetty.server.HttpInput - HttpInputOverHTTP@8ff1494[c=64,q=1,[0]=EOF,s=STREAM] read 64 from Content@7040b7b6{HeapByteBufferR@2ed8e969[p=307,l=307,c=8192,r=0]={POST /contact HTT...+39 23 123456"}<<<>>>\x00\x00\x00\x00\x00\x00\x00\x00\x00\x00\x00\x00\x00\x00\x00\x00\x00...\x00\x00\x00\x00\x00\x00\x00\x00\x00\x00\x00\x00\x00\x00\x00}}
17:34:14.418 [qtp1519173630-63] DEBUG o.e.jetty.server.HttpConnection - releaseRequestBuffer HttpConnection@b61a73d::SocketChannelEndPoint@55d89143{/127.0.0.1:55188<->/127.0.0.1:9998,OPEN,fill=-,flush=-,to=9/30000}{io=0/0,kio=0,kro=1}->HttpConnection@b61a73d[p=HttpParser{s=END,64 of 64},g=HttpGenerator@2b7220ec{s=START}]=>HttpChannelOverHttp@5f20fa33{r=1,c=false,c=false/false,a=DISPATCHED,uri=//localhost:9998/contact,age=8}
17:34:14.436 [qtp1519173630-63] DEBUG org.eclipse.jetty.server.HttpChannel - sendResponse info=null content=HeapByteBuffer@7c203415[p=0,l=0,c=0,r=0]={<<<>>>} complete=true committing=true callback=Blocker@2c815456{null}
17:34:14.436 [qtp1519173630-63] DEBUG org.eclipse.jetty.server.HttpChannel - COMMIT for /contact on HttpChannelOverHttp@5f20fa33{r=1,c=true,c=false/false,a=DISPATCHED,uri=//localhost:9998/contact,age=26}
400 Bad Request HTTP/1.1
Date: Sun, 27 Sep 2020 16:34:14 GMT
Content-Length: 0


17:34:14.436 [qtp1519173630-63] DEBUG o.e.jetty.server.HttpConnection - org.eclipse.jetty.server.HttpConnection$SendCallback@72bb0722[PROCESSING][i=HTTP/1.1{s=400,h=2,cl=0},cb=org.eclipse.jetty.server.HttpChannel$SendCallback@4df5d2e9] generate: NEED_HEADER (null,[p=0,l=0,c=0,r=0],true)@START
17:34:14.436 [qtp1519173630-63] DEBUG org.eclipse.jetty.http.HttpGenerator - generateHeaders HTTP/1.1{s=400,h=2,cl=0} last=true content=HeapByteBuffer@7c203415[p=0,l=0,c=0,r=0]={<<<>>>}
17:34:14.436 [qtp1519173630-63] DEBUG org.eclipse.jetty.http.HttpGenerator - Date: Sun, 27 Sep 2020 16:34:14 GMT
Content-Length: 0


17:34:14.437 [qtp1519173630-63] DEBUG org.eclipse.jetty.http.HttpGenerator - CONTENT_LENGTH
17:34:14.437 [qtp1519173630-63] DEBUG o.e.jetty.server.HttpConnection - org.eclipse.jetty.server.HttpConnection$SendCallback@72bb0722[PROCESSING][i=HTTP/1.1{s=400,h=2,cl=0},cb=org.eclipse.jetty.server.HttpChannel$SendCallback@4df5d2e9] generate: FLUSH ([p=0,l=117,c=8192,r=117],[p=0,l=0,c=0,r=0],true)@COMPLETING
17:34:14.437 [qtp1519173630-63] DEBUG org.eclipse.jetty.io.WriteFlusher - write: WriteFlusher@648a835e{IDLE}->null [HeapByteBuffer@5077fabf[p=0,l=117,c=8192,r=117]={<<<HTTP/1.1 400 Bad ....v20190418)\r\n\r\n>>>: localhost:9998\r...\x00\x00\x00\x00\x00\x00\x00\x00\x00\x00\x00\x00\x00\x00\x00}]
17:34:14.437 [qtp1519173630-63] DEBUG org.eclipse.jetty.io.WriteFlusher - update WriteFlusher@648a835e{WRITING}->null:IDLE-->WRITING
17:34:14.437 [qtp1519173630-63] DEBUG org.eclipse.jetty.io.ChannelEndPoint - flushed 117 SocketChannelEndPoint@55d89143{/127.0.0.1:55188<->/127.0.0.1:9998,OPEN,fill=-,flush=W,to=28/30000}{io=0/0,kio=0,kro=1}->HttpConnection@b61a73d[p=HttpParser{s=END,64 of 64},g=HttpGenerator@2b7220ec{s=COMPLETING}]=>HttpChannelOverHttp@5f20fa33{r=1,c=true,c=false/false,a=DISPATCHED,uri=//localhost:9998/contact,age=27}
17:34:14.437 [qtp1519173630-63] DEBUG org.eclipse.jetty.io.WriteFlusher - Flushed=true written=117 remaining=0 WriteFlusher@648a835e{WRITING}->null
17:34:14.437 [qtp1519173630-63] DEBUG org.eclipse.jetty.io.WriteFlusher - update WriteFlusher@648a835e{IDLE}->null:WRITING-->IDLE
17:34:14.437 [qtp1519173630-63] DEBUG o.e.jetty.server.HttpConnection - org.eclipse.jetty.server.HttpConnection$SendCallback@72bb0722[PROCESSING][i=HTTP/1.1{s=400,h=2,cl=0},cb=org.eclipse.jetty.server.HttpChannel$SendCallback@4df5d2e9] generate: DONE ([p=117,l=117,c=8192,r=0],[p=0,l=0,c=0,r=0],true)@END
17:34:14.437 [qtp1519173630-63] DEBUG org.eclipse.jetty.server.Server - handled=true async=false committed=true on HttpChannelOverHttp@5f20fa33{r=1,c=true,c=false/true,a=DISPATCHED,uri=//localhost:9998/contact,age=27}
17:34:14.438 [qtp1519173630-63] DEBUG o.e.jetty.server.HttpChannelState - unhandle HttpChannelState@1a227fb3{s=DISPATCHED a=NOT_ASYNC i=true r=IDLE w=false}
17:34:14.438 [qtp1519173630-63] DEBUG org.eclipse.jetty.server.HttpChannel - HttpChannelOverHttp@5f20fa33{r=1,c=true,c=false/true,a=COMPLETING,uri=//localhost:9998/contact,age=28} action COMPLETE
17:34:14.438 [qtp1519173630-63] DEBUG o.e.jetty.server.HttpChannelState - onComplete HttpChannelState@1a227fb3{s=COMPLETING a=NOT_ASYNC i=false r=IDLE w=false}
17:34:14.438 [qtp1519173630-63] DEBUG org.eclipse.jetty.server.HttpChannel - COMPLETE for /contact written=0
17:34:14.438 [qtp1519173630-63] DEBUG o.e.jetty.server.HttpChannelState - recycle HttpChannelState@1a227fb3{s=COMPLETED a=NOT_ASYNC i=false r=IDLE w=false}
17:34:14.438 [qtp1519173630-63] DEBUG org.eclipse.jetty.http.HttpParser - reset HttpParser{s=END,64 of 64}
17:34:14.438 [qtp1519173630-63] DEBUG org.eclipse.jetty.http.HttpParser - END --> START
17:34:14.438 [qtp1519173630-63] DEBUG org.eclipse.jetty.server.HttpChannel - HttpChannelOverHttp@5f20fa33{r=1,c=false,c=false/false,a=IDLE,uri=null,age=0} handle exit, result COMPLETE
17:34:14.438 [qtp1519173630-63] DEBUG org.eclipse.jetty.io.ChannelEndPoint - filled 0 HeapByteBuffer@5077fabf[p=0,l=0,c=8192,r=0]={<<<>>>HTTP/1.1 400 Bad ...\x00\x00\x00\x00\x00\x00\x00\x00\x00\x00\x00\x00\x00\x00\x00}
17:34:14.438 [qtp1519173630-63] DEBUG org.eclipse.jetty.io.ChannelEndPoint - filled 0 HeapByteBuffer@5077fabf[p=0,l=0,c=8192,r=0]={<<<>>>HTTP/1.1 400 Bad ...\x00\x00\x00\x00\x00\x00\x00\x00\x00\x00\x00\x00\x00\x00\x00}
17:34:14.438 [qtp1519173630-63] DEBUG o.e.jetty.server.HttpConnection - HttpConnection@b61a73d::SocketChannelEndPoint@55d89143{/127.0.0.1:55188<->/127.0.0.1:9998,OPEN,fill=-,flush=-,to=1/30000}{io=0/0,kio=0,kro=1}->HttpConnection@b61a73d[p=HttpParser{s=START,0 of -1},g=HttpGenerator@2b7220ec{s=START}]=>HttpChannelOverHttp@5f20fa33{r=1,c=false,c=false/false,a=IDLE,uri=null,age=0} filled 0 HeapByteBuffer@5077fabf[p=0,l=0,c=8192,r=0]={<<<>>>HTTP/1.1 400 Bad ...\x00\x00\x00\x00\x00\x00\x00\x00\x00\x00\x00\x00\x00\x00\x00}
17:34:14.438 [qtp1519173630-63] DEBUG o.e.jetty.server.HttpConnection - HttpConnection@b61a73d::SocketChannelEndPoint@55d89143{/127.0.0.1:55188<->/127.0.0.1:9998,OPEN,fill=-,flush=-,to=1/30000}{io=0/0,kio=0,kro=1}->HttpConnection@b61a73d[p=HttpParser{s=START,0 of -1},g=HttpGenerator@2b7220ec{s=START}]=>HttpChannelOverHttp@5f20fa33{r=1,c=false,c=false/false,a=IDLE,uri=null,age=0} parse HeapByteBuffer@5077fabf[p=0,l=0,c=8192,r=0]={<<<>>>HTTP/1.1 400 Bad ...\x00\x00\x00\x00\x00\x00\x00\x00\x00\x00\x00\x00\x00\x00\x00} {}
17:34:14.438 [qtp1519173630-63] DEBUG org.eclipse.jetty.http.HttpParser - parseNext s=START HeapByteBuffer@5077fabf[p=0,l=0,c=8192,r=0]={<<<>>>HTTP/1.1 400 Bad ...\x00\x00\x00\x00\x00\x00\x00\x00\x00\x00\x00\x00\x00\x00\x00}
17:34:14.439 [qtp1519173630-63] DEBUG o.e.jetty.server.HttpConnection - HttpConnection@b61a73d::SocketChannelEndPoint@55d89143{/127.0.0.1:55188<->/127.0.0.1:9998,OPEN,fill=-,flush=-,to=1/30000}{io=0/0,kio=0,kro=1}->HttpConnection@b61a73d[p=HttpParser{s=START,0 of -1},g=HttpGenerator@2b7220ec{s=START}]=>HttpChannelOverHttp@5f20fa33{r=1,c=false,c=false/false,a=IDLE,uri=null,age=0} parsed false HttpParser{s=START,0 of -1}
17:34:14.439 [qtp1519173630-63] DEBUG o.e.jetty.server.HttpConnection - releaseRequestBuffer HttpConnection@b61a73d::SocketChannelEndPoint@55d89143{/127.0.0.1:55188<->/127.0.0.1:9998,OPEN,fill=-,flush=-,to=2/30000}{io=0/0,kio=0,kro=1}->HttpConnection@b61a73d[p=HttpParser{s=START,0 of -1},g=HttpGenerator@2b7220ec{s=START}]=>HttpChannelOverHttp@5f20fa33{r=1,c=false,c=false/false,a=IDLE,uri=null,age=0}
17:34:14.439 [qtp1519173630-63] DEBUG o.e.jetty.io.AbstractConnection - fillInterested HttpConnection@b61a73d::SocketChannelEndPoint@55d89143{/127.0.0.1:55188<->/127.0.0.1:9998,OPEN,fill=-,flush=-,to=2/30000}{io=0/0,kio=0,kro=1}->HttpConnection@b61a73d[p=HttpParser{s=START,0 of -1},g=HttpGenerator@2b7220ec{s=START}]=>HttpChannelOverHttp@5f20fa33{r=1,c=false,c=false/false,a=IDLE,uri=null,age=0}
17:34:14.439 [qtp1519173630-63] DEBUG org.eclipse.jetty.io.FillInterest - interested FillInterest@73dba6d3{AC.ReadCB@b61a73d{HttpConnection@b61a73d::SocketChannelEndPoint@55d89143{/127.0.0.1:55188<->/127.0.0.1:9998,OPEN,fill=FI,flush=-,to=0/30000}{io=0/0,kio=0,kro=1}->HttpConnection@b61a73d[p=HttpParser{s=START,0 of -1},g=HttpGenerator@2b7220ec{s=START}]=>HttpChannelOverHttp@5f20fa33{r=1,c=false,c=false/false,a=IDLE,uri=null,age=0}}}
17:34:14.439 [qtp1519173630-63] DEBUG org.eclipse.jetty.io.ChannelEndPoint - changeInterests p=false 0->1 for SocketChannelEndPoint@55d89143{/127.0.0.1:55188<->/127.0.0.1:9998,OPEN,fill=FI,flush=-,to=0/30000}{io=0/1,kio=0,kro=1}->HttpConnection@b61a73d[p=HttpParser{s=START,0 of -1},g=HttpGenerator@2b7220ec{s=START}]=>HttpChannelOverHttp@5f20fa33{r=1,c=false,c=false/false,a=IDLE,uri=null,age=0}
17:34:14.439 [qtp1519173630-63] DEBUG org.eclipse.jetty.io.ManagedSelector - Queued change org.eclipse.jetty.io.ChannelEndPoint$1@7a0d80fc on ManagedSelector@51ce6f85{STARTED} id=1 keys=1 selected=0 updates=0
17:34:14.439 [qtp1519173630-63] DEBUG org.eclipse.jetty.io.ManagedSelector - Wakeup on submit ManagedSelector@51ce6f85{STARTED} id=1 keys=1 selected=0 updates=1
17:34:14.439 [qtp1519173630-59] DEBUG org.eclipse.jetty.io.ManagedSelector - Selector sun.nio.ch.KQueueSelectorImpl@54daeb65 woken with none selected
17:34:14.439 [qtp1519173630-59] DEBUG org.eclipse.jetty.io.ManagedSelector - Selector sun.nio.ch.KQueueSelectorImpl@54daeb65 woken up from select, 0/0/1 selected
17:34:14.439 [qtp1519173630-59] DEBUG org.eclipse.jetty.io.ManagedSelector - Selector sun.nio.ch.KQueueSelectorImpl@54daeb65 processing 0 keys, 1 updates
17:34:14.439 [qtp1519173630-59] DEBUG org.eclipse.jetty.io.ManagedSelector - updateable 1
17:34:14.439 [qtp1519173630-63] DEBUG o.e.jetty.server.HttpConnection - HttpConnection@b61a73d::SocketChannelEndPoint@55d89143{/127.0.0.1:55188<->/127.0.0.1:9998,OPEN,fill=FI,flush=-,to=0/30000}{io=0/1,kio=0,kro=1}->HttpConnection@b61a73d[p=HttpParser{s=START,0 of -1},g=HttpGenerator@2b7220ec{s=START}]=>HttpChannelOverHttp@5f20fa33{r=1,c=false,c=false/false,a=IDLE,uri=null,age=0} onFillable exit HttpChannelState@1a227fb3{s=IDLE a=NOT_ASYNC i=true r=IDLE w=false} null
17:34:14.440 [qtp1519173630-59] DEBUG org.eclipse.jetty.io.ManagedSelector - update org.eclipse.jetty.io.ChannelEndPoint$1@7a0d80fc
17:34:14.440 [qtp1519173630-63] DEBUG o.e.j.util.thread.QueuedThreadPool - ran CEP:SocketChannelEndPoint@55d89143{/127.0.0.1:55188<->/127.0.0.1:9998,OPEN,fill=FI,flush=-,to=1/30000}{io=1/1,kio=1,kro=1}->HttpConnection@b61a73d[p=HttpParser{s=START,0 of -1},g=HttpGenerator@2b7220ec{s=START}]=>HttpChannelOverHttp@5f20fa33{r=1,c=false,c=false/false,a=IDLE,uri=null,age=0}:runFillable:BLOCKING
17:34:14.440 [qtp1519173630-59] DEBUG org.eclipse.jetty.io.ChannelEndPoint - Key interests updated 0 -> 1 on SocketChannelEndPoint@55d89143{/127.0.0.1:55188<->/127.0.0.1:9998,OPEN,fill=FI,flush=-,to=1/30000}{io=1/1,kio=1,kro=1}->HttpConnection@b61a73d[p=HttpParser{s=START,0 of -1},g=HttpGenerator@2b7220ec{s=START}]=>HttpChannelOverHttp@5f20fa33{r=1,c=false,c=false/false,a=IDLE,uri=null,age=0}
17:34:14.440 [qtp1519173630-59] DEBUG org.eclipse.jetty.io.ManagedSelector - updates 0
17:34:14.440 [qtp1519173630-59] DEBUG org.eclipse.jetty.io.ManagedSelector - Selector sun.nio.ch.KQueueSelectorImpl@54daeb65 waiting with 1 keys
17:34:14.441 [main] DEBUG o.e.j.u.component.AbstractLifeCycle - stopping Server@96a75da{STARTED}[9.4.17.v20190418]
17:34:14.443 [main] DEBUG org.eclipse.jetty.server.Server - doStop Server@96a75da{STOPPING}[9.4.17.v20190418]
17:34:14.443 [qtp1519173630-60] DEBUG o.e.j.util.thread.QueuedThreadPool - ran qtp1519173630-60-acceptor-0@7eb6b6b6-ServerConnector@25e49cb2{HTTP/1.1,[http/1.1]}{0.0.0.0:9998}
17:34:14.444 [main] DEBUG o.e.j.s.h.AbstractHandlerContainer - Graceful shutdown Server@96a75da{STOPPING}[9.4.17.v20190418] by 
17:34:14.444 [main] DEBUG o.e.j.u.component.AbstractLifeCycle - stopping ServerConnector@25e49cb2{HTTP/1.1,[http/1.1]}{0.0.0.0:9998}
17:34:14.444 [main] DEBUG o.e.j.u.component.AbstractLifeCycle - stopping SelectorManager@ServerConnector@25e49cb2{HTTP/1.1,[http/1.1]}{0.0.0.0:9998}
17:34:14.444 [main] DEBUG o.e.j.u.component.AbstractLifeCycle - stopping ManagedSelector@51ce6f85{STARTED} id=1 keys=1 selected=0 updates=0
17:34:14.444 [main] DEBUG org.eclipse.jetty.io.ManagedSelector - Queued change org.eclipse.jetty.io.ManagedSelector$CloseConnections@4893b344 on ManagedSelector@51ce6f85{STOPPING} id=1 keys=1 selected=0 updates=0
17:34:14.444 [main] DEBUG org.eclipse.jetty.io.ManagedSelector - Wakeup on submit ManagedSelector@51ce6f85{STOPPING} id=1 keys=1 selected=0 updates=1
17:34:14.444 [qtp1519173630-59] DEBUG org.eclipse.jetty.io.ManagedSelector - Selector sun.nio.ch.KQueueSelectorImpl@54daeb65 woken with none selected
17:34:14.444 [qtp1519173630-59] DEBUG org.eclipse.jetty.io.ManagedSelector - Selector sun.nio.ch.KQueueSelectorImpl@54daeb65 woken up from select, 0/0/1 selected
17:34:14.444 [qtp1519173630-59] DEBUG org.eclipse.jetty.io.ManagedSelector - Selector sun.nio.ch.KQueueSelectorImpl@54daeb65 processing 0 keys, 1 updates
17:34:14.444 [qtp1519173630-59] DEBUG org.eclipse.jetty.io.ManagedSelector - updateable 1
17:34:14.444 [qtp1519173630-59] DEBUG org.eclipse.jetty.io.ManagedSelector - update org.eclipse.jetty.io.ManagedSelector$CloseConnections@4893b344
17:34:14.444 [qtp1519173630-59] DEBUG org.eclipse.jetty.io.ManagedSelector - Closing 1 connections on ManagedSelector@51ce6f85{STOPPING} id=1 keys=1 selected=0 updates=0
17:34:14.444 [qtp1519173630-59] DEBUG o.eclipse.jetty.io.AbstractEndPoint - close SocketChannelEndPoint@55d89143{/127.0.0.1:55188<->/127.0.0.1:9998,OPEN,fill=FI,flush=-,to=5/30000}{io=1/1,kio=1,kro=1}->HttpConnection@b61a73d[p=HttpParser{s=START,0 of -1},g=HttpGenerator@2b7220ec{s=START}]=>HttpChannelOverHttp@5f20fa33{r=1,c=false,c=false/false,a=IDLE,uri=null,age=0}
17:34:14.445 [qtp1519173630-59] DEBUG o.eclipse.jetty.io.AbstractEndPoint - close(null) SocketChannelEndPoint@55d89143{/127.0.0.1:55188<->/127.0.0.1:9998,OPEN,fill=FI,flush=-,to=5/30000}{io=1/1,kio=1,kro=1}->HttpConnection@b61a73d[p=HttpParser{s=START,0 of -1},g=HttpGenerator@2b7220ec{s=START}]=>HttpChannelOverHttp@5f20fa33{r=1,c=false,c=false/false,a=IDLE,uri=null,age=0}
17:34:14.445 [qtp1519173630-59] DEBUG org.eclipse.jetty.io.ChannelEndPoint - doClose SocketChannelEndPoint@55d89143{/127.0.0.1:55188<->/127.0.0.1:9998,CLOSED,fill=FI,flush=-,to=6/30000}{io=1/1,kio=1,kro=1}->HttpConnection@b61a73d[p=HttpParser{s=START,0 of -1},g=HttpGenerator@2b7220ec{s=START}]=>HttpChannelOverHttp@5f20fa33{r=1,c=false,c=false/false,a=IDLE,uri=null,age=0}
17:34:14.445 [qtp1519173630-59] DEBUG org.eclipse.jetty.io.WriteFlusher - ignored: WriteFlusher@648a835e{IDLE}->null
java.nio.channels.ClosedChannelException: null
	at org.eclipse.jetty.io.WriteFlusher.onClose(WriteFlusher.java:492)
	at org.eclipse.jetty.io.AbstractEndPoint.onClose(AbstractEndPoint.java:353)
	at org.eclipse.jetty.io.ChannelEndPoint.onClose(ChannelEndPoint.java:215)
	at org.eclipse.jetty.io.AbstractEndPoint.doOnClose(AbstractEndPoint.java:225)
	at org.eclipse.jetty.io.AbstractEndPoint.close(AbstractEndPoint.java:192)
	at org.eclipse.jetty.io.AbstractEndPoint.close(AbstractEndPoint.java:175)
	at org.eclipse.jetty.io.AbstractConnection.close(AbstractConnection.java:248)
	at org.eclipse.jetty.io.ManagedSelector.closeNoExceptions(ManagedSelector.java:252)
	at org.eclipse.jetty.io.ManagedSelector.access$1400(ManagedSelector.java:61)
	at org.eclipse.jetty.io.ManagedSelector$CloseConnections.update(ManagedSelector.java:866)
	at org.eclipse.jetty.io.ManagedSelector$SelectorProducer.processUpdates(ManagedSelector.java:426)
	at org.eclipse.jetty.io.ManagedSelector$SelectorProducer.produce(ManagedSelector.java:397)
	at org.eclipse.jetty.util.thread.strategy.EatWhatYouKill.produceTask(EatWhatYouKill.java:357)
	at org.eclipse.jetty.util.thread.strategy.EatWhatYouKill.doProduce(EatWhatYouKill.java:181)
	at org.eclipse.jetty.util.thread.strategy.EatWhatYouKill.tryProduce(EatWhatYouKill.java:168)
	at org.eclipse.jetty.util.thread.strategy.EatWhatYouKill.produce(EatWhatYouKill.java:132)
	at org.eclipse.jetty.util.thread.QueuedThreadPool.runJob(QueuedThreadPool.java:786)
	at org.eclipse.jetty.util.thread.QueuedThreadPool$2.run(QueuedThreadPool.java:743)
	at java.lang.Thread.run(Thread.java:748)
17:34:14.445 [qtp1519173630-59] DEBUG org.eclipse.jetty.io.FillInterest - onClose FillInterest@73dba6d3{AC.ReadCB@b61a73d{HttpConnection@b61a73d::SocketChannelEndPoint@55d89143{/127.0.0.1:55188<->/127.0.0.1:9998,CLOSED,fill=FI,flush=-,to=6/30000}{io=1/1,kio=-1,kro=-1}->HttpConnection@b61a73d[p=HttpParser{s=START,0 of -1},g=HttpGenerator@2b7220ec{s=START}]=>HttpChannelOverHttp@5f20fa33{r=1,c=false,c=false/false,a=IDLE,uri=null,age=0}}}
17:34:14.445 [qtp1519173630-59] DEBUG org.eclipse.jetty.http.HttpParser - close HttpParser{s=START,0 of -1}
17:34:14.445 [qtp1519173630-59] DEBUG org.eclipse.jetty.http.HttpParser - START --> CLOSE
17:34:14.446 [qtp1519173630-59] DEBUG o.e.jetty.io.AbstractConnection - HttpConnection@b61a73d::SocketChannelEndPoint@55d89143{/127.0.0.1:55188<->/127.0.0.1:9998,CLOSED,fill=-,flush=-,to=6/30000}{io=1/1,kio=-1,kro=-1}->HttpConnection@b61a73d[p=HttpParser{s=CLOSE,0 of -1},g=HttpGenerator@2b7220ec{s=START}]=>HttpChannelOverHttp@5f20fa33{r=1,c=false,c=false/false,a=IDLE,uri=null,age=0} onFillInterestedFailed {}
17:34:14.446 [qtp1519173630-59] DEBUG org.eclipse.jetty.io.ManagedSelector - Wakeup ManagedSelector@51ce6f85{STOPPING} id=1 keys=1 selected=0 updates=0
17:34:14.446 [qtp1519173630-59] DEBUG o.e.j.util.thread.QueuedThreadPool - queue org.eclipse.jetty.io.ManagedSelector$DestroyEndPoint@1b2005b5
17:34:14.446 [qtp1519173630-59] DEBUG org.eclipse.jetty.io.ManagedSelector - updates 0
17:34:14.446 [qtp1519173630-59] DEBUG org.eclipse.jetty.io.ManagedSelector - Selector sun.nio.ch.KQueueSelectorImpl@54daeb65 waiting with 1 keys
17:34:14.446 [qtp1519173630-64] DEBUG o.e.j.util.thread.QueuedThreadPool - run org.eclipse.jetty.io.ManagedSelector$DestroyEndPoint@1b2005b5
17:34:14.446 [qtp1519173630-64] DEBUG org.eclipse.jetty.io.ManagedSelector - Destroyed SocketChannelEndPoint@55d89143{/127.0.0.1:55188<->/127.0.0.1:9998,CLOSED,fill=-,flush=-,to=7/30000}{io=1/1,kio=-1,kro=-1}->HttpConnection@b61a73d[p=HttpParser{s=CLOSE,0 of -1},g=HttpGenerator@2b7220ec{s=START}]=>HttpChannelOverHttp@5f20fa33{r=1,c=false,c=false/false,a=IDLE,uri=null,age=0}
17:34:14.446 [main] DEBUG org.eclipse.jetty.io.ManagedSelector - Queued change org.eclipse.jetty.io.ManagedSelector$StopSelector@53a665ad on ManagedSelector@51ce6f85{STOPPING} id=1 keys=0 selected=0 updates=0
17:34:14.446 [main] DEBUG org.eclipse.jetty.io.ManagedSelector - Wakeup on submit ManagedSelector@51ce6f85{STOPPING} id=1 keys=0 selected=0 updates=1
17:34:14.446 [qtp1519173630-64] DEBUG o.e.jetty.io.AbstractConnection - onClose HttpConnection@b61a73d::SocketChannelEndPoint@55d89143{/127.0.0.1:55188<->/127.0.0.1:9998,CLOSED,fill=-,flush=-,to=7/30000}{io=1/1,kio=-1,kro=-1}->HttpConnection@b61a73d[p=HttpParser{s=CLOSE,0 of -1},g=HttpGenerator@2b7220ec{s=START}]=>HttpChannelOverHttp@5f20fa33{r=1,c=false,c=false/false,a=IDLE,uri=null,age=0}
17:34:14.446 [qtp1519173630-64] DEBUG o.e.j.util.thread.QueuedThreadPool - ran org.eclipse.jetty.io.ManagedSelector$DestroyEndPoint@1b2005b5
17:34:14.446 [qtp1519173630-59] DEBUG org.eclipse.jetty.io.ManagedSelector - Selector sun.nio.ch.KQueueSelectorImpl@54daeb65 woken with none selected
17:34:14.446 [qtp1519173630-59] DEBUG org.eclipse.jetty.io.ManagedSelector - Selector sun.nio.ch.KQueueSelectorImpl@54daeb65 woken up from select, 0/0/0 selected
17:34:14.446 [qtp1519173630-59] DEBUG org.eclipse.jetty.io.ManagedSelector - Selector sun.nio.ch.KQueueSelectorImpl@54daeb65 processing 0 keys, 1 updates
17:34:14.446 [qtp1519173630-59] DEBUG org.eclipse.jetty.io.ManagedSelector - updateable 1
17:34:14.446 [qtp1519173630-59] DEBUG org.eclipse.jetty.io.ManagedSelector - update org.eclipse.jetty.io.ManagedSelector$StopSelector@53a665ad
17:34:14.447 [qtp1519173630-59] DEBUG org.eclipse.jetty.io.ManagedSelector - updates 0
17:34:14.447 [qtp1519173630-59] DEBUG o.e.j.util.thread.QueuedThreadPool - ran org.eclipse.jetty.io.ManagedSelector$$Lambda$175/1736293769@65b66b08
17:34:14.448 [main] DEBUG o.e.j.u.component.AbstractLifeCycle - stopping EatWhatYouKill@5918c260/SelectorProducer@3d7b1f1c/IDLE/p=false/JettyConnectorThreadPool[qtp1519173630]@5a8cbffe{STARTED,8<=8<=200,i=6,q=0}[ReservedThreadExecutor@554cd74a{s=1/4,p=0}][pc=0,pic=0,pec=1,epc=0]@2020-09-27T17:34:14.448+01:00
17:34:14.449 [main] DEBUG o.e.j.u.component.AbstractLifeCycle - STOPPED EatWhatYouKill@5918c260/SelectorProducer@3d7b1f1c/IDLE/p=false/JettyConnectorThreadPool[qtp1519173630]@5a8cbffe{STARTED,8<=8<=200,i=6,q=0}[ReservedThreadExecutor@554cd74a{s=1/4,p=0}][pc=0,pic=0,pec=1,epc=0]@2020-09-27T17:34:14.449+01:00
17:34:14.449 [main] DEBUG o.e.j.u.component.AbstractLifeCycle - STOPPED ManagedSelector@51ce6f85{STOPPED} id=1 keys=-1 selected=-1 updates=0
17:34:14.450 [main] DEBUG o.e.j.u.component.AbstractLifeCycle - stopping ManagedSelector@77e7246b{STARTED} id=0 keys=0 selected=0 updates=0
17:34:14.450 [main] DEBUG org.eclipse.jetty.io.ManagedSelector - Queued change org.eclipse.jetty.io.ManagedSelector$CloseConnections@2c0b4c83 on ManagedSelector@77e7246b{STOPPING} id=0 keys=0 selected=0 updates=0
17:34:14.450 [main] DEBUG org.eclipse.jetty.io.ManagedSelector - Wakeup on submit ManagedSelector@77e7246b{STOPPING} id=0 keys=0 selected=0 updates=1
17:34:14.450 [qtp1519173630-58] DEBUG org.eclipse.jetty.io.ManagedSelector - Selector sun.nio.ch.KQueueSelectorImpl@2fbd6ab woken with none selected
17:34:14.450 [qtp1519173630-58] DEBUG org.eclipse.jetty.io.ManagedSelector - Selector sun.nio.ch.KQueueSelectorImpl@2fbd6ab woken up from select, 0/0/0 selected
17:34:14.450 [qtp1519173630-58] DEBUG org.eclipse.jetty.io.ManagedSelector - Selector sun.nio.ch.KQueueSelectorImpl@2fbd6ab processing 0 keys, 1 updates
17:34:14.450 [qtp1519173630-58] DEBUG org.eclipse.jetty.io.ManagedSelector - updateable 1
17:34:14.450 [qtp1519173630-58] DEBUG org.eclipse.jetty.io.ManagedSelector - update org.eclipse.jetty.io.ManagedSelector$CloseConnections@2c0b4c83
17:34:14.450 [qtp1519173630-58] DEBUG org.eclipse.jetty.io.ManagedSelector - Closing 0 connections on ManagedSelector@77e7246b{STOPPING} id=0 keys=0 selected=0 updates=0
17:34:14.450 [qtp1519173630-58] DEBUG org.eclipse.jetty.io.ManagedSelector - updates 0
17:34:14.450 [qtp1519173630-58] DEBUG org.eclipse.jetty.io.ManagedSelector - Selector sun.nio.ch.KQueueSelectorImpl@2fbd6ab waiting with 0 keys
17:34:14.457 [main] DEBUG org.eclipse.jetty.io.ManagedSelector - Queued change org.eclipse.jetty.io.ManagedSelector$StopSelector@78525ef9 on ManagedSelector@77e7246b{STOPPING} id=0 keys=0 selected=0 updates=0
17:34:14.457 [main] DEBUG org.eclipse.jetty.io.ManagedSelector - Wakeup on submit ManagedSelector@77e7246b{STOPPING} id=0 keys=0 selected=0 updates=1
17:34:14.457 [qtp1519173630-58] DEBUG org.eclipse.jetty.io.ManagedSelector - Selector sun.nio.ch.KQueueSelectorImpl@2fbd6ab woken with none selected
17:34:14.457 [qtp1519173630-58] DEBUG org.eclipse.jetty.io.ManagedSelector - Selector sun.nio.ch.KQueueSelectorImpl@2fbd6ab woken up from select, 0/0/0 selected
17:34:14.458 [qtp1519173630-58] DEBUG org.eclipse.jetty.io.ManagedSelector - Selector sun.nio.ch.KQueueSelectorImpl@2fbd6ab processing 0 keys, 1 updates
17:34:14.458 [qtp1519173630-58] DEBUG org.eclipse.jetty.io.ManagedSelector - updateable 1
17:34:14.458 [qtp1519173630-58] DEBUG org.eclipse.jetty.io.ManagedSelector - update org.eclipse.jetty.io.ManagedSelector$StopSelector@78525ef9
17:34:14.458 [qtp1519173630-58] DEBUG org.eclipse.jetty.io.ManagedSelector - updates 0
17:34:14.458 [qtp1519173630-58] DEBUG o.e.j.util.thread.QueuedThreadPool - ran org.eclipse.jetty.io.ManagedSelector$$Lambda$175/1736293769@1f44ddab
17:34:14.458 [main] DEBUG o.e.j.u.component.AbstractLifeCycle - stopping EatWhatYouKill@3d8b319e/SelectorProducer@27a97e08/IDLE/p=false/JettyConnectorThreadPool[qtp1519173630]@5a8cbffe{STARTED,8<=8<=200,i=7,q=0}[ReservedThreadExecutor@554cd74a{s=1/4,p=0}][pc=0,pic=0,pec=0,epc=0]@2020-09-27T17:34:14.458+01:00
17:34:14.459 [main] DEBUG o.e.j.u.component.AbstractLifeCycle - STOPPED EatWhatYouKill@3d8b319e/SelectorProducer@27a97e08/IDLE/p=false/JettyConnectorThreadPool[qtp1519173630]@5a8cbffe{STARTED,8<=8<=200,i=7,q=0}[ReservedThreadExecutor@554cd74a{s=1/4,p=0}][pc=0,pic=0,pec=0,epc=0]@2020-09-27T17:34:14.458+01:00
17:34:14.459 [main] DEBUG o.e.j.u.component.AbstractLifeCycle - STOPPED ManagedSelector@77e7246b{STOPPED} id=0 keys=-1 selected=-1 updates=0
17:34:14.459 [main] DEBUG o.e.j.u.component.AbstractLifeCycle - STOPPED SelectorManager@ServerConnector@25e49cb2{HTTP/1.1,[http/1.1]}{0.0.0.0:9998}
17:34:14.459 [main] DEBUG o.e.j.u.component.AbstractLifeCycle - stopping HttpConnectionFactory@61e7bf2f[HTTP/1.1]
17:34:14.459 [main] DEBUG o.e.j.u.component.AbstractLifeCycle - STOPPED HttpConnectionFactory@61e7bf2f[HTTP/1.1]
17:34:14.459 [main] DEBUG o.e.j.u.component.AbstractLifeCycle - stopping ScheduledExecutorScheduler@7f7af971{STARTED}
17:34:14.459 [main] DEBUG o.e.j.u.component.AbstractLifeCycle - STOPPED ScheduledExecutorScheduler@7f7af971{STOPPED}
17:34:14.459 [main] INFO  o.e.jetty.server.AbstractConnector - Stopped ServerConnector@25e49cb2{HTTP/1.1,[http/1.1]}{0.0.0.0:9998}
17:34:14.459 [main] DEBUG o.e.j.u.component.AbstractLifeCycle - STOPPED ServerConnector@25e49cb2{HTTP/1.1,[http/1.1]}{0.0.0.0:9998}
17:34:14.460 [main] DEBUG o.e.j.server.handler.AbstractHandler - stopping Server@96a75da{STOPPING}[9.4.17.v20190418]
17:34:14.460 [main] DEBUG o.e.j.u.component.AbstractLifeCycle - stopping ErrorHandler@7d5508e0{STARTED}
17:34:14.460 [main] DEBUG o.e.j.server.handler.AbstractHandler - stopping ErrorHandler@7d5508e0{STOPPING}
17:34:14.460 [main] DEBUG o.e.j.u.component.AbstractLifeCycle - STOPPED ErrorHandler@7d5508e0{STOPPED}
17:34:14.460 [main] DEBUG o.e.j.u.component.AbstractLifeCycle - stopping JettyHttpContainer@7c551ad4{STARTED}
17:34:14.461 [main] DEBUG o.e.j.server.handler.AbstractHandler - stopping JettyHttpContainer@7c551ad4{STOPPING}
17:34:14.464 [main] DEBUG o.e.j.u.component.AbstractLifeCycle - STOPPED JettyHttpContainer@7c551ad4{STOPPED}
17:34:14.464 [main] DEBUG o.e.j.u.component.AbstractLifeCycle - stopping JettyConnectorThreadPool[qtp1519173630]@5a8cbffe{STARTED,8<=8<=200,i=7,q=0}[ReservedThreadExecutor@554cd74a{s=1/4,p=0}]
17:34:14.464 [main] DEBUG o.e.j.util.thread.QueuedThreadPool - Stopping JettyConnectorThreadPool[qtp1519173630]@5a8cbffe{STOPPING,8<=8<=200,i=7,q=0}[ReservedThreadExecutor@554cd74a{s=1/4,p=0}]
17:34:14.464 [main] DEBUG o.e.j.u.component.AbstractLifeCycle - stopping ReservedThreadExecutor@554cd74a{s=1/4,p=0}
17:34:14.464 [main] DEBUG o.e.j.u.t.ReservedThreadExecutor - ReservedThreadExecutor@554cd74a{s=0/4,p=0}@5e228015 offer STOP!
17:34:14.464 [main] DEBUG o.e.j.u.component.AbstractLifeCycle - STOPPED ReservedThreadExecutor@554cd74a{s=0/4,p=0}
17:34:14.464 [qtp1519173630-62] DEBUG o.e.j.u.t.ReservedThreadExecutor - ReservedThreadExecutor@554cd74a{s=0/4,p=0}@5e228015 task=STOP!
17:34:14.464 [main] DEBUG o.e.j.util.thread.QueuedThreadPool - Waiting for Thread[qtp1519173630-59,5,main] for 14999
17:34:14.464 [qtp1519173630-60] DEBUG o.e.j.util.thread.QueuedThreadPool - run org.eclipse.jetty.util.thread.QueuedThreadPool$$Lambda$264/1914615775@5e9a99b4
17:34:14.464 [qtp1519173630-64] DEBUG o.e.j.util.thread.QueuedThreadPool - run org.eclipse.jetty.util.thread.QueuedThreadPool$$Lambda$264/1914615775@5e9a99b4
17:34:14.464 [qtp1519173630-59] DEBUG o.e.j.util.thread.QueuedThreadPool - run org.eclipse.jetty.util.thread.QueuedThreadPool$$Lambda$264/1914615775@5e9a99b4
17:34:14.464 [qtp1519173630-64] DEBUG o.e.j.util.thread.QueuedThreadPool - ran org.eclipse.jetty.util.thread.QueuedThreadPool$$Lambda$264/1914615775@5e9a99b4
17:34:14.464 [qtp1519173630-59] DEBUG o.e.j.util.thread.QueuedThreadPool - ran org.eclipse.jetty.util.thread.QueuedThreadPool$$Lambda$264/1914615775@5e9a99b4
17:34:14.464 [qtp1519173630-62] DEBUG o.e.j.u.t.ReservedThreadExecutor - ReservedThreadExecutor@554cd74a{s=0/4,p=0}@5e228015 Exited
17:34:14.464 [qtp1519173630-65] DEBUG o.e.j.util.thread.QueuedThreadPool - run org.eclipse.jetty.util.thread.QueuedThreadPool$$Lambda$264/1914615775@5e9a99b4
17:34:14.464 [qtp1519173630-58] DEBUG o.e.j.util.thread.QueuedThreadPool - run org.eclipse.jetty.util.thread.QueuedThreadPool$$Lambda$264/1914615775@5e9a99b4
17:34:14.464 [qtp1519173630-62] DEBUG o.e.j.util.thread.QueuedThreadPool - ran ReservedThreadExecutor@554cd74a{s=0/4,p=0}@5e228015
17:34:14.464 [qtp1519173630-65] DEBUG o.e.j.util.thread.QueuedThreadPool - ran org.eclipse.jetty.util.thread.QueuedThreadPool$$Lambda$264/1914615775@5e9a99b4
17:34:14.464 [qtp1519173630-61] DEBUG o.e.j.util.thread.QueuedThreadPool - run org.eclipse.jetty.util.thread.QueuedThreadPool$$Lambda$264/1914615775@5e9a99b4
17:34:14.464 [qtp1519173630-63] DEBUG o.e.j.util.thread.QueuedThreadPool - run org.eclipse.jetty.util.thread.QueuedThreadPool$$Lambda$264/1914615775@5e9a99b4
17:34:14.464 [qtp1519173630-60] DEBUG o.e.j.util.thread.QueuedThreadPool - ran org.eclipse.jetty.util.thread.QueuedThreadPool$$Lambda$264/1914615775@5e9a99b4
17:34:14.464 [qtp1519173630-58] DEBUG o.e.j.util.thread.QueuedThreadPool - ran org.eclipse.jetty.util.thread.QueuedThreadPool$$Lambda$264/1914615775@5e9a99b4
17:34:14.464 [qtp1519173630-61] DEBUG o.e.j.util.thread.QueuedThreadPool - ran org.eclipse.jetty.util.thread.QueuedThreadPool$$Lambda$264/1914615775@5e9a99b4
17:34:14.464 [qtp1519173630-63] DEBUG o.e.j.util.thread.QueuedThreadPool - ran org.eclipse.jetty.util.thread.QueuedThreadPool$$Lambda$264/1914615775@5e9a99b4
17:34:14.464 [main] DEBUG o.e.j.util.thread.QueuedThreadPool - Waiting for Thread[qtp1519173630-65,5,] for 14999
17:34:14.465 [main] DEBUG o.e.j.util.thread.QueuedThreadPool - Waiting for Thread[qtp1519173630-58,5,] for 14999
17:34:14.465 [main] DEBUG o.e.j.u.component.AbstractLifeCycle - STOPPED JettyConnectorThreadPool[qtp1519173630]@5a8cbffe{STOPPED,8<=0<=200,i=0,q=0}[org.eclipse.jetty.util.thread.TryExecutor$$Lambda$157/1967617997@759fad4]
17:34:14.465 [main] DEBUG o.e.j.u.component.AbstractLifeCycle - STOPPED Server@96a75da{STOPPED}[9.4.17.v20190418]
]]></system-out>
    <system-err><![CDATA[Sep 27, 2020 5:34:14 PM org.glassfish.jersey.test.jetty.JettyTestContainerFactory$JettyTestContainer <init>
INFO: Creating JettyTestContainer configured at the base URI http://localhost:9998/
]]></system-err>
  </testcase>
  <testcase name="testCreateContactWithMissingFirstName" classname="com.brunogoncalves.phonebook.resource.ContactResourceTest" time="0.259">
    <system-out><![CDATA[17:34:14.557 [main] DEBUG o.h.v.i.e.r.TraversableResolvers - Cannot find javax.persistence.Persistence on classpath. Assuming non JPA 2 environment. All properties will per default be traversable.
17:34:14.566 [main] DEBUG o.h.v.i.x.config.ValidationXmlParser - Trying to load META-INF/validation.xml for XML based Validator configuration.
17:34:14.566 [main] DEBUG o.h.v.i.x.c.ResourceLoaderHelper - Trying to load META-INF/validation.xml via TCCL
17:34:14.567 [main] DEBUG o.h.v.i.x.c.ResourceLoaderHelper - Trying to load META-INF/validation.xml via Hibernate Validator's class loader
17:34:14.567 [main] DEBUG o.h.v.i.x.config.ValidationXmlParser - No META-INF/validation.xml found. Using annotation based configuration only.
17:34:14.578 [main] DEBUG o.h.v.m.ResourceBundleMessageInterpolator - Loaded expression factory via original TCCL
17:34:14.578 [main] DEBUG o.h.v.i.engine.ValidatorFactoryImpl - HV000234: Using org.hibernate.validator.messageinterpolation.ResourceBundleMessageInterpolator as ValidatorFactory-scoped message interpolator.
17:34:14.578 [main] DEBUG o.h.v.i.engine.ValidatorFactoryImpl - HV000234: Using org.hibernate.validator.internal.engine.resolver.TraverseAllTraversableResolver as ValidatorFactory-scoped traversable resolver.
17:34:14.578 [main] DEBUG o.h.v.i.engine.ValidatorFactoryImpl - HV000234: Using org.hibernate.validator.internal.util.ExecutableParameterNameProvider as ValidatorFactory-scoped parameter name provider.
17:34:14.578 [main] DEBUG o.h.v.i.engine.ValidatorFactoryImpl - HV000234: Using org.hibernate.validator.internal.engine.DefaultClockProvider as ValidatorFactory-scoped clock provider.
17:34:14.578 [main] DEBUG o.h.v.i.engine.ValidatorFactoryImpl - HV000234: Using org.hibernate.validator.internal.engine.scripting.DefaultScriptEvaluatorFactory as ValidatorFactory-scoped script evaluator factory.
17:34:14.596 [main] DEBUG o.e.j.u.component.ContainerLifeCycle - Server@65c86db8{STOPPED}[9.4.17.v20190418] added {JettyConnectorThreadPool[qtp731870416]@2b9f74d0{STOPPED,8<=0<=200,i=0,q=0}[org.eclipse.jetty.util.thread.TryExecutor$$Lambda$157/1967617997@759fad4],AUTO}
17:34:14.596 [main] DEBUG o.e.j.u.component.ContainerLifeCycle - HttpConnectionFactory@7efe7b87[HTTP/1.1] added {HttpConfiguration@ac20bb4{32768/8192,8192/8192,https://:0,[]},POJO}
17:34:14.597 [main] DEBUG o.e.j.u.component.ContainerLifeCycle - ServerConnector@5a2bd7c8{null,[]}{0.0.0.0:0} added {Server@65c86db8{STOPPED}[9.4.17.v20190418],UNMANAGED}
17:34:14.597 [main] DEBUG o.e.j.u.component.ContainerLifeCycle - ServerConnector@5a2bd7c8{null,[]}{0.0.0.0:0} added {JettyConnectorThreadPool[qtp731870416]@2b9f74d0{STOPPED,8<=0<=200,i=0,q=0}[org.eclipse.jetty.util.thread.TryExecutor$$Lambda$157/1967617997@759fad4],AUTO}
17:34:14.597 [main] DEBUG o.e.j.u.component.ContainerLifeCycle - ServerConnector@5a2bd7c8{null,[]}{0.0.0.0:0} added {ScheduledExecutorScheduler@7ca8d498{STOPPED},AUTO}
17:34:14.597 [main] DEBUG o.e.j.u.component.ContainerLifeCycle - ServerConnector@5a2bd7c8{null,[]}{0.0.0.0:0} added {org.eclipse.jetty.io.ArrayByteBufferPool@7187bac9,POJO}
17:34:14.597 [main] DEBUG o.e.j.u.component.ContainerLifeCycle - ServerConnector@5a2bd7c8{null,[http/1.1]}{0.0.0.0:0} added {HttpConnectionFactory@7efe7b87[HTTP/1.1],AUTO}
17:34:14.597 [main] DEBUG o.e.jetty.server.AbstractConnector - ServerConnector@5a2bd7c8{HTTP/1.1,[http/1.1]}{0.0.0.0:0} added HttpConnectionFactory@7efe7b87[HTTP/1.1]
17:34:14.597 [main] DEBUG o.e.j.u.component.ContainerLifeCycle - ServerConnector@5a2bd7c8{HTTP/1.1,[http/1.1]}{0.0.0.0:0} added {SelectorManager@ServerConnector@5a2bd7c8{HTTP/1.1,[http/1.1]}{0.0.0.0:0},MANAGED}
17:34:14.597 [main] DEBUG o.e.j.u.component.ContainerLifeCycle - Server@65c86db8{STOPPED}[9.4.17.v20190418] added {ServerConnector@5a2bd7c8{HTTP/1.1,[http/1.1]}{0.0.0.0:9998},AUTO}
17:34:14.597 [main] DEBUG o.e.j.u.component.ContainerLifeCycle - Server@65c86db8{STOPPED}[9.4.17.v20190418] added {JettyHttpContainer@6b8280e6{STOPPED},MANAGED}
17:34:14.597 [main] DEBUG o.e.j.u.component.AbstractLifeCycle - starting Server@65c86db8{STOPPED}[9.4.17.v20190418]
17:34:14.597 [main] DEBUG o.e.j.u.component.ContainerLifeCycle - Server@65c86db8{STARTING}[9.4.17.v20190418] added {ErrorHandler@6f139fc9{STOPPED},AUTO}
17:34:14.597 [main] INFO  org.eclipse.jetty.server.Server - jetty-9.4.17.v20190418; built: 2019-04-18T19:45:35.259Z; git: aa1c656c315c011c01e7b21aabb04066635b9f67; jvm 1.8.0_261-b12
17:34:14.597 [main] DEBUG o.e.j.server.handler.AbstractHandler - starting Server@65c86db8{STARTING}[9.4.17.v20190418]
17:34:14.597 [main] DEBUG o.e.j.u.component.AbstractLifeCycle - starting JettyConnectorThreadPool[qtp731870416]@2b9f74d0{STOPPED,8<=0<=200,i=0,q=0}[org.eclipse.jetty.util.thread.TryExecutor$$Lambda$157/1967617997@759fad4]
17:34:14.597 [main] DEBUG o.e.j.u.t.ReservedThreadExecutor - ReservedThreadExecutor@55259aa7{s=0/4,p=0}
17:34:14.599 [main] DEBUG o.e.j.u.component.ContainerLifeCycle - JettyConnectorThreadPool[qtp731870416]@2b9f74d0{STARTING,8<=0<=200,i=0,q=0}[ReservedThreadExecutor@55259aa7{s=0/4,p=0}] added {ReservedThreadExecutor@55259aa7{s=0/4,p=0},AUTO}
17:34:14.600 [main] DEBUG o.e.j.u.component.AbstractLifeCycle - starting ReservedThreadExecutor@55259aa7{s=0/4,p=0}
17:34:14.600 [main] DEBUG o.e.j.u.component.AbstractLifeCycle - STARTED @5251ms ReservedThreadExecutor@55259aa7{s=0/4,p=0}
17:34:14.600 [main] DEBUG o.e.j.util.thread.QueuedThreadPool - Starting Thread[qtp731870416-67,5,main]
17:34:14.601 [main] DEBUG o.e.j.util.thread.QueuedThreadPool - Starting Thread[qtp731870416-68,5,main]
17:34:14.601 [main] DEBUG o.e.j.util.thread.QueuedThreadPool - Starting Thread[qtp731870416-69,5,main]
17:34:14.603 [main] DEBUG o.e.j.util.thread.QueuedThreadPool - Starting Thread[qtp731870416-70,5,main]
17:34:14.604 [main] DEBUG o.e.j.util.thread.QueuedThreadPool - Starting Thread[qtp731870416-71,5,main]
17:34:14.605 [main] DEBUG o.e.j.util.thread.QueuedThreadPool - Starting Thread[qtp731870416-72,5,main]
17:34:14.605 [main] DEBUG o.e.j.util.thread.QueuedThreadPool - Starting Thread[qtp731870416-73,5,main]
17:34:14.606 [main] DEBUG o.e.j.util.thread.QueuedThreadPool - Starting Thread[qtp731870416-74,5,main]
17:34:14.622 [main] DEBUG o.e.j.u.component.AbstractLifeCycle - STARTED @5270ms JettyConnectorThreadPool[qtp731870416]@2b9f74d0{STARTED,8<=8<=200,i=8,q=0}[ReservedThreadExecutor@55259aa7{s=0/4,p=0}]
17:34:14.622 [main] DEBUG o.e.j.u.component.AbstractLifeCycle - starting JettyHttpContainer@6b8280e6{STOPPED}
17:34:14.622 [main] DEBUG o.e.j.server.handler.AbstractHandler - starting JettyHttpContainer@6b8280e6{STARTING}
17:34:14.622 [main] DEBUG o.e.j.u.component.AbstractLifeCycle - STARTED @5274ms JettyHttpContainer@6b8280e6{STARTED}
17:34:14.622 [main] DEBUG o.e.j.u.component.AbstractLifeCycle - starting ErrorHandler@6f139fc9{STOPPED}
17:34:14.622 [main] DEBUG o.e.j.server.handler.AbstractHandler - starting ErrorHandler@6f139fc9{STARTING}
17:34:14.622 [main] DEBUG o.e.j.u.component.AbstractLifeCycle - STARTED @5274ms ErrorHandler@6f139fc9{STARTED}
17:34:14.622 [main] DEBUG o.e.j.u.component.AbstractLifeCycle - starting ServerConnector@5a2bd7c8{HTTP/1.1,[http/1.1]}{0.0.0.0:9998}
17:34:14.623 [main] DEBUG o.e.j.u.component.ContainerLifeCycle - ServerConnector@5a2bd7c8{HTTP/1.1,[http/1.1]}{0.0.0.0:9998} added {sun.nio.ch.ServerSocketChannelImpl[/0:0:0:0:0:0:0:0:9998],POJO}
17:34:14.623 [main] DEBUG o.e.j.u.component.AbstractLifeCycle - starting ScheduledExecutorScheduler@7ca8d498{STOPPED}
17:34:14.623 [main] DEBUG o.e.j.u.component.AbstractLifeCycle - STARTED @5275ms ScheduledExecutorScheduler@7ca8d498{STARTED}
17:34:14.623 [main] DEBUG o.e.j.u.component.AbstractLifeCycle - starting HttpConnectionFactory@7efe7b87[HTTP/1.1]
17:34:14.623 [main] DEBUG o.e.j.u.component.AbstractLifeCycle - STARTED @5275ms HttpConnectionFactory@7efe7b87[HTTP/1.1]
17:34:14.623 [main] DEBUG o.e.j.u.component.AbstractLifeCycle - starting SelectorManager@ServerConnector@5a2bd7c8{HTTP/1.1,[http/1.1]}{0.0.0.0:9998}
17:34:14.624 [main] DEBUG o.e.j.u.component.ContainerLifeCycle - EatWhatYouKill@20134094/SelectorProducer@76889e60/IDLE/p=false/JettyConnectorThreadPool[qtp731870416]@2b9f74d0{STARTED,8<=8<=200,i=8,q=0}[ReservedThreadExecutor@55259aa7{s=0/4,p=0}][pc=0,pic=0,pec=0,epc=0]@2020-09-27T17:34:14.624+01:00 added {SelectorProducer@76889e60,POJO}
17:34:14.624 [main] DEBUG o.e.j.u.component.ContainerLifeCycle - EatWhatYouKill@20134094/SelectorProducer@76889e60/IDLE/p=false/JettyConnectorThreadPool[qtp731870416]@2b9f74d0{STARTED,8<=8<=200,i=8,q=0}[ReservedThreadExecutor@55259aa7{s=0/4,p=0}][pc=0,pic=0,pec=0,epc=0]@2020-09-27T17:34:14.624+01:00 added {JettyConnectorThreadPool[qtp731870416]@2b9f74d0{STARTED,8<=8<=200,i=8,q=0}[ReservedThreadExecutor@55259aa7{s=0/4,p=0}],UNMANAGED}
17:34:14.624 [main] DEBUG o.e.j.u.t.strategy.EatWhatYouKill - EatWhatYouKill@20134094/SelectorProducer@76889e60/IDLE/p=false/JettyConnectorThreadPool[qtp731870416]@2b9f74d0{STARTED,8<=8<=200,i=8,q=0}[ReservedThreadExecutor@55259aa7{s=0/4,p=0}][pc=0,pic=0,pec=0,epc=0]@2020-09-27T17:34:14.624+01:00 created
17:34:14.624 [main] DEBUG o.e.j.u.component.ContainerLifeCycle - ManagedSelector@706fe5c6{STOPPED} id=0 keys=-1 selected=-1 updates=0 added {EatWhatYouKill@20134094/SelectorProducer@76889e60/IDLE/p=false/JettyConnectorThreadPool[qtp731870416]@2b9f74d0{STARTED,8<=8<=200,i=8,q=0}[ReservedThreadExecutor@55259aa7{s=0/4,p=0}][pc=0,pic=0,pec=0,epc=0]@2020-09-27T17:34:14.624+01:00,MANAGED}
17:34:14.624 [main] DEBUG o.e.j.u.component.ContainerLifeCycle - SelectorManager@ServerConnector@5a2bd7c8{HTTP/1.1,[http/1.1]}{0.0.0.0:9998} added {ManagedSelector@706fe5c6{STOPPED} id=0 keys=-1 selected=-1 updates=0,AUTO}
17:34:14.625 [main] DEBUG o.e.j.u.component.ContainerLifeCycle - EatWhatYouKill@6c15e8c7/SelectorProducer@56380231/IDLE/p=false/JettyConnectorThreadPool[qtp731870416]@2b9f74d0{STARTED,8<=8<=200,i=8,q=0}[ReservedThreadExecutor@55259aa7{s=0/4,p=0}][pc=0,pic=0,pec=0,epc=0]@2020-09-27T17:34:14.625+01:00 added {SelectorProducer@56380231,POJO}
17:34:14.625 [main] DEBUG o.e.j.u.component.ContainerLifeCycle - EatWhatYouKill@6c15e8c7/SelectorProducer@56380231/IDLE/p=false/JettyConnectorThreadPool[qtp731870416]@2b9f74d0{STARTED,8<=8<=200,i=8,q=0}[ReservedThreadExecutor@55259aa7{s=0/4,p=0}][pc=0,pic=0,pec=0,epc=0]@2020-09-27T17:34:14.625+01:00 added {JettyConnectorThreadPool[qtp731870416]@2b9f74d0{STARTED,8<=8<=200,i=8,q=0}[ReservedThreadExecutor@55259aa7{s=0/4,p=0}],UNMANAGED}
17:34:14.625 [main] DEBUG o.e.j.u.t.strategy.EatWhatYouKill - EatWhatYouKill@6c15e8c7/SelectorProducer@56380231/IDLE/p=false/JettyConnectorThreadPool[qtp731870416]@2b9f74d0{STARTED,8<=8<=200,i=8,q=0}[ReservedThreadExecutor@55259aa7{s=0/4,p=0}][pc=0,pic=0,pec=0,epc=0]@2020-09-27T17:34:14.625+01:00 created
17:34:14.626 [main] DEBUG o.e.j.u.component.ContainerLifeCycle - ManagedSelector@64f1fd08{STOPPED} id=1 keys=-1 selected=-1 updates=0 added {EatWhatYouKill@6c15e8c7/SelectorProducer@56380231/IDLE/p=false/JettyConnectorThreadPool[qtp731870416]@2b9f74d0{STARTED,8<=8<=200,i=8,q=0}[ReservedThreadExecutor@55259aa7{s=0/4,p=0}][pc=0,pic=0,pec=0,epc=0]@2020-09-27T17:34:14.626+01:00,MANAGED}
17:34:14.627 [main] DEBUG o.e.j.u.component.ContainerLifeCycle - SelectorManager@ServerConnector@5a2bd7c8{HTTP/1.1,[http/1.1]}{0.0.0.0:9998} added {ManagedSelector@64f1fd08{STOPPED} id=1 keys=-1 selected=-1 updates=0,AUTO}
17:34:14.627 [main] DEBUG o.e.j.u.component.AbstractLifeCycle - starting ManagedSelector@706fe5c6{STOPPED} id=0 keys=-1 selected=-1 updates=0
17:34:14.627 [main] DEBUG o.e.j.u.component.AbstractLifeCycle - starting EatWhatYouKill@20134094/SelectorProducer@76889e60/IDLE/p=false/JettyConnectorThreadPool[qtp731870416]@2b9f74d0{STARTED,8<=8<=200,i=8,q=0}[ReservedThreadExecutor@55259aa7{s=0/4,p=0}][pc=0,pic=0,pec=0,epc=0]@2020-09-27T17:34:14.627+01:00
17:34:14.627 [main] DEBUG o.e.j.u.component.AbstractLifeCycle - STARTED @5279ms EatWhatYouKill@20134094/SelectorProducer@76889e60/IDLE/p=false/JettyConnectorThreadPool[qtp731870416]@2b9f74d0{STARTED,8<=8<=200,i=8,q=0}[ReservedThreadExecutor@55259aa7{s=0/4,p=0}][pc=0,pic=0,pec=0,epc=0]@2020-09-27T17:34:14.627+01:00
17:34:14.627 [main] DEBUG o.e.j.util.thread.QueuedThreadPool - queue org.eclipse.jetty.io.ManagedSelector$$Lambda$175/1736293769@6b3f6585
17:34:14.628 [qtp731870416-67] DEBUG o.e.j.util.thread.QueuedThreadPool - run org.eclipse.jetty.io.ManagedSelector$$Lambda$175/1736293769@6b3f6585
17:34:14.628 [main] DEBUG org.eclipse.jetty.io.ManagedSelector - Queued change org.eclipse.jetty.io.ManagedSelector$Start@282ffbf5 on ManagedSelector@706fe5c6{STARTING} id=0 keys=0 selected=0 updates=0
17:34:14.628 [qtp731870416-67] DEBUG o.e.j.u.t.strategy.EatWhatYouKill - EatWhatYouKill@20134094/SelectorProducer@76889e60/IDLE/p=false/JettyConnectorThreadPool[qtp731870416]@2b9f74d0{STARTED,8<=8<=200,i=7,q=0}[ReservedThreadExecutor@55259aa7{s=0/4,p=0}][pc=0,pic=0,pec=0,epc=0]@2020-09-27T17:34:14.628+01:00 tryProduce false
17:34:14.628 [qtp731870416-67] DEBUG org.eclipse.jetty.io.ManagedSelector - updateable 1
17:34:14.628 [qtp731870416-67] DEBUG org.eclipse.jetty.io.ManagedSelector - update org.eclipse.jetty.io.ManagedSelector$Start@282ffbf5
17:34:14.628 [qtp731870416-67] DEBUG org.eclipse.jetty.io.ManagedSelector - updates 0
17:34:14.628 [qtp731870416-67] DEBUG org.eclipse.jetty.io.ManagedSelector - Selector sun.nio.ch.KQueueSelectorImpl@1e3d22 waiting with 0 keys
17:34:14.629 [main] DEBUG o.e.j.u.component.AbstractLifeCycle - STARTED @5280ms ManagedSelector@706fe5c6{STARTED} id=0 keys=0 selected=0 updates=0
17:34:14.629 [main] DEBUG o.e.j.u.component.AbstractLifeCycle - starting ManagedSelector@64f1fd08{STOPPED} id=1 keys=-1 selected=-1 updates=0
17:34:14.629 [main] DEBUG o.e.j.u.component.AbstractLifeCycle - starting EatWhatYouKill@6c15e8c7/SelectorProducer@56380231/IDLE/p=false/JettyConnectorThreadPool[qtp731870416]@2b9f74d0{STARTED,8<=8<=200,i=7,q=0}[ReservedThreadExecutor@55259aa7{s=0/4,p=0}][pc=0,pic=0,pec=0,epc=0]@2020-09-27T17:34:14.629+01:00
17:34:14.630 [main] DEBUG o.e.j.u.component.AbstractLifeCycle - STARTED @5281ms EatWhatYouKill@6c15e8c7/SelectorProducer@56380231/IDLE/p=false/JettyConnectorThreadPool[qtp731870416]@2b9f74d0{STARTED,8<=8<=200,i=7,q=0}[ReservedThreadExecutor@55259aa7{s=0/4,p=0}][pc=0,pic=0,pec=0,epc=0]@2020-09-27T17:34:14.63+01:00
17:34:14.630 [main] DEBUG o.e.j.util.thread.QueuedThreadPool - queue org.eclipse.jetty.io.ManagedSelector$$Lambda$175/1736293769@3e104d4b
17:34:14.630 [main] DEBUG org.eclipse.jetty.io.ManagedSelector - Queued change org.eclipse.jetty.io.ManagedSelector$Start@55e2fe3c on ManagedSelector@64f1fd08{STARTING} id=1 keys=0 selected=0 updates=0
17:34:14.630 [qtp731870416-68] DEBUG o.e.j.util.thread.QueuedThreadPool - run org.eclipse.jetty.io.ManagedSelector$$Lambda$175/1736293769@3e104d4b
17:34:14.630 [qtp731870416-68] DEBUG o.e.j.u.t.strategy.EatWhatYouKill - EatWhatYouKill@6c15e8c7/SelectorProducer@56380231/IDLE/p=false/JettyConnectorThreadPool[qtp731870416]@2b9f74d0{STARTED,8<=8<=200,i=6,q=0}[ReservedThreadExecutor@55259aa7{s=0/4,p=0}][pc=0,pic=0,pec=0,epc=0]@2020-09-27T17:34:14.63+01:00 tryProduce false
17:34:14.630 [qtp731870416-68] DEBUG org.eclipse.jetty.io.ManagedSelector - updateable 1
17:34:14.630 [qtp731870416-68] DEBUG org.eclipse.jetty.io.ManagedSelector - update org.eclipse.jetty.io.ManagedSelector$Start@55e2fe3c
17:34:14.630 [qtp731870416-68] DEBUG org.eclipse.jetty.io.ManagedSelector - updates 0
17:34:14.630 [qtp731870416-68] DEBUG org.eclipse.jetty.io.ManagedSelector - Selector sun.nio.ch.KQueueSelectorImpl@3d5de7c7 waiting with 0 keys
17:34:14.631 [main] DEBUG o.e.j.u.component.AbstractLifeCycle - STARTED @5283ms ManagedSelector@64f1fd08{STARTED} id=1 keys=0 selected=0 updates=0
17:34:14.632 [main] DEBUG o.e.j.u.component.AbstractLifeCycle - STARTED @5283ms SelectorManager@ServerConnector@5a2bd7c8{HTTP/1.1,[http/1.1]}{0.0.0.0:9998}
17:34:14.632 [main] DEBUG o.e.j.u.component.ContainerLifeCycle - ServerConnector@5a2bd7c8{HTTP/1.1,[http/1.1]}{0.0.0.0:9998} added {acceptor-0@45e1aa48,POJO}
17:34:14.632 [main] DEBUG o.e.j.util.thread.QueuedThreadPool - queue acceptor-0@45e1aa48
17:34:14.632 [main] INFO  o.e.jetty.server.AbstractConnector - Started ServerConnector@5a2bd7c8{HTTP/1.1,[http/1.1]}{0.0.0.0:9998}
17:34:14.632 [main] DEBUG o.e.j.u.component.AbstractLifeCycle - STARTED @5284ms ServerConnector@5a2bd7c8{HTTP/1.1,[http/1.1]}{0.0.0.0:9998}
17:34:14.632 [qtp731870416-69] DEBUG o.e.j.util.thread.QueuedThreadPool - run acceptor-0@45e1aa48
17:34:14.633 [main] INFO  org.eclipse.jetty.server.Server - Started @5284ms
17:34:14.633 [main] DEBUG o.e.j.u.component.AbstractLifeCycle - STARTED @5284ms Server@65c86db8{STARTED}[9.4.17.v20190418]
17:34:14.663 [qtp731870416-69-acceptor-0@45e1aa48-ServerConnector@5a2bd7c8{HTTP/1.1,[http/1.1]}{0.0.0.0:9998}] DEBUG org.eclipse.jetty.io.ManagedSelector - Queued change org.eclipse.jetty.io.ManagedSelector$Accept@45d8e465 on ManagedSelector@64f1fd08{STARTED} id=1 keys=0 selected=0 updates=0
17:34:14.663 [qtp731870416-69-acceptor-0@45e1aa48-ServerConnector@5a2bd7c8{HTTP/1.1,[http/1.1]}{0.0.0.0:9998}] DEBUG org.eclipse.jetty.io.ManagedSelector - Wakeup on submit ManagedSelector@64f1fd08{STARTED} id=1 keys=0 selected=0 updates=1
17:34:14.664 [qtp731870416-68] DEBUG org.eclipse.jetty.io.ManagedSelector - Selector sun.nio.ch.KQueueSelectorImpl@3d5de7c7 woken with none selected
17:34:14.664 [qtp731870416-68] DEBUG org.eclipse.jetty.io.ManagedSelector - Selector sun.nio.ch.KQueueSelectorImpl@3d5de7c7 woken up from select, 0/0/0 selected
17:34:14.664 [qtp731870416-68] DEBUG org.eclipse.jetty.io.ManagedSelector - Selector sun.nio.ch.KQueueSelectorImpl@3d5de7c7 processing 0 keys, 1 updates
17:34:14.664 [qtp731870416-68] DEBUG org.eclipse.jetty.io.ManagedSelector - updateable 1
17:34:14.664 [qtp731870416-68] DEBUG org.eclipse.jetty.io.ManagedSelector - update org.eclipse.jetty.io.ManagedSelector$Accept@45d8e465
17:34:14.664 [qtp731870416-68] DEBUG o.e.j.util.thread.QueuedThreadPool - queue org.eclipse.jetty.io.ManagedSelector$Accept@45d8e465
17:34:14.664 [qtp731870416-68] DEBUG org.eclipse.jetty.io.ManagedSelector - updates 0
17:34:14.664 [qtp731870416-68] DEBUG org.eclipse.jetty.io.ManagedSelector - Selector sun.nio.ch.KQueueSelectorImpl@3d5de7c7 waiting with 1 keys
17:34:14.664 [qtp731870416-70] DEBUG o.e.j.util.thread.QueuedThreadPool - run org.eclipse.jetty.io.ManagedSelector$Accept@45d8e465
17:34:14.665 [qtp731870416-70] DEBUG org.eclipse.jetty.io.IdleTimeout - SocketChannelEndPoint@187b6366{/127.0.0.1:55189<->/127.0.0.1:9998,OPEN,fill=-,flush=-,to=0/30000}{io=0/0,kio=0,kro=0}-><null> idle timeout check, elapsed: 0 ms, remaining: 30000 ms
17:34:14.665 [qtp731870416-70] DEBUG org.eclipse.jetty.server.HttpChannel - new HttpChannelOverHttp@12830816{r=0,c=false,c=false/false,a=IDLE,uri=null,age=0} -> SocketChannelEndPoint@187b6366{/127.0.0.1:55189<->/127.0.0.1:9998,OPEN,fill=-,flush=-,to=1/30000}{io=0/0,kio=0,kro=0}-><null>,null,HttpChannelState@57818422{s=IDLE a=NOT_ASYNC i=true r=IDLE w=false}
17:34:14.665 [qtp731870416-70] DEBUG o.e.jetty.server.HttpConnection - New HTTP Connection HttpConnection@14a2bde7::SocketChannelEndPoint@187b6366{/127.0.0.1:55189<->/127.0.0.1:9998,OPEN,fill=-,flush=-,to=1/30000}{io=0/0,kio=0,kro=0}-><null>
17:34:14.665 [qtp731870416-70] DEBUG o.eclipse.jetty.io.AbstractEndPoint - onOpen SocketChannelEndPoint@187b6366{/127.0.0.1:55189<->/127.0.0.1:9998,OPEN,fill=-,flush=-,to=1/30000}{io=0/0,kio=0,kro=0}->HttpConnection@14a2bde7[p=HttpParser{s=START,0 of -1},g=HttpGenerator@669c352c{s=START}]=>HttpChannelOverHttp@12830816{r=0,c=false,c=false/false,a=IDLE,uri=null,age=0}
17:34:14.665 [qtp731870416-70] DEBUG o.e.jetty.io.AbstractConnection - onOpen HttpConnection@14a2bde7::SocketChannelEndPoint@187b6366{/127.0.0.1:55189<->/127.0.0.1:9998,OPEN,fill=-,flush=-,to=1/30000}{io=0/0,kio=0,kro=0}->HttpConnection@14a2bde7[p=HttpParser{s=START,0 of -1},g=HttpGenerator@669c352c{s=START}]=>HttpChannelOverHttp@12830816{r=0,c=false,c=false/false,a=IDLE,uri=null,age=0}
17:34:14.666 [qtp731870416-70] DEBUG o.e.jetty.io.AbstractConnection - fillInterested HttpConnection@14a2bde7::SocketChannelEndPoint@187b6366{/127.0.0.1:55189<->/127.0.0.1:9998,OPEN,fill=-,flush=-,to=1/30000}{io=0/0,kio=0,kro=0}->HttpConnection@14a2bde7[p=HttpParser{s=START,0 of -1},g=HttpGenerator@669c352c{s=START}]=>HttpChannelOverHttp@12830816{r=0,c=false,c=false/false,a=IDLE,uri=null,age=0}
17:34:14.666 [qtp731870416-70] DEBUG org.eclipse.jetty.io.FillInterest - interested FillInterest@6c555251{AC.ReadCB@14a2bde7{HttpConnection@14a2bde7::SocketChannelEndPoint@187b6366{/127.0.0.1:55189<->/127.0.0.1:9998,OPEN,fill=FI,flush=-,to=0/30000}{io=0/0,kio=0,kro=0}->HttpConnection@14a2bde7[p=HttpParser{s=START,0 of -1},g=HttpGenerator@669c352c{s=START}]=>HttpChannelOverHttp@12830816{r=0,c=false,c=false/false,a=IDLE,uri=null,age=0}}}
17:34:14.666 [qtp731870416-70] DEBUG org.eclipse.jetty.io.ChannelEndPoint - changeInterests p=false 0->1 for SocketChannelEndPoint@187b6366{/127.0.0.1:55189<->/127.0.0.1:9998,OPEN,fill=FI,flush=-,to=0/30000}{io=0/1,kio=0,kro=0}->HttpConnection@14a2bde7[p=HttpParser{s=START,0 of -1},g=HttpGenerator@669c352c{s=START}]=>HttpChannelOverHttp@12830816{r=0,c=false,c=false/false,a=IDLE,uri=null,age=0}
17:34:14.666 [qtp731870416-70] DEBUG org.eclipse.jetty.io.ManagedSelector - Queued change org.eclipse.jetty.io.ChannelEndPoint$1@37ae7b6d on ManagedSelector@64f1fd08{STARTED} id=1 keys=1 selected=0 updates=0
17:34:14.666 [qtp731870416-70] DEBUG org.eclipse.jetty.io.ManagedSelector - Wakeup on submit ManagedSelector@64f1fd08{STARTED} id=1 keys=1 selected=0 updates=1
17:34:14.666 [qtp731870416-68] DEBUG org.eclipse.jetty.io.ManagedSelector - Selector sun.nio.ch.KQueueSelectorImpl@3d5de7c7 woken with none selected
17:34:14.666 [qtp731870416-68] DEBUG org.eclipse.jetty.io.ManagedSelector - Selector sun.nio.ch.KQueueSelectorImpl@3d5de7c7 woken up from select, 0/0/1 selected
17:34:14.666 [qtp731870416-68] DEBUG org.eclipse.jetty.io.ManagedSelector - Selector sun.nio.ch.KQueueSelectorImpl@3d5de7c7 processing 0 keys, 1 updates
17:34:14.666 [qtp731870416-70] DEBUG org.eclipse.jetty.io.ManagedSelector - Created SocketChannelEndPoint@187b6366{/127.0.0.1:55189<->/127.0.0.1:9998,OPEN,fill=FI,flush=-,to=0/30000}{io=0/1,kio=0,kro=0}->HttpConnection@14a2bde7[p=HttpParser{s=START,0 of -1},g=HttpGenerator@669c352c{s=START}]=>HttpChannelOverHttp@12830816{r=0,c=false,c=false/false,a=IDLE,uri=null,age=0}
17:34:14.666 [qtp731870416-68] DEBUG org.eclipse.jetty.io.ManagedSelector - updateable 1
17:34:14.666 [qtp731870416-70] DEBUG o.e.j.util.thread.QueuedThreadPool - ran org.eclipse.jetty.io.ManagedSelector$Accept@45d8e465
17:34:14.666 [qtp731870416-68] DEBUG org.eclipse.jetty.io.ManagedSelector - update org.eclipse.jetty.io.ChannelEndPoint$1@37ae7b6d
17:34:14.666 [qtp731870416-68] DEBUG org.eclipse.jetty.io.ChannelEndPoint - Key interests updated 0 -> 1 on SocketChannelEndPoint@187b6366{/127.0.0.1:55189<->/127.0.0.1:9998,OPEN,fill=FI,flush=-,to=0/30000}{io=1/1,kio=1,kro=0}->HttpConnection@14a2bde7[p=HttpParser{s=START,0 of -1},g=HttpGenerator@669c352c{s=START}]=>HttpChannelOverHttp@12830816{r=0,c=false,c=false/false,a=IDLE,uri=null,age=0}
17:34:14.666 [qtp731870416-68] DEBUG org.eclipse.jetty.io.ManagedSelector - updates 0
17:34:14.666 [qtp731870416-68] DEBUG org.eclipse.jetty.io.ManagedSelector - Selector sun.nio.ch.KQueueSelectorImpl@3d5de7c7 waiting with 1 keys
17:34:14.666 [qtp731870416-68] DEBUG org.eclipse.jetty.io.ManagedSelector - Selector sun.nio.ch.KQueueSelectorImpl@3d5de7c7 woken up from select, 1/1/1 selected
17:34:14.666 [qtp731870416-68] DEBUG org.eclipse.jetty.io.ManagedSelector - Selector sun.nio.ch.KQueueSelectorImpl@3d5de7c7 processing 1 keys, 0 updates
17:34:14.666 [qtp731870416-68] DEBUG org.eclipse.jetty.io.ManagedSelector - selected 1 sun.nio.ch.SelectionKeyImpl@339a1e1c SocketChannelEndPoint@187b6366{/127.0.0.1:55189<->/127.0.0.1:9998,OPEN,fill=FI,flush=-,to=0/30000}{io=1/1,kio=1,kro=1}->HttpConnection@14a2bde7[p=HttpParser{s=START,0 of -1},g=HttpGenerator@669c352c{s=START}]=>HttpChannelOverHttp@12830816{r=0,c=false,c=false/false,a=IDLE,uri=null,age=0} 
17:34:14.667 [qtp731870416-68] DEBUG org.eclipse.jetty.io.ChannelEndPoint - onSelected 1->0 r=true w=false for SocketChannelEndPoint@187b6366{/127.0.0.1:55189<->/127.0.0.1:9998,OPEN,fill=FI,flush=-,to=1/30000}{io=1/0,kio=1,kro=1}->HttpConnection@14a2bde7[p=HttpParser{s=START,0 of -1},g=HttpGenerator@669c352c{s=START}]=>HttpChannelOverHttp@12830816{r=0,c=false,c=false/false,a=IDLE,uri=null,age=0}
17:34:14.667 [qtp731870416-68] DEBUG org.eclipse.jetty.io.ChannelEndPoint - task CEP:SocketChannelEndPoint@187b6366{/127.0.0.1:55189<->/127.0.0.1:9998,OPEN,fill=FI,flush=-,to=1/30000}{io=1/0,kio=1,kro=1}->HttpConnection@14a2bde7[p=HttpParser{s=START,0 of -1},g=HttpGenerator@669c352c{s=START}]=>HttpChannelOverHttp@12830816{r=0,c=false,c=false/false,a=IDLE,uri=null,age=0}:runFillable:BLOCKING
17:34:14.667 [qtp731870416-68] DEBUG o.e.j.u.t.ReservedThreadExecutor - ReservedThreadExecutor@55259aa7{s=0/4,p=0} tryExecute EatWhatYouKill@6c15e8c7/SelectorProducer@56380231/PRODUCING/p=false/JettyConnectorThreadPool[qtp731870416]@2b9f74d0{STARTED,8<=8<=200,i=5,q=0}[ReservedThreadExecutor@55259aa7{s=0/4,p=0}][pc=0,pic=0,pec=0,epc=0]@2020-09-27T17:34:14.667+01:00
17:34:14.667 [qtp731870416-68] DEBUG o.e.j.u.t.ReservedThreadExecutor - ReservedThreadExecutor@55259aa7{s=0/4,p=1} startReservedThread p=1
17:34:14.667 [qtp731870416-68] DEBUG o.e.j.util.thread.QueuedThreadPool - queue ReservedThreadExecutor@55259aa7{s=0/4,p=1}@37a58cb7
17:34:14.667 [qtp731870416-71] DEBUG o.e.j.util.thread.QueuedThreadPool - run ReservedThreadExecutor@55259aa7{s=0/4,p=1}@37a58cb7
17:34:14.667 [qtp731870416-71] DEBUG o.e.j.u.t.ReservedThreadExecutor - ReservedThreadExecutor@55259aa7{s=1/4,p=1}@37a58cb7 started
17:34:14.667 [qtp731870416-71] DEBUG o.e.j.u.t.ReservedThreadExecutor - ReservedThreadExecutor@55259aa7{s=1/4,p=0}@37a58cb7 waiting
17:34:14.667 [qtp731870416-68] DEBUG o.e.j.u.t.strategy.EatWhatYouKill - EatWhatYouKill@6c15e8c7/SelectorProducer@56380231/PRODUCING/p=false/JettyConnectorThreadPool[qtp731870416]@2b9f74d0{STARTED,8<=8<=200,i=4,q=0}[ReservedThreadExecutor@55259aa7{s=0/4,p=1}][pc=0,pic=0,pec=0,epc=0]@2020-09-27T17:34:14.667+01:00 m=PRODUCE_EXECUTE_CONSUME t=CEP:SocketChannelEndPoint@187b6366{/127.0.0.1:55189<->/127.0.0.1:9998,OPEN,fill=FI,flush=-,to=1/30000}{io=1/0,kio=1,kro=1}->HttpConnection@14a2bde7[p=HttpParser{s=START,0 of -1},g=HttpGenerator@669c352c{s=START}]=>HttpChannelOverHttp@12830816{r=0,c=false,c=false/false,a=IDLE,uri=null,age=0}:runFillable:BLOCKING/BLOCKING
17:34:14.667 [qtp731870416-68] DEBUG o.e.j.util.thread.QueuedThreadPool - queue CEP:SocketChannelEndPoint@187b6366{/127.0.0.1:55189<->/127.0.0.1:9998,OPEN,fill=FI,flush=-,to=1/30000}{io=1/0,kio=1,kro=1}->HttpConnection@14a2bde7[p=HttpParser{s=START,0 of -1},g=HttpGenerator@669c352c{s=START}]=>HttpChannelOverHttp@12830816{r=0,c=false,c=false/false,a=IDLE,uri=null,age=0}:runFillable:BLOCKING
17:34:14.668 [qtp731870416-68] DEBUG org.eclipse.jetty.io.ManagedSelector - updateable 0
17:34:14.668 [qtp731870416-68] DEBUG org.eclipse.jetty.io.ManagedSelector - updates 0
17:34:14.668 [qtp731870416-72] DEBUG o.e.j.util.thread.QueuedThreadPool - run CEP:SocketChannelEndPoint@187b6366{/127.0.0.1:55189<->/127.0.0.1:9998,OPEN,fill=FI,flush=-,to=2/30000}{io=1/0,kio=1,kro=1}->HttpConnection@14a2bde7[p=HttpParser{s=START,0 of -1},g=HttpGenerator@669c352c{s=START}]=>HttpChannelOverHttp@12830816{r=0,c=false,c=false/false,a=IDLE,uri=null,age=0}:runFillable:BLOCKING
17:34:14.668 [qtp731870416-68] DEBUG org.eclipse.jetty.io.ChannelEndPoint - Key interests updated 1 -> 0 on SocketChannelEndPoint@187b6366{/127.0.0.1:55189<->/127.0.0.1:9998,OPEN,fill=FI,flush=-,to=2/30000}{io=0/0,kio=0,kro=1}->HttpConnection@14a2bde7[p=HttpParser{s=START,0 of -1},g=HttpGenerator@669c352c{s=START}]=>HttpChannelOverHttp@12830816{r=0,c=false,c=false/false,a=IDLE,uri=null,age=0}
17:34:14.668 [qtp731870416-68] DEBUG org.eclipse.jetty.io.ManagedSelector - Selector sun.nio.ch.KQueueSelectorImpl@3d5de7c7 waiting with 1 keys
17:34:14.668 [qtp731870416-72] DEBUG org.eclipse.jetty.io.FillInterest - fillable FillInterest@6c555251{AC.ReadCB@14a2bde7{HttpConnection@14a2bde7::SocketChannelEndPoint@187b6366{/127.0.0.1:55189<->/127.0.0.1:9998,OPEN,fill=FI,flush=-,to=2/30000}{io=0/0,kio=0,kro=1}->HttpConnection@14a2bde7[p=HttpParser{s=START,0 of -1},g=HttpGenerator@669c352c{s=START}]=>HttpChannelOverHttp@12830816{r=0,c=false,c=false/false,a=IDLE,uri=null,age=0}}}
17:34:14.668 [qtp731870416-72] DEBUG o.e.jetty.server.HttpConnection - HttpConnection@14a2bde7::SocketChannelEndPoint@187b6366{/127.0.0.1:55189<->/127.0.0.1:9998,OPEN,fill=-,flush=-,to=2/30000}{io=0/0,kio=0,kro=1}->HttpConnection@14a2bde7[p=HttpParser{s=START,0 of -1},g=HttpGenerator@669c352c{s=START}]=>HttpChannelOverHttp@12830816{r=0,c=false,c=false/false,a=IDLE,uri=null,age=0} onFillable enter HttpChannelState@57818422{s=IDLE a=NOT_ASYNC i=true r=IDLE w=false} null
17:34:14.668 [qtp731870416-72] DEBUG org.eclipse.jetty.io.ChannelEndPoint - filled 308 HeapByteBuffer@61ace63a[p=0,l=308,c=8192,r=308]={<<<POST /contact HTT...+39 23 123456"}>>>\x00\x00\x00\x00\x00\x00\x00\x00\x00\x00\x00\x00\x00\x00\x00\x00\x00...\x00\x00\x00\x00\x00\x00\x00\x00\x00\x00\x00\x00\x00\x00\x00}
17:34:14.668 [qtp731870416-72] DEBUG o.e.jetty.server.HttpConnection - HttpConnection@14a2bde7::SocketChannelEndPoint@187b6366{/127.0.0.1:55189<->/127.0.0.1:9998,OPEN,fill=-,flush=-,to=0/30000}{io=0/0,kio=0,kro=1}->HttpConnection@14a2bde7[p=HttpParser{s=START,0 of -1},g=HttpGenerator@669c352c{s=START}]=>HttpChannelOverHttp@12830816{r=0,c=false,c=false/false,a=IDLE,uri=null,age=0} filled 308 HeapByteBuffer@61ace63a[p=0,l=308,c=8192,r=308]={<<<POST /contact HTT...+39 23 123456"}>>>\x00\x00\x00\x00\x00\x00\x00\x00\x00\x00\x00\x00\x00\x00\x00\x00\x00...\x00\x00\x00\x00\x00\x00\x00\x00\x00\x00\x00\x00\x00\x00\x00}
17:34:14.668 [qtp731870416-72] DEBUG o.e.jetty.server.HttpConnection - HttpConnection@14a2bde7::SocketChannelEndPoint@187b6366{/127.0.0.1:55189<->/127.0.0.1:9998,OPEN,fill=-,flush=-,to=0/30000}{io=0/0,kio=0,kro=1}->HttpConnection@14a2bde7[p=HttpParser{s=START,0 of -1},g=HttpGenerator@669c352c{s=START}]=>HttpChannelOverHttp@12830816{r=0,c=false,c=false/false,a=IDLE,uri=null,age=0} parse HeapByteBuffer@61ace63a[p=0,l=308,c=8192,r=308]={<<<POST /contact HTT...+39 23 123456"}>>>\x00\x00\x00\x00\x00\x00\x00\x00\x00\x00\x00\x00\x00\x00\x00\x00\x00...\x00\x00\x00\x00\x00\x00\x00\x00\x00\x00\x00\x00\x00\x00\x00} {}
17:34:14.668 [qtp731870416-72] DEBUG org.eclipse.jetty.http.HttpParser - parseNext s=START HeapByteBuffer@61ace63a[p=0,l=308,c=8192,r=308]={<<<POST /contact HTT...+39 23 123456"}>>>\x00\x00\x00\x00\x00\x00\x00\x00\x00\x00\x00\x00\x00\x00\x00\x00\x00...\x00\x00\x00\x00\x00\x00\x00\x00\x00\x00\x00\x00\x00\x00\x00}
17:34:14.668 [qtp731870416-72] DEBUG org.eclipse.jetty.http.HttpParser - START --> SPACE1
17:34:14.669 [qtp731870416-72] DEBUG org.eclipse.jetty.http.HttpParser - SPACE1 --> URI
17:34:14.669 [qtp731870416-72] DEBUG org.eclipse.jetty.http.HttpParser - URI --> SPACE2
17:34:14.669 [qtp731870416-72] DEBUG org.eclipse.jetty.http.HttpParser - SPACE2 --> REQUEST_VERSION
17:34:14.669 [qtp731870416-72] DEBUG org.eclipse.jetty.http.HttpParser - REQUEST_VERSION --> HEADER
17:34:14.669 [qtp731870416-72] DEBUG org.eclipse.jetty.http.HttpParser - HEADER:Content-Type: application/json --> IN_VALUE
17:34:14.669 [qtp731870416-72] DEBUG org.eclipse.jetty.http.HttpParser - HEADER:Content-Type: application/json --> FIELD
17:34:14.669 [qtp731870416-72] DEBUG org.eclipse.jetty.http.HttpParser - HEADER:User-Agent --> VALUE
17:34:14.669 [qtp731870416-72] DEBUG org.eclipse.jetty.http.HttpParser - HEADER:User-Agent --> IN_VALUE
17:34:14.669 [qtp731870416-72] DEBUG org.eclipse.jetty.http.HttpParser - HEADER:User-Agent --> FIELD
17:34:14.669 [qtp731870416-72] DEBUG org.eclipse.jetty.http.HttpParser - HEADER:Host --> VALUE
17:34:14.669 [qtp731870416-72] DEBUG org.eclipse.jetty.http.HttpParser - HEADER:Host --> IN_VALUE
17:34:14.669 [qtp731870416-72] DEBUG org.eclipse.jetty.http.HttpParser - HEADER:Host --> FIELD
17:34:14.669 [qtp731870416-72] DEBUG org.eclipse.jetty.http.HttpParser - HEADER:Accept --> VALUE
17:34:14.669 [qtp731870416-72] DEBUG org.eclipse.jetty.http.HttpParser - HEADER:Accept --> IN_VALUE
17:34:14.669 [qtp731870416-72] DEBUG org.eclipse.jetty.http.HttpParser - HEADER:Accept --> FIELD
17:34:14.669 [qtp731870416-72] DEBUG org.eclipse.jetty.http.HttpParser - HEADER:Connection: keep-alive --> IN_VALUE
17:34:14.669 [qtp731870416-72] DEBUG org.eclipse.jetty.http.HttpParser - HEADER:Connection: keep-alive --> FIELD
17:34:14.669 [qtp731870416-72] DEBUG org.eclipse.jetty.http.HttpParser - HEADER:Content-Length --> VALUE
17:34:14.669 [qtp731870416-72] DEBUG org.eclipse.jetty.http.HttpParser - HEADER:Content-Length --> IN_VALUE
17:34:14.669 [qtp731870416-72] DEBUG org.eclipse.jetty.http.HttpParser - HEADER:Content-Length --> FIELD
17:34:14.669 [qtp731870416-72] DEBUG org.eclipse.jetty.http.HttpParser - HEADER --> CONTENT
17:34:14.669 [qtp731870416-72] DEBUG org.eclipse.jetty.server.HttpChannel - REQUEST for //localhost:9998/contact on HttpChannelOverHttp@12830816{r=1,c=false,c=false/false,a=IDLE,uri=//localhost:9998/contact,age=0}
POST //localhost:9998/contact HTTP/1.1
Content-Type: application/json
User-Agent: Jersey/2.30.1 (HttpUrlConnection 1.8.0_261)
Host: localhost:9998
Accept: text/html, image/gif, image/jpeg, *; q=.2, */*; q=.2
Connection: keep-alive
Content-Length: 65


17:34:14.670 [qtp731870416-72] DEBUG o.e.jetty.server.HttpConnection - HttpConnection@14a2bde7::SocketChannelEndPoint@187b6366{/127.0.0.1:55189<->/127.0.0.1:9998,OPEN,fill=-,flush=-,to=1/30000}{io=0/0,kio=0,kro=1}->HttpConnection@14a2bde7[p=HttpParser{s=CONTENT,0 of 65},g=HttpGenerator@669c352c{s=START}]=>HttpChannelOverHttp@12830816{r=1,c=false,c=false/false,a=IDLE,uri=//localhost:9998/contact,age=1} parsed true HttpParser{s=CONTENT,0 of 65}
17:34:14.670 [qtp731870416-72] DEBUG org.eclipse.jetty.server.HttpChannel - HttpChannelOverHttp@12830816{r=1,c=false,c=false/false,a=IDLE,uri=//localhost:9998/contact,age=1} handle //localhost:9998/contact 
17:34:14.670 [qtp731870416-72] DEBUG o.e.jetty.server.HttpChannelState - handling HttpChannelState@57818422{s=IDLE a=NOT_ASYNC i=true r=IDLE w=false}
17:34:14.670 [qtp731870416-72] DEBUG org.eclipse.jetty.server.HttpChannel - HttpChannelOverHttp@12830816{r=1,c=false,c=false/false,a=DISPATCHED,uri=//localhost:9998/contact,age=1} action DISPATCH
17:34:14.670 [qtp731870416-72] DEBUG org.eclipse.jetty.server.Server - REQUEST POST /contact on HttpChannelOverHttp@12830816{r=1,c=false,c=false/false,a=DISPATCHED,uri=//localhost:9998/contact,age=1}
17:34:14.674 [qtp731870416-72] DEBUG o.e.jetty.server.HttpConnection - HttpConnection@14a2bde7::SocketChannelEndPoint@187b6366{/127.0.0.1:55189<->/127.0.0.1:9998,OPEN,fill=-,flush=-,to=6/30000}{io=0/0,kio=0,kro=1}->HttpConnection@14a2bde7[p=HttpParser{s=CONTENT,0 of 65},g=HttpGenerator@669c352c{s=START}]=>HttpChannelOverHttp@12830816{r=1,c=false,c=false/false,a=DISPATCHED,uri=//localhost:9998/contact,age=5} parse HeapByteBuffer@61ace63a[p=243,l=308,c=8192,r=65]={POST /contact HTT...-Length: 65\r\n\r\n<<<{"firstName":"","...+39 23 123456"}>>>\x00\x00\x00\x00\x00\x00\x00\x00\x00\x00\x00\x00\x00\x00\x00\x00\x00...\x00\x00\x00\x00\x00\x00\x00\x00\x00\x00\x00\x00\x00\x00\x00} {}
17:34:14.674 [qtp731870416-72] DEBUG org.eclipse.jetty.http.HttpParser - parseNext s=CONTENT HeapByteBuffer@61ace63a[p=243,l=308,c=8192,r=65]={POST /contact HTT...-Length: 65\r\n\r\n<<<{"firstName":"","...+39 23 123456"}>>>\x00\x00\x00\x00\x00\x00\x00\x00\x00\x00\x00\x00\x00\x00\x00\x00\x00...\x00\x00\x00\x00\x00\x00\x00\x00\x00\x00\x00\x00\x00\x00\x00}
17:34:14.674 [qtp731870416-72] DEBUG org.eclipse.jetty.server.HttpChannel - HttpChannelOverHttp@12830816{r=1,c=false,c=false/false,a=DISPATCHED,uri=//localhost:9998/contact,age=5} onContent Content@28cda082{HeapByteBufferR@1fb29108[p=243,l=308,c=8192,r=65]={POST /contact HTT...-Length: 65\r\n\r\n<<<{"firstName":"","...+39 23 123456"}>>>\x00\x00\x00\x00\x00\x00\x00\x00\x00\x00\x00\x00\x00\x00\x00\x00\x00...\x00\x00\x00\x00\x00\x00\x00\x00\x00\x00\x00\x00\x00\x00\x00}}
17:34:14.674 [qtp731870416-72] DEBUG org.eclipse.jetty.server.HttpInput - HttpInputOverHTTP@50c37169[c=0,q=0,[0]=null,s=STREAM] addContent Content@28cda082{HeapByteBufferR@1fb29108[p=243,l=308,c=8192,r=65]={POST /contact HTT...-Length: 65\r\n\r\n<<<{"firstName":"","...+39 23 123456"}>>>\x00\x00\x00\x00\x00\x00\x00\x00\x00\x00\x00\x00\x00\x00\x00\x00\x00...\x00\x00\x00\x00\x00\x00\x00\x00\x00\x00\x00\x00\x00\x00\x00}}
17:34:14.675 [qtp731870416-72] DEBUG org.eclipse.jetty.http.HttpParser - CONTENT --> END
17:34:14.675 [qtp731870416-72] DEBUG org.eclipse.jetty.server.HttpChannel - HttpChannelOverHttp@12830816{r=1,c=false,c=false/false,a=DISPATCHED,uri=//localhost:9998/contact,age=6} onContentComplete
17:34:14.675 [qtp731870416-72] DEBUG org.eclipse.jetty.server.HttpChannel - HttpChannelOverHttp@12830816{r=1,c=false,c=false/false,a=DISPATCHED,uri=//localhost:9998/contact,age=6} onRequestComplete
17:34:14.675 [qtp731870416-72] DEBUG org.eclipse.jetty.server.HttpInput - HttpInputOverHTTP@50c37169[c=0,q=1,[0]=EOF,s=STREAM] addContent EOF
17:34:14.675 [qtp731870416-72] DEBUG o.e.jetty.server.HttpConnection - HttpConnection@14a2bde7::SocketChannelEndPoint@187b6366{/127.0.0.1:55189<->/127.0.0.1:9998,OPEN,fill=-,flush=-,to=7/30000}{io=0/0,kio=0,kro=1}->HttpConnection@14a2bde7[p=HttpParser{s=END,65 of 65},g=HttpGenerator@669c352c{s=START}]=>HttpChannelOverHttp@12830816{r=1,c=false,c=false/false,a=DISPATCHED,uri=//localhost:9998/contact,age=6} parsed false HttpParser{s=END,65 of 65}
17:34:14.675 [qtp731870416-72] DEBUG org.eclipse.jetty.server.HttpInput - HttpInputOverHTTP@50c37169[c=65,q=1,[0]=EOF,s=STREAM] read 65 from Content@28cda082{HeapByteBufferR@1fb29108[p=308,l=308,c=8192,r=0]={POST /contact HTT...+39 23 123456"}<<<>>>\x00\x00\x00\x00\x00\x00\x00\x00\x00\x00\x00\x00\x00\x00\x00\x00\x00...\x00\x00\x00\x00\x00\x00\x00\x00\x00\x00\x00\x00\x00\x00\x00}}
17:34:14.675 [qtp731870416-72] DEBUG o.e.jetty.server.HttpConnection - releaseRequestBuffer HttpConnection@14a2bde7::SocketChannelEndPoint@187b6366{/127.0.0.1:55189<->/127.0.0.1:9998,OPEN,fill=-,flush=-,to=7/30000}{io=0/0,kio=0,kro=1}->HttpConnection@14a2bde7[p=HttpParser{s=END,65 of 65},g=HttpGenerator@669c352c{s=START}]=>HttpChannelOverHttp@12830816{r=1,c=false,c=false/false,a=DISPATCHED,uri=//localhost:9998/contact,age=6}
17:34:14.691 [qtp731870416-72] DEBUG org.eclipse.jetty.server.HttpChannel - sendResponse info=null content=HeapByteBuffer@7c203415[p=0,l=0,c=0,r=0]={<<<>>>} complete=true committing=true callback=Blocker@74332814{null}
17:34:14.691 [qtp731870416-72] DEBUG org.eclipse.jetty.server.HttpChannel - COMMIT for /contact on HttpChannelOverHttp@12830816{r=1,c=true,c=false/false,a=DISPATCHED,uri=//localhost:9998/contact,age=22}
400 Bad Request HTTP/1.1
Date: Sun, 27 Sep 2020 16:34:14 GMT
Content-Length: 0


17:34:14.691 [qtp731870416-72] DEBUG o.e.jetty.server.HttpConnection - org.eclipse.jetty.server.HttpConnection$SendCallback@5db2ece[PROCESSING][i=HTTP/1.1{s=400,h=2,cl=0},cb=org.eclipse.jetty.server.HttpChannel$SendCallback@25e2726c] generate: NEED_HEADER (null,[p=0,l=0,c=0,r=0],true)@START
17:34:14.692 [qtp731870416-72] DEBUG org.eclipse.jetty.http.HttpGenerator - generateHeaders HTTP/1.1{s=400,h=2,cl=0} last=true content=HeapByteBuffer@7c203415[p=0,l=0,c=0,r=0]={<<<>>>}
17:34:14.692 [qtp731870416-72] DEBUG org.eclipse.jetty.http.HttpGenerator - Date: Sun, 27 Sep 2020 16:34:14 GMT
Content-Length: 0


17:34:14.692 [qtp731870416-72] DEBUG org.eclipse.jetty.http.HttpGenerator - CONTENT_LENGTH
17:34:14.692 [qtp731870416-72] DEBUG o.e.jetty.server.HttpConnection - org.eclipse.jetty.server.HttpConnection$SendCallback@5db2ece[PROCESSING][i=HTTP/1.1{s=400,h=2,cl=0},cb=org.eclipse.jetty.server.HttpChannel$SendCallback@25e2726c] generate: FLUSH ([p=0,l=117,c=8192,r=117],[p=0,l=0,c=0,r=0],true)@COMPLETING
17:34:14.692 [qtp731870416-72] DEBUG org.eclipse.jetty.io.WriteFlusher - write: WriteFlusher@18365762{IDLE}->null [HeapByteBuffer@61ace63a[p=0,l=117,c=8192,r=117]={<<<HTTP/1.1 400 Bad ....v20190418)\r\n\r\n>>>: localhost:9998\r...\x00\x00\x00\x00\x00\x00\x00\x00\x00\x00\x00\x00\x00\x00\x00}]
17:34:14.692 [qtp731870416-72] DEBUG org.eclipse.jetty.io.WriteFlusher - update WriteFlusher@18365762{WRITING}->null:IDLE-->WRITING
17:34:14.692 [qtp731870416-72] DEBUG org.eclipse.jetty.io.ChannelEndPoint - flushed 117 SocketChannelEndPoint@187b6366{/127.0.0.1:55189<->/127.0.0.1:9998,OPEN,fill=-,flush=W,to=24/30000}{io=0/0,kio=0,kro=1}->HttpConnection@14a2bde7[p=HttpParser{s=END,65 of 65},g=HttpGenerator@669c352c{s=COMPLETING}]=>HttpChannelOverHttp@12830816{r=1,c=true,c=false/false,a=DISPATCHED,uri=//localhost:9998/contact,age=23}
17:34:14.692 [qtp731870416-72] DEBUG org.eclipse.jetty.io.WriteFlusher - Flushed=true written=117 remaining=0 WriteFlusher@18365762{WRITING}->null
17:34:14.692 [qtp731870416-72] DEBUG org.eclipse.jetty.io.WriteFlusher - update WriteFlusher@18365762{IDLE}->null:WRITING-->IDLE
17:34:14.692 [qtp731870416-72] DEBUG o.e.jetty.server.HttpConnection - org.eclipse.jetty.server.HttpConnection$SendCallback@5db2ece[PROCESSING][i=HTTP/1.1{s=400,h=2,cl=0},cb=org.eclipse.jetty.server.HttpChannel$SendCallback@25e2726c] generate: DONE ([p=117,l=117,c=8192,r=0],[p=0,l=0,c=0,r=0],true)@END
17:34:14.693 [qtp731870416-72] DEBUG org.eclipse.jetty.server.Server - handled=true async=false committed=true on HttpChannelOverHttp@12830816{r=1,c=true,c=false/true,a=DISPATCHED,uri=//localhost:9998/contact,age=24}
17:34:14.693 [qtp731870416-72] DEBUG o.e.jetty.server.HttpChannelState - unhandle HttpChannelState@57818422{s=DISPATCHED a=NOT_ASYNC i=true r=IDLE w=false}
17:34:14.693 [qtp731870416-72] DEBUG org.eclipse.jetty.server.HttpChannel - HttpChannelOverHttp@12830816{r=1,c=true,c=false/true,a=COMPLETING,uri=//localhost:9998/contact,age=24} action COMPLETE
17:34:14.693 [qtp731870416-72] DEBUG o.e.jetty.server.HttpChannelState - onComplete HttpChannelState@57818422{s=COMPLETING a=NOT_ASYNC i=false r=IDLE w=false}
17:34:14.693 [qtp731870416-72] DEBUG org.eclipse.jetty.server.HttpChannel - COMPLETE for /contact written=0
17:34:14.694 [qtp731870416-72] DEBUG o.e.jetty.server.HttpChannelState - recycle HttpChannelState@57818422{s=COMPLETED a=NOT_ASYNC i=false r=IDLE w=false}
17:34:14.694 [qtp731870416-72] DEBUG org.eclipse.jetty.http.HttpParser - reset HttpParser{s=END,65 of 65}
17:34:14.694 [qtp731870416-72] DEBUG org.eclipse.jetty.http.HttpParser - END --> START
17:34:14.695 [qtp731870416-72] DEBUG org.eclipse.jetty.server.HttpChannel - HttpChannelOverHttp@12830816{r=1,c=false,c=false/false,a=IDLE,uri=null,age=0} handle exit, result COMPLETE
17:34:14.695 [qtp731870416-72] DEBUG org.eclipse.jetty.io.ChannelEndPoint - filled 0 HeapByteBuffer@61ace63a[p=0,l=0,c=8192,r=0]={<<<>>>HTTP/1.1 400 Bad ...\x00\x00\x00\x00\x00\x00\x00\x00\x00\x00\x00\x00\x00\x00\x00}
17:34:14.695 [qtp731870416-72] DEBUG org.eclipse.jetty.io.ChannelEndPoint - filled 0 HeapByteBuffer@61ace63a[p=0,l=0,c=8192,r=0]={<<<>>>HTTP/1.1 400 Bad ...\x00\x00\x00\x00\x00\x00\x00\x00\x00\x00\x00\x00\x00\x00\x00}
17:34:14.696 [qtp731870416-72] DEBUG o.e.jetty.server.HttpConnection - HttpConnection@14a2bde7::SocketChannelEndPoint@187b6366{/127.0.0.1:55189<->/127.0.0.1:9998,OPEN,fill=-,flush=-,to=3/30000}{io=0/0,kio=0,kro=1}->HttpConnection@14a2bde7[p=HttpParser{s=START,0 of -1},g=HttpGenerator@669c352c{s=START}]=>HttpChannelOverHttp@12830816{r=1,c=false,c=false/false,a=IDLE,uri=null,age=0} filled 0 HeapByteBuffer@61ace63a[p=0,l=0,c=8192,r=0]={<<<>>>HTTP/1.1 400 Bad ...\x00\x00\x00\x00\x00\x00\x00\x00\x00\x00\x00\x00\x00\x00\x00}
17:34:14.696 [qtp731870416-72] DEBUG o.e.jetty.server.HttpConnection - HttpConnection@14a2bde7::SocketChannelEndPoint@187b6366{/127.0.0.1:55189<->/127.0.0.1:9998,OPEN,fill=-,flush=-,to=4/30000}{io=0/0,kio=0,kro=1}->HttpConnection@14a2bde7[p=HttpParser{s=START,0 of -1},g=HttpGenerator@669c352c{s=START}]=>HttpChannelOverHttp@12830816{r=1,c=false,c=false/false,a=IDLE,uri=null,age=0} parse HeapByteBuffer@61ace63a[p=0,l=0,c=8192,r=0]={<<<>>>HTTP/1.1 400 Bad ...\x00\x00\x00\x00\x00\x00\x00\x00\x00\x00\x00\x00\x00\x00\x00} {}
17:34:14.696 [qtp731870416-72] DEBUG org.eclipse.jetty.http.HttpParser - parseNext s=START HeapByteBuffer@61ace63a[p=0,l=0,c=8192,r=0]={<<<>>>HTTP/1.1 400 Bad ...\x00\x00\x00\x00\x00\x00\x00\x00\x00\x00\x00\x00\x00\x00\x00}
17:34:14.697 [qtp731870416-72] DEBUG o.e.jetty.server.HttpConnection - HttpConnection@14a2bde7::SocketChannelEndPoint@187b6366{/127.0.0.1:55189<->/127.0.0.1:9998,OPEN,fill=-,flush=-,to=5/30000}{io=0/0,kio=0,kro=1}->HttpConnection@14a2bde7[p=HttpParser{s=START,0 of -1},g=HttpGenerator@669c352c{s=START}]=>HttpChannelOverHttp@12830816{r=1,c=false,c=false/false,a=IDLE,uri=null,age=0} parsed false HttpParser{s=START,0 of -1}
17:34:14.698 [qtp731870416-72] DEBUG o.e.jetty.server.HttpConnection - releaseRequestBuffer HttpConnection@14a2bde7::SocketChannelEndPoint@187b6366{/127.0.0.1:55189<->/127.0.0.1:9998,OPEN,fill=-,flush=-,to=5/30000}{io=0/0,kio=0,kro=1}->HttpConnection@14a2bde7[p=HttpParser{s=START,0 of -1},g=HttpGenerator@669c352c{s=START}]=>HttpChannelOverHttp@12830816{r=1,c=false,c=false/false,a=IDLE,uri=null,age=0}
17:34:14.698 [qtp731870416-72] DEBUG o.e.jetty.io.AbstractConnection - fillInterested HttpConnection@14a2bde7::SocketChannelEndPoint@187b6366{/127.0.0.1:55189<->/127.0.0.1:9998,OPEN,fill=-,flush=-,to=6/30000}{io=0/0,kio=0,kro=1}->HttpConnection@14a2bde7[p=HttpParser{s=START,0 of -1},g=HttpGenerator@669c352c{s=START}]=>HttpChannelOverHttp@12830816{r=1,c=false,c=false/false,a=IDLE,uri=null,age=0}
17:34:14.698 [qtp731870416-72] DEBUG org.eclipse.jetty.io.FillInterest - interested FillInterest@6c555251{AC.ReadCB@14a2bde7{HttpConnection@14a2bde7::SocketChannelEndPoint@187b6366{/127.0.0.1:55189<->/127.0.0.1:9998,OPEN,fill=FI,flush=-,to=0/30000}{io=0/0,kio=0,kro=1}->HttpConnection@14a2bde7[p=HttpParser{s=START,0 of -1},g=HttpGenerator@669c352c{s=START}]=>HttpChannelOverHttp@12830816{r=1,c=false,c=false/false,a=IDLE,uri=null,age=0}}}
17:34:14.699 [qtp731870416-72] DEBUG org.eclipse.jetty.io.ChannelEndPoint - changeInterests p=false 0->1 for SocketChannelEndPoint@187b6366{/127.0.0.1:55189<->/127.0.0.1:9998,OPEN,fill=FI,flush=-,to=0/30000}{io=0/1,kio=0,kro=1}->HttpConnection@14a2bde7[p=HttpParser{s=START,0 of -1},g=HttpGenerator@669c352c{s=START}]=>HttpChannelOverHttp@12830816{r=1,c=false,c=false/false,a=IDLE,uri=null,age=0}
17:34:14.699 [qtp731870416-72] DEBUG org.eclipse.jetty.io.ManagedSelector - Queued change org.eclipse.jetty.io.ChannelEndPoint$1@37ae7b6d on ManagedSelector@64f1fd08{STARTED} id=1 keys=1 selected=0 updates=0
17:34:14.699 [qtp731870416-72] DEBUG org.eclipse.jetty.io.ManagedSelector - Wakeup on submit ManagedSelector@64f1fd08{STARTED} id=1 keys=1 selected=0 updates=1
17:34:14.699 [qtp731870416-68] DEBUG org.eclipse.jetty.io.ManagedSelector - Selector sun.nio.ch.KQueueSelectorImpl@3d5de7c7 woken with none selected
17:34:14.699 [qtp731870416-68] DEBUG org.eclipse.jetty.io.ManagedSelector - Selector sun.nio.ch.KQueueSelectorImpl@3d5de7c7 woken up from select, 0/0/1 selected
17:34:14.699 [qtp731870416-72] DEBUG o.e.jetty.server.HttpConnection - HttpConnection@14a2bde7::SocketChannelEndPoint@187b6366{/127.0.0.1:55189<->/127.0.0.1:9998,OPEN,fill=FI,flush=-,to=1/30000}{io=0/1,kio=0,kro=1}->HttpConnection@14a2bde7[p=HttpParser{s=START,0 of -1},g=HttpGenerator@669c352c{s=START}]=>HttpChannelOverHttp@12830816{r=1,c=false,c=false/false,a=IDLE,uri=null,age=0} onFillable exit HttpChannelState@57818422{s=IDLE a=NOT_ASYNC i=true r=IDLE w=false} null
17:34:14.700 [qtp731870416-68] DEBUG org.eclipse.jetty.io.ManagedSelector - Selector sun.nio.ch.KQueueSelectorImpl@3d5de7c7 processing 0 keys, 1 updates
17:34:14.700 [qtp731870416-68] DEBUG org.eclipse.jetty.io.ManagedSelector - updateable 1
17:34:14.700 [qtp731870416-68] DEBUG org.eclipse.jetty.io.ManagedSelector - update org.eclipse.jetty.io.ChannelEndPoint$1@37ae7b6d
17:34:14.700 [qtp731870416-68] DEBUG org.eclipse.jetty.io.ChannelEndPoint - Key interests updated 0 -> 1 on SocketChannelEndPoint@187b6366{/127.0.0.1:55189<->/127.0.0.1:9998,OPEN,fill=FI,flush=-,to=2/30000}{io=1/1,kio=1,kro=1}->HttpConnection@14a2bde7[p=HttpParser{s=START,0 of -1},g=HttpGenerator@669c352c{s=START}]=>HttpChannelOverHttp@12830816{r=1,c=false,c=false/false,a=IDLE,uri=null,age=0}
17:34:14.700 [qtp731870416-72] DEBUG o.e.j.util.thread.QueuedThreadPool - ran CEP:SocketChannelEndPoint@187b6366{/127.0.0.1:55189<->/127.0.0.1:9998,OPEN,fill=FI,flush=-,to=2/30000}{io=1/1,kio=1,kro=1}->HttpConnection@14a2bde7[p=HttpParser{s=START,0 of -1},g=HttpGenerator@669c352c{s=START}]=>HttpChannelOverHttp@12830816{r=1,c=false,c=false/false,a=IDLE,uri=null,age=0}:runFillable:BLOCKING
17:34:14.700 [qtp731870416-68] DEBUG org.eclipse.jetty.io.ManagedSelector - updates 0
17:34:14.700 [qtp731870416-68] DEBUG org.eclipse.jetty.io.ManagedSelector - Selector sun.nio.ch.KQueueSelectorImpl@3d5de7c7 waiting with 1 keys
17:34:14.702 [main] DEBUG o.e.j.u.component.AbstractLifeCycle - stopping Server@65c86db8{STARTED}[9.4.17.v20190418]
17:34:14.702 [main] DEBUG org.eclipse.jetty.server.Server - doStop Server@65c86db8{STOPPING}[9.4.17.v20190418]
17:34:14.702 [qtp731870416-69] DEBUG o.e.j.util.thread.QueuedThreadPool - ran qtp731870416-69-acceptor-0@45e1aa48-ServerConnector@5a2bd7c8{HTTP/1.1,[http/1.1]}{0.0.0.0:9998}
17:34:14.704 [main] DEBUG o.e.j.s.h.AbstractHandlerContainer - Graceful shutdown Server@65c86db8{STOPPING}[9.4.17.v20190418] by 
17:34:14.704 [main] DEBUG o.e.j.u.component.AbstractLifeCycle - stopping ServerConnector@5a2bd7c8{HTTP/1.1,[http/1.1]}{0.0.0.0:9998}
17:34:14.704 [main] DEBUG o.e.j.u.component.AbstractLifeCycle - stopping SelectorManager@ServerConnector@5a2bd7c8{HTTP/1.1,[http/1.1]}{0.0.0.0:9998}
17:34:14.704 [main] DEBUG o.e.j.u.component.AbstractLifeCycle - stopping ManagedSelector@64f1fd08{STARTED} id=1 keys=1 selected=0 updates=0
17:34:14.704 [main] DEBUG org.eclipse.jetty.io.ManagedSelector - Queued change org.eclipse.jetty.io.ManagedSelector$CloseConnections@782be4eb on ManagedSelector@64f1fd08{STOPPING} id=1 keys=1 selected=0 updates=0
17:34:14.704 [main] DEBUG org.eclipse.jetty.io.ManagedSelector - Wakeup on submit ManagedSelector@64f1fd08{STOPPING} id=1 keys=1 selected=0 updates=1
17:34:14.704 [qtp731870416-68] DEBUG org.eclipse.jetty.io.ManagedSelector - Selector sun.nio.ch.KQueueSelectorImpl@3d5de7c7 woken with none selected
17:34:14.704 [qtp731870416-68] DEBUG org.eclipse.jetty.io.ManagedSelector - Selector sun.nio.ch.KQueueSelectorImpl@3d5de7c7 woken up from select, 0/0/1 selected
17:34:14.704 [qtp731870416-68] DEBUG org.eclipse.jetty.io.ManagedSelector - Selector sun.nio.ch.KQueueSelectorImpl@3d5de7c7 processing 0 keys, 1 updates
17:34:14.704 [qtp731870416-68] DEBUG org.eclipse.jetty.io.ManagedSelector - updateable 1
17:34:14.704 [qtp731870416-68] DEBUG org.eclipse.jetty.io.ManagedSelector - update org.eclipse.jetty.io.ManagedSelector$CloseConnections@782be4eb
17:34:14.704 [qtp731870416-68] DEBUG org.eclipse.jetty.io.ManagedSelector - Closing 1 connections on ManagedSelector@64f1fd08{STOPPING} id=1 keys=1 selected=0 updates=0
17:34:14.704 [qtp731870416-68] DEBUG o.eclipse.jetty.io.AbstractEndPoint - close SocketChannelEndPoint@187b6366{/127.0.0.1:55189<->/127.0.0.1:9998,OPEN,fill=FI,flush=-,to=6/30000}{io=1/1,kio=1,kro=1}->HttpConnection@14a2bde7[p=HttpParser{s=START,0 of -1},g=HttpGenerator@669c352c{s=START}]=>HttpChannelOverHttp@12830816{r=1,c=false,c=false/false,a=IDLE,uri=null,age=0}
17:34:14.705 [qtp731870416-68] DEBUG o.eclipse.jetty.io.AbstractEndPoint - close(null) SocketChannelEndPoint@187b6366{/127.0.0.1:55189<->/127.0.0.1:9998,OPEN,fill=FI,flush=-,to=6/30000}{io=1/1,kio=1,kro=1}->HttpConnection@14a2bde7[p=HttpParser{s=START,0 of -1},g=HttpGenerator@669c352c{s=START}]=>HttpChannelOverHttp@12830816{r=1,c=false,c=false/false,a=IDLE,uri=null,age=0}
17:34:14.705 [qtp731870416-68] DEBUG org.eclipse.jetty.io.ChannelEndPoint - doClose SocketChannelEndPoint@187b6366{/127.0.0.1:55189<->/127.0.0.1:9998,CLOSED,fill=FI,flush=-,to=7/30000}{io=1/1,kio=1,kro=1}->HttpConnection@14a2bde7[p=HttpParser{s=START,0 of -1},g=HttpGenerator@669c352c{s=START}]=>HttpChannelOverHttp@12830816{r=1,c=false,c=false/false,a=IDLE,uri=null,age=0}
17:34:14.705 [qtp731870416-68] DEBUG org.eclipse.jetty.io.WriteFlusher - ignored: WriteFlusher@18365762{IDLE}->null
java.nio.channels.ClosedChannelException: null
	at org.eclipse.jetty.io.WriteFlusher.onClose(WriteFlusher.java:492)
	at org.eclipse.jetty.io.AbstractEndPoint.onClose(AbstractEndPoint.java:353)
	at org.eclipse.jetty.io.ChannelEndPoint.onClose(ChannelEndPoint.java:215)
	at org.eclipse.jetty.io.AbstractEndPoint.doOnClose(AbstractEndPoint.java:225)
	at org.eclipse.jetty.io.AbstractEndPoint.close(AbstractEndPoint.java:192)
	at org.eclipse.jetty.io.AbstractEndPoint.close(AbstractEndPoint.java:175)
	at org.eclipse.jetty.io.AbstractConnection.close(AbstractConnection.java:248)
	at org.eclipse.jetty.io.ManagedSelector.closeNoExceptions(ManagedSelector.java:252)
	at org.eclipse.jetty.io.ManagedSelector.access$1400(ManagedSelector.java:61)
	at org.eclipse.jetty.io.ManagedSelector$CloseConnections.update(ManagedSelector.java:866)
	at org.eclipse.jetty.io.ManagedSelector$SelectorProducer.processUpdates(ManagedSelector.java:426)
	at org.eclipse.jetty.io.ManagedSelector$SelectorProducer.produce(ManagedSelector.java:397)
	at org.eclipse.jetty.util.thread.strategy.EatWhatYouKill.produceTask(EatWhatYouKill.java:357)
	at org.eclipse.jetty.util.thread.strategy.EatWhatYouKill.doProduce(EatWhatYouKill.java:181)
	at org.eclipse.jetty.util.thread.strategy.EatWhatYouKill.tryProduce(EatWhatYouKill.java:168)
	at org.eclipse.jetty.util.thread.strategy.EatWhatYouKill.produce(EatWhatYouKill.java:132)
	at org.eclipse.jetty.util.thread.QueuedThreadPool.runJob(QueuedThreadPool.java:786)
	at org.eclipse.jetty.util.thread.QueuedThreadPool$2.run(QueuedThreadPool.java:743)
	at java.lang.Thread.run(Thread.java:748)
17:34:14.705 [qtp731870416-68] DEBUG org.eclipse.jetty.io.FillInterest - onClose FillInterest@6c555251{AC.ReadCB@14a2bde7{HttpConnection@14a2bde7::SocketChannelEndPoint@187b6366{/127.0.0.1:55189<->/127.0.0.1:9998,CLOSED,fill=FI,flush=-,to=7/30000}{io=1/1,kio=-1,kro=-1}->HttpConnection@14a2bde7[p=HttpParser{s=START,0 of -1},g=HttpGenerator@669c352c{s=START}]=>HttpChannelOverHttp@12830816{r=1,c=false,c=false/false,a=IDLE,uri=null,age=0}}}
17:34:14.705 [qtp731870416-68] DEBUG org.eclipse.jetty.http.HttpParser - close HttpParser{s=START,0 of -1}
17:34:14.705 [qtp731870416-68] DEBUG org.eclipse.jetty.http.HttpParser - START --> CLOSE
17:34:14.706 [qtp731870416-68] DEBUG o.e.jetty.io.AbstractConnection - HttpConnection@14a2bde7::SocketChannelEndPoint@187b6366{/127.0.0.1:55189<->/127.0.0.1:9998,CLOSED,fill=-,flush=-,to=7/30000}{io=1/1,kio=-1,kro=-1}->HttpConnection@14a2bde7[p=HttpParser{s=CLOSE,0 of -1},g=HttpGenerator@669c352c{s=START}]=>HttpChannelOverHttp@12830816{r=1,c=false,c=false/false,a=IDLE,uri=null,age=0} onFillInterestedFailed {}
17:34:14.706 [qtp731870416-68] DEBUG org.eclipse.jetty.io.ManagedSelector - Wakeup ManagedSelector@64f1fd08{STOPPING} id=1 keys=1 selected=0 updates=0
17:34:14.706 [qtp731870416-68] DEBUG o.e.j.util.thread.QueuedThreadPool - queue org.eclipse.jetty.io.ManagedSelector$DestroyEndPoint@72a71427
17:34:14.706 [qtp731870416-68] DEBUG org.eclipse.jetty.io.ManagedSelector - updates 0
17:34:14.706 [qtp731870416-68] DEBUG org.eclipse.jetty.io.ManagedSelector - Selector sun.nio.ch.KQueueSelectorImpl@3d5de7c7 waiting with 1 keys
17:34:14.706 [qtp731870416-73] DEBUG o.e.j.util.thread.QueuedThreadPool - run org.eclipse.jetty.io.ManagedSelector$DestroyEndPoint@72a71427
17:34:14.706 [qtp731870416-73] DEBUG org.eclipse.jetty.io.ManagedSelector - Destroyed SocketChannelEndPoint@187b6366{/127.0.0.1:55189<->/127.0.0.1:9998,CLOSED,fill=-,flush=-,to=8/30000}{io=1/1,kio=-1,kro=-1}->HttpConnection@14a2bde7[p=HttpParser{s=CLOSE,0 of -1},g=HttpGenerator@669c352c{s=START}]=>HttpChannelOverHttp@12830816{r=1,c=false,c=false/false,a=IDLE,uri=null,age=0}
17:34:14.706 [qtp731870416-73] DEBUG o.e.jetty.io.AbstractConnection - onClose HttpConnection@14a2bde7::SocketChannelEndPoint@187b6366{/127.0.0.1:55189<->/127.0.0.1:9998,CLOSED,fill=-,flush=-,to=8/30000}{io=1/1,kio=-1,kro=-1}->HttpConnection@14a2bde7[p=HttpParser{s=CLOSE,0 of -1},g=HttpGenerator@669c352c{s=START}]=>HttpChannelOverHttp@12830816{r=1,c=false,c=false/false,a=IDLE,uri=null,age=0}
17:34:14.706 [qtp731870416-73] DEBUG o.e.j.util.thread.QueuedThreadPool - ran org.eclipse.jetty.io.ManagedSelector$DestroyEndPoint@72a71427
17:34:14.710 [main] DEBUG org.eclipse.jetty.io.ManagedSelector - Queued change org.eclipse.jetty.io.ManagedSelector$StopSelector@38792286 on ManagedSelector@64f1fd08{STOPPING} id=1 keys=0 selected=0 updates=0
17:34:14.710 [main] DEBUG org.eclipse.jetty.io.ManagedSelector - Wakeup on submit ManagedSelector@64f1fd08{STOPPING} id=1 keys=0 selected=0 updates=1
17:34:14.710 [qtp731870416-68] DEBUG org.eclipse.jetty.io.ManagedSelector - Selector sun.nio.ch.KQueueSelectorImpl@3d5de7c7 woken with none selected
17:34:14.710 [qtp731870416-68] DEBUG org.eclipse.jetty.io.ManagedSelector - Selector sun.nio.ch.KQueueSelectorImpl@3d5de7c7 woken up from select, 0/0/0 selected
17:34:14.710 [qtp731870416-68] DEBUG org.eclipse.jetty.io.ManagedSelector - Selector sun.nio.ch.KQueueSelectorImpl@3d5de7c7 processing 0 keys, 1 updates
17:34:14.710 [qtp731870416-68] DEBUG org.eclipse.jetty.io.ManagedSelector - updateable 1
17:34:14.710 [qtp731870416-68] DEBUG org.eclipse.jetty.io.ManagedSelector - update org.eclipse.jetty.io.ManagedSelector$StopSelector@38792286
17:34:14.710 [qtp731870416-68] DEBUG org.eclipse.jetty.io.ManagedSelector - updates 0
17:34:14.710 [qtp731870416-68] DEBUG o.e.j.util.thread.QueuedThreadPool - ran org.eclipse.jetty.io.ManagedSelector$$Lambda$175/1736293769@3e104d4b
17:34:14.711 [main] DEBUG o.e.j.u.component.AbstractLifeCycle - stopping EatWhatYouKill@6c15e8c7/SelectorProducer@56380231/IDLE/p=false/JettyConnectorThreadPool[qtp731870416]@2b9f74d0{STARTED,8<=8<=200,i=6,q=0}[ReservedThreadExecutor@55259aa7{s=1/4,p=0}][pc=0,pic=0,pec=1,epc=0]@2020-09-27T17:34:14.711+01:00
17:34:14.712 [main] DEBUG o.e.j.u.component.AbstractLifeCycle - STOPPED EatWhatYouKill@6c15e8c7/SelectorProducer@56380231/IDLE/p=false/JettyConnectorThreadPool[qtp731870416]@2b9f74d0{STARTED,8<=8<=200,i=6,q=0}[ReservedThreadExecutor@55259aa7{s=1/4,p=0}][pc=0,pic=0,pec=1,epc=0]@2020-09-27T17:34:14.712+01:00
17:34:14.712 [main] DEBUG o.e.j.u.component.AbstractLifeCycle - STOPPED ManagedSelector@64f1fd08{STOPPED} id=1 keys=-1 selected=-1 updates=0
17:34:14.712 [main] DEBUG o.e.j.u.component.AbstractLifeCycle - stopping ManagedSelector@706fe5c6{STARTED} id=0 keys=0 selected=0 updates=0
17:34:14.712 [main] DEBUG org.eclipse.jetty.io.ManagedSelector - Queued change org.eclipse.jetty.io.ManagedSelector$CloseConnections@34d4860f on ManagedSelector@706fe5c6{STOPPING} id=0 keys=0 selected=0 updates=0
17:34:14.712 [main] DEBUG org.eclipse.jetty.io.ManagedSelector - Wakeup on submit ManagedSelector@706fe5c6{STOPPING} id=0 keys=0 selected=0 updates=1
17:34:14.712 [qtp731870416-67] DEBUG org.eclipse.jetty.io.ManagedSelector - Selector sun.nio.ch.KQueueSelectorImpl@1e3d22 woken with none selected
17:34:14.712 [qtp731870416-67] DEBUG org.eclipse.jetty.io.ManagedSelector - Selector sun.nio.ch.KQueueSelectorImpl@1e3d22 woken up from select, 0/0/0 selected
17:34:14.712 [qtp731870416-67] DEBUG org.eclipse.jetty.io.ManagedSelector - Selector sun.nio.ch.KQueueSelectorImpl@1e3d22 processing 0 keys, 1 updates
17:34:14.712 [qtp731870416-67] DEBUG org.eclipse.jetty.io.ManagedSelector - updateable 1
17:34:14.712 [qtp731870416-67] DEBUG org.eclipse.jetty.io.ManagedSelector - update org.eclipse.jetty.io.ManagedSelector$CloseConnections@34d4860f
17:34:14.712 [qtp731870416-67] DEBUG org.eclipse.jetty.io.ManagedSelector - Closing 0 connections on ManagedSelector@706fe5c6{STOPPING} id=0 keys=0 selected=0 updates=0
17:34:14.712 [qtp731870416-67] DEBUG org.eclipse.jetty.io.ManagedSelector - updates 0
17:34:14.712 [qtp731870416-67] DEBUG org.eclipse.jetty.io.ManagedSelector - Selector sun.nio.ch.KQueueSelectorImpl@1e3d22 waiting with 0 keys
17:34:14.712 [main] DEBUG org.eclipse.jetty.io.ManagedSelector - Queued change org.eclipse.jetty.io.ManagedSelector$StopSelector@665522c2 on ManagedSelector@706fe5c6{STOPPING} id=0 keys=0 selected=0 updates=0
17:34:14.712 [main] DEBUG org.eclipse.jetty.io.ManagedSelector - Wakeup on submit ManagedSelector@706fe5c6{STOPPING} id=0 keys=0 selected=0 updates=1
17:34:14.712 [qtp731870416-67] DEBUG org.eclipse.jetty.io.ManagedSelector - Selector sun.nio.ch.KQueueSelectorImpl@1e3d22 woken with none selected
17:34:14.712 [qtp731870416-67] DEBUG org.eclipse.jetty.io.ManagedSelector - Selector sun.nio.ch.KQueueSelectorImpl@1e3d22 woken up from select, 0/0/0 selected
17:34:14.712 [qtp731870416-67] DEBUG org.eclipse.jetty.io.ManagedSelector - Selector sun.nio.ch.KQueueSelectorImpl@1e3d22 processing 0 keys, 1 updates
17:34:14.712 [qtp731870416-67] DEBUG org.eclipse.jetty.io.ManagedSelector - updateable 1
17:34:14.712 [qtp731870416-67] DEBUG org.eclipse.jetty.io.ManagedSelector - update org.eclipse.jetty.io.ManagedSelector$StopSelector@665522c2
17:34:14.712 [qtp731870416-67] DEBUG org.eclipse.jetty.io.ManagedSelector - updates 0
17:34:14.712 [qtp731870416-67] DEBUG o.e.j.util.thread.QueuedThreadPool - ran org.eclipse.jetty.io.ManagedSelector$$Lambda$175/1736293769@6b3f6585
17:34:14.713 [main] DEBUG o.e.j.u.component.AbstractLifeCycle - stopping EatWhatYouKill@20134094/SelectorProducer@76889e60/IDLE/p=false/JettyConnectorThreadPool[qtp731870416]@2b9f74d0{STARTED,8<=8<=200,i=7,q=0}[ReservedThreadExecutor@55259aa7{s=1/4,p=0}][pc=0,pic=0,pec=0,epc=0]@2020-09-27T17:34:14.713+01:00
17:34:14.714 [main] DEBUG o.e.j.u.component.AbstractLifeCycle - STOPPED EatWhatYouKill@20134094/SelectorProducer@76889e60/IDLE/p=false/JettyConnectorThreadPool[qtp731870416]@2b9f74d0{STARTED,8<=8<=200,i=7,q=0}[ReservedThreadExecutor@55259aa7{s=1/4,p=0}][pc=0,pic=0,pec=0,epc=0]@2020-09-27T17:34:14.714+01:00
17:34:14.714 [main] DEBUG o.e.j.u.component.AbstractLifeCycle - STOPPED ManagedSelector@706fe5c6{STOPPED} id=0 keys=-1 selected=-1 updates=0
17:34:14.714 [main] DEBUG o.e.j.u.component.AbstractLifeCycle - STOPPED SelectorManager@ServerConnector@5a2bd7c8{HTTP/1.1,[http/1.1]}{0.0.0.0:9998}
17:34:14.714 [main] DEBUG o.e.j.u.component.AbstractLifeCycle - stopping HttpConnectionFactory@7efe7b87[HTTP/1.1]
17:34:14.715 [main] DEBUG o.e.j.u.component.AbstractLifeCycle - STOPPED HttpConnectionFactory@7efe7b87[HTTP/1.1]
17:34:14.715 [main] DEBUG o.e.j.u.component.AbstractLifeCycle - stopping ScheduledExecutorScheduler@7ca8d498{STARTED}
17:34:14.719 [main] DEBUG o.e.j.u.component.AbstractLifeCycle - STOPPED ScheduledExecutorScheduler@7ca8d498{STOPPED}
17:34:14.719 [main] INFO  o.e.jetty.server.AbstractConnector - Stopped ServerConnector@5a2bd7c8{HTTP/1.1,[http/1.1]}{0.0.0.0:9998}
17:34:14.719 [main] DEBUG o.e.j.u.component.AbstractLifeCycle - STOPPED ServerConnector@5a2bd7c8{HTTP/1.1,[http/1.1]}{0.0.0.0:9998}
17:34:14.719 [main] DEBUG o.e.j.server.handler.AbstractHandler - stopping Server@65c86db8{STOPPING}[9.4.17.v20190418]
17:34:14.719 [main] DEBUG o.e.j.u.component.AbstractLifeCycle - stopping ErrorHandler@6f139fc9{STARTED}
17:34:14.719 [main] DEBUG o.e.j.server.handler.AbstractHandler - stopping ErrorHandler@6f139fc9{STOPPING}
17:34:14.719 [main] DEBUG o.e.j.u.component.AbstractLifeCycle - STOPPED ErrorHandler@6f139fc9{STOPPED}
17:34:14.719 [main] DEBUG o.e.j.u.component.AbstractLifeCycle - stopping JettyHttpContainer@6b8280e6{STARTED}
17:34:14.719 [main] DEBUG o.e.j.server.handler.AbstractHandler - stopping JettyHttpContainer@6b8280e6{STOPPING}
17:34:14.720 [main] DEBUG o.e.j.u.component.AbstractLifeCycle - STOPPED JettyHttpContainer@6b8280e6{STOPPED}
17:34:14.720 [main] DEBUG o.e.j.u.component.AbstractLifeCycle - stopping JettyConnectorThreadPool[qtp731870416]@2b9f74d0{STARTED,8<=8<=200,i=7,q=0}[ReservedThreadExecutor@55259aa7{s=1/4,p=0}]
17:34:14.720 [main] DEBUG o.e.j.util.thread.QueuedThreadPool - Stopping JettyConnectorThreadPool[qtp731870416]@2b9f74d0{STOPPING,8<=8<=200,i=7,q=0}[ReservedThreadExecutor@55259aa7{s=1/4,p=0}]
17:34:14.720 [main] DEBUG o.e.j.u.component.AbstractLifeCycle - stopping ReservedThreadExecutor@55259aa7{s=1/4,p=0}
17:34:14.720 [main] DEBUG o.e.j.u.t.ReservedThreadExecutor - ReservedThreadExecutor@55259aa7{s=0/4,p=0}@37a58cb7 offer STOP!
17:34:14.721 [main] DEBUG o.e.j.u.component.AbstractLifeCycle - STOPPED ReservedThreadExecutor@55259aa7{s=0/4,p=0}
17:34:14.721 [qtp731870416-71] DEBUG o.e.j.u.t.ReservedThreadExecutor - ReservedThreadExecutor@55259aa7{s=0/4,p=0}@37a58cb7 task=STOP!
17:34:14.721 [qtp731870416-71] DEBUG o.e.j.u.t.ReservedThreadExecutor - ReservedThreadExecutor@55259aa7{s=0/4,p=0}@37a58cb7 Exited
17:34:14.721 [main] DEBUG o.e.j.util.thread.QueuedThreadPool - Waiting for Thread[qtp731870416-67,5,main] for 14999
17:34:14.721 [qtp731870416-71] DEBUG o.e.j.util.thread.QueuedThreadPool - ran ReservedThreadExecutor@55259aa7{s=0/4,p=0}@37a58cb7
17:34:14.721 [qtp731870416-70] DEBUG o.e.j.util.thread.QueuedThreadPool - run org.eclipse.jetty.util.thread.QueuedThreadPool$$Lambda$264/1914615775@5e9a99b4
17:34:14.721 [qtp731870416-74] DEBUG o.e.j.util.thread.QueuedThreadPool - run org.eclipse.jetty.util.thread.QueuedThreadPool$$Lambda$264/1914615775@5e9a99b4
17:34:14.721 [qtp731870416-74] DEBUG o.e.j.util.thread.QueuedThreadPool - ran org.eclipse.jetty.util.thread.QueuedThreadPool$$Lambda$264/1914615775@5e9a99b4
17:34:14.721 [qtp731870416-70] DEBUG o.e.j.util.thread.QueuedThreadPool - ran org.eclipse.jetty.util.thread.QueuedThreadPool$$Lambda$264/1914615775@5e9a99b4
17:34:14.721 [qtp731870416-69] DEBUG o.e.j.util.thread.QueuedThreadPool - run org.eclipse.jetty.util.thread.QueuedThreadPool$$Lambda$264/1914615775@5e9a99b4
17:34:14.721 [qtp731870416-69] DEBUG o.e.j.util.thread.QueuedThreadPool - ran org.eclipse.jetty.util.thread.QueuedThreadPool$$Lambda$264/1914615775@5e9a99b4
17:34:14.721 [qtp731870416-72] DEBUG o.e.j.util.thread.QueuedThreadPool - run org.eclipse.jetty.util.thread.QueuedThreadPool$$Lambda$264/1914615775@5e9a99b4
17:34:14.721 [qtp731870416-73] DEBUG o.e.j.util.thread.QueuedThreadPool - run org.eclipse.jetty.util.thread.QueuedThreadPool$$Lambda$264/1914615775@5e9a99b4
17:34:14.721 [qtp731870416-72] DEBUG o.e.j.util.thread.QueuedThreadPool - ran org.eclipse.jetty.util.thread.QueuedThreadPool$$Lambda$264/1914615775@5e9a99b4
17:34:14.721 [qtp731870416-68] DEBUG o.e.j.util.thread.QueuedThreadPool - run org.eclipse.jetty.util.thread.QueuedThreadPool$$Lambda$264/1914615775@5e9a99b4
17:34:14.721 [qtp731870416-73] DEBUG o.e.j.util.thread.QueuedThreadPool - ran org.eclipse.jetty.util.thread.QueuedThreadPool$$Lambda$264/1914615775@5e9a99b4
17:34:14.721 [qtp731870416-68] DEBUG o.e.j.util.thread.QueuedThreadPool - ran org.eclipse.jetty.util.thread.QueuedThreadPool$$Lambda$264/1914615775@5e9a99b4
17:34:14.721 [qtp731870416-67] DEBUG o.e.j.util.thread.QueuedThreadPool - run org.eclipse.jetty.util.thread.QueuedThreadPool$$Lambda$264/1914615775@5e9a99b4
17:34:14.721 [qtp731870416-67] DEBUG o.e.j.util.thread.QueuedThreadPool - ran org.eclipse.jetty.util.thread.QueuedThreadPool$$Lambda$264/1914615775@5e9a99b4
17:34:14.722 [main] DEBUG o.e.j.util.thread.QueuedThreadPool - Waiting for Thread[qtp731870416-69,5,] for 14999
17:34:14.722 [main] DEBUG o.e.j.util.thread.QueuedThreadPool - Waiting for Thread[qtp731870416-72,5,] for 14998
17:34:14.730 [main] DEBUG o.e.j.u.component.AbstractLifeCycle - STOPPED JettyConnectorThreadPool[qtp731870416]@2b9f74d0{STOPPED,8<=0<=200,i=0,q=0}[org.eclipse.jetty.util.thread.TryExecutor$$Lambda$157/1967617997@759fad4]
17:34:14.730 [main] DEBUG o.e.j.u.component.AbstractLifeCycle - STOPPED Server@65c86db8{STOPPED}[9.4.17.v20190418]
]]></system-out>
    <system-err><![CDATA[Sep 27, 2020 5:34:14 PM org.glassfish.jersey.test.jetty.JettyTestContainerFactory$JettyTestContainer <init>
INFO: Creating JettyTestContainer configured at the base URI http://localhost:9998/
]]></system-err>
  </testcase>
  <testcase name="testUpdateContactWithValidContact" classname="com.brunogoncalves.phonebook.resource.ContactResourceTest" time="0.283">
    <system-out><![CDATA[17:34:14.808 [main] DEBUG o.h.v.i.e.r.TraversableResolvers - Cannot find javax.persistence.Persistence on classpath. Assuming non JPA 2 environment. All properties will per default be traversable.
17:34:14.809 [main] DEBUG o.h.v.i.x.config.ValidationXmlParser - Trying to load META-INF/validation.xml for XML based Validator configuration.
17:34:14.809 [main] DEBUG o.h.v.i.x.c.ResourceLoaderHelper - Trying to load META-INF/validation.xml via TCCL
17:34:14.809 [main] DEBUG o.h.v.i.x.c.ResourceLoaderHelper - Trying to load META-INF/validation.xml via Hibernate Validator's class loader
17:34:14.809 [main] DEBUG o.h.v.i.x.config.ValidationXmlParser - No META-INF/validation.xml found. Using annotation based configuration only.
17:34:14.817 [main] DEBUG o.h.v.m.ResourceBundleMessageInterpolator - Loaded expression factory via original TCCL
17:34:14.817 [main] DEBUG o.h.v.i.engine.ValidatorFactoryImpl - HV000234: Using org.hibernate.validator.messageinterpolation.ResourceBundleMessageInterpolator as ValidatorFactory-scoped message interpolator.
17:34:14.817 [main] DEBUG o.h.v.i.engine.ValidatorFactoryImpl - HV000234: Using org.hibernate.validator.internal.engine.resolver.TraverseAllTraversableResolver as ValidatorFactory-scoped traversable resolver.
17:34:14.818 [main] DEBUG o.h.v.i.engine.ValidatorFactoryImpl - HV000234: Using org.hibernate.validator.internal.util.ExecutableParameterNameProvider as ValidatorFactory-scoped parameter name provider.
17:34:14.818 [main] DEBUG o.h.v.i.engine.ValidatorFactoryImpl - HV000234: Using org.hibernate.validator.internal.engine.DefaultClockProvider as ValidatorFactory-scoped clock provider.
17:34:14.818 [main] DEBUG o.h.v.i.engine.ValidatorFactoryImpl - HV000234: Using org.hibernate.validator.internal.engine.scripting.DefaultScriptEvaluatorFactory as ValidatorFactory-scoped script evaluator factory.
17:34:14.835 [main] DEBUG o.e.j.u.component.ContainerLifeCycle - Server@25290bca{STOPPED}[9.4.17.v20190418] added {JettyConnectorThreadPool[qtp1703040426]@658255aa{STOPPED,8<=0<=200,i=0,q=0}[org.eclipse.jetty.util.thread.TryExecutor$$Lambda$157/1967617997@759fad4],AUTO}
17:34:14.835 [main] DEBUG o.e.j.u.component.ContainerLifeCycle - HttpConnectionFactory@76563d26[HTTP/1.1] added {HttpConfiguration@4ac86d6a{32768/8192,8192/8192,https://:0,[]},POJO}
17:34:14.835 [main] DEBUG o.e.j.u.component.ContainerLifeCycle - ServerConnector@3d904e9c{null,[]}{0.0.0.0:0} added {Server@25290bca{STOPPED}[9.4.17.v20190418],UNMANAGED}
17:34:14.835 [main] DEBUG o.e.j.u.component.ContainerLifeCycle - ServerConnector@3d904e9c{null,[]}{0.0.0.0:0} added {JettyConnectorThreadPool[qtp1703040426]@658255aa{STOPPED,8<=0<=200,i=0,q=0}[org.eclipse.jetty.util.thread.TryExecutor$$Lambda$157/1967617997@759fad4],AUTO}
17:34:14.835 [main] DEBUG o.e.j.u.component.ContainerLifeCycle - ServerConnector@3d904e9c{null,[]}{0.0.0.0:0} added {ScheduledExecutorScheduler@508a65bf{STOPPED},AUTO}
17:34:14.835 [main] DEBUG o.e.j.u.component.ContainerLifeCycle - ServerConnector@3d904e9c{null,[]}{0.0.0.0:0} added {org.eclipse.jetty.io.ArrayByteBufferPool@17f2dd85,POJO}
17:34:14.835 [main] DEBUG o.e.j.u.component.ContainerLifeCycle - ServerConnector@3d904e9c{null,[http/1.1]}{0.0.0.0:0} added {HttpConnectionFactory@76563d26[HTTP/1.1],AUTO}
17:34:14.835 [main] DEBUG o.e.jetty.server.AbstractConnector - ServerConnector@3d904e9c{HTTP/1.1,[http/1.1]}{0.0.0.0:0} added HttpConnectionFactory@76563d26[HTTP/1.1]
17:34:14.835 [main] DEBUG o.e.j.u.component.ContainerLifeCycle - ServerConnector@3d904e9c{HTTP/1.1,[http/1.1]}{0.0.0.0:0} added {SelectorManager@ServerConnector@3d904e9c{HTTP/1.1,[http/1.1]}{0.0.0.0:0},MANAGED}
17:34:14.835 [main] DEBUG o.e.j.u.component.ContainerLifeCycle - Server@25290bca{STOPPED}[9.4.17.v20190418] added {ServerConnector@3d904e9c{HTTP/1.1,[http/1.1]}{0.0.0.0:9998},AUTO}
17:34:14.835 [main] DEBUG o.e.j.u.component.ContainerLifeCycle - Server@25290bca{STOPPED}[9.4.17.v20190418] added {JettyHttpContainer@1e58512c{STOPPED},MANAGED}
17:34:14.836 [main] DEBUG o.e.j.u.component.AbstractLifeCycle - starting Server@25290bca{STOPPED}[9.4.17.v20190418]
17:34:14.836 [main] DEBUG o.e.j.u.component.ContainerLifeCycle - Server@25290bca{STARTING}[9.4.17.v20190418] added {ErrorHandler@210308d5{STOPPED},AUTO}
17:34:14.836 [main] INFO  org.eclipse.jetty.server.Server - jetty-9.4.17.v20190418; built: 2019-04-18T19:45:35.259Z; git: aa1c656c315c011c01e7b21aabb04066635b9f67; jvm 1.8.0_261-b12
17:34:14.836 [main] DEBUG o.e.j.server.handler.AbstractHandler - starting Server@25290bca{STARTING}[9.4.17.v20190418]
17:34:14.836 [main] DEBUG o.e.j.u.component.AbstractLifeCycle - starting JettyConnectorThreadPool[qtp1703040426]@658255aa{STOPPED,8<=0<=200,i=0,q=0}[org.eclipse.jetty.util.thread.TryExecutor$$Lambda$157/1967617997@759fad4]
17:34:14.836 [main] DEBUG o.e.j.u.t.ReservedThreadExecutor - ReservedThreadExecutor@22a736d7{s=0/4,p=0}
17:34:14.836 [main] DEBUG o.e.j.u.component.ContainerLifeCycle - JettyConnectorThreadPool[qtp1703040426]@658255aa{STARTING,8<=0<=200,i=0,q=0}[ReservedThreadExecutor@22a736d7{s=0/4,p=0}] added {ReservedThreadExecutor@22a736d7{s=0/4,p=0},AUTO}
17:34:14.836 [main] DEBUG o.e.j.u.component.AbstractLifeCycle - starting ReservedThreadExecutor@22a736d7{s=0/4,p=0}
17:34:14.836 [main] DEBUG o.e.j.u.component.AbstractLifeCycle - STARTED @5487ms ReservedThreadExecutor@22a736d7{s=0/4,p=0}
17:34:14.836 [main] DEBUG o.e.j.util.thread.QueuedThreadPool - Starting Thread[qtp1703040426-76,5,main]
17:34:14.837 [main] DEBUG o.e.j.util.thread.QueuedThreadPool - Starting Thread[qtp1703040426-77,5,main]
17:34:14.837 [main] DEBUG o.e.j.util.thread.QueuedThreadPool - Starting Thread[qtp1703040426-78,5,main]
17:34:14.837 [main] DEBUG o.e.j.util.thread.QueuedThreadPool - Starting Thread[qtp1703040426-79,5,main]
17:34:14.838 [main] DEBUG o.e.j.util.thread.QueuedThreadPool - Starting Thread[qtp1703040426-80,5,main]
17:34:14.838 [main] DEBUG o.e.j.util.thread.QueuedThreadPool - Starting Thread[qtp1703040426-81,5,main]
17:34:14.839 [main] DEBUG o.e.j.util.thread.QueuedThreadPool - Starting Thread[qtp1703040426-82,5,main]
17:34:14.839 [main] DEBUG o.e.j.util.thread.QueuedThreadPool - Starting Thread[qtp1703040426-83,5,main]
17:34:14.839 [main] DEBUG o.e.j.u.component.AbstractLifeCycle - STARTED @5491ms JettyConnectorThreadPool[qtp1703040426]@658255aa{STARTED,8<=8<=200,i=7,q=0}[ReservedThreadExecutor@22a736d7{s=0/4,p=0}]
17:34:14.840 [main] DEBUG o.e.j.u.component.AbstractLifeCycle - starting JettyHttpContainer@1e58512c{STOPPED}
17:34:14.840 [main] DEBUG o.e.j.server.handler.AbstractHandler - starting JettyHttpContainer@1e58512c{STARTING}
17:34:14.840 [main] DEBUG o.e.j.u.component.AbstractLifeCycle - STARTED @5491ms JettyHttpContainer@1e58512c{STARTED}
17:34:14.840 [main] DEBUG o.e.j.u.component.AbstractLifeCycle - starting ErrorHandler@210308d5{STOPPED}
17:34:14.840 [main] DEBUG o.e.j.server.handler.AbstractHandler - starting ErrorHandler@210308d5{STARTING}
17:34:14.840 [main] DEBUG o.e.j.u.component.AbstractLifeCycle - STARTED @5491ms ErrorHandler@210308d5{STARTED}
17:34:14.840 [main] DEBUG o.e.j.u.component.AbstractLifeCycle - starting ServerConnector@3d904e9c{HTTP/1.1,[http/1.1]}{0.0.0.0:9998}
17:34:14.840 [main] DEBUG o.e.j.u.component.ContainerLifeCycle - ServerConnector@3d904e9c{HTTP/1.1,[http/1.1]}{0.0.0.0:9998} added {sun.nio.ch.ServerSocketChannelImpl[/0:0:0:0:0:0:0:0:9998],POJO}
17:34:14.840 [main] DEBUG o.e.j.u.component.AbstractLifeCycle - starting ScheduledExecutorScheduler@508a65bf{STOPPED}
17:34:14.840 [main] DEBUG o.e.j.u.component.AbstractLifeCycle - STARTED @5492ms ScheduledExecutorScheduler@508a65bf{STARTED}
17:34:14.840 [main] DEBUG o.e.j.u.component.AbstractLifeCycle - starting HttpConnectionFactory@76563d26[HTTP/1.1]
17:34:14.840 [main] DEBUG o.e.j.u.component.AbstractLifeCycle - STARTED @5492ms HttpConnectionFactory@76563d26[HTTP/1.1]
17:34:14.840 [main] DEBUG o.e.j.u.component.AbstractLifeCycle - starting SelectorManager@ServerConnector@3d904e9c{HTTP/1.1,[http/1.1]}{0.0.0.0:9998}
17:34:14.841 [main] DEBUG o.e.j.u.component.ContainerLifeCycle - EatWhatYouKill@1229a2b7/SelectorProducer@e5cbff2/IDLE/p=false/JettyConnectorThreadPool[qtp1703040426]@658255aa{STARTED,8<=8<=200,i=8,q=0}[ReservedThreadExecutor@22a736d7{s=0/4,p=0}][pc=0,pic=0,pec=0,epc=0]@2020-09-27T17:34:14.841+01:00 added {SelectorProducer@e5cbff2,POJO}
17:34:14.841 [main] DEBUG o.e.j.u.component.ContainerLifeCycle - EatWhatYouKill@1229a2b7/SelectorProducer@e5cbff2/IDLE/p=false/JettyConnectorThreadPool[qtp1703040426]@658255aa{STARTED,8<=8<=200,i=8,q=0}[ReservedThreadExecutor@22a736d7{s=0/4,p=0}][pc=0,pic=0,pec=0,epc=0]@2020-09-27T17:34:14.841+01:00 added {JettyConnectorThreadPool[qtp1703040426]@658255aa{STARTED,8<=8<=200,i=8,q=0}[ReservedThreadExecutor@22a736d7{s=0/4,p=0}],UNMANAGED}
17:34:14.841 [main] DEBUG o.e.j.u.t.strategy.EatWhatYouKill - EatWhatYouKill@1229a2b7/SelectorProducer@e5cbff2/IDLE/p=false/JettyConnectorThreadPool[qtp1703040426]@658255aa{STARTED,8<=8<=200,i=8,q=0}[ReservedThreadExecutor@22a736d7{s=0/4,p=0}][pc=0,pic=0,pec=0,epc=0]@2020-09-27T17:34:14.841+01:00 created
17:34:14.841 [main] DEBUG o.e.j.u.component.ContainerLifeCycle - ManagedSelector@51c959a4{STOPPED} id=0 keys=-1 selected=-1 updates=0 added {EatWhatYouKill@1229a2b7/SelectorProducer@e5cbff2/IDLE/p=false/JettyConnectorThreadPool[qtp1703040426]@658255aa{STARTED,8<=8<=200,i=8,q=0}[ReservedThreadExecutor@22a736d7{s=0/4,p=0}][pc=0,pic=0,pec=0,epc=0]@2020-09-27T17:34:14.841+01:00,MANAGED}
17:34:14.841 [main] DEBUG o.e.j.u.component.ContainerLifeCycle - SelectorManager@ServerConnector@3d904e9c{HTTP/1.1,[http/1.1]}{0.0.0.0:9998} added {ManagedSelector@51c959a4{STOPPED} id=0 keys=-1 selected=-1 updates=0,AUTO}
17:34:14.842 [main] DEBUG o.e.j.u.component.ContainerLifeCycle - EatWhatYouKill@4fc3c165/SelectorProducer@10a0fe30/IDLE/p=false/JettyConnectorThreadPool[qtp1703040426]@658255aa{STARTED,8<=8<=200,i=8,q=0}[ReservedThreadExecutor@22a736d7{s=0/4,p=0}][pc=0,pic=0,pec=0,epc=0]@2020-09-27T17:34:14.841+01:00 added {SelectorProducer@10a0fe30,POJO}
17:34:14.842 [main] DEBUG o.e.j.u.component.ContainerLifeCycle - EatWhatYouKill@4fc3c165/SelectorProducer@10a0fe30/IDLE/p=false/JettyConnectorThreadPool[qtp1703040426]@658255aa{STARTED,8<=8<=200,i=8,q=0}[ReservedThreadExecutor@22a736d7{s=0/4,p=0}][pc=0,pic=0,pec=0,epc=0]@2020-09-27T17:34:14.842+01:00 added {JettyConnectorThreadPool[qtp1703040426]@658255aa{STARTED,8<=8<=200,i=8,q=0}[ReservedThreadExecutor@22a736d7{s=0/4,p=0}],UNMANAGED}
17:34:14.842 [main] DEBUG o.e.j.u.t.strategy.EatWhatYouKill - EatWhatYouKill@4fc3c165/SelectorProducer@10a0fe30/IDLE/p=false/JettyConnectorThreadPool[qtp1703040426]@658255aa{STARTED,8<=8<=200,i=8,q=0}[ReservedThreadExecutor@22a736d7{s=0/4,p=0}][pc=0,pic=0,pec=0,epc=0]@2020-09-27T17:34:14.842+01:00 created
17:34:14.842 [main] DEBUG o.e.j.u.component.ContainerLifeCycle - ManagedSelector@7b6860f9{STOPPED} id=1 keys=-1 selected=-1 updates=0 added {EatWhatYouKill@4fc3c165/SelectorProducer@10a0fe30/IDLE/p=false/JettyConnectorThreadPool[qtp1703040426]@658255aa{STARTED,8<=8<=200,i=8,q=0}[ReservedThreadExecutor@22a736d7{s=0/4,p=0}][pc=0,pic=0,pec=0,epc=0]@2020-09-27T17:34:14.842+01:00,MANAGED}
17:34:14.842 [main] DEBUG o.e.j.u.component.ContainerLifeCycle - SelectorManager@ServerConnector@3d904e9c{HTTP/1.1,[http/1.1]}{0.0.0.0:9998} added {ManagedSelector@7b6860f9{STOPPED} id=1 keys=-1 selected=-1 updates=0,AUTO}
17:34:14.843 [main] DEBUG o.e.j.u.component.AbstractLifeCycle - starting ManagedSelector@51c959a4{STOPPED} id=0 keys=-1 selected=-1 updates=0
17:34:14.843 [main] DEBUG o.e.j.u.component.AbstractLifeCycle - starting EatWhatYouKill@1229a2b7/SelectorProducer@e5cbff2/IDLE/p=false/JettyConnectorThreadPool[qtp1703040426]@658255aa{STARTED,8<=8<=200,i=8,q=0}[ReservedThreadExecutor@22a736d7{s=0/4,p=0}][pc=0,pic=0,pec=0,epc=0]@2020-09-27T17:34:14.843+01:00
17:34:14.843 [main] DEBUG o.e.j.u.component.AbstractLifeCycle - STARTED @5494ms EatWhatYouKill@1229a2b7/SelectorProducer@e5cbff2/IDLE/p=false/JettyConnectorThreadPool[qtp1703040426]@658255aa{STARTED,8<=8<=200,i=8,q=0}[ReservedThreadExecutor@22a736d7{s=0/4,p=0}][pc=0,pic=0,pec=0,epc=0]@2020-09-27T17:34:14.843+01:00
17:34:14.843 [main] DEBUG o.e.j.util.thread.QueuedThreadPool - queue org.eclipse.jetty.io.ManagedSelector$$Lambda$175/1736293769@60f70249
17:34:14.843 [main] DEBUG org.eclipse.jetty.io.ManagedSelector - Queued change org.eclipse.jetty.io.ManagedSelector$Start@31ee2fdb on ManagedSelector@51c959a4{STARTING} id=0 keys=0 selected=0 updates=0
17:34:14.843 [qtp1703040426-76] DEBUG o.e.j.util.thread.QueuedThreadPool - run org.eclipse.jetty.io.ManagedSelector$$Lambda$175/1736293769@60f70249
17:34:14.843 [qtp1703040426-76] DEBUG o.e.j.u.t.strategy.EatWhatYouKill - EatWhatYouKill@1229a2b7/SelectorProducer@e5cbff2/IDLE/p=false/JettyConnectorThreadPool[qtp1703040426]@658255aa{STARTED,8<=8<=200,i=7,q=0}[ReservedThreadExecutor@22a736d7{s=0/4,p=0}][pc=0,pic=0,pec=0,epc=0]@2020-09-27T17:34:14.843+01:00 tryProduce false
17:34:14.843 [qtp1703040426-76] DEBUG org.eclipse.jetty.io.ManagedSelector - updateable 1
17:34:14.843 [qtp1703040426-76] DEBUG org.eclipse.jetty.io.ManagedSelector - update org.eclipse.jetty.io.ManagedSelector$Start@31ee2fdb
17:34:14.844 [qtp1703040426-76] DEBUG org.eclipse.jetty.io.ManagedSelector - updates 0
17:34:14.844 [qtp1703040426-76] DEBUG org.eclipse.jetty.io.ManagedSelector - Selector sun.nio.ch.KQueueSelectorImpl@492f8d1f waiting with 0 keys
17:34:14.844 [main] DEBUG o.e.j.u.component.AbstractLifeCycle - STARTED @5495ms ManagedSelector@51c959a4{STARTED} id=0 keys=0 selected=0 updates=0
17:34:14.844 [main] DEBUG o.e.j.u.component.AbstractLifeCycle - starting ManagedSelector@7b6860f9{STOPPED} id=1 keys=-1 selected=-1 updates=0
17:34:14.844 [main] DEBUG o.e.j.u.component.AbstractLifeCycle - starting EatWhatYouKill@4fc3c165/SelectorProducer@10a0fe30/IDLE/p=false/JettyConnectorThreadPool[qtp1703040426]@658255aa{STARTED,8<=8<=200,i=7,q=0}[ReservedThreadExecutor@22a736d7{s=0/4,p=0}][pc=0,pic=0,pec=0,epc=0]@2020-09-27T17:34:14.844+01:00
17:34:14.844 [main] DEBUG o.e.j.u.component.AbstractLifeCycle - STARTED @5496ms EatWhatYouKill@4fc3c165/SelectorProducer@10a0fe30/IDLE/p=false/JettyConnectorThreadPool[qtp1703040426]@658255aa{STARTED,8<=8<=200,i=7,q=0}[ReservedThreadExecutor@22a736d7{s=0/4,p=0}][pc=0,pic=0,pec=0,epc=0]@2020-09-27T17:34:14.844+01:00
17:34:14.844 [main] DEBUG o.e.j.util.thread.QueuedThreadPool - queue org.eclipse.jetty.io.ManagedSelector$$Lambda$175/1736293769@262816a8
17:34:14.844 [main] DEBUG org.eclipse.jetty.io.ManagedSelector - Queued change org.eclipse.jetty.io.ManagedSelector$Start@1effd53c on ManagedSelector@7b6860f9{STARTING} id=1 keys=0 selected=0 updates=0
17:34:14.844 [qtp1703040426-77] DEBUG o.e.j.util.thread.QueuedThreadPool - run org.eclipse.jetty.io.ManagedSelector$$Lambda$175/1736293769@262816a8
17:34:14.845 [qtp1703040426-77] DEBUG o.e.j.u.t.strategy.EatWhatYouKill - EatWhatYouKill@4fc3c165/SelectorProducer@10a0fe30/IDLE/p=false/JettyConnectorThreadPool[qtp1703040426]@658255aa{STARTED,8<=8<=200,i=6,q=0}[ReservedThreadExecutor@22a736d7{s=0/4,p=0}][pc=0,pic=0,pec=0,epc=0]@2020-09-27T17:34:14.845+01:00 tryProduce false
17:34:14.845 [qtp1703040426-77] DEBUG org.eclipse.jetty.io.ManagedSelector - updateable 1
17:34:14.845 [qtp1703040426-77] DEBUG org.eclipse.jetty.io.ManagedSelector - update org.eclipse.jetty.io.ManagedSelector$Start@1effd53c
17:34:14.845 [qtp1703040426-77] DEBUG org.eclipse.jetty.io.ManagedSelector - updates 0
17:34:14.845 [qtp1703040426-77] DEBUG org.eclipse.jetty.io.ManagedSelector - Selector sun.nio.ch.KQueueSelectorImpl@550b986e waiting with 0 keys
17:34:14.845 [main] DEBUG o.e.j.u.component.AbstractLifeCycle - STARTED @5497ms ManagedSelector@7b6860f9{STARTED} id=1 keys=0 selected=0 updates=0
17:34:14.845 [main] DEBUG o.e.j.u.component.AbstractLifeCycle - STARTED @5497ms SelectorManager@ServerConnector@3d904e9c{HTTP/1.1,[http/1.1]}{0.0.0.0:9998}
17:34:14.845 [main] DEBUG o.e.j.u.component.ContainerLifeCycle - ServerConnector@3d904e9c{HTTP/1.1,[http/1.1]}{0.0.0.0:9998} added {acceptor-0@46c269e0,POJO}
17:34:14.845 [main] DEBUG o.e.j.util.thread.QueuedThreadPool - queue acceptor-0@46c269e0
17:34:14.845 [qtp1703040426-78] DEBUG o.e.j.util.thread.QueuedThreadPool - run acceptor-0@46c269e0
17:34:14.846 [main] INFO  o.e.jetty.server.AbstractConnector - Started ServerConnector@3d904e9c{HTTP/1.1,[http/1.1]}{0.0.0.0:9998}
17:34:14.846 [main] DEBUG o.e.j.u.component.AbstractLifeCycle - STARTED @5497ms ServerConnector@3d904e9c{HTTP/1.1,[http/1.1]}{0.0.0.0:9998}
17:34:14.846 [main] INFO  org.eclipse.jetty.server.Server - Started @5497ms
17:34:14.846 [main] DEBUG o.e.j.u.component.AbstractLifeCycle - STARTED @5497ms Server@25290bca{STARTED}[9.4.17.v20190418]
17:34:14.908 [qtp1703040426-78-acceptor-0@46c269e0-ServerConnector@3d904e9c{HTTP/1.1,[http/1.1]}{0.0.0.0:9998}] DEBUG org.eclipse.jetty.io.ManagedSelector - Queued change org.eclipse.jetty.io.ManagedSelector$Accept@ca72d9 on ManagedSelector@7b6860f9{STARTED} id=1 keys=0 selected=0 updates=0
17:34:14.908 [qtp1703040426-78-acceptor-0@46c269e0-ServerConnector@3d904e9c{HTTP/1.1,[http/1.1]}{0.0.0.0:9998}] DEBUG org.eclipse.jetty.io.ManagedSelector - Wakeup on submit ManagedSelector@7b6860f9{STARTED} id=1 keys=0 selected=0 updates=1
17:34:14.908 [qtp1703040426-77] DEBUG org.eclipse.jetty.io.ManagedSelector - Selector sun.nio.ch.KQueueSelectorImpl@550b986e woken with none selected
17:34:14.908 [qtp1703040426-77] DEBUG org.eclipse.jetty.io.ManagedSelector - Selector sun.nio.ch.KQueueSelectorImpl@550b986e woken up from select, 0/0/0 selected
17:34:14.908 [qtp1703040426-77] DEBUG org.eclipse.jetty.io.ManagedSelector - Selector sun.nio.ch.KQueueSelectorImpl@550b986e processing 0 keys, 1 updates
17:34:14.908 [qtp1703040426-77] DEBUG org.eclipse.jetty.io.ManagedSelector - updateable 1
17:34:14.908 [qtp1703040426-77] DEBUG org.eclipse.jetty.io.ManagedSelector - update org.eclipse.jetty.io.ManagedSelector$Accept@ca72d9
17:34:14.908 [qtp1703040426-77] DEBUG o.e.j.util.thread.QueuedThreadPool - queue org.eclipse.jetty.io.ManagedSelector$Accept@ca72d9
17:34:14.908 [qtp1703040426-77] DEBUG org.eclipse.jetty.io.ManagedSelector - updates 0
17:34:14.908 [qtp1703040426-77] DEBUG org.eclipse.jetty.io.ManagedSelector - Selector sun.nio.ch.KQueueSelectorImpl@550b986e waiting with 1 keys
17:34:14.908 [qtp1703040426-79] DEBUG o.e.j.util.thread.QueuedThreadPool - run org.eclipse.jetty.io.ManagedSelector$Accept@ca72d9
17:34:14.908 [qtp1703040426-79] DEBUG org.eclipse.jetty.io.IdleTimeout - SocketChannelEndPoint@78ed078d{/127.0.0.1:55190<->/127.0.0.1:9998,OPEN,fill=-,flush=-,to=0/30000}{io=0/0,kio=0,kro=0}-><null> idle timeout check, elapsed: 0 ms, remaining: 30000 ms
17:34:14.909 [qtp1703040426-79] DEBUG org.eclipse.jetty.server.HttpChannel - new HttpChannelOverHttp@72156cfd{r=0,c=false,c=false/false,a=IDLE,uri=null,age=0} -> SocketChannelEndPoint@78ed078d{/127.0.0.1:55190<->/127.0.0.1:9998,OPEN,fill=-,flush=-,to=1/30000}{io=0/0,kio=0,kro=0}-><null>,null,HttpChannelState@3717ecdb{s=IDLE a=NOT_ASYNC i=true r=IDLE w=false}
17:34:14.909 [qtp1703040426-79] DEBUG o.e.jetty.server.HttpConnection - New HTTP Connection HttpConnection@275654db::SocketChannelEndPoint@78ed078d{/127.0.0.1:55190<->/127.0.0.1:9998,OPEN,fill=-,flush=-,to=1/30000}{io=0/0,kio=0,kro=0}-><null>
17:34:14.909 [qtp1703040426-79] DEBUG o.eclipse.jetty.io.AbstractEndPoint - onOpen SocketChannelEndPoint@78ed078d{/127.0.0.1:55190<->/127.0.0.1:9998,OPEN,fill=-,flush=-,to=1/30000}{io=0/0,kio=0,kro=0}->HttpConnection@275654db[p=HttpParser{s=START,0 of -1},g=HttpGenerator@66abb37{s=START}]=>HttpChannelOverHttp@72156cfd{r=0,c=false,c=false/false,a=IDLE,uri=null,age=0}
17:34:14.909 [qtp1703040426-79] DEBUG o.e.jetty.io.AbstractConnection - onOpen HttpConnection@275654db::SocketChannelEndPoint@78ed078d{/127.0.0.1:55190<->/127.0.0.1:9998,OPEN,fill=-,flush=-,to=1/30000}{io=0/0,kio=0,kro=0}->HttpConnection@275654db[p=HttpParser{s=START,0 of -1},g=HttpGenerator@66abb37{s=START}]=>HttpChannelOverHttp@72156cfd{r=0,c=false,c=false/false,a=IDLE,uri=null,age=0}
17:34:14.909 [qtp1703040426-79] DEBUG o.e.jetty.io.AbstractConnection - fillInterested HttpConnection@275654db::SocketChannelEndPoint@78ed078d{/127.0.0.1:55190<->/127.0.0.1:9998,OPEN,fill=-,flush=-,to=1/30000}{io=0/0,kio=0,kro=0}->HttpConnection@275654db[p=HttpParser{s=START,0 of -1},g=HttpGenerator@66abb37{s=START}]=>HttpChannelOverHttp@72156cfd{r=0,c=false,c=false/false,a=IDLE,uri=null,age=0}
17:34:14.909 [qtp1703040426-79] DEBUG org.eclipse.jetty.io.FillInterest - interested FillInterest@5fc15d83{AC.ReadCB@275654db{HttpConnection@275654db::SocketChannelEndPoint@78ed078d{/127.0.0.1:55190<->/127.0.0.1:9998,OPEN,fill=FI,flush=-,to=0/30000}{io=0/0,kio=0,kro=0}->HttpConnection@275654db[p=HttpParser{s=START,0 of -1},g=HttpGenerator@66abb37{s=START}]=>HttpChannelOverHttp@72156cfd{r=0,c=false,c=false/false,a=IDLE,uri=null,age=0}}}
17:34:14.910 [qtp1703040426-79] DEBUG org.eclipse.jetty.io.ChannelEndPoint - changeInterests p=false 0->1 for SocketChannelEndPoint@78ed078d{/127.0.0.1:55190<->/127.0.0.1:9998,OPEN,fill=FI,flush=-,to=0/30000}{io=0/1,kio=0,kro=0}->HttpConnection@275654db[p=HttpParser{s=START,0 of -1},g=HttpGenerator@66abb37{s=START}]=>HttpChannelOverHttp@72156cfd{r=0,c=false,c=false/false,a=IDLE,uri=null,age=0}
17:34:14.910 [qtp1703040426-79] DEBUG org.eclipse.jetty.io.ManagedSelector - Queued change org.eclipse.jetty.io.ChannelEndPoint$1@57381394 on ManagedSelector@7b6860f9{STARTED} id=1 keys=1 selected=0 updates=0
17:34:14.910 [qtp1703040426-79] DEBUG org.eclipse.jetty.io.ManagedSelector - Wakeup on submit ManagedSelector@7b6860f9{STARTED} id=1 keys=1 selected=0 updates=1
17:34:14.910 [qtp1703040426-77] DEBUG org.eclipse.jetty.io.ManagedSelector - Selector sun.nio.ch.KQueueSelectorImpl@550b986e woken with none selected
17:34:14.910 [qtp1703040426-77] DEBUG org.eclipse.jetty.io.ManagedSelector - Selector sun.nio.ch.KQueueSelectorImpl@550b986e woken up from select, 0/0/1 selected
17:34:14.910 [qtp1703040426-77] DEBUG org.eclipse.jetty.io.ManagedSelector - Selector sun.nio.ch.KQueueSelectorImpl@550b986e processing 0 keys, 1 updates
17:34:14.910 [qtp1703040426-79] DEBUG org.eclipse.jetty.io.ManagedSelector - Created SocketChannelEndPoint@78ed078d{/127.0.0.1:55190<->/127.0.0.1:9998,OPEN,fill=FI,flush=-,to=1/30000}{io=0/1,kio=0,kro=0}->HttpConnection@275654db[p=HttpParser{s=START,0 of -1},g=HttpGenerator@66abb37{s=START}]=>HttpChannelOverHttp@72156cfd{r=0,c=false,c=false/false,a=IDLE,uri=null,age=0}
17:34:14.910 [qtp1703040426-77] DEBUG org.eclipse.jetty.io.ManagedSelector - updateable 1
17:34:14.910 [qtp1703040426-79] DEBUG o.e.j.util.thread.QueuedThreadPool - ran org.eclipse.jetty.io.ManagedSelector$Accept@ca72d9
17:34:14.910 [qtp1703040426-77] DEBUG org.eclipse.jetty.io.ManagedSelector - update org.eclipse.jetty.io.ChannelEndPoint$1@57381394
17:34:14.910 [qtp1703040426-77] DEBUG org.eclipse.jetty.io.ChannelEndPoint - Key interests updated 0 -> 1 on SocketChannelEndPoint@78ed078d{/127.0.0.1:55190<->/127.0.0.1:9998,OPEN,fill=FI,flush=-,to=1/30000}{io=1/1,kio=1,kro=0}->HttpConnection@275654db[p=HttpParser{s=START,0 of -1},g=HttpGenerator@66abb37{s=START}]=>HttpChannelOverHttp@72156cfd{r=0,c=false,c=false/false,a=IDLE,uri=null,age=0}
17:34:14.910 [qtp1703040426-77] DEBUG org.eclipse.jetty.io.ManagedSelector - updates 0
17:34:14.910 [qtp1703040426-77] DEBUG org.eclipse.jetty.io.ManagedSelector - Selector sun.nio.ch.KQueueSelectorImpl@550b986e waiting with 1 keys
17:34:14.910 [qtp1703040426-77] DEBUG org.eclipse.jetty.io.ManagedSelector - Selector sun.nio.ch.KQueueSelectorImpl@550b986e woken up from select, 1/1/1 selected
17:34:14.910 [qtp1703040426-77] DEBUG org.eclipse.jetty.io.ManagedSelector - Selector sun.nio.ch.KQueueSelectorImpl@550b986e processing 1 keys, 0 updates
17:34:14.910 [qtp1703040426-77] DEBUG org.eclipse.jetty.io.ManagedSelector - selected 1 sun.nio.ch.SelectionKeyImpl@5bcc7cbf SocketChannelEndPoint@78ed078d{/127.0.0.1:55190<->/127.0.0.1:9998,OPEN,fill=FI,flush=-,to=1/30000}{io=1/1,kio=1,kro=1}->HttpConnection@275654db[p=HttpParser{s=START,0 of -1},g=HttpGenerator@66abb37{s=START}]=>HttpChannelOverHttp@72156cfd{r=0,c=false,c=false/false,a=IDLE,uri=null,age=0} 
17:34:14.910 [qtp1703040426-77] DEBUG org.eclipse.jetty.io.ChannelEndPoint - onSelected 1->0 r=true w=false for SocketChannelEndPoint@78ed078d{/127.0.0.1:55190<->/127.0.0.1:9998,OPEN,fill=FI,flush=-,to=1/30000}{io=1/0,kio=1,kro=1}->HttpConnection@275654db[p=HttpParser{s=START,0 of -1},g=HttpGenerator@66abb37{s=START}]=>HttpChannelOverHttp@72156cfd{r=0,c=false,c=false/false,a=IDLE,uri=null,age=0}
17:34:14.911 [qtp1703040426-77] DEBUG org.eclipse.jetty.io.ChannelEndPoint - task CEP:SocketChannelEndPoint@78ed078d{/127.0.0.1:55190<->/127.0.0.1:9998,OPEN,fill=FI,flush=-,to=1/30000}{io=1/0,kio=1,kro=1}->HttpConnection@275654db[p=HttpParser{s=START,0 of -1},g=HttpGenerator@66abb37{s=START}]=>HttpChannelOverHttp@72156cfd{r=0,c=false,c=false/false,a=IDLE,uri=null,age=0}:runFillable:BLOCKING
17:34:14.911 [qtp1703040426-77] DEBUG o.e.j.u.t.ReservedThreadExecutor - ReservedThreadExecutor@22a736d7{s=0/4,p=0} tryExecute EatWhatYouKill@4fc3c165/SelectorProducer@10a0fe30/PRODUCING/p=false/JettyConnectorThreadPool[qtp1703040426]@658255aa{STARTED,8<=8<=200,i=5,q=0}[ReservedThreadExecutor@22a736d7{s=0/4,p=0}][pc=0,pic=0,pec=0,epc=0]@2020-09-27T17:34:14.911+01:00
17:34:14.911 [qtp1703040426-77] DEBUG o.e.j.u.t.ReservedThreadExecutor - ReservedThreadExecutor@22a736d7{s=0/4,p=1} startReservedThread p=1
17:34:14.911 [qtp1703040426-77] DEBUG o.e.j.util.thread.QueuedThreadPool - queue ReservedThreadExecutor@22a736d7{s=0/4,p=1}@5ff3f31e
17:34:14.911 [qtp1703040426-80] DEBUG o.e.j.util.thread.QueuedThreadPool - run ReservedThreadExecutor@22a736d7{s=0/4,p=1}@5ff3f31e
17:34:14.911 [qtp1703040426-80] DEBUG o.e.j.u.t.ReservedThreadExecutor - ReservedThreadExecutor@22a736d7{s=1/4,p=1}@5ff3f31e started
17:34:14.911 [qtp1703040426-80] DEBUG o.e.j.u.t.ReservedThreadExecutor - ReservedThreadExecutor@22a736d7{s=1/4,p=0}@5ff3f31e waiting
17:34:14.911 [qtp1703040426-77] DEBUG o.e.j.u.t.strategy.EatWhatYouKill - EatWhatYouKill@4fc3c165/SelectorProducer@10a0fe30/PRODUCING/p=false/JettyConnectorThreadPool[qtp1703040426]@658255aa{STARTED,8<=8<=200,i=5,q=1}[ReservedThreadExecutor@22a736d7{s=0/4,p=1}][pc=0,pic=0,pec=0,epc=0]@2020-09-27T17:34:14.911+01:00 m=PRODUCE_EXECUTE_CONSUME t=CEP:SocketChannelEndPoint@78ed078d{/127.0.0.1:55190<->/127.0.0.1:9998,OPEN,fill=FI,flush=-,to=2/30000}{io=1/0,kio=1,kro=1}->HttpConnection@275654db[p=HttpParser{s=START,0 of -1},g=HttpGenerator@66abb37{s=START}]=>HttpChannelOverHttp@72156cfd{r=0,c=false,c=false/false,a=IDLE,uri=null,age=0}:runFillable:BLOCKING/BLOCKING
17:34:14.911 [qtp1703040426-77] DEBUG o.e.j.util.thread.QueuedThreadPool - queue CEP:SocketChannelEndPoint@78ed078d{/127.0.0.1:55190<->/127.0.0.1:9998,OPEN,fill=FI,flush=-,to=2/30000}{io=1/0,kio=1,kro=1}->HttpConnection@275654db[p=HttpParser{s=START,0 of -1},g=HttpGenerator@66abb37{s=START}]=>HttpChannelOverHttp@72156cfd{r=0,c=false,c=false/false,a=IDLE,uri=null,age=0}:runFillable:BLOCKING
17:34:14.911 [qtp1703040426-77] DEBUG org.eclipse.jetty.io.ManagedSelector - updateable 0
17:34:14.911 [qtp1703040426-77] DEBUG org.eclipse.jetty.io.ManagedSelector - updates 0
17:34:14.911 [qtp1703040426-77] DEBUG org.eclipse.jetty.io.ChannelEndPoint - Key interests updated 1 -> 0 on SocketChannelEndPoint@78ed078d{/127.0.0.1:55190<->/127.0.0.1:9998,OPEN,fill=FI,flush=-,to=2/30000}{io=0/0,kio=0,kro=1}->HttpConnection@275654db[p=HttpParser{s=START,0 of -1},g=HttpGenerator@66abb37{s=START}]=>HttpChannelOverHttp@72156cfd{r=0,c=false,c=false/false,a=IDLE,uri=null,age=0}
17:34:14.911 [qtp1703040426-81] DEBUG o.e.j.util.thread.QueuedThreadPool - run CEP:SocketChannelEndPoint@78ed078d{/127.0.0.1:55190<->/127.0.0.1:9998,OPEN,fill=FI,flush=-,to=2/30000}{io=0/0,kio=0,kro=1}->HttpConnection@275654db[p=HttpParser{s=START,0 of -1},g=HttpGenerator@66abb37{s=START}]=>HttpChannelOverHttp@72156cfd{r=0,c=false,c=false/false,a=IDLE,uri=null,age=0}:runFillable:BLOCKING
17:34:14.912 [qtp1703040426-77] DEBUG org.eclipse.jetty.io.ManagedSelector - Selector sun.nio.ch.KQueueSelectorImpl@550b986e waiting with 1 keys
17:34:14.912 [qtp1703040426-81] DEBUG org.eclipse.jetty.io.FillInterest - fillable FillInterest@5fc15d83{AC.ReadCB@275654db{HttpConnection@275654db::SocketChannelEndPoint@78ed078d{/127.0.0.1:55190<->/127.0.0.1:9998,OPEN,fill=FI,flush=-,to=3/30000}{io=0/0,kio=0,kro=1}->HttpConnection@275654db[p=HttpParser{s=START,0 of -1},g=HttpGenerator@66abb37{s=START}]=>HttpChannelOverHttp@72156cfd{r=0,c=false,c=false/false,a=IDLE,uri=null,age=0}}}
17:34:14.912 [qtp1703040426-81] DEBUG o.e.jetty.server.HttpConnection - HttpConnection@275654db::SocketChannelEndPoint@78ed078d{/127.0.0.1:55190<->/127.0.0.1:9998,OPEN,fill=-,flush=-,to=3/30000}{io=0/0,kio=0,kro=1}->HttpConnection@275654db[p=HttpParser{s=START,0 of -1},g=HttpGenerator@66abb37{s=START}]=>HttpChannelOverHttp@72156cfd{r=0,c=false,c=false/false,a=IDLE,uri=null,age=0} onFillable enter HttpChannelState@3717ecdb{s=IDLE a=NOT_ASYNC i=true r=IDLE w=false} null
17:34:14.912 [qtp1703040426-81] DEBUG org.eclipse.jetty.io.ChannelEndPoint - filled 311 HeapByteBuffer@3946ea14[p=0,l=311,c=8192,r=311]={<<<PUT /contact HTTP...+39 02 123456"}>>>\x00\x00\x00\x00\x00\x00\x00\x00\x00\x00\x00\x00\x00\x00\x00\x00\x00...\x00\x00\x00\x00\x00\x00\x00\x00\x00\x00\x00\x00\x00\x00\x00}
17:34:14.912 [qtp1703040426-81] DEBUG o.e.jetty.server.HttpConnection - HttpConnection@275654db::SocketChannelEndPoint@78ed078d{/127.0.0.1:55190<->/127.0.0.1:9998,OPEN,fill=-,flush=-,to=0/30000}{io=0/0,kio=0,kro=1}->HttpConnection@275654db[p=HttpParser{s=START,0 of -1},g=HttpGenerator@66abb37{s=START}]=>HttpChannelOverHttp@72156cfd{r=0,c=false,c=false/false,a=IDLE,uri=null,age=0} filled 311 HeapByteBuffer@3946ea14[p=0,l=311,c=8192,r=311]={<<<PUT /contact HTTP...+39 02 123456"}>>>\x00\x00\x00\x00\x00\x00\x00\x00\x00\x00\x00\x00\x00\x00\x00\x00\x00...\x00\x00\x00\x00\x00\x00\x00\x00\x00\x00\x00\x00\x00\x00\x00}
17:34:14.912 [qtp1703040426-81] DEBUG o.e.jetty.server.HttpConnection - HttpConnection@275654db::SocketChannelEndPoint@78ed078d{/127.0.0.1:55190<->/127.0.0.1:9998,OPEN,fill=-,flush=-,to=0/30000}{io=0/0,kio=0,kro=1}->HttpConnection@275654db[p=HttpParser{s=START,0 of -1},g=HttpGenerator@66abb37{s=START}]=>HttpChannelOverHttp@72156cfd{r=0,c=false,c=false/false,a=IDLE,uri=null,age=0} parse HeapByteBuffer@3946ea14[p=0,l=311,c=8192,r=311]={<<<PUT /contact HTTP...+39 02 123456"}>>>\x00\x00\x00\x00\x00\x00\x00\x00\x00\x00\x00\x00\x00\x00\x00\x00\x00...\x00\x00\x00\x00\x00\x00\x00\x00\x00\x00\x00\x00\x00\x00\x00} {}
17:34:14.912 [qtp1703040426-81] DEBUG org.eclipse.jetty.http.HttpParser - parseNext s=START HeapByteBuffer@3946ea14[p=0,l=311,c=8192,r=311]={<<<PUT /contact HTTP...+39 02 123456"}>>>\x00\x00\x00\x00\x00\x00\x00\x00\x00\x00\x00\x00\x00\x00\x00\x00\x00...\x00\x00\x00\x00\x00\x00\x00\x00\x00\x00\x00\x00\x00\x00\x00}
17:34:14.912 [qtp1703040426-81] DEBUG org.eclipse.jetty.http.HttpParser - START --> SPACE1
17:34:14.912 [qtp1703040426-81] DEBUG org.eclipse.jetty.http.HttpParser - SPACE1 --> URI
17:34:14.912 [qtp1703040426-81] DEBUG org.eclipse.jetty.http.HttpParser - URI --> SPACE2
17:34:14.912 [qtp1703040426-81] DEBUG org.eclipse.jetty.http.HttpParser - SPACE2 --> REQUEST_VERSION
17:34:14.912 [qtp1703040426-81] DEBUG org.eclipse.jetty.http.HttpParser - REQUEST_VERSION --> HEADER
17:34:14.912 [qtp1703040426-81] DEBUG org.eclipse.jetty.http.HttpParser - HEADER:Content-Type: application/json --> IN_VALUE
17:34:14.912 [qtp1703040426-81] DEBUG org.eclipse.jetty.http.HttpParser - HEADER:Content-Type: application/json --> FIELD
17:34:14.912 [qtp1703040426-81] DEBUG org.eclipse.jetty.http.HttpParser - HEADER:User-Agent --> VALUE
17:34:14.912 [qtp1703040426-81] DEBUG org.eclipse.jetty.http.HttpParser - HEADER:User-Agent --> IN_VALUE
17:34:14.912 [qtp1703040426-81] DEBUG org.eclipse.jetty.http.HttpParser - HEADER:User-Agent --> FIELD
17:34:14.912 [qtp1703040426-81] DEBUG org.eclipse.jetty.http.HttpParser - HEADER:Host --> VALUE
17:34:14.912 [qtp1703040426-81] DEBUG org.eclipse.jetty.http.HttpParser - HEADER:Host --> IN_VALUE
17:34:14.912 [qtp1703040426-81] DEBUG org.eclipse.jetty.http.HttpParser - HEADER:Host --> FIELD
17:34:14.913 [qtp1703040426-81] DEBUG org.eclipse.jetty.http.HttpParser - HEADER:Accept --> VALUE
17:34:14.913 [qtp1703040426-81] DEBUG org.eclipse.jetty.http.HttpParser - HEADER:Accept --> IN_VALUE
17:34:14.913 [qtp1703040426-81] DEBUG org.eclipse.jetty.http.HttpParser - HEADER:Accept --> FIELD
17:34:14.913 [qtp1703040426-81] DEBUG org.eclipse.jetty.http.HttpParser - HEADER:Connection: keep-alive --> IN_VALUE
17:34:14.913 [qtp1703040426-81] DEBUG org.eclipse.jetty.http.HttpParser - HEADER:Connection: keep-alive --> FIELD
17:34:14.913 [qtp1703040426-81] DEBUG org.eclipse.jetty.http.HttpParser - HEADER:Content-Length --> VALUE
17:34:14.913 [qtp1703040426-81] DEBUG org.eclipse.jetty.http.HttpParser - HEADER:Content-Length --> IN_VALUE
17:34:14.913 [qtp1703040426-81] DEBUG org.eclipse.jetty.http.HttpParser - HEADER:Content-Length --> FIELD
17:34:14.913 [qtp1703040426-81] DEBUG org.eclipse.jetty.http.HttpParser - HEADER --> CONTENT
17:34:14.913 [qtp1703040426-81] DEBUG org.eclipse.jetty.server.HttpChannel - REQUEST for //localhost:9998/contact on HttpChannelOverHttp@72156cfd{r=1,c=false,c=false/false,a=IDLE,uri=//localhost:9998/contact,age=0}
PUT //localhost:9998/contact HTTP/1.1
Content-Type: application/json
User-Agent: Jersey/2.30.1 (HttpUrlConnection 1.8.0_261)
Host: localhost:9998
Accept: text/html, image/gif, image/jpeg, *; q=.2, */*; q=.2
Connection: keep-alive
Content-Length: 69


17:34:14.913 [qtp1703040426-81] DEBUG o.e.jetty.server.HttpConnection - HttpConnection@275654db::SocketChannelEndPoint@78ed078d{/127.0.0.1:55190<->/127.0.0.1:9998,OPEN,fill=-,flush=-,to=1/30000}{io=0/0,kio=0,kro=1}->HttpConnection@275654db[p=HttpParser{s=CONTENT,0 of 69},g=HttpGenerator@66abb37{s=START}]=>HttpChannelOverHttp@72156cfd{r=1,c=false,c=false/false,a=IDLE,uri=//localhost:9998/contact,age=0} parsed true HttpParser{s=CONTENT,0 of 69}
17:34:14.913 [qtp1703040426-81] DEBUG org.eclipse.jetty.server.HttpChannel - HttpChannelOverHttp@72156cfd{r=1,c=false,c=false/false,a=IDLE,uri=//localhost:9998/contact,age=0} handle //localhost:9998/contact 
17:34:14.913 [qtp1703040426-81] DEBUG o.e.jetty.server.HttpChannelState - handling HttpChannelState@3717ecdb{s=IDLE a=NOT_ASYNC i=true r=IDLE w=false}
17:34:14.913 [qtp1703040426-81] DEBUG org.eclipse.jetty.server.HttpChannel - HttpChannelOverHttp@72156cfd{r=1,c=false,c=false/false,a=DISPATCHED,uri=//localhost:9998/contact,age=0} action DISPATCH
17:34:14.913 [qtp1703040426-81] DEBUG org.eclipse.jetty.server.Server - REQUEST PUT /contact on HttpChannelOverHttp@72156cfd{r=1,c=false,c=false/false,a=DISPATCHED,uri=//localhost:9998/contact,age=0}
17:34:14.918 [qtp1703040426-81] DEBUG o.e.jetty.server.HttpConnection - HttpConnection@275654db::SocketChannelEndPoint@78ed078d{/127.0.0.1:55190<->/127.0.0.1:9998,OPEN,fill=-,flush=-,to=5/30000}{io=0/0,kio=0,kro=1}->HttpConnection@275654db[p=HttpParser{s=CONTENT,0 of 69},g=HttpGenerator@66abb37{s=START}]=>HttpChannelOverHttp@72156cfd{r=1,c=false,c=false/false,a=DISPATCHED,uri=//localhost:9998/contact,age=5} parse HeapByteBuffer@3946ea14[p=242,l=311,c=8192,r=69]={PUT /contact HTTP...-Length: 69\r\n\r\n<<<{"firstName":"Ric...+39 02 123456"}>>>\x00\x00\x00\x00\x00\x00\x00\x00\x00\x00\x00\x00\x00\x00\x00\x00\x00...\x00\x00\x00\x00\x00\x00\x00\x00\x00\x00\x00\x00\x00\x00\x00} {}
17:34:14.918 [qtp1703040426-81] DEBUG org.eclipse.jetty.http.HttpParser - parseNext s=CONTENT HeapByteBuffer@3946ea14[p=242,l=311,c=8192,r=69]={PUT /contact HTTP...-Length: 69\r\n\r\n<<<{"firstName":"Ric...+39 02 123456"}>>>\x00\x00\x00\x00\x00\x00\x00\x00\x00\x00\x00\x00\x00\x00\x00\x00\x00...\x00\x00\x00\x00\x00\x00\x00\x00\x00\x00\x00\x00\x00\x00\x00}
17:34:14.918 [qtp1703040426-81] DEBUG org.eclipse.jetty.server.HttpChannel - HttpChannelOverHttp@72156cfd{r=1,c=false,c=false/false,a=DISPATCHED,uri=//localhost:9998/contact,age=5} onContent Content@47002cd5{HeapByteBufferR@f230f0[p=242,l=311,c=8192,r=69]={PUT /contact HTTP...-Length: 69\r\n\r\n<<<{"firstName":"Ric...+39 02 123456"}>>>\x00\x00\x00\x00\x00\x00\x00\x00\x00\x00\x00\x00\x00\x00\x00\x00\x00...\x00\x00\x00\x00\x00\x00\x00\x00\x00\x00\x00\x00\x00\x00\x00}}
17:34:14.918 [qtp1703040426-81] DEBUG org.eclipse.jetty.server.HttpInput - HttpInputOverHTTP@1693e638[c=0,q=0,[0]=null,s=STREAM] addContent Content@47002cd5{HeapByteBufferR@f230f0[p=242,l=311,c=8192,r=69]={PUT /contact HTTP...-Length: 69\r\n\r\n<<<{"firstName":"Ric...+39 02 123456"}>>>\x00\x00\x00\x00\x00\x00\x00\x00\x00\x00\x00\x00\x00\x00\x00\x00\x00...\x00\x00\x00\x00\x00\x00\x00\x00\x00\x00\x00\x00\x00\x00\x00}}
17:34:14.918 [qtp1703040426-81] DEBUG org.eclipse.jetty.http.HttpParser - CONTENT --> END
17:34:14.918 [qtp1703040426-81] DEBUG org.eclipse.jetty.server.HttpChannel - HttpChannelOverHttp@72156cfd{r=1,c=false,c=false/false,a=DISPATCHED,uri=//localhost:9998/contact,age=5} onContentComplete
17:34:14.918 [qtp1703040426-81] DEBUG org.eclipse.jetty.server.HttpChannel - HttpChannelOverHttp@72156cfd{r=1,c=false,c=false/false,a=DISPATCHED,uri=//localhost:9998/contact,age=5} onRequestComplete
17:34:14.918 [qtp1703040426-81] DEBUG org.eclipse.jetty.server.HttpInput - HttpInputOverHTTP@1693e638[c=0,q=1,[0]=EOF,s=STREAM] addContent EOF
17:34:14.918 [qtp1703040426-81] DEBUG o.e.jetty.server.HttpConnection - HttpConnection@275654db::SocketChannelEndPoint@78ed078d{/127.0.0.1:55190<->/127.0.0.1:9998,OPEN,fill=-,flush=-,to=6/30000}{io=0/0,kio=0,kro=1}->HttpConnection@275654db[p=HttpParser{s=END,69 of 69},g=HttpGenerator@66abb37{s=START}]=>HttpChannelOverHttp@72156cfd{r=1,c=false,c=false/false,a=DISPATCHED,uri=//localhost:9998/contact,age=5} parsed false HttpParser{s=END,69 of 69}
17:34:14.918 [qtp1703040426-81] DEBUG org.eclipse.jetty.server.HttpInput - HttpInputOverHTTP@1693e638[c=69,q=1,[0]=EOF,s=STREAM] read 69 from Content@47002cd5{HeapByteBufferR@f230f0[p=311,l=311,c=8192,r=0]={PUT /contact HTTP...+39 02 123456"}<<<>>>\x00\x00\x00\x00\x00\x00\x00\x00\x00\x00\x00\x00\x00\x00\x00\x00\x00...\x00\x00\x00\x00\x00\x00\x00\x00\x00\x00\x00\x00\x00\x00\x00}}
17:34:14.918 [qtp1703040426-81] DEBUG o.e.jetty.server.HttpConnection - releaseRequestBuffer HttpConnection@275654db::SocketChannelEndPoint@78ed078d{/127.0.0.1:55190<->/127.0.0.1:9998,OPEN,fill=-,flush=-,to=6/30000}{io=0/0,kio=0,kro=1}->HttpConnection@275654db[p=HttpParser{s=END,69 of 69},g=HttpGenerator@66abb37{s=START}]=>HttpChannelOverHttp@72156cfd{r=1,c=false,c=false/false,a=DISPATCHED,uri=//localhost:9998/contact,age=5}
17:34:14.931 [qtp1703040426-81] INFO  c.b.p.p.m.ContactPersistenceMysql - [ContactResource] Update PhoneNumber{firstName='Rick', lastName='Morty', number='+39 02 123456'}
17:34:14.960 [qtp1703040426-81] DEBUG org.eclipse.jetty.server.HttpChannel - sendResponse info=null content=DirectByteBuffer@12dd9c0a[p=0,l=69,c=32768,r=69]={<<<{"firstName":"Ric...+39 02 123456"}>>>\x00\x00\x00\x00\x00\x00\x00\x00\x00\x00\x00\x00\x00\x00\x00\x00\x00...\x00\x00\x00\x00\x00\x00\x00\x00\x00\x00\x00\x00\x00\x00\x00} complete=false committing=true callback=Blocker@4f17d522{null}
17:34:14.961 [qtp1703040426-81] DEBUG org.eclipse.jetty.server.HttpChannel - COMMIT for /contact on HttpChannelOverHttp@72156cfd{r=1,c=true,c=false/false,a=DISPATCHED,uri=//localhost:9998/contact,age=48}
200 OK HTTP/1.1
Date: Sun, 27 Sep 2020 16:34:14 GMT
Content-Type: application/json


17:34:14.961 [qtp1703040426-81] DEBUG o.e.jetty.server.HttpConnection - org.eclipse.jetty.server.HttpConnection$SendCallback@53622a27[PROCESSING][i=HTTP/1.1{s=200,h=2,cl=-1},cb=org.eclipse.jetty.server.HttpChannel$SendCallback@78e4566a] generate: NEED_HEADER (null,[p=0,l=69,c=32768,r=69],false)@START
17:34:14.962 [qtp1703040426-81] DEBUG org.eclipse.jetty.http.HttpGenerator - generateHeaders HTTP/1.1{s=200,h=2,cl=-1} last=false content=DirectByteBuffer@12dd9c0a[p=0,l=69,c=32768,r=69]={<<<{"firstName":"Ric...+39 02 123456"}>>>\x00\x00\x00\x00\x00\x00\x00\x00\x00\x00\x00\x00\x00\x00\x00\x00\x00...\x00\x00\x00\x00\x00\x00\x00\x00\x00\x00\x00\x00\x00\x00\x00}
17:34:14.962 [qtp1703040426-81] DEBUG org.eclipse.jetty.http.HttpGenerator - Date: Sun, 27 Sep 2020 16:34:14 GMT
Content-Type: application/json


17:34:14.962 [qtp1703040426-81] DEBUG org.eclipse.jetty.http.HttpGenerator - CHUNKED_CONTENT
17:34:14.962 [qtp1703040426-81] DEBUG o.e.jetty.server.HttpConnection - org.eclipse.jetty.server.HttpConnection$SendCallback@53622a27[PROCESSING][i=HTTP/1.1{s=200,h=2,cl=-1},cb=org.eclipse.jetty.server.HttpChannel$SendCallback@78e4566a] generate: FLUSH ([p=0,l=153,c=8192,r=153],[p=0,l=69,c=32768,r=69],false)@COMMITTED
17:34:14.962 [qtp1703040426-81] DEBUG org.eclipse.jetty.io.WriteFlusher - write: WriteFlusher@6a7a8b0{IDLE}->null [HeapByteBuffer@3946ea14[p=0,l=153,c=8192,r=153]={<<<HTTP/1.1 200 OK\r\n...190418)\r\n\r\n45\r\n>>>image/gif, image/...\x00\x00\x00\x00\x00\x00\x00\x00\x00\x00\x00\x00\x00\x00\x00},DirectByteBuffer@12dd9c0a[p=0,l=69,c=32768,r=69]={<<<{"firstName":"Ric...+39 02 123456"}>>>\x00\x00\x00\x00\x00\x00\x00\x00\x00\x00\x00\x00\x00\x00\x00\x00\x00...\x00\x00\x00\x00\x00\x00\x00\x00\x00\x00\x00\x00\x00\x00\x00}]
17:34:14.962 [qtp1703040426-81] DEBUG org.eclipse.jetty.io.WriteFlusher - update WriteFlusher@6a7a8b0{WRITING}->null:IDLE-->WRITING
17:34:14.962 [qtp1703040426-81] DEBUG org.eclipse.jetty.io.ChannelEndPoint - flushed 222 SocketChannelEndPoint@78ed078d{/127.0.0.1:55190<->/127.0.0.1:9998,OPEN,fill=-,flush=W,to=50/30000}{io=0/0,kio=0,kro=1}->HttpConnection@275654db[p=HttpParser{s=END,69 of 69},g=HttpGenerator@66abb37{s=COMMITTED}]=>HttpChannelOverHttp@72156cfd{r=1,c=true,c=false/false,a=DISPATCHED,uri=//localhost:9998/contact,age=49}
17:34:14.962 [qtp1703040426-81] DEBUG org.eclipse.jetty.io.WriteFlusher - Flushed=true written=222 remaining=0 WriteFlusher@6a7a8b0{WRITING}->null
17:34:14.963 [qtp1703040426-81] DEBUG org.eclipse.jetty.io.WriteFlusher - update WriteFlusher@6a7a8b0{IDLE}->null:WRITING-->IDLE
17:34:14.963 [qtp1703040426-81] DEBUG o.e.jetty.server.HttpConnection - org.eclipse.jetty.server.HttpConnection$SendCallback@53622a27[PROCESSING][i=HTTP/1.1{s=200,h=2,cl=-1},cb=org.eclipse.jetty.server.HttpChannel$SendCallback@78e4566a] generate: DONE ([p=153,l=153,c=8192,r=0],[p=69,l=69,c=32768,r=0],false)@COMMITTED
17:34:14.963 [qtp1703040426-81] DEBUG org.eclipse.jetty.server.HttpChannel - sendResponse info=null content=HeapByteBuffer@7c203415[p=0,l=0,c=0,r=0]={<<<>>>} complete=false committing=false callback=Blocker@4f17d522{null}
17:34:14.963 [qtp1703040426-81] DEBUG org.eclipse.jetty.server.HttpChannel - sendResponse info=null content=HeapByteBuffer@7c203415[p=0,l=0,c=0,r=0]={<<<>>>} complete=false committing=false callback=Blocker@4f17d522{null}
17:34:14.963 [qtp1703040426-81] DEBUG org.eclipse.jetty.server.HttpChannel - sendResponse info=null content=HeapByteBuffer@7c203415[p=0,l=0,c=0,r=0]={<<<>>>} complete=true committing=false callback=Blocker@4f17d522{null}
17:34:14.963 [qtp1703040426-81] DEBUG o.e.jetty.server.HttpConnection - org.eclipse.jetty.server.HttpConnection$SendCallback@53622a27[PROCESSING][i=null,cb=org.eclipse.jetty.server.HttpChannel$SendCallback@7768d383] generate: CONTINUE (null,[p=0,l=0,c=0,r=0],true)@COMPLETING
17:34:14.963 [qtp1703040426-81] DEBUG o.e.jetty.server.HttpConnection - org.eclipse.jetty.server.HttpConnection$SendCallback@53622a27[PROCESSING][i=null,cb=org.eclipse.jetty.server.HttpChannel$SendCallback@7768d383] generate: NEED_CHUNK (null,[p=0,l=0,c=0,r=0],true)@COMPLETING
17:34:14.963 [qtp1703040426-81] DEBUG o.e.jetty.server.HttpConnection - org.eclipse.jetty.server.HttpConnection$SendCallback@53622a27[PROCESSING][i=null,cb=org.eclipse.jetty.server.HttpChannel$SendCallback@7768d383] generate: FLUSH (null,[p=0,l=0,c=0,r=0],true)@COMPLETING
17:34:14.963 [qtp1703040426-81] DEBUG org.eclipse.jetty.io.WriteFlusher - write: WriteFlusher@6a7a8b0{IDLE}->null [HeapByteBuffer@3599fc5b[p=0,l=7,c=1024,r=7]={<<<\r\n0\r\n\r\n>>>\x00\x00\x00\x00\x00\x00\x00\x00\x00\x00\x00\x00\x00\x00\x00\x00\x00...\x00\x00\x00\x00\x00\x00\x00\x00\x00\x00\x00\x00\x00\x00\x00}]
17:34:14.963 [qtp1703040426-81] DEBUG org.eclipse.jetty.io.WriteFlusher - update WriteFlusher@6a7a8b0{WRITING}->null:IDLE-->WRITING
17:34:14.963 [qtp1703040426-81] DEBUG org.eclipse.jetty.io.ChannelEndPoint - flushed 7 SocketChannelEndPoint@78ed078d{/127.0.0.1:55190<->/127.0.0.1:9998,OPEN,fill=-,flush=W,to=1/30000}{io=0/0,kio=0,kro=1}->HttpConnection@275654db[p=HttpParser{s=END,69 of 69},g=HttpGenerator@66abb37{s=COMPLETING}]=>HttpChannelOverHttp@72156cfd{r=1,c=true,c=false/false,a=DISPATCHED,uri=//localhost:9998/contact,age=50}
17:34:14.964 [qtp1703040426-81] DEBUG org.eclipse.jetty.io.WriteFlusher - Flushed=true written=7 remaining=0 WriteFlusher@6a7a8b0{WRITING}->null
17:34:14.964 [qtp1703040426-81] DEBUG org.eclipse.jetty.io.WriteFlusher - update WriteFlusher@6a7a8b0{IDLE}->null:WRITING-->IDLE
17:34:14.964 [qtp1703040426-81] DEBUG o.e.jetty.server.HttpConnection - org.eclipse.jetty.server.HttpConnection$SendCallback@53622a27[PROCESSING][i=null,cb=org.eclipse.jetty.server.HttpChannel$SendCallback@7768d383] generate: DONE (null,[p=0,l=0,c=0,r=0],true)@END
17:34:14.964 [qtp1703040426-81] DEBUG org.eclipse.jetty.server.Server - handled=true async=false committed=true on HttpChannelOverHttp@72156cfd{r=1,c=true,c=false/true,a=DISPATCHED,uri=//localhost:9998/contact,age=51}
17:34:14.964 [qtp1703040426-81] DEBUG o.e.jetty.server.HttpChannelState - unhandle HttpChannelState@3717ecdb{s=DISPATCHED a=NOT_ASYNC i=true r=IDLE w=false}
17:34:14.964 [qtp1703040426-81] DEBUG org.eclipse.jetty.server.HttpChannel - HttpChannelOverHttp@72156cfd{r=1,c=true,c=false/true,a=COMPLETING,uri=//localhost:9998/contact,age=51} action COMPLETE
17:34:14.964 [qtp1703040426-81] DEBUG o.e.jetty.server.HttpChannelState - onComplete HttpChannelState@3717ecdb{s=COMPLETING a=NOT_ASYNC i=false r=IDLE w=false}
17:34:14.964 [qtp1703040426-81] DEBUG org.eclipse.jetty.server.HttpChannel - COMPLETE for /contact written=69
17:34:14.964 [qtp1703040426-81] DEBUG o.e.jetty.server.HttpChannelState - recycle HttpChannelState@3717ecdb{s=COMPLETED a=NOT_ASYNC i=false r=IDLE w=false}
17:34:14.965 [qtp1703040426-81] DEBUG org.eclipse.jetty.http.HttpParser - reset HttpParser{s=END,69 of 69}
17:34:14.965 [qtp1703040426-81] DEBUG org.eclipse.jetty.http.HttpParser - END --> START
17:34:14.965 [qtp1703040426-81] DEBUG org.eclipse.jetty.server.HttpChannel - HttpChannelOverHttp@72156cfd{r=1,c=false,c=false/false,a=IDLE,uri=null,age=0} handle exit, result COMPLETE
17:34:14.965 [qtp1703040426-81] DEBUG org.eclipse.jetty.io.ChannelEndPoint - filled 0 HeapByteBuffer@3946ea14[p=0,l=0,c=8192,r=0]={<<<>>>HTTP/1.1 200 OK\r\n...\x00\x00\x00\x00\x00\x00\x00\x00\x00\x00\x00\x00\x00\x00\x00}
17:34:14.965 [qtp1703040426-81] DEBUG org.eclipse.jetty.io.ChannelEndPoint - filled 0 HeapByteBuffer@3946ea14[p=0,l=0,c=8192,r=0]={<<<>>>HTTP/1.1 200 OK\r\n...\x00\x00\x00\x00\x00\x00\x00\x00\x00\x00\x00\x00\x00\x00\x00}
17:34:14.965 [qtp1703040426-81] DEBUG o.e.jetty.server.HttpConnection - HttpConnection@275654db::SocketChannelEndPoint@78ed078d{/127.0.0.1:55190<->/127.0.0.1:9998,OPEN,fill=-,flush=-,to=2/30000}{io=0/0,kio=0,kro=1}->HttpConnection@275654db[p=HttpParser{s=START,0 of -1},g=HttpGenerator@66abb37{s=START}]=>HttpChannelOverHttp@72156cfd{r=1,c=false,c=false/false,a=IDLE,uri=null,age=0} filled 0 HeapByteBuffer@3946ea14[p=0,l=0,c=8192,r=0]={<<<>>>HTTP/1.1 200 OK\r\n...\x00\x00\x00\x00\x00\x00\x00\x00\x00\x00\x00\x00\x00\x00\x00}
17:34:14.965 [qtp1703040426-81] DEBUG o.e.jetty.server.HttpConnection - HttpConnection@275654db::SocketChannelEndPoint@78ed078d{/127.0.0.1:55190<->/127.0.0.1:9998,OPEN,fill=-,flush=-,to=2/30000}{io=0/0,kio=0,kro=1}->HttpConnection@275654db[p=HttpParser{s=START,0 of -1},g=HttpGenerator@66abb37{s=START}]=>HttpChannelOverHttp@72156cfd{r=1,c=false,c=false/false,a=IDLE,uri=null,age=0} parse HeapByteBuffer@3946ea14[p=0,l=0,c=8192,r=0]={<<<>>>HTTP/1.1 200 OK\r\n...\x00\x00\x00\x00\x00\x00\x00\x00\x00\x00\x00\x00\x00\x00\x00} {}
17:34:14.965 [qtp1703040426-81] DEBUG org.eclipse.jetty.http.HttpParser - parseNext s=START HeapByteBuffer@3946ea14[p=0,l=0,c=8192,r=0]={<<<>>>HTTP/1.1 200 OK\r\n...\x00\x00\x00\x00\x00\x00\x00\x00\x00\x00\x00\x00\x00\x00\x00}
17:34:14.965 [qtp1703040426-81] DEBUG o.e.jetty.server.HttpConnection - HttpConnection@275654db::SocketChannelEndPoint@78ed078d{/127.0.0.1:55190<->/127.0.0.1:9998,OPEN,fill=-,flush=-,to=2/30000}{io=0/0,kio=0,kro=1}->HttpConnection@275654db[p=HttpParser{s=START,0 of -1},g=HttpGenerator@66abb37{s=START}]=>HttpChannelOverHttp@72156cfd{r=1,c=false,c=false/false,a=IDLE,uri=null,age=0} parsed false HttpParser{s=START,0 of -1}
17:34:14.965 [qtp1703040426-81] DEBUG o.e.jetty.server.HttpConnection - releaseRequestBuffer HttpConnection@275654db::SocketChannelEndPoint@78ed078d{/127.0.0.1:55190<->/127.0.0.1:9998,OPEN,fill=-,flush=-,to=2/30000}{io=0/0,kio=0,kro=1}->HttpConnection@275654db[p=HttpParser{s=START,0 of -1},g=HttpGenerator@66abb37{s=START}]=>HttpChannelOverHttp@72156cfd{r=1,c=false,c=false/false,a=IDLE,uri=null,age=0}
17:34:14.966 [qtp1703040426-81] DEBUG o.e.jetty.io.AbstractConnection - fillInterested HttpConnection@275654db::SocketChannelEndPoint@78ed078d{/127.0.0.1:55190<->/127.0.0.1:9998,OPEN,fill=-,flush=-,to=3/30000}{io=0/0,kio=0,kro=1}->HttpConnection@275654db[p=HttpParser{s=START,0 of -1},g=HttpGenerator@66abb37{s=START}]=>HttpChannelOverHttp@72156cfd{r=1,c=false,c=false/false,a=IDLE,uri=null,age=0}
17:34:14.966 [qtp1703040426-81] DEBUG org.eclipse.jetty.io.FillInterest - interested FillInterest@5fc15d83{AC.ReadCB@275654db{HttpConnection@275654db::SocketChannelEndPoint@78ed078d{/127.0.0.1:55190<->/127.0.0.1:9998,OPEN,fill=FI,flush=-,to=0/30000}{io=0/0,kio=0,kro=1}->HttpConnection@275654db[p=HttpParser{s=START,0 of -1},g=HttpGenerator@66abb37{s=START}]=>HttpChannelOverHttp@72156cfd{r=1,c=false,c=false/false,a=IDLE,uri=null,age=0}}}
17:34:14.966 [qtp1703040426-81] DEBUG org.eclipse.jetty.io.ChannelEndPoint - changeInterests p=false 0->1 for SocketChannelEndPoint@78ed078d{/127.0.0.1:55190<->/127.0.0.1:9998,OPEN,fill=FI,flush=-,to=0/30000}{io=0/1,kio=0,kro=1}->HttpConnection@275654db[p=HttpParser{s=START,0 of -1},g=HttpGenerator@66abb37{s=START}]=>HttpChannelOverHttp@72156cfd{r=1,c=false,c=false/false,a=IDLE,uri=null,age=0}
17:34:14.966 [qtp1703040426-81] DEBUG org.eclipse.jetty.io.ManagedSelector - Queued change org.eclipse.jetty.io.ChannelEndPoint$1@57381394 on ManagedSelector@7b6860f9{STARTED} id=1 keys=1 selected=0 updates=0
17:34:14.966 [qtp1703040426-81] DEBUG org.eclipse.jetty.io.ManagedSelector - Wakeup on submit ManagedSelector@7b6860f9{STARTED} id=1 keys=1 selected=0 updates=1
17:34:14.966 [qtp1703040426-77] DEBUG org.eclipse.jetty.io.ManagedSelector - Selector sun.nio.ch.KQueueSelectorImpl@550b986e woken with none selected
17:34:14.966 [qtp1703040426-77] DEBUG org.eclipse.jetty.io.ManagedSelector - Selector sun.nio.ch.KQueueSelectorImpl@550b986e woken up from select, 0/0/1 selected
17:34:14.966 [qtp1703040426-77] DEBUG org.eclipse.jetty.io.ManagedSelector - Selector sun.nio.ch.KQueueSelectorImpl@550b986e processing 0 keys, 1 updates
17:34:14.966 [qtp1703040426-81] DEBUG o.e.jetty.server.HttpConnection - HttpConnection@275654db::SocketChannelEndPoint@78ed078d{/127.0.0.1:55190<->/127.0.0.1:9998,OPEN,fill=FI,flush=-,to=0/30000}{io=0/1,kio=0,kro=1}->HttpConnection@275654db[p=HttpParser{s=START,0 of -1},g=HttpGenerator@66abb37{s=START}]=>HttpChannelOverHttp@72156cfd{r=1,c=false,c=false/false,a=IDLE,uri=null,age=0} onFillable exit HttpChannelState@3717ecdb{s=IDLE a=NOT_ASYNC i=true r=IDLE w=false} null
17:34:14.966 [qtp1703040426-77] DEBUG org.eclipse.jetty.io.ManagedSelector - updateable 1
17:34:14.966 [qtp1703040426-77] DEBUG org.eclipse.jetty.io.ManagedSelector - update org.eclipse.jetty.io.ChannelEndPoint$1@57381394
17:34:14.966 [qtp1703040426-81] DEBUG o.e.j.util.thread.QueuedThreadPool - ran CEP:SocketChannelEndPoint@78ed078d{/127.0.0.1:55190<->/127.0.0.1:9998,OPEN,fill=FI,flush=-,to=0/30000}{io=0/1,kio=0,kro=1}->HttpConnection@275654db[p=HttpParser{s=START,0 of -1},g=HttpGenerator@66abb37{s=START}]=>HttpChannelOverHttp@72156cfd{r=1,c=false,c=false/false,a=IDLE,uri=null,age=0}:runFillable:BLOCKING
17:34:14.967 [qtp1703040426-77] DEBUG org.eclipse.jetty.io.ChannelEndPoint - Key interests updated 0 -> 1 on SocketChannelEndPoint@78ed078d{/127.0.0.1:55190<->/127.0.0.1:9998,OPEN,fill=FI,flush=-,to=0/30000}{io=1/1,kio=1,kro=1}->HttpConnection@275654db[p=HttpParser{s=START,0 of -1},g=HttpGenerator@66abb37{s=START}]=>HttpChannelOverHttp@72156cfd{r=1,c=false,c=false/false,a=IDLE,uri=null,age=0}
17:34:14.967 [qtp1703040426-77] DEBUG org.eclipse.jetty.io.ManagedSelector - updates 0
17:34:14.967 [qtp1703040426-77] DEBUG org.eclipse.jetty.io.ManagedSelector - Selector sun.nio.ch.KQueueSelectorImpl@550b986e waiting with 1 keys
17:34:15.006 [main] DEBUG o.e.j.u.component.AbstractLifeCycle - stopping Server@25290bca{STARTED}[9.4.17.v20190418]
17:34:15.007 [main] DEBUG org.eclipse.jetty.server.Server - doStop Server@25290bca{STOPPING}[9.4.17.v20190418]
17:34:15.007 [qtp1703040426-78] DEBUG o.e.j.util.thread.QueuedThreadPool - ran qtp1703040426-78-acceptor-0@46c269e0-ServerConnector@3d904e9c{HTTP/1.1,[http/1.1]}{0.0.0.0:9998}
17:34:15.007 [main] DEBUG o.e.j.s.h.AbstractHandlerContainer - Graceful shutdown Server@25290bca{STOPPING}[9.4.17.v20190418] by 
17:34:15.008 [main] DEBUG o.e.j.u.component.AbstractLifeCycle - stopping ServerConnector@3d904e9c{HTTP/1.1,[http/1.1]}{0.0.0.0:9998}
17:34:15.008 [main] DEBUG o.e.j.u.component.AbstractLifeCycle - stopping SelectorManager@ServerConnector@3d904e9c{HTTP/1.1,[http/1.1]}{0.0.0.0:9998}
17:34:15.008 [main] DEBUG o.e.j.u.component.AbstractLifeCycle - stopping ManagedSelector@7b6860f9{STARTED} id=1 keys=1 selected=0 updates=0
17:34:15.008 [main] DEBUG org.eclipse.jetty.io.ManagedSelector - Queued change org.eclipse.jetty.io.ManagedSelector$CloseConnections@6573d2f7 on ManagedSelector@7b6860f9{STOPPING} id=1 keys=1 selected=0 updates=0
17:34:15.008 [main] DEBUG org.eclipse.jetty.io.ManagedSelector - Wakeup on submit ManagedSelector@7b6860f9{STOPPING} id=1 keys=1 selected=0 updates=1
17:34:15.008 [qtp1703040426-77] DEBUG org.eclipse.jetty.io.ManagedSelector - Selector sun.nio.ch.KQueueSelectorImpl@550b986e woken with none selected
17:34:15.008 [qtp1703040426-77] DEBUG org.eclipse.jetty.io.ManagedSelector - Selector sun.nio.ch.KQueueSelectorImpl@550b986e woken up from select, 0/0/1 selected
17:34:15.008 [qtp1703040426-77] DEBUG org.eclipse.jetty.io.ManagedSelector - Selector sun.nio.ch.KQueueSelectorImpl@550b986e processing 0 keys, 1 updates
17:34:15.008 [qtp1703040426-77] DEBUG org.eclipse.jetty.io.ManagedSelector - updateable 1
17:34:15.008 [qtp1703040426-77] DEBUG org.eclipse.jetty.io.ManagedSelector - update org.eclipse.jetty.io.ManagedSelector$CloseConnections@6573d2f7
17:34:15.008 [qtp1703040426-77] DEBUG org.eclipse.jetty.io.ManagedSelector - Closing 1 connections on ManagedSelector@7b6860f9{STOPPING} id=1 keys=1 selected=0 updates=0
17:34:15.009 [qtp1703040426-77] DEBUG o.eclipse.jetty.io.AbstractEndPoint - close SocketChannelEndPoint@78ed078d{/127.0.0.1:55190<->/127.0.0.1:9998,OPEN,fill=FI,flush=-,to=42/30000}{io=1/1,kio=1,kro=1}->HttpConnection@275654db[p=HttpParser{s=START,0 of -1},g=HttpGenerator@66abb37{s=START}]=>HttpChannelOverHttp@72156cfd{r=1,c=false,c=false/false,a=IDLE,uri=null,age=0}
17:34:15.009 [qtp1703040426-77] DEBUG o.eclipse.jetty.io.AbstractEndPoint - close(null) SocketChannelEndPoint@78ed078d{/127.0.0.1:55190<->/127.0.0.1:9998,OPEN,fill=FI,flush=-,to=43/30000}{io=1/1,kio=1,kro=1}->HttpConnection@275654db[p=HttpParser{s=START,0 of -1},g=HttpGenerator@66abb37{s=START}]=>HttpChannelOverHttp@72156cfd{r=1,c=false,c=false/false,a=IDLE,uri=null,age=0}
17:34:15.009 [qtp1703040426-77] DEBUG org.eclipse.jetty.io.ChannelEndPoint - doClose SocketChannelEndPoint@78ed078d{/127.0.0.1:55190<->/127.0.0.1:9998,CLOSED,fill=FI,flush=-,to=43/30000}{io=1/1,kio=1,kro=1}->HttpConnection@275654db[p=HttpParser{s=START,0 of -1},g=HttpGenerator@66abb37{s=START}]=>HttpChannelOverHttp@72156cfd{r=1,c=false,c=false/false,a=IDLE,uri=null,age=0}
17:34:15.009 [qtp1703040426-77] DEBUG org.eclipse.jetty.io.WriteFlusher - ignored: WriteFlusher@6a7a8b0{IDLE}->null
java.nio.channels.ClosedChannelException: null
	at org.eclipse.jetty.io.WriteFlusher.onClose(WriteFlusher.java:492)
	at org.eclipse.jetty.io.AbstractEndPoint.onClose(AbstractEndPoint.java:353)
	at org.eclipse.jetty.io.ChannelEndPoint.onClose(ChannelEndPoint.java:215)
	at org.eclipse.jetty.io.AbstractEndPoint.doOnClose(AbstractEndPoint.java:225)
	at org.eclipse.jetty.io.AbstractEndPoint.close(AbstractEndPoint.java:192)
	at org.eclipse.jetty.io.AbstractEndPoint.close(AbstractEndPoint.java:175)
	at org.eclipse.jetty.io.AbstractConnection.close(AbstractConnection.java:248)
	at org.eclipse.jetty.io.ManagedSelector.closeNoExceptions(ManagedSelector.java:252)
	at org.eclipse.jetty.io.ManagedSelector.access$1400(ManagedSelector.java:61)
	at org.eclipse.jetty.io.ManagedSelector$CloseConnections.update(ManagedSelector.java:866)
	at org.eclipse.jetty.io.ManagedSelector$SelectorProducer.processUpdates(ManagedSelector.java:426)
	at org.eclipse.jetty.io.ManagedSelector$SelectorProducer.produce(ManagedSelector.java:397)
	at org.eclipse.jetty.util.thread.strategy.EatWhatYouKill.produceTask(EatWhatYouKill.java:357)
	at org.eclipse.jetty.util.thread.strategy.EatWhatYouKill.doProduce(EatWhatYouKill.java:181)
	at org.eclipse.jetty.util.thread.strategy.EatWhatYouKill.tryProduce(EatWhatYouKill.java:168)
	at org.eclipse.jetty.util.thread.strategy.EatWhatYouKill.produce(EatWhatYouKill.java:132)
	at org.eclipse.jetty.util.thread.QueuedThreadPool.runJob(QueuedThreadPool.java:786)
	at org.eclipse.jetty.util.thread.QueuedThreadPool$2.run(QueuedThreadPool.java:743)
	at java.lang.Thread.run(Thread.java:748)
17:34:15.009 [qtp1703040426-77] DEBUG org.eclipse.jetty.io.FillInterest - onClose FillInterest@5fc15d83{AC.ReadCB@275654db{HttpConnection@275654db::SocketChannelEndPoint@78ed078d{/127.0.0.1:55190<->/127.0.0.1:9998,CLOSED,fill=FI,flush=-,to=43/30000}{io=1/1,kio=-1,kro=-1}->HttpConnection@275654db[p=HttpParser{s=START,0 of -1},g=HttpGenerator@66abb37{s=START}]=>HttpChannelOverHttp@72156cfd{r=1,c=false,c=false/false,a=IDLE,uri=null,age=0}}}
17:34:15.009 [qtp1703040426-77] DEBUG org.eclipse.jetty.http.HttpParser - close HttpParser{s=START,0 of -1}
17:34:15.010 [qtp1703040426-77] DEBUG org.eclipse.jetty.http.HttpParser - START --> CLOSE
17:34:15.010 [qtp1703040426-77] DEBUG o.e.jetty.io.AbstractConnection - HttpConnection@275654db::SocketChannelEndPoint@78ed078d{/127.0.0.1:55190<->/127.0.0.1:9998,CLOSED,fill=-,flush=-,to=44/30000}{io=1/1,kio=-1,kro=-1}->HttpConnection@275654db[p=HttpParser{s=CLOSE,0 of -1},g=HttpGenerator@66abb37{s=START}]=>HttpChannelOverHttp@72156cfd{r=1,c=false,c=false/false,a=IDLE,uri=null,age=0} onFillInterestedFailed {}
17:34:15.010 [qtp1703040426-77] DEBUG org.eclipse.jetty.io.ManagedSelector - Wakeup ManagedSelector@7b6860f9{STOPPING} id=1 keys=1 selected=0 updates=0
17:34:15.010 [qtp1703040426-77] DEBUG o.e.j.util.thread.QueuedThreadPool - queue org.eclipse.jetty.io.ManagedSelector$DestroyEndPoint@1af17684
17:34:15.010 [qtp1703040426-77] DEBUG org.eclipse.jetty.io.ManagedSelector - updates 0
17:34:15.010 [qtp1703040426-77] DEBUG org.eclipse.jetty.io.ManagedSelector - Selector sun.nio.ch.KQueueSelectorImpl@550b986e waiting with 1 keys
17:34:15.010 [qtp1703040426-82] DEBUG o.e.j.util.thread.QueuedThreadPool - run org.eclipse.jetty.io.ManagedSelector$DestroyEndPoint@1af17684
17:34:15.010 [main] DEBUG org.eclipse.jetty.io.ManagedSelector - Queued change org.eclipse.jetty.io.ManagedSelector$StopSelector@4052c8c2 on ManagedSelector@7b6860f9{STOPPING} id=1 keys=0 selected=0 updates=0
17:34:15.010 [qtp1703040426-82] DEBUG org.eclipse.jetty.io.ManagedSelector - Destroyed SocketChannelEndPoint@78ed078d{/127.0.0.1:55190<->/127.0.0.1:9998,CLOSED,fill=-,flush=-,to=44/30000}{io=1/1,kio=-1,kro=-1}->HttpConnection@275654db[p=HttpParser{s=CLOSE,0 of -1},g=HttpGenerator@66abb37{s=START}]=>HttpChannelOverHttp@72156cfd{r=1,c=false,c=false/false,a=IDLE,uri=null,age=0}
17:34:15.010 [qtp1703040426-82] DEBUG o.e.jetty.io.AbstractConnection - onClose HttpConnection@275654db::SocketChannelEndPoint@78ed078d{/127.0.0.1:55190<->/127.0.0.1:9998,CLOSED,fill=-,flush=-,to=44/30000}{io=1/1,kio=-1,kro=-1}->HttpConnection@275654db[p=HttpParser{s=CLOSE,0 of -1},g=HttpGenerator@66abb37{s=START}]=>HttpChannelOverHttp@72156cfd{r=1,c=false,c=false/false,a=IDLE,uri=null,age=0}
17:34:15.011 [qtp1703040426-82] DEBUG o.e.j.util.thread.QueuedThreadPool - ran org.eclipse.jetty.io.ManagedSelector$DestroyEndPoint@1af17684
17:34:15.011 [main] DEBUG org.eclipse.jetty.io.ManagedSelector - Wakeup on submit ManagedSelector@7b6860f9{STOPPING} id=1 keys=0 selected=0 updates=1
17:34:15.011 [qtp1703040426-77] DEBUG org.eclipse.jetty.io.ManagedSelector - Selector sun.nio.ch.KQueueSelectorImpl@550b986e woken with none selected
17:34:15.011 [qtp1703040426-77] DEBUG org.eclipse.jetty.io.ManagedSelector - Selector sun.nio.ch.KQueueSelectorImpl@550b986e woken up from select, 0/0/0 selected
17:34:15.011 [qtp1703040426-77] DEBUG org.eclipse.jetty.io.ManagedSelector - Selector sun.nio.ch.KQueueSelectorImpl@550b986e processing 0 keys, 1 updates
17:34:15.011 [qtp1703040426-77] DEBUG org.eclipse.jetty.io.ManagedSelector - updateable 1
17:34:15.011 [qtp1703040426-77] DEBUG org.eclipse.jetty.io.ManagedSelector - update org.eclipse.jetty.io.ManagedSelector$StopSelector@4052c8c2
17:34:15.011 [qtp1703040426-77] DEBUG org.eclipse.jetty.io.ManagedSelector - updates 0
17:34:15.011 [qtp1703040426-77] DEBUG o.e.j.util.thread.QueuedThreadPool - ran org.eclipse.jetty.io.ManagedSelector$$Lambda$175/1736293769@262816a8
17:34:15.012 [main] DEBUG o.e.j.u.component.AbstractLifeCycle - stopping EatWhatYouKill@4fc3c165/SelectorProducer@10a0fe30/IDLE/p=false/JettyConnectorThreadPool[qtp1703040426]@658255aa{STARTED,8<=8<=200,i=6,q=0}[ReservedThreadExecutor@22a736d7{s=1/4,p=0}][pc=0,pic=0,pec=1,epc=0]@2020-09-27T17:34:15.011+01:00
17:34:15.015 [main] DEBUG o.e.j.u.component.AbstractLifeCycle - STOPPED EatWhatYouKill@4fc3c165/SelectorProducer@10a0fe30/IDLE/p=false/JettyConnectorThreadPool[qtp1703040426]@658255aa{STARTED,8<=8<=200,i=6,q=0}[ReservedThreadExecutor@22a736d7{s=1/4,p=0}][pc=0,pic=0,pec=1,epc=0]@2020-09-27T17:34:15.015+01:00
17:34:15.015 [main] DEBUG o.e.j.u.component.AbstractLifeCycle - STOPPED ManagedSelector@7b6860f9{STOPPED} id=1 keys=-1 selected=-1 updates=0
17:34:15.016 [main] DEBUG o.e.j.u.component.AbstractLifeCycle - stopping ManagedSelector@51c959a4{STARTED} id=0 keys=0 selected=0 updates=0
17:34:15.016 [main] DEBUG org.eclipse.jetty.io.ManagedSelector - Queued change org.eclipse.jetty.io.ManagedSelector$CloseConnections@181b8c4b on ManagedSelector@51c959a4{STOPPING} id=0 keys=0 selected=0 updates=0
17:34:15.016 [main] DEBUG org.eclipse.jetty.io.ManagedSelector - Wakeup on submit ManagedSelector@51c959a4{STOPPING} id=0 keys=0 selected=0 updates=1
17:34:15.017 [qtp1703040426-76] DEBUG org.eclipse.jetty.io.ManagedSelector - Selector sun.nio.ch.KQueueSelectorImpl@492f8d1f woken with none selected
17:34:15.017 [qtp1703040426-76] DEBUG org.eclipse.jetty.io.ManagedSelector - Selector sun.nio.ch.KQueueSelectorImpl@492f8d1f woken up from select, 0/0/0 selected
17:34:15.017 [qtp1703040426-76] DEBUG org.eclipse.jetty.io.ManagedSelector - Selector sun.nio.ch.KQueueSelectorImpl@492f8d1f processing 0 keys, 1 updates
17:34:15.017 [qtp1703040426-76] DEBUG org.eclipse.jetty.io.ManagedSelector - updateable 1
17:34:15.017 [qtp1703040426-76] DEBUG org.eclipse.jetty.io.ManagedSelector - update org.eclipse.jetty.io.ManagedSelector$CloseConnections@181b8c4b
17:34:15.017 [qtp1703040426-76] DEBUG org.eclipse.jetty.io.ManagedSelector - Closing 0 connections on ManagedSelector@51c959a4{STOPPING} id=0 keys=0 selected=0 updates=0
17:34:15.017 [qtp1703040426-76] DEBUG org.eclipse.jetty.io.ManagedSelector - updates 0
17:34:15.017 [qtp1703040426-76] DEBUG org.eclipse.jetty.io.ManagedSelector - Selector sun.nio.ch.KQueueSelectorImpl@492f8d1f waiting with 0 keys
17:34:15.018 [main] DEBUG org.eclipse.jetty.io.ManagedSelector - Queued change org.eclipse.jetty.io.ManagedSelector$StopSelector@38eb0f4d on ManagedSelector@51c959a4{STOPPING} id=0 keys=0 selected=0 updates=0
17:34:15.020 [main] DEBUG org.eclipse.jetty.io.ManagedSelector - Wakeup on submit ManagedSelector@51c959a4{STOPPING} id=0 keys=0 selected=0 updates=1
17:34:15.020 [qtp1703040426-76] DEBUG org.eclipse.jetty.io.ManagedSelector - Selector sun.nio.ch.KQueueSelectorImpl@492f8d1f woken with none selected
17:34:15.020 [qtp1703040426-76] DEBUG org.eclipse.jetty.io.ManagedSelector - Selector sun.nio.ch.KQueueSelectorImpl@492f8d1f woken up from select, 0/0/0 selected
17:34:15.020 [qtp1703040426-76] DEBUG org.eclipse.jetty.io.ManagedSelector - Selector sun.nio.ch.KQueueSelectorImpl@492f8d1f processing 0 keys, 1 updates
17:34:15.020 [qtp1703040426-76] DEBUG org.eclipse.jetty.io.ManagedSelector - updateable 1
17:34:15.020 [qtp1703040426-76] DEBUG org.eclipse.jetty.io.ManagedSelector - update org.eclipse.jetty.io.ManagedSelector$StopSelector@38eb0f4d
17:34:15.020 [qtp1703040426-76] DEBUG org.eclipse.jetty.io.ManagedSelector - updates 0
17:34:15.020 [qtp1703040426-76] DEBUG o.e.j.util.thread.QueuedThreadPool - ran org.eclipse.jetty.io.ManagedSelector$$Lambda$175/1736293769@60f70249
17:34:15.020 [main] DEBUG o.e.j.u.component.AbstractLifeCycle - stopping EatWhatYouKill@1229a2b7/SelectorProducer@e5cbff2/IDLE/p=false/JettyConnectorThreadPool[qtp1703040426]@658255aa{STARTED,8<=8<=200,i=7,q=0}[ReservedThreadExecutor@22a736d7{s=1/4,p=0}][pc=0,pic=0,pec=0,epc=0]@2020-09-27T17:34:15.02+01:00
17:34:15.021 [main] DEBUG o.e.j.u.component.AbstractLifeCycle - STOPPED EatWhatYouKill@1229a2b7/SelectorProducer@e5cbff2/IDLE/p=false/JettyConnectorThreadPool[qtp1703040426]@658255aa{STARTED,8<=8<=200,i=7,q=0}[ReservedThreadExecutor@22a736d7{s=1/4,p=0}][pc=0,pic=0,pec=0,epc=0]@2020-09-27T17:34:15.021+01:00
17:34:15.021 [main] DEBUG o.e.j.u.component.AbstractLifeCycle - STOPPED ManagedSelector@51c959a4{STOPPED} id=0 keys=-1 selected=-1 updates=0
17:34:15.021 [main] DEBUG o.e.j.u.component.AbstractLifeCycle - STOPPED SelectorManager@ServerConnector@3d904e9c{HTTP/1.1,[http/1.1]}{0.0.0.0:9998}
17:34:15.021 [main] DEBUG o.e.j.u.component.AbstractLifeCycle - stopping HttpConnectionFactory@76563d26[HTTP/1.1]
17:34:15.021 [main] DEBUG o.e.j.u.component.AbstractLifeCycle - STOPPED HttpConnectionFactory@76563d26[HTTP/1.1]
17:34:15.021 [main] DEBUG o.e.j.u.component.AbstractLifeCycle - stopping ScheduledExecutorScheduler@508a65bf{STARTED}
17:34:15.021 [main] DEBUG o.e.j.u.component.AbstractLifeCycle - STOPPED ScheduledExecutorScheduler@508a65bf{STOPPED}
17:34:15.021 [main] INFO  o.e.jetty.server.AbstractConnector - Stopped ServerConnector@3d904e9c{HTTP/1.1,[http/1.1]}{0.0.0.0:9998}
17:34:15.021 [main] DEBUG o.e.j.u.component.AbstractLifeCycle - STOPPED ServerConnector@3d904e9c{HTTP/1.1,[http/1.1]}{0.0.0.0:9998}
17:34:15.021 [main] DEBUG o.e.j.server.handler.AbstractHandler - stopping Server@25290bca{STOPPING}[9.4.17.v20190418]
17:34:15.021 [main] DEBUG o.e.j.u.component.AbstractLifeCycle - stopping ErrorHandler@210308d5{STARTED}
17:34:15.022 [main] DEBUG o.e.j.server.handler.AbstractHandler - stopping ErrorHandler@210308d5{STOPPING}
17:34:15.022 [main] DEBUG o.e.j.u.component.AbstractLifeCycle - STOPPED ErrorHandler@210308d5{STOPPED}
17:34:15.022 [main] DEBUG o.e.j.u.component.AbstractLifeCycle - stopping JettyHttpContainer@1e58512c{STARTED}
17:34:15.022 [main] DEBUG o.e.j.server.handler.AbstractHandler - stopping JettyHttpContainer@1e58512c{STOPPING}
17:34:15.025 [main] DEBUG o.e.j.u.component.AbstractLifeCycle - STOPPED JettyHttpContainer@1e58512c{STOPPED}
17:34:15.025 [main] DEBUG o.e.j.u.component.AbstractLifeCycle - stopping JettyConnectorThreadPool[qtp1703040426]@658255aa{STARTED,8<=8<=200,i=7,q=0}[ReservedThreadExecutor@22a736d7{s=1/4,p=0}]
17:34:15.025 [main] DEBUG o.e.j.util.thread.QueuedThreadPool - Stopping JettyConnectorThreadPool[qtp1703040426]@658255aa{STOPPING,8<=8<=200,i=7,q=0}[ReservedThreadExecutor@22a736d7{s=1/4,p=0}]
17:34:15.025 [main] DEBUG o.e.j.u.component.AbstractLifeCycle - stopping ReservedThreadExecutor@22a736d7{s=1/4,p=0}
17:34:15.025 [main] DEBUG o.e.j.u.t.ReservedThreadExecutor - ReservedThreadExecutor@22a736d7{s=0/4,p=0}@5ff3f31e offer STOP!
17:34:15.025 [main] DEBUG o.e.j.u.component.AbstractLifeCycle - STOPPED ReservedThreadExecutor@22a736d7{s=0/4,p=0}
17:34:15.025 [qtp1703040426-80] DEBUG o.e.j.u.t.ReservedThreadExecutor - ReservedThreadExecutor@22a736d7{s=0/4,p=0}@5ff3f31e task=STOP!
17:34:15.025 [main] DEBUG o.e.j.util.thread.QueuedThreadPool - Waiting for Thread[qtp1703040426-80,5,main] for 14999
17:34:15.025 [qtp1703040426-80] DEBUG o.e.j.u.t.ReservedThreadExecutor - ReservedThreadExecutor@22a736d7{s=0/4,p=0}@5ff3f31e Exited
17:34:15.025 [qtp1703040426-83] DEBUG o.e.j.util.thread.QueuedThreadPool - run org.eclipse.jetty.util.thread.QueuedThreadPool$$Lambda$264/1914615775@5e9a99b4
17:34:15.025 [qtp1703040426-80] DEBUG o.e.j.util.thread.QueuedThreadPool - ran ReservedThreadExecutor@22a736d7{s=0/4,p=0}@5ff3f31e
17:34:15.025 [qtp1703040426-81] DEBUG o.e.j.util.thread.QueuedThreadPool - run org.eclipse.jetty.util.thread.QueuedThreadPool$$Lambda$264/1914615775@5e9a99b4
17:34:15.025 [qtp1703040426-79] DEBUG o.e.j.util.thread.QueuedThreadPool - run org.eclipse.jetty.util.thread.QueuedThreadPool$$Lambda$264/1914615775@5e9a99b4
17:34:15.025 [qtp1703040426-78] DEBUG o.e.j.util.thread.QueuedThreadPool - run org.eclipse.jetty.util.thread.QueuedThreadPool$$Lambda$264/1914615775@5e9a99b4
17:34:15.025 [qtp1703040426-82] DEBUG o.e.j.util.thread.QueuedThreadPool - run org.eclipse.jetty.util.thread.QueuedThreadPool$$Lambda$264/1914615775@5e9a99b4
17:34:15.025 [qtp1703040426-77] DEBUG o.e.j.util.thread.QueuedThreadPool - run org.eclipse.jetty.util.thread.QueuedThreadPool$$Lambda$264/1914615775@5e9a99b4
17:34:15.025 [qtp1703040426-83] DEBUG o.e.j.util.thread.QueuedThreadPool - ran org.eclipse.jetty.util.thread.QueuedThreadPool$$Lambda$264/1914615775@5e9a99b4
17:34:15.025 [qtp1703040426-76] DEBUG o.e.j.util.thread.QueuedThreadPool - run org.eclipse.jetty.util.thread.QueuedThreadPool$$Lambda$264/1914615775@5e9a99b4
17:34:15.025 [qtp1703040426-76] DEBUG o.e.j.util.thread.QueuedThreadPool - ran org.eclipse.jetty.util.thread.QueuedThreadPool$$Lambda$264/1914615775@5e9a99b4
17:34:15.025 [qtp1703040426-81] DEBUG o.e.j.util.thread.QueuedThreadPool - ran org.eclipse.jetty.util.thread.QueuedThreadPool$$Lambda$264/1914615775@5e9a99b4
17:34:15.025 [qtp1703040426-79] DEBUG o.e.j.util.thread.QueuedThreadPool - ran org.eclipse.jetty.util.thread.QueuedThreadPool$$Lambda$264/1914615775@5e9a99b4
17:34:15.025 [qtp1703040426-78] DEBUG o.e.j.util.thread.QueuedThreadPool - ran org.eclipse.jetty.util.thread.QueuedThreadPool$$Lambda$264/1914615775@5e9a99b4
17:34:15.025 [qtp1703040426-82] DEBUG o.e.j.util.thread.QueuedThreadPool - ran org.eclipse.jetty.util.thread.QueuedThreadPool$$Lambda$264/1914615775@5e9a99b4
17:34:15.025 [qtp1703040426-77] DEBUG o.e.j.util.thread.QueuedThreadPool - ran org.eclipse.jetty.util.thread.QueuedThreadPool$$Lambda$264/1914615775@5e9a99b4
17:34:15.026 [main] DEBUG o.e.j.util.thread.QueuedThreadPool - Waiting for Thread[qtp1703040426-78,5,] for 14999
17:34:15.034 [main] DEBUG o.e.j.u.component.AbstractLifeCycle - STOPPED JettyConnectorThreadPool[qtp1703040426]@658255aa{STOPPED,8<=0<=200,i=0,q=0}[org.eclipse.jetty.util.thread.TryExecutor$$Lambda$157/1967617997@759fad4]
17:34:15.034 [main] DEBUG o.e.j.u.component.AbstractLifeCycle - STOPPED Server@25290bca{STOPPED}[9.4.17.v20190418]
]]></system-out>
    <system-err><![CDATA[Sep 27, 2020 5:34:14 PM org.glassfish.jersey.test.jetty.JettyTestContainerFactory$JettyTestContainer <init>
INFO: Creating JettyTestContainer configured at the base URI http://localhost:9998/
]]></system-err>
  </testcase>
</testsuite>