<?xml version="1.0" encoding="UTF-8"?>
<testsuite xmlns:xsi="http://www.w3.org/2001/XMLSchema-instance" xsi:noNamespaceSchemaLocation="https://maven.apache.org/surefire/maven-surefire-plugin/xsd/surefire-test-report-3.0.xsd" version="3.0" name="com.brunogoncalves.phonebook.resource.ContactResourceTest" time="2.574" tests="8" errors="0" skipped="0" failures="0">
  <properties>
    <property name="sun.desktop" value="gnome"/>
    <property name="awt.toolkit" value="sun.awt.X11.XToolkit"/>
    <property name="file.encoding.pkg" value="sun.io"/>
    <property name="java.specification.version" value="1.8"/>
    <property name="sun.cpu.isalist" value=""/>
    <property name="sun.jnu.encoding" value="UTF-8"/>
    <property name="java.class.path" value="/home/bruno.goncalves/projects/simple-web-app/target/test-classes:/home/bruno.goncalves/projects/simple-web-app/target/classes:/home/bruno.goncalves/.m2/repository/org/glassfish/jersey/containers/jersey-container-servlet-core/2.30.1/jersey-container-servlet-core-2.30.1.jar:/home/bruno.goncalves/.m2/repository/org/glassfish/hk2/external/jakarta.inject/2.6.1/jakarta.inject-2.6.1.jar:/home/bruno.goncalves/.m2/repository/org/glassfish/jersey/core/jersey-common/2.30.1/jersey-common-2.30.1.jar:/home/bruno.goncalves/.m2/repository/jakarta/annotation/jakarta.annotation-api/1.3.5/jakarta.annotation-api-1.3.5.jar:/home/bruno.goncalves/.m2/repository/org/glassfish/hk2/osgi-resource-locator/1.0.3/osgi-resource-locator-1.0.3.jar:/home/bruno.goncalves/.m2/repository/org/glassfish/jersey/core/jersey-server/2.30.1/jersey-server-2.30.1.jar:/home/bruno.goncalves/.m2/repository/org/glassfish/jersey/core/jersey-client/2.30.1/jersey-client-2.30.1.jar:/home/bruno.goncalves/.m2/repository/org/glassfish/jersey/media/jersey-media-jaxb/2.30.1/jersey-media-jaxb-2.30.1.jar:/home/bruno.goncalves/.m2/repository/jakarta/ws/rs/jakarta.ws.rs-api/2.1.6/jakarta.ws.rs-api-2.1.6.jar:/home/bruno.goncalves/.m2/repository/org/glassfish/jersey/media/jersey-media-json-jackson/2.30.1/jersey-media-json-jackson-2.30.1.jar:/home/bruno.goncalves/.m2/repository/org/glassfish/jersey/ext/jersey-entity-filtering/2.30.1/jersey-entity-filtering-2.30.1.jar:/home/bruno.goncalves/.m2/repository/com/fasterxml/jackson/core/jackson-annotations/2.10.1/jackson-annotations-2.10.1.jar:/home/bruno.goncalves/.m2/repository/com/fasterxml/jackson/core/jackson-databind/2.10.1/jackson-databind-2.10.1.jar:/home/bruno.goncalves/.m2/repository/com/fasterxml/jackson/core/jackson-core/2.10.1/jackson-core-2.10.1.jar:/home/bruno.goncalves/.m2/repository/com/fasterxml/jackson/module/jackson-module-jaxb-annotations/2.10.1/jackson-module-jaxb-annotations-2.10.1.jar:/home/bruno.goncalves/.m2/repository/jakarta/xml/bind/jakarta.xml.bind-api/2.3.2/jakarta.xml.bind-api-2.3.2.jar:/home/bruno.goncalves/.m2/repository/jakarta/activation/jakarta.activation-api/1.2.1/jakarta.activation-api-1.2.1.jar:/home/bruno.goncalves/.m2/repository/org/glassfish/jersey/inject/jersey-hk2/2.30.1/jersey-hk2-2.30.1.jar:/home/bruno.goncalves/.m2/repository/org/glassfish/hk2/hk2-locator/2.6.1/hk2-locator-2.6.1.jar:/home/bruno.goncalves/.m2/repository/org/glassfish/hk2/external/aopalliance-repackaged/2.6.1/aopalliance-repackaged-2.6.1.jar:/home/bruno.goncalves/.m2/repository/org/glassfish/hk2/hk2-api/2.6.1/hk2-api-2.6.1.jar:/home/bruno.goncalves/.m2/repository/org/glassfish/hk2/hk2-utils/2.6.1/hk2-utils-2.6.1.jar:/home/bruno.goncalves/.m2/repository/org/javassist/javassist/3.25.0-GA/javassist-3.25.0-GA.jar:/home/bruno.goncalves/.m2/repository/org/glassfish/jersey/ext/jersey-bean-validation/2.30.1/jersey-bean-validation-2.30.1.jar:/home/bruno.goncalves/.m2/repository/jakarta/validation/jakarta.validation-api/2.0.2/jakarta.validation-api-2.0.2.jar:/home/bruno.goncalves/.m2/repository/org/hibernate/validator/hibernate-validator/6.0.17.Final/hibernate-validator-6.0.17.Final.jar:/home/bruno.goncalves/.m2/repository/org/jboss/logging/jboss-logging/3.3.2.Final/jboss-logging-3.3.2.Final.jar:/home/bruno.goncalves/.m2/repository/com/fasterxml/classmate/1.3.4/classmate-1.3.4.jar:/home/bruno.goncalves/.m2/repository/jakarta/el/jakarta.el-api/3.0.3/jakarta.el-api-3.0.3.jar:/home/bruno.goncalves/.m2/repository/org/glassfish/jakarta.el/3.0.2/jakarta.el-3.0.2.jar:/home/bruno.goncalves/.m2/repository/org/apache/commons/commons-dbcp2/2.8.0/commons-dbcp2-2.8.0.jar:/home/bruno.goncalves/.m2/repository/org/apache/commons/commons-pool2/2.8.1/commons-pool2-2.8.1.jar:/home/bruno.goncalves/.m2/repository/commons-logging/commons-logging/1.2/commons-logging-1.2.jar:/home/bruno.goncalves/.m2/repository/mysql/mysql-connector-java/8.0.21/mysql-connector-java-8.0.21.jar:/home/bruno.goncalves/.m2/repository/com/google/protobuf/protobuf-java/3.11.4/protobuf-java-3.11.4.jar:/home/bruno.goncalves/.m2/repository/ch/qos/logback/logback-classic/1.2.3/logback-classic-1.2.3.jar:/home/bruno.goncalves/.m2/repository/ch/qos/logback/logback-core/1.2.3/logback-core-1.2.3.jar:/home/bruno.goncalves/.m2/repository/org/slf4j/slf4j-api/1.7.25/slf4j-api-1.7.25.jar:/home/bruno.goncalves/.m2/repository/junit/junit/4.13/junit-4.13.jar:/home/bruno.goncalves/.m2/repository/org/hamcrest/hamcrest-core/1.3/hamcrest-core-1.3.jar:/home/bruno.goncalves/.m2/repository/org/jmockit/jmockit/1.49/jmockit-1.49.jar:/home/bruno.goncalves/.m2/repository/com/google/code/findbugs/jsr305/3.0.2/jsr305-3.0.2.jar:/home/bruno.goncalves/.m2/repository/org/glassfish/jersey/test-framework/jersey-test-framework-core/2.30.1/jersey-test-framework-core-2.30.1.jar:/home/bruno.goncalves/.m2/repository/jakarta/servlet/jakarta.servlet-api/4.0.3/jakarta.servlet-api-4.0.3.jar:/home/bruno.goncalves/.m2/repository/org/glassfish/jersey/test-framework/providers/jersey-test-framework-provider-jetty/2.30.1/jersey-test-framework-provider-jetty-2.30.1.jar:/home/bruno.goncalves/.m2/repository/org/glassfish/jersey/containers/jersey-container-jetty-http/2.30.1/jersey-container-jetty-http-2.30.1.jar:/home/bruno.goncalves/.m2/repository/org/eclipse/jetty/jetty-server/9.4.17.v20190418/jetty-server-9.4.17.v20190418.jar:/home/bruno.goncalves/.m2/repository/javax/servlet/javax.servlet-api/3.1.0/javax.servlet-api-3.1.0.jar:/home/bruno.goncalves/.m2/repository/org/eclipse/jetty/jetty-http/9.4.17.v20190418/jetty-http-9.4.17.v20190418.jar:/home/bruno.goncalves/.m2/repository/org/eclipse/jetty/jetty-io/9.4.17.v20190418/jetty-io-9.4.17.v20190418.jar:/home/bruno.goncalves/.m2/repository/org/eclipse/jetty/jetty-util/9.4.17.v20190418/jetty-util-9.4.17.v20190418.jar:/home/bruno.goncalves/.m2/repository/org/eclipse/jetty/jetty-continuation/9.4.17.v20190418/jetty-continuation-9.4.17.v20190418.jar:"/>
    <property name="java.vm.vendor" value="Private Build"/>
    <property name="sun.arch.data.model" value="64"/>
    <property name="java.vendor.url" value="http://java.oracle.com/"/>
    <property name="user.timezone" value="Europe/Lisbon"/>
    <property name="user.country.format" value="PT"/>
    <property name="java.vm.specification.version" value="1.8"/>
    <property name="os.name" value="Linux"/>
    <property name="user.country" value="US"/>
    <property name="sun.java.launcher" value="SUN_STANDARD"/>
    <property name="sun.boot.library.path" value="/usr/lib/jvm/java-8-openjdk-amd64/jre/lib/amd64"/>
    <property name="sun.java.command" value="/home/bruno.goncalves/projects/simple-web-app/target/surefire/surefirebooter8776558852845981822.jar /home/bruno.goncalves/projects/simple-web-app/target/surefire 2020-09-27T22-22-05_258-jvmRun1 surefire574162417656915681tmp surefire_09082757809132575939tmp"/>
    <property name="surefire.test.class.path" value="/home/bruno.goncalves/projects/simple-web-app/target/test-classes:/home/bruno.goncalves/projects/simple-web-app/target/classes:/home/bruno.goncalves/.m2/repository/org/glassfish/jersey/containers/jersey-container-servlet-core/2.30.1/jersey-container-servlet-core-2.30.1.jar:/home/bruno.goncalves/.m2/repository/org/glassfish/hk2/external/jakarta.inject/2.6.1/jakarta.inject-2.6.1.jar:/home/bruno.goncalves/.m2/repository/org/glassfish/jersey/core/jersey-common/2.30.1/jersey-common-2.30.1.jar:/home/bruno.goncalves/.m2/repository/jakarta/annotation/jakarta.annotation-api/1.3.5/jakarta.annotation-api-1.3.5.jar:/home/bruno.goncalves/.m2/repository/org/glassfish/hk2/osgi-resource-locator/1.0.3/osgi-resource-locator-1.0.3.jar:/home/bruno.goncalves/.m2/repository/org/glassfish/jersey/core/jersey-server/2.30.1/jersey-server-2.30.1.jar:/home/bruno.goncalves/.m2/repository/org/glassfish/jersey/core/jersey-client/2.30.1/jersey-client-2.30.1.jar:/home/bruno.goncalves/.m2/repository/org/glassfish/jersey/media/jersey-media-jaxb/2.30.1/jersey-media-jaxb-2.30.1.jar:/home/bruno.goncalves/.m2/repository/jakarta/ws/rs/jakarta.ws.rs-api/2.1.6/jakarta.ws.rs-api-2.1.6.jar:/home/bruno.goncalves/.m2/repository/org/glassfish/jersey/media/jersey-media-json-jackson/2.30.1/jersey-media-json-jackson-2.30.1.jar:/home/bruno.goncalves/.m2/repository/org/glassfish/jersey/ext/jersey-entity-filtering/2.30.1/jersey-entity-filtering-2.30.1.jar:/home/bruno.goncalves/.m2/repository/com/fasterxml/jackson/core/jackson-annotations/2.10.1/jackson-annotations-2.10.1.jar:/home/bruno.goncalves/.m2/repository/com/fasterxml/jackson/core/jackson-databind/2.10.1/jackson-databind-2.10.1.jar:/home/bruno.goncalves/.m2/repository/com/fasterxml/jackson/core/jackson-core/2.10.1/jackson-core-2.10.1.jar:/home/bruno.goncalves/.m2/repository/com/fasterxml/jackson/module/jackson-module-jaxb-annotations/2.10.1/jackson-module-jaxb-annotations-2.10.1.jar:/home/bruno.goncalves/.m2/repository/jakarta/xml/bind/jakarta.xml.bind-api/2.3.2/jakarta.xml.bind-api-2.3.2.jar:/home/bruno.goncalves/.m2/repository/jakarta/activation/jakarta.activation-api/1.2.1/jakarta.activation-api-1.2.1.jar:/home/bruno.goncalves/.m2/repository/org/glassfish/jersey/inject/jersey-hk2/2.30.1/jersey-hk2-2.30.1.jar:/home/bruno.goncalves/.m2/repository/org/glassfish/hk2/hk2-locator/2.6.1/hk2-locator-2.6.1.jar:/home/bruno.goncalves/.m2/repository/org/glassfish/hk2/external/aopalliance-repackaged/2.6.1/aopalliance-repackaged-2.6.1.jar:/home/bruno.goncalves/.m2/repository/org/glassfish/hk2/hk2-api/2.6.1/hk2-api-2.6.1.jar:/home/bruno.goncalves/.m2/repository/org/glassfish/hk2/hk2-utils/2.6.1/hk2-utils-2.6.1.jar:/home/bruno.goncalves/.m2/repository/org/javassist/javassist/3.25.0-GA/javassist-3.25.0-GA.jar:/home/bruno.goncalves/.m2/repository/org/glassfish/jersey/ext/jersey-bean-validation/2.30.1/jersey-bean-validation-2.30.1.jar:/home/bruno.goncalves/.m2/repository/jakarta/validation/jakarta.validation-api/2.0.2/jakarta.validation-api-2.0.2.jar:/home/bruno.goncalves/.m2/repository/org/hibernate/validator/hibernate-validator/6.0.17.Final/hibernate-validator-6.0.17.Final.jar:/home/bruno.goncalves/.m2/repository/org/jboss/logging/jboss-logging/3.3.2.Final/jboss-logging-3.3.2.Final.jar:/home/bruno.goncalves/.m2/repository/com/fasterxml/classmate/1.3.4/classmate-1.3.4.jar:/home/bruno.goncalves/.m2/repository/jakarta/el/jakarta.el-api/3.0.3/jakarta.el-api-3.0.3.jar:/home/bruno.goncalves/.m2/repository/org/glassfish/jakarta.el/3.0.2/jakarta.el-3.0.2.jar:/home/bruno.goncalves/.m2/repository/org/apache/commons/commons-dbcp2/2.8.0/commons-dbcp2-2.8.0.jar:/home/bruno.goncalves/.m2/repository/org/apache/commons/commons-pool2/2.8.1/commons-pool2-2.8.1.jar:/home/bruno.goncalves/.m2/repository/commons-logging/commons-logging/1.2/commons-logging-1.2.jar:/home/bruno.goncalves/.m2/repository/mysql/mysql-connector-java/8.0.21/mysql-connector-java-8.0.21.jar:/home/bruno.goncalves/.m2/repository/com/google/protobuf/protobuf-java/3.11.4/protobuf-java-3.11.4.jar:/home/bruno.goncalves/.m2/repository/ch/qos/logback/logback-classic/1.2.3/logback-classic-1.2.3.jar:/home/bruno.goncalves/.m2/repository/ch/qos/logback/logback-core/1.2.3/logback-core-1.2.3.jar:/home/bruno.goncalves/.m2/repository/org/slf4j/slf4j-api/1.7.25/slf4j-api-1.7.25.jar:/home/bruno.goncalves/.m2/repository/junit/junit/4.13/junit-4.13.jar:/home/bruno.goncalves/.m2/repository/org/hamcrest/hamcrest-core/1.3/hamcrest-core-1.3.jar:/home/bruno.goncalves/.m2/repository/org/jmockit/jmockit/1.49/jmockit-1.49.jar:/home/bruno.goncalves/.m2/repository/com/google/code/findbugs/jsr305/3.0.2/jsr305-3.0.2.jar:/home/bruno.goncalves/.m2/repository/org/glassfish/jersey/test-framework/jersey-test-framework-core/2.30.1/jersey-test-framework-core-2.30.1.jar:/home/bruno.goncalves/.m2/repository/jakarta/servlet/jakarta.servlet-api/4.0.3/jakarta.servlet-api-4.0.3.jar:/home/bruno.goncalves/.m2/repository/org/glassfish/jersey/test-framework/providers/jersey-test-framework-provider-jetty/2.30.1/jersey-test-framework-provider-jetty-2.30.1.jar:/home/bruno.goncalves/.m2/repository/org/glassfish/jersey/containers/jersey-container-jetty-http/2.30.1/jersey-container-jetty-http-2.30.1.jar:/home/bruno.goncalves/.m2/repository/org/eclipse/jetty/jetty-server/9.4.17.v20190418/jetty-server-9.4.17.v20190418.jar:/home/bruno.goncalves/.m2/repository/javax/servlet/javax.servlet-api/3.1.0/javax.servlet-api-3.1.0.jar:/home/bruno.goncalves/.m2/repository/org/eclipse/jetty/jetty-http/9.4.17.v20190418/jetty-http-9.4.17.v20190418.jar:/home/bruno.goncalves/.m2/repository/org/eclipse/jetty/jetty-io/9.4.17.v20190418/jetty-io-9.4.17.v20190418.jar:/home/bruno.goncalves/.m2/repository/org/eclipse/jetty/jetty-util/9.4.17.v20190418/jetty-util-9.4.17.v20190418.jar:/home/bruno.goncalves/.m2/repository/org/eclipse/jetty/jetty-continuation/9.4.17.v20190418/jetty-continuation-9.4.17.v20190418.jar:"/>
    <property name="sun.cpu.endian" value="little"/>
    <property name="user.home" value="/home/bruno.goncalves"/>
    <property name="user.language" value="en"/>
    <property name="java.specification.vendor" value="Oracle Corporation"/>
    <property name="java.home" value="/usr/lib/jvm/java-8-openjdk-amd64/jre"/>
    <property name="basedir" value="/home/bruno.goncalves/projects/simple-web-app"/>
    <property name="file.separator" value="/"/>
    <property name="line.separator" value="&#10;"/>
    <property name="java.vm.specification.vendor" value="Oracle Corporation"/>
    <property name="java.specification.name" value="Java Platform API Specification"/>
    <property name="java.awt.graphicsenv" value="sun.awt.X11GraphicsEnvironment"/>
    <property name="surefire.real.class.path" value="/home/bruno.goncalves/projects/simple-web-app/target/surefire/surefirebooter8776558852845981822.jar:/home/bruno.goncalves/.m2/repository/org/jmockit/jmockit/1.49/jmockit-1.49.jar"/>
    <property name="sun.boot.class.path" value="/usr/lib/jvm/java-8-openjdk-amd64/jre/lib/resources.jar:/usr/lib/jvm/java-8-openjdk-amd64/jre/lib/rt.jar:/usr/lib/jvm/java-8-openjdk-amd64/jre/lib/sunrsasign.jar:/usr/lib/jvm/java-8-openjdk-amd64/jre/lib/jsse.jar:/usr/lib/jvm/java-8-openjdk-amd64/jre/lib/jce.jar:/usr/lib/jvm/java-8-openjdk-amd64/jre/lib/charsets.jar:/usr/lib/jvm/java-8-openjdk-amd64/jre/lib/jfr.jar:/usr/lib/jvm/java-8-openjdk-amd64/jre/classes"/>
    <property name="sun.management.compiler" value="HotSpot 64-Bit Tiered Compilers"/>
    <property name="java.runtime.version" value="1.8.0_265-8u265-b01-0ubuntu2~18.04-b01"/>
    <property name="user.name" value="bruno.goncalves"/>
    <property name="path.separator" value=":"/>
    <property name="os.version" value="4.15.0-117-generic"/>
    <property name="java.endorsed.dirs" value="/usr/lib/jvm/java-8-openjdk-amd64/jre/lib/endorsed"/>
    <property name="java.runtime.name" value="OpenJDK Runtime Environment"/>
    <property name="file.encoding" value="UTF-8"/>
    <property name="java.vm.name" value="OpenJDK 64-Bit Server VM"/>
    <property name="localRepository" value="/home/bruno.goncalves/.m2/repository"/>
    <property name="java.vendor.url.bug" value="http://bugreport.sun.com/bugreport/"/>
    <property name="java.io.tmpdir" value="/tmp"/>
    <property name="java.version" value="1.8.0_265"/>
    <property name="user.dir" value="/home/bruno.goncalves/projects/simple-web-app"/>
    <property name="os.arch" value="amd64"/>
    <property name="java.vm.specification.name" value="Java Virtual Machine Specification"/>
    <property name="java.awt.printerjob" value="sun.print.PSPrinterJob"/>
    <property name="user.language.format" value="pt"/>
    <property name="sun.os.patch.level" value="unknown"/>
    <property name="java.library.path" value="/usr/java/packages/lib/amd64:/usr/lib/x86_64-linux-gnu/jni:/lib/x86_64-linux-gnu:/usr/lib/x86_64-linux-gnu:/usr/lib/jni:/lib:/usr/lib"/>
    <property name="java.vm.info" value="mixed mode"/>
    <property name="java.vendor" value="Private Build"/>
    <property name="java.vm.version" value="25.265-b01"/>
    <property name="java.ext.dirs" value="/usr/lib/jvm/java-8-openjdk-amd64/jre/lib/ext:/usr/java/packages/lib/ext"/>
    <property name="sun.io.unicode.encoding" value="UnicodeLittle"/>
    <property name="java.class.version" value="52.0"/>
  </properties>
  <testcase name="testUpdateContactWithMissingLastName" classname="com.brunogoncalves.phonebook.resource.ContactResourceTest" time="1.119">
    <system-out><![CDATA[22:22:06.496 [main] DEBUG org.eclipse.jetty.util.log - Logging to Logger[org.eclipse.jetty.util.log] via org.eclipse.jetty.util.log.Slf4jLog
22:22:06.497 [main] INFO  org.eclipse.jetty.util.log - Logging initialized @977ms to org.eclipse.jetty.util.log.Slf4jLog
22:22:06.859 [main] DEBUG o.h.v.i.e.r.TraversableResolvers - Cannot find javax.persistence.Persistence on classpath. Assuming non JPA 2 environment. All properties will per default be traversable.
22:22:06.860 [main] DEBUG o.h.v.i.x.config.ValidationXmlParser - Trying to load META-INF/validation.xml for XML based Validator configuration.
22:22:06.860 [main] DEBUG o.h.v.i.x.c.ResourceLoaderHelper - Trying to load META-INF/validation.xml via TCCL
22:22:06.860 [main] DEBUG o.h.v.i.x.c.ResourceLoaderHelper - Trying to load META-INF/validation.xml via Hibernate Validator's class loader
22:22:06.860 [main] DEBUG o.h.v.i.x.config.ValidationXmlParser - No META-INF/validation.xml found. Using annotation based configuration only.
22:22:06.863 [main] DEBUG o.h.v.m.ResourceBundleMessageInterpolator - Loaded expression factory via original TCCL
22:22:06.863 [main] DEBUG o.h.v.i.engine.ValidatorFactoryImpl - HV000234: Using org.hibernate.validator.messageinterpolation.ResourceBundleMessageInterpolator as ValidatorFactory-scoped message interpolator.
22:22:06.863 [main] DEBUG o.h.v.i.engine.ValidatorFactoryImpl - HV000234: Using org.hibernate.validator.internal.engine.resolver.TraverseAllTraversableResolver as ValidatorFactory-scoped traversable resolver.
22:22:06.863 [main] DEBUG o.h.v.i.engine.ValidatorFactoryImpl - HV000234: Using org.hibernate.validator.internal.util.ExecutableParameterNameProvider as ValidatorFactory-scoped parameter name provider.
22:22:06.863 [main] DEBUG o.h.v.i.engine.ValidatorFactoryImpl - HV000234: Using org.hibernate.validator.internal.engine.DefaultClockProvider as ValidatorFactory-scoped clock provider.
22:22:06.863 [main] DEBUG o.h.v.i.engine.ValidatorFactoryImpl - HV000234: Using org.hibernate.validator.internal.engine.scripting.DefaultScriptEvaluatorFactory as ValidatorFactory-scoped script evaluator factory.
22:22:06.932 [main] DEBUG o.e.j.u.component.ContainerLifeCycle - Server@610db97e{STOPPED}[9.4.17.v20190418] added {JettyConnectorThreadPool[qtp981159997]@3a7b503d{STOPPED,8<=0<=200,i=0,q=0}[org.eclipse.jetty.util.thread.TryExecutor$$Lambda$180/1484275564@1cefc4b3],AUTO}
22:22:06.947 [main] DEBUG o.e.j.u.component.ContainerLifeCycle - HttpConnectionFactory@85ec632[HTTP/1.1] added {HttpConfiguration@1c05a54d{32768/8192,8192/8192,https://:0,[]},POJO}
22:22:06.950 [main] DEBUG o.e.j.u.component.ContainerLifeCycle - ServerConnector@79c4715d{null,[]}{0.0.0.0:0} added {Server@610db97e{STOPPED}[9.4.17.v20190418],UNMANAGED}
22:22:06.951 [main] DEBUG o.e.j.u.component.ContainerLifeCycle - ServerConnector@79c4715d{null,[]}{0.0.0.0:0} added {JettyConnectorThreadPool[qtp981159997]@3a7b503d{STOPPED,8<=0<=200,i=0,q=0}[org.eclipse.jetty.util.thread.TryExecutor$$Lambda$180/1484275564@1cefc4b3],AUTO}
22:22:06.951 [main] DEBUG o.e.j.u.component.ContainerLifeCycle - ServerConnector@79c4715d{null,[]}{0.0.0.0:0} added {ScheduledExecutorScheduler@62577d6{STOPPED},AUTO}
22:22:06.951 [main] DEBUG o.e.j.u.component.ContainerLifeCycle - ServerConnector@79c4715d{null,[]}{0.0.0.0:0} added {org.eclipse.jetty.io.ArrayByteBufferPool@49bd54f7,POJO}
22:22:06.951 [main] DEBUG o.e.j.u.component.ContainerLifeCycle - ServerConnector@79c4715d{null,[http/1.1]}{0.0.0.0:0} added {HttpConnectionFactory@85ec632[HTTP/1.1],AUTO}
22:22:06.952 [main] DEBUG o.e.jetty.server.AbstractConnector - ServerConnector@79c4715d{HTTP/1.1,[http/1.1]}{0.0.0.0:0} added HttpConnectionFactory@85ec632[HTTP/1.1]
22:22:06.956 [main] DEBUG o.e.j.u.component.ContainerLifeCycle - ServerConnector@79c4715d{HTTP/1.1,[http/1.1]}{0.0.0.0:0} added {SelectorManager@ServerConnector@79c4715d{HTTP/1.1,[http/1.1]}{0.0.0.0:0},MANAGED}
22:22:06.957 [main] DEBUG o.e.j.u.component.ContainerLifeCycle - Server@610db97e{STOPPED}[9.4.17.v20190418] added {ServerConnector@79c4715d{HTTP/1.1,[http/1.1]}{0.0.0.0:9998},AUTO}
22:22:06.957 [main] DEBUG o.e.j.u.component.ContainerLifeCycle - Server@610db97e{STOPPED}[9.4.17.v20190418] added {JettyHttpContainer@117632cf{STOPPED},MANAGED}
22:22:06.957 [main] DEBUG o.e.j.u.component.AbstractLifeCycle - starting Server@610db97e{STOPPED}[9.4.17.v20190418]
22:22:06.959 [main] DEBUG o.e.j.u.component.ContainerLifeCycle - Server@610db97e{STARTING}[9.4.17.v20190418] added {ErrorHandler@17ae98d7{STOPPED},AUTO}
22:22:06.961 [main] INFO  org.eclipse.jetty.server.Server - jetty-9.4.17.v20190418; built: 2019-04-18T19:45:35.259Z; git: aa1c656c315c011c01e7b21aabb04066635b9f67; jvm 1.8.0_265-8u265-b01-0ubuntu2~18.04-b01
22:22:06.971 [main] DEBUG o.e.j.server.handler.AbstractHandler - starting Server@610db97e{STARTING}[9.4.17.v20190418]
22:22:06.971 [main] DEBUG o.e.j.u.component.AbstractLifeCycle - starting JettyConnectorThreadPool[qtp981159997]@3a7b503d{STOPPED,8<=0<=200,i=0,q=0}[org.eclipse.jetty.util.thread.TryExecutor$$Lambda$180/1484275564@1cefc4b3]
22:22:06.972 [main] DEBUG o.e.j.u.t.ReservedThreadExecutor - ReservedThreadExecutor@5987e932{s=0/8,p=0}
22:22:06.973 [main] DEBUG o.e.j.u.component.ContainerLifeCycle - JettyConnectorThreadPool[qtp981159997]@3a7b503d{STARTING,8<=0<=200,i=0,q=0}[ReservedThreadExecutor@5987e932{s=0/8,p=0}] added {ReservedThreadExecutor@5987e932{s=0/8,p=0},AUTO}
22:22:06.973 [main] DEBUG o.e.j.u.component.AbstractLifeCycle - starting ReservedThreadExecutor@5987e932{s=0/8,p=0}
22:22:06.975 [main] DEBUG o.e.j.u.component.AbstractLifeCycle - STARTED @1454ms ReservedThreadExecutor@5987e932{s=0/8,p=0}
22:22:06.975 [main] DEBUG o.e.j.util.thread.QueuedThreadPool - Starting Thread[qtp981159997-13,5,main]
22:22:06.975 [main] DEBUG o.e.j.util.thread.QueuedThreadPool - Starting Thread[qtp981159997-14,5,main]
22:22:06.975 [main] DEBUG o.e.j.util.thread.QueuedThreadPool - Starting Thread[qtp981159997-15,5,main]
22:22:06.975 [main] DEBUG o.e.j.util.thread.QueuedThreadPool - Starting Thread[qtp981159997-16,5,main]
22:22:06.976 [main] DEBUG o.e.j.util.thread.QueuedThreadPool - Starting Thread[qtp981159997-17,5,main]
22:22:06.976 [main] DEBUG o.e.j.util.thread.QueuedThreadPool - Starting Thread[qtp981159997-18,5,main]
22:22:06.976 [main] DEBUG o.e.j.util.thread.QueuedThreadPool - Starting Thread[qtp981159997-19,5,main]
22:22:06.976 [main] DEBUG o.e.j.util.thread.QueuedThreadPool - Starting Thread[qtp981159997-20,5,main]
22:22:06.976 [main] DEBUG o.e.j.u.component.AbstractLifeCycle - STARTED @1456ms JettyConnectorThreadPool[qtp981159997]@3a7b503d{STARTED,8<=8<=200,i=7,q=0}[ReservedThreadExecutor@5987e932{s=0/8,p=0}]
22:22:06.976 [main] DEBUG o.e.j.u.component.AbstractLifeCycle - starting JettyHttpContainer@117632cf{STOPPED}
22:22:06.976 [main] DEBUG o.e.j.server.handler.AbstractHandler - starting JettyHttpContainer@117632cf{STARTING}
22:22:06.977 [main] DEBUG o.e.j.u.component.AbstractLifeCycle - STARTED @1456ms JettyHttpContainer@117632cf{STARTED}
22:22:06.977 [main] DEBUG o.e.j.u.component.AbstractLifeCycle - starting ErrorHandler@17ae98d7{STOPPED}
22:22:06.977 [main] DEBUG o.e.j.server.handler.AbstractHandler - starting ErrorHandler@17ae98d7{STARTING}
22:22:06.977 [main] DEBUG o.e.j.u.component.AbstractLifeCycle - STARTED @1456ms ErrorHandler@17ae98d7{STARTED}
22:22:06.977 [main] DEBUG o.e.j.u.component.AbstractLifeCycle - starting ServerConnector@79c4715d{HTTP/1.1,[http/1.1]}{0.0.0.0:9998}
22:22:06.982 [main] DEBUG o.e.j.u.component.ContainerLifeCycle - ServerConnector@79c4715d{HTTP/1.1,[http/1.1]}{0.0.0.0:9998} added {sun.nio.ch.ServerSocketChannelImpl[/0:0:0:0:0:0:0:0:9998],POJO}
22:22:06.982 [main] DEBUG o.e.j.u.component.AbstractLifeCycle - starting ScheduledExecutorScheduler@62577d6{STOPPED}
22:22:06.983 [main] DEBUG o.e.j.u.component.AbstractLifeCycle - STARTED @1462ms ScheduledExecutorScheduler@62577d6{STARTED}
22:22:06.983 [main] DEBUG o.e.j.u.component.AbstractLifeCycle - starting HttpConnectionFactory@85ec632[HTTP/1.1]
22:22:06.983 [main] DEBUG o.e.j.u.component.AbstractLifeCycle - STARTED @1462ms HttpConnectionFactory@85ec632[HTTP/1.1]
22:22:06.983 [main] DEBUG o.e.j.u.component.AbstractLifeCycle - starting SelectorManager@ServerConnector@79c4715d{HTTP/1.1,[http/1.1]}{0.0.0.0:9998}
22:22:06.993 [main] DEBUG o.e.j.u.component.ContainerLifeCycle - EatWhatYouKill@15051a0/SelectorProducer@3773862a/IDLE/p=false/JettyConnectorThreadPool[qtp981159997]@3a7b503d{STARTED,8<=8<=200,i=8,q=0}[ReservedThreadExecutor@5987e932{s=0/8,p=0}][pc=0,pic=0,pec=0,epc=0]@2020-09-27T22:22:06.99+01:00 added {SelectorProducer@3773862a,POJO}
22:22:06.993 [main] DEBUG o.e.j.u.component.ContainerLifeCycle - EatWhatYouKill@15051a0/SelectorProducer@3773862a/IDLE/p=false/JettyConnectorThreadPool[qtp981159997]@3a7b503d{STARTED,8<=8<=200,i=8,q=0}[ReservedThreadExecutor@5987e932{s=0/8,p=0}][pc=0,pic=0,pec=0,epc=0]@2020-09-27T22:22:06.993+01:00 added {JettyConnectorThreadPool[qtp981159997]@3a7b503d{STARTED,8<=8<=200,i=8,q=0}[ReservedThreadExecutor@5987e932{s=0/8,p=0}],UNMANAGED}
22:22:06.993 [main] DEBUG o.e.j.u.t.strategy.EatWhatYouKill - EatWhatYouKill@15051a0/SelectorProducer@3773862a/IDLE/p=false/JettyConnectorThreadPool[qtp981159997]@3a7b503d{STARTED,8<=8<=200,i=8,q=0}[ReservedThreadExecutor@5987e932{s=0/8,p=0}][pc=0,pic=0,pec=0,epc=0]@2020-09-27T22:22:06.993+01:00 created
22:22:06.994 [main] DEBUG o.e.j.u.component.ContainerLifeCycle - ManagedSelector@5fa47fea{STOPPED} id=0 keys=-1 selected=-1 updates=0 added {EatWhatYouKill@15051a0/SelectorProducer@3773862a/IDLE/p=false/JettyConnectorThreadPool[qtp981159997]@3a7b503d{STARTED,8<=8<=200,i=8,q=0}[ReservedThreadExecutor@5987e932{s=0/8,p=0}][pc=0,pic=0,pec=0,epc=0]@2020-09-27T22:22:06.994+01:00,MANAGED}
22:22:06.994 [main] DEBUG o.e.j.u.component.ContainerLifeCycle - SelectorManager@ServerConnector@79c4715d{HTTP/1.1,[http/1.1]}{0.0.0.0:9998} added {ManagedSelector@5fa47fea{STOPPED} id=0 keys=-1 selected=-1 updates=0,AUTO}
22:22:06.994 [main] DEBUG o.e.j.u.component.ContainerLifeCycle - EatWhatYouKill@2392212b/SelectorProducer@5b43e173/IDLE/p=false/JettyConnectorThreadPool[qtp981159997]@3a7b503d{STARTED,8<=8<=200,i=8,q=0}[ReservedThreadExecutor@5987e932{s=0/8,p=0}][pc=0,pic=0,pec=0,epc=0]@2020-09-27T22:22:06.994+01:00 added {SelectorProducer@5b43e173,POJO}
22:22:06.995 [main] DEBUG o.e.j.u.component.ContainerLifeCycle - EatWhatYouKill@2392212b/SelectorProducer@5b43e173/IDLE/p=false/JettyConnectorThreadPool[qtp981159997]@3a7b503d{STARTED,8<=8<=200,i=8,q=0}[ReservedThreadExecutor@5987e932{s=0/8,p=0}][pc=0,pic=0,pec=0,epc=0]@2020-09-27T22:22:06.995+01:00 added {JettyConnectorThreadPool[qtp981159997]@3a7b503d{STARTED,8<=8<=200,i=8,q=0}[ReservedThreadExecutor@5987e932{s=0/8,p=0}],UNMANAGED}
22:22:06.995 [main] DEBUG o.e.j.u.t.strategy.EatWhatYouKill - EatWhatYouKill@2392212b/SelectorProducer@5b43e173/IDLE/p=false/JettyConnectorThreadPool[qtp981159997]@3a7b503d{STARTED,8<=8<=200,i=8,q=0}[ReservedThreadExecutor@5987e932{s=0/8,p=0}][pc=0,pic=0,pec=0,epc=0]@2020-09-27T22:22:06.995+01:00 created
22:22:06.995 [main] DEBUG o.e.j.u.component.ContainerLifeCycle - ManagedSelector@28f8e165{STOPPED} id=1 keys=-1 selected=-1 updates=0 added {EatWhatYouKill@2392212b/SelectorProducer@5b43e173/IDLE/p=false/JettyConnectorThreadPool[qtp981159997]@3a7b503d{STARTED,8<=8<=200,i=8,q=0}[ReservedThreadExecutor@5987e932{s=0/8,p=0}][pc=0,pic=0,pec=0,epc=0]@2020-09-27T22:22:06.995+01:00,MANAGED}
22:22:06.995 [main] DEBUG o.e.j.u.component.ContainerLifeCycle - SelectorManager@ServerConnector@79c4715d{HTTP/1.1,[http/1.1]}{0.0.0.0:9998} added {ManagedSelector@28f8e165{STOPPED} id=1 keys=-1 selected=-1 updates=0,AUTO}
22:22:06.996 [main] DEBUG o.e.j.u.component.ContainerLifeCycle - EatWhatYouKill@545f80bf/SelectorProducer@66f66866/IDLE/p=false/JettyConnectorThreadPool[qtp981159997]@3a7b503d{STARTED,8<=8<=200,i=8,q=0}[ReservedThreadExecutor@5987e932{s=0/8,p=0}][pc=0,pic=0,pec=0,epc=0]@2020-09-27T22:22:06.995+01:00 added {SelectorProducer@66f66866,POJO}
22:22:06.996 [main] DEBUG o.e.j.u.component.ContainerLifeCycle - EatWhatYouKill@545f80bf/SelectorProducer@66f66866/IDLE/p=false/JettyConnectorThreadPool[qtp981159997]@3a7b503d{STARTED,8<=8<=200,i=8,q=0}[ReservedThreadExecutor@5987e932{s=0/8,p=0}][pc=0,pic=0,pec=0,epc=0]@2020-09-27T22:22:06.996+01:00 added {JettyConnectorThreadPool[qtp981159997]@3a7b503d{STARTED,8<=8<=200,i=8,q=0}[ReservedThreadExecutor@5987e932{s=0/8,p=0}],UNMANAGED}
22:22:06.996 [main] DEBUG o.e.j.u.t.strategy.EatWhatYouKill - EatWhatYouKill@545f80bf/SelectorProducer@66f66866/IDLE/p=false/JettyConnectorThreadPool[qtp981159997]@3a7b503d{STARTED,8<=8<=200,i=8,q=0}[ReservedThreadExecutor@5987e932{s=0/8,p=0}][pc=0,pic=0,pec=0,epc=0]@2020-09-27T22:22:06.996+01:00 created
22:22:06.996 [main] DEBUG o.e.j.u.component.ContainerLifeCycle - ManagedSelector@22fa55b2{STOPPED} id=2 keys=-1 selected=-1 updates=0 added {EatWhatYouKill@545f80bf/SelectorProducer@66f66866/IDLE/p=false/JettyConnectorThreadPool[qtp981159997]@3a7b503d{STARTED,8<=8<=200,i=8,q=0}[ReservedThreadExecutor@5987e932{s=0/8,p=0}][pc=0,pic=0,pec=0,epc=0]@2020-09-27T22:22:06.996+01:00,MANAGED}
22:22:06.997 [main] DEBUG o.e.j.u.component.ContainerLifeCycle - SelectorManager@ServerConnector@79c4715d{HTTP/1.1,[http/1.1]}{0.0.0.0:9998} added {ManagedSelector@22fa55b2{STOPPED} id=2 keys=-1 selected=-1 updates=0,AUTO}
22:22:06.997 [main] DEBUG o.e.j.u.component.ContainerLifeCycle - EatWhatYouKill@4d666b41/SelectorProducer@6594402a/IDLE/p=false/JettyConnectorThreadPool[qtp981159997]@3a7b503d{STARTED,8<=8<=200,i=8,q=0}[ReservedThreadExecutor@5987e932{s=0/8,p=0}][pc=0,pic=0,pec=0,epc=0]@2020-09-27T22:22:06.997+01:00 added {SelectorProducer@6594402a,POJO}
22:22:06.997 [main] DEBUG o.e.j.u.component.ContainerLifeCycle - EatWhatYouKill@4d666b41/SelectorProducer@6594402a/IDLE/p=false/JettyConnectorThreadPool[qtp981159997]@3a7b503d{STARTED,8<=8<=200,i=8,q=0}[ReservedThreadExecutor@5987e932{s=0/8,p=0}][pc=0,pic=0,pec=0,epc=0]@2020-09-27T22:22:06.997+01:00 added {JettyConnectorThreadPool[qtp981159997]@3a7b503d{STARTED,8<=8<=200,i=8,q=0}[ReservedThreadExecutor@5987e932{s=0/8,p=0}],UNMANAGED}
22:22:06.998 [main] DEBUG o.e.j.u.t.strategy.EatWhatYouKill - EatWhatYouKill@4d666b41/SelectorProducer@6594402a/IDLE/p=false/JettyConnectorThreadPool[qtp981159997]@3a7b503d{STARTED,8<=8<=200,i=8,q=0}[ReservedThreadExecutor@5987e932{s=0/8,p=0}][pc=0,pic=0,pec=0,epc=0]@2020-09-27T22:22:06.997+01:00 created
22:22:06.998 [main] DEBUG o.e.j.u.component.ContainerLifeCycle - ManagedSelector@30f4b1a6{STOPPED} id=3 keys=-1 selected=-1 updates=0 added {EatWhatYouKill@4d666b41/SelectorProducer@6594402a/IDLE/p=false/JettyConnectorThreadPool[qtp981159997]@3a7b503d{STARTED,8<=8<=200,i=8,q=0}[ReservedThreadExecutor@5987e932{s=0/8,p=0}][pc=0,pic=0,pec=0,epc=0]@2020-09-27T22:22:06.998+01:00,MANAGED}
22:22:06.998 [main] DEBUG o.e.j.u.component.ContainerLifeCycle - SelectorManager@ServerConnector@79c4715d{HTTP/1.1,[http/1.1]}{0.0.0.0:9998} added {ManagedSelector@30f4b1a6{STOPPED} id=3 keys=-1 selected=-1 updates=0,AUTO}
22:22:06.998 [main] DEBUG o.e.j.u.component.AbstractLifeCycle - starting ManagedSelector@5fa47fea{STOPPED} id=0 keys=-1 selected=-1 updates=0
22:22:06.998 [main] DEBUG o.e.j.u.component.AbstractLifeCycle - starting EatWhatYouKill@15051a0/SelectorProducer@3773862a/IDLE/p=false/JettyConnectorThreadPool[qtp981159997]@3a7b503d{STARTED,8<=8<=200,i=8,q=0}[ReservedThreadExecutor@5987e932{s=0/8,p=0}][pc=0,pic=0,pec=0,epc=0]@2020-09-27T22:22:06.998+01:00
22:22:06.999 [main] DEBUG o.e.j.u.component.AbstractLifeCycle - STARTED @1478ms EatWhatYouKill@15051a0/SelectorProducer@3773862a/IDLE/p=false/JettyConnectorThreadPool[qtp981159997]@3a7b503d{STARTED,8<=8<=200,i=8,q=0}[ReservedThreadExecutor@5987e932{s=0/8,p=0}][pc=0,pic=0,pec=0,epc=0]@2020-09-27T22:22:06.999+01:00
22:22:07.001 [main] DEBUG o.e.j.util.thread.QueuedThreadPool - queue org.eclipse.jetty.io.ManagedSelector$$Lambda$198/1041326823@79c3f01f
22:22:07.001 [qtp981159997-13] DEBUG o.e.j.util.thread.QueuedThreadPool - run org.eclipse.jetty.io.ManagedSelector$$Lambda$198/1041326823@79c3f01f
22:22:07.001 [main] DEBUG org.eclipse.jetty.io.ManagedSelector - Queued change org.eclipse.jetty.io.ManagedSelector$Start@6c2f1700 on ManagedSelector@5fa47fea{STARTING} id=0 keys=0 selected=0 updates=0
22:22:07.002 [qtp981159997-13] DEBUG o.e.j.u.t.strategy.EatWhatYouKill - EatWhatYouKill@15051a0/SelectorProducer@3773862a/IDLE/p=false/JettyConnectorThreadPool[qtp981159997]@3a7b503d{STARTED,8<=8<=200,i=7,q=0}[ReservedThreadExecutor@5987e932{s=0/8,p=0}][pc=0,pic=0,pec=0,epc=0]@2020-09-27T22:22:07.001+01:00 tryProduce false
22:22:07.003 [qtp981159997-13] DEBUG org.eclipse.jetty.io.ManagedSelector - updateable 1
22:22:07.003 [qtp981159997-13] DEBUG org.eclipse.jetty.io.ManagedSelector - update org.eclipse.jetty.io.ManagedSelector$Start@6c2f1700
22:22:07.003 [qtp981159997-13] DEBUG org.eclipse.jetty.io.ManagedSelector - updates 0
22:22:07.003 [qtp981159997-13] DEBUG org.eclipse.jetty.io.ManagedSelector - Selector sun.nio.ch.EPollSelectorImpl@1d79fd25 waiting with 0 keys
22:22:07.003 [main] DEBUG o.e.j.u.component.AbstractLifeCycle - STARTED @1483ms ManagedSelector@5fa47fea{STARTED} id=0 keys=0 selected=0 updates=0
22:22:07.004 [main] DEBUG o.e.j.u.component.AbstractLifeCycle - starting ManagedSelector@28f8e165{STOPPED} id=1 keys=-1 selected=-1 updates=0
22:22:07.004 [main] DEBUG o.e.j.u.component.AbstractLifeCycle - starting EatWhatYouKill@2392212b/SelectorProducer@5b43e173/IDLE/p=false/JettyConnectorThreadPool[qtp981159997]@3a7b503d{STARTED,8<=8<=200,i=7,q=0}[ReservedThreadExecutor@5987e932{s=0/8,p=0}][pc=0,pic=0,pec=0,epc=0]@2020-09-27T22:22:07.004+01:00
22:22:07.004 [main] DEBUG o.e.j.u.component.AbstractLifeCycle - STARTED @1483ms EatWhatYouKill@2392212b/SelectorProducer@5b43e173/IDLE/p=false/JettyConnectorThreadPool[qtp981159997]@3a7b503d{STARTED,8<=8<=200,i=7,q=0}[ReservedThreadExecutor@5987e932{s=0/8,p=0}][pc=0,pic=0,pec=0,epc=0]@2020-09-27T22:22:07.004+01:00
22:22:07.004 [main] DEBUG o.e.j.util.thread.QueuedThreadPool - queue org.eclipse.jetty.io.ManagedSelector$$Lambda$198/1041326823@350b3a17
22:22:07.004 [qtp981159997-14] DEBUG o.e.j.util.thread.QueuedThreadPool - run org.eclipse.jetty.io.ManagedSelector$$Lambda$198/1041326823@350b3a17
22:22:07.004 [main] DEBUG org.eclipse.jetty.io.ManagedSelector - Queued change org.eclipse.jetty.io.ManagedSelector$Start@38600b on ManagedSelector@28f8e165{STARTING} id=1 keys=0 selected=0 updates=0
22:22:07.004 [qtp981159997-14] DEBUG o.e.j.u.t.strategy.EatWhatYouKill - EatWhatYouKill@2392212b/SelectorProducer@5b43e173/IDLE/p=false/JettyConnectorThreadPool[qtp981159997]@3a7b503d{STARTED,8<=8<=200,i=6,q=0}[ReservedThreadExecutor@5987e932{s=0/8,p=0}][pc=0,pic=0,pec=0,epc=0]@2020-09-27T22:22:07.004+01:00 tryProduce false
22:22:07.004 [qtp981159997-14] DEBUG org.eclipse.jetty.io.ManagedSelector - updateable 1
22:22:07.005 [qtp981159997-14] DEBUG org.eclipse.jetty.io.ManagedSelector - update org.eclipse.jetty.io.ManagedSelector$Start@38600b
22:22:07.005 [qtp981159997-14] DEBUG org.eclipse.jetty.io.ManagedSelector - updates 0
22:22:07.005 [qtp981159997-14] DEBUG org.eclipse.jetty.io.ManagedSelector - Selector sun.nio.ch.EPollSelectorImpl@1552075b waiting with 0 keys
22:22:07.005 [main] DEBUG o.e.j.u.component.AbstractLifeCycle - STARTED @1484ms ManagedSelector@28f8e165{STARTED} id=1 keys=0 selected=0 updates=0
22:22:07.005 [main] DEBUG o.e.j.u.component.AbstractLifeCycle - starting ManagedSelector@22fa55b2{STOPPED} id=2 keys=-1 selected=-1 updates=0
22:22:07.005 [main] DEBUG o.e.j.u.component.AbstractLifeCycle - starting EatWhatYouKill@545f80bf/SelectorProducer@66f66866/IDLE/p=false/JettyConnectorThreadPool[qtp981159997]@3a7b503d{STARTED,8<=8<=200,i=6,q=0}[ReservedThreadExecutor@5987e932{s=0/8,p=0}][pc=0,pic=0,pec=0,epc=0]@2020-09-27T22:22:07.005+01:00
22:22:07.005 [main] DEBUG o.e.j.u.component.AbstractLifeCycle - STARTED @1484ms EatWhatYouKill@545f80bf/SelectorProducer@66f66866/IDLE/p=false/JettyConnectorThreadPool[qtp981159997]@3a7b503d{STARTED,8<=8<=200,i=6,q=0}[ReservedThreadExecutor@5987e932{s=0/8,p=0}][pc=0,pic=0,pec=0,epc=0]@2020-09-27T22:22:07.005+01:00
22:22:07.005 [main] DEBUG o.e.j.util.thread.QueuedThreadPool - queue org.eclipse.jetty.io.ManagedSelector$$Lambda$198/1041326823@669d2b1b
22:22:07.005 [qtp981159997-15] DEBUG o.e.j.util.thread.QueuedThreadPool - run org.eclipse.jetty.io.ManagedSelector$$Lambda$198/1041326823@669d2b1b
22:22:07.005 [main] DEBUG org.eclipse.jetty.io.ManagedSelector - Queued change org.eclipse.jetty.io.ManagedSelector$Start@721eb7df on ManagedSelector@22fa55b2{STARTING} id=2 keys=0 selected=0 updates=0
22:22:07.006 [qtp981159997-15] DEBUG o.e.j.u.t.strategy.EatWhatYouKill - EatWhatYouKill@545f80bf/SelectorProducer@66f66866/IDLE/p=false/JettyConnectorThreadPool[qtp981159997]@3a7b503d{STARTED,8<=8<=200,i=5,q=0}[ReservedThreadExecutor@5987e932{s=0/8,p=0}][pc=0,pic=0,pec=0,epc=0]@2020-09-27T22:22:07.006+01:00 tryProduce false
22:22:07.006 [qtp981159997-15] DEBUG org.eclipse.jetty.io.ManagedSelector - updateable 1
22:22:07.006 [qtp981159997-15] DEBUG org.eclipse.jetty.io.ManagedSelector - update org.eclipse.jetty.io.ManagedSelector$Start@721eb7df
22:22:07.006 [qtp981159997-15] DEBUG org.eclipse.jetty.io.ManagedSelector - updates 0
22:22:07.006 [qtp981159997-15] DEBUG org.eclipse.jetty.io.ManagedSelector - Selector sun.nio.ch.EPollSelectorImpl@766d5996 waiting with 0 keys
22:22:07.006 [main] DEBUG o.e.j.u.component.AbstractLifeCycle - STARTED @1485ms ManagedSelector@22fa55b2{STARTED} id=2 keys=0 selected=0 updates=0
22:22:07.006 [main] DEBUG o.e.j.u.component.AbstractLifeCycle - starting ManagedSelector@30f4b1a6{STOPPED} id=3 keys=-1 selected=-1 updates=0
22:22:07.006 [main] DEBUG o.e.j.u.component.AbstractLifeCycle - starting EatWhatYouKill@4d666b41/SelectorProducer@6594402a/IDLE/p=false/JettyConnectorThreadPool[qtp981159997]@3a7b503d{STARTED,8<=8<=200,i=5,q=0}[ReservedThreadExecutor@5987e932{s=0/8,p=0}][pc=0,pic=0,pec=0,epc=0]@2020-09-27T22:22:07.006+01:00
22:22:07.007 [main] DEBUG o.e.j.u.component.AbstractLifeCycle - STARTED @1486ms EatWhatYouKill@4d666b41/SelectorProducer@6594402a/IDLE/p=false/JettyConnectorThreadPool[qtp981159997]@3a7b503d{STARTED,8<=8<=200,i=5,q=0}[ReservedThreadExecutor@5987e932{s=0/8,p=0}][pc=0,pic=0,pec=0,epc=0]@2020-09-27T22:22:07.007+01:00
22:22:07.007 [main] DEBUG o.e.j.util.thread.QueuedThreadPool - queue org.eclipse.jetty.io.ManagedSelector$$Lambda$198/1041326823@1ea9f009
22:22:07.007 [qtp981159997-16] DEBUG o.e.j.util.thread.QueuedThreadPool - run org.eclipse.jetty.io.ManagedSelector$$Lambda$198/1041326823@1ea9f009
22:22:07.007 [main] DEBUG org.eclipse.jetty.io.ManagedSelector - Queued change org.eclipse.jetty.io.ManagedSelector$Start@5d52e3ef on ManagedSelector@30f4b1a6{STARTING} id=3 keys=0 selected=0 updates=0
22:22:07.007 [qtp981159997-16] DEBUG o.e.j.u.t.strategy.EatWhatYouKill - EatWhatYouKill@4d666b41/SelectorProducer@6594402a/IDLE/p=false/JettyConnectorThreadPool[qtp981159997]@3a7b503d{STARTED,8<=8<=200,i=4,q=0}[ReservedThreadExecutor@5987e932{s=0/8,p=0}][pc=0,pic=0,pec=0,epc=0]@2020-09-27T22:22:07.007+01:00 tryProduce false
22:22:07.007 [qtp981159997-16] DEBUG org.eclipse.jetty.io.ManagedSelector - updateable 1
22:22:07.007 [qtp981159997-16] DEBUG org.eclipse.jetty.io.ManagedSelector - update org.eclipse.jetty.io.ManagedSelector$Start@5d52e3ef
22:22:07.007 [qtp981159997-16] DEBUG org.eclipse.jetty.io.ManagedSelector - updates 0
22:22:07.007 [qtp981159997-16] DEBUG org.eclipse.jetty.io.ManagedSelector - Selector sun.nio.ch.EPollSelectorImpl@37fd19c6 waiting with 0 keys
22:22:07.007 [main] DEBUG o.e.j.u.component.AbstractLifeCycle - STARTED @1486ms ManagedSelector@30f4b1a6{STARTED} id=3 keys=0 selected=0 updates=0
22:22:07.007 [main] DEBUG o.e.j.u.component.AbstractLifeCycle - STARTED @1487ms SelectorManager@ServerConnector@79c4715d{HTTP/1.1,[http/1.1]}{0.0.0.0:9998}
22:22:07.008 [main] DEBUG o.e.j.u.component.ContainerLifeCycle - ServerConnector@79c4715d{HTTP/1.1,[http/1.1]}{0.0.0.0:9998} added {acceptor-0@4e406694,POJO}
22:22:07.008 [main] DEBUG o.e.j.util.thread.QueuedThreadPool - queue acceptor-0@4e406694
22:22:07.008 [main] INFO  o.e.jetty.server.AbstractConnector - Started ServerConnector@79c4715d{HTTP/1.1,[http/1.1]}{0.0.0.0:9998}
22:22:07.008 [qtp981159997-17] DEBUG o.e.j.util.thread.QueuedThreadPool - run acceptor-0@4e406694
22:22:07.008 [main] DEBUG o.e.j.u.component.AbstractLifeCycle - STARTED @1488ms ServerConnector@79c4715d{HTTP/1.1,[http/1.1]}{0.0.0.0:9998}
22:22:07.008 [main] INFO  org.eclipse.jetty.server.Server - Started @1488ms
22:22:07.008 [main] DEBUG o.e.j.u.component.AbstractLifeCycle - STARTED @1488ms Server@610db97e{STARTED}[9.4.17.v20190418]
22:22:07.085 [qtp981159997-17-acceptor-0@4e406694-ServerConnector@79c4715d{HTTP/1.1,[http/1.1]}{0.0.0.0:9998}] DEBUG org.eclipse.jetty.io.ManagedSelector - Queued change org.eclipse.jetty.io.ManagedSelector$Accept@3648eb80 on ManagedSelector@28f8e165{STARTED} id=1 keys=0 selected=0 updates=0
22:22:07.085 [qtp981159997-17-acceptor-0@4e406694-ServerConnector@79c4715d{HTTP/1.1,[http/1.1]}{0.0.0.0:9998}] DEBUG org.eclipse.jetty.io.ManagedSelector - Wakeup on submit ManagedSelector@28f8e165{STARTED} id=1 keys=0 selected=0 updates=1
22:22:07.085 [qtp981159997-14] DEBUG org.eclipse.jetty.io.ManagedSelector - Selector sun.nio.ch.EPollSelectorImpl@1552075b woken with none selected
22:22:07.085 [qtp981159997-14] DEBUG org.eclipse.jetty.io.ManagedSelector - Selector sun.nio.ch.EPollSelectorImpl@1552075b woken up from select, 0/0/0 selected
22:22:07.085 [qtp981159997-14] DEBUG org.eclipse.jetty.io.ManagedSelector - Selector sun.nio.ch.EPollSelectorImpl@1552075b processing 0 keys, 1 updates
22:22:07.085 [qtp981159997-14] DEBUG org.eclipse.jetty.io.ManagedSelector - updateable 1
22:22:07.085 [qtp981159997-14] DEBUG org.eclipse.jetty.io.ManagedSelector - update org.eclipse.jetty.io.ManagedSelector$Accept@3648eb80
22:22:07.086 [qtp981159997-14] DEBUG o.e.j.util.thread.QueuedThreadPool - queue org.eclipse.jetty.io.ManagedSelector$Accept@3648eb80
22:22:07.086 [qtp981159997-14] DEBUG org.eclipse.jetty.io.ManagedSelector - updates 0
22:22:07.086 [qtp981159997-14] DEBUG org.eclipse.jetty.io.ManagedSelector - Selector sun.nio.ch.EPollSelectorImpl@1552075b waiting with 1 keys
22:22:07.086 [qtp981159997-18] DEBUG o.e.j.util.thread.QueuedThreadPool - run org.eclipse.jetty.io.ManagedSelector$Accept@3648eb80
22:22:07.092 [qtp981159997-18] DEBUG org.eclipse.jetty.io.IdleTimeout - SocketChannelEndPoint@47568e11{/127.0.0.1:44190<->/127.0.0.1:9998,OPEN,fill=-,flush=-,to=4/30000}{io=0/0,kio=0,kro=0}-><null> idle timeout check, elapsed: 3 ms, remaining: 29997 ms
22:22:07.097 [qtp981159997-18] DEBUG o.e.jetty.http.PreEncodedHttpField - HttpField encoders loaded: [org.eclipse.jetty.http.Http1FieldPreEncoder@66103f44]
22:22:07.118 [qtp981159997-18] DEBUG org.eclipse.jetty.server.HttpChannel - new HttpChannelOverHttp@66bc8499{r=0,c=false,c=false/false,a=IDLE,uri=null,age=0} -> SocketChannelEndPoint@47568e11{/127.0.0.1:44190<->/127.0.0.1:9998,OPEN,fill=-,flush=-,to=30/30000}{io=0/0,kio=0,kro=0}-><null>,null,HttpChannelState@2fbe78da{s=IDLE a=NOT_ASYNC i=true r=IDLE w=false}
22:22:07.122 [qtp981159997-18] DEBUG o.e.jetty.server.HttpConnection - New HTTP Connection HttpConnection@3aa3384e::SocketChannelEndPoint@47568e11{/127.0.0.1:44190<->/127.0.0.1:9998,OPEN,fill=-,flush=-,to=34/30000}{io=0/0,kio=0,kro=0}-><null>
22:22:07.122 [qtp981159997-18] DEBUG o.eclipse.jetty.io.AbstractEndPoint - onOpen SocketChannelEndPoint@47568e11{/127.0.0.1:44190<->/127.0.0.1:9998,OPEN,fill=-,flush=-,to=34/30000}{io=0/0,kio=0,kro=0}->HttpConnection@3aa3384e[p=HttpParser{s=START,0 of -1},g=HttpGenerator@8d74c9d{s=START}]=>HttpChannelOverHttp@66bc8499{r=0,c=false,c=false/false,a=IDLE,uri=null,age=0}
22:22:07.122 [qtp981159997-18] DEBUG o.e.jetty.io.AbstractConnection - onOpen HttpConnection@3aa3384e::SocketChannelEndPoint@47568e11{/127.0.0.1:44190<->/127.0.0.1:9998,OPEN,fill=-,flush=-,to=34/30000}{io=0/0,kio=0,kro=0}->HttpConnection@3aa3384e[p=HttpParser{s=START,0 of -1},g=HttpGenerator@8d74c9d{s=START}]=>HttpChannelOverHttp@66bc8499{r=0,c=false,c=false/false,a=IDLE,uri=null,age=0}
22:22:07.123 [qtp981159997-18] DEBUG o.e.jetty.io.AbstractConnection - fillInterested HttpConnection@3aa3384e::SocketChannelEndPoint@47568e11{/127.0.0.1:44190<->/127.0.0.1:9998,OPEN,fill=-,flush=-,to=35/30000}{io=0/0,kio=0,kro=0}->HttpConnection@3aa3384e[p=HttpParser{s=START,0 of -1},g=HttpGenerator@8d74c9d{s=START}]=>HttpChannelOverHttp@66bc8499{r=0,c=false,c=false/false,a=IDLE,uri=null,age=0}
22:22:07.123 [qtp981159997-18] DEBUG org.eclipse.jetty.io.FillInterest - interested FillInterest@2b956481{AC.ReadCB@3aa3384e{HttpConnection@3aa3384e::SocketChannelEndPoint@47568e11{/127.0.0.1:44190<->/127.0.0.1:9998,OPEN,fill=FI,flush=-,to=0/30000}{io=0/0,kio=0,kro=0}->HttpConnection@3aa3384e[p=HttpParser{s=START,0 of -1},g=HttpGenerator@8d74c9d{s=START}]=>HttpChannelOverHttp@66bc8499{r=0,c=false,c=false/false,a=IDLE,uri=null,age=0}}}
22:22:07.123 [qtp981159997-18] DEBUG org.eclipse.jetty.io.ChannelEndPoint - changeInterests p=false 0->1 for SocketChannelEndPoint@47568e11{/127.0.0.1:44190<->/127.0.0.1:9998,OPEN,fill=FI,flush=-,to=0/30000}{io=0/1,kio=0,kro=0}->HttpConnection@3aa3384e[p=HttpParser{s=START,0 of -1},g=HttpGenerator@8d74c9d{s=START}]=>HttpChannelOverHttp@66bc8499{r=0,c=false,c=false/false,a=IDLE,uri=null,age=0}
22:22:07.123 [qtp981159997-18] DEBUG org.eclipse.jetty.io.ManagedSelector - Queued change org.eclipse.jetty.io.ChannelEndPoint$1@35f539f8 on ManagedSelector@28f8e165{STARTED} id=1 keys=1 selected=0 updates=0
22:22:07.123 [qtp981159997-18] DEBUG org.eclipse.jetty.io.ManagedSelector - Wakeup on submit ManagedSelector@28f8e165{STARTED} id=1 keys=1 selected=0 updates=1
22:22:07.123 [qtp981159997-14] DEBUG org.eclipse.jetty.io.ManagedSelector - Selector sun.nio.ch.EPollSelectorImpl@1552075b woken with none selected
22:22:07.123 [qtp981159997-18] DEBUG org.eclipse.jetty.io.ManagedSelector - Created SocketChannelEndPoint@47568e11{/127.0.0.1:44190<->/127.0.0.1:9998,OPEN,fill=FI,flush=-,to=0/30000}{io=0/1,kio=0,kro=0}->HttpConnection@3aa3384e[p=HttpParser{s=START,0 of -1},g=HttpGenerator@8d74c9d{s=START}]=>HttpChannelOverHttp@66bc8499{r=0,c=false,c=false/false,a=IDLE,uri=null,age=0}
22:22:07.123 [qtp981159997-14] DEBUG org.eclipse.jetty.io.ManagedSelector - Selector sun.nio.ch.EPollSelectorImpl@1552075b woken up from select, 0/0/1 selected
22:22:07.123 [qtp981159997-18] DEBUG o.e.j.util.thread.QueuedThreadPool - ran org.eclipse.jetty.io.ManagedSelector$Accept@3648eb80
22:22:07.123 [qtp981159997-14] DEBUG org.eclipse.jetty.io.ManagedSelector - Selector sun.nio.ch.EPollSelectorImpl@1552075b processing 0 keys, 1 updates
22:22:07.123 [qtp981159997-14] DEBUG org.eclipse.jetty.io.ManagedSelector - updateable 1
22:22:07.123 [qtp981159997-14] DEBUG org.eclipse.jetty.io.ManagedSelector - update org.eclipse.jetty.io.ChannelEndPoint$1@35f539f8
22:22:07.124 [qtp981159997-14] DEBUG org.eclipse.jetty.io.ChannelEndPoint - Key interests updated 0 -> 1 on SocketChannelEndPoint@47568e11{/127.0.0.1:44190<->/127.0.0.1:9998,OPEN,fill=FI,flush=-,to=1/30000}{io=1/1,kio=1,kro=0}->HttpConnection@3aa3384e[p=HttpParser{s=START,0 of -1},g=HttpGenerator@8d74c9d{s=START}]=>HttpChannelOverHttp@66bc8499{r=0,c=false,c=false/false,a=IDLE,uri=null,age=0}
22:22:07.124 [qtp981159997-14] DEBUG org.eclipse.jetty.io.ManagedSelector - updates 0
22:22:07.124 [qtp981159997-14] DEBUG org.eclipse.jetty.io.ManagedSelector - Selector sun.nio.ch.EPollSelectorImpl@1552075b waiting with 1 keys
22:22:07.124 [qtp981159997-14] DEBUG org.eclipse.jetty.io.ManagedSelector - Selector sun.nio.ch.EPollSelectorImpl@1552075b woken up from select, 1/1/1 selected
22:22:07.124 [qtp981159997-14] DEBUG org.eclipse.jetty.io.ManagedSelector - Selector sun.nio.ch.EPollSelectorImpl@1552075b processing 1 keys, 0 updates
22:22:07.124 [qtp981159997-14] DEBUG org.eclipse.jetty.io.ManagedSelector - selected 1 sun.nio.ch.SelectionKeyImpl@1faa6c2b SocketChannelEndPoint@47568e11{/127.0.0.1:44190<->/127.0.0.1:9998,OPEN,fill=FI,flush=-,to=1/30000}{io=1/1,kio=1,kro=1}->HttpConnection@3aa3384e[p=HttpParser{s=START,0 of -1},g=HttpGenerator@8d74c9d{s=START}]=>HttpChannelOverHttp@66bc8499{r=0,c=false,c=false/false,a=IDLE,uri=null,age=0} 
22:22:07.124 [qtp981159997-14] DEBUG org.eclipse.jetty.io.ChannelEndPoint - onSelected 1->0 r=true w=false for SocketChannelEndPoint@47568e11{/127.0.0.1:44190<->/127.0.0.1:9998,OPEN,fill=FI,flush=-,to=1/30000}{io=1/0,kio=1,kro=1}->HttpConnection@3aa3384e[p=HttpParser{s=START,0 of -1},g=HttpGenerator@8d74c9d{s=START}]=>HttpChannelOverHttp@66bc8499{r=0,c=false,c=false/false,a=IDLE,uri=null,age=0}
22:22:07.125 [qtp981159997-14] DEBUG org.eclipse.jetty.io.ChannelEndPoint - task CEP:SocketChannelEndPoint@47568e11{/127.0.0.1:44190<->/127.0.0.1:9998,OPEN,fill=FI,flush=-,to=2/30000}{io=1/0,kio=1,kro=1}->HttpConnection@3aa3384e[p=HttpParser{s=START,0 of -1},g=HttpGenerator@8d74c9d{s=START}]=>HttpChannelOverHttp@66bc8499{r=0,c=false,c=false/false,a=IDLE,uri=null,age=0}:runFillable:BLOCKING
22:22:07.125 [qtp981159997-14] DEBUG o.e.j.u.t.ReservedThreadExecutor - ReservedThreadExecutor@5987e932{s=0/8,p=0} tryExecute EatWhatYouKill@2392212b/SelectorProducer@5b43e173/PRODUCING/p=false/JettyConnectorThreadPool[qtp981159997]@3a7b503d{STARTED,8<=8<=200,i=3,q=0}[ReservedThreadExecutor@5987e932{s=0/8,p=0}][pc=0,pic=0,pec=0,epc=0]@2020-09-27T22:22:07.125+01:00
22:22:07.125 [qtp981159997-14] DEBUG o.e.j.u.t.ReservedThreadExecutor - ReservedThreadExecutor@5987e932{s=0/8,p=1} startReservedThread p=1
22:22:07.126 [qtp981159997-14] DEBUG o.e.j.util.thread.QueuedThreadPool - queue ReservedThreadExecutor@5987e932{s=0/8,p=1}@6bb87cf1
22:22:07.126 [qtp981159997-19] DEBUG o.e.j.util.thread.QueuedThreadPool - run ReservedThreadExecutor@5987e932{s=0/8,p=1}@6bb87cf1
22:22:07.126 [qtp981159997-19] DEBUG o.e.j.u.t.ReservedThreadExecutor - ReservedThreadExecutor@5987e932{s=1/8,p=1}@6bb87cf1 started
22:22:07.127 [qtp981159997-19] DEBUG o.e.j.u.t.ReservedThreadExecutor - ReservedThreadExecutor@5987e932{s=1/8,p=0}@6bb87cf1 waiting
22:22:07.127 [qtp981159997-14] DEBUG o.e.j.u.t.strategy.EatWhatYouKill - EatWhatYouKill@2392212b/SelectorProducer@5b43e173/PRODUCING/p=false/JettyConnectorThreadPool[qtp981159997]@3a7b503d{STARTED,8<=8<=200,i=2,q=0}[ReservedThreadExecutor@5987e932{s=0/8,p=1}][pc=0,pic=0,pec=0,epc=0]@2020-09-27T22:22:07.126+01:00 m=PRODUCE_EXECUTE_CONSUME t=CEP:SocketChannelEndPoint@47568e11{/127.0.0.1:44190<->/127.0.0.1:9998,OPEN,fill=FI,flush=-,to=3/30000}{io=1/0,kio=1,kro=1}->HttpConnection@3aa3384e[p=HttpParser{s=START,0 of -1},g=HttpGenerator@8d74c9d{s=START}]=>HttpChannelOverHttp@66bc8499{r=0,c=false,c=false/false,a=IDLE,uri=null,age=0}:runFillable:BLOCKING/BLOCKING
22:22:07.127 [qtp981159997-14] DEBUG o.e.j.util.thread.QueuedThreadPool - queue CEP:SocketChannelEndPoint@47568e11{/127.0.0.1:44190<->/127.0.0.1:9998,OPEN,fill=FI,flush=-,to=4/30000}{io=1/0,kio=1,kro=1}->HttpConnection@3aa3384e[p=HttpParser{s=START,0 of -1},g=HttpGenerator@8d74c9d{s=START}]=>HttpChannelOverHttp@66bc8499{r=0,c=false,c=false/false,a=IDLE,uri=null,age=0}:runFillable:BLOCKING
22:22:07.127 [qtp981159997-14] DEBUG org.eclipse.jetty.io.ManagedSelector - updateable 0
22:22:07.127 [qtp981159997-14] DEBUG org.eclipse.jetty.io.ManagedSelector - updates 0
22:22:07.127 [qtp981159997-20] DEBUG o.e.j.util.thread.QueuedThreadPool - run CEP:SocketChannelEndPoint@47568e11{/127.0.0.1:44190<->/127.0.0.1:9998,OPEN,fill=FI,flush=-,to=4/30000}{io=0/0,kio=0,kro=1}->HttpConnection@3aa3384e[p=HttpParser{s=START,0 of -1},g=HttpGenerator@8d74c9d{s=START}]=>HttpChannelOverHttp@66bc8499{r=0,c=false,c=false/false,a=IDLE,uri=null,age=0}:runFillable:BLOCKING
22:22:07.127 [qtp981159997-14] DEBUG org.eclipse.jetty.io.ChannelEndPoint - Key interests updated 1 -> 0 on SocketChannelEndPoint@47568e11{/127.0.0.1:44190<->/127.0.0.1:9998,OPEN,fill=FI,flush=-,to=4/30000}{io=0/0,kio=0,kro=1}->HttpConnection@3aa3384e[p=HttpParser{s=START,0 of -1},g=HttpGenerator@8d74c9d{s=START}]=>HttpChannelOverHttp@66bc8499{r=0,c=false,c=false/false,a=IDLE,uri=null,age=0}
22:22:07.127 [qtp981159997-14] DEBUG org.eclipse.jetty.io.ManagedSelector - Selector sun.nio.ch.EPollSelectorImpl@1552075b waiting with 1 keys
22:22:07.127 [qtp981159997-20] DEBUG org.eclipse.jetty.io.FillInterest - fillable FillInterest@2b956481{AC.ReadCB@3aa3384e{HttpConnection@3aa3384e::SocketChannelEndPoint@47568e11{/127.0.0.1:44190<->/127.0.0.1:9998,OPEN,fill=FI,flush=-,to=4/30000}{io=0/0,kio=0,kro=1}->HttpConnection@3aa3384e[p=HttpParser{s=START,0 of -1},g=HttpGenerator@8d74c9d{s=START}]=>HttpChannelOverHttp@66bc8499{r=0,c=false,c=false/false,a=IDLE,uri=null,age=0}}}
22:22:07.128 [qtp981159997-20] DEBUG o.e.jetty.server.HttpConnection - HttpConnection@3aa3384e::SocketChannelEndPoint@47568e11{/127.0.0.1:44190<->/127.0.0.1:9998,OPEN,fill=-,flush=-,to=4/30000}{io=0/0,kio=0,kro=1}->HttpConnection@3aa3384e[p=HttpParser{s=START,0 of -1},g=HttpGenerator@8d74c9d{s=START}]=>HttpChannelOverHttp@66bc8499{r=0,c=false,c=false/false,a=IDLE,uri=null,age=0} onFillable enter HttpChannelState@2fbe78da{s=IDLE a=NOT_ASYNC i=true r=IDLE w=false} null
22:22:07.130 [qtp981159997-20] DEBUG org.eclipse.jetty.io.ChannelEndPoint - filled 306 HeapByteBuffer@17fbbb85[p=0,l=306,c=8192,r=306]={<<<PUT /contact HTTP...+39 23 123456"}>>>\x00\x00\x00\x00\x00\x00\x00\x00\x00\x00\x00\x00\x00\x00\x00\x00\x00...\x00\x00\x00\x00\x00\x00\x00\x00\x00\x00\x00\x00\x00\x00\x00}
22:22:07.131 [qtp981159997-20] DEBUG o.e.jetty.server.HttpConnection - HttpConnection@3aa3384e::SocketChannelEndPoint@47568e11{/127.0.0.1:44190<->/127.0.0.1:9998,OPEN,fill=-,flush=-,to=1/30000}{io=0/0,kio=0,kro=1}->HttpConnection@3aa3384e[p=HttpParser{s=START,0 of -1},g=HttpGenerator@8d74c9d{s=START}]=>HttpChannelOverHttp@66bc8499{r=0,c=false,c=false/false,a=IDLE,uri=null,age=0} filled 306 HeapByteBuffer@17fbbb85[p=0,l=306,c=8192,r=306]={<<<PUT /contact HTTP...+39 23 123456"}>>>\x00\x00\x00\x00\x00\x00\x00\x00\x00\x00\x00\x00\x00\x00\x00\x00\x00...\x00\x00\x00\x00\x00\x00\x00\x00\x00\x00\x00\x00\x00\x00\x00}
22:22:07.131 [qtp981159997-20] DEBUG o.e.jetty.server.HttpConnection - HttpConnection@3aa3384e::SocketChannelEndPoint@47568e11{/127.0.0.1:44190<->/127.0.0.1:9998,OPEN,fill=-,flush=-,to=2/30000}{io=0/0,kio=0,kro=1}->HttpConnection@3aa3384e[p=HttpParser{s=START,0 of -1},g=HttpGenerator@8d74c9d{s=START}]=>HttpChannelOverHttp@66bc8499{r=0,c=false,c=false/false,a=IDLE,uri=null,age=0} parse HeapByteBuffer@17fbbb85[p=0,l=306,c=8192,r=306]={<<<PUT /contact HTTP...+39 23 123456"}>>>\x00\x00\x00\x00\x00\x00\x00\x00\x00\x00\x00\x00\x00\x00\x00\x00\x00...\x00\x00\x00\x00\x00\x00\x00\x00\x00\x00\x00\x00\x00\x00\x00} {}
22:22:07.131 [qtp981159997-20] DEBUG org.eclipse.jetty.http.HttpParser - parseNext s=START HeapByteBuffer@17fbbb85[p=0,l=306,c=8192,r=306]={<<<PUT /contact HTTP...+39 23 123456"}>>>\x00\x00\x00\x00\x00\x00\x00\x00\x00\x00\x00\x00\x00\x00\x00\x00\x00...\x00\x00\x00\x00\x00\x00\x00\x00\x00\x00\x00\x00\x00\x00\x00}
22:22:07.131 [qtp981159997-20] DEBUG org.eclipse.jetty.http.HttpParser - START --> SPACE1
22:22:07.133 [qtp981159997-20] DEBUG org.eclipse.jetty.http.HttpParser - SPACE1 --> URI
22:22:07.133 [qtp981159997-20] DEBUG org.eclipse.jetty.http.HttpParser - URI --> SPACE2
22:22:07.133 [qtp981159997-20] DEBUG org.eclipse.jetty.http.HttpParser - SPACE2 --> REQUEST_VERSION
22:22:07.133 [qtp981159997-20] DEBUG org.eclipse.jetty.http.HttpParser - REQUEST_VERSION --> HEADER
22:22:07.134 [qtp981159997-20] DEBUG org.eclipse.jetty.http.HttpParser - HEADER:Content-Type: application/json --> IN_VALUE
22:22:07.134 [qtp981159997-20] DEBUG org.eclipse.jetty.http.HttpParser - HEADER:Content-Type: application/json --> FIELD
22:22:07.134 [qtp981159997-20] DEBUG org.eclipse.jetty.http.HttpParser - HEADER:User-Agent --> VALUE
22:22:07.134 [qtp981159997-20] DEBUG org.eclipse.jetty.http.HttpParser - HEADER:User-Agent --> IN_VALUE
22:22:07.134 [qtp981159997-20] DEBUG org.eclipse.jetty.http.HttpParser - HEADER:User-Agent --> FIELD
22:22:07.134 [qtp981159997-20] DEBUG org.eclipse.jetty.http.HttpParser - HEADER:Host --> VALUE
22:22:07.134 [qtp981159997-20] DEBUG org.eclipse.jetty.http.HttpParser - HEADER:Host --> IN_VALUE
22:22:07.134 [qtp981159997-20] DEBUG org.eclipse.jetty.http.HttpParser - HEADER:Host --> FIELD
22:22:07.139 [qtp981159997-20] DEBUG org.eclipse.jetty.http.HttpParser - HEADER:Accept --> VALUE
22:22:07.140 [qtp981159997-20] DEBUG org.eclipse.jetty.http.HttpParser - HEADER:Accept --> IN_VALUE
22:22:07.141 [qtp981159997-20] DEBUG org.eclipse.jetty.http.HttpParser - HEADER:Accept --> FIELD
22:22:07.141 [qtp981159997-20] DEBUG org.eclipse.jetty.http.HttpParser - HEADER:Connection: keep-alive --> IN_VALUE
22:22:07.141 [qtp981159997-20] DEBUG org.eclipse.jetty.http.HttpParser - HEADER:Connection: keep-alive --> FIELD
22:22:07.144 [qtp981159997-20] DEBUG org.eclipse.jetty.http.HttpParser - HEADER:Content-Length --> VALUE
22:22:07.144 [qtp981159997-20] DEBUG org.eclipse.jetty.http.HttpParser - HEADER:Content-Length --> IN_VALUE
22:22:07.144 [qtp981159997-20] DEBUG org.eclipse.jetty.http.HttpParser - HEADER:Content-Length --> FIELD
22:22:07.144 [qtp981159997-20] DEBUG org.eclipse.jetty.http.HttpParser - HEADER --> CONTENT
22:22:07.146 [qtp981159997-20] DEBUG org.eclipse.jetty.server.HttpChannel - REQUEST for //localhost:9998/contact on HttpChannelOverHttp@66bc8499{r=1,c=false,c=false/false,a=IDLE,uri=//localhost:9998/contact,age=2}
PUT //localhost:9998/contact HTTP/1.1
Content-Type: application/json
User-Agent: Jersey/2.30.1 (HttpUrlConnection 1.8.0_265)
Host: localhost:9998
Accept: text/html, image/gif, image/jpeg, *; q=.2, */*; q=.2
Connection: keep-alive
Content-Length: 64


22:22:07.147 [qtp981159997-20] DEBUG o.e.jetty.server.HttpConnection - HttpConnection@3aa3384e::SocketChannelEndPoint@47568e11{/127.0.0.1:44190<->/127.0.0.1:9998,OPEN,fill=-,flush=-,to=18/30000}{io=0/0,kio=0,kro=1}->HttpConnection@3aa3384e[p=HttpParser{s=CONTENT,0 of 64},g=HttpGenerator@8d74c9d{s=START}]=>HttpChannelOverHttp@66bc8499{r=1,c=false,c=false/false,a=IDLE,uri=//localhost:9998/contact,age=3} parsed true HttpParser{s=CONTENT,0 of 64}
22:22:07.147 [qtp981159997-20] DEBUG org.eclipse.jetty.server.HttpChannel - HttpChannelOverHttp@66bc8499{r=1,c=false,c=false/false,a=IDLE,uri=//localhost:9998/contact,age=3} handle //localhost:9998/contact 
22:22:07.147 [qtp981159997-20] DEBUG o.e.jetty.server.HttpChannelState - handling HttpChannelState@2fbe78da{s=IDLE a=NOT_ASYNC i=true r=IDLE w=false}
22:22:07.148 [qtp981159997-20] DEBUG org.eclipse.jetty.server.HttpChannel - HttpChannelOverHttp@66bc8499{r=1,c=false,c=false/false,a=DISPATCHED,uri=//localhost:9998/contact,age=4} action DISPATCH
22:22:07.149 [qtp981159997-20] DEBUG org.eclipse.jetty.server.Server - REQUEST PUT /contact on HttpChannelOverHttp@66bc8499{r=1,c=false,c=false/false,a=DISPATCHED,uri=//localhost:9998/contact,age=5}
22:22:07.302 [qtp981159997-20] DEBUG o.e.jetty.server.HttpConnection - HttpConnection@3aa3384e::SocketChannelEndPoint@47568e11{/127.0.0.1:44190<->/127.0.0.1:9998,OPEN,fill=-,flush=-,to=173/30000}{io=0/0,kio=0,kro=1}->HttpConnection@3aa3384e[p=HttpParser{s=CONTENT,0 of 64},g=HttpGenerator@8d74c9d{s=START}]=>HttpChannelOverHttp@66bc8499{r=1,c=false,c=false/false,a=DISPATCHED,uri=//localhost:9998/contact,age=158} parse HeapByteBuffer@17fbbb85[p=242,l=306,c=8192,r=64]={PUT /contact HTTP...-Length: 64\r\n\r\n<<<{"firstName":"Ric...+39 23 123456"}>>>\x00\x00\x00\x00\x00\x00\x00\x00\x00\x00\x00\x00\x00\x00\x00\x00\x00...\x00\x00\x00\x00\x00\x00\x00\x00\x00\x00\x00\x00\x00\x00\x00} {}
22:22:07.302 [qtp981159997-20] DEBUG org.eclipse.jetty.http.HttpParser - parseNext s=CONTENT HeapByteBuffer@17fbbb85[p=242,l=306,c=8192,r=64]={PUT /contact HTTP...-Length: 64\r\n\r\n<<<{"firstName":"Ric...+39 23 123456"}>>>\x00\x00\x00\x00\x00\x00\x00\x00\x00\x00\x00\x00\x00\x00\x00\x00\x00...\x00\x00\x00\x00\x00\x00\x00\x00\x00\x00\x00\x00\x00\x00\x00}
22:22:07.303 [qtp981159997-20] DEBUG org.eclipse.jetty.server.HttpChannel - HttpChannelOverHttp@66bc8499{r=1,c=false,c=false/false,a=DISPATCHED,uri=//localhost:9998/contact,age=158} onContent Content@5ca78b56{HeapByteBufferR@14d51ef0[p=242,l=306,c=8192,r=64]={PUT /contact HTTP...-Length: 64\r\n\r\n<<<{"firstName":"Ric...+39 23 123456"}>>>\x00\x00\x00\x00\x00\x00\x00\x00\x00\x00\x00\x00\x00\x00\x00\x00\x00...\x00\x00\x00\x00\x00\x00\x00\x00\x00\x00\x00\x00\x00\x00\x00}}
22:22:07.303 [qtp981159997-20] DEBUG org.eclipse.jetty.server.HttpInput - HttpInputOverHTTP@3723a857[c=0,q=0,[0]=null,s=STREAM] addContent Content@5ca78b56{HeapByteBufferR@14d51ef0[p=242,l=306,c=8192,r=64]={PUT /contact HTTP...-Length: 64\r\n\r\n<<<{"firstName":"Ric...+39 23 123456"}>>>\x00\x00\x00\x00\x00\x00\x00\x00\x00\x00\x00\x00\x00\x00\x00\x00\x00...\x00\x00\x00\x00\x00\x00\x00\x00\x00\x00\x00\x00\x00\x00\x00}}
22:22:07.303 [qtp981159997-20] DEBUG org.eclipse.jetty.http.HttpParser - CONTENT --> END
22:22:07.303 [qtp981159997-20] DEBUG org.eclipse.jetty.server.HttpChannel - HttpChannelOverHttp@66bc8499{r=1,c=false,c=false/false,a=DISPATCHED,uri=//localhost:9998/contact,age=159} onContentComplete
22:22:07.304 [qtp981159997-20] DEBUG org.eclipse.jetty.server.HttpChannel - HttpChannelOverHttp@66bc8499{r=1,c=false,c=false/false,a=DISPATCHED,uri=//localhost:9998/contact,age=160} onRequestComplete
22:22:07.304 [qtp981159997-20] DEBUG org.eclipse.jetty.server.HttpInput - HttpInputOverHTTP@3723a857[c=0,q=1,[0]=EOF,s=STREAM] addContent EOF
22:22:07.305 [qtp981159997-20] DEBUG o.e.jetty.server.HttpConnection - HttpConnection@3aa3384e::SocketChannelEndPoint@47568e11{/127.0.0.1:44190<->/127.0.0.1:9998,OPEN,fill=-,flush=-,to=175/30000}{io=0/0,kio=0,kro=1}->HttpConnection@3aa3384e[p=HttpParser{s=END,64 of 64},g=HttpGenerator@8d74c9d{s=START}]=>HttpChannelOverHttp@66bc8499{r=1,c=false,c=false/false,a=DISPATCHED,uri=//localhost:9998/contact,age=161} parsed false HttpParser{s=END,64 of 64}
22:22:07.305 [qtp981159997-20] DEBUG org.eclipse.jetty.server.HttpInput - HttpInputOverHTTP@3723a857[c=64,q=1,[0]=EOF,s=STREAM] read 64 from Content@5ca78b56{HeapByteBufferR@14d51ef0[p=306,l=306,c=8192,r=0]={PUT /contact HTTP...+39 23 123456"}<<<>>>\x00\x00\x00\x00\x00\x00\x00\x00\x00\x00\x00\x00\x00\x00\x00\x00\x00...\x00\x00\x00\x00\x00\x00\x00\x00\x00\x00\x00\x00\x00\x00\x00}}
22:22:07.305 [qtp981159997-20] DEBUG o.e.jetty.server.HttpConnection - releaseRequestBuffer HttpConnection@3aa3384e::SocketChannelEndPoint@47568e11{/127.0.0.1:44190<->/127.0.0.1:9998,OPEN,fill=-,flush=-,to=176/30000}{io=0/0,kio=0,kro=1}->HttpConnection@3aa3384e[p=HttpParser{s=END,64 of 64},g=HttpGenerator@8d74c9d{s=START}]=>HttpChannelOverHttp@66bc8499{r=1,c=false,c=false/false,a=DISPATCHED,uri=//localhost:9998/contact,age=161}
22:22:07.383 [qtp981159997-20] DEBUG org.eclipse.jetty.server.HttpChannel - sendResponse info=null content=HeapByteBuffer@735eb462[p=0,l=0,c=0,r=0]={<<<>>>} complete=true committing=true callback=Blocker@4c9ef727{null}
22:22:07.383 [qtp981159997-20] DEBUG org.eclipse.jetty.server.HttpChannel - COMMIT for /contact on HttpChannelOverHttp@66bc8499{r=1,c=true,c=false/false,a=DISPATCHED,uri=//localhost:9998/contact,age=239}
400 Bad Request HTTP/1.1
Date: Sun, 27 Sep 2020 21:22:07 GMT
Content-Length: 0


22:22:07.386 [qtp981159997-20] DEBUG o.e.jetty.server.HttpConnection - org.eclipse.jetty.server.HttpConnection$SendCallback@2fc6b5cd[PROCESSING][i=HTTP/1.1{s=400,h=2,cl=0},cb=org.eclipse.jetty.server.HttpChannel$SendCallback@69b79fe1] generate: NEED_HEADER (null,[p=0,l=0,c=0,r=0],true)@START
22:22:07.386 [qtp981159997-20] DEBUG org.eclipse.jetty.http.HttpGenerator - generateHeaders HTTP/1.1{s=400,h=2,cl=0} last=true content=HeapByteBuffer@735eb462[p=0,l=0,c=0,r=0]={<<<>>>}
22:22:07.386 [qtp981159997-20] DEBUG org.eclipse.jetty.http.HttpGenerator - Date: Sun, 27 Sep 2020 21:22:07 GMT
Content-Length: 0


22:22:07.387 [qtp981159997-20] DEBUG org.eclipse.jetty.http.HttpGenerator - CONTENT_LENGTH
22:22:07.387 [qtp981159997-20] DEBUG o.e.jetty.server.HttpConnection - org.eclipse.jetty.server.HttpConnection$SendCallback@2fc6b5cd[PROCESSING][i=HTTP/1.1{s=400,h=2,cl=0},cb=org.eclipse.jetty.server.HttpChannel$SendCallback@69b79fe1] generate: FLUSH ([p=0,l=117,c=8192,r=117],[p=0,l=0,c=0,r=0],true)@COMPLETING
22:22:07.387 [qtp981159997-20] DEBUG org.eclipse.jetty.io.WriteFlusher - write: WriteFlusher@750b328c{IDLE}->null [HeapByteBuffer@17fbbb85[p=0,l=117,c=8192,r=117]={<<<HTTP/1.1 400 Bad ....v20190418)\r\n\r\n>>> localhost:9998\r\n...\x00\x00\x00\x00\x00\x00\x00\x00\x00\x00\x00\x00\x00\x00\x00}]
22:22:07.387 [qtp981159997-20] DEBUG org.eclipse.jetty.io.WriteFlusher - update WriteFlusher@750b328c{WRITING}->null:IDLE-->WRITING
22:22:07.387 [qtp981159997-20] DEBUG org.eclipse.jetty.io.ChannelEndPoint - flushed 117 SocketChannelEndPoint@47568e11{/127.0.0.1:44190<->/127.0.0.1:9998,OPEN,fill=-,flush=W,to=258/30000}{io=0/0,kio=0,kro=1}->HttpConnection@3aa3384e[p=HttpParser{s=END,64 of 64},g=HttpGenerator@8d74c9d{s=COMPLETING}]=>HttpChannelOverHttp@66bc8499{r=1,c=true,c=false/false,a=DISPATCHED,uri=//localhost:9998/contact,age=243}
22:22:07.388 [qtp981159997-20] DEBUG org.eclipse.jetty.io.WriteFlusher - Flushed=true written=117 remaining=0 WriteFlusher@750b328c{WRITING}->null
22:22:07.388 [qtp981159997-20] DEBUG org.eclipse.jetty.io.WriteFlusher - update WriteFlusher@750b328c{IDLE}->null:WRITING-->IDLE
22:22:07.388 [qtp981159997-20] DEBUG o.e.jetty.server.HttpConnection - org.eclipse.jetty.server.HttpConnection$SendCallback@2fc6b5cd[PROCESSING][i=HTTP/1.1{s=400,h=2,cl=0},cb=org.eclipse.jetty.server.HttpChannel$SendCallback@69b79fe1] generate: DONE ([p=117,l=117,c=8192,r=0],[p=0,l=0,c=0,r=0],true)@END
22:22:07.390 [qtp981159997-20] DEBUG org.eclipse.jetty.server.Server - handled=true async=false committed=true on HttpChannelOverHttp@66bc8499{r=1,c=true,c=false/true,a=DISPATCHED,uri=//localhost:9998/contact,age=246}
22:22:07.390 [qtp981159997-20] DEBUG o.e.jetty.server.HttpChannelState - unhandle HttpChannelState@2fbe78da{s=DISPATCHED a=NOT_ASYNC i=true r=IDLE w=false}
22:22:07.390 [qtp981159997-20] DEBUG org.eclipse.jetty.server.HttpChannel - HttpChannelOverHttp@66bc8499{r=1,c=true,c=false/true,a=COMPLETING,uri=//localhost:9998/contact,age=246} action COMPLETE
22:22:07.390 [qtp981159997-20] DEBUG o.e.jetty.server.HttpChannelState - onComplete HttpChannelState@2fbe78da{s=COMPLETING a=NOT_ASYNC i=false r=IDLE w=false}
22:22:07.390 [qtp981159997-20] DEBUG org.eclipse.jetty.server.HttpChannel - COMPLETE for /contact written=0
22:22:07.393 [main] DEBUG o.e.j.u.component.AbstractLifeCycle - stopping Server@610db97e{STARTED}[9.4.17.v20190418]
22:22:07.393 [main] DEBUG org.eclipse.jetty.server.Server - doStop Server@610db97e{STOPPING}[9.4.17.v20190418]
22:22:07.393 [qtp981159997-20] DEBUG o.e.jetty.server.HttpChannelState - recycle HttpChannelState@2fbe78da{s=COMPLETED a=NOT_ASYNC i=false r=IDLE w=false}
22:22:07.393 [qtp981159997-20] DEBUG org.eclipse.jetty.http.HttpParser - reset HttpParser{s=END,64 of 64}
22:22:07.393 [qtp981159997-20] DEBUG org.eclipse.jetty.http.HttpParser - END --> START
22:22:07.394 [qtp981159997-20] DEBUG org.eclipse.jetty.server.HttpChannel - HttpChannelOverHttp@66bc8499{r=1,c=false,c=false/false,a=IDLE,uri=null,age=0} handle exit, result COMPLETE
22:22:07.394 [qtp981159997-17] DEBUG o.e.j.util.thread.QueuedThreadPool - ran qtp981159997-17-acceptor-0@4e406694-ServerConnector@79c4715d{HTTP/1.1,[http/1.1]}{0.0.0.0:9998}
22:22:07.394 [qtp981159997-20] DEBUG org.eclipse.jetty.io.ChannelEndPoint - filled 0 HeapByteBuffer@17fbbb85[p=0,l=0,c=8192,r=0]={<<<>>>HTTP/1.1 400 Bad ...\x00\x00\x00\x00\x00\x00\x00\x00\x00\x00\x00\x00\x00\x00\x00}
22:22:07.394 [qtp981159997-20] DEBUG org.eclipse.jetty.io.ChannelEndPoint - filled 0 HeapByteBuffer@17fbbb85[p=0,l=0,c=8192,r=0]={<<<>>>HTTP/1.1 400 Bad ...\x00\x00\x00\x00\x00\x00\x00\x00\x00\x00\x00\x00\x00\x00\x00}
22:22:07.394 [qtp981159997-20] DEBUG o.e.jetty.server.HttpConnection - HttpConnection@3aa3384e::SocketChannelEndPoint@47568e11{/127.0.0.1:44190<->/127.0.0.1:9998,OPEN,fill=-,flush=-,to=7/30000}{io=0/0,kio=0,kro=1}->HttpConnection@3aa3384e[p=HttpParser{s=START,0 of -1},g=HttpGenerator@8d74c9d{s=START}]=>HttpChannelOverHttp@66bc8499{r=1,c=false,c=false/false,a=IDLE,uri=null,age=0} filled 0 HeapByteBuffer@17fbbb85[p=0,l=0,c=8192,r=0]={<<<>>>HTTP/1.1 400 Bad ...\x00\x00\x00\x00\x00\x00\x00\x00\x00\x00\x00\x00\x00\x00\x00}
22:22:07.394 [qtp981159997-20] DEBUG o.e.jetty.server.HttpConnection - HttpConnection@3aa3384e::SocketChannelEndPoint@47568e11{/127.0.0.1:44190<->/127.0.0.1:9998,OPEN,fill=-,flush=-,to=7/30000}{io=0/0,kio=0,kro=1}->HttpConnection@3aa3384e[p=HttpParser{s=START,0 of -1},g=HttpGenerator@8d74c9d{s=START}]=>HttpChannelOverHttp@66bc8499{r=1,c=false,c=false/false,a=IDLE,uri=null,age=0} parse HeapByteBuffer@17fbbb85[p=0,l=0,c=8192,r=0]={<<<>>>HTTP/1.1 400 Bad ...\x00\x00\x00\x00\x00\x00\x00\x00\x00\x00\x00\x00\x00\x00\x00} {}
22:22:07.394 [qtp981159997-20] DEBUG org.eclipse.jetty.http.HttpParser - parseNext s=START HeapByteBuffer@17fbbb85[p=0,l=0,c=8192,r=0]={<<<>>>HTTP/1.1 400 Bad ...\x00\x00\x00\x00\x00\x00\x00\x00\x00\x00\x00\x00\x00\x00\x00}
22:22:07.394 [qtp981159997-20] DEBUG o.e.jetty.server.HttpConnection - HttpConnection@3aa3384e::SocketChannelEndPoint@47568e11{/127.0.0.1:44190<->/127.0.0.1:9998,OPEN,fill=-,flush=-,to=7/30000}{io=0/0,kio=0,kro=1}->HttpConnection@3aa3384e[p=HttpParser{s=START,0 of -1},g=HttpGenerator@8d74c9d{s=START}]=>HttpChannelOverHttp@66bc8499{r=1,c=false,c=false/false,a=IDLE,uri=null,age=0} parsed false HttpParser{s=START,0 of -1}
22:22:07.395 [main] DEBUG o.e.j.s.h.AbstractHandlerContainer - Graceful shutdown Server@610db97e{STOPPING}[9.4.17.v20190418] by 
22:22:07.395 [qtp981159997-20] DEBUG o.e.jetty.server.HttpConnection - releaseRequestBuffer HttpConnection@3aa3384e::SocketChannelEndPoint@47568e11{/127.0.0.1:44190<->/127.0.0.1:9998,OPEN,fill=-,flush=-,to=8/30000}{io=0/0,kio=0,kro=1}->HttpConnection@3aa3384e[p=HttpParser{s=START,0 of -1},g=HttpGenerator@8d74c9d{s=START}]=>HttpChannelOverHttp@66bc8499{r=1,c=false,c=false/false,a=IDLE,uri=null,age=0}
22:22:07.395 [main] DEBUG o.e.j.u.component.AbstractLifeCycle - stopping ServerConnector@79c4715d{HTTP/1.1,[http/1.1]}{0.0.0.0:9998}
22:22:07.395 [qtp981159997-20] DEBUG o.e.jetty.io.AbstractConnection - fillInterested HttpConnection@3aa3384e::SocketChannelEndPoint@47568e11{/127.0.0.1:44190<->/127.0.0.1:9998,OPEN,fill=-,flush=-,to=8/30000}{io=0/0,kio=0,kro=1}->HttpConnection@3aa3384e[p=HttpParser{s=START,0 of -1},g=HttpGenerator@8d74c9d{s=START}]=>HttpChannelOverHttp@66bc8499{r=1,c=false,c=false/false,a=IDLE,uri=null,age=0}
22:22:07.395 [main] DEBUG o.e.j.u.component.AbstractLifeCycle - stopping SelectorManager@ServerConnector@79c4715d{HTTP/1.1,[http/1.1]}{0.0.0.0:9998}
22:22:07.395 [main] DEBUG o.e.j.u.component.AbstractLifeCycle - stopping ManagedSelector@30f4b1a6{STARTED} id=3 keys=0 selected=0 updates=0
22:22:07.395 [qtp981159997-20] DEBUG org.eclipse.jetty.io.FillInterest - interested FillInterest@2b956481{AC.ReadCB@3aa3384e{HttpConnection@3aa3384e::SocketChannelEndPoint@47568e11{/127.0.0.1:44190<->/127.0.0.1:9998,OPEN,fill=FI,flush=-,to=0/30000}{io=0/0,kio=0,kro=1}->HttpConnection@3aa3384e[p=HttpParser{s=START,0 of -1},g=HttpGenerator@8d74c9d{s=START}]=>HttpChannelOverHttp@66bc8499{r=1,c=false,c=false/false,a=IDLE,uri=null,age=0}}}
22:22:07.395 [main] DEBUG org.eclipse.jetty.io.ManagedSelector - Queued change org.eclipse.jetty.io.ManagedSelector$CloseConnections@13e698c7 on ManagedSelector@30f4b1a6{STOPPING} id=3 keys=0 selected=0 updates=0
22:22:07.395 [qtp981159997-20] DEBUG org.eclipse.jetty.io.ChannelEndPoint - changeInterests p=false 0->1 for SocketChannelEndPoint@47568e11{/127.0.0.1:44190<->/127.0.0.1:9998,OPEN,fill=FI,flush=-,to=0/30000}{io=0/1,kio=0,kro=1}->HttpConnection@3aa3384e[p=HttpParser{s=START,0 of -1},g=HttpGenerator@8d74c9d{s=START}]=>HttpChannelOverHttp@66bc8499{r=1,c=false,c=false/false,a=IDLE,uri=null,age=0}
22:22:07.395 [main] DEBUG org.eclipse.jetty.io.ManagedSelector - Wakeup on submit ManagedSelector@30f4b1a6{STOPPING} id=3 keys=0 selected=0 updates=1
22:22:07.395 [qtp981159997-20] DEBUG org.eclipse.jetty.io.ManagedSelector - Queued change org.eclipse.jetty.io.ChannelEndPoint$1@35f539f8 on ManagedSelector@28f8e165{STARTED} id=1 keys=1 selected=0 updates=0
22:22:07.396 [qtp981159997-20] DEBUG org.eclipse.jetty.io.ManagedSelector - Wakeup on submit ManagedSelector@28f8e165{STARTED} id=1 keys=1 selected=0 updates=1
22:22:07.396 [qtp981159997-16] DEBUG org.eclipse.jetty.io.ManagedSelector - Selector sun.nio.ch.EPollSelectorImpl@37fd19c6 woken with none selected
22:22:07.396 [qtp981159997-16] DEBUG org.eclipse.jetty.io.ManagedSelector - Selector sun.nio.ch.EPollSelectorImpl@37fd19c6 woken up from select, 0/0/0 selected
22:22:07.396 [qtp981159997-14] DEBUG org.eclipse.jetty.io.ManagedSelector - Selector sun.nio.ch.EPollSelectorImpl@1552075b woken with none selected
22:22:07.396 [qtp981159997-16] DEBUG org.eclipse.jetty.io.ManagedSelector - Selector sun.nio.ch.EPollSelectorImpl@37fd19c6 processing 0 keys, 1 updates
22:22:07.396 [qtp981159997-14] DEBUG org.eclipse.jetty.io.ManagedSelector - Selector sun.nio.ch.EPollSelectorImpl@1552075b woken up from select, 0/0/1 selected
22:22:07.396 [qtp981159997-20] DEBUG o.e.jetty.server.HttpConnection - HttpConnection@3aa3384e::SocketChannelEndPoint@47568e11{/127.0.0.1:44190<->/127.0.0.1:9998,OPEN,fill=FI,flush=-,to=1/30000}{io=0/1,kio=0,kro=1}->HttpConnection@3aa3384e[p=HttpParser{s=START,0 of -1},g=HttpGenerator@8d74c9d{s=START}]=>HttpChannelOverHttp@66bc8499{r=1,c=false,c=false/false,a=IDLE,uri=null,age=0} onFillable exit HttpChannelState@2fbe78da{s=IDLE a=NOT_ASYNC i=true r=IDLE w=false} null
22:22:07.396 [qtp981159997-14] DEBUG org.eclipse.jetty.io.ManagedSelector - Selector sun.nio.ch.EPollSelectorImpl@1552075b processing 0 keys, 1 updates
22:22:07.396 [qtp981159997-16] DEBUG org.eclipse.jetty.io.ManagedSelector - updateable 1
22:22:07.396 [qtp981159997-14] DEBUG org.eclipse.jetty.io.ManagedSelector - updateable 1
22:22:07.396 [qtp981159997-16] DEBUG org.eclipse.jetty.io.ManagedSelector - update org.eclipse.jetty.io.ManagedSelector$CloseConnections@13e698c7
22:22:07.396 [qtp981159997-14] DEBUG org.eclipse.jetty.io.ManagedSelector - update org.eclipse.jetty.io.ChannelEndPoint$1@35f539f8
22:22:07.396 [qtp981159997-20] DEBUG o.e.j.util.thread.QueuedThreadPool - ran CEP:SocketChannelEndPoint@47568e11{/127.0.0.1:44190<->/127.0.0.1:9998,OPEN,fill=FI,flush=-,to=1/30000}{io=0/1,kio=0,kro=1}->HttpConnection@3aa3384e[p=HttpParser{s=START,0 of -1},g=HttpGenerator@8d74c9d{s=START}]=>HttpChannelOverHttp@66bc8499{r=1,c=false,c=false/false,a=IDLE,uri=null,age=0}:runFillable:BLOCKING
22:22:07.396 [qtp981159997-16] DEBUG org.eclipse.jetty.io.ManagedSelector - Closing 0 connections on ManagedSelector@30f4b1a6{STOPPING} id=3 keys=0 selected=0 updates=0
22:22:07.396 [qtp981159997-16] DEBUG org.eclipse.jetty.io.ManagedSelector - updates 0
22:22:07.396 [qtp981159997-14] DEBUG org.eclipse.jetty.io.ChannelEndPoint - Key interests updated 0 -> 1 on SocketChannelEndPoint@47568e11{/127.0.0.1:44190<->/127.0.0.1:9998,OPEN,fill=FI,flush=-,to=1/30000}{io=1/1,kio=1,kro=1}->HttpConnection@3aa3384e[p=HttpParser{s=START,0 of -1},g=HttpGenerator@8d74c9d{s=START}]=>HttpChannelOverHttp@66bc8499{r=1,c=false,c=false/false,a=IDLE,uri=null,age=0}
22:22:07.396 [qtp981159997-16] DEBUG org.eclipse.jetty.io.ManagedSelector - Selector sun.nio.ch.EPollSelectorImpl@37fd19c6 waiting with 0 keys
22:22:07.396 [qtp981159997-14] DEBUG org.eclipse.jetty.io.ManagedSelector - updates 0
22:22:07.396 [main] DEBUG org.eclipse.jetty.io.ManagedSelector - Queued change org.eclipse.jetty.io.ManagedSelector$StopSelector@aed0151 on ManagedSelector@30f4b1a6{STOPPING} id=3 keys=0 selected=0 updates=0
22:22:07.396 [qtp981159997-14] DEBUG org.eclipse.jetty.io.ManagedSelector - Selector sun.nio.ch.EPollSelectorImpl@1552075b waiting with 1 keys
22:22:07.396 [main] DEBUG org.eclipse.jetty.io.ManagedSelector - Wakeup on submit ManagedSelector@30f4b1a6{STOPPING} id=3 keys=0 selected=0 updates=1
22:22:07.396 [qtp981159997-16] DEBUG org.eclipse.jetty.io.ManagedSelector - Selector sun.nio.ch.EPollSelectorImpl@37fd19c6 woken with none selected
22:22:07.396 [qtp981159997-16] DEBUG org.eclipse.jetty.io.ManagedSelector - Selector sun.nio.ch.EPollSelectorImpl@37fd19c6 woken up from select, 0/0/0 selected
22:22:07.396 [qtp981159997-16] DEBUG org.eclipse.jetty.io.ManagedSelector - Selector sun.nio.ch.EPollSelectorImpl@37fd19c6 processing 0 keys, 1 updates
22:22:07.396 [qtp981159997-16] DEBUG org.eclipse.jetty.io.ManagedSelector - updateable 1
22:22:07.396 [qtp981159997-16] DEBUG org.eclipse.jetty.io.ManagedSelector - update org.eclipse.jetty.io.ManagedSelector$StopSelector@aed0151
22:22:07.397 [qtp981159997-16] DEBUG org.eclipse.jetty.io.ManagedSelector - updates 0
22:22:07.397 [main] DEBUG o.e.j.u.component.AbstractLifeCycle - stopping EatWhatYouKill@4d666b41/SelectorProducer@6594402a/PRODUCING/p=false/JettyConnectorThreadPool[qtp981159997]@3a7b503d{STARTED,8<=8<=200,i=3,q=0}[ReservedThreadExecutor@5987e932{s=1/8,p=0}][pc=0,pic=0,pec=0,epc=0]@2020-09-27T22:22:07.397+01:00
22:22:07.397 [qtp981159997-16] DEBUG o.e.j.util.thread.QueuedThreadPool - ran org.eclipse.jetty.io.ManagedSelector$$Lambda$198/1041326823@1ea9f009
22:22:07.397 [main] DEBUG o.e.j.u.component.AbstractLifeCycle - STOPPED EatWhatYouKill@4d666b41/SelectorProducer@6594402a/IDLE/p=false/JettyConnectorThreadPool[qtp981159997]@3a7b503d{STARTED,8<=8<=200,i=4,q=0}[ReservedThreadExecutor@5987e932{s=1/8,p=0}][pc=0,pic=0,pec=0,epc=0]@2020-09-27T22:22:07.397+01:00
22:22:07.397 [main] DEBUG o.e.j.u.component.AbstractLifeCycle - STOPPED ManagedSelector@30f4b1a6{STOPPED} id=3 keys=-1 selected=-1 updates=0
22:22:07.397 [main] DEBUG o.e.j.u.component.AbstractLifeCycle - stopping ManagedSelector@22fa55b2{STARTED} id=2 keys=0 selected=0 updates=0
22:22:07.397 [main] DEBUG org.eclipse.jetty.io.ManagedSelector - Queued change org.eclipse.jetty.io.ManagedSelector$CloseConnections@267bbe1a on ManagedSelector@22fa55b2{STOPPING} id=2 keys=0 selected=0 updates=0
22:22:07.397 [main] DEBUG org.eclipse.jetty.io.ManagedSelector - Wakeup on submit ManagedSelector@22fa55b2{STOPPING} id=2 keys=0 selected=0 updates=1
22:22:07.397 [qtp981159997-15] DEBUG org.eclipse.jetty.io.ManagedSelector - Selector sun.nio.ch.EPollSelectorImpl@766d5996 woken with none selected
22:22:07.398 [qtp981159997-15] DEBUG org.eclipse.jetty.io.ManagedSelector - Selector sun.nio.ch.EPollSelectorImpl@766d5996 woken up from select, 0/0/0 selected
22:22:07.398 [qtp981159997-15] DEBUG org.eclipse.jetty.io.ManagedSelector - Selector sun.nio.ch.EPollSelectorImpl@766d5996 processing 0 keys, 1 updates
22:22:07.398 [qtp981159997-15] DEBUG org.eclipse.jetty.io.ManagedSelector - updateable 1
22:22:07.398 [qtp981159997-15] DEBUG org.eclipse.jetty.io.ManagedSelector - update org.eclipse.jetty.io.ManagedSelector$CloseConnections@267bbe1a
22:22:07.398 [qtp981159997-15] DEBUG org.eclipse.jetty.io.ManagedSelector - Closing 0 connections on ManagedSelector@22fa55b2{STOPPING} id=2 keys=0 selected=0 updates=0
22:22:07.398 [qtp981159997-15] DEBUG org.eclipse.jetty.io.ManagedSelector - updates 0
22:22:07.398 [qtp981159997-15] DEBUG org.eclipse.jetty.io.ManagedSelector - Selector sun.nio.ch.EPollSelectorImpl@766d5996 waiting with 0 keys
22:22:07.398 [main] DEBUG org.eclipse.jetty.io.ManagedSelector - Queued change org.eclipse.jetty.io.ManagedSelector$StopSelector@1f12e153 on ManagedSelector@22fa55b2{STOPPING} id=2 keys=0 selected=0 updates=0
22:22:07.398 [main] DEBUG org.eclipse.jetty.io.ManagedSelector - Wakeup on submit ManagedSelector@22fa55b2{STOPPING} id=2 keys=0 selected=0 updates=1
22:22:07.398 [qtp981159997-15] DEBUG org.eclipse.jetty.io.ManagedSelector - Selector sun.nio.ch.EPollSelectorImpl@766d5996 woken with none selected
22:22:07.398 [qtp981159997-15] DEBUG org.eclipse.jetty.io.ManagedSelector - Selector sun.nio.ch.EPollSelectorImpl@766d5996 woken up from select, 0/0/0 selected
22:22:07.398 [qtp981159997-15] DEBUG org.eclipse.jetty.io.ManagedSelector - Selector sun.nio.ch.EPollSelectorImpl@766d5996 processing 0 keys, 1 updates
22:22:07.398 [qtp981159997-15] DEBUG org.eclipse.jetty.io.ManagedSelector - updateable 1
22:22:07.398 [qtp981159997-15] DEBUG org.eclipse.jetty.io.ManagedSelector - update org.eclipse.jetty.io.ManagedSelector$StopSelector@1f12e153
22:22:07.398 [qtp981159997-15] DEBUG org.eclipse.jetty.io.ManagedSelector - updates 0
22:22:07.398 [main] DEBUG o.e.j.u.component.AbstractLifeCycle - stopping EatWhatYouKill@545f80bf/SelectorProducer@66f66866/PRODUCING/p=false/JettyConnectorThreadPool[qtp981159997]@3a7b503d{STARTED,8<=8<=200,i=4,q=0}[ReservedThreadExecutor@5987e932{s=1/8,p=0}][pc=0,pic=0,pec=0,epc=0]@2020-09-27T22:22:07.398+01:00
22:22:07.398 [qtp981159997-15] DEBUG o.e.j.util.thread.QueuedThreadPool - ran org.eclipse.jetty.io.ManagedSelector$$Lambda$198/1041326823@669d2b1b
22:22:07.399 [main] DEBUG o.e.j.u.component.AbstractLifeCycle - STOPPED EatWhatYouKill@545f80bf/SelectorProducer@66f66866/IDLE/p=false/JettyConnectorThreadPool[qtp981159997]@3a7b503d{STARTED,8<=8<=200,i=5,q=0}[ReservedThreadExecutor@5987e932{s=1/8,p=0}][pc=0,pic=0,pec=0,epc=0]@2020-09-27T22:22:07.399+01:00
22:22:07.399 [main] DEBUG o.e.j.u.component.AbstractLifeCycle - STOPPED ManagedSelector@22fa55b2{STOPPED} id=2 keys=-1 selected=-1 updates=0
22:22:07.399 [main] DEBUG o.e.j.u.component.AbstractLifeCycle - stopping ManagedSelector@28f8e165{STARTED} id=1 keys=1 selected=0 updates=0
22:22:07.399 [main] DEBUG org.eclipse.jetty.io.ManagedSelector - Queued change org.eclipse.jetty.io.ManagedSelector$CloseConnections@389562d6 on ManagedSelector@28f8e165{STOPPING} id=1 keys=1 selected=0 updates=0
22:22:07.399 [main] DEBUG org.eclipse.jetty.io.ManagedSelector - Wakeup on submit ManagedSelector@28f8e165{STOPPING} id=1 keys=1 selected=0 updates=1
22:22:07.399 [qtp981159997-14] DEBUG org.eclipse.jetty.io.ManagedSelector - Selector sun.nio.ch.EPollSelectorImpl@1552075b woken with none selected
22:22:07.399 [qtp981159997-14] DEBUG org.eclipse.jetty.io.ManagedSelector - Selector sun.nio.ch.EPollSelectorImpl@1552075b woken up from select, 0/0/1 selected
22:22:07.399 [qtp981159997-14] DEBUG org.eclipse.jetty.io.ManagedSelector - Selector sun.nio.ch.EPollSelectorImpl@1552075b processing 0 keys, 1 updates
22:22:07.399 [qtp981159997-14] DEBUG org.eclipse.jetty.io.ManagedSelector - updateable 1
22:22:07.399 [qtp981159997-14] DEBUG org.eclipse.jetty.io.ManagedSelector - update org.eclipse.jetty.io.ManagedSelector$CloseConnections@389562d6
22:22:07.399 [qtp981159997-14] DEBUG org.eclipse.jetty.io.ManagedSelector - Closing 1 connections on ManagedSelector@28f8e165{STOPPING} id=1 keys=1 selected=0 updates=0
22:22:07.399 [qtp981159997-14] DEBUG o.eclipse.jetty.io.AbstractEndPoint - close SocketChannelEndPoint@47568e11{/127.0.0.1:44190<->/127.0.0.1:9998,OPEN,fill=FI,flush=-,to=4/30000}{io=1/1,kio=1,kro=1}->HttpConnection@3aa3384e[p=HttpParser{s=START,0 of -1},g=HttpGenerator@8d74c9d{s=START}]=>HttpChannelOverHttp@66bc8499{r=1,c=false,c=false/false,a=IDLE,uri=null,age=0}
22:22:07.400 [qtp981159997-14] DEBUG o.eclipse.jetty.io.AbstractEndPoint - close(null) SocketChannelEndPoint@47568e11{/127.0.0.1:44190<->/127.0.0.1:9998,OPEN,fill=FI,flush=-,to=5/30000}{io=1/1,kio=1,kro=1}->HttpConnection@3aa3384e[p=HttpParser{s=START,0 of -1},g=HttpGenerator@8d74c9d{s=START}]=>HttpChannelOverHttp@66bc8499{r=1,c=false,c=false/false,a=IDLE,uri=null,age=0}
22:22:07.400 [qtp981159997-14] DEBUG org.eclipse.jetty.io.ChannelEndPoint - doClose SocketChannelEndPoint@47568e11{/127.0.0.1:44190<->/127.0.0.1:9998,CLOSED,fill=FI,flush=-,to=5/30000}{io=1/1,kio=1,kro=1}->HttpConnection@3aa3384e[p=HttpParser{s=START,0 of -1},g=HttpGenerator@8d74c9d{s=START}]=>HttpChannelOverHttp@66bc8499{r=1,c=false,c=false/false,a=IDLE,uri=null,age=0}
22:22:07.402 [qtp981159997-14] DEBUG org.eclipse.jetty.io.WriteFlusher - ignored: WriteFlusher@750b328c{IDLE}->null
java.nio.channels.ClosedChannelException: null
	at org.eclipse.jetty.io.WriteFlusher.onClose(WriteFlusher.java:492)
	at org.eclipse.jetty.io.AbstractEndPoint.onClose(AbstractEndPoint.java:353)
	at org.eclipse.jetty.io.ChannelEndPoint.onClose(ChannelEndPoint.java:215)
	at org.eclipse.jetty.io.AbstractEndPoint.doOnClose(AbstractEndPoint.java:225)
	at org.eclipse.jetty.io.AbstractEndPoint.close(AbstractEndPoint.java:192)
	at org.eclipse.jetty.io.AbstractEndPoint.close(AbstractEndPoint.java:175)
	at org.eclipse.jetty.io.AbstractConnection.close(AbstractConnection.java:248)
	at org.eclipse.jetty.io.ManagedSelector.closeNoExceptions(ManagedSelector.java:252)
	at org.eclipse.jetty.io.ManagedSelector.access$1400(ManagedSelector.java:61)
	at org.eclipse.jetty.io.ManagedSelector$CloseConnections.update(ManagedSelector.java:866)
	at org.eclipse.jetty.io.ManagedSelector$SelectorProducer.processUpdates(ManagedSelector.java:426)
	at org.eclipse.jetty.io.ManagedSelector$SelectorProducer.produce(ManagedSelector.java:397)
	at org.eclipse.jetty.util.thread.strategy.EatWhatYouKill.produceTask(EatWhatYouKill.java:357)
	at org.eclipse.jetty.util.thread.strategy.EatWhatYouKill.doProduce(EatWhatYouKill.java:181)
	at org.eclipse.jetty.util.thread.strategy.EatWhatYouKill.tryProduce(EatWhatYouKill.java:168)
	at org.eclipse.jetty.util.thread.strategy.EatWhatYouKill.produce(EatWhatYouKill.java:132)
	at org.eclipse.jetty.util.thread.QueuedThreadPool.runJob(QueuedThreadPool.java:786)
	at org.eclipse.jetty.util.thread.QueuedThreadPool$2.run(QueuedThreadPool.java:743)
	at java.lang.Thread.run(Thread.java:748)
22:22:07.403 [qtp981159997-14] DEBUG org.eclipse.jetty.io.FillInterest - onClose FillInterest@2b956481{AC.ReadCB@3aa3384e{HttpConnection@3aa3384e::SocketChannelEndPoint@47568e11{/127.0.0.1:44190<->/127.0.0.1:9998,CLOSED,fill=FI,flush=-,to=7/30000}{io=1/1,kio=-1,kro=-1}->HttpConnection@3aa3384e[p=HttpParser{s=START,0 of -1},g=HttpGenerator@8d74c9d{s=START}]=>HttpChannelOverHttp@66bc8499{r=1,c=false,c=false/false,a=IDLE,uri=null,age=0}}}
22:22:07.403 [qtp981159997-14] DEBUG org.eclipse.jetty.http.HttpParser - close HttpParser{s=START,0 of -1}
22:22:07.403 [qtp981159997-14] DEBUG org.eclipse.jetty.http.HttpParser - START --> CLOSE
22:22:07.403 [qtp981159997-14] DEBUG o.e.jetty.io.AbstractConnection - HttpConnection@3aa3384e::SocketChannelEndPoint@47568e11{/127.0.0.1:44190<->/127.0.0.1:9998,CLOSED,fill=-,flush=-,to=8/30000}{io=1/1,kio=-1,kro=-1}->HttpConnection@3aa3384e[p=HttpParser{s=CLOSE,0 of -1},g=HttpGenerator@8d74c9d{s=START}]=>HttpChannelOverHttp@66bc8499{r=1,c=false,c=false/false,a=IDLE,uri=null,age=0} onFillInterestedFailed {}
22:22:07.403 [qtp981159997-14] DEBUG org.eclipse.jetty.io.ManagedSelector - Wakeup ManagedSelector@28f8e165{STOPPING} id=1 keys=1 selected=0 updates=0
22:22:07.403 [qtp981159997-14] DEBUG o.e.j.util.thread.QueuedThreadPool - queue org.eclipse.jetty.io.ManagedSelector$DestroyEndPoint@102d77a3
22:22:07.403 [qtp981159997-14] DEBUG org.eclipse.jetty.io.ManagedSelector - updates 0
22:22:07.403 [qtp981159997-18] DEBUG o.e.j.util.thread.QueuedThreadPool - run org.eclipse.jetty.io.ManagedSelector$DestroyEndPoint@102d77a3
22:22:07.403 [main] DEBUG org.eclipse.jetty.io.ManagedSelector - Queued change org.eclipse.jetty.io.ManagedSelector$StopSelector@5a101b1c on ManagedSelector@28f8e165{STOPPING} id=1 keys=1 selected=0 updates=0
22:22:07.403 [qtp981159997-14] DEBUG org.eclipse.jetty.io.ManagedSelector - Selector sun.nio.ch.EPollSelectorImpl@1552075b waiting with 1 keys
22:22:07.403 [main] DEBUG org.eclipse.jetty.io.ManagedSelector - Wakeup on submit ManagedSelector@28f8e165{STOPPING} id=1 keys=1 selected=0 updates=1
22:22:07.403 [qtp981159997-18] DEBUG org.eclipse.jetty.io.ManagedSelector - Destroyed SocketChannelEndPoint@47568e11{/127.0.0.1:44190<->/127.0.0.1:9998,CLOSED,fill=-,flush=-,to=8/30000}{io=1/1,kio=-1,kro=-1}->HttpConnection@3aa3384e[p=HttpParser{s=CLOSE,0 of -1},g=HttpGenerator@8d74c9d{s=START}]=>HttpChannelOverHttp@66bc8499{r=1,c=false,c=false/false,a=IDLE,uri=null,age=0}
22:22:07.403 [qtp981159997-14] DEBUG org.eclipse.jetty.io.ManagedSelector - Selector sun.nio.ch.EPollSelectorImpl@1552075b woken with none selected
22:22:07.403 [qtp981159997-14] DEBUG org.eclipse.jetty.io.ManagedSelector - Selector sun.nio.ch.EPollSelectorImpl@1552075b woken up from select, 0/0/0 selected
22:22:07.403 [qtp981159997-14] DEBUG org.eclipse.jetty.io.ManagedSelector - Selector sun.nio.ch.EPollSelectorImpl@1552075b processing 0 keys, 1 updates
22:22:07.403 [qtp981159997-18] DEBUG o.e.jetty.io.AbstractConnection - onClose HttpConnection@3aa3384e::SocketChannelEndPoint@47568e11{/127.0.0.1:44190<->/127.0.0.1:9998,CLOSED,fill=-,flush=-,to=8/30000}{io=1/1,kio=-1,kro=-1}->HttpConnection@3aa3384e[p=HttpParser{s=CLOSE,0 of -1},g=HttpGenerator@8d74c9d{s=START}]=>HttpChannelOverHttp@66bc8499{r=1,c=false,c=false/false,a=IDLE,uri=null,age=0}
22:22:07.403 [qtp981159997-14] DEBUG org.eclipse.jetty.io.ManagedSelector - updateable 1
22:22:07.404 [qtp981159997-18] DEBUG o.e.j.util.thread.QueuedThreadPool - ran org.eclipse.jetty.io.ManagedSelector$DestroyEndPoint@102d77a3
22:22:07.404 [qtp981159997-14] DEBUG org.eclipse.jetty.io.ManagedSelector - update org.eclipse.jetty.io.ManagedSelector$StopSelector@5a101b1c
22:22:07.404 [qtp981159997-14] DEBUG org.eclipse.jetty.io.ManagedSelector - updates 0
22:22:07.404 [main] DEBUG o.e.j.u.component.AbstractLifeCycle - stopping EatWhatYouKill@2392212b/SelectorProducer@5b43e173/PRODUCING/p=false/JettyConnectorThreadPool[qtp981159997]@3a7b503d{STARTED,8<=8<=200,i=5,q=0}[ReservedThreadExecutor@5987e932{s=1/8,p=0}][pc=0,pic=0,pec=1,epc=0]@2020-09-27T22:22:07.404+01:00
22:22:07.404 [qtp981159997-14] DEBUG o.e.j.util.thread.QueuedThreadPool - ran org.eclipse.jetty.io.ManagedSelector$$Lambda$198/1041326823@350b3a17
22:22:07.404 [main] DEBUG o.e.j.u.component.AbstractLifeCycle - STOPPED EatWhatYouKill@2392212b/SelectorProducer@5b43e173/IDLE/p=false/JettyConnectorThreadPool[qtp981159997]@3a7b503d{STARTED,8<=8<=200,i=6,q=0}[ReservedThreadExecutor@5987e932{s=1/8,p=0}][pc=0,pic=0,pec=1,epc=0]@2020-09-27T22:22:07.404+01:00
22:22:07.404 [main] DEBUG o.e.j.u.component.AbstractLifeCycle - STOPPED ManagedSelector@28f8e165{STOPPED} id=1 keys=-1 selected=-1 updates=0
22:22:07.404 [main] DEBUG o.e.j.u.component.AbstractLifeCycle - stopping ManagedSelector@5fa47fea{STARTED} id=0 keys=0 selected=0 updates=0
22:22:07.404 [main] DEBUG org.eclipse.jetty.io.ManagedSelector - Queued change org.eclipse.jetty.io.ManagedSelector$CloseConnections@2160e52a on ManagedSelector@5fa47fea{STOPPING} id=0 keys=0 selected=0 updates=0
22:22:07.404 [main] DEBUG org.eclipse.jetty.io.ManagedSelector - Wakeup on submit ManagedSelector@5fa47fea{STOPPING} id=0 keys=0 selected=0 updates=1
22:22:07.404 [qtp981159997-13] DEBUG org.eclipse.jetty.io.ManagedSelector - Selector sun.nio.ch.EPollSelectorImpl@1d79fd25 woken with none selected
22:22:07.405 [qtp981159997-13] DEBUG org.eclipse.jetty.io.ManagedSelector - Selector sun.nio.ch.EPollSelectorImpl@1d79fd25 woken up from select, 0/0/0 selected
22:22:07.405 [qtp981159997-13] DEBUG org.eclipse.jetty.io.ManagedSelector - Selector sun.nio.ch.EPollSelectorImpl@1d79fd25 processing 0 keys, 1 updates
22:22:07.405 [qtp981159997-13] DEBUG org.eclipse.jetty.io.ManagedSelector - updateable 1
22:22:07.405 [qtp981159997-13] DEBUG org.eclipse.jetty.io.ManagedSelector - update org.eclipse.jetty.io.ManagedSelector$CloseConnections@2160e52a
22:22:07.405 [qtp981159997-13] DEBUG org.eclipse.jetty.io.ManagedSelector - Closing 0 connections on ManagedSelector@5fa47fea{STOPPING} id=0 keys=0 selected=0 updates=0
22:22:07.405 [qtp981159997-13] DEBUG org.eclipse.jetty.io.ManagedSelector - updates 0
22:22:07.405 [qtp981159997-13] DEBUG org.eclipse.jetty.io.ManagedSelector - Selector sun.nio.ch.EPollSelectorImpl@1d79fd25 waiting with 0 keys
22:22:07.405 [main] DEBUG org.eclipse.jetty.io.ManagedSelector - Queued change org.eclipse.jetty.io.ManagedSelector$StopSelector@29f0802c on ManagedSelector@5fa47fea{STOPPING} id=0 keys=0 selected=0 updates=0
22:22:07.405 [main] DEBUG org.eclipse.jetty.io.ManagedSelector - Wakeup on submit ManagedSelector@5fa47fea{STOPPING} id=0 keys=0 selected=0 updates=1
22:22:07.405 [qtp981159997-13] DEBUG org.eclipse.jetty.io.ManagedSelector - Selector sun.nio.ch.EPollSelectorImpl@1d79fd25 woken with none selected
22:22:07.405 [qtp981159997-13] DEBUG org.eclipse.jetty.io.ManagedSelector - Selector sun.nio.ch.EPollSelectorImpl@1d79fd25 woken up from select, 0/0/0 selected
22:22:07.405 [qtp981159997-13] DEBUG org.eclipse.jetty.io.ManagedSelector - Selector sun.nio.ch.EPollSelectorImpl@1d79fd25 processing 0 keys, 1 updates
22:22:07.405 [qtp981159997-13] DEBUG org.eclipse.jetty.io.ManagedSelector - updateable 1
22:22:07.405 [qtp981159997-13] DEBUG org.eclipse.jetty.io.ManagedSelector - update org.eclipse.jetty.io.ManagedSelector$StopSelector@29f0802c
22:22:07.405 [qtp981159997-13] DEBUG org.eclipse.jetty.io.ManagedSelector - updates 0
22:22:07.405 [main] DEBUG o.e.j.u.component.AbstractLifeCycle - stopping EatWhatYouKill@15051a0/SelectorProducer@3773862a/PRODUCING/p=false/JettyConnectorThreadPool[qtp981159997]@3a7b503d{STARTED,8<=8<=200,i=6,q=0}[ReservedThreadExecutor@5987e932{s=1/8,p=0}][pc=0,pic=0,pec=0,epc=0]@2020-09-27T22:22:07.405+01:00
22:22:07.405 [qtp981159997-13] DEBUG o.e.j.util.thread.QueuedThreadPool - ran org.eclipse.jetty.io.ManagedSelector$$Lambda$198/1041326823@79c3f01f
22:22:07.405 [main] DEBUG o.e.j.u.component.AbstractLifeCycle - STOPPED EatWhatYouKill@15051a0/SelectorProducer@3773862a/IDLE/p=false/JettyConnectorThreadPool[qtp981159997]@3a7b503d{STARTED,8<=8<=200,i=7,q=0}[ReservedThreadExecutor@5987e932{s=1/8,p=0}][pc=0,pic=0,pec=0,epc=0]@2020-09-27T22:22:07.405+01:00
22:22:07.406 [main] DEBUG o.e.j.u.component.AbstractLifeCycle - STOPPED ManagedSelector@5fa47fea{STOPPED} id=0 keys=-1 selected=-1 updates=0
22:22:07.406 [main] DEBUG o.e.j.u.component.AbstractLifeCycle - STOPPED SelectorManager@ServerConnector@79c4715d{HTTP/1.1,[http/1.1]}{0.0.0.0:9998}
22:22:07.406 [main] DEBUG o.e.j.u.component.AbstractLifeCycle - stopping HttpConnectionFactory@85ec632[HTTP/1.1]
22:22:07.406 [main] DEBUG o.e.j.u.component.AbstractLifeCycle - STOPPED HttpConnectionFactory@85ec632[HTTP/1.1]
22:22:07.406 [main] DEBUG o.e.j.u.component.AbstractLifeCycle - stopping ScheduledExecutorScheduler@62577d6{STARTED}
22:22:07.406 [main] DEBUG o.e.j.u.component.AbstractLifeCycle - STOPPED ScheduledExecutorScheduler@62577d6{STOPPED}
22:22:07.406 [main] INFO  o.e.jetty.server.AbstractConnector - Stopped ServerConnector@79c4715d{HTTP/1.1,[http/1.1]}{0.0.0.0:9998}
22:22:07.406 [main] DEBUG o.e.j.u.component.AbstractLifeCycle - STOPPED ServerConnector@79c4715d{HTTP/1.1,[http/1.1]}{0.0.0.0:9998}
22:22:07.406 [main] DEBUG o.e.j.server.handler.AbstractHandler - stopping Server@610db97e{STOPPING}[9.4.17.v20190418]
22:22:07.406 [main] DEBUG o.e.j.u.component.AbstractLifeCycle - stopping ErrorHandler@17ae98d7{STARTED}
22:22:07.406 [main] DEBUG o.e.j.server.handler.AbstractHandler - stopping ErrorHandler@17ae98d7{STOPPING}
22:22:07.406 [main] DEBUG o.e.j.u.component.AbstractLifeCycle - STOPPED ErrorHandler@17ae98d7{STOPPED}
22:22:07.407 [main] DEBUG o.e.j.u.component.AbstractLifeCycle - stopping JettyHttpContainer@117632cf{STARTED}
22:22:07.407 [main] DEBUG o.e.j.server.handler.AbstractHandler - stopping JettyHttpContainer@117632cf{STOPPING}
22:22:07.412 [main] DEBUG o.e.j.u.component.AbstractLifeCycle - STOPPED JettyHttpContainer@117632cf{STOPPED}
22:22:07.412 [main] DEBUG o.e.j.u.component.AbstractLifeCycle - stopping JettyConnectorThreadPool[qtp981159997]@3a7b503d{STARTED,8<=8<=200,i=7,q=0}[ReservedThreadExecutor@5987e932{s=1/8,p=0}]
22:22:07.412 [main] DEBUG o.e.j.util.thread.QueuedThreadPool - Stopping JettyConnectorThreadPool[qtp981159997]@3a7b503d{STOPPING,8<=8<=200,i=7,q=0}[ReservedThreadExecutor@5987e932{s=1/8,p=0}]
22:22:07.412 [main] DEBUG o.e.j.u.component.AbstractLifeCycle - stopping ReservedThreadExecutor@5987e932{s=1/8,p=0}
22:22:07.412 [main] DEBUG o.e.j.u.t.ReservedThreadExecutor - ReservedThreadExecutor@5987e932{s=0/8,p=0}@6bb87cf1 offer STOP!
22:22:07.412 [main] DEBUG o.e.j.u.component.AbstractLifeCycle - STOPPED ReservedThreadExecutor@5987e932{s=0/8,p=0}
22:22:07.412 [qtp981159997-19] DEBUG o.e.j.u.t.ReservedThreadExecutor - ReservedThreadExecutor@5987e932{s=0/8,p=0}@6bb87cf1 task=STOP!
22:22:07.412 [qtp981159997-19] DEBUG o.e.j.u.t.ReservedThreadExecutor - ReservedThreadExecutor@5987e932{s=0/8,p=0}@6bb87cf1 Exited
22:22:07.412 [qtp981159997-19] DEBUG o.e.j.util.thread.QueuedThreadPool - ran ReservedThreadExecutor@5987e932{s=0/8,p=0}@6bb87cf1
22:22:07.413 [qtp981159997-17] DEBUG o.e.j.util.thread.QueuedThreadPool - run org.eclipse.jetty.util.thread.QueuedThreadPool$$Lambda$265/1547817015@542ada62
22:22:07.413 [qtp981159997-17] DEBUG o.e.j.util.thread.QueuedThreadPool - ran org.eclipse.jetty.util.thread.QueuedThreadPool$$Lambda$265/1547817015@542ada62
22:22:07.413 [main] DEBUG o.e.j.util.thread.QueuedThreadPool - Waiting for Thread[qtp981159997-15,5,main] for 14999
22:22:07.413 [qtp981159997-20] DEBUG o.e.j.util.thread.QueuedThreadPool - run org.eclipse.jetty.util.thread.QueuedThreadPool$$Lambda$265/1547817015@542ada62
22:22:07.413 [qtp981159997-20] DEBUG o.e.j.util.thread.QueuedThreadPool - ran org.eclipse.jetty.util.thread.QueuedThreadPool$$Lambda$265/1547817015@542ada62
22:22:07.413 [qtp981159997-16] DEBUG o.e.j.util.thread.QueuedThreadPool - run org.eclipse.jetty.util.thread.QueuedThreadPool$$Lambda$265/1547817015@542ada62
22:22:07.413 [qtp981159997-16] DEBUG o.e.j.util.thread.QueuedThreadPool - ran org.eclipse.jetty.util.thread.QueuedThreadPool$$Lambda$265/1547817015@542ada62
22:22:07.413 [qtp981159997-15] DEBUG o.e.j.util.thread.QueuedThreadPool - run org.eclipse.jetty.util.thread.QueuedThreadPool$$Lambda$265/1547817015@542ada62
22:22:07.413 [qtp981159997-14] DEBUG o.e.j.util.thread.QueuedThreadPool - run org.eclipse.jetty.util.thread.QueuedThreadPool$$Lambda$265/1547817015@542ada62
22:22:07.413 [qtp981159997-18] DEBUG o.e.j.util.thread.QueuedThreadPool - run org.eclipse.jetty.util.thread.QueuedThreadPool$$Lambda$265/1547817015@542ada62
22:22:07.413 [qtp981159997-15] DEBUG o.e.j.util.thread.QueuedThreadPool - ran org.eclipse.jetty.util.thread.QueuedThreadPool$$Lambda$265/1547817015@542ada62
22:22:07.413 [qtp981159997-18] DEBUG o.e.j.util.thread.QueuedThreadPool - ran org.eclipse.jetty.util.thread.QueuedThreadPool$$Lambda$265/1547817015@542ada62
22:22:07.413 [qtp981159997-14] DEBUG o.e.j.util.thread.QueuedThreadPool - ran org.eclipse.jetty.util.thread.QueuedThreadPool$$Lambda$265/1547817015@542ada62
22:22:07.413 [main] DEBUG o.e.j.util.thread.QueuedThreadPool - Waiting for Thread[qtp981159997-13,5,main] for 14999
22:22:07.414 [qtp981159997-13] DEBUG o.e.j.util.thread.QueuedThreadPool - run org.eclipse.jetty.util.thread.QueuedThreadPool$$Lambda$265/1547817015@542ada62
22:22:07.414 [qtp981159997-13] DEBUG o.e.j.util.thread.QueuedThreadPool - ran org.eclipse.jetty.util.thread.QueuedThreadPool$$Lambda$265/1547817015@542ada62
22:22:07.414 [main] DEBUG o.e.j.u.component.AbstractLifeCycle - STOPPED JettyConnectorThreadPool[qtp981159997]@3a7b503d{STOPPED,8<=0<=200,i=0,q=0}[org.eclipse.jetty.util.thread.TryExecutor$$Lambda$180/1484275564@1cefc4b3]
22:22:07.414 [main] DEBUG o.e.j.u.component.AbstractLifeCycle - STOPPED Server@610db97e{STOPPED}[9.4.17.v20190418]
]]></system-out>
    <system-err><![CDATA[set 27, 2020 10:22:06 PM org.glassfish.jersey.test.jetty.JettyTestContainerFactory$JettyTestContainer <init>
INFO: Creating JettyTestContainer configured at the base URI http://localhost:9998/
]]></system-err>
  </testcase>
  <testcase name="testCreateContactWithInvalidContact" classname="com.brunogoncalves.phonebook.resource.ContactResourceTest" time="0.286">
    <system-out><![CDATA[22:22:07.481 [main] DEBUG o.h.v.i.e.r.TraversableResolvers - Cannot find javax.persistence.Persistence on classpath. Assuming non JPA 2 environment. All properties will per default be traversable.
22:22:07.483 [main] DEBUG o.h.v.i.x.config.ValidationXmlParser - Trying to load META-INF/validation.xml for XML based Validator configuration.
22:22:07.483 [main] DEBUG o.h.v.i.x.c.ResourceLoaderHelper - Trying to load META-INF/validation.xml via TCCL
22:22:07.484 [main] DEBUG o.h.v.i.x.c.ResourceLoaderHelper - Trying to load META-INF/validation.xml via Hibernate Validator's class loader
22:22:07.484 [main] DEBUG o.h.v.i.x.config.ValidationXmlParser - No META-INF/validation.xml found. Using annotation based configuration only.
22:22:07.489 [main] DEBUG o.h.v.m.ResourceBundleMessageInterpolator - Loaded expression factory via original TCCL
22:22:07.489 [main] DEBUG o.h.v.i.engine.ValidatorFactoryImpl - HV000234: Using org.hibernate.validator.messageinterpolation.ResourceBundleMessageInterpolator as ValidatorFactory-scoped message interpolator.
22:22:07.489 [main] DEBUG o.h.v.i.engine.ValidatorFactoryImpl - HV000234: Using org.hibernate.validator.internal.engine.resolver.TraverseAllTraversableResolver as ValidatorFactory-scoped traversable resolver.
22:22:07.489 [main] DEBUG o.h.v.i.engine.ValidatorFactoryImpl - HV000234: Using org.hibernate.validator.internal.util.ExecutableParameterNameProvider as ValidatorFactory-scoped parameter name provider.
22:22:07.489 [main] DEBUG o.h.v.i.engine.ValidatorFactoryImpl - HV000234: Using org.hibernate.validator.internal.engine.DefaultClockProvider as ValidatorFactory-scoped clock provider.
22:22:07.489 [main] DEBUG o.h.v.i.engine.ValidatorFactoryImpl - HV000234: Using org.hibernate.validator.internal.engine.scripting.DefaultScriptEvaluatorFactory as ValidatorFactory-scoped script evaluator factory.
22:22:07.496 [main] DEBUG o.e.j.u.component.ContainerLifeCycle - Server@30135202{STOPPED}[9.4.17.v20190418] added {JettyConnectorThreadPool[qtp1179689991]@4650a407{STOPPED,8<=0<=200,i=0,q=0}[org.eclipse.jetty.util.thread.TryExecutor$$Lambda$180/1484275564@1cefc4b3],AUTO}
22:22:07.497 [main] DEBUG o.e.j.u.component.ContainerLifeCycle - HttpConnectionFactory@6a4d7f76[HTTP/1.1] added {HttpConfiguration@10ec523c{32768/8192,8192/8192,https://:0,[]},POJO}
22:22:07.497 [main] DEBUG o.e.j.u.component.ContainerLifeCycle - ServerConnector@53dfacba{null,[]}{0.0.0.0:0} added {Server@30135202{STOPPED}[9.4.17.v20190418],UNMANAGED}
22:22:07.497 [main] DEBUG o.e.j.u.component.ContainerLifeCycle - ServerConnector@53dfacba{null,[]}{0.0.0.0:0} added {JettyConnectorThreadPool[qtp1179689991]@4650a407{STOPPED,8<=0<=200,i=0,q=0}[org.eclipse.jetty.util.thread.TryExecutor$$Lambda$180/1484275564@1cefc4b3],AUTO}
22:22:07.497 [main] DEBUG o.e.j.u.component.ContainerLifeCycle - ServerConnector@53dfacba{null,[]}{0.0.0.0:0} added {ScheduledExecutorScheduler@79767781{STOPPED},AUTO}
22:22:07.497 [main] DEBUG o.e.j.u.component.ContainerLifeCycle - ServerConnector@53dfacba{null,[]}{0.0.0.0:0} added {org.eclipse.jetty.io.ArrayByteBufferPool@78411116,POJO}
22:22:07.497 [main] DEBUG o.e.j.u.component.ContainerLifeCycle - ServerConnector@53dfacba{null,[http/1.1]}{0.0.0.0:0} added {HttpConnectionFactory@6a4d7f76[HTTP/1.1],AUTO}
22:22:07.497 [main] DEBUG o.e.jetty.server.AbstractConnector - ServerConnector@53dfacba{HTTP/1.1,[http/1.1]}{0.0.0.0:0} added HttpConnectionFactory@6a4d7f76[HTTP/1.1]
22:22:07.497 [main] DEBUG o.e.j.u.component.ContainerLifeCycle - ServerConnector@53dfacba{HTTP/1.1,[http/1.1]}{0.0.0.0:0} added {SelectorManager@ServerConnector@53dfacba{HTTP/1.1,[http/1.1]}{0.0.0.0:0},MANAGED}
22:22:07.497 [main] DEBUG o.e.j.u.component.ContainerLifeCycle - Server@30135202{STOPPED}[9.4.17.v20190418] added {ServerConnector@53dfacba{HTTP/1.1,[http/1.1]}{0.0.0.0:9998},AUTO}
22:22:07.497 [main] DEBUG o.e.j.u.component.ContainerLifeCycle - Server@30135202{STOPPED}[9.4.17.v20190418] added {JettyHttpContainer@aced190{STOPPED},MANAGED}
22:22:07.497 [main] DEBUG o.e.j.u.component.AbstractLifeCycle - starting Server@30135202{STOPPED}[9.4.17.v20190418]
22:22:07.498 [main] DEBUG o.e.j.u.component.ContainerLifeCycle - Server@30135202{STARTING}[9.4.17.v20190418] added {ErrorHandler@245a060f{STOPPED},AUTO}
22:22:07.498 [main] INFO  org.eclipse.jetty.server.Server - jetty-9.4.17.v20190418; built: 2019-04-18T19:45:35.259Z; git: aa1c656c315c011c01e7b21aabb04066635b9f67; jvm 1.8.0_265-8u265-b01-0ubuntu2~18.04-b01
22:22:07.498 [main] DEBUG o.e.j.server.handler.AbstractHandler - starting Server@30135202{STARTING}[9.4.17.v20190418]
22:22:07.498 [main] DEBUG o.e.j.u.component.AbstractLifeCycle - starting JettyConnectorThreadPool[qtp1179689991]@4650a407{STOPPED,8<=0<=200,i=0,q=0}[org.eclipse.jetty.util.thread.TryExecutor$$Lambda$180/1484275564@1cefc4b3]
22:22:07.498 [main] DEBUG o.e.j.u.t.ReservedThreadExecutor - ReservedThreadExecutor@6edaa77a{s=0/8,p=0}
22:22:07.498 [main] DEBUG o.e.j.u.component.ContainerLifeCycle - JettyConnectorThreadPool[qtp1179689991]@4650a407{STARTING,8<=0<=200,i=0,q=0}[ReservedThreadExecutor@6edaa77a{s=0/8,p=0}] added {ReservedThreadExecutor@6edaa77a{s=0/8,p=0},AUTO}
22:22:07.498 [main] DEBUG o.e.j.u.component.AbstractLifeCycle - starting ReservedThreadExecutor@6edaa77a{s=0/8,p=0}
22:22:07.498 [main] DEBUG o.e.j.u.component.AbstractLifeCycle - STARTED @1978ms ReservedThreadExecutor@6edaa77a{s=0/8,p=0}
22:22:07.499 [main] DEBUG o.e.j.util.thread.QueuedThreadPool - Starting Thread[qtp1179689991-23,5,main]
22:22:07.501 [main] DEBUG o.e.j.util.thread.QueuedThreadPool - Starting Thread[qtp1179689991-24,5,main]
22:22:07.501 [main] DEBUG o.e.j.util.thread.QueuedThreadPool - Starting Thread[qtp1179689991-25,5,main]
22:22:07.505 [main] DEBUG o.e.j.util.thread.QueuedThreadPool - Starting Thread[qtp1179689991-26,5,main]
22:22:07.505 [main] DEBUG o.e.j.util.thread.QueuedThreadPool - Starting Thread[qtp1179689991-27,5,main]
22:22:07.517 [main] DEBUG o.e.j.util.thread.QueuedThreadPool - Starting Thread[qtp1179689991-28,5,main]
22:22:07.525 [main] DEBUG o.e.j.util.thread.QueuedThreadPool - Starting Thread[qtp1179689991-29,5,main]
22:22:07.525 [main] DEBUG o.e.j.util.thread.QueuedThreadPool - Starting Thread[qtp1179689991-30,5,main]
22:22:07.525 [main] DEBUG o.e.j.u.component.AbstractLifeCycle - STARTED @2004ms JettyConnectorThreadPool[qtp1179689991]@4650a407{STARTED,8<=8<=200,i=7,q=0}[ReservedThreadExecutor@6edaa77a{s=0/8,p=0}]
22:22:07.525 [main] DEBUG o.e.j.u.component.AbstractLifeCycle - starting JettyHttpContainer@aced190{STOPPED}
22:22:07.525 [main] DEBUG o.e.j.server.handler.AbstractHandler - starting JettyHttpContainer@aced190{STARTING}
22:22:07.525 [main] DEBUG o.e.j.u.component.AbstractLifeCycle - STARTED @2005ms JettyHttpContainer@aced190{STARTED}
22:22:07.525 [main] DEBUG o.e.j.u.component.AbstractLifeCycle - starting ErrorHandler@245a060f{STOPPED}
22:22:07.525 [main] DEBUG o.e.j.server.handler.AbstractHandler - starting ErrorHandler@245a060f{STARTING}
22:22:07.525 [main] DEBUG o.e.j.u.component.AbstractLifeCycle - STARTED @2005ms ErrorHandler@245a060f{STARTED}
22:22:07.525 [main] DEBUG o.e.j.u.component.AbstractLifeCycle - starting ServerConnector@53dfacba{HTTP/1.1,[http/1.1]}{0.0.0.0:9998}
22:22:07.526 [main] DEBUG o.e.j.u.component.ContainerLifeCycle - ServerConnector@53dfacba{HTTP/1.1,[http/1.1]}{0.0.0.0:9998} added {sun.nio.ch.ServerSocketChannelImpl[/0:0:0:0:0:0:0:0:9998],POJO}
22:22:07.526 [main] DEBUG o.e.j.u.component.AbstractLifeCycle - starting ScheduledExecutorScheduler@79767781{STOPPED}
22:22:07.526 [main] DEBUG o.e.j.u.component.AbstractLifeCycle - STARTED @2005ms ScheduledExecutorScheduler@79767781{STARTED}
22:22:07.526 [main] DEBUG o.e.j.u.component.AbstractLifeCycle - starting HttpConnectionFactory@6a4d7f76[HTTP/1.1]
22:22:07.526 [main] DEBUG o.e.j.u.component.AbstractLifeCycle - STARTED @2005ms HttpConnectionFactory@6a4d7f76[HTTP/1.1]
22:22:07.526 [main] DEBUG o.e.j.u.component.AbstractLifeCycle - starting SelectorManager@ServerConnector@53dfacba{HTTP/1.1,[http/1.1]}{0.0.0.0:9998}
22:22:07.526 [main] DEBUG o.e.j.u.component.ContainerLifeCycle - EatWhatYouKill@35f8a9d3/SelectorProducer@48ea2003/IDLE/p=false/JettyConnectorThreadPool[qtp1179689991]@4650a407{STARTED,8<=8<=200,i=8,q=0}[ReservedThreadExecutor@6edaa77a{s=0/8,p=0}][pc=0,pic=0,pec=0,epc=0]@2020-09-27T22:22:07.526+01:00 added {SelectorProducer@48ea2003,POJO}
22:22:07.526 [main] DEBUG o.e.j.u.component.ContainerLifeCycle - EatWhatYouKill@35f8a9d3/SelectorProducer@48ea2003/IDLE/p=false/JettyConnectorThreadPool[qtp1179689991]@4650a407{STARTED,8<=8<=200,i=8,q=0}[ReservedThreadExecutor@6edaa77a{s=0/8,p=0}][pc=0,pic=0,pec=0,epc=0]@2020-09-27T22:22:07.526+01:00 added {JettyConnectorThreadPool[qtp1179689991]@4650a407{STARTED,8<=8<=200,i=8,q=0}[ReservedThreadExecutor@6edaa77a{s=0/8,p=0}],UNMANAGED}
22:22:07.526 [main] DEBUG o.e.j.u.t.strategy.EatWhatYouKill - EatWhatYouKill@35f8a9d3/SelectorProducer@48ea2003/IDLE/p=false/JettyConnectorThreadPool[qtp1179689991]@4650a407{STARTED,8<=8<=200,i=8,q=0}[ReservedThreadExecutor@6edaa77a{s=0/8,p=0}][pc=0,pic=0,pec=0,epc=0]@2020-09-27T22:22:07.526+01:00 created
22:22:07.527 [main] DEBUG o.e.j.u.component.ContainerLifeCycle - ManagedSelector@6b1e7ad3{STOPPED} id=0 keys=-1 selected=-1 updates=0 added {EatWhatYouKill@35f8a9d3/SelectorProducer@48ea2003/IDLE/p=false/JettyConnectorThreadPool[qtp1179689991]@4650a407{STARTED,8<=8<=200,i=8,q=0}[ReservedThreadExecutor@6edaa77a{s=0/8,p=0}][pc=0,pic=0,pec=0,epc=0]@2020-09-27T22:22:07.527+01:00,MANAGED}
22:22:07.527 [main] DEBUG o.e.j.u.component.ContainerLifeCycle - SelectorManager@ServerConnector@53dfacba{HTTP/1.1,[http/1.1]}{0.0.0.0:9998} added {ManagedSelector@6b1e7ad3{STOPPED} id=0 keys=-1 selected=-1 updates=0,AUTO}
22:22:07.527 [main] DEBUG o.e.j.u.component.ContainerLifeCycle - EatWhatYouKill@63e5e5b4/SelectorProducer@13a37e2a/IDLE/p=false/JettyConnectorThreadPool[qtp1179689991]@4650a407{STARTED,8<=8<=200,i=8,q=0}[ReservedThreadExecutor@6edaa77a{s=0/8,p=0}][pc=0,pic=0,pec=0,epc=0]@2020-09-27T22:22:07.527+01:00 added {SelectorProducer@13a37e2a,POJO}
22:22:07.527 [main] DEBUG o.e.j.u.component.ContainerLifeCycle - EatWhatYouKill@63e5e5b4/SelectorProducer@13a37e2a/IDLE/p=false/JettyConnectorThreadPool[qtp1179689991]@4650a407{STARTED,8<=8<=200,i=8,q=0}[ReservedThreadExecutor@6edaa77a{s=0/8,p=0}][pc=0,pic=0,pec=0,epc=0]@2020-09-27T22:22:07.527+01:00 added {JettyConnectorThreadPool[qtp1179689991]@4650a407{STARTED,8<=8<=200,i=8,q=0}[ReservedThreadExecutor@6edaa77a{s=0/8,p=0}],UNMANAGED}
22:22:07.527 [main] DEBUG o.e.j.u.t.strategy.EatWhatYouKill - EatWhatYouKill@63e5e5b4/SelectorProducer@13a37e2a/IDLE/p=false/JettyConnectorThreadPool[qtp1179689991]@4650a407{STARTED,8<=8<=200,i=8,q=0}[ReservedThreadExecutor@6edaa77a{s=0/8,p=0}][pc=0,pic=0,pec=0,epc=0]@2020-09-27T22:22:07.527+01:00 created
22:22:07.527 [main] DEBUG o.e.j.u.component.ContainerLifeCycle - ManagedSelector@a50ae65{STOPPED} id=1 keys=-1 selected=-1 updates=0 added {EatWhatYouKill@63e5e5b4/SelectorProducer@13a37e2a/IDLE/p=false/JettyConnectorThreadPool[qtp1179689991]@4650a407{STARTED,8<=8<=200,i=8,q=0}[ReservedThreadExecutor@6edaa77a{s=0/8,p=0}][pc=0,pic=0,pec=0,epc=0]@2020-09-27T22:22:07.527+01:00,MANAGED}
22:22:07.528 [main] DEBUG o.e.j.u.component.ContainerLifeCycle - SelectorManager@ServerConnector@53dfacba{HTTP/1.1,[http/1.1]}{0.0.0.0:9998} added {ManagedSelector@a50ae65{STOPPED} id=1 keys=-1 selected=-1 updates=0,AUTO}
22:22:07.528 [main] DEBUG o.e.j.u.component.ContainerLifeCycle - EatWhatYouKill@1280851e/SelectorProducer@5e840abf/IDLE/p=false/JettyConnectorThreadPool[qtp1179689991]@4650a407{STARTED,8<=8<=200,i=8,q=0}[ReservedThreadExecutor@6edaa77a{s=0/8,p=0}][pc=0,pic=0,pec=0,epc=0]@2020-09-27T22:22:07.528+01:00 added {SelectorProducer@5e840abf,POJO}
22:22:07.528 [main] DEBUG o.e.j.u.component.ContainerLifeCycle - EatWhatYouKill@1280851e/SelectorProducer@5e840abf/IDLE/p=false/JettyConnectorThreadPool[qtp1179689991]@4650a407{STARTED,8<=8<=200,i=8,q=0}[ReservedThreadExecutor@6edaa77a{s=0/8,p=0}][pc=0,pic=0,pec=0,epc=0]@2020-09-27T22:22:07.528+01:00 added {JettyConnectorThreadPool[qtp1179689991]@4650a407{STARTED,8<=8<=200,i=8,q=0}[ReservedThreadExecutor@6edaa77a{s=0/8,p=0}],UNMANAGED}
22:22:07.528 [main] DEBUG o.e.j.u.t.strategy.EatWhatYouKill - EatWhatYouKill@1280851e/SelectorProducer@5e840abf/IDLE/p=false/JettyConnectorThreadPool[qtp1179689991]@4650a407{STARTED,8<=8<=200,i=8,q=0}[ReservedThreadExecutor@6edaa77a{s=0/8,p=0}][pc=0,pic=0,pec=0,epc=0]@2020-09-27T22:22:07.528+01:00 created
22:22:07.528 [main] DEBUG o.e.j.u.component.ContainerLifeCycle - ManagedSelector@56de6d6b{STOPPED} id=2 keys=-1 selected=-1 updates=0 added {EatWhatYouKill@1280851e/SelectorProducer@5e840abf/IDLE/p=false/JettyConnectorThreadPool[qtp1179689991]@4650a407{STARTED,8<=8<=200,i=8,q=0}[ReservedThreadExecutor@6edaa77a{s=0/8,p=0}][pc=0,pic=0,pec=0,epc=0]@2020-09-27T22:22:07.528+01:00,MANAGED}
22:22:07.528 [main] DEBUG o.e.j.u.component.ContainerLifeCycle - SelectorManager@ServerConnector@53dfacba{HTTP/1.1,[http/1.1]}{0.0.0.0:9998} added {ManagedSelector@56de6d6b{STOPPED} id=2 keys=-1 selected=-1 updates=0,AUTO}
22:22:07.529 [main] DEBUG o.e.j.u.component.ContainerLifeCycle - EatWhatYouKill@5972d253/SelectorProducer@4fcc0416/IDLE/p=false/JettyConnectorThreadPool[qtp1179689991]@4650a407{STARTED,8<=8<=200,i=8,q=0}[ReservedThreadExecutor@6edaa77a{s=0/8,p=0}][pc=0,pic=0,pec=0,epc=0]@2020-09-27T22:22:07.528+01:00 added {SelectorProducer@4fcc0416,POJO}
22:22:07.529 [main] DEBUG o.e.j.u.component.ContainerLifeCycle - EatWhatYouKill@5972d253/SelectorProducer@4fcc0416/IDLE/p=false/JettyConnectorThreadPool[qtp1179689991]@4650a407{STARTED,8<=8<=200,i=8,q=0}[ReservedThreadExecutor@6edaa77a{s=0/8,p=0}][pc=0,pic=0,pec=0,epc=0]@2020-09-27T22:22:07.529+01:00 added {JettyConnectorThreadPool[qtp1179689991]@4650a407{STARTED,8<=8<=200,i=8,q=0}[ReservedThreadExecutor@6edaa77a{s=0/8,p=0}],UNMANAGED}
22:22:07.529 [main] DEBUG o.e.j.u.t.strategy.EatWhatYouKill - EatWhatYouKill@5972d253/SelectorProducer@4fcc0416/IDLE/p=false/JettyConnectorThreadPool[qtp1179689991]@4650a407{STARTED,8<=8<=200,i=8,q=0}[ReservedThreadExecutor@6edaa77a{s=0/8,p=0}][pc=0,pic=0,pec=0,epc=0]@2020-09-27T22:22:07.529+01:00 created
22:22:07.529 [main] DEBUG o.e.j.u.component.ContainerLifeCycle - ManagedSelector@31e32ea2{STOPPED} id=3 keys=-1 selected=-1 updates=0 added {EatWhatYouKill@5972d253/SelectorProducer@4fcc0416/IDLE/p=false/JettyConnectorThreadPool[qtp1179689991]@4650a407{STARTED,8<=8<=200,i=8,q=0}[ReservedThreadExecutor@6edaa77a{s=0/8,p=0}][pc=0,pic=0,pec=0,epc=0]@2020-09-27T22:22:07.529+01:00,MANAGED}
22:22:07.529 [main] DEBUG o.e.j.u.component.ContainerLifeCycle - SelectorManager@ServerConnector@53dfacba{HTTP/1.1,[http/1.1]}{0.0.0.0:9998} added {ManagedSelector@31e32ea2{STOPPED} id=3 keys=-1 selected=-1 updates=0,AUTO}
22:22:07.529 [main] DEBUG o.e.j.u.component.AbstractLifeCycle - starting ManagedSelector@6b1e7ad3{STOPPED} id=0 keys=-1 selected=-1 updates=0
22:22:07.529 [main] DEBUG o.e.j.u.component.AbstractLifeCycle - starting EatWhatYouKill@35f8a9d3/SelectorProducer@48ea2003/IDLE/p=false/JettyConnectorThreadPool[qtp1179689991]@4650a407{STARTED,8<=8<=200,i=8,q=0}[ReservedThreadExecutor@6edaa77a{s=0/8,p=0}][pc=0,pic=0,pec=0,epc=0]@2020-09-27T22:22:07.529+01:00
22:22:07.530 [main] DEBUG o.e.j.u.component.AbstractLifeCycle - STARTED @2009ms EatWhatYouKill@35f8a9d3/SelectorProducer@48ea2003/IDLE/p=false/JettyConnectorThreadPool[qtp1179689991]@4650a407{STARTED,8<=8<=200,i=8,q=0}[ReservedThreadExecutor@6edaa77a{s=0/8,p=0}][pc=0,pic=0,pec=0,epc=0]@2020-09-27T22:22:07.53+01:00
22:22:07.530 [main] DEBUG o.e.j.util.thread.QueuedThreadPool - queue org.eclipse.jetty.io.ManagedSelector$$Lambda$198/1041326823@1473b8c0
22:22:07.530 [main] DEBUG org.eclipse.jetty.io.ManagedSelector - Queued change org.eclipse.jetty.io.ManagedSelector$Start@5b5c0057 on ManagedSelector@6b1e7ad3{STARTING} id=0 keys=0 selected=0 updates=0
22:22:07.530 [qtp1179689991-23] DEBUG o.e.j.util.thread.QueuedThreadPool - run org.eclipse.jetty.io.ManagedSelector$$Lambda$198/1041326823@1473b8c0
22:22:07.530 [qtp1179689991-23] DEBUG o.e.j.u.t.strategy.EatWhatYouKill - EatWhatYouKill@35f8a9d3/SelectorProducer@48ea2003/IDLE/p=false/JettyConnectorThreadPool[qtp1179689991]@4650a407{STARTED,8<=8<=200,i=7,q=0}[ReservedThreadExecutor@6edaa77a{s=0/8,p=0}][pc=0,pic=0,pec=0,epc=0]@2020-09-27T22:22:07.53+01:00 tryProduce false
22:22:07.530 [qtp1179689991-23] DEBUG org.eclipse.jetty.io.ManagedSelector - updateable 1
22:22:07.530 [qtp1179689991-23] DEBUG org.eclipse.jetty.io.ManagedSelector - update org.eclipse.jetty.io.ManagedSelector$Start@5b5c0057
22:22:07.530 [qtp1179689991-23] DEBUG org.eclipse.jetty.io.ManagedSelector - updates 0
22:22:07.530 [qtp1179689991-23] DEBUG org.eclipse.jetty.io.ManagedSelector - Selector sun.nio.ch.EPollSelectorImpl@518690ea waiting with 0 keys
22:22:07.530 [main] DEBUG o.e.j.u.component.AbstractLifeCycle - STARTED @2010ms ManagedSelector@6b1e7ad3{STARTED} id=0 keys=0 selected=0 updates=0
22:22:07.530 [main] DEBUG o.e.j.u.component.AbstractLifeCycle - starting ManagedSelector@a50ae65{STOPPED} id=1 keys=-1 selected=-1 updates=0
22:22:07.530 [main] DEBUG o.e.j.u.component.AbstractLifeCycle - starting EatWhatYouKill@63e5e5b4/SelectorProducer@13a37e2a/IDLE/p=false/JettyConnectorThreadPool[qtp1179689991]@4650a407{STARTED,8<=8<=200,i=7,q=0}[ReservedThreadExecutor@6edaa77a{s=0/8,p=0}][pc=0,pic=0,pec=0,epc=0]@2020-09-27T22:22:07.53+01:00
22:22:07.531 [main] DEBUG o.e.j.u.component.AbstractLifeCycle - STARTED @2010ms EatWhatYouKill@63e5e5b4/SelectorProducer@13a37e2a/IDLE/p=false/JettyConnectorThreadPool[qtp1179689991]@4650a407{STARTED,8<=8<=200,i=7,q=0}[ReservedThreadExecutor@6edaa77a{s=0/8,p=0}][pc=0,pic=0,pec=0,epc=0]@2020-09-27T22:22:07.53+01:00
22:22:07.531 [main] DEBUG o.e.j.util.thread.QueuedThreadPool - queue org.eclipse.jetty.io.ManagedSelector$$Lambda$198/1041326823@749f539e
22:22:07.531 [main] DEBUG org.eclipse.jetty.io.ManagedSelector - Queued change org.eclipse.jetty.io.ManagedSelector$Start@5ca1f591 on ManagedSelector@a50ae65{STARTING} id=1 keys=0 selected=0 updates=0
22:22:07.531 [qtp1179689991-24] DEBUG o.e.j.util.thread.QueuedThreadPool - run org.eclipse.jetty.io.ManagedSelector$$Lambda$198/1041326823@749f539e
22:22:07.531 [qtp1179689991-24] DEBUG o.e.j.u.t.strategy.EatWhatYouKill - EatWhatYouKill@63e5e5b4/SelectorProducer@13a37e2a/IDLE/p=false/JettyConnectorThreadPool[qtp1179689991]@4650a407{STARTED,8<=8<=200,i=6,q=0}[ReservedThreadExecutor@6edaa77a{s=0/8,p=0}][pc=0,pic=0,pec=0,epc=0]@2020-09-27T22:22:07.531+01:00 tryProduce false
22:22:07.531 [qtp1179689991-24] DEBUG org.eclipse.jetty.io.ManagedSelector - updateable 1
22:22:07.531 [qtp1179689991-24] DEBUG org.eclipse.jetty.io.ManagedSelector - update org.eclipse.jetty.io.ManagedSelector$Start@5ca1f591
22:22:07.531 [qtp1179689991-24] DEBUG org.eclipse.jetty.io.ManagedSelector - updates 0
22:22:07.531 [qtp1179689991-24] DEBUG org.eclipse.jetty.io.ManagedSelector - Selector sun.nio.ch.EPollSelectorImpl@16f52cac waiting with 0 keys
22:22:07.531 [main] DEBUG o.e.j.u.component.AbstractLifeCycle - STARTED @2010ms ManagedSelector@a50ae65{STARTED} id=1 keys=0 selected=0 updates=0
22:22:07.531 [main] DEBUG o.e.j.u.component.AbstractLifeCycle - starting ManagedSelector@56de6d6b{STOPPED} id=2 keys=-1 selected=-1 updates=0
22:22:07.531 [main] DEBUG o.e.j.u.component.AbstractLifeCycle - starting EatWhatYouKill@1280851e/SelectorProducer@5e840abf/IDLE/p=false/JettyConnectorThreadPool[qtp1179689991]@4650a407{STARTED,8<=8<=200,i=6,q=0}[ReservedThreadExecutor@6edaa77a{s=0/8,p=0}][pc=0,pic=0,pec=0,epc=0]@2020-09-27T22:22:07.531+01:00
22:22:07.531 [main] DEBUG o.e.j.u.component.AbstractLifeCycle - STARTED @2011ms EatWhatYouKill@1280851e/SelectorProducer@5e840abf/IDLE/p=false/JettyConnectorThreadPool[qtp1179689991]@4650a407{STARTED,8<=8<=200,i=6,q=0}[ReservedThreadExecutor@6edaa77a{s=0/8,p=0}][pc=0,pic=0,pec=0,epc=0]@2020-09-27T22:22:07.531+01:00
22:22:07.531 [main] DEBUG o.e.j.util.thread.QueuedThreadPool - queue org.eclipse.jetty.io.ManagedSelector$$Lambda$198/1041326823@551de37d
22:22:07.531 [main] DEBUG org.eclipse.jetty.io.ManagedSelector - Queued change org.eclipse.jetty.io.ManagedSelector$Start@6ef81f31 on ManagedSelector@56de6d6b{STARTING} id=2 keys=0 selected=0 updates=0
22:22:07.531 [qtp1179689991-25] DEBUG o.e.j.util.thread.QueuedThreadPool - run org.eclipse.jetty.io.ManagedSelector$$Lambda$198/1041326823@551de37d
22:22:07.532 [qtp1179689991-25] DEBUG o.e.j.u.t.strategy.EatWhatYouKill - EatWhatYouKill@1280851e/SelectorProducer@5e840abf/IDLE/p=false/JettyConnectorThreadPool[qtp1179689991]@4650a407{STARTED,8<=8<=200,i=5,q=0}[ReservedThreadExecutor@6edaa77a{s=0/8,p=0}][pc=0,pic=0,pec=0,epc=0]@2020-09-27T22:22:07.532+01:00 tryProduce false
22:22:07.532 [qtp1179689991-25] DEBUG org.eclipse.jetty.io.ManagedSelector - updateable 1
22:22:07.532 [qtp1179689991-25] DEBUG org.eclipse.jetty.io.ManagedSelector - update org.eclipse.jetty.io.ManagedSelector$Start@6ef81f31
22:22:07.532 [qtp1179689991-25] DEBUG org.eclipse.jetty.io.ManagedSelector - updates 0
22:22:07.532 [qtp1179689991-25] DEBUG org.eclipse.jetty.io.ManagedSelector - Selector sun.nio.ch.EPollSelectorImpl@3a63c946 waiting with 0 keys
22:22:07.532 [main] DEBUG o.e.j.u.component.AbstractLifeCycle - STARTED @2011ms ManagedSelector@56de6d6b{STARTED} id=2 keys=0 selected=0 updates=0
22:22:07.532 [main] DEBUG o.e.j.u.component.AbstractLifeCycle - starting ManagedSelector@31e32ea2{STOPPED} id=3 keys=-1 selected=-1 updates=0
22:22:07.532 [main] DEBUG o.e.j.u.component.AbstractLifeCycle - starting EatWhatYouKill@5972d253/SelectorProducer@4fcc0416/IDLE/p=false/JettyConnectorThreadPool[qtp1179689991]@4650a407{STARTED,8<=8<=200,i=5,q=0}[ReservedThreadExecutor@6edaa77a{s=0/8,p=0}][pc=0,pic=0,pec=0,epc=0]@2020-09-27T22:22:07.532+01:00
22:22:07.532 [main] DEBUG o.e.j.u.component.AbstractLifeCycle - STARTED @2012ms EatWhatYouKill@5972d253/SelectorProducer@4fcc0416/IDLE/p=false/JettyConnectorThreadPool[qtp1179689991]@4650a407{STARTED,8<=8<=200,i=5,q=0}[ReservedThreadExecutor@6edaa77a{s=0/8,p=0}][pc=0,pic=0,pec=0,epc=0]@2020-09-27T22:22:07.532+01:00
22:22:07.532 [main] DEBUG o.e.j.util.thread.QueuedThreadPool - queue org.eclipse.jetty.io.ManagedSelector$$Lambda$198/1041326823@6075b2d3
22:22:07.532 [main] DEBUG org.eclipse.jetty.io.ManagedSelector - Queued change org.eclipse.jetty.io.ManagedSelector$Start@33abde31 on ManagedSelector@31e32ea2{STARTING} id=3 keys=0 selected=0 updates=0
22:22:07.532 [qtp1179689991-26] DEBUG o.e.j.util.thread.QueuedThreadPool - run org.eclipse.jetty.io.ManagedSelector$$Lambda$198/1041326823@6075b2d3
22:22:07.533 [qtp1179689991-26] DEBUG o.e.j.u.t.strategy.EatWhatYouKill - EatWhatYouKill@5972d253/SelectorProducer@4fcc0416/IDLE/p=false/JettyConnectorThreadPool[qtp1179689991]@4650a407{STARTED,8<=8<=200,i=4,q=0}[ReservedThreadExecutor@6edaa77a{s=0/8,p=0}][pc=0,pic=0,pec=0,epc=0]@2020-09-27T22:22:07.532+01:00 tryProduce false
22:22:07.533 [qtp1179689991-26] DEBUG org.eclipse.jetty.io.ManagedSelector - updateable 1
22:22:07.533 [qtp1179689991-26] DEBUG org.eclipse.jetty.io.ManagedSelector - update org.eclipse.jetty.io.ManagedSelector$Start@33abde31
22:22:07.533 [qtp1179689991-26] DEBUG org.eclipse.jetty.io.ManagedSelector - updates 0
22:22:07.533 [qtp1179689991-26] DEBUG org.eclipse.jetty.io.ManagedSelector - Selector sun.nio.ch.EPollSelectorImpl@2338e5ab waiting with 0 keys
22:22:07.533 [main] DEBUG o.e.j.u.component.AbstractLifeCycle - STARTED @2012ms ManagedSelector@31e32ea2{STARTED} id=3 keys=0 selected=0 updates=0
22:22:07.533 [main] DEBUG o.e.j.u.component.AbstractLifeCycle - STARTED @2012ms SelectorManager@ServerConnector@53dfacba{HTTP/1.1,[http/1.1]}{0.0.0.0:9998}
22:22:07.533 [main] DEBUG o.e.j.u.component.ContainerLifeCycle - ServerConnector@53dfacba{HTTP/1.1,[http/1.1]}{0.0.0.0:9998} added {acceptor-0@997d532,POJO}
22:22:07.533 [main] DEBUG o.e.j.util.thread.QueuedThreadPool - queue acceptor-0@997d532
22:22:07.533 [qtp1179689991-27] DEBUG o.e.j.util.thread.QueuedThreadPool - run acceptor-0@997d532
22:22:07.533 [main] INFO  o.e.jetty.server.AbstractConnector - Started ServerConnector@53dfacba{HTTP/1.1,[http/1.1]}{0.0.0.0:9998}
22:22:07.533 [main] DEBUG o.e.j.u.component.AbstractLifeCycle - STARTED @2012ms ServerConnector@53dfacba{HTTP/1.1,[http/1.1]}{0.0.0.0:9998}
22:22:07.533 [main] INFO  org.eclipse.jetty.server.Server - Started @2013ms
22:22:07.533 [main] DEBUG o.e.j.u.component.AbstractLifeCycle - STARTED @2013ms Server@30135202{STARTED}[9.4.17.v20190418]
22:22:07.563 [qtp1179689991-27-acceptor-0@997d532-ServerConnector@53dfacba{HTTP/1.1,[http/1.1]}{0.0.0.0:9998}] DEBUG org.eclipse.jetty.io.ManagedSelector - Queued change org.eclipse.jetty.io.ManagedSelector$Accept@678413c0 on ManagedSelector@a50ae65{STARTED} id=1 keys=0 selected=0 updates=0
22:22:07.563 [qtp1179689991-27-acceptor-0@997d532-ServerConnector@53dfacba{HTTP/1.1,[http/1.1]}{0.0.0.0:9998}] DEBUG org.eclipse.jetty.io.ManagedSelector - Wakeup on submit ManagedSelector@a50ae65{STARTED} id=1 keys=0 selected=0 updates=1
22:22:07.563 [qtp1179689991-24] DEBUG org.eclipse.jetty.io.ManagedSelector - Selector sun.nio.ch.EPollSelectorImpl@16f52cac woken with none selected
22:22:07.563 [qtp1179689991-24] DEBUG org.eclipse.jetty.io.ManagedSelector - Selector sun.nio.ch.EPollSelectorImpl@16f52cac woken up from select, 0/0/0 selected
22:22:07.563 [qtp1179689991-24] DEBUG org.eclipse.jetty.io.ManagedSelector - Selector sun.nio.ch.EPollSelectorImpl@16f52cac processing 0 keys, 1 updates
22:22:07.563 [qtp1179689991-24] DEBUG org.eclipse.jetty.io.ManagedSelector - updateable 1
22:22:07.563 [qtp1179689991-24] DEBUG org.eclipse.jetty.io.ManagedSelector - update org.eclipse.jetty.io.ManagedSelector$Accept@678413c0
22:22:07.563 [qtp1179689991-24] DEBUG o.e.j.util.thread.QueuedThreadPool - queue org.eclipse.jetty.io.ManagedSelector$Accept@678413c0
22:22:07.563 [qtp1179689991-24] DEBUG org.eclipse.jetty.io.ManagedSelector - updates 0
22:22:07.563 [qtp1179689991-24] DEBUG org.eclipse.jetty.io.ManagedSelector - Selector sun.nio.ch.EPollSelectorImpl@16f52cac waiting with 1 keys
22:22:07.563 [qtp1179689991-28] DEBUG o.e.j.util.thread.QueuedThreadPool - run org.eclipse.jetty.io.ManagedSelector$Accept@678413c0
22:22:07.563 [qtp1179689991-28] DEBUG org.eclipse.jetty.io.IdleTimeout - SocketChannelEndPoint@161a0ad1{/127.0.0.1:44192<->/127.0.0.1:9998,OPEN,fill=-,flush=-,to=0/30000}{io=0/0,kio=0,kro=0}-><null> idle timeout check, elapsed: 0 ms, remaining: 30000 ms
22:22:07.564 [qtp1179689991-28] DEBUG org.eclipse.jetty.server.HttpChannel - new HttpChannelOverHttp@1ce261a1{r=0,c=false,c=false/false,a=IDLE,uri=null,age=0} -> SocketChannelEndPoint@161a0ad1{/127.0.0.1:44192<->/127.0.0.1:9998,OPEN,fill=-,flush=-,to=0/30000}{io=0/0,kio=0,kro=0}-><null>,null,HttpChannelState@59e0fc59{s=IDLE a=NOT_ASYNC i=true r=IDLE w=false}
22:22:07.564 [qtp1179689991-28] DEBUG o.e.jetty.server.HttpConnection - New HTTP Connection HttpConnection@1f6a2936::SocketChannelEndPoint@161a0ad1{/127.0.0.1:44192<->/127.0.0.1:9998,OPEN,fill=-,flush=-,to=1/30000}{io=0/0,kio=0,kro=0}-><null>
22:22:07.564 [qtp1179689991-28] DEBUG o.eclipse.jetty.io.AbstractEndPoint - onOpen SocketChannelEndPoint@161a0ad1{/127.0.0.1:44192<->/127.0.0.1:9998,OPEN,fill=-,flush=-,to=1/30000}{io=0/0,kio=0,kro=0}->HttpConnection@1f6a2936[p=HttpParser{s=START,0 of -1},g=HttpGenerator@6873a25f{s=START}]=>HttpChannelOverHttp@1ce261a1{r=0,c=false,c=false/false,a=IDLE,uri=null,age=0}
22:22:07.564 [qtp1179689991-28] DEBUG o.e.jetty.io.AbstractConnection - onOpen HttpConnection@1f6a2936::SocketChannelEndPoint@161a0ad1{/127.0.0.1:44192<->/127.0.0.1:9998,OPEN,fill=-,flush=-,to=1/30000}{io=0/0,kio=0,kro=0}->HttpConnection@1f6a2936[p=HttpParser{s=START,0 of -1},g=HttpGenerator@6873a25f{s=START}]=>HttpChannelOverHttp@1ce261a1{r=0,c=false,c=false/false,a=IDLE,uri=null,age=0}
22:22:07.564 [qtp1179689991-28] DEBUG o.e.jetty.io.AbstractConnection - fillInterested HttpConnection@1f6a2936::SocketChannelEndPoint@161a0ad1{/127.0.0.1:44192<->/127.0.0.1:9998,OPEN,fill=-,flush=-,to=1/30000}{io=0/0,kio=0,kro=0}->HttpConnection@1f6a2936[p=HttpParser{s=START,0 of -1},g=HttpGenerator@6873a25f{s=START}]=>HttpChannelOverHttp@1ce261a1{r=0,c=false,c=false/false,a=IDLE,uri=null,age=0}
22:22:07.564 [qtp1179689991-28] DEBUG org.eclipse.jetty.io.FillInterest - interested FillInterest@67132999{AC.ReadCB@1f6a2936{HttpConnection@1f6a2936::SocketChannelEndPoint@161a0ad1{/127.0.0.1:44192<->/127.0.0.1:9998,OPEN,fill=FI,flush=-,to=0/30000}{io=0/0,kio=0,kro=0}->HttpConnection@1f6a2936[p=HttpParser{s=START,0 of -1},g=HttpGenerator@6873a25f{s=START}]=>HttpChannelOverHttp@1ce261a1{r=0,c=false,c=false/false,a=IDLE,uri=null,age=0}}}
22:22:07.565 [qtp1179689991-28] DEBUG org.eclipse.jetty.io.ChannelEndPoint - changeInterests p=false 0->1 for SocketChannelEndPoint@161a0ad1{/127.0.0.1:44192<->/127.0.0.1:9998,OPEN,fill=FI,flush=-,to=0/30000}{io=0/1,kio=0,kro=0}->HttpConnection@1f6a2936[p=HttpParser{s=START,0 of -1},g=HttpGenerator@6873a25f{s=START}]=>HttpChannelOverHttp@1ce261a1{r=0,c=false,c=false/false,a=IDLE,uri=null,age=0}
22:22:07.565 [qtp1179689991-28] DEBUG org.eclipse.jetty.io.ManagedSelector - Queued change org.eclipse.jetty.io.ChannelEndPoint$1@39cf0316 on ManagedSelector@a50ae65{STARTED} id=1 keys=1 selected=0 updates=0
22:22:07.565 [qtp1179689991-28] DEBUG org.eclipse.jetty.io.ManagedSelector - Wakeup on submit ManagedSelector@a50ae65{STARTED} id=1 keys=1 selected=0 updates=1
22:22:07.565 [qtp1179689991-24] DEBUG org.eclipse.jetty.io.ManagedSelector - Selector sun.nio.ch.EPollSelectorImpl@16f52cac woken with none selected
22:22:07.565 [qtp1179689991-24] DEBUG org.eclipse.jetty.io.ManagedSelector - Selector sun.nio.ch.EPollSelectorImpl@16f52cac woken up from select, 0/0/1 selected
22:22:07.565 [qtp1179689991-24] DEBUG org.eclipse.jetty.io.ManagedSelector - Selector sun.nio.ch.EPollSelectorImpl@16f52cac processing 0 keys, 1 updates
22:22:07.565 [qtp1179689991-24] DEBUG org.eclipse.jetty.io.ManagedSelector - updateable 1
22:22:07.565 [qtp1179689991-24] DEBUG org.eclipse.jetty.io.ManagedSelector - update org.eclipse.jetty.io.ChannelEndPoint$1@39cf0316
22:22:07.565 [qtp1179689991-28] DEBUG org.eclipse.jetty.io.ManagedSelector - Created SocketChannelEndPoint@161a0ad1{/127.0.0.1:44192<->/127.0.0.1:9998,OPEN,fill=FI,flush=-,to=1/30000}{io=0/1,kio=0,kro=0}->HttpConnection@1f6a2936[p=HttpParser{s=START,0 of -1},g=HttpGenerator@6873a25f{s=START}]=>HttpChannelOverHttp@1ce261a1{r=0,c=false,c=false/false,a=IDLE,uri=null,age=0}
22:22:07.565 [qtp1179689991-28] DEBUG o.e.j.util.thread.QueuedThreadPool - ran org.eclipse.jetty.io.ManagedSelector$Accept@678413c0
22:22:07.566 [qtp1179689991-24] DEBUG org.eclipse.jetty.io.ChannelEndPoint - Key interests updated 0 -> 1 on SocketChannelEndPoint@161a0ad1{/127.0.0.1:44192<->/127.0.0.1:9998,OPEN,fill=FI,flush=-,to=1/30000}{io=1/1,kio=1,kro=0}->HttpConnection@1f6a2936[p=HttpParser{s=START,0 of -1},g=HttpGenerator@6873a25f{s=START}]=>HttpChannelOverHttp@1ce261a1{r=0,c=false,c=false/false,a=IDLE,uri=null,age=0}
22:22:07.566 [qtp1179689991-24] DEBUG org.eclipse.jetty.io.ManagedSelector - updates 0
22:22:07.566 [qtp1179689991-24] DEBUG org.eclipse.jetty.io.ManagedSelector - Selector sun.nio.ch.EPollSelectorImpl@16f52cac waiting with 1 keys
22:22:07.566 [qtp1179689991-24] DEBUG org.eclipse.jetty.io.ManagedSelector - Selector sun.nio.ch.EPollSelectorImpl@16f52cac woken up from select, 1/1/1 selected
22:22:07.566 [qtp1179689991-24] DEBUG org.eclipse.jetty.io.ManagedSelector - Selector sun.nio.ch.EPollSelectorImpl@16f52cac processing 1 keys, 0 updates
22:22:07.566 [qtp1179689991-24] DEBUG org.eclipse.jetty.io.ManagedSelector - selected 1 sun.nio.ch.SelectionKeyImpl@1832d002 SocketChannelEndPoint@161a0ad1{/127.0.0.1:44192<->/127.0.0.1:9998,OPEN,fill=FI,flush=-,to=2/30000}{io=1/1,kio=1,kro=1}->HttpConnection@1f6a2936[p=HttpParser{s=START,0 of -1},g=HttpGenerator@6873a25f{s=START}]=>HttpChannelOverHttp@1ce261a1{r=0,c=false,c=false/false,a=IDLE,uri=null,age=0} 
22:22:07.566 [qtp1179689991-24] DEBUG org.eclipse.jetty.io.ChannelEndPoint - onSelected 1->0 r=true w=false for SocketChannelEndPoint@161a0ad1{/127.0.0.1:44192<->/127.0.0.1:9998,OPEN,fill=FI,flush=-,to=2/30000}{io=1/0,kio=1,kro=1}->HttpConnection@1f6a2936[p=HttpParser{s=START,0 of -1},g=HttpGenerator@6873a25f{s=START}]=>HttpChannelOverHttp@1ce261a1{r=0,c=false,c=false/false,a=IDLE,uri=null,age=0}
22:22:07.566 [qtp1179689991-24] DEBUG org.eclipse.jetty.io.ChannelEndPoint - task CEP:SocketChannelEndPoint@161a0ad1{/127.0.0.1:44192<->/127.0.0.1:9998,OPEN,fill=FI,flush=-,to=2/30000}{io=1/0,kio=1,kro=1}->HttpConnection@1f6a2936[p=HttpParser{s=START,0 of -1},g=HttpGenerator@6873a25f{s=START}]=>HttpChannelOverHttp@1ce261a1{r=0,c=false,c=false/false,a=IDLE,uri=null,age=0}:runFillable:BLOCKING
22:22:07.566 [qtp1179689991-24] DEBUG o.e.j.u.t.ReservedThreadExecutor - ReservedThreadExecutor@6edaa77a{s=0/8,p=0} tryExecute EatWhatYouKill@63e5e5b4/SelectorProducer@13a37e2a/PRODUCING/p=false/JettyConnectorThreadPool[qtp1179689991]@4650a407{STARTED,8<=8<=200,i=3,q=0}[ReservedThreadExecutor@6edaa77a{s=0/8,p=0}][pc=0,pic=0,pec=0,epc=0]@2020-09-27T22:22:07.566+01:00
22:22:07.566 [qtp1179689991-24] DEBUG o.e.j.u.t.ReservedThreadExecutor - ReservedThreadExecutor@6edaa77a{s=0/8,p=1} startReservedThread p=1
22:22:07.566 [qtp1179689991-24] DEBUG o.e.j.util.thread.QueuedThreadPool - queue ReservedThreadExecutor@6edaa77a{s=0/8,p=1}@1c0d47dc
22:22:07.566 [qtp1179689991-29] DEBUG o.e.j.util.thread.QueuedThreadPool - run ReservedThreadExecutor@6edaa77a{s=0/8,p=1}@1c0d47dc
22:22:07.566 [qtp1179689991-29] DEBUG o.e.j.u.t.ReservedThreadExecutor - ReservedThreadExecutor@6edaa77a{s=1/8,p=1}@1c0d47dc started
22:22:07.566 [qtp1179689991-24] DEBUG o.e.j.u.t.strategy.EatWhatYouKill - EatWhatYouKill@63e5e5b4/SelectorProducer@13a37e2a/PRODUCING/p=false/JettyConnectorThreadPool[qtp1179689991]@4650a407{STARTED,8<=8<=200,i=2,q=0}[ReservedThreadExecutor@6edaa77a{s=0/8,p=1}][pc=0,pic=0,pec=0,epc=0]@2020-09-27T22:22:07.566+01:00 m=PRODUCE_EXECUTE_CONSUME t=CEP:SocketChannelEndPoint@161a0ad1{/127.0.0.1:44192<->/127.0.0.1:9998,OPEN,fill=FI,flush=-,to=2/30000}{io=1/0,kio=1,kro=1}->HttpConnection@1f6a2936[p=HttpParser{s=START,0 of -1},g=HttpGenerator@6873a25f{s=START}]=>HttpChannelOverHttp@1ce261a1{r=0,c=false,c=false/false,a=IDLE,uri=null,age=0}:runFillable:BLOCKING/BLOCKING
22:22:07.566 [qtp1179689991-29] DEBUG o.e.j.u.t.ReservedThreadExecutor - ReservedThreadExecutor@6edaa77a{s=1/8,p=0}@1c0d47dc waiting
22:22:07.567 [qtp1179689991-24] DEBUG o.e.j.util.thread.QueuedThreadPool - queue CEP:SocketChannelEndPoint@161a0ad1{/127.0.0.1:44192<->/127.0.0.1:9998,OPEN,fill=FI,flush=-,to=3/30000}{io=1/0,kio=1,kro=1}->HttpConnection@1f6a2936[p=HttpParser{s=START,0 of -1},g=HttpGenerator@6873a25f{s=START}]=>HttpChannelOverHttp@1ce261a1{r=0,c=false,c=false/false,a=IDLE,uri=null,age=0}:runFillable:BLOCKING
22:22:07.567 [qtp1179689991-24] DEBUG org.eclipse.jetty.io.ManagedSelector - updateable 0
22:22:07.567 [qtp1179689991-24] DEBUG org.eclipse.jetty.io.ManagedSelector - updates 0
22:22:07.567 [qtp1179689991-24] DEBUG org.eclipse.jetty.io.ChannelEndPoint - Key interests updated 1 -> 0 on SocketChannelEndPoint@161a0ad1{/127.0.0.1:44192<->/127.0.0.1:9998,OPEN,fill=FI,flush=-,to=3/30000}{io=0/0,kio=0,kro=1}->HttpConnection@1f6a2936[p=HttpParser{s=START,0 of -1},g=HttpGenerator@6873a25f{s=START}]=>HttpChannelOverHttp@1ce261a1{r=0,c=false,c=false/false,a=IDLE,uri=null,age=0}
22:22:07.567 [qtp1179689991-24] DEBUG org.eclipse.jetty.io.ManagedSelector - Selector sun.nio.ch.EPollSelectorImpl@16f52cac waiting with 1 keys
22:22:07.567 [qtp1179689991-30] DEBUG o.e.j.util.thread.QueuedThreadPool - run CEP:SocketChannelEndPoint@161a0ad1{/127.0.0.1:44192<->/127.0.0.1:9998,OPEN,fill=FI,flush=-,to=3/30000}{io=0/0,kio=0,kro=1}->HttpConnection@1f6a2936[p=HttpParser{s=START,0 of -1},g=HttpGenerator@6873a25f{s=START}]=>HttpChannelOverHttp@1ce261a1{r=0,c=false,c=false/false,a=IDLE,uri=null,age=0}:runFillable:BLOCKING
22:22:07.567 [qtp1179689991-30] DEBUG org.eclipse.jetty.io.FillInterest - fillable FillInterest@67132999{AC.ReadCB@1f6a2936{HttpConnection@1f6a2936::SocketChannelEndPoint@161a0ad1{/127.0.0.1:44192<->/127.0.0.1:9998,OPEN,fill=FI,flush=-,to=3/30000}{io=0/0,kio=0,kro=1}->HttpConnection@1f6a2936[p=HttpParser{s=START,0 of -1},g=HttpGenerator@6873a25f{s=START}]=>HttpChannelOverHttp@1ce261a1{r=0,c=false,c=false/false,a=IDLE,uri=null,age=0}}}
22:22:07.567 [qtp1179689991-30] DEBUG o.e.jetty.server.HttpConnection - HttpConnection@1f6a2936::SocketChannelEndPoint@161a0ad1{/127.0.0.1:44192<->/127.0.0.1:9998,OPEN,fill=-,flush=-,to=3/30000}{io=0/0,kio=0,kro=1}->HttpConnection@1f6a2936[p=HttpParser{s=START,0 of -1},g=HttpGenerator@6873a25f{s=START}]=>HttpChannelOverHttp@1ce261a1{r=0,c=false,c=false/false,a=IDLE,uri=null,age=0} onFillable enter HttpChannelState@59e0fc59{s=IDLE a=NOT_ASYNC i=true r=IDLE w=false} null
22:22:07.567 [qtp1179689991-30] DEBUG org.eclipse.jetty.io.ChannelEndPoint - filled 309 HeapByteBuffer@4738aa0c[p=0,l=309,c=8192,r=309]={<<<POST /contact HTT...":"+39 123456"}>>>\x00\x00\x00\x00\x00\x00\x00\x00\x00\x00\x00\x00\x00\x00\x00\x00\x00...\x00\x00\x00\x00\x00\x00\x00\x00\x00\x00\x00\x00\x00\x00\x00}
22:22:07.567 [qtp1179689991-30] DEBUG o.e.jetty.server.HttpConnection - HttpConnection@1f6a2936::SocketChannelEndPoint@161a0ad1{/127.0.0.1:44192<->/127.0.0.1:9998,OPEN,fill=-,flush=-,to=0/30000}{io=0/0,kio=0,kro=1}->HttpConnection@1f6a2936[p=HttpParser{s=START,0 of -1},g=HttpGenerator@6873a25f{s=START}]=>HttpChannelOverHttp@1ce261a1{r=0,c=false,c=false/false,a=IDLE,uri=null,age=0} filled 309 HeapByteBuffer@4738aa0c[p=0,l=309,c=8192,r=309]={<<<POST /contact HTT...":"+39 123456"}>>>\x00\x00\x00\x00\x00\x00\x00\x00\x00\x00\x00\x00\x00\x00\x00\x00\x00...\x00\x00\x00\x00\x00\x00\x00\x00\x00\x00\x00\x00\x00\x00\x00}
22:22:07.568 [qtp1179689991-30] DEBUG o.e.jetty.server.HttpConnection - HttpConnection@1f6a2936::SocketChannelEndPoint@161a0ad1{/127.0.0.1:44192<->/127.0.0.1:9998,OPEN,fill=-,flush=-,to=1/30000}{io=0/0,kio=0,kro=1}->HttpConnection@1f6a2936[p=HttpParser{s=START,0 of -1},g=HttpGenerator@6873a25f{s=START}]=>HttpChannelOverHttp@1ce261a1{r=0,c=false,c=false/false,a=IDLE,uri=null,age=0} parse HeapByteBuffer@4738aa0c[p=0,l=309,c=8192,r=309]={<<<POST /contact HTT...":"+39 123456"}>>>\x00\x00\x00\x00\x00\x00\x00\x00\x00\x00\x00\x00\x00\x00\x00\x00\x00...\x00\x00\x00\x00\x00\x00\x00\x00\x00\x00\x00\x00\x00\x00\x00} {}
22:22:07.568 [qtp1179689991-30] DEBUG org.eclipse.jetty.http.HttpParser - parseNext s=START HeapByteBuffer@4738aa0c[p=0,l=309,c=8192,r=309]={<<<POST /contact HTT...":"+39 123456"}>>>\x00\x00\x00\x00\x00\x00\x00\x00\x00\x00\x00\x00\x00\x00\x00\x00\x00...\x00\x00\x00\x00\x00\x00\x00\x00\x00\x00\x00\x00\x00\x00\x00}
22:22:07.568 [qtp1179689991-30] DEBUG org.eclipse.jetty.http.HttpParser - START --> SPACE1
22:22:07.568 [qtp1179689991-30] DEBUG org.eclipse.jetty.http.HttpParser - SPACE1 --> URI
22:22:07.568 [qtp1179689991-30] DEBUG org.eclipse.jetty.http.HttpParser - URI --> SPACE2
22:22:07.568 [qtp1179689991-30] DEBUG org.eclipse.jetty.http.HttpParser - SPACE2 --> REQUEST_VERSION
22:22:07.568 [qtp1179689991-30] DEBUG org.eclipse.jetty.http.HttpParser - REQUEST_VERSION --> HEADER
22:22:07.568 [qtp1179689991-30] DEBUG org.eclipse.jetty.http.HttpParser - HEADER:Content-Type: application/json --> IN_VALUE
22:22:07.568 [qtp1179689991-30] DEBUG org.eclipse.jetty.http.HttpParser - HEADER:Content-Type: application/json --> FIELD
22:22:07.568 [qtp1179689991-30] DEBUG org.eclipse.jetty.http.HttpParser - HEADER:User-Agent --> VALUE
22:22:07.568 [qtp1179689991-30] DEBUG org.eclipse.jetty.http.HttpParser - HEADER:User-Agent --> IN_VALUE
22:22:07.568 [qtp1179689991-30] DEBUG org.eclipse.jetty.http.HttpParser - HEADER:User-Agent --> FIELD
22:22:07.568 [qtp1179689991-30] DEBUG org.eclipse.jetty.http.HttpParser - HEADER:Host --> VALUE
22:22:07.568 [qtp1179689991-30] DEBUG org.eclipse.jetty.http.HttpParser - HEADER:Host --> IN_VALUE
22:22:07.568 [qtp1179689991-30] DEBUG org.eclipse.jetty.http.HttpParser - HEADER:Host --> FIELD
22:22:07.568 [qtp1179689991-30] DEBUG org.eclipse.jetty.http.HttpParser - HEADER:Accept --> VALUE
22:22:07.568 [qtp1179689991-30] DEBUG org.eclipse.jetty.http.HttpParser - HEADER:Accept --> IN_VALUE
22:22:07.568 [qtp1179689991-30] DEBUG org.eclipse.jetty.http.HttpParser - HEADER:Accept --> FIELD
22:22:07.568 [qtp1179689991-30] DEBUG org.eclipse.jetty.http.HttpParser - HEADER:Connection: keep-alive --> IN_VALUE
22:22:07.568 [qtp1179689991-30] DEBUG org.eclipse.jetty.http.HttpParser - HEADER:Connection: keep-alive --> FIELD
22:22:07.568 [qtp1179689991-30] DEBUG org.eclipse.jetty.http.HttpParser - HEADER:Content-Length --> VALUE
22:22:07.568 [qtp1179689991-30] DEBUG org.eclipse.jetty.http.HttpParser - HEADER:Content-Length --> IN_VALUE
22:22:07.568 [qtp1179689991-30] DEBUG org.eclipse.jetty.http.HttpParser - HEADER:Content-Length --> FIELD
22:22:07.568 [qtp1179689991-30] DEBUG org.eclipse.jetty.http.HttpParser - HEADER --> CONTENT
22:22:07.569 [qtp1179689991-30] DEBUG org.eclipse.jetty.server.HttpChannel - REQUEST for //localhost:9998/contact on HttpChannelOverHttp@1ce261a1{r=1,c=false,c=false/false,a=IDLE,uri=//localhost:9998/contact,age=1}
POST //localhost:9998/contact HTTP/1.1
Content-Type: application/json
User-Agent: Jersey/2.30.1 (HttpUrlConnection 1.8.0_265)
Host: localhost:9998
Accept: text/html, image/gif, image/jpeg, *; q=.2, */*; q=.2
Connection: keep-alive
Content-Length: 66


22:22:07.569 [qtp1179689991-30] DEBUG o.e.jetty.server.HttpConnection - HttpConnection@1f6a2936::SocketChannelEndPoint@161a0ad1{/127.0.0.1:44192<->/127.0.0.1:9998,OPEN,fill=-,flush=-,to=2/30000}{io=0/0,kio=0,kro=1}->HttpConnection@1f6a2936[p=HttpParser{s=CONTENT,0 of 66},g=HttpGenerator@6873a25f{s=START}]=>HttpChannelOverHttp@1ce261a1{r=1,c=false,c=false/false,a=IDLE,uri=//localhost:9998/contact,age=1} parsed true HttpParser{s=CONTENT,0 of 66}
22:22:07.569 [qtp1179689991-30] DEBUG org.eclipse.jetty.server.HttpChannel - HttpChannelOverHttp@1ce261a1{r=1,c=false,c=false/false,a=IDLE,uri=//localhost:9998/contact,age=1} handle //localhost:9998/contact 
22:22:07.569 [qtp1179689991-30] DEBUG o.e.jetty.server.HttpChannelState - handling HttpChannelState@59e0fc59{s=IDLE a=NOT_ASYNC i=true r=IDLE w=false}
22:22:07.569 [qtp1179689991-30] DEBUG org.eclipse.jetty.server.HttpChannel - HttpChannelOverHttp@1ce261a1{r=1,c=false,c=false/false,a=DISPATCHED,uri=//localhost:9998/contact,age=1} action DISPATCH
22:22:07.569 [qtp1179689991-30] DEBUG org.eclipse.jetty.server.Server - REQUEST POST /contact on HttpChannelOverHttp@1ce261a1{r=1,c=false,c=false/false,a=DISPATCHED,uri=//localhost:9998/contact,age=1}
22:22:07.572 [qtp1179689991-30] DEBUG o.e.jetty.server.HttpConnection - HttpConnection@1f6a2936::SocketChannelEndPoint@161a0ad1{/127.0.0.1:44192<->/127.0.0.1:9998,OPEN,fill=-,flush=-,to=4/30000}{io=0/0,kio=0,kro=1}->HttpConnection@1f6a2936[p=HttpParser{s=CONTENT,0 of 66},g=HttpGenerator@6873a25f{s=START}]=>HttpChannelOverHttp@1ce261a1{r=1,c=false,c=false/false,a=DISPATCHED,uri=//localhost:9998/contact,age=4} parse HeapByteBuffer@4738aa0c[p=243,l=309,c=8192,r=66]={POST /contact HTT...-Length: 66\r\n\r\n<<<{"firstName":"Ric...":"+39 123456"}>>>\x00\x00\x00\x00\x00\x00\x00\x00\x00\x00\x00\x00\x00\x00\x00\x00\x00...\x00\x00\x00\x00\x00\x00\x00\x00\x00\x00\x00\x00\x00\x00\x00} {}
22:22:07.572 [qtp1179689991-30] DEBUG org.eclipse.jetty.http.HttpParser - parseNext s=CONTENT HeapByteBuffer@4738aa0c[p=243,l=309,c=8192,r=66]={POST /contact HTT...-Length: 66\r\n\r\n<<<{"firstName":"Ric...":"+39 123456"}>>>\x00\x00\x00\x00\x00\x00\x00\x00\x00\x00\x00\x00\x00\x00\x00\x00\x00...\x00\x00\x00\x00\x00\x00\x00\x00\x00\x00\x00\x00\x00\x00\x00}
22:22:07.572 [qtp1179689991-30] DEBUG org.eclipse.jetty.server.HttpChannel - HttpChannelOverHttp@1ce261a1{r=1,c=false,c=false/false,a=DISPATCHED,uri=//localhost:9998/contact,age=4} onContent Content@a28e57e{HeapByteBufferR@39007b24[p=243,l=309,c=8192,r=66]={POST /contact HTT...-Length: 66\r\n\r\n<<<{"firstName":"Ric...":"+39 123456"}>>>\x00\x00\x00\x00\x00\x00\x00\x00\x00\x00\x00\x00\x00\x00\x00\x00\x00...\x00\x00\x00\x00\x00\x00\x00\x00\x00\x00\x00\x00\x00\x00\x00}}
22:22:07.572 [qtp1179689991-30] DEBUG org.eclipse.jetty.server.HttpInput - HttpInputOverHTTP@72009659[c=0,q=0,[0]=null,s=STREAM] addContent Content@a28e57e{HeapByteBufferR@39007b24[p=243,l=309,c=8192,r=66]={POST /contact HTT...-Length: 66\r\n\r\n<<<{"firstName":"Ric...":"+39 123456"}>>>\x00\x00\x00\x00\x00\x00\x00\x00\x00\x00\x00\x00\x00\x00\x00\x00\x00...\x00\x00\x00\x00\x00\x00\x00\x00\x00\x00\x00\x00\x00\x00\x00}}
22:22:07.572 [qtp1179689991-30] DEBUG org.eclipse.jetty.http.HttpParser - CONTENT --> END
22:22:07.572 [qtp1179689991-30] DEBUG org.eclipse.jetty.server.HttpChannel - HttpChannelOverHttp@1ce261a1{r=1,c=false,c=false/false,a=DISPATCHED,uri=//localhost:9998/contact,age=4} onContentComplete
22:22:07.572 [qtp1179689991-30] DEBUG org.eclipse.jetty.server.HttpChannel - HttpChannelOverHttp@1ce261a1{r=1,c=false,c=false/false,a=DISPATCHED,uri=//localhost:9998/contact,age=4} onRequestComplete
22:22:07.572 [qtp1179689991-30] DEBUG org.eclipse.jetty.server.HttpInput - HttpInputOverHTTP@72009659[c=0,q=1,[0]=EOF,s=STREAM] addContent EOF
22:22:07.572 [qtp1179689991-30] DEBUG o.e.jetty.server.HttpConnection - HttpConnection@1f6a2936::SocketChannelEndPoint@161a0ad1{/127.0.0.1:44192<->/127.0.0.1:9998,OPEN,fill=-,flush=-,to=5/30000}{io=0/0,kio=0,kro=1}->HttpConnection@1f6a2936[p=HttpParser{s=END,66 of 66},g=HttpGenerator@6873a25f{s=START}]=>HttpChannelOverHttp@1ce261a1{r=1,c=false,c=false/false,a=DISPATCHED,uri=//localhost:9998/contact,age=4} parsed false HttpParser{s=END,66 of 66}
22:22:07.572 [qtp1179689991-30] DEBUG org.eclipse.jetty.server.HttpInput - HttpInputOverHTTP@72009659[c=66,q=1,[0]=EOF,s=STREAM] read 66 from Content@a28e57e{HeapByteBufferR@39007b24[p=309,l=309,c=8192,r=0]={POST /contact HTT...":"+39 123456"}<<<>>>\x00\x00\x00\x00\x00\x00\x00\x00\x00\x00\x00\x00\x00\x00\x00\x00\x00...\x00\x00\x00\x00\x00\x00\x00\x00\x00\x00\x00\x00\x00\x00\x00}}
22:22:07.572 [qtp1179689991-30] DEBUG o.e.jetty.server.HttpConnection - releaseRequestBuffer HttpConnection@1f6a2936::SocketChannelEndPoint@161a0ad1{/127.0.0.1:44192<->/127.0.0.1:9998,OPEN,fill=-,flush=-,to=5/30000}{io=0/0,kio=0,kro=1}->HttpConnection@1f6a2936[p=HttpParser{s=END,66 of 66},g=HttpGenerator@6873a25f{s=START}]=>HttpChannelOverHttp@1ce261a1{r=1,c=false,c=false/false,a=DISPATCHED,uri=//localhost:9998/contact,age=4}
22:22:07.584 [qtp1179689991-30] DEBUG org.eclipse.jetty.server.HttpChannel - sendResponse info=null content=HeapByteBuffer@735eb462[p=0,l=0,c=0,r=0]={<<<>>>} complete=true committing=true callback=Blocker@478830d3{null}
22:22:07.585 [qtp1179689991-30] DEBUG org.eclipse.jetty.server.HttpChannel - COMMIT for /contact on HttpChannelOverHttp@1ce261a1{r=1,c=true,c=false/false,a=DISPATCHED,uri=//localhost:9998/contact,age=16}
400 Bad Request HTTP/1.1
Date: Sun, 27 Sep 2020 21:22:07 GMT
Content-Length: 0


22:22:07.585 [qtp1179689991-30] DEBUG o.e.jetty.server.HttpConnection - org.eclipse.jetty.server.HttpConnection$SendCallback@85aa494[PROCESSING][i=HTTP/1.1{s=400,h=2,cl=0},cb=org.eclipse.jetty.server.HttpChannel$SendCallback@3f78623e] generate: NEED_HEADER (null,[p=0,l=0,c=0,r=0],true)@START
22:22:07.585 [qtp1179689991-30] DEBUG org.eclipse.jetty.http.HttpGenerator - generateHeaders HTTP/1.1{s=400,h=2,cl=0} last=true content=HeapByteBuffer@735eb462[p=0,l=0,c=0,r=0]={<<<>>>}
22:22:07.585 [qtp1179689991-30] DEBUG org.eclipse.jetty.http.HttpGenerator - Date: Sun, 27 Sep 2020 21:22:07 GMT
Content-Length: 0


22:22:07.585 [qtp1179689991-30] DEBUG org.eclipse.jetty.http.HttpGenerator - CONTENT_LENGTH
22:22:07.585 [qtp1179689991-30] DEBUG o.e.jetty.server.HttpConnection - org.eclipse.jetty.server.HttpConnection$SendCallback@85aa494[PROCESSING][i=HTTP/1.1{s=400,h=2,cl=0},cb=org.eclipse.jetty.server.HttpChannel$SendCallback@3f78623e] generate: FLUSH ([p=0,l=117,c=8192,r=117],[p=0,l=0,c=0,r=0],true)@COMPLETING
22:22:07.585 [qtp1179689991-30] DEBUG org.eclipse.jetty.io.WriteFlusher - write: WriteFlusher@4b4d345{IDLE}->null [HeapByteBuffer@4738aa0c[p=0,l=117,c=8192,r=117]={<<<HTTP/1.1 400 Bad ....v20190418)\r\n\r\n>>>: localhost:9998\r...\x00\x00\x00\x00\x00\x00\x00\x00\x00\x00\x00\x00\x00\x00\x00}]
22:22:07.585 [qtp1179689991-30] DEBUG org.eclipse.jetty.io.WriteFlusher - update WriteFlusher@4b4d345{WRITING}->null:IDLE-->WRITING
22:22:07.585 [qtp1179689991-30] DEBUG org.eclipse.jetty.io.ChannelEndPoint - flushed 117 SocketChannelEndPoint@161a0ad1{/127.0.0.1:44192<->/127.0.0.1:9998,OPEN,fill=-,flush=W,to=18/30000}{io=0/0,kio=0,kro=1}->HttpConnection@1f6a2936[p=HttpParser{s=END,66 of 66},g=HttpGenerator@6873a25f{s=COMPLETING}]=>HttpChannelOverHttp@1ce261a1{r=1,c=true,c=false/false,a=DISPATCHED,uri=//localhost:9998/contact,age=17}
22:22:07.585 [qtp1179689991-30] DEBUG org.eclipse.jetty.io.WriteFlusher - Flushed=true written=117 remaining=0 WriteFlusher@4b4d345{WRITING}->null
22:22:07.585 [qtp1179689991-30] DEBUG org.eclipse.jetty.io.WriteFlusher - update WriteFlusher@4b4d345{IDLE}->null:WRITING-->IDLE
22:22:07.585 [qtp1179689991-30] DEBUG o.e.jetty.server.HttpConnection - org.eclipse.jetty.server.HttpConnection$SendCallback@85aa494[PROCESSING][i=HTTP/1.1{s=400,h=2,cl=0},cb=org.eclipse.jetty.server.HttpChannel$SendCallback@3f78623e] generate: DONE ([p=117,l=117,c=8192,r=0],[p=0,l=0,c=0,r=0],true)@END
22:22:07.585 [qtp1179689991-30] DEBUG org.eclipse.jetty.server.Server - handled=true async=false committed=true on HttpChannelOverHttp@1ce261a1{r=1,c=true,c=false/true,a=DISPATCHED,uri=//localhost:9998/contact,age=17}
22:22:07.585 [qtp1179689991-30] DEBUG o.e.jetty.server.HttpChannelState - unhandle HttpChannelState@59e0fc59{s=DISPATCHED a=NOT_ASYNC i=true r=IDLE w=false}
22:22:07.586 [qtp1179689991-30] DEBUG org.eclipse.jetty.server.HttpChannel - HttpChannelOverHttp@1ce261a1{r=1,c=true,c=false/true,a=COMPLETING,uri=//localhost:9998/contact,age=18} action COMPLETE
22:22:07.586 [qtp1179689991-30] DEBUG o.e.jetty.server.HttpChannelState - onComplete HttpChannelState@59e0fc59{s=COMPLETING a=NOT_ASYNC i=false r=IDLE w=false}
22:22:07.586 [qtp1179689991-30] DEBUG org.eclipse.jetty.server.HttpChannel - COMPLETE for /contact written=0
22:22:07.586 [qtp1179689991-30] DEBUG o.e.jetty.server.HttpChannelState - recycle HttpChannelState@59e0fc59{s=COMPLETED a=NOT_ASYNC i=false r=IDLE w=false}
22:22:07.586 [qtp1179689991-30] DEBUG org.eclipse.jetty.http.HttpParser - reset HttpParser{s=END,66 of 66}
22:22:07.586 [qtp1179689991-30] DEBUG org.eclipse.jetty.http.HttpParser - END --> START
22:22:07.586 [qtp1179689991-30] DEBUG org.eclipse.jetty.server.HttpChannel - HttpChannelOverHttp@1ce261a1{r=1,c=false,c=false/false,a=IDLE,uri=null,age=0} handle exit, result COMPLETE
22:22:07.586 [qtp1179689991-30] DEBUG org.eclipse.jetty.io.ChannelEndPoint - filled 0 HeapByteBuffer@4738aa0c[p=0,l=0,c=8192,r=0]={<<<>>>HTTP/1.1 400 Bad ...\x00\x00\x00\x00\x00\x00\x00\x00\x00\x00\x00\x00\x00\x00\x00}
22:22:07.586 [qtp1179689991-30] DEBUG org.eclipse.jetty.io.ChannelEndPoint - filled 0 HeapByteBuffer@4738aa0c[p=0,l=0,c=8192,r=0]={<<<>>>HTTP/1.1 400 Bad ...\x00\x00\x00\x00\x00\x00\x00\x00\x00\x00\x00\x00\x00\x00\x00}
22:22:07.586 [qtp1179689991-30] DEBUG o.e.jetty.server.HttpConnection - HttpConnection@1f6a2936::SocketChannelEndPoint@161a0ad1{/127.0.0.1:44192<->/127.0.0.1:9998,OPEN,fill=-,flush=-,to=1/30000}{io=0/0,kio=0,kro=1}->HttpConnection@1f6a2936[p=HttpParser{s=START,0 of -1},g=HttpGenerator@6873a25f{s=START}]=>HttpChannelOverHttp@1ce261a1{r=1,c=false,c=false/false,a=IDLE,uri=null,age=0} filled 0 HeapByteBuffer@4738aa0c[p=0,l=0,c=8192,r=0]={<<<>>>HTTP/1.1 400 Bad ...\x00\x00\x00\x00\x00\x00\x00\x00\x00\x00\x00\x00\x00\x00\x00}
22:22:07.586 [qtp1179689991-30] DEBUG o.e.jetty.server.HttpConnection - HttpConnection@1f6a2936::SocketChannelEndPoint@161a0ad1{/127.0.0.1:44192<->/127.0.0.1:9998,OPEN,fill=-,flush=-,to=1/30000}{io=0/0,kio=0,kro=1}->HttpConnection@1f6a2936[p=HttpParser{s=START,0 of -1},g=HttpGenerator@6873a25f{s=START}]=>HttpChannelOverHttp@1ce261a1{r=1,c=false,c=false/false,a=IDLE,uri=null,age=0} parse HeapByteBuffer@4738aa0c[p=0,l=0,c=8192,r=0]={<<<>>>HTTP/1.1 400 Bad ...\x00\x00\x00\x00\x00\x00\x00\x00\x00\x00\x00\x00\x00\x00\x00} {}
22:22:07.586 [qtp1179689991-30] DEBUG org.eclipse.jetty.http.HttpParser - parseNext s=START HeapByteBuffer@4738aa0c[p=0,l=0,c=8192,r=0]={<<<>>>HTTP/1.1 400 Bad ...\x00\x00\x00\x00\x00\x00\x00\x00\x00\x00\x00\x00\x00\x00\x00}
22:22:07.586 [qtp1179689991-30] DEBUG o.e.jetty.server.HttpConnection - HttpConnection@1f6a2936::SocketChannelEndPoint@161a0ad1{/127.0.0.1:44192<->/127.0.0.1:9998,OPEN,fill=-,flush=-,to=1/30000}{io=0/0,kio=0,kro=1}->HttpConnection@1f6a2936[p=HttpParser{s=START,0 of -1},g=HttpGenerator@6873a25f{s=START}]=>HttpChannelOverHttp@1ce261a1{r=1,c=false,c=false/false,a=IDLE,uri=null,age=0} parsed false HttpParser{s=START,0 of -1}
22:22:07.586 [qtp1179689991-30] DEBUG o.e.jetty.server.HttpConnection - releaseRequestBuffer HttpConnection@1f6a2936::SocketChannelEndPoint@161a0ad1{/127.0.0.1:44192<->/127.0.0.1:9998,OPEN,fill=-,flush=-,to=1/30000}{io=0/0,kio=0,kro=1}->HttpConnection@1f6a2936[p=HttpParser{s=START,0 of -1},g=HttpGenerator@6873a25f{s=START}]=>HttpChannelOverHttp@1ce261a1{r=1,c=false,c=false/false,a=IDLE,uri=null,age=0}
22:22:07.587 [qtp1179689991-30] DEBUG o.e.jetty.io.AbstractConnection - fillInterested HttpConnection@1f6a2936::SocketChannelEndPoint@161a0ad1{/127.0.0.1:44192<->/127.0.0.1:9998,OPEN,fill=-,flush=-,to=2/30000}{io=0/0,kio=0,kro=1}->HttpConnection@1f6a2936[p=HttpParser{s=START,0 of -1},g=HttpGenerator@6873a25f{s=START}]=>HttpChannelOverHttp@1ce261a1{r=1,c=false,c=false/false,a=IDLE,uri=null,age=0}
22:22:07.587 [qtp1179689991-30] DEBUG org.eclipse.jetty.io.FillInterest - interested FillInterest@67132999{AC.ReadCB@1f6a2936{HttpConnection@1f6a2936::SocketChannelEndPoint@161a0ad1{/127.0.0.1:44192<->/127.0.0.1:9998,OPEN,fill=FI,flush=-,to=0/30000}{io=0/0,kio=0,kro=1}->HttpConnection@1f6a2936[p=HttpParser{s=START,0 of -1},g=HttpGenerator@6873a25f{s=START}]=>HttpChannelOverHttp@1ce261a1{r=1,c=false,c=false/false,a=IDLE,uri=null,age=0}}}
22:22:07.587 [qtp1179689991-30] DEBUG org.eclipse.jetty.io.ChannelEndPoint - changeInterests p=false 0->1 for SocketChannelEndPoint@161a0ad1{/127.0.0.1:44192<->/127.0.0.1:9998,OPEN,fill=FI,flush=-,to=0/30000}{io=0/1,kio=0,kro=1}->HttpConnection@1f6a2936[p=HttpParser{s=START,0 of -1},g=HttpGenerator@6873a25f{s=START}]=>HttpChannelOverHttp@1ce261a1{r=1,c=false,c=false/false,a=IDLE,uri=null,age=0}
22:22:07.587 [qtp1179689991-30] DEBUG org.eclipse.jetty.io.ManagedSelector - Queued change org.eclipse.jetty.io.ChannelEndPoint$1@39cf0316 on ManagedSelector@a50ae65{STARTED} id=1 keys=1 selected=0 updates=0
22:22:07.587 [qtp1179689991-30] DEBUG org.eclipse.jetty.io.ManagedSelector - Wakeup on submit ManagedSelector@a50ae65{STARTED} id=1 keys=1 selected=0 updates=1
22:22:07.587 [qtp1179689991-24] DEBUG org.eclipse.jetty.io.ManagedSelector - Selector sun.nio.ch.EPollSelectorImpl@16f52cac woken with none selected
22:22:07.587 [qtp1179689991-24] DEBUG org.eclipse.jetty.io.ManagedSelector - Selector sun.nio.ch.EPollSelectorImpl@16f52cac woken up from select, 0/0/1 selected
22:22:07.587 [qtp1179689991-24] DEBUG org.eclipse.jetty.io.ManagedSelector - Selector sun.nio.ch.EPollSelectorImpl@16f52cac processing 0 keys, 1 updates
22:22:07.587 [qtp1179689991-24] DEBUG org.eclipse.jetty.io.ManagedSelector - updateable 1
22:22:07.587 [qtp1179689991-30] DEBUG o.e.jetty.server.HttpConnection - HttpConnection@1f6a2936::SocketChannelEndPoint@161a0ad1{/127.0.0.1:44192<->/127.0.0.1:9998,OPEN,fill=FI,flush=-,to=0/30000}{io=0/1,kio=0,kro=1}->HttpConnection@1f6a2936[p=HttpParser{s=START,0 of -1},g=HttpGenerator@6873a25f{s=START}]=>HttpChannelOverHttp@1ce261a1{r=1,c=false,c=false/false,a=IDLE,uri=null,age=0} onFillable exit HttpChannelState@59e0fc59{s=IDLE a=NOT_ASYNC i=true r=IDLE w=false} null
22:22:07.587 [qtp1179689991-24] DEBUG org.eclipse.jetty.io.ManagedSelector - update org.eclipse.jetty.io.ChannelEndPoint$1@39cf0316
22:22:07.587 [qtp1179689991-30] DEBUG o.e.j.util.thread.QueuedThreadPool - ran CEP:SocketChannelEndPoint@161a0ad1{/127.0.0.1:44192<->/127.0.0.1:9998,OPEN,fill=FI,flush=-,to=0/30000}{io=1/1,kio=1,kro=1}->HttpConnection@1f6a2936[p=HttpParser{s=START,0 of -1},g=HttpGenerator@6873a25f{s=START}]=>HttpChannelOverHttp@1ce261a1{r=1,c=false,c=false/false,a=IDLE,uri=null,age=0}:runFillable:BLOCKING
22:22:07.587 [qtp1179689991-24] DEBUG org.eclipse.jetty.io.ChannelEndPoint - Key interests updated 0 -> 1 on SocketChannelEndPoint@161a0ad1{/127.0.0.1:44192<->/127.0.0.1:9998,OPEN,fill=FI,flush=-,to=0/30000}{io=1/1,kio=1,kro=1}->HttpConnection@1f6a2936[p=HttpParser{s=START,0 of -1},g=HttpGenerator@6873a25f{s=START}]=>HttpChannelOverHttp@1ce261a1{r=1,c=false,c=false/false,a=IDLE,uri=null,age=0}
22:22:07.587 [qtp1179689991-24] DEBUG org.eclipse.jetty.io.ManagedSelector - updates 0
22:22:07.587 [qtp1179689991-24] DEBUG org.eclipse.jetty.io.ManagedSelector - Selector sun.nio.ch.EPollSelectorImpl@16f52cac waiting with 1 keys
22:22:07.588 [main] DEBUG o.e.j.u.component.AbstractLifeCycle - stopping Server@30135202{STARTED}[9.4.17.v20190418]
22:22:07.588 [main] DEBUG org.eclipse.jetty.server.Server - doStop Server@30135202{STOPPING}[9.4.17.v20190418]
22:22:07.588 [main] DEBUG o.e.j.s.h.AbstractHandlerContainer - Graceful shutdown Server@30135202{STOPPING}[9.4.17.v20190418] by 
22:22:07.588 [qtp1179689991-27] DEBUG o.e.j.util.thread.QueuedThreadPool - ran qtp1179689991-27-acceptor-0@997d532-ServerConnector@53dfacba{HTTP/1.1,[http/1.1]}{0.0.0.0:9998}
22:22:07.588 [main] DEBUG o.e.j.u.component.AbstractLifeCycle - stopping ServerConnector@53dfacba{HTTP/1.1,[http/1.1]}{0.0.0.0:9998}
22:22:07.588 [main] DEBUG o.e.j.u.component.AbstractLifeCycle - stopping SelectorManager@ServerConnector@53dfacba{HTTP/1.1,[http/1.1]}{0.0.0.0:9998}
22:22:07.588 [main] DEBUG o.e.j.u.component.AbstractLifeCycle - stopping ManagedSelector@31e32ea2{STARTED} id=3 keys=0 selected=0 updates=0
22:22:07.588 [main] DEBUG org.eclipse.jetty.io.ManagedSelector - Queued change org.eclipse.jetty.io.ManagedSelector$CloseConnections@383f1975 on ManagedSelector@31e32ea2{STOPPING} id=3 keys=0 selected=0 updates=0
22:22:07.588 [main] DEBUG org.eclipse.jetty.io.ManagedSelector - Wakeup on submit ManagedSelector@31e32ea2{STOPPING} id=3 keys=0 selected=0 updates=1
22:22:07.588 [qtp1179689991-26] DEBUG org.eclipse.jetty.io.ManagedSelector - Selector sun.nio.ch.EPollSelectorImpl@2338e5ab woken with none selected
22:22:07.588 [qtp1179689991-26] DEBUG org.eclipse.jetty.io.ManagedSelector - Selector sun.nio.ch.EPollSelectorImpl@2338e5ab woken up from select, 0/0/0 selected
22:22:07.588 [qtp1179689991-26] DEBUG org.eclipse.jetty.io.ManagedSelector - Selector sun.nio.ch.EPollSelectorImpl@2338e5ab processing 0 keys, 1 updates
22:22:07.588 [qtp1179689991-26] DEBUG org.eclipse.jetty.io.ManagedSelector - updateable 1
22:22:07.588 [qtp1179689991-26] DEBUG org.eclipse.jetty.io.ManagedSelector - update org.eclipse.jetty.io.ManagedSelector$CloseConnections@383f1975
22:22:07.588 [qtp1179689991-26] DEBUG org.eclipse.jetty.io.ManagedSelector - Closing 0 connections on ManagedSelector@31e32ea2{STOPPING} id=3 keys=0 selected=0 updates=0
22:22:07.588 [qtp1179689991-26] DEBUG org.eclipse.jetty.io.ManagedSelector - updates 0
22:22:07.589 [qtp1179689991-26] DEBUG org.eclipse.jetty.io.ManagedSelector - Selector sun.nio.ch.EPollSelectorImpl@2338e5ab waiting with 0 keys
22:22:07.589 [main] DEBUG org.eclipse.jetty.io.ManagedSelector - Queued change org.eclipse.jetty.io.ManagedSelector$StopSelector@441cc260 on ManagedSelector@31e32ea2{STOPPING} id=3 keys=0 selected=0 updates=0
22:22:07.589 [main] DEBUG org.eclipse.jetty.io.ManagedSelector - Wakeup on submit ManagedSelector@31e32ea2{STOPPING} id=3 keys=0 selected=0 updates=1
22:22:07.589 [qtp1179689991-26] DEBUG org.eclipse.jetty.io.ManagedSelector - Selector sun.nio.ch.EPollSelectorImpl@2338e5ab woken with none selected
22:22:07.589 [qtp1179689991-26] DEBUG org.eclipse.jetty.io.ManagedSelector - Selector sun.nio.ch.EPollSelectorImpl@2338e5ab woken up from select, 0/0/0 selected
22:22:07.589 [qtp1179689991-26] DEBUG org.eclipse.jetty.io.ManagedSelector - Selector sun.nio.ch.EPollSelectorImpl@2338e5ab processing 0 keys, 1 updates
22:22:07.589 [qtp1179689991-26] DEBUG org.eclipse.jetty.io.ManagedSelector - updateable 1
22:22:07.589 [qtp1179689991-26] DEBUG org.eclipse.jetty.io.ManagedSelector - update org.eclipse.jetty.io.ManagedSelector$StopSelector@441cc260
22:22:07.589 [qtp1179689991-26] DEBUG org.eclipse.jetty.io.ManagedSelector - updates 0
22:22:07.589 [main] DEBUG o.e.j.u.component.AbstractLifeCycle - stopping EatWhatYouKill@5972d253/SelectorProducer@4fcc0416/PRODUCING/p=false/JettyConnectorThreadPool[qtp1179689991]@4650a407{STARTED,8<=8<=200,i=3,q=0}[ReservedThreadExecutor@6edaa77a{s=1/8,p=0}][pc=0,pic=0,pec=0,epc=0]@2020-09-27T22:22:07.589+01:00
22:22:07.589 [qtp1179689991-26] DEBUG o.e.j.util.thread.QueuedThreadPool - ran org.eclipse.jetty.io.ManagedSelector$$Lambda$198/1041326823@6075b2d3
22:22:07.589 [main] DEBUG o.e.j.u.component.AbstractLifeCycle - STOPPED EatWhatYouKill@5972d253/SelectorProducer@4fcc0416/IDLE/p=false/JettyConnectorThreadPool[qtp1179689991]@4650a407{STARTED,8<=8<=200,i=4,q=0}[ReservedThreadExecutor@6edaa77a{s=1/8,p=0}][pc=0,pic=0,pec=0,epc=0]@2020-09-27T22:22:07.589+01:00
22:22:07.589 [main] DEBUG o.e.j.u.component.AbstractLifeCycle - STOPPED ManagedSelector@31e32ea2{STOPPED} id=3 keys=-1 selected=-1 updates=0
22:22:07.589 [main] DEBUG o.e.j.u.component.AbstractLifeCycle - stopping ManagedSelector@56de6d6b{STARTED} id=2 keys=0 selected=0 updates=0
22:22:07.589 [main] DEBUG org.eclipse.jetty.io.ManagedSelector - Queued change org.eclipse.jetty.io.ManagedSelector$CloseConnections@73a00e09 on ManagedSelector@56de6d6b{STOPPING} id=2 keys=0 selected=0 updates=0
22:22:07.589 [main] DEBUG org.eclipse.jetty.io.ManagedSelector - Wakeup on submit ManagedSelector@56de6d6b{STOPPING} id=2 keys=0 selected=0 updates=1
22:22:07.589 [qtp1179689991-25] DEBUG org.eclipse.jetty.io.ManagedSelector - Selector sun.nio.ch.EPollSelectorImpl@3a63c946 woken with none selected
22:22:07.589 [qtp1179689991-25] DEBUG org.eclipse.jetty.io.ManagedSelector - Selector sun.nio.ch.EPollSelectorImpl@3a63c946 woken up from select, 0/0/0 selected
22:22:07.589 [qtp1179689991-25] DEBUG org.eclipse.jetty.io.ManagedSelector - Selector sun.nio.ch.EPollSelectorImpl@3a63c946 processing 0 keys, 1 updates
22:22:07.589 [qtp1179689991-25] DEBUG org.eclipse.jetty.io.ManagedSelector - updateable 1
22:22:07.590 [qtp1179689991-25] DEBUG org.eclipse.jetty.io.ManagedSelector - update org.eclipse.jetty.io.ManagedSelector$CloseConnections@73a00e09
22:22:07.590 [qtp1179689991-25] DEBUG org.eclipse.jetty.io.ManagedSelector - Closing 0 connections on ManagedSelector@56de6d6b{STOPPING} id=2 keys=0 selected=0 updates=0
22:22:07.590 [qtp1179689991-25] DEBUG org.eclipse.jetty.io.ManagedSelector - updates 0
22:22:07.590 [qtp1179689991-25] DEBUG org.eclipse.jetty.io.ManagedSelector - Selector sun.nio.ch.EPollSelectorImpl@3a63c946 waiting with 0 keys
22:22:07.590 [main] DEBUG org.eclipse.jetty.io.ManagedSelector - Queued change org.eclipse.jetty.io.ManagedSelector$StopSelector@26dcd8c0 on ManagedSelector@56de6d6b{STOPPING} id=2 keys=0 selected=0 updates=0
22:22:07.590 [main] DEBUG org.eclipse.jetty.io.ManagedSelector - Wakeup on submit ManagedSelector@56de6d6b{STOPPING} id=2 keys=0 selected=0 updates=1
22:22:07.590 [qtp1179689991-25] DEBUG org.eclipse.jetty.io.ManagedSelector - Selector sun.nio.ch.EPollSelectorImpl@3a63c946 woken with none selected
22:22:07.590 [qtp1179689991-25] DEBUG org.eclipse.jetty.io.ManagedSelector - Selector sun.nio.ch.EPollSelectorImpl@3a63c946 woken up from select, 0/0/0 selected
22:22:07.590 [qtp1179689991-25] DEBUG org.eclipse.jetty.io.ManagedSelector - Selector sun.nio.ch.EPollSelectorImpl@3a63c946 processing 0 keys, 1 updates
22:22:07.590 [qtp1179689991-25] DEBUG org.eclipse.jetty.io.ManagedSelector - updateable 1
22:22:07.590 [qtp1179689991-25] DEBUG org.eclipse.jetty.io.ManagedSelector - update org.eclipse.jetty.io.ManagedSelector$StopSelector@26dcd8c0
22:22:07.590 [qtp1179689991-25] DEBUG org.eclipse.jetty.io.ManagedSelector - updates 0
22:22:07.590 [main] DEBUG o.e.j.u.component.AbstractLifeCycle - stopping EatWhatYouKill@1280851e/SelectorProducer@5e840abf/PRODUCING/p=false/JettyConnectorThreadPool[qtp1179689991]@4650a407{STARTED,8<=8<=200,i=4,q=0}[ReservedThreadExecutor@6edaa77a{s=1/8,p=0}][pc=0,pic=0,pec=0,epc=0]@2020-09-27T22:22:07.59+01:00
22:22:07.590 [qtp1179689991-25] DEBUG o.e.j.util.thread.QueuedThreadPool - ran org.eclipse.jetty.io.ManagedSelector$$Lambda$198/1041326823@551de37d
22:22:07.590 [main] DEBUG o.e.j.u.component.AbstractLifeCycle - STOPPED EatWhatYouKill@1280851e/SelectorProducer@5e840abf/IDLE/p=false/JettyConnectorThreadPool[qtp1179689991]@4650a407{STARTED,8<=8<=200,i=5,q=0}[ReservedThreadExecutor@6edaa77a{s=1/8,p=0}][pc=0,pic=0,pec=0,epc=0]@2020-09-27T22:22:07.59+01:00
22:22:07.590 [main] DEBUG o.e.j.u.component.AbstractLifeCycle - STOPPED ManagedSelector@56de6d6b{STOPPED} id=2 keys=-1 selected=-1 updates=0
22:22:07.591 [main] DEBUG o.e.j.u.component.AbstractLifeCycle - stopping ManagedSelector@a50ae65{STARTED} id=1 keys=1 selected=0 updates=0
22:22:07.591 [main] DEBUG org.eclipse.jetty.io.ManagedSelector - Queued change org.eclipse.jetty.io.ManagedSelector$CloseConnections@66e889df on ManagedSelector@a50ae65{STOPPING} id=1 keys=1 selected=0 updates=0
22:22:07.591 [main] DEBUG org.eclipse.jetty.io.ManagedSelector - Wakeup on submit ManagedSelector@a50ae65{STOPPING} id=1 keys=1 selected=0 updates=1
22:22:07.591 [qtp1179689991-24] DEBUG org.eclipse.jetty.io.ManagedSelector - Selector sun.nio.ch.EPollSelectorImpl@16f52cac woken with none selected
22:22:07.591 [qtp1179689991-24] DEBUG org.eclipse.jetty.io.ManagedSelector - Selector sun.nio.ch.EPollSelectorImpl@16f52cac woken up from select, 0/0/1 selected
22:22:07.591 [qtp1179689991-24] DEBUG org.eclipse.jetty.io.ManagedSelector - Selector sun.nio.ch.EPollSelectorImpl@16f52cac processing 0 keys, 1 updates
22:22:07.591 [qtp1179689991-24] DEBUG org.eclipse.jetty.io.ManagedSelector - updateable 1
22:22:07.591 [qtp1179689991-24] DEBUG org.eclipse.jetty.io.ManagedSelector - update org.eclipse.jetty.io.ManagedSelector$CloseConnections@66e889df
22:22:07.591 [qtp1179689991-24] DEBUG org.eclipse.jetty.io.ManagedSelector - Closing 1 connections on ManagedSelector@a50ae65{STOPPING} id=1 keys=1 selected=0 updates=0
22:22:07.591 [qtp1179689991-24] DEBUG o.eclipse.jetty.io.AbstractEndPoint - close SocketChannelEndPoint@161a0ad1{/127.0.0.1:44192<->/127.0.0.1:9998,OPEN,fill=FI,flush=-,to=4/30000}{io=1/1,kio=1,kro=1}->HttpConnection@1f6a2936[p=HttpParser{s=START,0 of -1},g=HttpGenerator@6873a25f{s=START}]=>HttpChannelOverHttp@1ce261a1{r=1,c=false,c=false/false,a=IDLE,uri=null,age=0}
22:22:07.591 [qtp1179689991-24] DEBUG o.eclipse.jetty.io.AbstractEndPoint - close(null) SocketChannelEndPoint@161a0ad1{/127.0.0.1:44192<->/127.0.0.1:9998,OPEN,fill=FI,flush=-,to=4/30000}{io=1/1,kio=1,kro=1}->HttpConnection@1f6a2936[p=HttpParser{s=START,0 of -1},g=HttpGenerator@6873a25f{s=START}]=>HttpChannelOverHttp@1ce261a1{r=1,c=false,c=false/false,a=IDLE,uri=null,age=0}
22:22:07.591 [qtp1179689991-24] DEBUG org.eclipse.jetty.io.ChannelEndPoint - doClose SocketChannelEndPoint@161a0ad1{/127.0.0.1:44192<->/127.0.0.1:9998,CLOSED,fill=FI,flush=-,to=4/30000}{io=1/1,kio=1,kro=1}->HttpConnection@1f6a2936[p=HttpParser{s=START,0 of -1},g=HttpGenerator@6873a25f{s=START}]=>HttpChannelOverHttp@1ce261a1{r=1,c=false,c=false/false,a=IDLE,uri=null,age=0}
22:22:07.591 [qtp1179689991-24] DEBUG org.eclipse.jetty.io.WriteFlusher - ignored: WriteFlusher@4b4d345{IDLE}->null
java.nio.channels.ClosedChannelException: null
	at org.eclipse.jetty.io.WriteFlusher.onClose(WriteFlusher.java:492)
	at org.eclipse.jetty.io.AbstractEndPoint.onClose(AbstractEndPoint.java:353)
	at org.eclipse.jetty.io.ChannelEndPoint.onClose(ChannelEndPoint.java:215)
	at org.eclipse.jetty.io.AbstractEndPoint.doOnClose(AbstractEndPoint.java:225)
	at org.eclipse.jetty.io.AbstractEndPoint.close(AbstractEndPoint.java:192)
	at org.eclipse.jetty.io.AbstractEndPoint.close(AbstractEndPoint.java:175)
	at org.eclipse.jetty.io.AbstractConnection.close(AbstractConnection.java:248)
	at org.eclipse.jetty.io.ManagedSelector.closeNoExceptions(ManagedSelector.java:252)
	at org.eclipse.jetty.io.ManagedSelector.access$1400(ManagedSelector.java:61)
	at org.eclipse.jetty.io.ManagedSelector$CloseConnections.update(ManagedSelector.java:866)
	at org.eclipse.jetty.io.ManagedSelector$SelectorProducer.processUpdates(ManagedSelector.java:426)
	at org.eclipse.jetty.io.ManagedSelector$SelectorProducer.produce(ManagedSelector.java:397)
	at org.eclipse.jetty.util.thread.strategy.EatWhatYouKill.produceTask(EatWhatYouKill.java:357)
	at org.eclipse.jetty.util.thread.strategy.EatWhatYouKill.doProduce(EatWhatYouKill.java:181)
	at org.eclipse.jetty.util.thread.strategy.EatWhatYouKill.tryProduce(EatWhatYouKill.java:168)
	at org.eclipse.jetty.util.thread.strategy.EatWhatYouKill.produce(EatWhatYouKill.java:132)
	at org.eclipse.jetty.util.thread.QueuedThreadPool.runJob(QueuedThreadPool.java:786)
	at org.eclipse.jetty.util.thread.QueuedThreadPool$2.run(QueuedThreadPool.java:743)
	at java.lang.Thread.run(Thread.java:748)
22:22:07.592 [qtp1179689991-24] DEBUG org.eclipse.jetty.io.FillInterest - onClose FillInterest@67132999{AC.ReadCB@1f6a2936{HttpConnection@1f6a2936::SocketChannelEndPoint@161a0ad1{/127.0.0.1:44192<->/127.0.0.1:9998,CLOSED,fill=FI,flush=-,to=4/30000}{io=1/1,kio=-1,kro=-1}->HttpConnection@1f6a2936[p=HttpParser{s=START,0 of -1},g=HttpGenerator@6873a25f{s=START}]=>HttpChannelOverHttp@1ce261a1{r=1,c=false,c=false/false,a=IDLE,uri=null,age=0}}}
22:22:07.592 [qtp1179689991-24] DEBUG org.eclipse.jetty.http.HttpParser - close HttpParser{s=START,0 of -1}
22:22:07.592 [qtp1179689991-24] DEBUG org.eclipse.jetty.http.HttpParser - START --> CLOSE
22:22:07.592 [qtp1179689991-24] DEBUG o.e.jetty.io.AbstractConnection - HttpConnection@1f6a2936::SocketChannelEndPoint@161a0ad1{/127.0.0.1:44192<->/127.0.0.1:9998,CLOSED,fill=-,flush=-,to=5/30000}{io=1/1,kio=-1,kro=-1}->HttpConnection@1f6a2936[p=HttpParser{s=CLOSE,0 of -1},g=HttpGenerator@6873a25f{s=START}]=>HttpChannelOverHttp@1ce261a1{r=1,c=false,c=false/false,a=IDLE,uri=null,age=0} onFillInterestedFailed {}
22:22:07.592 [qtp1179689991-24] DEBUG org.eclipse.jetty.io.ManagedSelector - Wakeup ManagedSelector@a50ae65{STOPPING} id=1 keys=1 selected=0 updates=0
22:22:07.592 [qtp1179689991-24] DEBUG o.e.j.util.thread.QueuedThreadPool - queue org.eclipse.jetty.io.ManagedSelector$DestroyEndPoint@590fda39
22:22:07.592 [qtp1179689991-24] DEBUG org.eclipse.jetty.io.ManagedSelector - updates 0
22:22:07.592 [qtp1179689991-24] DEBUG org.eclipse.jetty.io.ManagedSelector - Selector sun.nio.ch.EPollSelectorImpl@16f52cac waiting with 1 keys
22:22:07.592 [main] DEBUG org.eclipse.jetty.io.ManagedSelector - Queued change org.eclipse.jetty.io.ManagedSelector$StopSelector@444548a0 on ManagedSelector@a50ae65{STOPPING} id=1 keys=1 selected=0 updates=0
22:22:07.592 [qtp1179689991-28] DEBUG o.e.j.util.thread.QueuedThreadPool - run org.eclipse.jetty.io.ManagedSelector$DestroyEndPoint@590fda39
22:22:07.592 [main] DEBUG org.eclipse.jetty.io.ManagedSelector - Wakeup on submit ManagedSelector@a50ae65{STOPPING} id=1 keys=0 selected=0 updates=1
22:22:07.592 [qtp1179689991-24] DEBUG org.eclipse.jetty.io.ManagedSelector - Selector sun.nio.ch.EPollSelectorImpl@16f52cac woken with none selected
22:22:07.592 [qtp1179689991-24] DEBUG org.eclipse.jetty.io.ManagedSelector - Selector sun.nio.ch.EPollSelectorImpl@16f52cac woken up from select, 0/0/0 selected
22:22:07.592 [qtp1179689991-24] DEBUG org.eclipse.jetty.io.ManagedSelector - Selector sun.nio.ch.EPollSelectorImpl@16f52cac processing 0 keys, 1 updates
22:22:07.592 [qtp1179689991-24] DEBUG org.eclipse.jetty.io.ManagedSelector - updateable 1
22:22:07.592 [qtp1179689991-24] DEBUG org.eclipse.jetty.io.ManagedSelector - update org.eclipse.jetty.io.ManagedSelector$StopSelector@444548a0
22:22:07.592 [qtp1179689991-24] DEBUG org.eclipse.jetty.io.ManagedSelector - updates 0
22:22:07.592 [qtp1179689991-28] DEBUG org.eclipse.jetty.io.ManagedSelector - Destroyed SocketChannelEndPoint@161a0ad1{/127.0.0.1:44192<->/127.0.0.1:9998,CLOSED,fill=-,flush=-,to=5/30000}{io=1/1,kio=-1,kro=-1}->HttpConnection@1f6a2936[p=HttpParser{s=CLOSE,0 of -1},g=HttpGenerator@6873a25f{s=START}]=>HttpChannelOverHttp@1ce261a1{r=1,c=false,c=false/false,a=IDLE,uri=null,age=0}
22:22:07.592 [main] DEBUG o.e.j.u.component.AbstractLifeCycle - stopping EatWhatYouKill@63e5e5b4/SelectorProducer@13a37e2a/PRODUCING/p=false/JettyConnectorThreadPool[qtp1179689991]@4650a407{STARTED,8<=8<=200,i=4,q=0}[ReservedThreadExecutor@6edaa77a{s=1/8,p=0}][pc=0,pic=0,pec=1,epc=0]@2020-09-27T22:22:07.592+01:00
22:22:07.592 [qtp1179689991-28] DEBUG o.e.jetty.io.AbstractConnection - onClose HttpConnection@1f6a2936::SocketChannelEndPoint@161a0ad1{/127.0.0.1:44192<->/127.0.0.1:9998,CLOSED,fill=-,flush=-,to=5/30000}{io=1/1,kio=-1,kro=-1}->HttpConnection@1f6a2936[p=HttpParser{s=CLOSE,0 of -1},g=HttpGenerator@6873a25f{s=START}]=>HttpChannelOverHttp@1ce261a1{r=1,c=false,c=false/false,a=IDLE,uri=null,age=0}
22:22:07.593 [qtp1179689991-28] DEBUG o.e.j.util.thread.QueuedThreadPool - ran org.eclipse.jetty.io.ManagedSelector$DestroyEndPoint@590fda39
22:22:07.593 [main] DEBUG o.e.j.u.component.AbstractLifeCycle - STOPPED EatWhatYouKill@63e5e5b4/SelectorProducer@13a37e2a/IDLE/p=false/JettyConnectorThreadPool[qtp1179689991]@4650a407{STARTED,8<=8<=200,i=4,q=0}[ReservedThreadExecutor@6edaa77a{s=1/8,p=0}][pc=0,pic=0,pec=1,epc=0]@2020-09-27T22:22:07.593+01:00
22:22:07.593 [qtp1179689991-24] DEBUG o.e.j.util.thread.QueuedThreadPool - ran org.eclipse.jetty.io.ManagedSelector$$Lambda$198/1041326823@749f539e
22:22:07.593 [main] DEBUG o.e.j.u.component.AbstractLifeCycle - STOPPED ManagedSelector@a50ae65{STOPPED} id=1 keys=-1 selected=-1 updates=0
22:22:07.593 [main] DEBUG o.e.j.u.component.AbstractLifeCycle - stopping ManagedSelector@6b1e7ad3{STARTED} id=0 keys=0 selected=0 updates=0
22:22:07.593 [main] DEBUG org.eclipse.jetty.io.ManagedSelector - Queued change org.eclipse.jetty.io.ManagedSelector$CloseConnections@3766c667 on ManagedSelector@6b1e7ad3{STOPPING} id=0 keys=0 selected=0 updates=0
22:22:07.593 [main] DEBUG org.eclipse.jetty.io.ManagedSelector - Wakeup on submit ManagedSelector@6b1e7ad3{STOPPING} id=0 keys=0 selected=0 updates=1
22:22:07.593 [qtp1179689991-23] DEBUG org.eclipse.jetty.io.ManagedSelector - Selector sun.nio.ch.EPollSelectorImpl@518690ea woken with none selected
22:22:07.593 [qtp1179689991-23] DEBUG org.eclipse.jetty.io.ManagedSelector - Selector sun.nio.ch.EPollSelectorImpl@518690ea woken up from select, 0/0/0 selected
22:22:07.593 [qtp1179689991-23] DEBUG org.eclipse.jetty.io.ManagedSelector - Selector sun.nio.ch.EPollSelectorImpl@518690ea processing 0 keys, 1 updates
22:22:07.593 [qtp1179689991-23] DEBUG org.eclipse.jetty.io.ManagedSelector - updateable 1
22:22:07.593 [qtp1179689991-23] DEBUG org.eclipse.jetty.io.ManagedSelector - update org.eclipse.jetty.io.ManagedSelector$CloseConnections@3766c667
22:22:07.593 [qtp1179689991-23] DEBUG org.eclipse.jetty.io.ManagedSelector - Closing 0 connections on ManagedSelector@6b1e7ad3{STOPPING} id=0 keys=0 selected=0 updates=0
22:22:07.593 [qtp1179689991-23] DEBUG org.eclipse.jetty.io.ManagedSelector - updates 0
22:22:07.593 [qtp1179689991-23] DEBUG org.eclipse.jetty.io.ManagedSelector - Selector sun.nio.ch.EPollSelectorImpl@518690ea waiting with 0 keys
22:22:07.593 [main] DEBUG org.eclipse.jetty.io.ManagedSelector - Queued change org.eclipse.jetty.io.ManagedSelector$StopSelector@773c0293 on ManagedSelector@6b1e7ad3{STOPPING} id=0 keys=0 selected=0 updates=0
22:22:07.593 [main] DEBUG org.eclipse.jetty.io.ManagedSelector - Wakeup on submit ManagedSelector@6b1e7ad3{STOPPING} id=0 keys=0 selected=0 updates=1
22:22:07.593 [qtp1179689991-23] DEBUG org.eclipse.jetty.io.ManagedSelector - Selector sun.nio.ch.EPollSelectorImpl@518690ea woken with none selected
22:22:07.593 [qtp1179689991-23] DEBUG org.eclipse.jetty.io.ManagedSelector - Selector sun.nio.ch.EPollSelectorImpl@518690ea woken up from select, 0/0/0 selected
22:22:07.593 [qtp1179689991-23] DEBUG org.eclipse.jetty.io.ManagedSelector - Selector sun.nio.ch.EPollSelectorImpl@518690ea processing 0 keys, 1 updates
22:22:07.593 [qtp1179689991-23] DEBUG org.eclipse.jetty.io.ManagedSelector - updateable 1
22:22:07.593 [qtp1179689991-23] DEBUG org.eclipse.jetty.io.ManagedSelector - update org.eclipse.jetty.io.ManagedSelector$StopSelector@773c0293
22:22:07.593 [qtp1179689991-23] DEBUG org.eclipse.jetty.io.ManagedSelector - updates 0
22:22:07.594 [main] DEBUG o.e.j.u.component.AbstractLifeCycle - stopping EatWhatYouKill@35f8a9d3/SelectorProducer@48ea2003/PRODUCING/p=false/JettyConnectorThreadPool[qtp1179689991]@4650a407{STARTED,8<=8<=200,i=6,q=0}[ReservedThreadExecutor@6edaa77a{s=1/8,p=0}][pc=0,pic=0,pec=0,epc=0]@2020-09-27T22:22:07.594+01:00
22:22:07.594 [qtp1179689991-23] DEBUG o.e.j.util.thread.QueuedThreadPool - ran org.eclipse.jetty.io.ManagedSelector$$Lambda$198/1041326823@1473b8c0
22:22:07.594 [main] DEBUG o.e.j.u.component.AbstractLifeCycle - STOPPED EatWhatYouKill@35f8a9d3/SelectorProducer@48ea2003/IDLE/p=false/JettyConnectorThreadPool[qtp1179689991]@4650a407{STARTED,8<=8<=200,i=7,q=0}[ReservedThreadExecutor@6edaa77a{s=1/8,p=0}][pc=0,pic=0,pec=0,epc=0]@2020-09-27T22:22:07.594+01:00
22:22:07.594 [main] DEBUG o.e.j.u.component.AbstractLifeCycle - STOPPED ManagedSelector@6b1e7ad3{STOPPED} id=0 keys=-1 selected=-1 updates=0
22:22:07.594 [main] DEBUG o.e.j.u.component.AbstractLifeCycle - STOPPED SelectorManager@ServerConnector@53dfacba{HTTP/1.1,[http/1.1]}{0.0.0.0:9998}
22:22:07.594 [main] DEBUG o.e.j.u.component.AbstractLifeCycle - stopping HttpConnectionFactory@6a4d7f76[HTTP/1.1]
22:22:07.594 [main] DEBUG o.e.j.u.component.AbstractLifeCycle - STOPPED HttpConnectionFactory@6a4d7f76[HTTP/1.1]
22:22:07.594 [main] DEBUG o.e.j.u.component.AbstractLifeCycle - stopping ScheduledExecutorScheduler@79767781{STARTED}
22:22:07.594 [main] DEBUG o.e.j.u.component.AbstractLifeCycle - STOPPED ScheduledExecutorScheduler@79767781{STOPPED}
22:22:07.594 [main] INFO  o.e.jetty.server.AbstractConnector - Stopped ServerConnector@53dfacba{HTTP/1.1,[http/1.1]}{0.0.0.0:9998}
22:22:07.594 [main] DEBUG o.e.j.u.component.AbstractLifeCycle - STOPPED ServerConnector@53dfacba{HTTP/1.1,[http/1.1]}{0.0.0.0:9998}
22:22:07.594 [main] DEBUG o.e.j.server.handler.AbstractHandler - stopping Server@30135202{STOPPING}[9.4.17.v20190418]
22:22:07.594 [main] DEBUG o.e.j.u.component.AbstractLifeCycle - stopping ErrorHandler@245a060f{STARTED}
22:22:07.594 [main] DEBUG o.e.j.server.handler.AbstractHandler - stopping ErrorHandler@245a060f{STOPPING}
22:22:07.594 [main] DEBUG o.e.j.u.component.AbstractLifeCycle - STOPPED ErrorHandler@245a060f{STOPPED}
22:22:07.594 [main] DEBUG o.e.j.u.component.AbstractLifeCycle - stopping JettyHttpContainer@aced190{STARTED}
22:22:07.594 [main] DEBUG o.e.j.server.handler.AbstractHandler - stopping JettyHttpContainer@aced190{STOPPING}
22:22:07.596 [main] DEBUG o.e.j.u.component.AbstractLifeCycle - STOPPED JettyHttpContainer@aced190{STOPPED}
22:22:07.596 [main] DEBUG o.e.j.u.component.AbstractLifeCycle - stopping JettyConnectorThreadPool[qtp1179689991]@4650a407{STARTED,8<=8<=200,i=7,q=0}[ReservedThreadExecutor@6edaa77a{s=1/8,p=0}]
22:22:07.596 [main] DEBUG o.e.j.util.thread.QueuedThreadPool - Stopping JettyConnectorThreadPool[qtp1179689991]@4650a407{STOPPING,8<=8<=200,i=7,q=0}[ReservedThreadExecutor@6edaa77a{s=1/8,p=0}]
22:22:07.596 [main] DEBUG o.e.j.u.component.AbstractLifeCycle - stopping ReservedThreadExecutor@6edaa77a{s=1/8,p=0}
22:22:07.596 [main] DEBUG o.e.j.u.t.ReservedThreadExecutor - ReservedThreadExecutor@6edaa77a{s=0/8,p=0}@1c0d47dc offer STOP!
22:22:07.596 [main] DEBUG o.e.j.u.component.AbstractLifeCycle - STOPPED ReservedThreadExecutor@6edaa77a{s=0/8,p=0}
22:22:07.596 [main] DEBUG o.e.j.util.thread.QueuedThreadPool - Waiting for Thread[qtp1179689991-25,5,main] for 14999
22:22:07.596 [qtp1179689991-29] DEBUG o.e.j.u.t.ReservedThreadExecutor - ReservedThreadExecutor@6edaa77a{s=0/8,p=0}@1c0d47dc task=STOP!
22:22:07.597 [qtp1179689991-29] DEBUG o.e.j.u.t.ReservedThreadExecutor - ReservedThreadExecutor@6edaa77a{s=0/8,p=0}@1c0d47dc Exited
22:22:07.597 [qtp1179689991-29] DEBUG o.e.j.util.thread.QueuedThreadPool - ran ReservedThreadExecutor@6edaa77a{s=0/8,p=0}@1c0d47dc
22:22:07.597 [qtp1179689991-26] DEBUG o.e.j.util.thread.QueuedThreadPool - run org.eclipse.jetty.util.thread.QueuedThreadPool$$Lambda$265/1547817015@542ada62
22:22:07.597 [qtp1179689991-26] DEBUG o.e.j.util.thread.QueuedThreadPool - ran org.eclipse.jetty.util.thread.QueuedThreadPool$$Lambda$265/1547817015@542ada62
22:22:07.597 [qtp1179689991-25] DEBUG o.e.j.util.thread.QueuedThreadPool - run org.eclipse.jetty.util.thread.QueuedThreadPool$$Lambda$265/1547817015@542ada62
22:22:07.597 [qtp1179689991-25] DEBUG o.e.j.util.thread.QueuedThreadPool - ran org.eclipse.jetty.util.thread.QueuedThreadPool$$Lambda$265/1547817015@542ada62
22:22:07.597 [qtp1179689991-28] DEBUG o.e.j.util.thread.QueuedThreadPool - run org.eclipse.jetty.util.thread.QueuedThreadPool$$Lambda$265/1547817015@542ada62
22:22:07.597 [qtp1179689991-28] DEBUG o.e.j.util.thread.QueuedThreadPool - ran org.eclipse.jetty.util.thread.QueuedThreadPool$$Lambda$265/1547817015@542ada62
22:22:07.597 [qtp1179689991-24] DEBUG o.e.j.util.thread.QueuedThreadPool - run org.eclipse.jetty.util.thread.QueuedThreadPool$$Lambda$265/1547817015@542ada62
22:22:07.597 [qtp1179689991-24] DEBUG o.e.j.util.thread.QueuedThreadPool - ran org.eclipse.jetty.util.thread.QueuedThreadPool$$Lambda$265/1547817015@542ada62
22:22:07.597 [qtp1179689991-23] DEBUG o.e.j.util.thread.QueuedThreadPool - run org.eclipse.jetty.util.thread.QueuedThreadPool$$Lambda$265/1547817015@542ada62
22:22:07.597 [qtp1179689991-23] DEBUG o.e.j.util.thread.QueuedThreadPool - ran org.eclipse.jetty.util.thread.QueuedThreadPool$$Lambda$265/1547817015@542ada62
22:22:07.598 [qtp1179689991-27] DEBUG o.e.j.util.thread.QueuedThreadPool - run org.eclipse.jetty.util.thread.QueuedThreadPool$$Lambda$265/1547817015@542ada62
22:22:07.597 [main] DEBUG o.e.j.util.thread.QueuedThreadPool - Waiting for Thread[qtp1179689991-28,5,main] for 14999
22:22:07.598 [main] DEBUG o.e.j.util.thread.QueuedThreadPool - Waiting for Thread[qtp1179689991-23,5,] for 14998
22:22:07.598 [main] DEBUG o.e.j.util.thread.QueuedThreadPool - Waiting for Thread[qtp1179689991-27,5,main] for 14998
22:22:07.597 [qtp1179689991-30] DEBUG o.e.j.util.thread.QueuedThreadPool - run org.eclipse.jetty.util.thread.QueuedThreadPool$$Lambda$265/1547817015@542ada62
22:22:07.599 [qtp1179689991-30] DEBUG o.e.j.util.thread.QueuedThreadPool - ran org.eclipse.jetty.util.thread.QueuedThreadPool$$Lambda$265/1547817015@542ada62
22:22:07.598 [qtp1179689991-27] DEBUG o.e.j.util.thread.QueuedThreadPool - ran org.eclipse.jetty.util.thread.QueuedThreadPool$$Lambda$265/1547817015@542ada62
22:22:07.599 [main] DEBUG o.e.j.util.thread.QueuedThreadPool - Waiting for Thread[qtp1179689991-30,5,] for 14997
22:22:07.599 [main] DEBUG o.e.j.u.component.AbstractLifeCycle - STOPPED JettyConnectorThreadPool[qtp1179689991]@4650a407{STOPPED,8<=0<=200,i=0,q=0}[org.eclipse.jetty.util.thread.TryExecutor$$Lambda$180/1484275564@1cefc4b3]
22:22:07.599 [main] DEBUG o.e.j.u.component.AbstractLifeCycle - STOPPED Server@30135202{STOPPED}[9.4.17.v20190418]
]]></system-out>
    <system-err><![CDATA[set 27, 2020 10:22:07 PM org.glassfish.jersey.test.jetty.JettyTestContainerFactory$JettyTestContainer <init>
INFO: Creating JettyTestContainer configured at the base URI http://localhost:9998/
]]></system-err>
  </testcase>
  <testcase name="testUpdateContactWithMissingFirstName" classname="com.brunogoncalves.phonebook.resource.ContactResourceTest" time="0.206">
    <system-out><![CDATA[22:22:07.660 [main] DEBUG o.h.v.i.e.r.TraversableResolvers - Cannot find javax.persistence.Persistence on classpath. Assuming non JPA 2 environment. All properties will per default be traversable.
22:22:07.660 [main] DEBUG o.h.v.i.x.config.ValidationXmlParser - Trying to load META-INF/validation.xml for XML based Validator configuration.
22:22:07.660 [main] DEBUG o.h.v.i.x.c.ResourceLoaderHelper - Trying to load META-INF/validation.xml via TCCL
22:22:07.660 [main] DEBUG o.h.v.i.x.c.ResourceLoaderHelper - Trying to load META-INF/validation.xml via Hibernate Validator's class loader
22:22:07.660 [main] DEBUG o.h.v.i.x.config.ValidationXmlParser - No META-INF/validation.xml found. Using annotation based configuration only.
22:22:07.664 [main] DEBUG o.h.v.m.ResourceBundleMessageInterpolator - Loaded expression factory via original TCCL
22:22:07.664 [main] DEBUG o.h.v.i.engine.ValidatorFactoryImpl - HV000234: Using org.hibernate.validator.messageinterpolation.ResourceBundleMessageInterpolator as ValidatorFactory-scoped message interpolator.
22:22:07.664 [main] DEBUG o.h.v.i.engine.ValidatorFactoryImpl - HV000234: Using org.hibernate.validator.internal.engine.resolver.TraverseAllTraversableResolver as ValidatorFactory-scoped traversable resolver.
22:22:07.664 [main] DEBUG o.h.v.i.engine.ValidatorFactoryImpl - HV000234: Using org.hibernate.validator.internal.util.ExecutableParameterNameProvider as ValidatorFactory-scoped parameter name provider.
22:22:07.664 [main] DEBUG o.h.v.i.engine.ValidatorFactoryImpl - HV000234: Using org.hibernate.validator.internal.engine.DefaultClockProvider as ValidatorFactory-scoped clock provider.
22:22:07.664 [main] DEBUG o.h.v.i.engine.ValidatorFactoryImpl - HV000234: Using org.hibernate.validator.internal.engine.scripting.DefaultScriptEvaluatorFactory as ValidatorFactory-scoped script evaluator factory.
22:22:07.670 [main] DEBUG o.e.j.u.component.ContainerLifeCycle - Server@38eb2fb0{STOPPED}[9.4.17.v20190418] added {JettyConnectorThreadPool[qtp862152124]@336365bc{STOPPED,8<=0<=200,i=0,q=0}[org.eclipse.jetty.util.thread.TryExecutor$$Lambda$180/1484275564@1cefc4b3],AUTO}
22:22:07.670 [main] DEBUG o.e.j.u.component.ContainerLifeCycle - HttpConnectionFactory@4567e53d[HTTP/1.1] added {HttpConfiguration@7351a16e{32768/8192,8192/8192,https://:0,[]},POJO}
22:22:07.670 [main] DEBUG o.e.j.u.component.ContainerLifeCycle - ServerConnector@5bb7643d{null,[]}{0.0.0.0:0} added {Server@38eb2fb0{STOPPED}[9.4.17.v20190418],UNMANAGED}
22:22:07.670 [main] DEBUG o.e.j.u.component.ContainerLifeCycle - ServerConnector@5bb7643d{null,[]}{0.0.0.0:0} added {JettyConnectorThreadPool[qtp862152124]@336365bc{STOPPED,8<=0<=200,i=0,q=0}[org.eclipse.jetty.util.thread.TryExecutor$$Lambda$180/1484275564@1cefc4b3],AUTO}
22:22:07.670 [main] DEBUG o.e.j.u.component.ContainerLifeCycle - ServerConnector@5bb7643d{null,[]}{0.0.0.0:0} added {ScheduledExecutorScheduler@3ac04654{STOPPED},AUTO}
22:22:07.670 [main] DEBUG o.e.j.u.component.ContainerLifeCycle - ServerConnector@5bb7643d{null,[]}{0.0.0.0:0} added {org.eclipse.jetty.io.ArrayByteBufferPool@4074023c,POJO}
22:22:07.670 [main] DEBUG o.e.j.u.component.ContainerLifeCycle - ServerConnector@5bb7643d{null,[http/1.1]}{0.0.0.0:0} added {HttpConnectionFactory@4567e53d[HTTP/1.1],AUTO}
22:22:07.670 [main] DEBUG o.e.jetty.server.AbstractConnector - ServerConnector@5bb7643d{HTTP/1.1,[http/1.1]}{0.0.0.0:0} added HttpConnectionFactory@4567e53d[HTTP/1.1]
22:22:07.670 [main] DEBUG o.e.j.u.component.ContainerLifeCycle - ServerConnector@5bb7643d{HTTP/1.1,[http/1.1]}{0.0.0.0:0} added {SelectorManager@ServerConnector@5bb7643d{HTTP/1.1,[http/1.1]}{0.0.0.0:0},MANAGED}
22:22:07.671 [main] DEBUG o.e.j.u.component.ContainerLifeCycle - Server@38eb2fb0{STOPPED}[9.4.17.v20190418] added {ServerConnector@5bb7643d{HTTP/1.1,[http/1.1]}{0.0.0.0:9998},AUTO}
22:22:07.671 [main] DEBUG o.e.j.u.component.ContainerLifeCycle - Server@38eb2fb0{STOPPED}[9.4.17.v20190418] added {JettyHttpContainer@3ed0918d{STOPPED},MANAGED}
22:22:07.671 [main] DEBUG o.e.j.u.component.AbstractLifeCycle - starting Server@38eb2fb0{STOPPED}[9.4.17.v20190418]
22:22:07.671 [main] DEBUG o.e.j.u.component.ContainerLifeCycle - Server@38eb2fb0{STARTING}[9.4.17.v20190418] added {ErrorHandler@5e268ce6{STOPPED},AUTO}
22:22:07.671 [main] INFO  org.eclipse.jetty.server.Server - jetty-9.4.17.v20190418; built: 2019-04-18T19:45:35.259Z; git: aa1c656c315c011c01e7b21aabb04066635b9f67; jvm 1.8.0_265-8u265-b01-0ubuntu2~18.04-b01
22:22:07.671 [main] DEBUG o.e.j.server.handler.AbstractHandler - starting Server@38eb2fb0{STARTING}[9.4.17.v20190418]
22:22:07.671 [main] DEBUG o.e.j.u.component.AbstractLifeCycle - starting JettyConnectorThreadPool[qtp862152124]@336365bc{STOPPED,8<=0<=200,i=0,q=0}[org.eclipse.jetty.util.thread.TryExecutor$$Lambda$180/1484275564@1cefc4b3]
22:22:07.671 [main] DEBUG o.e.j.u.t.ReservedThreadExecutor - ReservedThreadExecutor@66ec9390{s=0/8,p=0}
22:22:07.671 [main] DEBUG o.e.j.u.component.ContainerLifeCycle - JettyConnectorThreadPool[qtp862152124]@336365bc{STARTING,8<=0<=200,i=0,q=0}[ReservedThreadExecutor@66ec9390{s=0/8,p=0}] added {ReservedThreadExecutor@66ec9390{s=0/8,p=0},AUTO}
22:22:07.671 [main] DEBUG o.e.j.u.component.AbstractLifeCycle - starting ReservedThreadExecutor@66ec9390{s=0/8,p=0}
22:22:07.671 [main] DEBUG o.e.j.u.component.AbstractLifeCycle - STARTED @2150ms ReservedThreadExecutor@66ec9390{s=0/8,p=0}
22:22:07.671 [main] DEBUG o.e.j.util.thread.QueuedThreadPool - Starting Thread[qtp862152124-32,5,main]
22:22:07.673 [main] DEBUG o.e.j.util.thread.QueuedThreadPool - Starting Thread[qtp862152124-33,5,main]
22:22:07.677 [main] DEBUG o.e.j.util.thread.QueuedThreadPool - Starting Thread[qtp862152124-34,5,main]
22:22:07.677 [main] DEBUG o.e.j.util.thread.QueuedThreadPool - Starting Thread[qtp862152124-35,5,main]
22:22:07.685 [main] DEBUG o.e.j.util.thread.QueuedThreadPool - Starting Thread[qtp862152124-36,5,main]
22:22:07.689 [main] DEBUG o.e.j.util.thread.QueuedThreadPool - Starting Thread[qtp862152124-37,5,main]
22:22:07.693 [main] DEBUG o.e.j.util.thread.QueuedThreadPool - Starting Thread[qtp862152124-38,5,main]
22:22:07.697 [main] DEBUG o.e.j.util.thread.QueuedThreadPool - Starting Thread[qtp862152124-39,5,main]
22:22:07.701 [main] DEBUG o.e.j.u.component.AbstractLifeCycle - STARTED @2180ms JettyConnectorThreadPool[qtp862152124]@336365bc{STARTED,8<=8<=200,i=7,q=0}[ReservedThreadExecutor@66ec9390{s=0/8,p=0}]
22:22:07.701 [main] DEBUG o.e.j.u.component.AbstractLifeCycle - starting JettyHttpContainer@3ed0918d{STOPPED}
22:22:07.701 [main] DEBUG o.e.j.server.handler.AbstractHandler - starting JettyHttpContainer@3ed0918d{STARTING}
22:22:07.701 [main] DEBUG o.e.j.u.component.AbstractLifeCycle - STARTED @2180ms JettyHttpContainer@3ed0918d{STARTED}
22:22:07.701 [main] DEBUG o.e.j.u.component.AbstractLifeCycle - starting ErrorHandler@5e268ce6{STOPPED}
22:22:07.701 [main] DEBUG o.e.j.server.handler.AbstractHandler - starting ErrorHandler@5e268ce6{STARTING}
22:22:07.701 [main] DEBUG o.e.j.u.component.AbstractLifeCycle - STARTED @2180ms ErrorHandler@5e268ce6{STARTED}
22:22:07.701 [main] DEBUG o.e.j.u.component.AbstractLifeCycle - starting ServerConnector@5bb7643d{HTTP/1.1,[http/1.1]}{0.0.0.0:9998}
22:22:07.701 [main] DEBUG o.e.j.u.component.ContainerLifeCycle - ServerConnector@5bb7643d{HTTP/1.1,[http/1.1]}{0.0.0.0:9998} added {sun.nio.ch.ServerSocketChannelImpl[/0:0:0:0:0:0:0:0:9998],POJO}
22:22:07.701 [main] DEBUG o.e.j.u.component.AbstractLifeCycle - starting ScheduledExecutorScheduler@3ac04654{STOPPED}
22:22:07.701 [main] DEBUG o.e.j.u.component.AbstractLifeCycle - STARTED @2181ms ScheduledExecutorScheduler@3ac04654{STARTED}
22:22:07.701 [main] DEBUG o.e.j.u.component.AbstractLifeCycle - starting HttpConnectionFactory@4567e53d[HTTP/1.1]
22:22:07.701 [main] DEBUG o.e.j.u.component.AbstractLifeCycle - STARTED @2181ms HttpConnectionFactory@4567e53d[HTTP/1.1]
22:22:07.701 [main] DEBUG o.e.j.u.component.AbstractLifeCycle - starting SelectorManager@ServerConnector@5bb7643d{HTTP/1.1,[http/1.1]}{0.0.0.0:9998}
22:22:07.701 [main] DEBUG o.e.j.u.component.ContainerLifeCycle - EatWhatYouKill@7cf162bc/SelectorProducer@3721177d/IDLE/p=false/JettyConnectorThreadPool[qtp862152124]@336365bc{STARTED,8<=8<=200,i=8,q=0}[ReservedThreadExecutor@66ec9390{s=0/8,p=0}][pc=0,pic=0,pec=0,epc=0]@2020-09-27T22:22:07.701+01:00 added {SelectorProducer@3721177d,POJO}
22:22:07.702 [main] DEBUG o.e.j.u.component.ContainerLifeCycle - EatWhatYouKill@7cf162bc/SelectorProducer@3721177d/IDLE/p=false/JettyConnectorThreadPool[qtp862152124]@336365bc{STARTED,8<=8<=200,i=8,q=0}[ReservedThreadExecutor@66ec9390{s=0/8,p=0}][pc=0,pic=0,pec=0,epc=0]@2020-09-27T22:22:07.702+01:00 added {JettyConnectorThreadPool[qtp862152124]@336365bc{STARTED,8<=8<=200,i=8,q=0}[ReservedThreadExecutor@66ec9390{s=0/8,p=0}],UNMANAGED}
22:22:07.702 [main] DEBUG o.e.j.u.t.strategy.EatWhatYouKill - EatWhatYouKill@7cf162bc/SelectorProducer@3721177d/IDLE/p=false/JettyConnectorThreadPool[qtp862152124]@336365bc{STARTED,8<=8<=200,i=8,q=0}[ReservedThreadExecutor@66ec9390{s=0/8,p=0}][pc=0,pic=0,pec=0,epc=0]@2020-09-27T22:22:07.702+01:00 created
22:22:07.702 [main] DEBUG o.e.j.u.component.ContainerLifeCycle - ManagedSelector@766a4535{STOPPED} id=0 keys=-1 selected=-1 updates=0 added {EatWhatYouKill@7cf162bc/SelectorProducer@3721177d/IDLE/p=false/JettyConnectorThreadPool[qtp862152124]@336365bc{STARTED,8<=8<=200,i=8,q=0}[ReservedThreadExecutor@66ec9390{s=0/8,p=0}][pc=0,pic=0,pec=0,epc=0]@2020-09-27T22:22:07.702+01:00,MANAGED}
22:22:07.702 [main] DEBUG o.e.j.u.component.ContainerLifeCycle - SelectorManager@ServerConnector@5bb7643d{HTTP/1.1,[http/1.1]}{0.0.0.0:9998} added {ManagedSelector@766a4535{STOPPED} id=0 keys=-1 selected=-1 updates=0,AUTO}
22:22:07.702 [main] DEBUG o.e.j.u.component.ContainerLifeCycle - EatWhatYouKill@63718b93/SelectorProducer@14e2e1c3/IDLE/p=false/JettyConnectorThreadPool[qtp862152124]@336365bc{STARTED,8<=8<=200,i=8,q=0}[ReservedThreadExecutor@66ec9390{s=0/8,p=0}][pc=0,pic=0,pec=0,epc=0]@2020-09-27T22:22:07.702+01:00 added {SelectorProducer@14e2e1c3,POJO}
22:22:07.702 [main] DEBUG o.e.j.u.component.ContainerLifeCycle - EatWhatYouKill@63718b93/SelectorProducer@14e2e1c3/IDLE/p=false/JettyConnectorThreadPool[qtp862152124]@336365bc{STARTED,8<=8<=200,i=8,q=0}[ReservedThreadExecutor@66ec9390{s=0/8,p=0}][pc=0,pic=0,pec=0,epc=0]@2020-09-27T22:22:07.702+01:00 added {JettyConnectorThreadPool[qtp862152124]@336365bc{STARTED,8<=8<=200,i=8,q=0}[ReservedThreadExecutor@66ec9390{s=0/8,p=0}],UNMANAGED}
22:22:07.702 [main] DEBUG o.e.j.u.t.strategy.EatWhatYouKill - EatWhatYouKill@63718b93/SelectorProducer@14e2e1c3/IDLE/p=false/JettyConnectorThreadPool[qtp862152124]@336365bc{STARTED,8<=8<=200,i=8,q=0}[ReservedThreadExecutor@66ec9390{s=0/8,p=0}][pc=0,pic=0,pec=0,epc=0]@2020-09-27T22:22:07.702+01:00 created
22:22:07.703 [main] DEBUG o.e.j.u.component.ContainerLifeCycle - ManagedSelector@2b4786dd{STOPPED} id=1 keys=-1 selected=-1 updates=0 added {EatWhatYouKill@63718b93/SelectorProducer@14e2e1c3/IDLE/p=false/JettyConnectorThreadPool[qtp862152124]@336365bc{STARTED,8<=8<=200,i=8,q=0}[ReservedThreadExecutor@66ec9390{s=0/8,p=0}][pc=0,pic=0,pec=0,epc=0]@2020-09-27T22:22:07.703+01:00,MANAGED}
22:22:07.703 [main] DEBUG o.e.j.u.component.ContainerLifeCycle - SelectorManager@ServerConnector@5bb7643d{HTTP/1.1,[http/1.1]}{0.0.0.0:9998} added {ManagedSelector@2b4786dd{STOPPED} id=1 keys=-1 selected=-1 updates=0,AUTO}
22:22:07.703 [main] DEBUG o.e.j.u.component.ContainerLifeCycle - EatWhatYouKill@f202d6d/SelectorProducer@60e21209/IDLE/p=false/JettyConnectorThreadPool[qtp862152124]@336365bc{STARTED,8<=8<=200,i=8,q=0}[ReservedThreadExecutor@66ec9390{s=0/8,p=0}][pc=0,pic=0,pec=0,epc=0]@2020-09-27T22:22:07.703+01:00 added {SelectorProducer@60e21209,POJO}
22:22:07.703 [main] DEBUG o.e.j.u.component.ContainerLifeCycle - EatWhatYouKill@f202d6d/SelectorProducer@60e21209/IDLE/p=false/JettyConnectorThreadPool[qtp862152124]@336365bc{STARTED,8<=8<=200,i=8,q=0}[ReservedThreadExecutor@66ec9390{s=0/8,p=0}][pc=0,pic=0,pec=0,epc=0]@2020-09-27T22:22:07.703+01:00 added {JettyConnectorThreadPool[qtp862152124]@336365bc{STARTED,8<=8<=200,i=8,q=0}[ReservedThreadExecutor@66ec9390{s=0/8,p=0}],UNMANAGED}
22:22:07.703 [main] DEBUG o.e.j.u.t.strategy.EatWhatYouKill - EatWhatYouKill@f202d6d/SelectorProducer@60e21209/IDLE/p=false/JettyConnectorThreadPool[qtp862152124]@336365bc{STARTED,8<=8<=200,i=8,q=0}[ReservedThreadExecutor@66ec9390{s=0/8,p=0}][pc=0,pic=0,pec=0,epc=0]@2020-09-27T22:22:07.703+01:00 created
22:22:07.703 [main] DEBUG o.e.j.u.component.ContainerLifeCycle - ManagedSelector@630d1b2f{STOPPED} id=2 keys=-1 selected=-1 updates=0 added {EatWhatYouKill@f202d6d/SelectorProducer@60e21209/IDLE/p=false/JettyConnectorThreadPool[qtp862152124]@336365bc{STARTED,8<=8<=200,i=8,q=0}[ReservedThreadExecutor@66ec9390{s=0/8,p=0}][pc=0,pic=0,pec=0,epc=0]@2020-09-27T22:22:07.703+01:00,MANAGED}
22:22:07.704 [main] DEBUG o.e.j.u.component.ContainerLifeCycle - SelectorManager@ServerConnector@5bb7643d{HTTP/1.1,[http/1.1]}{0.0.0.0:9998} added {ManagedSelector@630d1b2f{STOPPED} id=2 keys=-1 selected=-1 updates=0,AUTO}
22:22:07.704 [main] DEBUG o.e.j.u.component.ContainerLifeCycle - EatWhatYouKill@746b18fd/SelectorProducer@7a2e0858/IDLE/p=false/JettyConnectorThreadPool[qtp862152124]@336365bc{STARTED,8<=8<=200,i=8,q=0}[ReservedThreadExecutor@66ec9390{s=0/8,p=0}][pc=0,pic=0,pec=0,epc=0]@2020-09-27T22:22:07.704+01:00 added {SelectorProducer@7a2e0858,POJO}
22:22:07.704 [main] DEBUG o.e.j.u.component.ContainerLifeCycle - EatWhatYouKill@746b18fd/SelectorProducer@7a2e0858/IDLE/p=false/JettyConnectorThreadPool[qtp862152124]@336365bc{STARTED,8<=8<=200,i=8,q=0}[ReservedThreadExecutor@66ec9390{s=0/8,p=0}][pc=0,pic=0,pec=0,epc=0]@2020-09-27T22:22:07.704+01:00 added {JettyConnectorThreadPool[qtp862152124]@336365bc{STARTED,8<=8<=200,i=8,q=0}[ReservedThreadExecutor@66ec9390{s=0/8,p=0}],UNMANAGED}
22:22:07.704 [main] DEBUG o.e.j.u.t.strategy.EatWhatYouKill - EatWhatYouKill@746b18fd/SelectorProducer@7a2e0858/IDLE/p=false/JettyConnectorThreadPool[qtp862152124]@336365bc{STARTED,8<=8<=200,i=8,q=0}[ReservedThreadExecutor@66ec9390{s=0/8,p=0}][pc=0,pic=0,pec=0,epc=0]@2020-09-27T22:22:07.704+01:00 created
22:22:07.704 [main] DEBUG o.e.j.u.component.ContainerLifeCycle - ManagedSelector@aac3f4e{STOPPED} id=3 keys=-1 selected=-1 updates=0 added {EatWhatYouKill@746b18fd/SelectorProducer@7a2e0858/IDLE/p=false/JettyConnectorThreadPool[qtp862152124]@336365bc{STARTED,8<=8<=200,i=8,q=0}[ReservedThreadExecutor@66ec9390{s=0/8,p=0}][pc=0,pic=0,pec=0,epc=0]@2020-09-27T22:22:07.704+01:00,MANAGED}
22:22:07.704 [main] DEBUG o.e.j.u.component.ContainerLifeCycle - SelectorManager@ServerConnector@5bb7643d{HTTP/1.1,[http/1.1]}{0.0.0.0:9998} added {ManagedSelector@aac3f4e{STOPPED} id=3 keys=-1 selected=-1 updates=0,AUTO}
22:22:07.704 [main] DEBUG o.e.j.u.component.AbstractLifeCycle - starting ManagedSelector@766a4535{STOPPED} id=0 keys=-1 selected=-1 updates=0
22:22:07.704 [main] DEBUG o.e.j.u.component.AbstractLifeCycle - starting EatWhatYouKill@7cf162bc/SelectorProducer@3721177d/IDLE/p=false/JettyConnectorThreadPool[qtp862152124]@336365bc{STARTED,8<=8<=200,i=8,q=0}[ReservedThreadExecutor@66ec9390{s=0/8,p=0}][pc=0,pic=0,pec=0,epc=0]@2020-09-27T22:22:07.704+01:00
22:22:07.705 [main] DEBUG o.e.j.u.component.AbstractLifeCycle - STARTED @2184ms EatWhatYouKill@7cf162bc/SelectorProducer@3721177d/IDLE/p=false/JettyConnectorThreadPool[qtp862152124]@336365bc{STARTED,8<=8<=200,i=8,q=0}[ReservedThreadExecutor@66ec9390{s=0/8,p=0}][pc=0,pic=0,pec=0,epc=0]@2020-09-27T22:22:07.705+01:00
22:22:07.705 [main] DEBUG o.e.j.util.thread.QueuedThreadPool - queue org.eclipse.jetty.io.ManagedSelector$$Lambda$198/1041326823@1f38957
22:22:07.705 [main] DEBUG org.eclipse.jetty.io.ManagedSelector - Queued change org.eclipse.jetty.io.ManagedSelector$Start@2df3c564 on ManagedSelector@766a4535{STARTING} id=0 keys=0 selected=0 updates=0
22:22:07.705 [qtp862152124-32] DEBUG o.e.j.util.thread.QueuedThreadPool - run org.eclipse.jetty.io.ManagedSelector$$Lambda$198/1041326823@1f38957
22:22:07.705 [qtp862152124-32] DEBUG o.e.j.u.t.strategy.EatWhatYouKill - EatWhatYouKill@7cf162bc/SelectorProducer@3721177d/IDLE/p=false/JettyConnectorThreadPool[qtp862152124]@336365bc{STARTED,8<=8<=200,i=7,q=0}[ReservedThreadExecutor@66ec9390{s=0/8,p=0}][pc=0,pic=0,pec=0,epc=0]@2020-09-27T22:22:07.705+01:00 tryProduce false
22:22:07.705 [qtp862152124-32] DEBUG org.eclipse.jetty.io.ManagedSelector - updateable 1
22:22:07.705 [qtp862152124-32] DEBUG org.eclipse.jetty.io.ManagedSelector - update org.eclipse.jetty.io.ManagedSelector$Start@2df3c564
22:22:07.705 [qtp862152124-32] DEBUG org.eclipse.jetty.io.ManagedSelector - updates 0
22:22:07.705 [qtp862152124-32] DEBUG org.eclipse.jetty.io.ManagedSelector - Selector sun.nio.ch.EPollSelectorImpl@4f850e28 waiting with 0 keys
22:22:07.705 [main] DEBUG o.e.j.u.component.AbstractLifeCycle - STARTED @2184ms ManagedSelector@766a4535{STARTED} id=0 keys=0 selected=0 updates=0
22:22:07.705 [main] DEBUG o.e.j.u.component.AbstractLifeCycle - starting ManagedSelector@2b4786dd{STOPPED} id=1 keys=-1 selected=-1 updates=0
22:22:07.705 [main] DEBUG o.e.j.u.component.AbstractLifeCycle - starting EatWhatYouKill@63718b93/SelectorProducer@14e2e1c3/IDLE/p=false/JettyConnectorThreadPool[qtp862152124]@336365bc{STARTED,8<=8<=200,i=7,q=0}[ReservedThreadExecutor@66ec9390{s=0/8,p=0}][pc=0,pic=0,pec=0,epc=0]@2020-09-27T22:22:07.705+01:00
22:22:07.705 [main] DEBUG o.e.j.u.component.AbstractLifeCycle - STARTED @2185ms EatWhatYouKill@63718b93/SelectorProducer@14e2e1c3/IDLE/p=false/JettyConnectorThreadPool[qtp862152124]@336365bc{STARTED,8<=8<=200,i=7,q=0}[ReservedThreadExecutor@66ec9390{s=0/8,p=0}][pc=0,pic=0,pec=0,epc=0]@2020-09-27T22:22:07.705+01:00
22:22:07.705 [main] DEBUG o.e.j.util.thread.QueuedThreadPool - queue org.eclipse.jetty.io.ManagedSelector$$Lambda$198/1041326823@2715644a
22:22:07.705 [main] DEBUG org.eclipse.jetty.io.ManagedSelector - Queued change org.eclipse.jetty.io.ManagedSelector$Start@4c2869a9 on ManagedSelector@2b4786dd{STARTING} id=1 keys=0 selected=0 updates=0
22:22:07.706 [qtp862152124-34] DEBUG o.e.j.util.thread.QueuedThreadPool - run org.eclipse.jetty.io.ManagedSelector$$Lambda$198/1041326823@2715644a
22:22:07.707 [qtp862152124-34] DEBUG o.e.j.u.t.strategy.EatWhatYouKill - EatWhatYouKill@63718b93/SelectorProducer@14e2e1c3/IDLE/p=false/JettyConnectorThreadPool[qtp862152124]@336365bc{STARTED,8<=8<=200,i=6,q=0}[ReservedThreadExecutor@66ec9390{s=0/8,p=0}][pc=0,pic=0,pec=0,epc=0]@2020-09-27T22:22:07.707+01:00 tryProduce false
22:22:07.707 [qtp862152124-34] DEBUG org.eclipse.jetty.io.ManagedSelector - updateable 1
22:22:07.707 [qtp862152124-34] DEBUG org.eclipse.jetty.io.ManagedSelector - update org.eclipse.jetty.io.ManagedSelector$Start@4c2869a9
22:22:07.707 [qtp862152124-34] DEBUG org.eclipse.jetty.io.ManagedSelector - updates 0
22:22:07.707 [qtp862152124-34] DEBUG org.eclipse.jetty.io.ManagedSelector - Selector sun.nio.ch.EPollSelectorImpl@2e706c0d waiting with 0 keys
22:22:07.708 [main] DEBUG o.e.j.u.component.AbstractLifeCycle - STARTED @2187ms ManagedSelector@2b4786dd{STARTED} id=1 keys=0 selected=0 updates=0
22:22:07.708 [main] DEBUG o.e.j.u.component.AbstractLifeCycle - starting ManagedSelector@630d1b2f{STOPPED} id=2 keys=-1 selected=-1 updates=0
22:22:07.708 [main] DEBUG o.e.j.u.component.AbstractLifeCycle - starting EatWhatYouKill@f202d6d/SelectorProducer@60e21209/IDLE/p=false/JettyConnectorThreadPool[qtp862152124]@336365bc{STARTED,8<=8<=200,i=6,q=0}[ReservedThreadExecutor@66ec9390{s=0/8,p=0}][pc=0,pic=0,pec=0,epc=0]@2020-09-27T22:22:07.708+01:00
22:22:07.708 [main] DEBUG o.e.j.u.component.AbstractLifeCycle - STARTED @2187ms EatWhatYouKill@f202d6d/SelectorProducer@60e21209/IDLE/p=false/JettyConnectorThreadPool[qtp862152124]@336365bc{STARTED,8<=8<=200,i=6,q=0}[ReservedThreadExecutor@66ec9390{s=0/8,p=0}][pc=0,pic=0,pec=0,epc=0]@2020-09-27T22:22:07.708+01:00
22:22:07.708 [main] DEBUG o.e.j.util.thread.QueuedThreadPool - queue org.eclipse.jetty.io.ManagedSelector$$Lambda$198/1041326823@518cf84a
22:22:07.708 [main] DEBUG org.eclipse.jetty.io.ManagedSelector - Queued change org.eclipse.jetty.io.ManagedSelector$Start@62e7dffa on ManagedSelector@630d1b2f{STARTING} id=2 keys=0 selected=0 updates=0
22:22:07.708 [qtp862152124-33] DEBUG o.e.j.util.thread.QueuedThreadPool - run org.eclipse.jetty.io.ManagedSelector$$Lambda$198/1041326823@518cf84a
22:22:07.708 [qtp862152124-33] DEBUG o.e.j.u.t.strategy.EatWhatYouKill - EatWhatYouKill@f202d6d/SelectorProducer@60e21209/IDLE/p=false/JettyConnectorThreadPool[qtp862152124]@336365bc{STARTED,8<=8<=200,i=5,q=0}[ReservedThreadExecutor@66ec9390{s=0/8,p=0}][pc=0,pic=0,pec=0,epc=0]@2020-09-27T22:22:07.708+01:00 tryProduce false
22:22:07.708 [qtp862152124-33] DEBUG org.eclipse.jetty.io.ManagedSelector - updateable 1
22:22:07.709 [qtp862152124-33] DEBUG org.eclipse.jetty.io.ManagedSelector - update org.eclipse.jetty.io.ManagedSelector$Start@62e7dffa
22:22:07.709 [qtp862152124-33] DEBUG org.eclipse.jetty.io.ManagedSelector - updates 0
22:22:07.709 [qtp862152124-33] DEBUG org.eclipse.jetty.io.ManagedSelector - Selector sun.nio.ch.EPollSelectorImpl@50a553e5 waiting with 0 keys
22:22:07.709 [main] DEBUG o.e.j.u.component.AbstractLifeCycle - STARTED @2188ms ManagedSelector@630d1b2f{STARTED} id=2 keys=0 selected=0 updates=0
22:22:07.709 [main] DEBUG o.e.j.u.component.AbstractLifeCycle - starting ManagedSelector@aac3f4e{STOPPED} id=3 keys=-1 selected=-1 updates=0
22:22:07.709 [main] DEBUG o.e.j.u.component.AbstractLifeCycle - starting EatWhatYouKill@746b18fd/SelectorProducer@7a2e0858/IDLE/p=false/JettyConnectorThreadPool[qtp862152124]@336365bc{STARTED,8<=8<=200,i=5,q=0}[ReservedThreadExecutor@66ec9390{s=0/8,p=0}][pc=0,pic=0,pec=0,epc=0]@2020-09-27T22:22:07.709+01:00
22:22:07.709 [main] DEBUG o.e.j.u.component.AbstractLifeCycle - STARTED @2188ms EatWhatYouKill@746b18fd/SelectorProducer@7a2e0858/IDLE/p=false/JettyConnectorThreadPool[qtp862152124]@336365bc{STARTED,8<=8<=200,i=5,q=0}[ReservedThreadExecutor@66ec9390{s=0/8,p=0}][pc=0,pic=0,pec=0,epc=0]@2020-09-27T22:22:07.709+01:00
22:22:07.709 [main] DEBUG o.e.j.util.thread.QueuedThreadPool - queue org.eclipse.jetty.io.ManagedSelector$$Lambda$198/1041326823@6edcd0d8
22:22:07.709 [main] DEBUG org.eclipse.jetty.io.ManagedSelector - Queued change org.eclipse.jetty.io.ManagedSelector$Start@6136998b on ManagedSelector@aac3f4e{STARTING} id=3 keys=0 selected=0 updates=0
22:22:07.709 [qtp862152124-35] DEBUG o.e.j.util.thread.QueuedThreadPool - run org.eclipse.jetty.io.ManagedSelector$$Lambda$198/1041326823@6edcd0d8
22:22:07.709 [qtp862152124-35] DEBUG o.e.j.u.t.strategy.EatWhatYouKill - EatWhatYouKill@746b18fd/SelectorProducer@7a2e0858/IDLE/p=false/JettyConnectorThreadPool[qtp862152124]@336365bc{STARTED,8<=8<=200,i=4,q=0}[ReservedThreadExecutor@66ec9390{s=0/8,p=0}][pc=0,pic=0,pec=0,epc=0]@2020-09-27T22:22:07.709+01:00 tryProduce false
22:22:07.709 [qtp862152124-35] DEBUG org.eclipse.jetty.io.ManagedSelector - updateable 1
22:22:07.710 [qtp862152124-35] DEBUG org.eclipse.jetty.io.ManagedSelector - update org.eclipse.jetty.io.ManagedSelector$Start@6136998b
22:22:07.710 [qtp862152124-35] DEBUG org.eclipse.jetty.io.ManagedSelector - updates 0
22:22:07.710 [qtp862152124-35] DEBUG org.eclipse.jetty.io.ManagedSelector - Selector sun.nio.ch.EPollSelectorImpl@55cddcfe waiting with 0 keys
22:22:07.710 [main] DEBUG o.e.j.u.component.AbstractLifeCycle - STARTED @2189ms ManagedSelector@aac3f4e{STARTED} id=3 keys=0 selected=0 updates=0
22:22:07.710 [main] DEBUG o.e.j.u.component.AbstractLifeCycle - STARTED @2189ms SelectorManager@ServerConnector@5bb7643d{HTTP/1.1,[http/1.1]}{0.0.0.0:9998}
22:22:07.710 [main] DEBUG o.e.j.u.component.ContainerLifeCycle - ServerConnector@5bb7643d{HTTP/1.1,[http/1.1]}{0.0.0.0:9998} added {acceptor-0@57ce634f,POJO}
22:22:07.710 [main] DEBUG o.e.j.util.thread.QueuedThreadPool - queue acceptor-0@57ce634f
22:22:07.710 [main] INFO  o.e.jetty.server.AbstractConnector - Started ServerConnector@5bb7643d{HTTP/1.1,[http/1.1]}{0.0.0.0:9998}
22:22:07.710 [main] DEBUG o.e.j.u.component.AbstractLifeCycle - STARTED @2189ms ServerConnector@5bb7643d{HTTP/1.1,[http/1.1]}{0.0.0.0:9998}
22:22:07.710 [qtp862152124-36] DEBUG o.e.j.util.thread.QueuedThreadPool - run acceptor-0@57ce634f
22:22:07.710 [main] INFO  org.eclipse.jetty.server.Server - Started @2189ms
22:22:07.710 [main] DEBUG o.e.j.u.component.AbstractLifeCycle - STARTED @2189ms Server@38eb2fb0{STARTED}[9.4.17.v20190418]
22:22:07.735 [qtp862152124-36-acceptor-0@57ce634f-ServerConnector@5bb7643d{HTTP/1.1,[http/1.1]}{0.0.0.0:9998}] DEBUG org.eclipse.jetty.io.ManagedSelector - Queued change org.eclipse.jetty.io.ManagedSelector$Accept@28b16610 on ManagedSelector@2b4786dd{STARTED} id=1 keys=0 selected=0 updates=0
22:22:07.735 [qtp862152124-36-acceptor-0@57ce634f-ServerConnector@5bb7643d{HTTP/1.1,[http/1.1]}{0.0.0.0:9998}] DEBUG org.eclipse.jetty.io.ManagedSelector - Wakeup on submit ManagedSelector@2b4786dd{STARTED} id=1 keys=0 selected=0 updates=1
22:22:07.735 [qtp862152124-34] DEBUG org.eclipse.jetty.io.ManagedSelector - Selector sun.nio.ch.EPollSelectorImpl@2e706c0d woken with none selected
22:22:07.735 [qtp862152124-34] DEBUG org.eclipse.jetty.io.ManagedSelector - Selector sun.nio.ch.EPollSelectorImpl@2e706c0d woken up from select, 0/0/0 selected
22:22:07.735 [qtp862152124-34] DEBUG org.eclipse.jetty.io.ManagedSelector - Selector sun.nio.ch.EPollSelectorImpl@2e706c0d processing 0 keys, 1 updates
22:22:07.735 [qtp862152124-34] DEBUG org.eclipse.jetty.io.ManagedSelector - updateable 1
22:22:07.735 [qtp862152124-34] DEBUG org.eclipse.jetty.io.ManagedSelector - update org.eclipse.jetty.io.ManagedSelector$Accept@28b16610
22:22:07.735 [qtp862152124-34] DEBUG o.e.j.util.thread.QueuedThreadPool - queue org.eclipse.jetty.io.ManagedSelector$Accept@28b16610
22:22:07.735 [qtp862152124-34] DEBUG org.eclipse.jetty.io.ManagedSelector - updates 0
22:22:07.735 [qtp862152124-34] DEBUG org.eclipse.jetty.io.ManagedSelector - Selector sun.nio.ch.EPollSelectorImpl@2e706c0d waiting with 1 keys
22:22:07.735 [qtp862152124-37] DEBUG o.e.j.util.thread.QueuedThreadPool - run org.eclipse.jetty.io.ManagedSelector$Accept@28b16610
22:22:07.735 [qtp862152124-37] DEBUG org.eclipse.jetty.io.IdleTimeout - SocketChannelEndPoint@479e918b{/127.0.0.1:44194<->/127.0.0.1:9998,OPEN,fill=-,flush=-,to=0/30000}{io=0/0,kio=0,kro=0}-><null> idle timeout check, elapsed: 0 ms, remaining: 30000 ms
22:22:07.736 [qtp862152124-37] DEBUG org.eclipse.jetty.server.HttpChannel - new HttpChannelOverHttp@4d66fafb{r=0,c=false,c=false/false,a=IDLE,uri=null,age=0} -> SocketChannelEndPoint@479e918b{/127.0.0.1:44194<->/127.0.0.1:9998,OPEN,fill=-,flush=-,to=1/30000}{io=0/0,kio=0,kro=0}-><null>,null,HttpChannelState@8646d33{s=IDLE a=NOT_ASYNC i=true r=IDLE w=false}
22:22:07.737 [qtp862152124-37] DEBUG o.e.jetty.server.HttpConnection - New HTTP Connection HttpConnection@3bc5a77d::SocketChannelEndPoint@479e918b{/127.0.0.1:44194<->/127.0.0.1:9998,OPEN,fill=-,flush=-,to=2/30000}{io=0/0,kio=0,kro=0}-><null>
22:22:07.737 [qtp862152124-37] DEBUG o.eclipse.jetty.io.AbstractEndPoint - onOpen SocketChannelEndPoint@479e918b{/127.0.0.1:44194<->/127.0.0.1:9998,OPEN,fill=-,flush=-,to=2/30000}{io=0/0,kio=0,kro=0}->HttpConnection@3bc5a77d[p=HttpParser{s=START,0 of -1},g=HttpGenerator@39a6e62a{s=START}]=>HttpChannelOverHttp@4d66fafb{r=0,c=false,c=false/false,a=IDLE,uri=null,age=0}
22:22:07.737 [qtp862152124-37] DEBUG o.e.jetty.io.AbstractConnection - onOpen HttpConnection@3bc5a77d::SocketChannelEndPoint@479e918b{/127.0.0.1:44194<->/127.0.0.1:9998,OPEN,fill=-,flush=-,to=2/30000}{io=0/0,kio=0,kro=0}->HttpConnection@3bc5a77d[p=HttpParser{s=START,0 of -1},g=HttpGenerator@39a6e62a{s=START}]=>HttpChannelOverHttp@4d66fafb{r=0,c=false,c=false/false,a=IDLE,uri=null,age=0}
22:22:07.737 [qtp862152124-37] DEBUG o.e.jetty.io.AbstractConnection - fillInterested HttpConnection@3bc5a77d::SocketChannelEndPoint@479e918b{/127.0.0.1:44194<->/127.0.0.1:9998,OPEN,fill=-,flush=-,to=2/30000}{io=0/0,kio=0,kro=0}->HttpConnection@3bc5a77d[p=HttpParser{s=START,0 of -1},g=HttpGenerator@39a6e62a{s=START}]=>HttpChannelOverHttp@4d66fafb{r=0,c=false,c=false/false,a=IDLE,uri=null,age=0}
22:22:07.737 [qtp862152124-37] DEBUG org.eclipse.jetty.io.FillInterest - interested FillInterest@43ed72c7{AC.ReadCB@3bc5a77d{HttpConnection@3bc5a77d::SocketChannelEndPoint@479e918b{/127.0.0.1:44194<->/127.0.0.1:9998,OPEN,fill=FI,flush=-,to=0/30000}{io=0/0,kio=0,kro=0}->HttpConnection@3bc5a77d[p=HttpParser{s=START,0 of -1},g=HttpGenerator@39a6e62a{s=START}]=>HttpChannelOverHttp@4d66fafb{r=0,c=false,c=false/false,a=IDLE,uri=null,age=0}}}
22:22:07.737 [qtp862152124-37] DEBUG org.eclipse.jetty.io.ChannelEndPoint - changeInterests p=false 0->1 for SocketChannelEndPoint@479e918b{/127.0.0.1:44194<->/127.0.0.1:9998,OPEN,fill=FI,flush=-,to=0/30000}{io=0/1,kio=0,kro=0}->HttpConnection@3bc5a77d[p=HttpParser{s=START,0 of -1},g=HttpGenerator@39a6e62a{s=START}]=>HttpChannelOverHttp@4d66fafb{r=0,c=false,c=false/false,a=IDLE,uri=null,age=0}
22:22:07.737 [qtp862152124-37] DEBUG org.eclipse.jetty.io.ManagedSelector - Queued change org.eclipse.jetty.io.ChannelEndPoint$1@684b927c on ManagedSelector@2b4786dd{STARTED} id=1 keys=1 selected=0 updates=0
22:22:07.737 [qtp862152124-37] DEBUG org.eclipse.jetty.io.ManagedSelector - Wakeup on submit ManagedSelector@2b4786dd{STARTED} id=1 keys=1 selected=0 updates=1
22:22:07.737 [qtp862152124-37] DEBUG org.eclipse.jetty.io.ManagedSelector - Created SocketChannelEndPoint@479e918b{/127.0.0.1:44194<->/127.0.0.1:9998,OPEN,fill=FI,flush=-,to=0/30000}{io=0/1,kio=0,kro=0}->HttpConnection@3bc5a77d[p=HttpParser{s=START,0 of -1},g=HttpGenerator@39a6e62a{s=START}]=>HttpChannelOverHttp@4d66fafb{r=0,c=false,c=false/false,a=IDLE,uri=null,age=0}
22:22:07.737 [qtp862152124-37] DEBUG o.e.j.util.thread.QueuedThreadPool - ran org.eclipse.jetty.io.ManagedSelector$Accept@28b16610
22:22:07.738 [qtp862152124-34] DEBUG org.eclipse.jetty.io.ManagedSelector - Selector sun.nio.ch.EPollSelectorImpl@2e706c0d woken with none selected
22:22:07.738 [qtp862152124-34] DEBUG org.eclipse.jetty.io.ManagedSelector - Selector sun.nio.ch.EPollSelectorImpl@2e706c0d woken up from select, 0/0/1 selected
22:22:07.738 [qtp862152124-34] DEBUG org.eclipse.jetty.io.ManagedSelector - Selector sun.nio.ch.EPollSelectorImpl@2e706c0d processing 0 keys, 1 updates
22:22:07.738 [qtp862152124-34] DEBUG org.eclipse.jetty.io.ManagedSelector - updateable 1
22:22:07.738 [qtp862152124-34] DEBUG org.eclipse.jetty.io.ManagedSelector - update org.eclipse.jetty.io.ChannelEndPoint$1@684b927c
22:22:07.738 [qtp862152124-34] DEBUG org.eclipse.jetty.io.ChannelEndPoint - Key interests updated 0 -> 1 on SocketChannelEndPoint@479e918b{/127.0.0.1:44194<->/127.0.0.1:9998,OPEN,fill=FI,flush=-,to=1/30000}{io=1/1,kio=1,kro=0}->HttpConnection@3bc5a77d[p=HttpParser{s=START,0 of -1},g=HttpGenerator@39a6e62a{s=START}]=>HttpChannelOverHttp@4d66fafb{r=0,c=false,c=false/false,a=IDLE,uri=null,age=0}
22:22:07.738 [qtp862152124-34] DEBUG org.eclipse.jetty.io.ManagedSelector - updates 0
22:22:07.738 [qtp862152124-34] DEBUG org.eclipse.jetty.io.ManagedSelector - Selector sun.nio.ch.EPollSelectorImpl@2e706c0d waiting with 1 keys
22:22:07.738 [qtp862152124-34] DEBUG org.eclipse.jetty.io.ManagedSelector - Selector sun.nio.ch.EPollSelectorImpl@2e706c0d woken up from select, 1/1/1 selected
22:22:07.738 [qtp862152124-34] DEBUG org.eclipse.jetty.io.ManagedSelector - Selector sun.nio.ch.EPollSelectorImpl@2e706c0d processing 1 keys, 0 updates
22:22:07.738 [qtp862152124-34] DEBUG org.eclipse.jetty.io.ManagedSelector - selected 1 sun.nio.ch.SelectionKeyImpl@20b787b3 SocketChannelEndPoint@479e918b{/127.0.0.1:44194<->/127.0.0.1:9998,OPEN,fill=FI,flush=-,to=1/30000}{io=1/1,kio=1,kro=1}->HttpConnection@3bc5a77d[p=HttpParser{s=START,0 of -1},g=HttpGenerator@39a6e62a{s=START}]=>HttpChannelOverHttp@4d66fafb{r=0,c=false,c=false/false,a=IDLE,uri=null,age=0} 
22:22:07.738 [qtp862152124-34] DEBUG org.eclipse.jetty.io.ChannelEndPoint - onSelected 1->0 r=true w=false for SocketChannelEndPoint@479e918b{/127.0.0.1:44194<->/127.0.0.1:9998,OPEN,fill=FI,flush=-,to=1/30000}{io=1/0,kio=1,kro=1}->HttpConnection@3bc5a77d[p=HttpParser{s=START,0 of -1},g=HttpGenerator@39a6e62a{s=START}]=>HttpChannelOverHttp@4d66fafb{r=0,c=false,c=false/false,a=IDLE,uri=null,age=0}
22:22:07.738 [qtp862152124-34] DEBUG org.eclipse.jetty.io.ChannelEndPoint - task CEP:SocketChannelEndPoint@479e918b{/127.0.0.1:44194<->/127.0.0.1:9998,OPEN,fill=FI,flush=-,to=1/30000}{io=1/0,kio=1,kro=1}->HttpConnection@3bc5a77d[p=HttpParser{s=START,0 of -1},g=HttpGenerator@39a6e62a{s=START}]=>HttpChannelOverHttp@4d66fafb{r=0,c=false,c=false/false,a=IDLE,uri=null,age=0}:runFillable:BLOCKING
22:22:07.739 [qtp862152124-34] DEBUG o.e.j.u.t.ReservedThreadExecutor - ReservedThreadExecutor@66ec9390{s=0/8,p=0} tryExecute EatWhatYouKill@63718b93/SelectorProducer@14e2e1c3/PRODUCING/p=false/JettyConnectorThreadPool[qtp862152124]@336365bc{STARTED,8<=8<=200,i=3,q=0}[ReservedThreadExecutor@66ec9390{s=0/8,p=0}][pc=0,pic=0,pec=0,epc=0]@2020-09-27T22:22:07.739+01:00
22:22:07.739 [qtp862152124-34] DEBUG o.e.j.u.t.ReservedThreadExecutor - ReservedThreadExecutor@66ec9390{s=0/8,p=1} startReservedThread p=1
22:22:07.739 [qtp862152124-34] DEBUG o.e.j.util.thread.QueuedThreadPool - queue ReservedThreadExecutor@66ec9390{s=0/8,p=1}@2488077d
22:22:07.739 [qtp862152124-38] DEBUG o.e.j.util.thread.QueuedThreadPool - run ReservedThreadExecutor@66ec9390{s=0/8,p=1}@2488077d
22:22:07.739 [qtp862152124-38] DEBUG o.e.j.u.t.ReservedThreadExecutor - ReservedThreadExecutor@66ec9390{s=1/8,p=1}@2488077d started
22:22:07.739 [qtp862152124-38] DEBUG o.e.j.u.t.ReservedThreadExecutor - ReservedThreadExecutor@66ec9390{s=1/8,p=0}@2488077d waiting
22:22:07.739 [qtp862152124-34] DEBUG o.e.j.u.t.strategy.EatWhatYouKill - EatWhatYouKill@63718b93/SelectorProducer@14e2e1c3/PRODUCING/p=false/JettyConnectorThreadPool[qtp862152124]@336365bc{STARTED,8<=8<=200,i=3,q=1}[ReservedThreadExecutor@66ec9390{s=0/8,p=1}][pc=0,pic=0,pec=0,epc=0]@2020-09-27T22:22:07.739+01:00 m=PRODUCE_EXECUTE_CONSUME t=CEP:SocketChannelEndPoint@479e918b{/127.0.0.1:44194<->/127.0.0.1:9998,OPEN,fill=FI,flush=-,to=2/30000}{io=1/0,kio=1,kro=1}->HttpConnection@3bc5a77d[p=HttpParser{s=START,0 of -1},g=HttpGenerator@39a6e62a{s=START}]=>HttpChannelOverHttp@4d66fafb{r=0,c=false,c=false/false,a=IDLE,uri=null,age=0}:runFillable:BLOCKING/BLOCKING
22:22:07.739 [qtp862152124-34] DEBUG o.e.j.util.thread.QueuedThreadPool - queue CEP:SocketChannelEndPoint@479e918b{/127.0.0.1:44194<->/127.0.0.1:9998,OPEN,fill=FI,flush=-,to=2/30000}{io=1/0,kio=1,kro=1}->HttpConnection@3bc5a77d[p=HttpParser{s=START,0 of -1},g=HttpGenerator@39a6e62a{s=START}]=>HttpChannelOverHttp@4d66fafb{r=0,c=false,c=false/false,a=IDLE,uri=null,age=0}:runFillable:BLOCKING
22:22:07.740 [qtp862152124-34] DEBUG org.eclipse.jetty.io.ManagedSelector - updateable 0
22:22:07.740 [qtp862152124-34] DEBUG org.eclipse.jetty.io.ManagedSelector - updates 0
22:22:07.740 [qtp862152124-34] DEBUG org.eclipse.jetty.io.ChannelEndPoint - Key interests updated 1 -> 0 on SocketChannelEndPoint@479e918b{/127.0.0.1:44194<->/127.0.0.1:9998,OPEN,fill=FI,flush=-,to=3/30000}{io=0/0,kio=0,kro=1}->HttpConnection@3bc5a77d[p=HttpParser{s=START,0 of -1},g=HttpGenerator@39a6e62a{s=START}]=>HttpChannelOverHttp@4d66fafb{r=0,c=false,c=false/false,a=IDLE,uri=null,age=0}
22:22:07.740 [qtp862152124-34] DEBUG org.eclipse.jetty.io.ManagedSelector - Selector sun.nio.ch.EPollSelectorImpl@2e706c0d waiting with 1 keys
22:22:07.740 [qtp862152124-39] DEBUG o.e.j.util.thread.QueuedThreadPool - run CEP:SocketChannelEndPoint@479e918b{/127.0.0.1:44194<->/127.0.0.1:9998,OPEN,fill=FI,flush=-,to=3/30000}{io=0/0,kio=0,kro=1}->HttpConnection@3bc5a77d[p=HttpParser{s=START,0 of -1},g=HttpGenerator@39a6e62a{s=START}]=>HttpChannelOverHttp@4d66fafb{r=0,c=false,c=false/false,a=IDLE,uri=null,age=0}:runFillable:BLOCKING
22:22:07.740 [qtp862152124-39] DEBUG org.eclipse.jetty.io.FillInterest - fillable FillInterest@43ed72c7{AC.ReadCB@3bc5a77d{HttpConnection@3bc5a77d::SocketChannelEndPoint@479e918b{/127.0.0.1:44194<->/127.0.0.1:9998,OPEN,fill=FI,flush=-,to=3/30000}{io=0/0,kio=0,kro=1}->HttpConnection@3bc5a77d[p=HttpParser{s=START,0 of -1},g=HttpGenerator@39a6e62a{s=START}]=>HttpChannelOverHttp@4d66fafb{r=0,c=false,c=false/false,a=IDLE,uri=null,age=0}}}
22:22:07.740 [qtp862152124-39] DEBUG o.e.jetty.server.HttpConnection - HttpConnection@3bc5a77d::SocketChannelEndPoint@479e918b{/127.0.0.1:44194<->/127.0.0.1:9998,OPEN,fill=-,flush=-,to=3/30000}{io=0/0,kio=0,kro=1}->HttpConnection@3bc5a77d[p=HttpParser{s=START,0 of -1},g=HttpGenerator@39a6e62a{s=START}]=>HttpChannelOverHttp@4d66fafb{r=0,c=false,c=false/false,a=IDLE,uri=null,age=0} onFillable enter HttpChannelState@8646d33{s=IDLE a=NOT_ASYNC i=true r=IDLE w=false} null
22:22:07.740 [qtp862152124-39] DEBUG org.eclipse.jetty.io.ChannelEndPoint - filled 307 HeapByteBuffer@6d287600[p=0,l=307,c=8192,r=307]={<<<PUT /contact HTTP...+39 23 123456"}>>>\x00\x00\x00\x00\x00\x00\x00\x00\x00\x00\x00\x00\x00\x00\x00\x00\x00...\x00\x00\x00\x00\x00\x00\x00\x00\x00\x00\x00\x00\x00\x00\x00}
22:22:07.740 [qtp862152124-39] DEBUG o.e.jetty.server.HttpConnection - HttpConnection@3bc5a77d::SocketChannelEndPoint@479e918b{/127.0.0.1:44194<->/127.0.0.1:9998,OPEN,fill=-,flush=-,to=0/30000}{io=0/0,kio=0,kro=1}->HttpConnection@3bc5a77d[p=HttpParser{s=START,0 of -1},g=HttpGenerator@39a6e62a{s=START}]=>HttpChannelOverHttp@4d66fafb{r=0,c=false,c=false/false,a=IDLE,uri=null,age=0} filled 307 HeapByteBuffer@6d287600[p=0,l=307,c=8192,r=307]={<<<PUT /contact HTTP...+39 23 123456"}>>>\x00\x00\x00\x00\x00\x00\x00\x00\x00\x00\x00\x00\x00\x00\x00\x00\x00...\x00\x00\x00\x00\x00\x00\x00\x00\x00\x00\x00\x00\x00\x00\x00}
22:22:07.741 [qtp862152124-39] DEBUG o.e.jetty.server.HttpConnection - HttpConnection@3bc5a77d::SocketChannelEndPoint@479e918b{/127.0.0.1:44194<->/127.0.0.1:9998,OPEN,fill=-,flush=-,to=0/30000}{io=0/0,kio=0,kro=1}->HttpConnection@3bc5a77d[p=HttpParser{s=START,0 of -1},g=HttpGenerator@39a6e62a{s=START}]=>HttpChannelOverHttp@4d66fafb{r=0,c=false,c=false/false,a=IDLE,uri=null,age=0} parse HeapByteBuffer@6d287600[p=0,l=307,c=8192,r=307]={<<<PUT /contact HTTP...+39 23 123456"}>>>\x00\x00\x00\x00\x00\x00\x00\x00\x00\x00\x00\x00\x00\x00\x00\x00\x00...\x00\x00\x00\x00\x00\x00\x00\x00\x00\x00\x00\x00\x00\x00\x00} {}
22:22:07.741 [qtp862152124-39] DEBUG org.eclipse.jetty.http.HttpParser - parseNext s=START HeapByteBuffer@6d287600[p=0,l=307,c=8192,r=307]={<<<PUT /contact HTTP...+39 23 123456"}>>>\x00\x00\x00\x00\x00\x00\x00\x00\x00\x00\x00\x00\x00\x00\x00\x00\x00...\x00\x00\x00\x00\x00\x00\x00\x00\x00\x00\x00\x00\x00\x00\x00}
22:22:07.741 [qtp862152124-39] DEBUG org.eclipse.jetty.http.HttpParser - START --> SPACE1
22:22:07.741 [qtp862152124-39] DEBUG org.eclipse.jetty.http.HttpParser - SPACE1 --> URI
22:22:07.741 [qtp862152124-39] DEBUG org.eclipse.jetty.http.HttpParser - URI --> SPACE2
22:22:07.741 [qtp862152124-39] DEBUG org.eclipse.jetty.http.HttpParser - SPACE2 --> REQUEST_VERSION
22:22:07.741 [qtp862152124-39] DEBUG org.eclipse.jetty.http.HttpParser - REQUEST_VERSION --> HEADER
22:22:07.741 [qtp862152124-39] DEBUG org.eclipse.jetty.http.HttpParser - HEADER:Content-Type: application/json --> IN_VALUE
22:22:07.741 [qtp862152124-39] DEBUG org.eclipse.jetty.http.HttpParser - HEADER:Content-Type: application/json --> FIELD
22:22:07.741 [qtp862152124-39] DEBUG org.eclipse.jetty.http.HttpParser - HEADER:User-Agent --> VALUE
22:22:07.741 [qtp862152124-39] DEBUG org.eclipse.jetty.http.HttpParser - HEADER:User-Agent --> IN_VALUE
22:22:07.741 [qtp862152124-39] DEBUG org.eclipse.jetty.http.HttpParser - HEADER:User-Agent --> FIELD
22:22:07.741 [qtp862152124-39] DEBUG org.eclipse.jetty.http.HttpParser - HEADER:Host --> VALUE
22:22:07.741 [qtp862152124-39] DEBUG org.eclipse.jetty.http.HttpParser - HEADER:Host --> IN_VALUE
22:22:07.741 [qtp862152124-39] DEBUG org.eclipse.jetty.http.HttpParser - HEADER:Host --> FIELD
22:22:07.741 [qtp862152124-39] DEBUG org.eclipse.jetty.http.HttpParser - HEADER:Accept --> VALUE
22:22:07.741 [qtp862152124-39] DEBUG org.eclipse.jetty.http.HttpParser - HEADER:Accept --> IN_VALUE
22:22:07.741 [qtp862152124-39] DEBUG org.eclipse.jetty.http.HttpParser - HEADER:Accept --> FIELD
22:22:07.741 [qtp862152124-39] DEBUG org.eclipse.jetty.http.HttpParser - HEADER:Connection: keep-alive --> IN_VALUE
22:22:07.744 [qtp862152124-39] DEBUG org.eclipse.jetty.http.HttpParser - HEADER:Connection: keep-alive --> FIELD
22:22:07.744 [qtp862152124-39] DEBUG org.eclipse.jetty.http.HttpParser - HEADER:Content-Length --> VALUE
22:22:07.744 [qtp862152124-39] DEBUG org.eclipse.jetty.http.HttpParser - HEADER:Content-Length --> IN_VALUE
22:22:07.744 [qtp862152124-39] DEBUG org.eclipse.jetty.http.HttpParser - HEADER:Content-Length --> FIELD
22:22:07.744 [qtp862152124-39] DEBUG org.eclipse.jetty.http.HttpParser - HEADER --> CONTENT
22:22:07.744 [qtp862152124-39] DEBUG org.eclipse.jetty.server.HttpChannel - REQUEST for //localhost:9998/contact on HttpChannelOverHttp@4d66fafb{r=1,c=false,c=false/false,a=IDLE,uri=//localhost:9998/contact,age=0}
PUT //localhost:9998/contact HTTP/1.1
Content-Type: application/json
User-Agent: Jersey/2.30.1 (HttpUrlConnection 1.8.0_265)
Host: localhost:9998
Accept: text/html, image/gif, image/jpeg, *; q=.2, */*; q=.2
Connection: keep-alive
Content-Length: 65


22:22:07.744 [qtp862152124-39] DEBUG o.e.jetty.server.HttpConnection - HttpConnection@3bc5a77d::SocketChannelEndPoint@479e918b{/127.0.0.1:44194<->/127.0.0.1:9998,OPEN,fill=-,flush=-,to=4/30000}{io=0/0,kio=0,kro=1}->HttpConnection@3bc5a77d[p=HttpParser{s=CONTENT,0 of 65},g=HttpGenerator@39a6e62a{s=START}]=>HttpChannelOverHttp@4d66fafb{r=1,c=false,c=false/false,a=IDLE,uri=//localhost:9998/contact,age=0} parsed true HttpParser{s=CONTENT,0 of 65}
22:22:07.744 [qtp862152124-39] DEBUG org.eclipse.jetty.server.HttpChannel - HttpChannelOverHttp@4d66fafb{r=1,c=false,c=false/false,a=IDLE,uri=//localhost:9998/contact,age=0} handle //localhost:9998/contact 
22:22:07.744 [qtp862152124-39] DEBUG o.e.jetty.server.HttpChannelState - handling HttpChannelState@8646d33{s=IDLE a=NOT_ASYNC i=true r=IDLE w=false}
22:22:07.744 [qtp862152124-39] DEBUG org.eclipse.jetty.server.HttpChannel - HttpChannelOverHttp@4d66fafb{r=1,c=false,c=false/false,a=DISPATCHED,uri=//localhost:9998/contact,age=0} action DISPATCH
22:22:07.744 [qtp862152124-39] DEBUG org.eclipse.jetty.server.Server - REQUEST PUT /contact on HttpChannelOverHttp@4d66fafb{r=1,c=false,c=false/false,a=DISPATCHED,uri=//localhost:9998/contact,age=0}
22:22:07.747 [qtp862152124-39] DEBUG o.e.jetty.server.HttpConnection - HttpConnection@3bc5a77d::SocketChannelEndPoint@479e918b{/127.0.0.1:44194<->/127.0.0.1:9998,OPEN,fill=-,flush=-,to=7/30000}{io=0/0,kio=0,kro=1}->HttpConnection@3bc5a77d[p=HttpParser{s=CONTENT,0 of 65},g=HttpGenerator@39a6e62a{s=START}]=>HttpChannelOverHttp@4d66fafb{r=1,c=false,c=false/false,a=DISPATCHED,uri=//localhost:9998/contact,age=3} parse HeapByteBuffer@6d287600[p=242,l=307,c=8192,r=65]={PUT /contact HTTP...-Length: 65\r\n\r\n<<<{"firstName":"","...+39 23 123456"}>>>\x00\x00\x00\x00\x00\x00\x00\x00\x00\x00\x00\x00\x00\x00\x00\x00\x00...\x00\x00\x00\x00\x00\x00\x00\x00\x00\x00\x00\x00\x00\x00\x00} {}
22:22:07.747 [qtp862152124-39] DEBUG org.eclipse.jetty.http.HttpParser - parseNext s=CONTENT HeapByteBuffer@6d287600[p=242,l=307,c=8192,r=65]={PUT /contact HTTP...-Length: 65\r\n\r\n<<<{"firstName":"","...+39 23 123456"}>>>\x00\x00\x00\x00\x00\x00\x00\x00\x00\x00\x00\x00\x00\x00\x00\x00\x00...\x00\x00\x00\x00\x00\x00\x00\x00\x00\x00\x00\x00\x00\x00\x00}
22:22:07.747 [qtp862152124-39] DEBUG org.eclipse.jetty.server.HttpChannel - HttpChannelOverHttp@4d66fafb{r=1,c=false,c=false/false,a=DISPATCHED,uri=//localhost:9998/contact,age=3} onContent Content@c6475c2{HeapByteBufferR@133a88b6[p=242,l=307,c=8192,r=65]={PUT /contact HTTP...-Length: 65\r\n\r\n<<<{"firstName":"","...+39 23 123456"}>>>\x00\x00\x00\x00\x00\x00\x00\x00\x00\x00\x00\x00\x00\x00\x00\x00\x00...\x00\x00\x00\x00\x00\x00\x00\x00\x00\x00\x00\x00\x00\x00\x00}}
22:22:07.747 [qtp862152124-39] DEBUG org.eclipse.jetty.server.HttpInput - HttpInputOverHTTP@74662c3c[c=0,q=0,[0]=null,s=STREAM] addContent Content@c6475c2{HeapByteBufferR@133a88b6[p=242,l=307,c=8192,r=65]={PUT /contact HTTP...-Length: 65\r\n\r\n<<<{"firstName":"","...+39 23 123456"}>>>\x00\x00\x00\x00\x00\x00\x00\x00\x00\x00\x00\x00\x00\x00\x00\x00\x00...\x00\x00\x00\x00\x00\x00\x00\x00\x00\x00\x00\x00\x00\x00\x00}}
22:22:07.747 [qtp862152124-39] DEBUG org.eclipse.jetty.http.HttpParser - CONTENT --> END
22:22:07.747 [qtp862152124-39] DEBUG org.eclipse.jetty.server.HttpChannel - HttpChannelOverHttp@4d66fafb{r=1,c=false,c=false/false,a=DISPATCHED,uri=//localhost:9998/contact,age=3} onContentComplete
22:22:07.747 [qtp862152124-39] DEBUG org.eclipse.jetty.server.HttpChannel - HttpChannelOverHttp@4d66fafb{r=1,c=false,c=false/false,a=DISPATCHED,uri=//localhost:9998/contact,age=3} onRequestComplete
22:22:07.747 [qtp862152124-39] DEBUG org.eclipse.jetty.server.HttpInput - HttpInputOverHTTP@74662c3c[c=0,q=1,[0]=EOF,s=STREAM] addContent EOF
22:22:07.748 [qtp862152124-39] DEBUG o.e.jetty.server.HttpConnection - HttpConnection@3bc5a77d::SocketChannelEndPoint@479e918b{/127.0.0.1:44194<->/127.0.0.1:9998,OPEN,fill=-,flush=-,to=8/30000}{io=0/0,kio=0,kro=1}->HttpConnection@3bc5a77d[p=HttpParser{s=END,65 of 65},g=HttpGenerator@39a6e62a{s=START}]=>HttpChannelOverHttp@4d66fafb{r=1,c=false,c=false/false,a=DISPATCHED,uri=//localhost:9998/contact,age=4} parsed false HttpParser{s=END,65 of 65}
22:22:07.748 [qtp862152124-39] DEBUG org.eclipse.jetty.server.HttpInput - HttpInputOverHTTP@74662c3c[c=65,q=1,[0]=EOF,s=STREAM] read 65 from Content@c6475c2{HeapByteBufferR@133a88b6[p=307,l=307,c=8192,r=0]={PUT /contact HTTP...+39 23 123456"}<<<>>>\x00\x00\x00\x00\x00\x00\x00\x00\x00\x00\x00\x00\x00\x00\x00\x00\x00...\x00\x00\x00\x00\x00\x00\x00\x00\x00\x00\x00\x00\x00\x00\x00}}
22:22:07.748 [qtp862152124-39] DEBUG o.e.jetty.server.HttpConnection - releaseRequestBuffer HttpConnection@3bc5a77d::SocketChannelEndPoint@479e918b{/127.0.0.1:44194<->/127.0.0.1:9998,OPEN,fill=-,flush=-,to=8/30000}{io=0/0,kio=0,kro=1}->HttpConnection@3bc5a77d[p=HttpParser{s=END,65 of 65},g=HttpGenerator@39a6e62a{s=START}]=>HttpChannelOverHttp@4d66fafb{r=1,c=false,c=false/false,a=DISPATCHED,uri=//localhost:9998/contact,age=4}
22:22:07.760 [qtp862152124-39] DEBUG org.eclipse.jetty.server.HttpChannel - sendResponse info=null content=HeapByteBuffer@735eb462[p=0,l=0,c=0,r=0]={<<<>>>} complete=true committing=true callback=Blocker@6246823b{null}
22:22:07.760 [qtp862152124-39] DEBUG org.eclipse.jetty.server.HttpChannel - COMMIT for /contact on HttpChannelOverHttp@4d66fafb{r=1,c=true,c=false/false,a=DISPATCHED,uri=//localhost:9998/contact,age=16}
400 Bad Request HTTP/1.1
Date: Sun, 27 Sep 2020 21:22:07 GMT
Content-Length: 0


22:22:07.760 [qtp862152124-39] DEBUG o.e.jetty.server.HttpConnection - org.eclipse.jetty.server.HttpConnection$SendCallback@5c99bcc5[PROCESSING][i=HTTP/1.1{s=400,h=2,cl=0},cb=org.eclipse.jetty.server.HttpChannel$SendCallback@63f93095] generate: NEED_HEADER (null,[p=0,l=0,c=0,r=0],true)@START
22:22:07.760 [qtp862152124-39] DEBUG org.eclipse.jetty.http.HttpGenerator - generateHeaders HTTP/1.1{s=400,h=2,cl=0} last=true content=HeapByteBuffer@735eb462[p=0,l=0,c=0,r=0]={<<<>>>}
22:22:07.760 [qtp862152124-39] DEBUG org.eclipse.jetty.http.HttpGenerator - Date: Sun, 27 Sep 2020 21:22:07 GMT
Content-Length: 0


22:22:07.760 [qtp862152124-39] DEBUG org.eclipse.jetty.http.HttpGenerator - CONTENT_LENGTH
22:22:07.760 [qtp862152124-39] DEBUG o.e.jetty.server.HttpConnection - org.eclipse.jetty.server.HttpConnection$SendCallback@5c99bcc5[PROCESSING][i=HTTP/1.1{s=400,h=2,cl=0},cb=org.eclipse.jetty.server.HttpChannel$SendCallback@63f93095] generate: FLUSH ([p=0,l=117,c=8192,r=117],[p=0,l=0,c=0,r=0],true)@COMPLETING
22:22:07.760 [qtp862152124-39] DEBUG org.eclipse.jetty.io.WriteFlusher - write: WriteFlusher@2cd366a6{IDLE}->null [HeapByteBuffer@6d287600[p=0,l=117,c=8192,r=117]={<<<HTTP/1.1 400 Bad ....v20190418)\r\n\r\n>>> localhost:9998\r\n...\x00\x00\x00\x00\x00\x00\x00\x00\x00\x00\x00\x00\x00\x00\x00}]
22:22:07.760 [qtp862152124-39] DEBUG org.eclipse.jetty.io.WriteFlusher - update WriteFlusher@2cd366a6{WRITING}->null:IDLE-->WRITING
22:22:07.761 [qtp862152124-39] DEBUG org.eclipse.jetty.io.ChannelEndPoint - flushed 117 SocketChannelEndPoint@479e918b{/127.0.0.1:44194<->/127.0.0.1:9998,OPEN,fill=-,flush=W,to=20/30000}{io=0/0,kio=0,kro=1}->HttpConnection@3bc5a77d[p=HttpParser{s=END,65 of 65},g=HttpGenerator@39a6e62a{s=COMPLETING}]=>HttpChannelOverHttp@4d66fafb{r=1,c=true,c=false/false,a=DISPATCHED,uri=//localhost:9998/contact,age=17}
22:22:07.761 [qtp862152124-39] DEBUG org.eclipse.jetty.io.WriteFlusher - Flushed=true written=117 remaining=0 WriteFlusher@2cd366a6{WRITING}->null
22:22:07.761 [qtp862152124-39] DEBUG org.eclipse.jetty.io.WriteFlusher - update WriteFlusher@2cd366a6{IDLE}->null:WRITING-->IDLE
22:22:07.761 [qtp862152124-39] DEBUG o.e.jetty.server.HttpConnection - org.eclipse.jetty.server.HttpConnection$SendCallback@5c99bcc5[PROCESSING][i=HTTP/1.1{s=400,h=2,cl=0},cb=org.eclipse.jetty.server.HttpChannel$SendCallback@63f93095] generate: DONE ([p=117,l=117,c=8192,r=0],[p=0,l=0,c=0,r=0],true)@END
22:22:07.761 [qtp862152124-39] DEBUG org.eclipse.jetty.server.Server - handled=true async=false committed=true on HttpChannelOverHttp@4d66fafb{r=1,c=true,c=false/true,a=DISPATCHED,uri=//localhost:9998/contact,age=17}
22:22:07.761 [main] DEBUG o.e.j.u.component.AbstractLifeCycle - stopping Server@38eb2fb0{STARTED}[9.4.17.v20190418]
22:22:07.761 [qtp862152124-39] DEBUG o.e.jetty.server.HttpChannelState - unhandle HttpChannelState@8646d33{s=DISPATCHED a=NOT_ASYNC i=true r=IDLE w=false}
22:22:07.761 [main] DEBUG org.eclipse.jetty.server.Server - doStop Server@38eb2fb0{STOPPING}[9.4.17.v20190418]
22:22:07.761 [qtp862152124-39] DEBUG org.eclipse.jetty.server.HttpChannel - HttpChannelOverHttp@4d66fafb{r=1,c=true,c=false/true,a=COMPLETING,uri=//localhost:9998/contact,age=17} action COMPLETE
22:22:07.761 [qtp862152124-39] DEBUG o.e.jetty.server.HttpChannelState - onComplete HttpChannelState@8646d33{s=COMPLETING a=NOT_ASYNC i=false r=IDLE w=false}
22:22:07.761 [qtp862152124-39] DEBUG org.eclipse.jetty.server.HttpChannel - COMPLETE for /contact written=0
22:22:07.761 [qtp862152124-36] DEBUG o.e.j.util.thread.QueuedThreadPool - ran qtp862152124-36-acceptor-0@57ce634f-ServerConnector@5bb7643d{HTTP/1.1,[http/1.1]}{0.0.0.0:9998}
22:22:07.761 [qtp862152124-39] DEBUG o.e.jetty.server.HttpChannelState - recycle HttpChannelState@8646d33{s=COMPLETED a=NOT_ASYNC i=false r=IDLE w=false}
22:22:07.761 [qtp862152124-39] DEBUG org.eclipse.jetty.http.HttpParser - reset HttpParser{s=END,65 of 65}
22:22:07.761 [main] DEBUG o.e.j.s.h.AbstractHandlerContainer - Graceful shutdown Server@38eb2fb0{STOPPING}[9.4.17.v20190418] by 
22:22:07.761 [qtp862152124-39] DEBUG org.eclipse.jetty.http.HttpParser - END --> START
22:22:07.761 [main] DEBUG o.e.j.u.component.AbstractLifeCycle - stopping ServerConnector@5bb7643d{HTTP/1.1,[http/1.1]}{0.0.0.0:9998}
22:22:07.761 [main] DEBUG o.e.j.u.component.AbstractLifeCycle - stopping SelectorManager@ServerConnector@5bb7643d{HTTP/1.1,[http/1.1]}{0.0.0.0:9998}
22:22:07.761 [main] DEBUG o.e.j.u.component.AbstractLifeCycle - stopping ManagedSelector@aac3f4e{STARTED} id=3 keys=0 selected=0 updates=0
22:22:07.761 [main] DEBUG org.eclipse.jetty.io.ManagedSelector - Queued change org.eclipse.jetty.io.ManagedSelector$CloseConnections@5177e388 on ManagedSelector@aac3f4e{STOPPING} id=3 keys=0 selected=0 updates=0
22:22:07.761 [main] DEBUG org.eclipse.jetty.io.ManagedSelector - Wakeup on submit ManagedSelector@aac3f4e{STOPPING} id=3 keys=0 selected=0 updates=1
22:22:07.761 [qtp862152124-39] DEBUG org.eclipse.jetty.server.HttpChannel - HttpChannelOverHttp@4d66fafb{r=1,c=false,c=false/false,a=IDLE,uri=null,age=0} handle exit, result COMPLETE
22:22:07.761 [qtp862152124-35] DEBUG org.eclipse.jetty.io.ManagedSelector - Selector sun.nio.ch.EPollSelectorImpl@55cddcfe woken with none selected
22:22:07.761 [qtp862152124-35] DEBUG org.eclipse.jetty.io.ManagedSelector - Selector sun.nio.ch.EPollSelectorImpl@55cddcfe woken up from select, 0/0/0 selected
22:22:07.761 [qtp862152124-39] DEBUG org.eclipse.jetty.io.ChannelEndPoint - filled 0 HeapByteBuffer@6d287600[p=0,l=0,c=8192,r=0]={<<<>>>HTTP/1.1 400 Bad ...\x00\x00\x00\x00\x00\x00\x00\x00\x00\x00\x00\x00\x00\x00\x00}
22:22:07.761 [qtp862152124-35] DEBUG org.eclipse.jetty.io.ManagedSelector - Selector sun.nio.ch.EPollSelectorImpl@55cddcfe processing 0 keys, 1 updates
22:22:07.761 [qtp862152124-35] DEBUG org.eclipse.jetty.io.ManagedSelector - updateable 1
22:22:07.761 [qtp862152124-39] DEBUG org.eclipse.jetty.io.ChannelEndPoint - filled 0 HeapByteBuffer@6d287600[p=0,l=0,c=8192,r=0]={<<<>>>HTTP/1.1 400 Bad ...\x00\x00\x00\x00\x00\x00\x00\x00\x00\x00\x00\x00\x00\x00\x00}
22:22:07.761 [qtp862152124-35] DEBUG org.eclipse.jetty.io.ManagedSelector - update org.eclipse.jetty.io.ManagedSelector$CloseConnections@5177e388
22:22:07.762 [qtp862152124-35] DEBUG org.eclipse.jetty.io.ManagedSelector - Closing 0 connections on ManagedSelector@aac3f4e{STOPPING} id=3 keys=0 selected=0 updates=0
22:22:07.762 [qtp862152124-35] DEBUG org.eclipse.jetty.io.ManagedSelector - updates 0
22:22:07.762 [qtp862152124-39] DEBUG o.e.jetty.server.HttpConnection - HttpConnection@3bc5a77d::SocketChannelEndPoint@479e918b{/127.0.0.1:44194<->/127.0.0.1:9998,OPEN,fill=-,flush=-,to=1/30000}{io=0/0,kio=0,kro=1}->HttpConnection@3bc5a77d[p=HttpParser{s=START,0 of -1},g=HttpGenerator@39a6e62a{s=START}]=>HttpChannelOverHttp@4d66fafb{r=1,c=false,c=false/false,a=IDLE,uri=null,age=0} filled 0 HeapByteBuffer@6d287600[p=0,l=0,c=8192,r=0]={<<<>>>HTTP/1.1 400 Bad ...\x00\x00\x00\x00\x00\x00\x00\x00\x00\x00\x00\x00\x00\x00\x00}
22:22:07.762 [main] DEBUG org.eclipse.jetty.io.ManagedSelector - Queued change org.eclipse.jetty.io.ManagedSelector$StopSelector@37b72ea on ManagedSelector@aac3f4e{STOPPING} id=3 keys=0 selected=0 updates=0
22:22:07.762 [qtp862152124-35] DEBUG org.eclipse.jetty.io.ManagedSelector - Selector sun.nio.ch.EPollSelectorImpl@55cddcfe waiting with 0 keys
22:22:07.762 [main] DEBUG org.eclipse.jetty.io.ManagedSelector - Wakeup on submit ManagedSelector@aac3f4e{STOPPING} id=3 keys=0 selected=0 updates=1
22:22:07.762 [qtp862152124-35] DEBUG org.eclipse.jetty.io.ManagedSelector - Selector sun.nio.ch.EPollSelectorImpl@55cddcfe woken with none selected
22:22:07.762 [qtp862152124-35] DEBUG org.eclipse.jetty.io.ManagedSelector - Selector sun.nio.ch.EPollSelectorImpl@55cddcfe woken up from select, 0/0/0 selected
22:22:07.762 [qtp862152124-39] DEBUG o.e.jetty.server.HttpConnection - HttpConnection@3bc5a77d::SocketChannelEndPoint@479e918b{/127.0.0.1:44194<->/127.0.0.1:9998,OPEN,fill=-,flush=-,to=1/30000}{io=0/0,kio=0,kro=1}->HttpConnection@3bc5a77d[p=HttpParser{s=START,0 of -1},g=HttpGenerator@39a6e62a{s=START}]=>HttpChannelOverHttp@4d66fafb{r=1,c=false,c=false/false,a=IDLE,uri=null,age=0} parse HeapByteBuffer@6d287600[p=0,l=0,c=8192,r=0]={<<<>>>HTTP/1.1 400 Bad ...\x00\x00\x00\x00\x00\x00\x00\x00\x00\x00\x00\x00\x00\x00\x00} {}
22:22:07.762 [qtp862152124-35] DEBUG org.eclipse.jetty.io.ManagedSelector - Selector sun.nio.ch.EPollSelectorImpl@55cddcfe processing 0 keys, 1 updates
22:22:07.762 [qtp862152124-39] DEBUG org.eclipse.jetty.http.HttpParser - parseNext s=START HeapByteBuffer@6d287600[p=0,l=0,c=8192,r=0]={<<<>>>HTTP/1.1 400 Bad ...\x00\x00\x00\x00\x00\x00\x00\x00\x00\x00\x00\x00\x00\x00\x00}
22:22:07.762 [qtp862152124-35] DEBUG org.eclipse.jetty.io.ManagedSelector - updateable 1
22:22:07.762 [qtp862152124-35] DEBUG org.eclipse.jetty.io.ManagedSelector - update org.eclipse.jetty.io.ManagedSelector$StopSelector@37b72ea
22:22:07.762 [qtp862152124-35] DEBUG org.eclipse.jetty.io.ManagedSelector - updates 0
22:22:07.762 [qtp862152124-35] DEBUG o.e.j.util.thread.QueuedThreadPool - ran org.eclipse.jetty.io.ManagedSelector$$Lambda$198/1041326823@6edcd0d8
22:22:07.762 [qtp862152124-39] DEBUG o.e.jetty.server.HttpConnection - HttpConnection@3bc5a77d::SocketChannelEndPoint@479e918b{/127.0.0.1:44194<->/127.0.0.1:9998,OPEN,fill=-,flush=-,to=1/30000}{io=0/0,kio=0,kro=1}->HttpConnection@3bc5a77d[p=HttpParser{s=START,0 of -1},g=HttpGenerator@39a6e62a{s=START}]=>HttpChannelOverHttp@4d66fafb{r=1,c=false,c=false/false,a=IDLE,uri=null,age=0} parsed false HttpParser{s=START,0 of -1}
22:22:07.762 [qtp862152124-39] DEBUG o.e.jetty.server.HttpConnection - releaseRequestBuffer HttpConnection@3bc5a77d::SocketChannelEndPoint@479e918b{/127.0.0.1:44194<->/127.0.0.1:9998,OPEN,fill=-,flush=-,to=1/30000}{io=0/0,kio=0,kro=1}->HttpConnection@3bc5a77d[p=HttpParser{s=START,0 of -1},g=HttpGenerator@39a6e62a{s=START}]=>HttpChannelOverHttp@4d66fafb{r=1,c=false,c=false/false,a=IDLE,uri=null,age=0}
22:22:07.762 [main] DEBUG o.e.j.u.component.AbstractLifeCycle - stopping EatWhatYouKill@746b18fd/SelectorProducer@7a2e0858/IDLE/p=false/JettyConnectorThreadPool[qtp862152124]@336365bc{STARTED,8<=8<=200,i=3,q=0}[ReservedThreadExecutor@66ec9390{s=1/8,p=0}][pc=0,pic=0,pec=0,epc=0]@2020-09-27T22:22:07.762+01:00
22:22:07.762 [qtp862152124-39] DEBUG o.e.jetty.io.AbstractConnection - fillInterested HttpConnection@3bc5a77d::SocketChannelEndPoint@479e918b{/127.0.0.1:44194<->/127.0.0.1:9998,OPEN,fill=-,flush=-,to=1/30000}{io=0/0,kio=0,kro=1}->HttpConnection@3bc5a77d[p=HttpParser{s=START,0 of -1},g=HttpGenerator@39a6e62a{s=START}]=>HttpChannelOverHttp@4d66fafb{r=1,c=false,c=false/false,a=IDLE,uri=null,age=0}
22:22:07.762 [main] DEBUG o.e.j.u.component.AbstractLifeCycle - STOPPED EatWhatYouKill@746b18fd/SelectorProducer@7a2e0858/IDLE/p=false/JettyConnectorThreadPool[qtp862152124]@336365bc{STARTED,8<=8<=200,i=3,q=0}[ReservedThreadExecutor@66ec9390{s=1/8,p=0}][pc=0,pic=0,pec=0,epc=0]@2020-09-27T22:22:07.762+01:00
22:22:07.762 [qtp862152124-39] DEBUG org.eclipse.jetty.io.FillInterest - interested FillInterest@43ed72c7{AC.ReadCB@3bc5a77d{HttpConnection@3bc5a77d::SocketChannelEndPoint@479e918b{/127.0.0.1:44194<->/127.0.0.1:9998,OPEN,fill=FI,flush=-,to=0/30000}{io=0/0,kio=0,kro=1}->HttpConnection@3bc5a77d[p=HttpParser{s=START,0 of -1},g=HttpGenerator@39a6e62a{s=START}]=>HttpChannelOverHttp@4d66fafb{r=1,c=false,c=false/false,a=IDLE,uri=null,age=0}}}
22:22:07.762 [main] DEBUG o.e.j.u.component.AbstractLifeCycle - STOPPED ManagedSelector@aac3f4e{STOPPED} id=3 keys=-1 selected=-1 updates=0
22:22:07.762 [main] DEBUG o.e.j.u.component.AbstractLifeCycle - stopping ManagedSelector@630d1b2f{STARTED} id=2 keys=0 selected=0 updates=0
22:22:07.762 [main] DEBUG org.eclipse.jetty.io.ManagedSelector - Queued change org.eclipse.jetty.io.ManagedSelector$CloseConnections@cc239ba on ManagedSelector@630d1b2f{STOPPING} id=2 keys=0 selected=0 updates=0
22:22:07.762 [qtp862152124-39] DEBUG org.eclipse.jetty.io.ChannelEndPoint - changeInterests p=false 0->1 for SocketChannelEndPoint@479e918b{/127.0.0.1:44194<->/127.0.0.1:9998,OPEN,fill=FI,flush=-,to=0/30000}{io=0/1,kio=0,kro=1}->HttpConnection@3bc5a77d[p=HttpParser{s=START,0 of -1},g=HttpGenerator@39a6e62a{s=START}]=>HttpChannelOverHttp@4d66fafb{r=1,c=false,c=false/false,a=IDLE,uri=null,age=0}
22:22:07.762 [main] DEBUG org.eclipse.jetty.io.ManagedSelector - Wakeup on submit ManagedSelector@630d1b2f{STOPPING} id=2 keys=0 selected=0 updates=1
22:22:07.762 [qtp862152124-39] DEBUG org.eclipse.jetty.io.ManagedSelector - Queued change org.eclipse.jetty.io.ChannelEndPoint$1@684b927c on ManagedSelector@2b4786dd{STARTED} id=1 keys=1 selected=0 updates=0
22:22:07.762 [qtp862152124-39] DEBUG org.eclipse.jetty.io.ManagedSelector - Wakeup on submit ManagedSelector@2b4786dd{STARTED} id=1 keys=1 selected=0 updates=1
22:22:07.763 [qtp862152124-34] DEBUG org.eclipse.jetty.io.ManagedSelector - Selector sun.nio.ch.EPollSelectorImpl@2e706c0d woken with none selected
22:22:07.772 [qtp862152124-33] DEBUG org.eclipse.jetty.io.ManagedSelector - Selector sun.nio.ch.EPollSelectorImpl@50a553e5 woken with none selected
22:22:07.774 [qtp862152124-33] DEBUG org.eclipse.jetty.io.ManagedSelector - Selector sun.nio.ch.EPollSelectorImpl@50a553e5 woken up from select, 0/0/0 selected
22:22:07.775 [qtp862152124-33] DEBUG org.eclipse.jetty.io.ManagedSelector - Selector sun.nio.ch.EPollSelectorImpl@50a553e5 processing 0 keys, 1 updates
22:22:07.775 [qtp862152124-33] DEBUG org.eclipse.jetty.io.ManagedSelector - updateable 1
22:22:07.775 [qtp862152124-33] DEBUG org.eclipse.jetty.io.ManagedSelector - update org.eclipse.jetty.io.ManagedSelector$CloseConnections@cc239ba
22:22:07.775 [qtp862152124-33] DEBUG org.eclipse.jetty.io.ManagedSelector - Closing 0 connections on ManagedSelector@630d1b2f{STOPPING} id=2 keys=0 selected=0 updates=0
22:22:07.775 [qtp862152124-33] DEBUG org.eclipse.jetty.io.ManagedSelector - updates 0
22:22:07.775 [qtp862152124-33] DEBUG org.eclipse.jetty.io.ManagedSelector - Selector sun.nio.ch.EPollSelectorImpl@50a553e5 waiting with 0 keys
22:22:07.773 [qtp862152124-39] DEBUG o.e.jetty.server.HttpConnection - HttpConnection@3bc5a77d::SocketChannelEndPoint@479e918b{/127.0.0.1:44194<->/127.0.0.1:9998,OPEN,fill=FI,flush=-,to=1/30000}{io=0/1,kio=0,kro=1}->HttpConnection@3bc5a77d[p=HttpParser{s=START,0 of -1},g=HttpGenerator@39a6e62a{s=START}]=>HttpChannelOverHttp@4d66fafb{r=1,c=false,c=false/false,a=IDLE,uri=null,age=0} onFillable exit HttpChannelState@8646d33{s=IDLE a=NOT_ASYNC i=true r=IDLE w=false} null
22:22:07.775 [main] DEBUG org.eclipse.jetty.io.ManagedSelector - Queued change org.eclipse.jetty.io.ManagedSelector$StopSelector@7d37f1c on ManagedSelector@630d1b2f{STOPPING} id=2 keys=0 selected=0 updates=0
22:22:07.774 [qtp862152124-34] DEBUG org.eclipse.jetty.io.ManagedSelector - Selector sun.nio.ch.EPollSelectorImpl@2e706c0d woken up from select, 0/0/1 selected
22:22:07.775 [qtp862152124-34] DEBUG org.eclipse.jetty.io.ManagedSelector - Selector sun.nio.ch.EPollSelectorImpl@2e706c0d processing 0 keys, 1 updates
22:22:07.775 [qtp862152124-34] DEBUG org.eclipse.jetty.io.ManagedSelector - updateable 1
22:22:07.775 [qtp862152124-34] DEBUG org.eclipse.jetty.io.ManagedSelector - update org.eclipse.jetty.io.ChannelEndPoint$1@684b927c
22:22:07.775 [qtp862152124-34] DEBUG org.eclipse.jetty.io.ChannelEndPoint - Key interests updated 0 -> 1 on SocketChannelEndPoint@479e918b{/127.0.0.1:44194<->/127.0.0.1:9998,OPEN,fill=FI,flush=-,to=13/30000}{io=1/1,kio=1,kro=1}->HttpConnection@3bc5a77d[p=HttpParser{s=START,0 of -1},g=HttpGenerator@39a6e62a{s=START}]=>HttpChannelOverHttp@4d66fafb{r=1,c=false,c=false/false,a=IDLE,uri=null,age=0}
22:22:07.775 [qtp862152124-34] DEBUG org.eclipse.jetty.io.ManagedSelector - updates 0
22:22:07.775 [qtp862152124-34] DEBUG org.eclipse.jetty.io.ManagedSelector - Selector sun.nio.ch.EPollSelectorImpl@2e706c0d waiting with 1 keys
22:22:07.775 [main] DEBUG org.eclipse.jetty.io.ManagedSelector - Wakeup on submit ManagedSelector@630d1b2f{STOPPING} id=2 keys=0 selected=0 updates=1
22:22:07.775 [qtp862152124-39] DEBUG o.e.j.util.thread.QueuedThreadPool - ran CEP:SocketChannelEndPoint@479e918b{/127.0.0.1:44194<->/127.0.0.1:9998,OPEN,fill=FI,flush=-,to=13/30000}{io=0/1,kio=0,kro=1}->HttpConnection@3bc5a77d[p=HttpParser{s=START,0 of -1},g=HttpGenerator@39a6e62a{s=START}]=>HttpChannelOverHttp@4d66fafb{r=1,c=false,c=false/false,a=IDLE,uri=null,age=0}:runFillable:BLOCKING
22:22:07.776 [qtp862152124-33] DEBUG org.eclipse.jetty.io.ManagedSelector - Selector sun.nio.ch.EPollSelectorImpl@50a553e5 woken with none selected
22:22:07.776 [qtp862152124-33] DEBUG org.eclipse.jetty.io.ManagedSelector - Selector sun.nio.ch.EPollSelectorImpl@50a553e5 woken up from select, 0/0/0 selected
22:22:07.776 [qtp862152124-33] DEBUG org.eclipse.jetty.io.ManagedSelector - Selector sun.nio.ch.EPollSelectorImpl@50a553e5 processing 0 keys, 1 updates
22:22:07.776 [qtp862152124-33] DEBUG org.eclipse.jetty.io.ManagedSelector - updateable 1
22:22:07.776 [qtp862152124-33] DEBUG org.eclipse.jetty.io.ManagedSelector - update org.eclipse.jetty.io.ManagedSelector$StopSelector@7d37f1c
22:22:07.776 [qtp862152124-33] DEBUG org.eclipse.jetty.io.ManagedSelector - updates 0
22:22:07.776 [qtp862152124-33] DEBUG o.e.j.util.thread.QueuedThreadPool - ran org.eclipse.jetty.io.ManagedSelector$$Lambda$198/1041326823@518cf84a
22:22:07.777 [main] DEBUG o.e.j.u.component.AbstractLifeCycle - stopping EatWhatYouKill@f202d6d/SelectorProducer@60e21209/IDLE/p=false/JettyConnectorThreadPool[qtp862152124]@336365bc{STARTED,8<=8<=200,i=5,q=0}[ReservedThreadExecutor@66ec9390{s=1/8,p=0}][pc=0,pic=0,pec=0,epc=0]@2020-09-27T22:22:07.777+01:00
22:22:07.777 [main] DEBUG o.e.j.u.component.AbstractLifeCycle - STOPPED EatWhatYouKill@f202d6d/SelectorProducer@60e21209/IDLE/p=false/JettyConnectorThreadPool[qtp862152124]@336365bc{STARTED,8<=8<=200,i=5,q=0}[ReservedThreadExecutor@66ec9390{s=1/8,p=0}][pc=0,pic=0,pec=0,epc=0]@2020-09-27T22:22:07.777+01:00
22:22:07.777 [main] DEBUG o.e.j.u.component.AbstractLifeCycle - STOPPED ManagedSelector@630d1b2f{STOPPED} id=2 keys=-1 selected=-1 updates=0
22:22:07.777 [main] DEBUG o.e.j.u.component.AbstractLifeCycle - stopping ManagedSelector@2b4786dd{STARTED} id=1 keys=1 selected=0 updates=0
22:22:07.777 [main] DEBUG org.eclipse.jetty.io.ManagedSelector - Queued change org.eclipse.jetty.io.ManagedSelector$CloseConnections@69d6a7cd on ManagedSelector@2b4786dd{STOPPING} id=1 keys=1 selected=0 updates=0
22:22:07.777 [main] DEBUG org.eclipse.jetty.io.ManagedSelector - Wakeup on submit ManagedSelector@2b4786dd{STOPPING} id=1 keys=1 selected=0 updates=1
22:22:07.777 [qtp862152124-34] DEBUG org.eclipse.jetty.io.ManagedSelector - Selector sun.nio.ch.EPollSelectorImpl@2e706c0d woken with none selected
22:22:07.777 [qtp862152124-34] DEBUG org.eclipse.jetty.io.ManagedSelector - Selector sun.nio.ch.EPollSelectorImpl@2e706c0d woken up from select, 0/0/1 selected
22:22:07.777 [qtp862152124-34] DEBUG org.eclipse.jetty.io.ManagedSelector - Selector sun.nio.ch.EPollSelectorImpl@2e706c0d processing 0 keys, 1 updates
22:22:07.777 [qtp862152124-34] DEBUG org.eclipse.jetty.io.ManagedSelector - updateable 1
22:22:07.777 [qtp862152124-34] DEBUG org.eclipse.jetty.io.ManagedSelector - update org.eclipse.jetty.io.ManagedSelector$CloseConnections@69d6a7cd
22:22:07.777 [qtp862152124-34] DEBUG org.eclipse.jetty.io.ManagedSelector - Closing 1 connections on ManagedSelector@2b4786dd{STOPPING} id=1 keys=1 selected=0 updates=0
22:22:07.777 [qtp862152124-34] DEBUG o.eclipse.jetty.io.AbstractEndPoint - close SocketChannelEndPoint@479e918b{/127.0.0.1:44194<->/127.0.0.1:9998,OPEN,fill=FI,flush=-,to=15/30000}{io=1/1,kio=1,kro=1}->HttpConnection@3bc5a77d[p=HttpParser{s=START,0 of -1},g=HttpGenerator@39a6e62a{s=START}]=>HttpChannelOverHttp@4d66fafb{r=1,c=false,c=false/false,a=IDLE,uri=null,age=0}
22:22:07.777 [qtp862152124-34] DEBUG o.eclipse.jetty.io.AbstractEndPoint - close(null) SocketChannelEndPoint@479e918b{/127.0.0.1:44194<->/127.0.0.1:9998,OPEN,fill=FI,flush=-,to=15/30000}{io=1/1,kio=1,kro=1}->HttpConnection@3bc5a77d[p=HttpParser{s=START,0 of -1},g=HttpGenerator@39a6e62a{s=START}]=>HttpChannelOverHttp@4d66fafb{r=1,c=false,c=false/false,a=IDLE,uri=null,age=0}
22:22:07.778 [qtp862152124-34] DEBUG org.eclipse.jetty.io.ChannelEndPoint - doClose SocketChannelEndPoint@479e918b{/127.0.0.1:44194<->/127.0.0.1:9998,CLOSED,fill=FI,flush=-,to=16/30000}{io=1/1,kio=1,kro=1}->HttpConnection@3bc5a77d[p=HttpParser{s=START,0 of -1},g=HttpGenerator@39a6e62a{s=START}]=>HttpChannelOverHttp@4d66fafb{r=1,c=false,c=false/false,a=IDLE,uri=null,age=0}
22:22:07.778 [qtp862152124-34] DEBUG org.eclipse.jetty.io.WriteFlusher - ignored: WriteFlusher@2cd366a6{IDLE}->null
java.nio.channels.ClosedChannelException: null
	at org.eclipse.jetty.io.WriteFlusher.onClose(WriteFlusher.java:492)
	at org.eclipse.jetty.io.AbstractEndPoint.onClose(AbstractEndPoint.java:353)
	at org.eclipse.jetty.io.ChannelEndPoint.onClose(ChannelEndPoint.java:215)
	at org.eclipse.jetty.io.AbstractEndPoint.doOnClose(AbstractEndPoint.java:225)
	at org.eclipse.jetty.io.AbstractEndPoint.close(AbstractEndPoint.java:192)
	at org.eclipse.jetty.io.AbstractEndPoint.close(AbstractEndPoint.java:175)
	at org.eclipse.jetty.io.AbstractConnection.close(AbstractConnection.java:248)
	at org.eclipse.jetty.io.ManagedSelector.closeNoExceptions(ManagedSelector.java:252)
	at org.eclipse.jetty.io.ManagedSelector.access$1400(ManagedSelector.java:61)
	at org.eclipse.jetty.io.ManagedSelector$CloseConnections.update(ManagedSelector.java:866)
	at org.eclipse.jetty.io.ManagedSelector$SelectorProducer.processUpdates(ManagedSelector.java:426)
	at org.eclipse.jetty.io.ManagedSelector$SelectorProducer.produce(ManagedSelector.java:397)
	at org.eclipse.jetty.util.thread.strategy.EatWhatYouKill.produceTask(EatWhatYouKill.java:357)
	at org.eclipse.jetty.util.thread.strategy.EatWhatYouKill.doProduce(EatWhatYouKill.java:181)
	at org.eclipse.jetty.util.thread.strategy.EatWhatYouKill.tryProduce(EatWhatYouKill.java:168)
	at org.eclipse.jetty.util.thread.strategy.EatWhatYouKill.produce(EatWhatYouKill.java:132)
	at org.eclipse.jetty.util.thread.QueuedThreadPool.runJob(QueuedThreadPool.java:786)
	at org.eclipse.jetty.util.thread.QueuedThreadPool$2.run(QueuedThreadPool.java:743)
	at java.lang.Thread.run(Thread.java:748)
22:22:07.778 [qtp862152124-34] DEBUG org.eclipse.jetty.io.FillInterest - onClose FillInterest@43ed72c7{AC.ReadCB@3bc5a77d{HttpConnection@3bc5a77d::SocketChannelEndPoint@479e918b{/127.0.0.1:44194<->/127.0.0.1:9998,CLOSED,fill=FI,flush=-,to=16/30000}{io=1/1,kio=-1,kro=-1}->HttpConnection@3bc5a77d[p=HttpParser{s=START,0 of -1},g=HttpGenerator@39a6e62a{s=START}]=>HttpChannelOverHttp@4d66fafb{r=1,c=false,c=false/false,a=IDLE,uri=null,age=0}}}
22:22:07.778 [qtp862152124-34] DEBUG org.eclipse.jetty.http.HttpParser - close HttpParser{s=START,0 of -1}
22:22:07.778 [qtp862152124-34] DEBUG org.eclipse.jetty.http.HttpParser - START --> CLOSE
22:22:07.778 [qtp862152124-34] DEBUG o.e.jetty.io.AbstractConnection - HttpConnection@3bc5a77d::SocketChannelEndPoint@479e918b{/127.0.0.1:44194<->/127.0.0.1:9998,CLOSED,fill=-,flush=-,to=16/30000}{io=1/1,kio=-1,kro=-1}->HttpConnection@3bc5a77d[p=HttpParser{s=CLOSE,0 of -1},g=HttpGenerator@39a6e62a{s=START}]=>HttpChannelOverHttp@4d66fafb{r=1,c=false,c=false/false,a=IDLE,uri=null,age=0} onFillInterestedFailed {}
22:22:07.778 [qtp862152124-34] DEBUG org.eclipse.jetty.io.ManagedSelector - Wakeup ManagedSelector@2b4786dd{STOPPING} id=1 keys=1 selected=0 updates=0
22:22:07.778 [qtp862152124-34] DEBUG o.e.j.util.thread.QueuedThreadPool - queue org.eclipse.jetty.io.ManagedSelector$DestroyEndPoint@618a8d88
22:22:07.778 [qtp862152124-34] DEBUG org.eclipse.jetty.io.ManagedSelector - updates 0
22:22:07.778 [qtp862152124-34] DEBUG org.eclipse.jetty.io.ManagedSelector - Selector sun.nio.ch.EPollSelectorImpl@2e706c0d waiting with 1 keys
22:22:07.779 [main] DEBUG org.eclipse.jetty.io.ManagedSelector - Queued change org.eclipse.jetty.io.ManagedSelector$StopSelector@3162743f on ManagedSelector@2b4786dd{STOPPING} id=1 keys=1 selected=0 updates=0
22:22:07.779 [qtp862152124-37] DEBUG o.e.j.util.thread.QueuedThreadPool - run org.eclipse.jetty.io.ManagedSelector$DestroyEndPoint@618a8d88
22:22:07.779 [main] DEBUG org.eclipse.jetty.io.ManagedSelector - Wakeup on submit ManagedSelector@2b4786dd{STOPPING} id=1 keys=0 selected=0 updates=1
22:22:07.779 [qtp862152124-34] DEBUG org.eclipse.jetty.io.ManagedSelector - Selector sun.nio.ch.EPollSelectorImpl@2e706c0d woken with none selected
22:22:07.779 [qtp862152124-37] DEBUG org.eclipse.jetty.io.ManagedSelector - Destroyed SocketChannelEndPoint@479e918b{/127.0.0.1:44194<->/127.0.0.1:9998,CLOSED,fill=-,flush=-,to=17/30000}{io=1/1,kio=-1,kro=-1}->HttpConnection@3bc5a77d[p=HttpParser{s=CLOSE,0 of -1},g=HttpGenerator@39a6e62a{s=START}]=>HttpChannelOverHttp@4d66fafb{r=1,c=false,c=false/false,a=IDLE,uri=null,age=0}
22:22:07.779 [qtp862152124-34] DEBUG org.eclipse.jetty.io.ManagedSelector - Selector sun.nio.ch.EPollSelectorImpl@2e706c0d woken up from select, 0/0/0 selected
22:22:07.779 [qtp862152124-34] DEBUG org.eclipse.jetty.io.ManagedSelector - Selector sun.nio.ch.EPollSelectorImpl@2e706c0d processing 0 keys, 1 updates
22:22:07.779 [qtp862152124-34] DEBUG org.eclipse.jetty.io.ManagedSelector - updateable 1
22:22:07.779 [qtp862152124-34] DEBUG org.eclipse.jetty.io.ManagedSelector - update org.eclipse.jetty.io.ManagedSelector$StopSelector@3162743f
22:22:07.779 [qtp862152124-34] DEBUG org.eclipse.jetty.io.ManagedSelector - updates 0
22:22:07.779 [qtp862152124-37] DEBUG o.e.jetty.io.AbstractConnection - onClose HttpConnection@3bc5a77d::SocketChannelEndPoint@479e918b{/127.0.0.1:44194<->/127.0.0.1:9998,CLOSED,fill=-,flush=-,to=17/30000}{io=1/1,kio=-1,kro=-1}->HttpConnection@3bc5a77d[p=HttpParser{s=CLOSE,0 of -1},g=HttpGenerator@39a6e62a{s=START}]=>HttpChannelOverHttp@4d66fafb{r=1,c=false,c=false/false,a=IDLE,uri=null,age=0}
22:22:07.779 [qtp862152124-34] DEBUG o.e.j.util.thread.QueuedThreadPool - ran org.eclipse.jetty.io.ManagedSelector$$Lambda$198/1041326823@2715644a
22:22:07.779 [qtp862152124-37] DEBUG o.e.j.util.thread.QueuedThreadPool - ran org.eclipse.jetty.io.ManagedSelector$DestroyEndPoint@618a8d88
22:22:07.780 [main] DEBUG o.e.j.u.component.AbstractLifeCycle - stopping EatWhatYouKill@63718b93/SelectorProducer@14e2e1c3/IDLE/p=false/JettyConnectorThreadPool[qtp862152124]@336365bc{STARTED,8<=8<=200,i=6,q=0}[ReservedThreadExecutor@66ec9390{s=1/8,p=0}][pc=0,pic=0,pec=1,epc=0]@2020-09-27T22:22:07.779+01:00
22:22:07.780 [main] DEBUG o.e.j.u.component.AbstractLifeCycle - STOPPED EatWhatYouKill@63718b93/SelectorProducer@14e2e1c3/IDLE/p=false/JettyConnectorThreadPool[qtp862152124]@336365bc{STARTED,8<=8<=200,i=6,q=0}[ReservedThreadExecutor@66ec9390{s=1/8,p=0}][pc=0,pic=0,pec=1,epc=0]@2020-09-27T22:22:07.78+01:00
22:22:07.780 [main] DEBUG o.e.j.u.component.AbstractLifeCycle - STOPPED ManagedSelector@2b4786dd{STOPPED} id=1 keys=-1 selected=-1 updates=0
22:22:07.780 [main] DEBUG o.e.j.u.component.AbstractLifeCycle - stopping ManagedSelector@766a4535{STARTED} id=0 keys=0 selected=0 updates=0
22:22:07.780 [main] DEBUG org.eclipse.jetty.io.ManagedSelector - Queued change org.eclipse.jetty.io.ManagedSelector$CloseConnections@2c708440 on ManagedSelector@766a4535{STOPPING} id=0 keys=0 selected=0 updates=0
22:22:07.780 [main] DEBUG org.eclipse.jetty.io.ManagedSelector - Wakeup on submit ManagedSelector@766a4535{STOPPING} id=0 keys=0 selected=0 updates=1
22:22:07.780 [qtp862152124-32] DEBUG org.eclipse.jetty.io.ManagedSelector - Selector sun.nio.ch.EPollSelectorImpl@4f850e28 woken with none selected
22:22:07.780 [qtp862152124-32] DEBUG org.eclipse.jetty.io.ManagedSelector - Selector sun.nio.ch.EPollSelectorImpl@4f850e28 woken up from select, 0/0/0 selected
22:22:07.780 [qtp862152124-32] DEBUG org.eclipse.jetty.io.ManagedSelector - Selector sun.nio.ch.EPollSelectorImpl@4f850e28 processing 0 keys, 1 updates
22:22:07.780 [qtp862152124-32] DEBUG org.eclipse.jetty.io.ManagedSelector - updateable 1
22:22:07.780 [qtp862152124-32] DEBUG org.eclipse.jetty.io.ManagedSelector - update org.eclipse.jetty.io.ManagedSelector$CloseConnections@2c708440
22:22:07.780 [qtp862152124-32] DEBUG org.eclipse.jetty.io.ManagedSelector - Closing 0 connections on ManagedSelector@766a4535{STOPPING} id=0 keys=0 selected=0 updates=0
22:22:07.780 [qtp862152124-32] DEBUG org.eclipse.jetty.io.ManagedSelector - updates 0
22:22:07.780 [qtp862152124-32] DEBUG org.eclipse.jetty.io.ManagedSelector - Selector sun.nio.ch.EPollSelectorImpl@4f850e28 waiting with 0 keys
22:22:07.780 [main] DEBUG org.eclipse.jetty.io.ManagedSelector - Queued change org.eclipse.jetty.io.ManagedSelector$StopSelector@3047254d on ManagedSelector@766a4535{STOPPING} id=0 keys=0 selected=0 updates=0
22:22:07.780 [main] DEBUG org.eclipse.jetty.io.ManagedSelector - Wakeup on submit ManagedSelector@766a4535{STOPPING} id=0 keys=0 selected=0 updates=1
22:22:07.780 [qtp862152124-32] DEBUG org.eclipse.jetty.io.ManagedSelector - Selector sun.nio.ch.EPollSelectorImpl@4f850e28 woken with none selected
22:22:07.780 [qtp862152124-32] DEBUG org.eclipse.jetty.io.ManagedSelector - Selector sun.nio.ch.EPollSelectorImpl@4f850e28 woken up from select, 0/0/0 selected
22:22:07.780 [qtp862152124-32] DEBUG org.eclipse.jetty.io.ManagedSelector - Selector sun.nio.ch.EPollSelectorImpl@4f850e28 processing 0 keys, 1 updates
22:22:07.780 [qtp862152124-32] DEBUG org.eclipse.jetty.io.ManagedSelector - updateable 1
22:22:07.780 [qtp862152124-32] DEBUG org.eclipse.jetty.io.ManagedSelector - update org.eclipse.jetty.io.ManagedSelector$StopSelector@3047254d
22:22:07.780 [qtp862152124-32] DEBUG org.eclipse.jetty.io.ManagedSelector - updates 0
22:22:07.781 [main] DEBUG o.e.j.u.component.AbstractLifeCycle - stopping EatWhatYouKill@7cf162bc/SelectorProducer@3721177d/PRODUCING/p=false/JettyConnectorThreadPool[qtp862152124]@336365bc{STARTED,8<=8<=200,i=6,q=0}[ReservedThreadExecutor@66ec9390{s=1/8,p=0}][pc=0,pic=0,pec=0,epc=0]@2020-09-27T22:22:07.78+01:00
22:22:07.781 [qtp862152124-32] DEBUG o.e.j.util.thread.QueuedThreadPool - ran org.eclipse.jetty.io.ManagedSelector$$Lambda$198/1041326823@1f38957
22:22:07.781 [main] DEBUG o.e.j.u.component.AbstractLifeCycle - STOPPED EatWhatYouKill@7cf162bc/SelectorProducer@3721177d/IDLE/p=false/JettyConnectorThreadPool[qtp862152124]@336365bc{STARTED,8<=8<=200,i=7,q=0}[ReservedThreadExecutor@66ec9390{s=1/8,p=0}][pc=0,pic=0,pec=0,epc=0]@2020-09-27T22:22:07.781+01:00
22:22:07.781 [main] DEBUG o.e.j.u.component.AbstractLifeCycle - STOPPED ManagedSelector@766a4535{STOPPED} id=0 keys=-1 selected=-1 updates=0
22:22:07.781 [main] DEBUG o.e.j.u.component.AbstractLifeCycle - STOPPED SelectorManager@ServerConnector@5bb7643d{HTTP/1.1,[http/1.1]}{0.0.0.0:9998}
22:22:07.781 [main] DEBUG o.e.j.u.component.AbstractLifeCycle - stopping HttpConnectionFactory@4567e53d[HTTP/1.1]
22:22:07.781 [main] DEBUG o.e.j.u.component.AbstractLifeCycle - STOPPED HttpConnectionFactory@4567e53d[HTTP/1.1]
22:22:07.781 [main] DEBUG o.e.j.u.component.AbstractLifeCycle - stopping ScheduledExecutorScheduler@3ac04654{STARTED}
22:22:07.781 [main] DEBUG o.e.j.u.component.AbstractLifeCycle - STOPPED ScheduledExecutorScheduler@3ac04654{STOPPED}
22:22:07.781 [main] INFO  o.e.jetty.server.AbstractConnector - Stopped ServerConnector@5bb7643d{HTTP/1.1,[http/1.1]}{0.0.0.0:9998}
22:22:07.781 [main] DEBUG o.e.j.u.component.AbstractLifeCycle - STOPPED ServerConnector@5bb7643d{HTTP/1.1,[http/1.1]}{0.0.0.0:9998}
22:22:07.781 [main] DEBUG o.e.j.server.handler.AbstractHandler - stopping Server@38eb2fb0{STOPPING}[9.4.17.v20190418]
22:22:07.781 [main] DEBUG o.e.j.u.component.AbstractLifeCycle - stopping ErrorHandler@5e268ce6{STARTED}
22:22:07.781 [main] DEBUG o.e.j.server.handler.AbstractHandler - stopping ErrorHandler@5e268ce6{STOPPING}
22:22:07.781 [main] DEBUG o.e.j.u.component.AbstractLifeCycle - STOPPED ErrorHandler@5e268ce6{STOPPED}
22:22:07.781 [main] DEBUG o.e.j.u.component.AbstractLifeCycle - stopping JettyHttpContainer@3ed0918d{STARTED}
22:22:07.781 [main] DEBUG o.e.j.server.handler.AbstractHandler - stopping JettyHttpContainer@3ed0918d{STOPPING}
22:22:07.782 [main] DEBUG o.e.j.u.component.AbstractLifeCycle - STOPPED JettyHttpContainer@3ed0918d{STOPPED}
22:22:07.783 [main] DEBUG o.e.j.u.component.AbstractLifeCycle - stopping JettyConnectorThreadPool[qtp862152124]@336365bc{STARTED,8<=8<=200,i=7,q=0}[ReservedThreadExecutor@66ec9390{s=1/8,p=0}]
22:22:07.783 [main] DEBUG o.e.j.util.thread.QueuedThreadPool - Stopping JettyConnectorThreadPool[qtp862152124]@336365bc{STOPPING,8<=8<=200,i=7,q=0}[ReservedThreadExecutor@66ec9390{s=1/8,p=0}]
22:22:07.783 [main] DEBUG o.e.j.u.component.AbstractLifeCycle - stopping ReservedThreadExecutor@66ec9390{s=1/8,p=0}
22:22:07.783 [main] DEBUG o.e.j.u.t.ReservedThreadExecutor - ReservedThreadExecutor@66ec9390{s=0/8,p=0}@2488077d offer STOP!
22:22:07.783 [main] DEBUG o.e.j.u.component.AbstractLifeCycle - STOPPED ReservedThreadExecutor@66ec9390{s=0/8,p=0}
22:22:07.783 [qtp862152124-36] DEBUG o.e.j.util.thread.QueuedThreadPool - run org.eclipse.jetty.util.thread.QueuedThreadPool$$Lambda$265/1547817015@542ada62
22:22:07.783 [qtp862152124-36] DEBUG o.e.j.util.thread.QueuedThreadPool - ran org.eclipse.jetty.util.thread.QueuedThreadPool$$Lambda$265/1547817015@542ada62
22:22:07.783 [main] DEBUG o.e.j.util.thread.QueuedThreadPool - Waiting for Thread[qtp862152124-35,5,main] for 14999
22:22:07.783 [qtp862152124-35] DEBUG o.e.j.util.thread.QueuedThreadPool - run org.eclipse.jetty.util.thread.QueuedThreadPool$$Lambda$265/1547817015@542ada62
22:22:07.783 [qtp862152124-35] DEBUG o.e.j.util.thread.QueuedThreadPool - ran org.eclipse.jetty.util.thread.QueuedThreadPool$$Lambda$265/1547817015@542ada62
22:22:07.783 [main] DEBUG o.e.j.util.thread.QueuedThreadPool - Waiting for Thread[qtp862152124-33,5,main] for 14999
22:22:07.783 [qtp862152124-38] DEBUG o.e.j.u.t.ReservedThreadExecutor - ReservedThreadExecutor@66ec9390{s=0/8,p=0}@2488077d task=STOP!
22:22:07.783 [qtp862152124-38] DEBUG o.e.j.u.t.ReservedThreadExecutor - ReservedThreadExecutor@66ec9390{s=0/8,p=0}@2488077d Exited
22:22:07.784 [qtp862152124-38] DEBUG o.e.j.util.thread.QueuedThreadPool - ran ReservedThreadExecutor@66ec9390{s=0/8,p=0}@2488077d
22:22:07.785 [qtp862152124-33] DEBUG o.e.j.util.thread.QueuedThreadPool - run org.eclipse.jetty.util.thread.QueuedThreadPool$$Lambda$265/1547817015@542ada62
22:22:07.785 [qtp862152124-33] DEBUG o.e.j.util.thread.QueuedThreadPool - ran org.eclipse.jetty.util.thread.QueuedThreadPool$$Lambda$265/1547817015@542ada62
22:22:07.786 [qtp862152124-34] DEBUG o.e.j.util.thread.QueuedThreadPool - run org.eclipse.jetty.util.thread.QueuedThreadPool$$Lambda$265/1547817015@542ada62
22:22:07.786 [main] DEBUG o.e.j.util.thread.QueuedThreadPool - Waiting for Thread[qtp862152124-34,5,main] for 14997
22:22:07.786 [qtp862152124-34] DEBUG o.e.j.util.thread.QueuedThreadPool - ran org.eclipse.jetty.util.thread.QueuedThreadPool$$Lambda$265/1547817015@542ada62
22:22:07.786 [qtp862152124-37] DEBUG o.e.j.util.thread.QueuedThreadPool - run org.eclipse.jetty.util.thread.QueuedThreadPool$$Lambda$265/1547817015@542ada62
22:22:07.786 [qtp862152124-32] DEBUG o.e.j.util.thread.QueuedThreadPool - run org.eclipse.jetty.util.thread.QueuedThreadPool$$Lambda$265/1547817015@542ada62
22:22:07.786 [qtp862152124-32] DEBUG o.e.j.util.thread.QueuedThreadPool - ran org.eclipse.jetty.util.thread.QueuedThreadPool$$Lambda$265/1547817015@542ada62
22:22:07.787 [qtp862152124-39] DEBUG o.e.j.util.thread.QueuedThreadPool - run org.eclipse.jetty.util.thread.QueuedThreadPool$$Lambda$265/1547817015@542ada62
22:22:07.787 [qtp862152124-39] DEBUG o.e.j.util.thread.QueuedThreadPool - ran org.eclipse.jetty.util.thread.QueuedThreadPool$$Lambda$265/1547817015@542ada62
22:22:07.786 [main] DEBUG o.e.j.util.thread.QueuedThreadPool - Waiting for Thread[qtp862152124-32,5,main] for 14996
22:22:07.787 [main] DEBUG o.e.j.util.thread.QueuedThreadPool - Waiting for Thread[qtp862152124-37,5,main] for 14995
22:22:07.786 [qtp862152124-37] DEBUG o.e.j.util.thread.QueuedThreadPool - ran org.eclipse.jetty.util.thread.QueuedThreadPool$$Lambda$265/1547817015@542ada62
22:22:07.789 [main] DEBUG o.e.j.u.component.AbstractLifeCycle - STOPPED JettyConnectorThreadPool[qtp862152124]@336365bc{STOPPED,8<=0<=200,i=0,q=0}[org.eclipse.jetty.util.thread.TryExecutor$$Lambda$180/1484275564@1cefc4b3]
22:22:07.789 [main] DEBUG o.e.j.u.component.AbstractLifeCycle - STOPPED Server@38eb2fb0{STOPPED}[9.4.17.v20190418]
]]></system-out>
    <system-err><![CDATA[set 27, 2020 10:22:07 PM org.glassfish.jersey.test.jetty.JettyTestContainerFactory$JettyTestContainer <init>
INFO: Creating JettyTestContainer configured at the base URI http://localhost:9998/
]]></system-err>
  </testcase>
  <testcase name="testUpdateContactWithInvalidContact" classname="com.brunogoncalves.phonebook.resource.ContactResourceTest" time="0.171">
    <system-out><![CDATA[22:22:07.843 [main] DEBUG o.h.v.i.e.r.TraversableResolvers - Cannot find javax.persistence.Persistence on classpath. Assuming non JPA 2 environment. All properties will per default be traversable.
22:22:07.844 [main] DEBUG o.h.v.i.x.config.ValidationXmlParser - Trying to load META-INF/validation.xml for XML based Validator configuration.
22:22:07.844 [main] DEBUG o.h.v.i.x.c.ResourceLoaderHelper - Trying to load META-INF/validation.xml via TCCL
22:22:07.844 [main] DEBUG o.h.v.i.x.c.ResourceLoaderHelper - Trying to load META-INF/validation.xml via Hibernate Validator's class loader
22:22:07.844 [main] DEBUG o.h.v.i.x.config.ValidationXmlParser - No META-INF/validation.xml found. Using annotation based configuration only.
22:22:07.852 [main] DEBUG o.h.v.m.ResourceBundleMessageInterpolator - Loaded expression factory via original TCCL
22:22:07.852 [main] DEBUG o.h.v.i.engine.ValidatorFactoryImpl - HV000234: Using org.hibernate.validator.messageinterpolation.ResourceBundleMessageInterpolator as ValidatorFactory-scoped message interpolator.
22:22:07.852 [main] DEBUG o.h.v.i.engine.ValidatorFactoryImpl - HV000234: Using org.hibernate.validator.internal.engine.resolver.TraverseAllTraversableResolver as ValidatorFactory-scoped traversable resolver.
22:22:07.852 [main] DEBUG o.h.v.i.engine.ValidatorFactoryImpl - HV000234: Using org.hibernate.validator.internal.util.ExecutableParameterNameProvider as ValidatorFactory-scoped parameter name provider.
22:22:07.853 [main] DEBUG o.h.v.i.engine.ValidatorFactoryImpl - HV000234: Using org.hibernate.validator.internal.engine.DefaultClockProvider as ValidatorFactory-scoped clock provider.
22:22:07.853 [main] DEBUG o.h.v.i.engine.ValidatorFactoryImpl - HV000234: Using org.hibernate.validator.internal.engine.scripting.DefaultScriptEvaluatorFactory as ValidatorFactory-scoped script evaluator factory.
22:22:07.859 [main] DEBUG o.e.j.u.component.ContainerLifeCycle - Server@5ff2e84b{STOPPED}[9.4.17.v20190418] added {JettyConnectorThreadPool[qtp1286643712]@4cb0a000{STOPPED,8<=0<=200,i=0,q=0}[org.eclipse.jetty.util.thread.TryExecutor$$Lambda$180/1484275564@1cefc4b3],AUTO}
22:22:07.859 [main] DEBUG o.e.j.u.component.ContainerLifeCycle - HttpConnectionFactory@74abbb[HTTP/1.1] added {HttpConfiguration@64a4dd8d{32768/8192,8192/8192,https://:0,[]},POJO}
22:22:07.859 [main] DEBUG o.e.j.u.component.ContainerLifeCycle - ServerConnector@2dddc1b9{null,[]}{0.0.0.0:0} added {Server@5ff2e84b{STOPPED}[9.4.17.v20190418],UNMANAGED}
22:22:07.859 [main] DEBUG o.e.j.u.component.ContainerLifeCycle - ServerConnector@2dddc1b9{null,[]}{0.0.0.0:0} added {JettyConnectorThreadPool[qtp1286643712]@4cb0a000{STOPPED,8<=0<=200,i=0,q=0}[org.eclipse.jetty.util.thread.TryExecutor$$Lambda$180/1484275564@1cefc4b3],AUTO}
22:22:07.859 [main] DEBUG o.e.j.u.component.ContainerLifeCycle - ServerConnector@2dddc1b9{null,[]}{0.0.0.0:0} added {ScheduledExecutorScheduler@65a5d4f9{STOPPED},AUTO}
22:22:07.859 [main] DEBUG o.e.j.u.component.ContainerLifeCycle - ServerConnector@2dddc1b9{null,[]}{0.0.0.0:0} added {org.eclipse.jetty.io.ArrayByteBufferPool@40298285,POJO}
22:22:07.859 [main] DEBUG o.e.j.u.component.ContainerLifeCycle - ServerConnector@2dddc1b9{null,[http/1.1]}{0.0.0.0:0} added {HttpConnectionFactory@74abbb[HTTP/1.1],AUTO}
22:22:07.859 [main] DEBUG o.e.jetty.server.AbstractConnector - ServerConnector@2dddc1b9{HTTP/1.1,[http/1.1]}{0.0.0.0:0} added HttpConnectionFactory@74abbb[HTTP/1.1]
22:22:07.859 [main] DEBUG o.e.j.u.component.ContainerLifeCycle - ServerConnector@2dddc1b9{HTTP/1.1,[http/1.1]}{0.0.0.0:0} added {SelectorManager@ServerConnector@2dddc1b9{HTTP/1.1,[http/1.1]}{0.0.0.0:0},MANAGED}
22:22:07.859 [main] DEBUG o.e.j.u.component.ContainerLifeCycle - Server@5ff2e84b{STOPPED}[9.4.17.v20190418] added {ServerConnector@2dddc1b9{HTTP/1.1,[http/1.1]}{0.0.0.0:9998},AUTO}
22:22:07.859 [main] DEBUG o.e.j.u.component.ContainerLifeCycle - Server@5ff2e84b{STOPPED}[9.4.17.v20190418] added {JettyHttpContainer@22367b8{STOPPED},MANAGED}
22:22:07.859 [main] DEBUG o.e.j.u.component.AbstractLifeCycle - starting Server@5ff2e84b{STOPPED}[9.4.17.v20190418]
22:22:07.859 [main] DEBUG o.e.j.u.component.ContainerLifeCycle - Server@5ff2e84b{STARTING}[9.4.17.v20190418] added {ErrorHandler@41b0ae4c{STOPPED},AUTO}
22:22:07.859 [main] INFO  org.eclipse.jetty.server.Server - jetty-9.4.17.v20190418; built: 2019-04-18T19:45:35.259Z; git: aa1c656c315c011c01e7b21aabb04066635b9f67; jvm 1.8.0_265-8u265-b01-0ubuntu2~18.04-b01
22:22:07.859 [main] DEBUG o.e.j.server.handler.AbstractHandler - starting Server@5ff2e84b{STARTING}[9.4.17.v20190418]
22:22:07.859 [main] DEBUG o.e.j.u.component.AbstractLifeCycle - starting JettyConnectorThreadPool[qtp1286643712]@4cb0a000{STOPPED,8<=0<=200,i=0,q=0}[org.eclipse.jetty.util.thread.TryExecutor$$Lambda$180/1484275564@1cefc4b3]
22:22:07.859 [main] DEBUG o.e.j.u.t.ReservedThreadExecutor - ReservedThreadExecutor@af9a89f{s=0/8,p=0}
22:22:07.860 [main] DEBUG o.e.j.u.component.ContainerLifeCycle - JettyConnectorThreadPool[qtp1286643712]@4cb0a000{STARTING,8<=0<=200,i=0,q=0}[ReservedThreadExecutor@af9a89f{s=0/8,p=0}] added {ReservedThreadExecutor@af9a89f{s=0/8,p=0},AUTO}
22:22:07.860 [main] DEBUG o.e.j.u.component.AbstractLifeCycle - starting ReservedThreadExecutor@af9a89f{s=0/8,p=0}
22:22:07.860 [main] DEBUG o.e.j.u.component.AbstractLifeCycle - STARTED @2339ms ReservedThreadExecutor@af9a89f{s=0/8,p=0}
22:22:07.860 [main] DEBUG o.e.j.util.thread.QueuedThreadPool - Starting Thread[qtp1286643712-41,5,main]
22:22:07.860 [main] DEBUG o.e.j.util.thread.QueuedThreadPool - Starting Thread[qtp1286643712-42,5,main]
22:22:07.861 [main] DEBUG o.e.j.util.thread.QueuedThreadPool - Starting Thread[qtp1286643712-43,5,main]
22:22:07.861 [main] DEBUG o.e.j.util.thread.QueuedThreadPool - Starting Thread[qtp1286643712-44,5,main]
22:22:07.861 [main] DEBUG o.e.j.util.thread.QueuedThreadPool - Starting Thread[qtp1286643712-45,5,main]
22:22:07.861 [main] DEBUG o.e.j.util.thread.QueuedThreadPool - Starting Thread[qtp1286643712-46,5,main]
22:22:07.869 [main] DEBUG o.e.j.util.thread.QueuedThreadPool - Starting Thread[qtp1286643712-47,5,main]
22:22:07.875 [main] DEBUG o.e.j.util.thread.QueuedThreadPool - Starting Thread[qtp1286643712-48,5,main]
22:22:07.875 [main] DEBUG o.e.j.u.component.AbstractLifeCycle - STARTED @2354ms JettyConnectorThreadPool[qtp1286643712]@4cb0a000{STARTED,8<=8<=200,i=7,q=0}[ReservedThreadExecutor@af9a89f{s=0/8,p=0}]
22:22:07.875 [main] DEBUG o.e.j.u.component.AbstractLifeCycle - starting JettyHttpContainer@22367b8{STOPPED}
22:22:07.875 [main] DEBUG o.e.j.server.handler.AbstractHandler - starting JettyHttpContainer@22367b8{STARTING}
22:22:07.875 [main] DEBUG o.e.j.u.component.AbstractLifeCycle - STARTED @2354ms JettyHttpContainer@22367b8{STARTED}
22:22:07.875 [main] DEBUG o.e.j.u.component.AbstractLifeCycle - starting ErrorHandler@41b0ae4c{STOPPED}
22:22:07.875 [main] DEBUG o.e.j.server.handler.AbstractHandler - starting ErrorHandler@41b0ae4c{STARTING}
22:22:07.875 [main] DEBUG o.e.j.u.component.AbstractLifeCycle - STARTED @2354ms ErrorHandler@41b0ae4c{STARTED}
22:22:07.875 [main] DEBUG o.e.j.u.component.AbstractLifeCycle - starting ServerConnector@2dddc1b9{HTTP/1.1,[http/1.1]}{0.0.0.0:9998}
22:22:07.875 [main] DEBUG o.e.j.u.component.ContainerLifeCycle - ServerConnector@2dddc1b9{HTTP/1.1,[http/1.1]}{0.0.0.0:9998} added {sun.nio.ch.ServerSocketChannelImpl[/0:0:0:0:0:0:0:0:9998],POJO}
22:22:07.875 [main] DEBUG o.e.j.u.component.AbstractLifeCycle - starting ScheduledExecutorScheduler@65a5d4f9{STOPPED}
22:22:07.875 [main] DEBUG o.e.j.u.component.AbstractLifeCycle - STARTED @2355ms ScheduledExecutorScheduler@65a5d4f9{STARTED}
22:22:07.875 [main] DEBUG o.e.j.u.component.AbstractLifeCycle - starting HttpConnectionFactory@74abbb[HTTP/1.1]
22:22:07.875 [main] DEBUG o.e.j.u.component.AbstractLifeCycle - STARTED @2355ms HttpConnectionFactory@74abbb[HTTP/1.1]
22:22:07.875 [main] DEBUG o.e.j.u.component.AbstractLifeCycle - starting SelectorManager@ServerConnector@2dddc1b9{HTTP/1.1,[http/1.1]}{0.0.0.0:9998}
22:22:07.875 [main] DEBUG o.e.j.u.component.ContainerLifeCycle - EatWhatYouKill@2bef09c0/SelectorProducer@62ce72ff/IDLE/p=false/JettyConnectorThreadPool[qtp1286643712]@4cb0a000{STARTED,8<=8<=200,i=8,q=0}[ReservedThreadExecutor@af9a89f{s=0/8,p=0}][pc=0,pic=0,pec=0,epc=0]@2020-09-27T22:22:07.875+01:00 added {SelectorProducer@62ce72ff,POJO}
22:22:07.876 [main] DEBUG o.e.j.u.component.ContainerLifeCycle - EatWhatYouKill@2bef09c0/SelectorProducer@62ce72ff/IDLE/p=false/JettyConnectorThreadPool[qtp1286643712]@4cb0a000{STARTED,8<=8<=200,i=8,q=0}[ReservedThreadExecutor@af9a89f{s=0/8,p=0}][pc=0,pic=0,pec=0,epc=0]@2020-09-27T22:22:07.876+01:00 added {JettyConnectorThreadPool[qtp1286643712]@4cb0a000{STARTED,8<=8<=200,i=8,q=0}[ReservedThreadExecutor@af9a89f{s=0/8,p=0}],UNMANAGED}
22:22:07.876 [main] DEBUG o.e.j.u.t.strategy.EatWhatYouKill - EatWhatYouKill@2bef09c0/SelectorProducer@62ce72ff/IDLE/p=false/JettyConnectorThreadPool[qtp1286643712]@4cb0a000{STARTED,8<=8<=200,i=8,q=0}[ReservedThreadExecutor@af9a89f{s=0/8,p=0}][pc=0,pic=0,pec=0,epc=0]@2020-09-27T22:22:07.876+01:00 created
22:22:07.876 [main] DEBUG o.e.j.u.component.ContainerLifeCycle - ManagedSelector@58a63629{STOPPED} id=0 keys=-1 selected=-1 updates=0 added {EatWhatYouKill@2bef09c0/SelectorProducer@62ce72ff/IDLE/p=false/JettyConnectorThreadPool[qtp1286643712]@4cb0a000{STARTED,8<=8<=200,i=8,q=0}[ReservedThreadExecutor@af9a89f{s=0/8,p=0}][pc=0,pic=0,pec=0,epc=0]@2020-09-27T22:22:07.876+01:00,MANAGED}
22:22:07.876 [main] DEBUG o.e.j.u.component.ContainerLifeCycle - SelectorManager@ServerConnector@2dddc1b9{HTTP/1.1,[http/1.1]}{0.0.0.0:9998} added {ManagedSelector@58a63629{STOPPED} id=0 keys=-1 selected=-1 updates=0,AUTO}
22:22:07.876 [main] DEBUG o.e.j.u.component.ContainerLifeCycle - EatWhatYouKill@7de843ef/SelectorProducer@2e1af49b/IDLE/p=false/JettyConnectorThreadPool[qtp1286643712]@4cb0a000{STARTED,8<=8<=200,i=8,q=0}[ReservedThreadExecutor@af9a89f{s=0/8,p=0}][pc=0,pic=0,pec=0,epc=0]@2020-09-27T22:22:07.876+01:00 added {SelectorProducer@2e1af49b,POJO}
22:22:07.876 [main] DEBUG o.e.j.u.component.ContainerLifeCycle - EatWhatYouKill@7de843ef/SelectorProducer@2e1af49b/IDLE/p=false/JettyConnectorThreadPool[qtp1286643712]@4cb0a000{STARTED,8<=8<=200,i=8,q=0}[ReservedThreadExecutor@af9a89f{s=0/8,p=0}][pc=0,pic=0,pec=0,epc=0]@2020-09-27T22:22:07.876+01:00 added {JettyConnectorThreadPool[qtp1286643712]@4cb0a000{STARTED,8<=8<=200,i=8,q=0}[ReservedThreadExecutor@af9a89f{s=0/8,p=0}],UNMANAGED}
22:22:07.876 [main] DEBUG o.e.j.u.t.strategy.EatWhatYouKill - EatWhatYouKill@7de843ef/SelectorProducer@2e1af49b/IDLE/p=false/JettyConnectorThreadPool[qtp1286643712]@4cb0a000{STARTED,8<=8<=200,i=8,q=0}[ReservedThreadExecutor@af9a89f{s=0/8,p=0}][pc=0,pic=0,pec=0,epc=0]@2020-09-27T22:22:07.876+01:00 created
22:22:07.876 [main] DEBUG o.e.j.u.component.ContainerLifeCycle - ManagedSelector@3fd2322d{STOPPED} id=1 keys=-1 selected=-1 updates=0 added {EatWhatYouKill@7de843ef/SelectorProducer@2e1af49b/IDLE/p=false/JettyConnectorThreadPool[qtp1286643712]@4cb0a000{STARTED,8<=8<=200,i=8,q=0}[ReservedThreadExecutor@af9a89f{s=0/8,p=0}][pc=0,pic=0,pec=0,epc=0]@2020-09-27T22:22:07.876+01:00,MANAGED}
22:22:07.876 [main] DEBUG o.e.j.u.component.ContainerLifeCycle - SelectorManager@ServerConnector@2dddc1b9{HTTP/1.1,[http/1.1]}{0.0.0.0:9998} added {ManagedSelector@3fd2322d{STOPPED} id=1 keys=-1 selected=-1 updates=0,AUTO}
22:22:07.876 [main] DEBUG o.e.j.u.component.ContainerLifeCycle - EatWhatYouKill@56ac5c80/SelectorProducer@69e49a81/IDLE/p=false/JettyConnectorThreadPool[qtp1286643712]@4cb0a000{STARTED,8<=8<=200,i=8,q=0}[ReservedThreadExecutor@af9a89f{s=0/8,p=0}][pc=0,pic=0,pec=0,epc=0]@2020-09-27T22:22:07.876+01:00 added {SelectorProducer@69e49a81,POJO}
22:22:07.876 [main] DEBUG o.e.j.u.component.ContainerLifeCycle - EatWhatYouKill@56ac5c80/SelectorProducer@69e49a81/IDLE/p=false/JettyConnectorThreadPool[qtp1286643712]@4cb0a000{STARTED,8<=8<=200,i=8,q=0}[ReservedThreadExecutor@af9a89f{s=0/8,p=0}][pc=0,pic=0,pec=0,epc=0]@2020-09-27T22:22:07.876+01:00 added {JettyConnectorThreadPool[qtp1286643712]@4cb0a000{STARTED,8<=8<=200,i=8,q=0}[ReservedThreadExecutor@af9a89f{s=0/8,p=0}],UNMANAGED}
22:22:07.877 [main] DEBUG o.e.j.u.t.strategy.EatWhatYouKill - EatWhatYouKill@56ac5c80/SelectorProducer@69e49a81/IDLE/p=false/JettyConnectorThreadPool[qtp1286643712]@4cb0a000{STARTED,8<=8<=200,i=8,q=0}[ReservedThreadExecutor@af9a89f{s=0/8,p=0}][pc=0,pic=0,pec=0,epc=0]@2020-09-27T22:22:07.877+01:00 created
22:22:07.877 [main] DEBUG o.e.j.u.component.ContainerLifeCycle - ManagedSelector@1023150a{STOPPED} id=2 keys=-1 selected=-1 updates=0 added {EatWhatYouKill@56ac5c80/SelectorProducer@69e49a81/IDLE/p=false/JettyConnectorThreadPool[qtp1286643712]@4cb0a000{STARTED,8<=8<=200,i=8,q=0}[ReservedThreadExecutor@af9a89f{s=0/8,p=0}][pc=0,pic=0,pec=0,epc=0]@2020-09-27T22:22:07.877+01:00,MANAGED}
22:22:07.877 [main] DEBUG o.e.j.u.component.ContainerLifeCycle - SelectorManager@ServerConnector@2dddc1b9{HTTP/1.1,[http/1.1]}{0.0.0.0:9998} added {ManagedSelector@1023150a{STOPPED} id=2 keys=-1 selected=-1 updates=0,AUTO}
22:22:07.877 [main] DEBUG o.e.j.u.component.ContainerLifeCycle - EatWhatYouKill@3ece1e79/SelectorProducer@ab20d7c/IDLE/p=false/JettyConnectorThreadPool[qtp1286643712]@4cb0a000{STARTED,8<=8<=200,i=8,q=0}[ReservedThreadExecutor@af9a89f{s=0/8,p=0}][pc=0,pic=0,pec=0,epc=0]@2020-09-27T22:22:07.877+01:00 added {SelectorProducer@ab20d7c,POJO}
22:22:07.877 [main] DEBUG o.e.j.u.component.ContainerLifeCycle - EatWhatYouKill@3ece1e79/SelectorProducer@ab20d7c/IDLE/p=false/JettyConnectorThreadPool[qtp1286643712]@4cb0a000{STARTED,8<=8<=200,i=8,q=0}[ReservedThreadExecutor@af9a89f{s=0/8,p=0}][pc=0,pic=0,pec=0,epc=0]@2020-09-27T22:22:07.877+01:00 added {JettyConnectorThreadPool[qtp1286643712]@4cb0a000{STARTED,8<=8<=200,i=8,q=0}[ReservedThreadExecutor@af9a89f{s=0/8,p=0}],UNMANAGED}
22:22:07.877 [main] DEBUG o.e.j.u.t.strategy.EatWhatYouKill - EatWhatYouKill@3ece1e79/SelectorProducer@ab20d7c/IDLE/p=false/JettyConnectorThreadPool[qtp1286643712]@4cb0a000{STARTED,8<=8<=200,i=8,q=0}[ReservedThreadExecutor@af9a89f{s=0/8,p=0}][pc=0,pic=0,pec=0,epc=0]@2020-09-27T22:22:07.877+01:00 created
22:22:07.877 [main] DEBUG o.e.j.u.component.ContainerLifeCycle - ManagedSelector@474fae39{STOPPED} id=3 keys=-1 selected=-1 updates=0 added {EatWhatYouKill@3ece1e79/SelectorProducer@ab20d7c/IDLE/p=false/JettyConnectorThreadPool[qtp1286643712]@4cb0a000{STARTED,8<=8<=200,i=8,q=0}[ReservedThreadExecutor@af9a89f{s=0/8,p=0}][pc=0,pic=0,pec=0,epc=0]@2020-09-27T22:22:07.877+01:00,MANAGED}
22:22:07.877 [main] DEBUG o.e.j.u.component.ContainerLifeCycle - SelectorManager@ServerConnector@2dddc1b9{HTTP/1.1,[http/1.1]}{0.0.0.0:9998} added {ManagedSelector@474fae39{STOPPED} id=3 keys=-1 selected=-1 updates=0,AUTO}
22:22:07.877 [main] DEBUG o.e.j.u.component.AbstractLifeCycle - starting ManagedSelector@58a63629{STOPPED} id=0 keys=-1 selected=-1 updates=0
22:22:07.877 [main] DEBUG o.e.j.u.component.AbstractLifeCycle - starting EatWhatYouKill@2bef09c0/SelectorProducer@62ce72ff/IDLE/p=false/JettyConnectorThreadPool[qtp1286643712]@4cb0a000{STARTED,8<=8<=200,i=8,q=0}[ReservedThreadExecutor@af9a89f{s=0/8,p=0}][pc=0,pic=0,pec=0,epc=0]@2020-09-27T22:22:07.877+01:00
22:22:07.877 [main] DEBUG o.e.j.u.component.AbstractLifeCycle - STARTED @2357ms EatWhatYouKill@2bef09c0/SelectorProducer@62ce72ff/IDLE/p=false/JettyConnectorThreadPool[qtp1286643712]@4cb0a000{STARTED,8<=8<=200,i=8,q=0}[ReservedThreadExecutor@af9a89f{s=0/8,p=0}][pc=0,pic=0,pec=0,epc=0]@2020-09-27T22:22:07.877+01:00
22:22:07.878 [main] DEBUG o.e.j.util.thread.QueuedThreadPool - queue org.eclipse.jetty.io.ManagedSelector$$Lambda$198/1041326823@4f4c789f
22:22:07.878 [main] DEBUG org.eclipse.jetty.io.ManagedSelector - Queued change org.eclipse.jetty.io.ManagedSelector$Start@13f9ad9 on ManagedSelector@58a63629{STARTING} id=0 keys=0 selected=0 updates=0
22:22:07.878 [qtp1286643712-41] DEBUG o.e.j.util.thread.QueuedThreadPool - run org.eclipse.jetty.io.ManagedSelector$$Lambda$198/1041326823@4f4c789f
22:22:07.878 [qtp1286643712-41] DEBUG o.e.j.u.t.strategy.EatWhatYouKill - EatWhatYouKill@2bef09c0/SelectorProducer@62ce72ff/IDLE/p=false/JettyConnectorThreadPool[qtp1286643712]@4cb0a000{STARTED,8<=8<=200,i=7,q=0}[ReservedThreadExecutor@af9a89f{s=0/8,p=0}][pc=0,pic=0,pec=0,epc=0]@2020-09-27T22:22:07.878+01:00 tryProduce false
22:22:07.878 [qtp1286643712-41] DEBUG org.eclipse.jetty.io.ManagedSelector - updateable 1
22:22:07.878 [qtp1286643712-41] DEBUG org.eclipse.jetty.io.ManagedSelector - update org.eclipse.jetty.io.ManagedSelector$Start@13f9ad9
22:22:07.878 [qtp1286643712-41] DEBUG org.eclipse.jetty.io.ManagedSelector - updates 0
22:22:07.878 [qtp1286643712-41] DEBUG org.eclipse.jetty.io.ManagedSelector - Selector sun.nio.ch.EPollSelectorImpl@83b605d waiting with 0 keys
22:22:07.878 [main] DEBUG o.e.j.u.component.AbstractLifeCycle - STARTED @2357ms ManagedSelector@58a63629{STARTED} id=0 keys=0 selected=0 updates=0
22:22:07.878 [main] DEBUG o.e.j.u.component.AbstractLifeCycle - starting ManagedSelector@3fd2322d{STOPPED} id=1 keys=-1 selected=-1 updates=0
22:22:07.878 [main] DEBUG o.e.j.u.component.AbstractLifeCycle - starting EatWhatYouKill@7de843ef/SelectorProducer@2e1af49b/IDLE/p=false/JettyConnectorThreadPool[qtp1286643712]@4cb0a000{STARTED,8<=8<=200,i=7,q=0}[ReservedThreadExecutor@af9a89f{s=0/8,p=0}][pc=0,pic=0,pec=0,epc=0]@2020-09-27T22:22:07.878+01:00
22:22:07.878 [main] DEBUG o.e.j.u.component.AbstractLifeCycle - STARTED @2357ms EatWhatYouKill@7de843ef/SelectorProducer@2e1af49b/IDLE/p=false/JettyConnectorThreadPool[qtp1286643712]@4cb0a000{STARTED,8<=8<=200,i=7,q=0}[ReservedThreadExecutor@af9a89f{s=0/8,p=0}][pc=0,pic=0,pec=0,epc=0]@2020-09-27T22:22:07.878+01:00
22:22:07.878 [main] DEBUG o.e.j.util.thread.QueuedThreadPool - queue org.eclipse.jetty.io.ManagedSelector$$Lambda$198/1041326823@1b7cae6f
22:22:07.878 [main] DEBUG org.eclipse.jetty.io.ManagedSelector - Queued change org.eclipse.jetty.io.ManagedSelector$Start@21f8e55f on ManagedSelector@3fd2322d{STARTING} id=1 keys=0 selected=0 updates=0
22:22:07.878 [qtp1286643712-42] DEBUG o.e.j.util.thread.QueuedThreadPool - run org.eclipse.jetty.io.ManagedSelector$$Lambda$198/1041326823@1b7cae6f
22:22:07.878 [qtp1286643712-42] DEBUG o.e.j.u.t.strategy.EatWhatYouKill - EatWhatYouKill@7de843ef/SelectorProducer@2e1af49b/IDLE/p=false/JettyConnectorThreadPool[qtp1286643712]@4cb0a000{STARTED,8<=8<=200,i=6,q=0}[ReservedThreadExecutor@af9a89f{s=0/8,p=0}][pc=0,pic=0,pec=0,epc=0]@2020-09-27T22:22:07.878+01:00 tryProduce false
22:22:07.878 [qtp1286643712-42] DEBUG org.eclipse.jetty.io.ManagedSelector - updateable 1
22:22:07.878 [qtp1286643712-42] DEBUG org.eclipse.jetty.io.ManagedSelector - update org.eclipse.jetty.io.ManagedSelector$Start@21f8e55f
22:22:07.878 [qtp1286643712-42] DEBUG org.eclipse.jetty.io.ManagedSelector - updates 0
22:22:07.878 [qtp1286643712-42] DEBUG org.eclipse.jetty.io.ManagedSelector - Selector sun.nio.ch.EPollSelectorImpl@1903adde waiting with 0 keys
22:22:07.878 [main] DEBUG o.e.j.u.component.AbstractLifeCycle - STARTED @2358ms ManagedSelector@3fd2322d{STARTED} id=1 keys=0 selected=0 updates=0
22:22:07.878 [main] DEBUG o.e.j.u.component.AbstractLifeCycle - starting ManagedSelector@1023150a{STOPPED} id=2 keys=-1 selected=-1 updates=0
22:22:07.878 [main] DEBUG o.e.j.u.component.AbstractLifeCycle - starting EatWhatYouKill@56ac5c80/SelectorProducer@69e49a81/IDLE/p=false/JettyConnectorThreadPool[qtp1286643712]@4cb0a000{STARTED,8<=8<=200,i=6,q=0}[ReservedThreadExecutor@af9a89f{s=0/8,p=0}][pc=0,pic=0,pec=0,epc=0]@2020-09-27T22:22:07.878+01:00
22:22:07.879 [main] DEBUG o.e.j.u.component.AbstractLifeCycle - STARTED @2358ms EatWhatYouKill@56ac5c80/SelectorProducer@69e49a81/IDLE/p=false/JettyConnectorThreadPool[qtp1286643712]@4cb0a000{STARTED,8<=8<=200,i=6,q=0}[ReservedThreadExecutor@af9a89f{s=0/8,p=0}][pc=0,pic=0,pec=0,epc=0]@2020-09-27T22:22:07.879+01:00
22:22:07.879 [main] DEBUG o.e.j.util.thread.QueuedThreadPool - queue org.eclipse.jetty.io.ManagedSelector$$Lambda$198/1041326823@d5ce97f
22:22:07.879 [main] DEBUG org.eclipse.jetty.io.ManagedSelector - Queued change org.eclipse.jetty.io.ManagedSelector$Start@7048535f on ManagedSelector@1023150a{STARTING} id=2 keys=0 selected=0 updates=0
22:22:07.879 [qtp1286643712-43] DEBUG o.e.j.util.thread.QueuedThreadPool - run org.eclipse.jetty.io.ManagedSelector$$Lambda$198/1041326823@d5ce97f
22:22:07.879 [qtp1286643712-43] DEBUG o.e.j.u.t.strategy.EatWhatYouKill - EatWhatYouKill@56ac5c80/SelectorProducer@69e49a81/IDLE/p=false/JettyConnectorThreadPool[qtp1286643712]@4cb0a000{STARTED,8<=8<=200,i=5,q=0}[ReservedThreadExecutor@af9a89f{s=0/8,p=0}][pc=0,pic=0,pec=0,epc=0]@2020-09-27T22:22:07.879+01:00 tryProduce false
22:22:07.879 [qtp1286643712-43] DEBUG org.eclipse.jetty.io.ManagedSelector - updateable 1
22:22:07.879 [qtp1286643712-43] DEBUG org.eclipse.jetty.io.ManagedSelector - update org.eclipse.jetty.io.ManagedSelector$Start@7048535f
22:22:07.879 [qtp1286643712-43] DEBUG org.eclipse.jetty.io.ManagedSelector - updates 0
22:22:07.879 [qtp1286643712-43] DEBUG org.eclipse.jetty.io.ManagedSelector - Selector sun.nio.ch.EPollSelectorImpl@125709a8 waiting with 0 keys
22:22:07.879 [main] DEBUG o.e.j.u.component.AbstractLifeCycle - STARTED @2358ms ManagedSelector@1023150a{STARTED} id=2 keys=0 selected=0 updates=0
22:22:07.879 [main] DEBUG o.e.j.u.component.AbstractLifeCycle - starting ManagedSelector@474fae39{STOPPED} id=3 keys=-1 selected=-1 updates=0
22:22:07.881 [main] DEBUG o.e.j.u.component.AbstractLifeCycle - starting EatWhatYouKill@3ece1e79/SelectorProducer@ab20d7c/IDLE/p=false/JettyConnectorThreadPool[qtp1286643712]@4cb0a000{STARTED,8<=8<=200,i=5,q=0}[ReservedThreadExecutor@af9a89f{s=0/8,p=0}][pc=0,pic=0,pec=0,epc=0]@2020-09-27T22:22:07.881+01:00
22:22:07.881 [main] DEBUG o.e.j.u.component.AbstractLifeCycle - STARTED @2360ms EatWhatYouKill@3ece1e79/SelectorProducer@ab20d7c/IDLE/p=false/JettyConnectorThreadPool[qtp1286643712]@4cb0a000{STARTED,8<=8<=200,i=5,q=0}[ReservedThreadExecutor@af9a89f{s=0/8,p=0}][pc=0,pic=0,pec=0,epc=0]@2020-09-27T22:22:07.881+01:00
22:22:07.881 [main] DEBUG o.e.j.util.thread.QueuedThreadPool - queue org.eclipse.jetty.io.ManagedSelector$$Lambda$198/1041326823@e3994ef
22:22:07.881 [qtp1286643712-44] DEBUG o.e.j.util.thread.QueuedThreadPool - run org.eclipse.jetty.io.ManagedSelector$$Lambda$198/1041326823@e3994ef
22:22:07.882 [main] DEBUG org.eclipse.jetty.io.ManagedSelector - Queued change org.eclipse.jetty.io.ManagedSelector$Start@680d4a6a on ManagedSelector@474fae39{STARTING} id=3 keys=0 selected=0 updates=0
22:22:07.882 [qtp1286643712-44] DEBUG o.e.j.u.t.strategy.EatWhatYouKill - EatWhatYouKill@3ece1e79/SelectorProducer@ab20d7c/IDLE/p=false/JettyConnectorThreadPool[qtp1286643712]@4cb0a000{STARTED,8<=8<=200,i=4,q=0}[ReservedThreadExecutor@af9a89f{s=0/8,p=0}][pc=0,pic=0,pec=0,epc=0]@2020-09-27T22:22:07.882+01:00 tryProduce false
22:22:07.882 [qtp1286643712-44] DEBUG org.eclipse.jetty.io.ManagedSelector - updateable 1
22:22:07.882 [qtp1286643712-44] DEBUG org.eclipse.jetty.io.ManagedSelector - update org.eclipse.jetty.io.ManagedSelector$Start@680d4a6a
22:22:07.882 [qtp1286643712-44] DEBUG org.eclipse.jetty.io.ManagedSelector - updates 0
22:22:07.882 [qtp1286643712-44] DEBUG org.eclipse.jetty.io.ManagedSelector - Selector sun.nio.ch.EPollSelectorImpl@50c47123 waiting with 0 keys
22:22:07.882 [main] DEBUG o.e.j.u.component.AbstractLifeCycle - STARTED @2362ms ManagedSelector@474fae39{STARTED} id=3 keys=0 selected=0 updates=0
22:22:07.882 [main] DEBUG o.e.j.u.component.AbstractLifeCycle - STARTED @2362ms SelectorManager@ServerConnector@2dddc1b9{HTTP/1.1,[http/1.1]}{0.0.0.0:9998}
22:22:07.882 [main] DEBUG o.e.j.u.component.ContainerLifeCycle - ServerConnector@2dddc1b9{HTTP/1.1,[http/1.1]}{0.0.0.0:9998} added {acceptor-0@2f04105,POJO}
22:22:07.882 [main] DEBUG o.e.j.util.thread.QueuedThreadPool - queue acceptor-0@2f04105
22:22:07.882 [main] INFO  o.e.jetty.server.AbstractConnector - Started ServerConnector@2dddc1b9{HTTP/1.1,[http/1.1]}{0.0.0.0:9998}
22:22:07.882 [main] DEBUG o.e.j.u.component.AbstractLifeCycle - STARTED @2362ms ServerConnector@2dddc1b9{HTTP/1.1,[http/1.1]}{0.0.0.0:9998}
22:22:07.882 [qtp1286643712-45] DEBUG o.e.j.util.thread.QueuedThreadPool - run acceptor-0@2f04105
22:22:07.882 [main] INFO  org.eclipse.jetty.server.Server - Started @2362ms
22:22:07.883 [main] DEBUG o.e.j.u.component.AbstractLifeCycle - STARTED @2362ms Server@5ff2e84b{STARTED}[9.4.17.v20190418]
22:22:07.906 [qtp1286643712-45-acceptor-0@2f04105-ServerConnector@2dddc1b9{HTTP/1.1,[http/1.1]}{0.0.0.0:9998}] DEBUG org.eclipse.jetty.io.ManagedSelector - Queued change org.eclipse.jetty.io.ManagedSelector$Accept@12e7db2d on ManagedSelector@3fd2322d{STARTED} id=1 keys=0 selected=0 updates=0
22:22:07.906 [qtp1286643712-45-acceptor-0@2f04105-ServerConnector@2dddc1b9{HTTP/1.1,[http/1.1]}{0.0.0.0:9998}] DEBUG org.eclipse.jetty.io.ManagedSelector - Wakeup on submit ManagedSelector@3fd2322d{STARTED} id=1 keys=0 selected=0 updates=1
22:22:07.906 [qtp1286643712-42] DEBUG org.eclipse.jetty.io.ManagedSelector - Selector sun.nio.ch.EPollSelectorImpl@1903adde woken with none selected
22:22:07.906 [qtp1286643712-42] DEBUG org.eclipse.jetty.io.ManagedSelector - Selector sun.nio.ch.EPollSelectorImpl@1903adde woken up from select, 0/0/0 selected
22:22:07.906 [qtp1286643712-42] DEBUG org.eclipse.jetty.io.ManagedSelector - Selector sun.nio.ch.EPollSelectorImpl@1903adde processing 0 keys, 1 updates
22:22:07.906 [qtp1286643712-42] DEBUG org.eclipse.jetty.io.ManagedSelector - updateable 1
22:22:07.906 [qtp1286643712-42] DEBUG org.eclipse.jetty.io.ManagedSelector - update org.eclipse.jetty.io.ManagedSelector$Accept@12e7db2d
22:22:07.906 [qtp1286643712-42] DEBUG o.e.j.util.thread.QueuedThreadPool - queue org.eclipse.jetty.io.ManagedSelector$Accept@12e7db2d
22:22:07.906 [qtp1286643712-42] DEBUG org.eclipse.jetty.io.ManagedSelector - updates 0
22:22:07.906 [qtp1286643712-42] DEBUG org.eclipse.jetty.io.ManagedSelector - Selector sun.nio.ch.EPollSelectorImpl@1903adde waiting with 1 keys
22:22:07.906 [qtp1286643712-46] DEBUG o.e.j.util.thread.QueuedThreadPool - run org.eclipse.jetty.io.ManagedSelector$Accept@12e7db2d
22:22:07.906 [qtp1286643712-46] DEBUG org.eclipse.jetty.io.IdleTimeout - SocketChannelEndPoint@5f1a3baf{/127.0.0.1:44198<->/127.0.0.1:9998,OPEN,fill=-,flush=-,to=0/30000}{io=0/0,kio=0,kro=0}-><null> idle timeout check, elapsed: 0 ms, remaining: 30000 ms
22:22:07.913 [qtp1286643712-46] DEBUG org.eclipse.jetty.server.HttpChannel - new HttpChannelOverHttp@55e250df{r=0,c=false,c=false/false,a=IDLE,uri=null,age=0} -> SocketChannelEndPoint@5f1a3baf{/127.0.0.1:44198<->/127.0.0.1:9998,OPEN,fill=-,flush=-,to=7/30000}{io=0/0,kio=0,kro=0}-><null>,null,HttpChannelState@10e0c407{s=IDLE a=NOT_ASYNC i=true r=IDLE w=false}
22:22:07.913 [qtp1286643712-46] DEBUG o.e.jetty.server.HttpConnection - New HTTP Connection HttpConnection@1ea952f7::SocketChannelEndPoint@5f1a3baf{/127.0.0.1:44198<->/127.0.0.1:9998,OPEN,fill=-,flush=-,to=7/30000}{io=0/0,kio=0,kro=0}-><null>
22:22:07.913 [qtp1286643712-46] DEBUG o.eclipse.jetty.io.AbstractEndPoint - onOpen SocketChannelEndPoint@5f1a3baf{/127.0.0.1:44198<->/127.0.0.1:9998,OPEN,fill=-,flush=-,to=7/30000}{io=0/0,kio=0,kro=0}->HttpConnection@1ea952f7[p=HttpParser{s=START,0 of -1},g=HttpGenerator@213ad330{s=START}]=>HttpChannelOverHttp@55e250df{r=0,c=false,c=false/false,a=IDLE,uri=null,age=0}
22:22:07.913 [qtp1286643712-46] DEBUG o.e.jetty.io.AbstractConnection - onOpen HttpConnection@1ea952f7::SocketChannelEndPoint@5f1a3baf{/127.0.0.1:44198<->/127.0.0.1:9998,OPEN,fill=-,flush=-,to=7/30000}{io=0/0,kio=0,kro=0}->HttpConnection@1ea952f7[p=HttpParser{s=START,0 of -1},g=HttpGenerator@213ad330{s=START}]=>HttpChannelOverHttp@55e250df{r=0,c=false,c=false/false,a=IDLE,uri=null,age=0}
22:22:07.913 [qtp1286643712-46] DEBUG o.e.jetty.io.AbstractConnection - fillInterested HttpConnection@1ea952f7::SocketChannelEndPoint@5f1a3baf{/127.0.0.1:44198<->/127.0.0.1:9998,OPEN,fill=-,flush=-,to=7/30000}{io=0/0,kio=0,kro=0}->HttpConnection@1ea952f7[p=HttpParser{s=START,0 of -1},g=HttpGenerator@213ad330{s=START}]=>HttpChannelOverHttp@55e250df{r=0,c=false,c=false/false,a=IDLE,uri=null,age=0}
22:22:07.913 [qtp1286643712-46] DEBUG org.eclipse.jetty.io.FillInterest - interested FillInterest@66991b60{AC.ReadCB@1ea952f7{HttpConnection@1ea952f7::SocketChannelEndPoint@5f1a3baf{/127.0.0.1:44198<->/127.0.0.1:9998,OPEN,fill=FI,flush=-,to=0/30000}{io=0/0,kio=0,kro=0}->HttpConnection@1ea952f7[p=HttpParser{s=START,0 of -1},g=HttpGenerator@213ad330{s=START}]=>HttpChannelOverHttp@55e250df{r=0,c=false,c=false/false,a=IDLE,uri=null,age=0}}}
22:22:07.913 [qtp1286643712-46] DEBUG org.eclipse.jetty.io.ChannelEndPoint - changeInterests p=false 0->1 for SocketChannelEndPoint@5f1a3baf{/127.0.0.1:44198<->/127.0.0.1:9998,OPEN,fill=FI,flush=-,to=0/30000}{io=0/1,kio=0,kro=0}->HttpConnection@1ea952f7[p=HttpParser{s=START,0 of -1},g=HttpGenerator@213ad330{s=START}]=>HttpChannelOverHttp@55e250df{r=0,c=false,c=false/false,a=IDLE,uri=null,age=0}
22:22:07.913 [qtp1286643712-46] DEBUG org.eclipse.jetty.io.ManagedSelector - Queued change org.eclipse.jetty.io.ChannelEndPoint$1@70cf3b48 on ManagedSelector@3fd2322d{STARTED} id=1 keys=1 selected=0 updates=0
22:22:07.913 [qtp1286643712-46] DEBUG org.eclipse.jetty.io.ManagedSelector - Wakeup on submit ManagedSelector@3fd2322d{STARTED} id=1 keys=1 selected=0 updates=1
22:22:07.914 [qtp1286643712-46] DEBUG org.eclipse.jetty.io.ManagedSelector - Created SocketChannelEndPoint@5f1a3baf{/127.0.0.1:44198<->/127.0.0.1:9998,OPEN,fill=FI,flush=-,to=1/30000}{io=0/1,kio=0,kro=0}->HttpConnection@1ea952f7[p=HttpParser{s=START,0 of -1},g=HttpGenerator@213ad330{s=START}]=>HttpChannelOverHttp@55e250df{r=0,c=false,c=false/false,a=IDLE,uri=null,age=0}
22:22:07.914 [qtp1286643712-42] DEBUG org.eclipse.jetty.io.ManagedSelector - Selector sun.nio.ch.EPollSelectorImpl@1903adde woken with none selected
22:22:07.914 [qtp1286643712-46] DEBUG o.e.j.util.thread.QueuedThreadPool - ran org.eclipse.jetty.io.ManagedSelector$Accept@12e7db2d
22:22:07.914 [qtp1286643712-42] DEBUG org.eclipse.jetty.io.ManagedSelector - Selector sun.nio.ch.EPollSelectorImpl@1903adde woken up from select, 0/0/1 selected
22:22:07.914 [qtp1286643712-42] DEBUG org.eclipse.jetty.io.ManagedSelector - Selector sun.nio.ch.EPollSelectorImpl@1903adde processing 0 keys, 1 updates
22:22:07.914 [qtp1286643712-42] DEBUG org.eclipse.jetty.io.ManagedSelector - updateable 1
22:22:07.914 [qtp1286643712-42] DEBUG org.eclipse.jetty.io.ManagedSelector - update org.eclipse.jetty.io.ChannelEndPoint$1@70cf3b48
22:22:07.914 [qtp1286643712-42] DEBUG org.eclipse.jetty.io.ChannelEndPoint - Key interests updated 0 -> 1 on SocketChannelEndPoint@5f1a3baf{/127.0.0.1:44198<->/127.0.0.1:9998,OPEN,fill=FI,flush=-,to=1/30000}{io=1/1,kio=1,kro=0}->HttpConnection@1ea952f7[p=HttpParser{s=START,0 of -1},g=HttpGenerator@213ad330{s=START}]=>HttpChannelOverHttp@55e250df{r=0,c=false,c=false/false,a=IDLE,uri=null,age=0}
22:22:07.914 [qtp1286643712-42] DEBUG org.eclipse.jetty.io.ManagedSelector - updates 0
22:22:07.914 [qtp1286643712-42] DEBUG org.eclipse.jetty.io.ManagedSelector - Selector sun.nio.ch.EPollSelectorImpl@1903adde waiting with 1 keys
22:22:07.914 [qtp1286643712-42] DEBUG org.eclipse.jetty.io.ManagedSelector - Selector sun.nio.ch.EPollSelectorImpl@1903adde woken up from select, 1/1/1 selected
22:22:07.914 [qtp1286643712-42] DEBUG org.eclipse.jetty.io.ManagedSelector - Selector sun.nio.ch.EPollSelectorImpl@1903adde processing 1 keys, 0 updates
22:22:07.914 [qtp1286643712-42] DEBUG org.eclipse.jetty.io.ManagedSelector - selected 1 sun.nio.ch.SelectionKeyImpl@17c4408e SocketChannelEndPoint@5f1a3baf{/127.0.0.1:44198<->/127.0.0.1:9998,OPEN,fill=FI,flush=-,to=1/30000}{io=1/1,kio=1,kro=1}->HttpConnection@1ea952f7[p=HttpParser{s=START,0 of -1},g=HttpGenerator@213ad330{s=START}]=>HttpChannelOverHttp@55e250df{r=0,c=false,c=false/false,a=IDLE,uri=null,age=0} 
22:22:07.914 [qtp1286643712-42] DEBUG org.eclipse.jetty.io.ChannelEndPoint - onSelected 1->0 r=true w=false for SocketChannelEndPoint@5f1a3baf{/127.0.0.1:44198<->/127.0.0.1:9998,OPEN,fill=FI,flush=-,to=1/30000}{io=1/0,kio=1,kro=1}->HttpConnection@1ea952f7[p=HttpParser{s=START,0 of -1},g=HttpGenerator@213ad330{s=START}]=>HttpChannelOverHttp@55e250df{r=0,c=false,c=false/false,a=IDLE,uri=null,age=0}
22:22:07.914 [qtp1286643712-42] DEBUG org.eclipse.jetty.io.ChannelEndPoint - task CEP:SocketChannelEndPoint@5f1a3baf{/127.0.0.1:44198<->/127.0.0.1:9998,OPEN,fill=FI,flush=-,to=1/30000}{io=1/0,kio=1,kro=1}->HttpConnection@1ea952f7[p=HttpParser{s=START,0 of -1},g=HttpGenerator@213ad330{s=START}]=>HttpChannelOverHttp@55e250df{r=0,c=false,c=false/false,a=IDLE,uri=null,age=0}:runFillable:BLOCKING
22:22:07.914 [qtp1286643712-42] DEBUG o.e.j.u.t.ReservedThreadExecutor - ReservedThreadExecutor@af9a89f{s=0/8,p=0} tryExecute EatWhatYouKill@7de843ef/SelectorProducer@2e1af49b/PRODUCING/p=false/JettyConnectorThreadPool[qtp1286643712]@4cb0a000{STARTED,8<=8<=200,i=3,q=0}[ReservedThreadExecutor@af9a89f{s=0/8,p=0}][pc=0,pic=0,pec=0,epc=0]@2020-09-27T22:22:07.914+01:00
22:22:07.914 [qtp1286643712-42] DEBUG o.e.j.u.t.ReservedThreadExecutor - ReservedThreadExecutor@af9a89f{s=0/8,p=1} startReservedThread p=1
22:22:07.914 [qtp1286643712-42] DEBUG o.e.j.util.thread.QueuedThreadPool - queue ReservedThreadExecutor@af9a89f{s=0/8,p=1}@13fbc6ae
22:22:07.914 [qtp1286643712-47] DEBUG o.e.j.util.thread.QueuedThreadPool - run ReservedThreadExecutor@af9a89f{s=0/8,p=1}@13fbc6ae
22:22:07.915 [qtp1286643712-47] DEBUG o.e.j.u.t.ReservedThreadExecutor - ReservedThreadExecutor@af9a89f{s=1/8,p=1}@13fbc6ae started
22:22:07.915 [qtp1286643712-47] DEBUG o.e.j.u.t.ReservedThreadExecutor - ReservedThreadExecutor@af9a89f{s=1/8,p=0}@13fbc6ae waiting
22:22:07.915 [qtp1286643712-42] DEBUG o.e.j.u.t.strategy.EatWhatYouKill - EatWhatYouKill@7de843ef/SelectorProducer@2e1af49b/PRODUCING/p=false/JettyConnectorThreadPool[qtp1286643712]@4cb0a000{STARTED,8<=8<=200,i=2,q=0}[ReservedThreadExecutor@af9a89f{s=0/8,p=1}][pc=0,pic=0,pec=0,epc=0]@2020-09-27T22:22:07.915+01:00 m=PRODUCE_EXECUTE_CONSUME t=CEP:SocketChannelEndPoint@5f1a3baf{/127.0.0.1:44198<->/127.0.0.1:9998,OPEN,fill=FI,flush=-,to=2/30000}{io=1/0,kio=1,kro=1}->HttpConnection@1ea952f7[p=HttpParser{s=START,0 of -1},g=HttpGenerator@213ad330{s=START}]=>HttpChannelOverHttp@55e250df{r=0,c=false,c=false/false,a=IDLE,uri=null,age=0}:runFillable:BLOCKING/BLOCKING
22:22:07.915 [qtp1286643712-42] DEBUG o.e.j.util.thread.QueuedThreadPool - queue CEP:SocketChannelEndPoint@5f1a3baf{/127.0.0.1:44198<->/127.0.0.1:9998,OPEN,fill=FI,flush=-,to=2/30000}{io=1/0,kio=1,kro=1}->HttpConnection@1ea952f7[p=HttpParser{s=START,0 of -1},g=HttpGenerator@213ad330{s=START}]=>HttpChannelOverHttp@55e250df{r=0,c=false,c=false/false,a=IDLE,uri=null,age=0}:runFillable:BLOCKING
22:22:07.915 [qtp1286643712-42] DEBUG org.eclipse.jetty.io.ManagedSelector - updateable 0
22:22:07.915 [qtp1286643712-42] DEBUG org.eclipse.jetty.io.ManagedSelector - updates 0
22:22:07.915 [qtp1286643712-42] DEBUG org.eclipse.jetty.io.ChannelEndPoint - Key interests updated 1 -> 0 on SocketChannelEndPoint@5f1a3baf{/127.0.0.1:44198<->/127.0.0.1:9998,OPEN,fill=FI,flush=-,to=2/30000}{io=0/0,kio=0,kro=1}->HttpConnection@1ea952f7[p=HttpParser{s=START,0 of -1},g=HttpGenerator@213ad330{s=START}]=>HttpChannelOverHttp@55e250df{r=0,c=false,c=false/false,a=IDLE,uri=null,age=0}
22:22:07.915 [qtp1286643712-42] DEBUG org.eclipse.jetty.io.ManagedSelector - Selector sun.nio.ch.EPollSelectorImpl@1903adde waiting with 1 keys
22:22:07.915 [qtp1286643712-48] DEBUG o.e.j.util.thread.QueuedThreadPool - run CEP:SocketChannelEndPoint@5f1a3baf{/127.0.0.1:44198<->/127.0.0.1:9998,OPEN,fill=FI,flush=-,to=2/30000}{io=0/0,kio=0,kro=1}->HttpConnection@1ea952f7[p=HttpParser{s=START,0 of -1},g=HttpGenerator@213ad330{s=START}]=>HttpChannelOverHttp@55e250df{r=0,c=false,c=false/false,a=IDLE,uri=null,age=0}:runFillable:BLOCKING
22:22:07.916 [qtp1286643712-48] DEBUG org.eclipse.jetty.io.FillInterest - fillable FillInterest@66991b60{AC.ReadCB@1ea952f7{HttpConnection@1ea952f7::SocketChannelEndPoint@5f1a3baf{/127.0.0.1:44198<->/127.0.0.1:9998,OPEN,fill=FI,flush=-,to=3/30000}{io=0/0,kio=0,kro=1}->HttpConnection@1ea952f7[p=HttpParser{s=START,0 of -1},g=HttpGenerator@213ad330{s=START}]=>HttpChannelOverHttp@55e250df{r=0,c=false,c=false/false,a=IDLE,uri=null,age=0}}}
22:22:07.916 [qtp1286643712-48] DEBUG o.e.jetty.server.HttpConnection - HttpConnection@1ea952f7::SocketChannelEndPoint@5f1a3baf{/127.0.0.1:44198<->/127.0.0.1:9998,OPEN,fill=-,flush=-,to=3/30000}{io=0/0,kio=0,kro=1}->HttpConnection@1ea952f7[p=HttpParser{s=START,0 of -1},g=HttpGenerator@213ad330{s=START}]=>HttpChannelOverHttp@55e250df{r=0,c=false,c=false/false,a=IDLE,uri=null,age=0} onFillable enter HttpChannelState@10e0c407{s=IDLE a=NOT_ASYNC i=true r=IDLE w=false} null
22:22:07.916 [qtp1286643712-48] DEBUG org.eclipse.jetty.io.ChannelEndPoint - filled 308 HeapByteBuffer@57ddfb07[p=0,l=308,c=8192,r=308]={<<<PUT /contact HTTP...":"+39 123456"}>>>\x00\x00\x00\x00\x00\x00\x00\x00\x00\x00\x00\x00\x00\x00\x00\x00\x00...\x00\x00\x00\x00\x00\x00\x00\x00\x00\x00\x00\x00\x00\x00\x00}
22:22:07.916 [qtp1286643712-48] DEBUG o.e.jetty.server.HttpConnection - HttpConnection@1ea952f7::SocketChannelEndPoint@5f1a3baf{/127.0.0.1:44198<->/127.0.0.1:9998,OPEN,fill=-,flush=-,to=0/30000}{io=0/0,kio=0,kro=1}->HttpConnection@1ea952f7[p=HttpParser{s=START,0 of -1},g=HttpGenerator@213ad330{s=START}]=>HttpChannelOverHttp@55e250df{r=0,c=false,c=false/false,a=IDLE,uri=null,age=0} filled 308 HeapByteBuffer@57ddfb07[p=0,l=308,c=8192,r=308]={<<<PUT /contact HTTP...":"+39 123456"}>>>\x00\x00\x00\x00\x00\x00\x00\x00\x00\x00\x00\x00\x00\x00\x00\x00\x00...\x00\x00\x00\x00\x00\x00\x00\x00\x00\x00\x00\x00\x00\x00\x00}
22:22:07.916 [qtp1286643712-48] DEBUG o.e.jetty.server.HttpConnection - HttpConnection@1ea952f7::SocketChannelEndPoint@5f1a3baf{/127.0.0.1:44198<->/127.0.0.1:9998,OPEN,fill=-,flush=-,to=0/30000}{io=0/0,kio=0,kro=1}->HttpConnection@1ea952f7[p=HttpParser{s=START,0 of -1},g=HttpGenerator@213ad330{s=START}]=>HttpChannelOverHttp@55e250df{r=0,c=false,c=false/false,a=IDLE,uri=null,age=0} parse HeapByteBuffer@57ddfb07[p=0,l=308,c=8192,r=308]={<<<PUT /contact HTTP...":"+39 123456"}>>>\x00\x00\x00\x00\x00\x00\x00\x00\x00\x00\x00\x00\x00\x00\x00\x00\x00...\x00\x00\x00\x00\x00\x00\x00\x00\x00\x00\x00\x00\x00\x00\x00} {}
22:22:07.916 [qtp1286643712-48] DEBUG org.eclipse.jetty.http.HttpParser - parseNext s=START HeapByteBuffer@57ddfb07[p=0,l=308,c=8192,r=308]={<<<PUT /contact HTTP...":"+39 123456"}>>>\x00\x00\x00\x00\x00\x00\x00\x00\x00\x00\x00\x00\x00\x00\x00\x00\x00...\x00\x00\x00\x00\x00\x00\x00\x00\x00\x00\x00\x00\x00\x00\x00}
22:22:07.916 [qtp1286643712-48] DEBUG org.eclipse.jetty.http.HttpParser - START --> SPACE1
22:22:07.916 [qtp1286643712-48] DEBUG org.eclipse.jetty.http.HttpParser - SPACE1 --> URI
22:22:07.916 [qtp1286643712-48] DEBUG org.eclipse.jetty.http.HttpParser - URI --> SPACE2
22:22:07.916 [qtp1286643712-48] DEBUG org.eclipse.jetty.http.HttpParser - SPACE2 --> REQUEST_VERSION
22:22:07.916 [qtp1286643712-48] DEBUG org.eclipse.jetty.http.HttpParser - REQUEST_VERSION --> HEADER
22:22:07.916 [qtp1286643712-48] DEBUG org.eclipse.jetty.http.HttpParser - HEADER:Content-Type: application/json --> IN_VALUE
22:22:07.916 [qtp1286643712-48] DEBUG org.eclipse.jetty.http.HttpParser - HEADER:Content-Type: application/json --> FIELD
22:22:07.916 [qtp1286643712-48] DEBUG org.eclipse.jetty.http.HttpParser - HEADER:User-Agent --> VALUE
22:22:07.916 [qtp1286643712-48] DEBUG org.eclipse.jetty.http.HttpParser - HEADER:User-Agent --> IN_VALUE
22:22:07.916 [qtp1286643712-48] DEBUG org.eclipse.jetty.http.HttpParser - HEADER:User-Agent --> FIELD
22:22:07.916 [qtp1286643712-48] DEBUG org.eclipse.jetty.http.HttpParser - HEADER:Host --> VALUE
22:22:07.916 [qtp1286643712-48] DEBUG org.eclipse.jetty.http.HttpParser - HEADER:Host --> IN_VALUE
22:22:07.916 [qtp1286643712-48] DEBUG org.eclipse.jetty.http.HttpParser - HEADER:Host --> FIELD
22:22:07.916 [qtp1286643712-48] DEBUG org.eclipse.jetty.http.HttpParser - HEADER:Accept --> VALUE
22:22:07.916 [qtp1286643712-48] DEBUG org.eclipse.jetty.http.HttpParser - HEADER:Accept --> IN_VALUE
22:22:07.917 [qtp1286643712-48] DEBUG org.eclipse.jetty.http.HttpParser - HEADER:Accept --> FIELD
22:22:07.917 [qtp1286643712-48] DEBUG org.eclipse.jetty.http.HttpParser - HEADER:Connection: keep-alive --> IN_VALUE
22:22:07.917 [qtp1286643712-48] DEBUG org.eclipse.jetty.http.HttpParser - HEADER:Connection: keep-alive --> FIELD
22:22:07.917 [qtp1286643712-48] DEBUG org.eclipse.jetty.http.HttpParser - HEADER:Content-Length --> VALUE
22:22:07.917 [qtp1286643712-48] DEBUG org.eclipse.jetty.http.HttpParser - HEADER:Content-Length --> IN_VALUE
22:22:07.917 [qtp1286643712-48] DEBUG org.eclipse.jetty.http.HttpParser - HEADER:Content-Length --> FIELD
22:22:07.917 [qtp1286643712-48] DEBUG org.eclipse.jetty.http.HttpParser - HEADER --> CONTENT
22:22:07.917 [qtp1286643712-48] DEBUG org.eclipse.jetty.server.HttpChannel - REQUEST for //localhost:9998/contact on HttpChannelOverHttp@55e250df{r=1,c=false,c=false/false,a=IDLE,uri=//localhost:9998/contact,age=0}
PUT //localhost:9998/contact HTTP/1.1
Content-Type: application/json
User-Agent: Jersey/2.30.1 (HttpUrlConnection 1.8.0_265)
Host: localhost:9998
Accept: text/html, image/gif, image/jpeg, *; q=.2, */*; q=.2
Connection: keep-alive
Content-Length: 66


22:22:07.917 [qtp1286643712-48] DEBUG o.e.jetty.server.HttpConnection - HttpConnection@1ea952f7::SocketChannelEndPoint@5f1a3baf{/127.0.0.1:44198<->/127.0.0.1:9998,OPEN,fill=-,flush=-,to=1/30000}{io=0/0,kio=0,kro=1}->HttpConnection@1ea952f7[p=HttpParser{s=CONTENT,0 of 66},g=HttpGenerator@213ad330{s=START}]=>HttpChannelOverHttp@55e250df{r=1,c=false,c=false/false,a=IDLE,uri=//localhost:9998/contact,age=0} parsed true HttpParser{s=CONTENT,0 of 66}
22:22:07.917 [qtp1286643712-48] DEBUG org.eclipse.jetty.server.HttpChannel - HttpChannelOverHttp@55e250df{r=1,c=false,c=false/false,a=IDLE,uri=//localhost:9998/contact,age=0} handle //localhost:9998/contact 
22:22:07.917 [qtp1286643712-48] DEBUG o.e.jetty.server.HttpChannelState - handling HttpChannelState@10e0c407{s=IDLE a=NOT_ASYNC i=true r=IDLE w=false}
22:22:07.917 [qtp1286643712-48] DEBUG org.eclipse.jetty.server.HttpChannel - HttpChannelOverHttp@55e250df{r=1,c=false,c=false/false,a=DISPATCHED,uri=//localhost:9998/contact,age=0} action DISPATCH
22:22:07.917 [qtp1286643712-48] DEBUG org.eclipse.jetty.server.Server - REQUEST PUT /contact on HttpChannelOverHttp@55e250df{r=1,c=false,c=false/false,a=DISPATCHED,uri=//localhost:9998/contact,age=0}
22:22:07.921 [qtp1286643712-48] DEBUG o.e.jetty.server.HttpConnection - HttpConnection@1ea952f7::SocketChannelEndPoint@5f1a3baf{/127.0.0.1:44198<->/127.0.0.1:9998,OPEN,fill=-,flush=-,to=5/30000}{io=0/0,kio=0,kro=1}->HttpConnection@1ea952f7[p=HttpParser{s=CONTENT,0 of 66},g=HttpGenerator@213ad330{s=START}]=>HttpChannelOverHttp@55e250df{r=1,c=false,c=false/false,a=DISPATCHED,uri=//localhost:9998/contact,age=4} parse HeapByteBuffer@57ddfb07[p=242,l=308,c=8192,r=66]={PUT /contact HTTP...-Length: 66\r\n\r\n<<<{"firstName":"Ric...":"+39 123456"}>>>\x00\x00\x00\x00\x00\x00\x00\x00\x00\x00\x00\x00\x00\x00\x00\x00\x00...\x00\x00\x00\x00\x00\x00\x00\x00\x00\x00\x00\x00\x00\x00\x00} {}
22:22:07.921 [qtp1286643712-48] DEBUG org.eclipse.jetty.http.HttpParser - parseNext s=CONTENT HeapByteBuffer@57ddfb07[p=242,l=308,c=8192,r=66]={PUT /contact HTTP...-Length: 66\r\n\r\n<<<{"firstName":"Ric...":"+39 123456"}>>>\x00\x00\x00\x00\x00\x00\x00\x00\x00\x00\x00\x00\x00\x00\x00\x00\x00...\x00\x00\x00\x00\x00\x00\x00\x00\x00\x00\x00\x00\x00\x00\x00}
22:22:07.921 [qtp1286643712-48] DEBUG org.eclipse.jetty.server.HttpChannel - HttpChannelOverHttp@55e250df{r=1,c=false,c=false/false,a=DISPATCHED,uri=//localhost:9998/contact,age=4} onContent Content@201ad077{HeapByteBufferR@29754d87[p=242,l=308,c=8192,r=66]={PUT /contact HTTP...-Length: 66\r\n\r\n<<<{"firstName":"Ric...":"+39 123456"}>>>\x00\x00\x00\x00\x00\x00\x00\x00\x00\x00\x00\x00\x00\x00\x00\x00\x00...\x00\x00\x00\x00\x00\x00\x00\x00\x00\x00\x00\x00\x00\x00\x00}}
22:22:07.921 [qtp1286643712-48] DEBUG org.eclipse.jetty.server.HttpInput - HttpInputOverHTTP@58a2d6f6[c=0,q=0,[0]=null,s=STREAM] addContent Content@201ad077{HeapByteBufferR@29754d87[p=242,l=308,c=8192,r=66]={PUT /contact HTTP...-Length: 66\r\n\r\n<<<{"firstName":"Ric...":"+39 123456"}>>>\x00\x00\x00\x00\x00\x00\x00\x00\x00\x00\x00\x00\x00\x00\x00\x00\x00...\x00\x00\x00\x00\x00\x00\x00\x00\x00\x00\x00\x00\x00\x00\x00}}
22:22:07.921 [qtp1286643712-48] DEBUG org.eclipse.jetty.http.HttpParser - CONTENT --> END
22:22:07.921 [qtp1286643712-48] DEBUG org.eclipse.jetty.server.HttpChannel - HttpChannelOverHttp@55e250df{r=1,c=false,c=false/false,a=DISPATCHED,uri=//localhost:9998/contact,age=4} onContentComplete
22:22:07.921 [qtp1286643712-48] DEBUG org.eclipse.jetty.server.HttpChannel - HttpChannelOverHttp@55e250df{r=1,c=false,c=false/false,a=DISPATCHED,uri=//localhost:9998/contact,age=4} onRequestComplete
22:22:07.921 [qtp1286643712-48] DEBUG org.eclipse.jetty.server.HttpInput - HttpInputOverHTTP@58a2d6f6[c=0,q=1,[0]=EOF,s=STREAM] addContent EOF
22:22:07.921 [qtp1286643712-48] DEBUG o.e.jetty.server.HttpConnection - HttpConnection@1ea952f7::SocketChannelEndPoint@5f1a3baf{/127.0.0.1:44198<->/127.0.0.1:9998,OPEN,fill=-,flush=-,to=5/30000}{io=0/0,kio=0,kro=1}->HttpConnection@1ea952f7[p=HttpParser{s=END,66 of 66},g=HttpGenerator@213ad330{s=START}]=>HttpChannelOverHttp@55e250df{r=1,c=false,c=false/false,a=DISPATCHED,uri=//localhost:9998/contact,age=4} parsed false HttpParser{s=END,66 of 66}
22:22:07.921 [qtp1286643712-48] DEBUG org.eclipse.jetty.server.HttpInput - HttpInputOverHTTP@58a2d6f6[c=66,q=1,[0]=EOF,s=STREAM] read 66 from Content@201ad077{HeapByteBufferR@29754d87[p=308,l=308,c=8192,r=0]={PUT /contact HTTP...":"+39 123456"}<<<>>>\x00\x00\x00\x00\x00\x00\x00\x00\x00\x00\x00\x00\x00\x00\x00\x00\x00...\x00\x00\x00\x00\x00\x00\x00\x00\x00\x00\x00\x00\x00\x00\x00}}
22:22:07.921 [qtp1286643712-48] DEBUG o.e.jetty.server.HttpConnection - releaseRequestBuffer HttpConnection@1ea952f7::SocketChannelEndPoint@5f1a3baf{/127.0.0.1:44198<->/127.0.0.1:9998,OPEN,fill=-,flush=-,to=5/30000}{io=0/0,kio=0,kro=1}->HttpConnection@1ea952f7[p=HttpParser{s=END,66 of 66},g=HttpGenerator@213ad330{s=START}]=>HttpChannelOverHttp@55e250df{r=1,c=false,c=false/false,a=DISPATCHED,uri=//localhost:9998/contact,age=4}
22:22:07.936 [qtp1286643712-48] DEBUG org.eclipse.jetty.server.HttpChannel - sendResponse info=null content=HeapByteBuffer@735eb462[p=0,l=0,c=0,r=0]={<<<>>>} complete=true committing=true callback=Blocker@289f2d44{null}
22:22:07.937 [qtp1286643712-48] DEBUG org.eclipse.jetty.server.HttpChannel - COMMIT for /contact on HttpChannelOverHttp@55e250df{r=1,c=true,c=false/false,a=DISPATCHED,uri=//localhost:9998/contact,age=20}
400 Bad Request HTTP/1.1
Date: Sun, 27 Sep 2020 21:22:07 GMT
Content-Length: 0


22:22:07.937 [qtp1286643712-48] DEBUG o.e.jetty.server.HttpConnection - org.eclipse.jetty.server.HttpConnection$SendCallback@4576ba52[PROCESSING][i=HTTP/1.1{s=400,h=2,cl=0},cb=org.eclipse.jetty.server.HttpChannel$SendCallback@4bf5da09] generate: NEED_HEADER (null,[p=0,l=0,c=0,r=0],true)@START
22:22:07.937 [qtp1286643712-48] DEBUG org.eclipse.jetty.http.HttpGenerator - generateHeaders HTTP/1.1{s=400,h=2,cl=0} last=true content=HeapByteBuffer@735eb462[p=0,l=0,c=0,r=0]={<<<>>>}
22:22:07.937 [qtp1286643712-48] DEBUG org.eclipse.jetty.http.HttpGenerator - Date: Sun, 27 Sep 2020 21:22:07 GMT
Content-Length: 0


22:22:07.937 [qtp1286643712-48] DEBUG org.eclipse.jetty.http.HttpGenerator - CONTENT_LENGTH
22:22:07.937 [qtp1286643712-48] DEBUG o.e.jetty.server.HttpConnection - org.eclipse.jetty.server.HttpConnection$SendCallback@4576ba52[PROCESSING][i=HTTP/1.1{s=400,h=2,cl=0},cb=org.eclipse.jetty.server.HttpChannel$SendCallback@4bf5da09] generate: FLUSH ([p=0,l=117,c=8192,r=117],[p=0,l=0,c=0,r=0],true)@COMPLETING
22:22:07.937 [qtp1286643712-48] DEBUG org.eclipse.jetty.io.WriteFlusher - write: WriteFlusher@78dcf3ef{IDLE}->null [HeapByteBuffer@57ddfb07[p=0,l=117,c=8192,r=117]={<<<HTTP/1.1 400 Bad ....v20190418)\r\n\r\n>>> localhost:9998\r\n...\x00\x00\x00\x00\x00\x00\x00\x00\x00\x00\x00\x00\x00\x00\x00}]
22:22:07.937 [qtp1286643712-48] DEBUG org.eclipse.jetty.io.WriteFlusher - update WriteFlusher@78dcf3ef{WRITING}->null:IDLE-->WRITING
22:22:07.937 [qtp1286643712-48] DEBUG org.eclipse.jetty.io.ChannelEndPoint - flushed 117 SocketChannelEndPoint@5f1a3baf{/127.0.0.1:44198<->/127.0.0.1:9998,OPEN,fill=-,flush=W,to=21/30000}{io=0/0,kio=0,kro=1}->HttpConnection@1ea952f7[p=HttpParser{s=END,66 of 66},g=HttpGenerator@213ad330{s=COMPLETING}]=>HttpChannelOverHttp@55e250df{r=1,c=true,c=false/false,a=DISPATCHED,uri=//localhost:9998/contact,age=20}
22:22:07.937 [qtp1286643712-48] DEBUG org.eclipse.jetty.io.WriteFlusher - Flushed=true written=117 remaining=0 WriteFlusher@78dcf3ef{WRITING}->null
22:22:07.937 [qtp1286643712-48] DEBUG org.eclipse.jetty.io.WriteFlusher - update WriteFlusher@78dcf3ef{IDLE}->null:WRITING-->IDLE
22:22:07.937 [qtp1286643712-48] DEBUG o.e.jetty.server.HttpConnection - org.eclipse.jetty.server.HttpConnection$SendCallback@4576ba52[PROCESSING][i=HTTP/1.1{s=400,h=2,cl=0},cb=org.eclipse.jetty.server.HttpChannel$SendCallback@4bf5da09] generate: DONE ([p=117,l=117,c=8192,r=0],[p=0,l=0,c=0,r=0],true)@END
22:22:07.937 [qtp1286643712-48] DEBUG org.eclipse.jetty.server.Server - handled=true async=false committed=true on HttpChannelOverHttp@55e250df{r=1,c=true,c=false/true,a=DISPATCHED,uri=//localhost:9998/contact,age=20}
22:22:07.937 [main] DEBUG o.e.j.u.component.AbstractLifeCycle - stopping Server@5ff2e84b{STARTED}[9.4.17.v20190418]
22:22:07.937 [qtp1286643712-48] DEBUG o.e.jetty.server.HttpChannelState - unhandle HttpChannelState@10e0c407{s=DISPATCHED a=NOT_ASYNC i=true r=IDLE w=false}
22:22:07.937 [main] DEBUG org.eclipse.jetty.server.Server - doStop Server@5ff2e84b{STOPPING}[9.4.17.v20190418]
22:22:07.937 [qtp1286643712-48] DEBUG org.eclipse.jetty.server.HttpChannel - HttpChannelOverHttp@55e250df{r=1,c=true,c=false/true,a=COMPLETING,uri=//localhost:9998/contact,age=20} action COMPLETE
22:22:07.937 [qtp1286643712-48] DEBUG o.e.jetty.server.HttpChannelState - onComplete HttpChannelState@10e0c407{s=COMPLETING a=NOT_ASYNC i=false r=IDLE w=false}
22:22:07.937 [qtp1286643712-48] DEBUG org.eclipse.jetty.server.HttpChannel - COMPLETE for /contact written=0
22:22:07.937 [main] DEBUG o.e.j.s.h.AbstractHandlerContainer - Graceful shutdown Server@5ff2e84b{STOPPING}[9.4.17.v20190418] by 
22:22:07.937 [qtp1286643712-48] DEBUG o.e.jetty.server.HttpChannelState - recycle HttpChannelState@10e0c407{s=COMPLETED a=NOT_ASYNC i=false r=IDLE w=false}
22:22:07.937 [qtp1286643712-45] DEBUG o.e.j.util.thread.QueuedThreadPool - ran qtp1286643712-45-acceptor-0@2f04105-ServerConnector@2dddc1b9{HTTP/1.1,[http/1.1]}{0.0.0.0:9998}
22:22:07.938 [main] DEBUG o.e.j.u.component.AbstractLifeCycle - stopping ServerConnector@2dddc1b9{HTTP/1.1,[http/1.1]}{0.0.0.0:9998}
22:22:07.938 [main] DEBUG o.e.j.u.component.AbstractLifeCycle - stopping SelectorManager@ServerConnector@2dddc1b9{HTTP/1.1,[http/1.1]}{0.0.0.0:9998}
22:22:07.938 [main] DEBUG o.e.j.u.component.AbstractLifeCycle - stopping ManagedSelector@474fae39{STARTED} id=3 keys=0 selected=0 updates=0
22:22:07.938 [main] DEBUG org.eclipse.jetty.io.ManagedSelector - Queued change org.eclipse.jetty.io.ManagedSelector$CloseConnections@3b90a30a on ManagedSelector@474fae39{STOPPING} id=3 keys=0 selected=0 updates=0
22:22:07.938 [main] DEBUG org.eclipse.jetty.io.ManagedSelector - Wakeup on submit ManagedSelector@474fae39{STOPPING} id=3 keys=0 selected=0 updates=1
22:22:07.938 [qtp1286643712-44] DEBUG org.eclipse.jetty.io.ManagedSelector - Selector sun.nio.ch.EPollSelectorImpl@50c47123 woken with none selected
22:22:07.938 [qtp1286643712-44] DEBUG org.eclipse.jetty.io.ManagedSelector - Selector sun.nio.ch.EPollSelectorImpl@50c47123 woken up from select, 0/0/0 selected
22:22:07.938 [qtp1286643712-44] DEBUG org.eclipse.jetty.io.ManagedSelector - Selector sun.nio.ch.EPollSelectorImpl@50c47123 processing 0 keys, 1 updates
22:22:07.938 [qtp1286643712-44] DEBUG org.eclipse.jetty.io.ManagedSelector - updateable 1
22:22:07.938 [qtp1286643712-44] DEBUG org.eclipse.jetty.io.ManagedSelector - update org.eclipse.jetty.io.ManagedSelector$CloseConnections@3b90a30a
22:22:07.938 [qtp1286643712-44] DEBUG org.eclipse.jetty.io.ManagedSelector - Closing 0 connections on ManagedSelector@474fae39{STOPPING} id=3 keys=0 selected=0 updates=0
22:22:07.938 [qtp1286643712-44] DEBUG org.eclipse.jetty.io.ManagedSelector - updates 0
22:22:07.938 [qtp1286643712-44] DEBUG org.eclipse.jetty.io.ManagedSelector - Selector sun.nio.ch.EPollSelectorImpl@50c47123 waiting with 0 keys
22:22:07.938 [main] DEBUG org.eclipse.jetty.io.ManagedSelector - Queued change org.eclipse.jetty.io.ManagedSelector$StopSelector@69fa8e76 on ManagedSelector@474fae39{STOPPING} id=3 keys=0 selected=0 updates=0
22:22:07.938 [main] DEBUG org.eclipse.jetty.io.ManagedSelector - Wakeup on submit ManagedSelector@474fae39{STOPPING} id=3 keys=0 selected=0 updates=1
22:22:07.938 [qtp1286643712-44] DEBUG org.eclipse.jetty.io.ManagedSelector - Selector sun.nio.ch.EPollSelectorImpl@50c47123 woken with none selected
22:22:07.938 [qtp1286643712-44] DEBUG org.eclipse.jetty.io.ManagedSelector - Selector sun.nio.ch.EPollSelectorImpl@50c47123 woken up from select, 0/0/0 selected
22:22:07.938 [qtp1286643712-44] DEBUG org.eclipse.jetty.io.ManagedSelector - Selector sun.nio.ch.EPollSelectorImpl@50c47123 processing 0 keys, 1 updates
22:22:07.938 [qtp1286643712-44] DEBUG org.eclipse.jetty.io.ManagedSelector - updateable 1
22:22:07.938 [qtp1286643712-44] DEBUG org.eclipse.jetty.io.ManagedSelector - update org.eclipse.jetty.io.ManagedSelector$StopSelector@69fa8e76
22:22:07.938 [qtp1286643712-44] DEBUG org.eclipse.jetty.io.ManagedSelector - updates 0
22:22:07.938 [qtp1286643712-44] DEBUG o.e.j.util.thread.QueuedThreadPool - ran org.eclipse.jetty.io.ManagedSelector$$Lambda$198/1041326823@e3994ef
22:22:07.938 [main] DEBUG o.e.j.u.component.AbstractLifeCycle - stopping EatWhatYouKill@3ece1e79/SelectorProducer@ab20d7c/IDLE/p=false/JettyConnectorThreadPool[qtp1286643712]@4cb0a000{STARTED,8<=8<=200,i=3,q=0}[ReservedThreadExecutor@af9a89f{s=1/8,p=0}][pc=0,pic=0,pec=0,epc=0]@2020-09-27T22:22:07.938+01:00
22:22:07.938 [main] DEBUG o.e.j.u.component.AbstractLifeCycle - STOPPED EatWhatYouKill@3ece1e79/SelectorProducer@ab20d7c/IDLE/p=false/JettyConnectorThreadPool[qtp1286643712]@4cb0a000{STARTED,8<=8<=200,i=3,q=0}[ReservedThreadExecutor@af9a89f{s=1/8,p=0}][pc=0,pic=0,pec=0,epc=0]@2020-09-27T22:22:07.938+01:00
22:22:07.938 [main] DEBUG o.e.j.u.component.AbstractLifeCycle - STOPPED ManagedSelector@474fae39{STOPPED} id=3 keys=-1 selected=-1 updates=0
22:22:07.939 [main] DEBUG o.e.j.u.component.AbstractLifeCycle - stopping ManagedSelector@1023150a{STARTED} id=2 keys=0 selected=0 updates=0
22:22:07.939 [main] DEBUG org.eclipse.jetty.io.ManagedSelector - Queued change org.eclipse.jetty.io.ManagedSelector$CloseConnections@bdd2027 on ManagedSelector@1023150a{STOPPING} id=2 keys=0 selected=0 updates=0
22:22:07.939 [main] DEBUG org.eclipse.jetty.io.ManagedSelector - Wakeup on submit ManagedSelector@1023150a{STOPPING} id=2 keys=0 selected=0 updates=1
22:22:07.939 [qtp1286643712-43] DEBUG org.eclipse.jetty.io.ManagedSelector - Selector sun.nio.ch.EPollSelectorImpl@125709a8 woken with none selected
22:22:07.939 [qtp1286643712-43] DEBUG org.eclipse.jetty.io.ManagedSelector - Selector sun.nio.ch.EPollSelectorImpl@125709a8 woken up from select, 0/0/0 selected
22:22:07.939 [qtp1286643712-43] DEBUG org.eclipse.jetty.io.ManagedSelector - Selector sun.nio.ch.EPollSelectorImpl@125709a8 processing 0 keys, 1 updates
22:22:07.939 [qtp1286643712-43] DEBUG org.eclipse.jetty.io.ManagedSelector - updateable 1
22:22:07.939 [qtp1286643712-43] DEBUG org.eclipse.jetty.io.ManagedSelector - update org.eclipse.jetty.io.ManagedSelector$CloseConnections@bdd2027
22:22:07.939 [qtp1286643712-43] DEBUG org.eclipse.jetty.io.ManagedSelector - Closing 0 connections on ManagedSelector@1023150a{STOPPING} id=2 keys=0 selected=0 updates=0
22:22:07.939 [qtp1286643712-43] DEBUG org.eclipse.jetty.io.ManagedSelector - updates 0
22:22:07.939 [qtp1286643712-43] DEBUG org.eclipse.jetty.io.ManagedSelector - Selector sun.nio.ch.EPollSelectorImpl@125709a8 waiting with 0 keys
22:22:07.939 [main] DEBUG org.eclipse.jetty.io.ManagedSelector - Queued change org.eclipse.jetty.io.ManagedSelector$StopSelector@31f20c9f on ManagedSelector@1023150a{STOPPING} id=2 keys=0 selected=0 updates=0
22:22:07.939 [main] DEBUG org.eclipse.jetty.io.ManagedSelector - Wakeup on submit ManagedSelector@1023150a{STOPPING} id=2 keys=0 selected=0 updates=1
22:22:07.939 [qtp1286643712-43] DEBUG org.eclipse.jetty.io.ManagedSelector - Selector sun.nio.ch.EPollSelectorImpl@125709a8 woken with none selected
22:22:07.939 [qtp1286643712-43] DEBUG org.eclipse.jetty.io.ManagedSelector - Selector sun.nio.ch.EPollSelectorImpl@125709a8 woken up from select, 0/0/0 selected
22:22:07.939 [qtp1286643712-43] DEBUG org.eclipse.jetty.io.ManagedSelector - Selector sun.nio.ch.EPollSelectorImpl@125709a8 processing 0 keys, 1 updates
22:22:07.939 [qtp1286643712-43] DEBUG org.eclipse.jetty.io.ManagedSelector - updateable 1
22:22:07.939 [qtp1286643712-43] DEBUG org.eclipse.jetty.io.ManagedSelector - update org.eclipse.jetty.io.ManagedSelector$StopSelector@31f20c9f
22:22:07.939 [qtp1286643712-43] DEBUG org.eclipse.jetty.io.ManagedSelector - updates 0
22:22:07.939 [qtp1286643712-43] DEBUG o.e.j.util.thread.QueuedThreadPool - ran org.eclipse.jetty.io.ManagedSelector$$Lambda$198/1041326823@d5ce97f
22:22:07.939 [main] DEBUG o.e.j.u.component.AbstractLifeCycle - stopping EatWhatYouKill@56ac5c80/SelectorProducer@69e49a81/IDLE/p=false/JettyConnectorThreadPool[qtp1286643712]@4cb0a000{STARTED,8<=8<=200,i=4,q=0}[ReservedThreadExecutor@af9a89f{s=1/8,p=0}][pc=0,pic=0,pec=0,epc=0]@2020-09-27T22:22:07.939+01:00
22:22:07.939 [main] DEBUG o.e.j.u.component.AbstractLifeCycle - STOPPED EatWhatYouKill@56ac5c80/SelectorProducer@69e49a81/IDLE/p=false/JettyConnectorThreadPool[qtp1286643712]@4cb0a000{STARTED,8<=8<=200,i=4,q=0}[ReservedThreadExecutor@af9a89f{s=1/8,p=0}][pc=0,pic=0,pec=0,epc=0]@2020-09-27T22:22:07.939+01:00
22:22:07.939 [main] DEBUG o.e.j.u.component.AbstractLifeCycle - STOPPED ManagedSelector@1023150a{STOPPED} id=2 keys=-1 selected=-1 updates=0
22:22:07.939 [main] DEBUG o.e.j.u.component.AbstractLifeCycle - stopping ManagedSelector@3fd2322d{STARTED} id=1 keys=1 selected=0 updates=0
22:22:07.939 [main] DEBUG org.eclipse.jetty.io.ManagedSelector - Queued change org.eclipse.jetty.io.ManagedSelector$CloseConnections@f446158 on ManagedSelector@3fd2322d{STOPPING} id=1 keys=1 selected=0 updates=0
22:22:07.939 [main] DEBUG org.eclipse.jetty.io.ManagedSelector - Wakeup on submit ManagedSelector@3fd2322d{STOPPING} id=1 keys=1 selected=0 updates=1
22:22:07.940 [qtp1286643712-42] DEBUG org.eclipse.jetty.io.ManagedSelector - Selector sun.nio.ch.EPollSelectorImpl@1903adde woken with none selected
22:22:07.940 [qtp1286643712-42] DEBUG org.eclipse.jetty.io.ManagedSelector - Selector sun.nio.ch.EPollSelectorImpl@1903adde woken up from select, 0/0/1 selected
22:22:07.940 [qtp1286643712-42] DEBUG org.eclipse.jetty.io.ManagedSelector - Selector sun.nio.ch.EPollSelectorImpl@1903adde processing 0 keys, 1 updates
22:22:07.940 [qtp1286643712-42] DEBUG org.eclipse.jetty.io.ManagedSelector - updateable 1
22:22:07.940 [qtp1286643712-42] DEBUG org.eclipse.jetty.io.ManagedSelector - update org.eclipse.jetty.io.ManagedSelector$CloseConnections@f446158
22:22:07.940 [qtp1286643712-42] DEBUG org.eclipse.jetty.io.ManagedSelector - Closing 1 connections on ManagedSelector@3fd2322d{STOPPING} id=1 keys=1 selected=0 updates=0
22:22:07.940 [qtp1286643712-42] DEBUG o.eclipse.jetty.io.AbstractEndPoint - close SocketChannelEndPoint@5f1a3baf{/127.0.0.1:44198<->/127.0.0.1:9998,OPEN,fill=-,flush=-,to=3/30000}{io=0/0,kio=0,kro=1}->HttpConnection@1ea952f7[p=HttpParser{s=END,66 of 66},g=HttpGenerator@213ad330{s=END}]=>HttpChannelOverHttp@55e250df{r=1,c=false,c=false/false,a=IDLE,uri=null,age=0}
22:22:07.940 [qtp1286643712-42] DEBUG o.eclipse.jetty.io.AbstractEndPoint - close(null) SocketChannelEndPoint@5f1a3baf{/127.0.0.1:44198<->/127.0.0.1:9998,OPEN,fill=-,flush=-,to=3/30000}{io=0/0,kio=0,kro=1}->HttpConnection@1ea952f7[p=HttpParser{s=END,66 of 66},g=HttpGenerator@213ad330{s=END}]=>HttpChannelOverHttp@55e250df{r=1,c=false,c=false/false,a=IDLE,uri=null,age=0}
22:22:07.940 [qtp1286643712-42] DEBUG org.eclipse.jetty.io.ChannelEndPoint - doClose SocketChannelEndPoint@5f1a3baf{/127.0.0.1:44198<->/127.0.0.1:9998,CLOSED,fill=-,flush=-,to=3/30000}{io=0/0,kio=0,kro=1}->HttpConnection@1ea952f7[p=HttpParser{s=END,66 of 66},g=HttpGenerator@213ad330{s=END}]=>HttpChannelOverHttp@55e250df{r=1,c=false,c=false/false,a=IDLE,uri=null,age=0}
22:22:07.940 [qtp1286643712-42] DEBUG org.eclipse.jetty.io.WriteFlusher - ignored: WriteFlusher@78dcf3ef{IDLE}->null
java.nio.channels.ClosedChannelException: null
	at org.eclipse.jetty.io.WriteFlusher.onClose(WriteFlusher.java:492)
	at org.eclipse.jetty.io.AbstractEndPoint.onClose(AbstractEndPoint.java:353)
	at org.eclipse.jetty.io.ChannelEndPoint.onClose(ChannelEndPoint.java:215)
	at org.eclipse.jetty.io.AbstractEndPoint.doOnClose(AbstractEndPoint.java:225)
	at org.eclipse.jetty.io.AbstractEndPoint.close(AbstractEndPoint.java:192)
	at org.eclipse.jetty.io.AbstractEndPoint.close(AbstractEndPoint.java:175)
	at org.eclipse.jetty.io.AbstractConnection.close(AbstractConnection.java:248)
	at org.eclipse.jetty.io.ManagedSelector.closeNoExceptions(ManagedSelector.java:252)
	at org.eclipse.jetty.io.ManagedSelector.access$1400(ManagedSelector.java:61)
	at org.eclipse.jetty.io.ManagedSelector$CloseConnections.update(ManagedSelector.java:866)
	at org.eclipse.jetty.io.ManagedSelector$SelectorProducer.processUpdates(ManagedSelector.java:426)
	at org.eclipse.jetty.io.ManagedSelector$SelectorProducer.produce(ManagedSelector.java:397)
	at org.eclipse.jetty.util.thread.strategy.EatWhatYouKill.produceTask(EatWhatYouKill.java:357)
	at org.eclipse.jetty.util.thread.strategy.EatWhatYouKill.doProduce(EatWhatYouKill.java:181)
	at org.eclipse.jetty.util.thread.strategy.EatWhatYouKill.tryProduce(EatWhatYouKill.java:168)
	at org.eclipse.jetty.util.thread.strategy.EatWhatYouKill.produce(EatWhatYouKill.java:132)
	at org.eclipse.jetty.util.thread.QueuedThreadPool.runJob(QueuedThreadPool.java:786)
	at org.eclipse.jetty.util.thread.QueuedThreadPool$2.run(QueuedThreadPool.java:743)
	at java.lang.Thread.run(Thread.java:748)
22:22:07.940 [qtp1286643712-42] DEBUG org.eclipse.jetty.io.FillInterest - onClose FillInterest@66991b60{null}
22:22:07.940 [qtp1286643712-42] DEBUG org.eclipse.jetty.io.ManagedSelector - Wakeup ManagedSelector@3fd2322d{STOPPING} id=1 keys=1 selected=0 updates=0
22:22:07.940 [qtp1286643712-42] DEBUG o.e.j.util.thread.QueuedThreadPool - queue org.eclipse.jetty.io.ManagedSelector$DestroyEndPoint@56f94ab5
22:22:07.940 [qtp1286643712-42] DEBUG org.eclipse.jetty.io.ManagedSelector - updates 0
22:22:07.940 [qtp1286643712-42] DEBUG org.eclipse.jetty.io.ManagedSelector - Selector sun.nio.ch.EPollSelectorImpl@1903adde waiting with 1 keys
22:22:07.940 [main] DEBUG org.eclipse.jetty.io.ManagedSelector - Queued change org.eclipse.jetty.io.ManagedSelector$StopSelector@32f0c7f8 on ManagedSelector@3fd2322d{STOPPING} id=1 keys=0 selected=0 updates=0
22:22:07.940 [main] DEBUG org.eclipse.jetty.io.ManagedSelector - Wakeup on submit ManagedSelector@3fd2322d{STOPPING} id=1 keys=0 selected=0 updates=1
22:22:07.940 [qtp1286643712-42] DEBUG org.eclipse.jetty.io.ManagedSelector - Selector sun.nio.ch.EPollSelectorImpl@1903adde woken with none selected
22:22:07.940 [qtp1286643712-42] DEBUG org.eclipse.jetty.io.ManagedSelector - Selector sun.nio.ch.EPollSelectorImpl@1903adde woken up from select, 0/0/0 selected
22:22:07.940 [qtp1286643712-42] DEBUG org.eclipse.jetty.io.ManagedSelector - Selector sun.nio.ch.EPollSelectorImpl@1903adde processing 0 keys, 1 updates
22:22:07.940 [qtp1286643712-42] DEBUG org.eclipse.jetty.io.ManagedSelector - updateable 1
22:22:07.940 [qtp1286643712-42] DEBUG org.eclipse.jetty.io.ManagedSelector - update org.eclipse.jetty.io.ManagedSelector$StopSelector@32f0c7f8
22:22:07.941 [qtp1286643712-42] DEBUG org.eclipse.jetty.io.ManagedSelector - updates 0
22:22:07.938 [qtp1286643712-48] DEBUG org.eclipse.jetty.http.HttpParser - reset HttpParser{s=END,66 of 66}
22:22:07.940 [qtp1286643712-46] DEBUG o.e.j.util.thread.QueuedThreadPool - run org.eclipse.jetty.io.ManagedSelector$DestroyEndPoint@56f94ab5
22:22:07.941 [qtp1286643712-42] DEBUG o.e.j.util.thread.QueuedThreadPool - ran org.eclipse.jetty.io.ManagedSelector$$Lambda$198/1041326823@1b7cae6f
22:22:07.941 [qtp1286643712-46] DEBUG org.eclipse.jetty.io.ManagedSelector - Destroyed SocketChannelEndPoint@5f1a3baf{/127.0.0.1:44198<->/127.0.0.1:9998,CLOSED,fill=-,flush=-,to=4/30000}{io=0/0,kio=-1,kro=-1}->HttpConnection@1ea952f7[p=HttpParser{s=END,66 of 66},g=HttpGenerator@213ad330{s=END}]=>HttpChannelOverHttp@55e250df{r=1,c=false,c=false/false,a=IDLE,uri=null,age=0}
22:22:07.941 [qtp1286643712-48] DEBUG org.eclipse.jetty.http.HttpParser - END --> START
22:22:07.941 [qtp1286643712-46] DEBUG o.e.jetty.io.AbstractConnection - onClose HttpConnection@1ea952f7::SocketChannelEndPoint@5f1a3baf{/127.0.0.1:44198<->/127.0.0.1:9998,CLOSED,fill=-,flush=-,to=4/30000}{io=0/0,kio=-1,kro=-1}->HttpConnection@1ea952f7[p=HttpParser{s=END,66 of 66},g=HttpGenerator@213ad330{s=END}]=>HttpChannelOverHttp@55e250df{r=1,c=false,c=false/false,a=IDLE,uri=null,age=0}
22:22:07.941 [qtp1286643712-46] DEBUG o.e.j.util.thread.QueuedThreadPool - ran org.eclipse.jetty.io.ManagedSelector$DestroyEndPoint@56f94ab5
22:22:07.941 [main] DEBUG o.e.j.u.component.AbstractLifeCycle - stopping EatWhatYouKill@7de843ef/SelectorProducer@2e1af49b/IDLE/p=false/JettyConnectorThreadPool[qtp1286643712]@4cb0a000{STARTED,8<=8<=200,i=3,q=0}[ReservedThreadExecutor@af9a89f{s=1/8,p=0}][pc=0,pic=0,pec=1,epc=0]@2020-09-27T22:22:07.941+01:00
22:22:07.941 [qtp1286643712-48] DEBUG org.eclipse.jetty.server.HttpChannel - HttpChannelOverHttp@55e250df{r=1,c=false,c=false/false,a=IDLE,uri=null,age=0} handle exit, result COMPLETE
22:22:07.941 [main] DEBUG o.e.j.u.component.AbstractLifeCycle - STOPPED EatWhatYouKill@7de843ef/SelectorProducer@2e1af49b/IDLE/p=false/JettyConnectorThreadPool[qtp1286643712]@4cb0a000{STARTED,8<=8<=200,i=5,q=0}[ReservedThreadExecutor@af9a89f{s=1/8,p=0}][pc=0,pic=0,pec=1,epc=0]@2020-09-27T22:22:07.941+01:00
22:22:07.941 [qtp1286643712-48] DEBUG o.e.jetty.server.HttpConnection - HttpConnection@1ea952f7::SocketChannelEndPoint@5f1a3baf{/127.0.0.1:44198<->/127.0.0.1:9998,CLOSED,fill=-,flush=-,to=4/30000}{io=0/0,kio=-1,kro=-1}->HttpConnection@1ea952f7[p=HttpParser{s=START,0 of -1},g=HttpGenerator@213ad330{s=START}]=>HttpChannelOverHttp@55e250df{r=1,c=false,c=false/false,a=IDLE,uri=null,age=0} onFillable exit HttpChannelState@10e0c407{s=IDLE a=NOT_ASYNC i=true r=IDLE w=false} null
22:22:07.941 [main] DEBUG o.e.j.u.component.AbstractLifeCycle - STOPPED ManagedSelector@3fd2322d{STOPPED} id=1 keys=-1 selected=-1 updates=0
22:22:07.941 [main] DEBUG o.e.j.u.component.AbstractLifeCycle - stopping ManagedSelector@58a63629{STARTED} id=0 keys=0 selected=0 updates=0
22:22:07.942 [main] DEBUG org.eclipse.jetty.io.ManagedSelector - Queued change org.eclipse.jetty.io.ManagedSelector$CloseConnections@504e1599 on ManagedSelector@58a63629{STOPPING} id=0 keys=0 selected=0 updates=0
22:22:07.942 [main] DEBUG org.eclipse.jetty.io.ManagedSelector - Wakeup on submit ManagedSelector@58a63629{STOPPING} id=0 keys=0 selected=0 updates=1
22:22:07.942 [qtp1286643712-41] DEBUG org.eclipse.jetty.io.ManagedSelector - Selector sun.nio.ch.EPollSelectorImpl@83b605d woken with none selected
22:22:07.942 [qtp1286643712-41] DEBUG org.eclipse.jetty.io.ManagedSelector - Selector sun.nio.ch.EPollSelectorImpl@83b605d woken up from select, 0/0/0 selected
22:22:07.942 [qtp1286643712-41] DEBUG org.eclipse.jetty.io.ManagedSelector - Selector sun.nio.ch.EPollSelectorImpl@83b605d processing 0 keys, 1 updates
22:22:07.942 [qtp1286643712-41] DEBUG org.eclipse.jetty.io.ManagedSelector - updateable 1
22:22:07.942 [qtp1286643712-41] DEBUG org.eclipse.jetty.io.ManagedSelector - update org.eclipse.jetty.io.ManagedSelector$CloseConnections@504e1599
22:22:07.942 [qtp1286643712-41] DEBUG org.eclipse.jetty.io.ManagedSelector - Closing 0 connections on ManagedSelector@58a63629{STOPPING} id=0 keys=0 selected=0 updates=0
22:22:07.942 [qtp1286643712-41] DEBUG org.eclipse.jetty.io.ManagedSelector - updates 0
22:22:07.942 [qtp1286643712-41] DEBUG org.eclipse.jetty.io.ManagedSelector - Selector sun.nio.ch.EPollSelectorImpl@83b605d waiting with 0 keys
22:22:07.942 [main] DEBUG org.eclipse.jetty.io.ManagedSelector - Queued change org.eclipse.jetty.io.ManagedSelector$StopSelector@71f96dfb on ManagedSelector@58a63629{STOPPING} id=0 keys=0 selected=0 updates=0
22:22:07.942 [main] DEBUG org.eclipse.jetty.io.ManagedSelector - Wakeup on submit ManagedSelector@58a63629{STOPPING} id=0 keys=0 selected=0 updates=1
22:22:07.942 [qtp1286643712-41] DEBUG org.eclipse.jetty.io.ManagedSelector - Selector sun.nio.ch.EPollSelectorImpl@83b605d woken with none selected
22:22:07.942 [qtp1286643712-41] DEBUG org.eclipse.jetty.io.ManagedSelector - Selector sun.nio.ch.EPollSelectorImpl@83b605d woken up from select, 0/0/0 selected
22:22:07.942 [qtp1286643712-41] DEBUG org.eclipse.jetty.io.ManagedSelector - Selector sun.nio.ch.EPollSelectorImpl@83b605d processing 0 keys, 1 updates
22:22:07.942 [qtp1286643712-41] DEBUG org.eclipse.jetty.io.ManagedSelector - updateable 1
22:22:07.942 [qtp1286643712-41] DEBUG org.eclipse.jetty.io.ManagedSelector - update org.eclipse.jetty.io.ManagedSelector$StopSelector@71f96dfb
22:22:07.942 [qtp1286643712-41] DEBUG org.eclipse.jetty.io.ManagedSelector - updates 0
22:22:07.942 [qtp1286643712-41] DEBUG o.e.j.util.thread.QueuedThreadPool - ran org.eclipse.jetty.io.ManagedSelector$$Lambda$198/1041326823@4f4c789f
22:22:07.942 [main] DEBUG o.e.j.u.component.AbstractLifeCycle - stopping EatWhatYouKill@2bef09c0/SelectorProducer@62ce72ff/IDLE/p=false/JettyConnectorThreadPool[qtp1286643712]@4cb0a000{STARTED,8<=8<=200,i=6,q=0}[ReservedThreadExecutor@af9a89f{s=1/8,p=0}][pc=0,pic=0,pec=0,epc=0]@2020-09-27T22:22:07.942+01:00
22:22:07.942 [main] DEBUG o.e.j.u.component.AbstractLifeCycle - STOPPED EatWhatYouKill@2bef09c0/SelectorProducer@62ce72ff/IDLE/p=false/JettyConnectorThreadPool[qtp1286643712]@4cb0a000{STARTED,8<=8<=200,i=6,q=0}[ReservedThreadExecutor@af9a89f{s=1/8,p=0}][pc=0,pic=0,pec=0,epc=0]@2020-09-27T22:22:07.942+01:00
22:22:07.942 [main] DEBUG o.e.j.u.component.AbstractLifeCycle - STOPPED ManagedSelector@58a63629{STOPPED} id=0 keys=-1 selected=-1 updates=0
22:22:07.942 [main] DEBUG o.e.j.u.component.AbstractLifeCycle - STOPPED SelectorManager@ServerConnector@2dddc1b9{HTTP/1.1,[http/1.1]}{0.0.0.0:9998}
22:22:07.942 [qtp1286643712-48] DEBUG o.e.j.util.thread.QueuedThreadPool - ran CEP:SocketChannelEndPoint@5f1a3baf{/127.0.0.1:44198<->/127.0.0.1:9998,CLOSED,fill=-,flush=-,to=4/30000}{io=0/0,kio=-1,kro=-1}->HttpConnection@1ea952f7[p=HttpParser{s=START,0 of -1},g=HttpGenerator@213ad330{s=START}]=>HttpChannelOverHttp@55e250df{r=1,c=false,c=false/false,a=IDLE,uri=null,age=0}:runFillable:BLOCKING
22:22:07.942 [main] DEBUG o.e.j.u.component.AbstractLifeCycle - stopping HttpConnectionFactory@74abbb[HTTP/1.1]
22:22:07.942 [main] DEBUG o.e.j.u.component.AbstractLifeCycle - STOPPED HttpConnectionFactory@74abbb[HTTP/1.1]
22:22:07.943 [main] DEBUG o.e.j.u.component.AbstractLifeCycle - stopping ScheduledExecutorScheduler@65a5d4f9{STARTED}
22:22:07.943 [main] DEBUG o.e.j.u.component.AbstractLifeCycle - STOPPED ScheduledExecutorScheduler@65a5d4f9{STOPPED}
22:22:07.943 [main] INFO  o.e.jetty.server.AbstractConnector - Stopped ServerConnector@2dddc1b9{HTTP/1.1,[http/1.1]}{0.0.0.0:9998}
22:22:07.943 [main] DEBUG o.e.j.u.component.AbstractLifeCycle - STOPPED ServerConnector@2dddc1b9{HTTP/1.1,[http/1.1]}{0.0.0.0:9998}
22:22:07.943 [main] DEBUG o.e.j.server.handler.AbstractHandler - stopping Server@5ff2e84b{STOPPING}[9.4.17.v20190418]
22:22:07.943 [main] DEBUG o.e.j.u.component.AbstractLifeCycle - stopping ErrorHandler@41b0ae4c{STARTED}
22:22:07.943 [main] DEBUG o.e.j.server.handler.AbstractHandler - stopping ErrorHandler@41b0ae4c{STOPPING}
22:22:07.943 [main] DEBUG o.e.j.u.component.AbstractLifeCycle - STOPPED ErrorHandler@41b0ae4c{STOPPED}
22:22:07.943 [main] DEBUG o.e.j.u.component.AbstractLifeCycle - stopping JettyHttpContainer@22367b8{STARTED}
22:22:07.943 [main] DEBUG o.e.j.server.handler.AbstractHandler - stopping JettyHttpContainer@22367b8{STOPPING}
22:22:07.944 [main] DEBUG o.e.j.u.component.AbstractLifeCycle - STOPPED JettyHttpContainer@22367b8{STOPPED}
22:22:07.944 [main] DEBUG o.e.j.u.component.AbstractLifeCycle - stopping JettyConnectorThreadPool[qtp1286643712]@4cb0a000{STARTED,8<=8<=200,i=7,q=0}[ReservedThreadExecutor@af9a89f{s=1/8,p=0}]
22:22:07.944 [main] DEBUG o.e.j.util.thread.QueuedThreadPool - Stopping JettyConnectorThreadPool[qtp1286643712]@4cb0a000{STOPPING,8<=8<=200,i=7,q=0}[ReservedThreadExecutor@af9a89f{s=1/8,p=0}]
22:22:07.944 [main] DEBUG o.e.j.u.component.AbstractLifeCycle - stopping ReservedThreadExecutor@af9a89f{s=1/8,p=0}
22:22:07.944 [main] DEBUG o.e.j.u.t.ReservedThreadExecutor - ReservedThreadExecutor@af9a89f{s=0/8,p=0}@13fbc6ae offer STOP!
22:22:07.944 [main] DEBUG o.e.j.u.component.AbstractLifeCycle - STOPPED ReservedThreadExecutor@af9a89f{s=0/8,p=0}
22:22:07.944 [qtp1286643712-47] DEBUG o.e.j.u.t.ReservedThreadExecutor - ReservedThreadExecutor@af9a89f{s=0/8,p=0}@13fbc6ae task=STOP!
22:22:07.944 [qtp1286643712-47] DEBUG o.e.j.u.t.ReservedThreadExecutor - ReservedThreadExecutor@af9a89f{s=0/8,p=0}@13fbc6ae Exited
22:22:07.944 [main] DEBUG o.e.j.util.thread.QueuedThreadPool - Waiting for Thread[qtp1286643712-45,5,main] for 14999
22:22:07.944 [qtp1286643712-47] DEBUG o.e.j.util.thread.QueuedThreadPool - ran ReservedThreadExecutor@af9a89f{s=0/8,p=0}@13fbc6ae
22:22:07.944 [qtp1286643712-45] DEBUG o.e.j.util.thread.QueuedThreadPool - run org.eclipse.jetty.util.thread.QueuedThreadPool$$Lambda$265/1547817015@542ada62
22:22:07.944 [qtp1286643712-45] DEBUG o.e.j.util.thread.QueuedThreadPool - ran org.eclipse.jetty.util.thread.QueuedThreadPool$$Lambda$265/1547817015@542ada62
22:22:07.944 [qtp1286643712-42] DEBUG o.e.j.util.thread.QueuedThreadPool - run org.eclipse.jetty.util.thread.QueuedThreadPool$$Lambda$265/1547817015@542ada62
22:22:07.944 [qtp1286643712-44] DEBUG o.e.j.util.thread.QueuedThreadPool - run org.eclipse.jetty.util.thread.QueuedThreadPool$$Lambda$265/1547817015@542ada62
22:22:07.944 [main] DEBUG o.e.j.util.thread.QueuedThreadPool - Waiting for Thread[qtp1286643712-42,5,main] for 14999
22:22:07.944 [qtp1286643712-43] DEBUG o.e.j.util.thread.QueuedThreadPool - run org.eclipse.jetty.util.thread.QueuedThreadPool$$Lambda$265/1547817015@542ada62
22:22:07.944 [qtp1286643712-42] DEBUG o.e.j.util.thread.QueuedThreadPool - ran org.eclipse.jetty.util.thread.QueuedThreadPool$$Lambda$265/1547817015@542ada62
22:22:07.944 [qtp1286643712-48] DEBUG o.e.j.util.thread.QueuedThreadPool - run org.eclipse.jetty.util.thread.QueuedThreadPool$$Lambda$265/1547817015@542ada62
22:22:07.944 [qtp1286643712-48] DEBUG o.e.j.util.thread.QueuedThreadPool - ran org.eclipse.jetty.util.thread.QueuedThreadPool$$Lambda$265/1547817015@542ada62
22:22:07.944 [main] DEBUG o.e.j.util.thread.QueuedThreadPool - Waiting for Thread[qtp1286643712-48,5,main] for 14999
22:22:07.944 [qtp1286643712-46] DEBUG o.e.j.util.thread.QueuedThreadPool - run org.eclipse.jetty.util.thread.QueuedThreadPool$$Lambda$265/1547817015@542ada62
22:22:07.944 [qtp1286643712-46] DEBUG o.e.j.util.thread.QueuedThreadPool - ran org.eclipse.jetty.util.thread.QueuedThreadPool$$Lambda$265/1547817015@542ada62
22:22:07.944 [qtp1286643712-41] DEBUG o.e.j.util.thread.QueuedThreadPool - run org.eclipse.jetty.util.thread.QueuedThreadPool$$Lambda$265/1547817015@542ada62
22:22:07.944 [qtp1286643712-41] DEBUG o.e.j.util.thread.QueuedThreadPool - ran org.eclipse.jetty.util.thread.QueuedThreadPool$$Lambda$265/1547817015@542ada62
22:22:07.944 [qtp1286643712-44] DEBUG o.e.j.util.thread.QueuedThreadPool - ran org.eclipse.jetty.util.thread.QueuedThreadPool$$Lambda$265/1547817015@542ada62
22:22:07.944 [qtp1286643712-43] DEBUG o.e.j.util.thread.QueuedThreadPool - ran org.eclipse.jetty.util.thread.QueuedThreadPool$$Lambda$265/1547817015@542ada62
22:22:07.944 [main] DEBUG o.e.j.util.thread.QueuedThreadPool - Waiting for Thread[qtp1286643712-41,5,main] for 14999
22:22:07.945 [main] DEBUG o.e.j.util.thread.QueuedThreadPool - Waiting for Thread[qtp1286643712-44,5,] for 14999
22:22:07.945 [main] DEBUG o.e.j.u.component.AbstractLifeCycle - STOPPED JettyConnectorThreadPool[qtp1286643712]@4cb0a000{STOPPED,8<=0<=200,i=0,q=0}[org.eclipse.jetty.util.thread.TryExecutor$$Lambda$180/1484275564@1cefc4b3]
22:22:07.945 [main] DEBUG o.e.j.u.component.AbstractLifeCycle - STOPPED Server@5ff2e84b{STOPPED}[9.4.17.v20190418]
]]></system-out>
    <system-err><![CDATA[set 27, 2020 10:22:07 PM org.glassfish.jersey.test.jetty.JettyTestContainerFactory$JettyTestContainer <init>
INFO: Creating JettyTestContainer configured at the base URI http://localhost:9998/
]]></system-err>
  </testcase>
  <testcase name="testCreateContactWithValidData" classname="com.brunogoncalves.phonebook.resource.ContactResourceTest" time="0.222">
    <system-out><![CDATA[22:22:07.991 [main] DEBUG o.h.v.i.e.r.TraversableResolvers - Cannot find javax.persistence.Persistence on classpath. Assuming non JPA 2 environment. All properties will per default be traversable.
22:22:07.992 [main] DEBUG o.h.v.i.x.config.ValidationXmlParser - Trying to load META-INF/validation.xml for XML based Validator configuration.
22:22:07.992 [main] DEBUG o.h.v.i.x.c.ResourceLoaderHelper - Trying to load META-INF/validation.xml via TCCL
22:22:07.992 [main] DEBUG o.h.v.i.x.c.ResourceLoaderHelper - Trying to load META-INF/validation.xml via Hibernate Validator's class loader
22:22:07.992 [main] DEBUG o.h.v.i.x.config.ValidationXmlParser - No META-INF/validation.xml found. Using annotation based configuration only.
22:22:07.995 [main] DEBUG o.h.v.m.ResourceBundleMessageInterpolator - Loaded expression factory via original TCCL
22:22:07.995 [main] DEBUG o.h.v.i.engine.ValidatorFactoryImpl - HV000234: Using org.hibernate.validator.messageinterpolation.ResourceBundleMessageInterpolator as ValidatorFactory-scoped message interpolator.
22:22:07.995 [main] DEBUG o.h.v.i.engine.ValidatorFactoryImpl - HV000234: Using org.hibernate.validator.internal.engine.resolver.TraverseAllTraversableResolver as ValidatorFactory-scoped traversable resolver.
22:22:07.995 [main] DEBUG o.h.v.i.engine.ValidatorFactoryImpl - HV000234: Using org.hibernate.validator.internal.util.ExecutableParameterNameProvider as ValidatorFactory-scoped parameter name provider.
22:22:07.995 [main] DEBUG o.h.v.i.engine.ValidatorFactoryImpl - HV000234: Using org.hibernate.validator.internal.engine.DefaultClockProvider as ValidatorFactory-scoped clock provider.
22:22:07.995 [main] DEBUG o.h.v.i.engine.ValidatorFactoryImpl - HV000234: Using org.hibernate.validator.internal.engine.scripting.DefaultScriptEvaluatorFactory as ValidatorFactory-scoped script evaluator factory.
22:22:07.999 [main] DEBUG o.e.j.u.component.ContainerLifeCycle - Server@6642dc5a{STOPPED}[9.4.17.v20190418] added {JettyConnectorThreadPool[qtp704894556]@2a03d65c{STOPPED,8<=0<=200,i=0,q=0}[org.eclipse.jetty.util.thread.TryExecutor$$Lambda$180/1484275564@1cefc4b3],AUTO}
22:22:07.999 [main] DEBUG o.e.j.u.component.ContainerLifeCycle - HttpConnectionFactory@43da41e[HTTP/1.1] added {HttpConfiguration@148c7c4b{32768/8192,8192/8192,https://:0,[]},POJO}
22:22:07.999 [main] DEBUG o.e.j.u.component.ContainerLifeCycle - ServerConnector@2009f9b0{null,[]}{0.0.0.0:0} added {Server@6642dc5a{STOPPED}[9.4.17.v20190418],UNMANAGED}
22:22:07.999 [main] DEBUG o.e.j.u.component.ContainerLifeCycle - ServerConnector@2009f9b0{null,[]}{0.0.0.0:0} added {JettyConnectorThreadPool[qtp704894556]@2a03d65c{STOPPED,8<=0<=200,i=0,q=0}[org.eclipse.jetty.util.thread.TryExecutor$$Lambda$180/1484275564@1cefc4b3],AUTO}
22:22:07.999 [main] DEBUG o.e.j.u.component.ContainerLifeCycle - ServerConnector@2009f9b0{null,[]}{0.0.0.0:0} added {ScheduledExecutorScheduler@50d951e7{STOPPED},AUTO}
22:22:08.000 [main] DEBUG o.e.j.u.component.ContainerLifeCycle - ServerConnector@2009f9b0{null,[]}{0.0.0.0:0} added {org.eclipse.jetty.io.ArrayByteBufferPool@39ad12b6,POJO}
22:22:08.000 [main] DEBUG o.e.j.u.component.ContainerLifeCycle - ServerConnector@2009f9b0{null,[http/1.1]}{0.0.0.0:0} added {HttpConnectionFactory@43da41e[HTTP/1.1],AUTO}
22:22:08.000 [main] DEBUG o.e.jetty.server.AbstractConnector - ServerConnector@2009f9b0{HTTP/1.1,[http/1.1]}{0.0.0.0:0} added HttpConnectionFactory@43da41e[HTTP/1.1]
22:22:08.000 [main] DEBUG o.e.j.u.component.ContainerLifeCycle - ServerConnector@2009f9b0{HTTP/1.1,[http/1.1]}{0.0.0.0:0} added {SelectorManager@ServerConnector@2009f9b0{HTTP/1.1,[http/1.1]}{0.0.0.0:0},MANAGED}
22:22:08.000 [main] DEBUG o.e.j.u.component.ContainerLifeCycle - Server@6642dc5a{STOPPED}[9.4.17.v20190418] added {ServerConnector@2009f9b0{HTTP/1.1,[http/1.1]}{0.0.0.0:9998},AUTO}
22:22:08.000 [main] DEBUG o.e.j.u.component.ContainerLifeCycle - Server@6642dc5a{STOPPED}[9.4.17.v20190418] added {JettyHttpContainer@4eb45fec{STOPPED},MANAGED}
22:22:08.000 [main] DEBUG o.e.j.u.component.AbstractLifeCycle - starting Server@6642dc5a{STOPPED}[9.4.17.v20190418]
22:22:08.000 [main] DEBUG o.e.j.u.component.ContainerLifeCycle - Server@6642dc5a{STARTING}[9.4.17.v20190418] added {ErrorHandler@211febf3{STOPPED},AUTO}
22:22:08.000 [main] INFO  org.eclipse.jetty.server.Server - jetty-9.4.17.v20190418; built: 2019-04-18T19:45:35.259Z; git: aa1c656c315c011c01e7b21aabb04066635b9f67; jvm 1.8.0_265-8u265-b01-0ubuntu2~18.04-b01
22:22:08.000 [main] DEBUG o.e.j.server.handler.AbstractHandler - starting Server@6642dc5a{STARTING}[9.4.17.v20190418]
22:22:08.000 [main] DEBUG o.e.j.u.component.AbstractLifeCycle - starting JettyConnectorThreadPool[qtp704894556]@2a03d65c{STOPPED,8<=0<=200,i=0,q=0}[org.eclipse.jetty.util.thread.TryExecutor$$Lambda$180/1484275564@1cefc4b3]
22:22:08.000 [main] DEBUG o.e.j.u.t.ReservedThreadExecutor - ReservedThreadExecutor@3bd3d05e{s=0/8,p=0}
22:22:08.000 [main] DEBUG o.e.j.u.component.ContainerLifeCycle - JettyConnectorThreadPool[qtp704894556]@2a03d65c{STARTING,8<=0<=200,i=0,q=0}[ReservedThreadExecutor@3bd3d05e{s=0/8,p=0}] added {ReservedThreadExecutor@3bd3d05e{s=0/8,p=0},AUTO}
22:22:08.000 [main] DEBUG o.e.j.u.component.AbstractLifeCycle - starting ReservedThreadExecutor@3bd3d05e{s=0/8,p=0}
22:22:08.000 [main] DEBUG o.e.j.u.component.AbstractLifeCycle - STARTED @2479ms ReservedThreadExecutor@3bd3d05e{s=0/8,p=0}
22:22:08.000 [main] DEBUG o.e.j.util.thread.QueuedThreadPool - Starting Thread[qtp704894556-50,5,main]
22:22:08.001 [main] DEBUG o.e.j.util.thread.QueuedThreadPool - Starting Thread[qtp704894556-51,5,main]
22:22:08.001 [main] DEBUG o.e.j.util.thread.QueuedThreadPool - Starting Thread[qtp704894556-52,5,main]
22:22:08.001 [main] DEBUG o.e.j.util.thread.QueuedThreadPool - Starting Thread[qtp704894556-53,5,main]
22:22:08.009 [main] DEBUG o.e.j.util.thread.QueuedThreadPool - Starting Thread[qtp704894556-54,5,main]
22:22:08.009 [main] DEBUG o.e.j.util.thread.QueuedThreadPool - Starting Thread[qtp704894556-55,5,main]
22:22:08.009 [main] DEBUG o.e.j.util.thread.QueuedThreadPool - Starting Thread[qtp704894556-56,5,main]
22:22:08.013 [main] DEBUG o.e.j.util.thread.QueuedThreadPool - Starting Thread[qtp704894556-57,5,main]
22:22:08.013 [main] DEBUG o.e.j.u.component.AbstractLifeCycle - STARTED @2493ms JettyConnectorThreadPool[qtp704894556]@2a03d65c{STARTED,8<=8<=200,i=7,q=0}[ReservedThreadExecutor@3bd3d05e{s=0/8,p=0}]
22:22:08.013 [main] DEBUG o.e.j.u.component.AbstractLifeCycle - starting JettyHttpContainer@4eb45fec{STOPPED}
22:22:08.014 [main] DEBUG o.e.j.server.handler.AbstractHandler - starting JettyHttpContainer@4eb45fec{STARTING}
22:22:08.014 [main] DEBUG o.e.j.u.component.AbstractLifeCycle - STARTED @2493ms JettyHttpContainer@4eb45fec{STARTED}
22:22:08.014 [main] DEBUG o.e.j.u.component.AbstractLifeCycle - starting ErrorHandler@211febf3{STOPPED}
22:22:08.014 [main] DEBUG o.e.j.server.handler.AbstractHandler - starting ErrorHandler@211febf3{STARTING}
22:22:08.014 [main] DEBUG o.e.j.u.component.AbstractLifeCycle - STARTED @2493ms ErrorHandler@211febf3{STARTED}
22:22:08.014 [main] DEBUG o.e.j.u.component.AbstractLifeCycle - starting ServerConnector@2009f9b0{HTTP/1.1,[http/1.1]}{0.0.0.0:9998}
22:22:08.014 [main] DEBUG o.e.j.u.component.ContainerLifeCycle - ServerConnector@2009f9b0{HTTP/1.1,[http/1.1]}{0.0.0.0:9998} added {sun.nio.ch.ServerSocketChannelImpl[/0:0:0:0:0:0:0:0:9998],POJO}
22:22:08.014 [main] DEBUG o.e.j.u.component.AbstractLifeCycle - starting ScheduledExecutorScheduler@50d951e7{STOPPED}
22:22:08.014 [main] DEBUG o.e.j.u.component.AbstractLifeCycle - STARTED @2493ms ScheduledExecutorScheduler@50d951e7{STARTED}
22:22:08.014 [main] DEBUG o.e.j.u.component.AbstractLifeCycle - starting HttpConnectionFactory@43da41e[HTTP/1.1]
22:22:08.014 [main] DEBUG o.e.j.u.component.AbstractLifeCycle - STARTED @2493ms HttpConnectionFactory@43da41e[HTTP/1.1]
22:22:08.014 [main] DEBUG o.e.j.u.component.AbstractLifeCycle - starting SelectorManager@ServerConnector@2009f9b0{HTTP/1.1,[http/1.1]}{0.0.0.0:9998}
22:22:08.014 [main] DEBUG o.e.j.u.component.ContainerLifeCycle - EatWhatYouKill@e322ec9/SelectorProducer@7acfb656/IDLE/p=false/JettyConnectorThreadPool[qtp704894556]@2a03d65c{STARTED,8<=8<=200,i=8,q=0}[ReservedThreadExecutor@3bd3d05e{s=0/8,p=0}][pc=0,pic=0,pec=0,epc=0]@2020-09-27T22:22:08.014+01:00 added {SelectorProducer@7acfb656,POJO}
22:22:08.014 [main] DEBUG o.e.j.u.component.ContainerLifeCycle - EatWhatYouKill@e322ec9/SelectorProducer@7acfb656/IDLE/p=false/JettyConnectorThreadPool[qtp704894556]@2a03d65c{STARTED,8<=8<=200,i=8,q=0}[ReservedThreadExecutor@3bd3d05e{s=0/8,p=0}][pc=0,pic=0,pec=0,epc=0]@2020-09-27T22:22:08.014+01:00 added {JettyConnectorThreadPool[qtp704894556]@2a03d65c{STARTED,8<=8<=200,i=8,q=0}[ReservedThreadExecutor@3bd3d05e{s=0/8,p=0}],UNMANAGED}
22:22:08.014 [main] DEBUG o.e.j.u.t.strategy.EatWhatYouKill - EatWhatYouKill@e322ec9/SelectorProducer@7acfb656/IDLE/p=false/JettyConnectorThreadPool[qtp704894556]@2a03d65c{STARTED,8<=8<=200,i=8,q=0}[ReservedThreadExecutor@3bd3d05e{s=0/8,p=0}][pc=0,pic=0,pec=0,epc=0]@2020-09-27T22:22:08.014+01:00 created
22:22:08.015 [main] DEBUG o.e.j.u.component.ContainerLifeCycle - ManagedSelector@2e5ee2c9{STOPPED} id=0 keys=-1 selected=-1 updates=0 added {EatWhatYouKill@e322ec9/SelectorProducer@7acfb656/IDLE/p=false/JettyConnectorThreadPool[qtp704894556]@2a03d65c{STARTED,8<=8<=200,i=8,q=0}[ReservedThreadExecutor@3bd3d05e{s=0/8,p=0}][pc=0,pic=0,pec=0,epc=0]@2020-09-27T22:22:08.015+01:00,MANAGED}
22:22:08.015 [main] DEBUG o.e.j.u.component.ContainerLifeCycle - SelectorManager@ServerConnector@2009f9b0{HTTP/1.1,[http/1.1]}{0.0.0.0:9998} added {ManagedSelector@2e5ee2c9{STOPPED} id=0 keys=-1 selected=-1 updates=0,AUTO}
22:22:08.015 [main] DEBUG o.e.j.u.component.ContainerLifeCycle - EatWhatYouKill@55a609dd/SelectorProducer@4afd21c6/IDLE/p=false/JettyConnectorThreadPool[qtp704894556]@2a03d65c{STARTED,8<=8<=200,i=8,q=0}[ReservedThreadExecutor@3bd3d05e{s=0/8,p=0}][pc=0,pic=0,pec=0,epc=0]@2020-09-27T22:22:08.015+01:00 added {SelectorProducer@4afd21c6,POJO}
22:22:08.015 [main] DEBUG o.e.j.u.component.ContainerLifeCycle - EatWhatYouKill@55a609dd/SelectorProducer@4afd21c6/IDLE/p=false/JettyConnectorThreadPool[qtp704894556]@2a03d65c{STARTED,8<=8<=200,i=8,q=0}[ReservedThreadExecutor@3bd3d05e{s=0/8,p=0}][pc=0,pic=0,pec=0,epc=0]@2020-09-27T22:22:08.015+01:00 added {JettyConnectorThreadPool[qtp704894556]@2a03d65c{STARTED,8<=8<=200,i=8,q=0}[ReservedThreadExecutor@3bd3d05e{s=0/8,p=0}],UNMANAGED}
22:22:08.015 [main] DEBUG o.e.j.u.t.strategy.EatWhatYouKill - EatWhatYouKill@55a609dd/SelectorProducer@4afd21c6/IDLE/p=false/JettyConnectorThreadPool[qtp704894556]@2a03d65c{STARTED,8<=8<=200,i=8,q=0}[ReservedThreadExecutor@3bd3d05e{s=0/8,p=0}][pc=0,pic=0,pec=0,epc=0]@2020-09-27T22:22:08.015+01:00 created
22:22:08.015 [main] DEBUG o.e.j.u.component.ContainerLifeCycle - ManagedSelector@4d0753c9{STOPPED} id=1 keys=-1 selected=-1 updates=0 added {EatWhatYouKill@55a609dd/SelectorProducer@4afd21c6/IDLE/p=false/JettyConnectorThreadPool[qtp704894556]@2a03d65c{STARTED,8<=8<=200,i=8,q=0}[ReservedThreadExecutor@3bd3d05e{s=0/8,p=0}][pc=0,pic=0,pec=0,epc=0]@2020-09-27T22:22:08.015+01:00,MANAGED}
22:22:08.016 [main] DEBUG o.e.j.u.component.ContainerLifeCycle - SelectorManager@ServerConnector@2009f9b0{HTTP/1.1,[http/1.1]}{0.0.0.0:9998} added {ManagedSelector@4d0753c9{STOPPED} id=1 keys=-1 selected=-1 updates=0,AUTO}
22:22:08.016 [main] DEBUG o.e.j.u.component.ContainerLifeCycle - EatWhatYouKill@1416a80a/SelectorProducer@719bb3b4/IDLE/p=false/JettyConnectorThreadPool[qtp704894556]@2a03d65c{STARTED,8<=8<=200,i=8,q=0}[ReservedThreadExecutor@3bd3d05e{s=0/8,p=0}][pc=0,pic=0,pec=0,epc=0]@2020-09-27T22:22:08.016+01:00 added {SelectorProducer@719bb3b4,POJO}
22:22:08.017 [main] DEBUG o.e.j.u.component.ContainerLifeCycle - EatWhatYouKill@1416a80a/SelectorProducer@719bb3b4/IDLE/p=false/JettyConnectorThreadPool[qtp704894556]@2a03d65c{STARTED,8<=8<=200,i=8,q=0}[ReservedThreadExecutor@3bd3d05e{s=0/8,p=0}][pc=0,pic=0,pec=0,epc=0]@2020-09-27T22:22:08.016+01:00 added {JettyConnectorThreadPool[qtp704894556]@2a03d65c{STARTED,8<=8<=200,i=8,q=0}[ReservedThreadExecutor@3bd3d05e{s=0/8,p=0}],UNMANAGED}
22:22:08.017 [main] DEBUG o.e.j.u.t.strategy.EatWhatYouKill - EatWhatYouKill@1416a80a/SelectorProducer@719bb3b4/IDLE/p=false/JettyConnectorThreadPool[qtp704894556]@2a03d65c{STARTED,8<=8<=200,i=8,q=0}[ReservedThreadExecutor@3bd3d05e{s=0/8,p=0}][pc=0,pic=0,pec=0,epc=0]@2020-09-27T22:22:08.017+01:00 created
22:22:08.017 [main] DEBUG o.e.j.u.component.ContainerLifeCycle - ManagedSelector@52cb4f50{STOPPED} id=2 keys=-1 selected=-1 updates=0 added {EatWhatYouKill@1416a80a/SelectorProducer@719bb3b4/IDLE/p=false/JettyConnectorThreadPool[qtp704894556]@2a03d65c{STARTED,8<=8<=200,i=8,q=0}[ReservedThreadExecutor@3bd3d05e{s=0/8,p=0}][pc=0,pic=0,pec=0,epc=0]@2020-09-27T22:22:08.017+01:00,MANAGED}
22:22:08.018 [main] DEBUG o.e.j.u.component.ContainerLifeCycle - SelectorManager@ServerConnector@2009f9b0{HTTP/1.1,[http/1.1]}{0.0.0.0:9998} added {ManagedSelector@52cb4f50{STOPPED} id=2 keys=-1 selected=-1 updates=0,AUTO}
22:22:08.018 [main] DEBUG o.e.j.u.component.ContainerLifeCycle - EatWhatYouKill@25a5c7db/SelectorProducer@4d27d9d/IDLE/p=false/JettyConnectorThreadPool[qtp704894556]@2a03d65c{STARTED,8<=8<=200,i=8,q=0}[ReservedThreadExecutor@3bd3d05e{s=0/8,p=0}][pc=0,pic=0,pec=0,epc=0]@2020-09-27T22:22:08.018+01:00 added {SelectorProducer@4d27d9d,POJO}
22:22:08.018 [main] DEBUG o.e.j.u.component.ContainerLifeCycle - EatWhatYouKill@25a5c7db/SelectorProducer@4d27d9d/IDLE/p=false/JettyConnectorThreadPool[qtp704894556]@2a03d65c{STARTED,8<=8<=200,i=8,q=0}[ReservedThreadExecutor@3bd3d05e{s=0/8,p=0}][pc=0,pic=0,pec=0,epc=0]@2020-09-27T22:22:08.018+01:00 added {JettyConnectorThreadPool[qtp704894556]@2a03d65c{STARTED,8<=8<=200,i=8,q=0}[ReservedThreadExecutor@3bd3d05e{s=0/8,p=0}],UNMANAGED}
22:22:08.018 [main] DEBUG o.e.j.u.t.strategy.EatWhatYouKill - EatWhatYouKill@25a5c7db/SelectorProducer@4d27d9d/IDLE/p=false/JettyConnectorThreadPool[qtp704894556]@2a03d65c{STARTED,8<=8<=200,i=8,q=0}[ReservedThreadExecutor@3bd3d05e{s=0/8,p=0}][pc=0,pic=0,pec=0,epc=0]@2020-09-27T22:22:08.018+01:00 created
22:22:08.018 [main] DEBUG o.e.j.u.component.ContainerLifeCycle - ManagedSelector@28f878a0{STOPPED} id=3 keys=-1 selected=-1 updates=0 added {EatWhatYouKill@25a5c7db/SelectorProducer@4d27d9d/IDLE/p=false/JettyConnectorThreadPool[qtp704894556]@2a03d65c{STARTED,8<=8<=200,i=8,q=0}[ReservedThreadExecutor@3bd3d05e{s=0/8,p=0}][pc=0,pic=0,pec=0,epc=0]@2020-09-27T22:22:08.018+01:00,MANAGED}
22:22:08.018 [main] DEBUG o.e.j.u.component.ContainerLifeCycle - SelectorManager@ServerConnector@2009f9b0{HTTP/1.1,[http/1.1]}{0.0.0.0:9998} added {ManagedSelector@28f878a0{STOPPED} id=3 keys=-1 selected=-1 updates=0,AUTO}
22:22:08.018 [main] DEBUG o.e.j.u.component.AbstractLifeCycle - starting ManagedSelector@2e5ee2c9{STOPPED} id=0 keys=-1 selected=-1 updates=0
22:22:08.018 [main] DEBUG o.e.j.u.component.AbstractLifeCycle - starting EatWhatYouKill@e322ec9/SelectorProducer@7acfb656/IDLE/p=false/JettyConnectorThreadPool[qtp704894556]@2a03d65c{STARTED,8<=8<=200,i=8,q=0}[ReservedThreadExecutor@3bd3d05e{s=0/8,p=0}][pc=0,pic=0,pec=0,epc=0]@2020-09-27T22:22:08.018+01:00
22:22:08.018 [main] DEBUG o.e.j.u.component.AbstractLifeCycle - STARTED @2498ms EatWhatYouKill@e322ec9/SelectorProducer@7acfb656/IDLE/p=false/JettyConnectorThreadPool[qtp704894556]@2a03d65c{STARTED,8<=8<=200,i=8,q=0}[ReservedThreadExecutor@3bd3d05e{s=0/8,p=0}][pc=0,pic=0,pec=0,epc=0]@2020-09-27T22:22:08.018+01:00
22:22:08.018 [main] DEBUG o.e.j.util.thread.QueuedThreadPool - queue org.eclipse.jetty.io.ManagedSelector$$Lambda$198/1041326823@20411320
22:22:08.019 [main] DEBUG org.eclipse.jetty.io.ManagedSelector - Queued change org.eclipse.jetty.io.ManagedSelector$Start@2b5183ec on ManagedSelector@2e5ee2c9{STARTING} id=0 keys=0 selected=0 updates=0
22:22:08.019 [qtp704894556-50] DEBUG o.e.j.util.thread.QueuedThreadPool - run org.eclipse.jetty.io.ManagedSelector$$Lambda$198/1041326823@20411320
22:22:08.019 [qtp704894556-50] DEBUG o.e.j.u.t.strategy.EatWhatYouKill - EatWhatYouKill@e322ec9/SelectorProducer@7acfb656/IDLE/p=false/JettyConnectorThreadPool[qtp704894556]@2a03d65c{STARTED,8<=8<=200,i=7,q=0}[ReservedThreadExecutor@3bd3d05e{s=0/8,p=0}][pc=0,pic=0,pec=0,epc=0]@2020-09-27T22:22:08.019+01:00 tryProduce false
22:22:08.019 [qtp704894556-50] DEBUG org.eclipse.jetty.io.ManagedSelector - updateable 1
22:22:08.019 [qtp704894556-50] DEBUG org.eclipse.jetty.io.ManagedSelector - update org.eclipse.jetty.io.ManagedSelector$Start@2b5183ec
22:22:08.019 [qtp704894556-50] DEBUG org.eclipse.jetty.io.ManagedSelector - updates 0
22:22:08.019 [qtp704894556-50] DEBUG org.eclipse.jetty.io.ManagedSelector - Selector sun.nio.ch.EPollSelectorImpl@51054fc5 waiting with 0 keys
22:22:08.019 [main] DEBUG o.e.j.u.component.AbstractLifeCycle - STARTED @2498ms ManagedSelector@2e5ee2c9{STARTED} id=0 keys=0 selected=0 updates=0
22:22:08.019 [main] DEBUG o.e.j.u.component.AbstractLifeCycle - starting ManagedSelector@4d0753c9{STOPPED} id=1 keys=-1 selected=-1 updates=0
22:22:08.019 [main] DEBUG o.e.j.u.component.AbstractLifeCycle - starting EatWhatYouKill@55a609dd/SelectorProducer@4afd21c6/IDLE/p=false/JettyConnectorThreadPool[qtp704894556]@2a03d65c{STARTED,8<=8<=200,i=7,q=0}[ReservedThreadExecutor@3bd3d05e{s=0/8,p=0}][pc=0,pic=0,pec=0,epc=0]@2020-09-27T22:22:08.019+01:00
22:22:08.019 [main] DEBUG o.e.j.u.component.AbstractLifeCycle - STARTED @2499ms EatWhatYouKill@55a609dd/SelectorProducer@4afd21c6/IDLE/p=false/JettyConnectorThreadPool[qtp704894556]@2a03d65c{STARTED,8<=8<=200,i=7,q=0}[ReservedThreadExecutor@3bd3d05e{s=0/8,p=0}][pc=0,pic=0,pec=0,epc=0]@2020-09-27T22:22:08.019+01:00
22:22:08.019 [main] DEBUG o.e.j.util.thread.QueuedThreadPool - queue org.eclipse.jetty.io.ManagedSelector$$Lambda$198/1041326823@3c782d8e
22:22:08.019 [main] DEBUG org.eclipse.jetty.io.ManagedSelector - Queued change org.eclipse.jetty.io.ManagedSelector$Start@572e6fd9 on ManagedSelector@4d0753c9{STARTING} id=1 keys=0 selected=0 updates=0
22:22:08.019 [qtp704894556-51] DEBUG o.e.j.util.thread.QueuedThreadPool - run org.eclipse.jetty.io.ManagedSelector$$Lambda$198/1041326823@3c782d8e
22:22:08.020 [qtp704894556-51] DEBUG o.e.j.u.t.strategy.EatWhatYouKill - EatWhatYouKill@55a609dd/SelectorProducer@4afd21c6/IDLE/p=false/JettyConnectorThreadPool[qtp704894556]@2a03d65c{STARTED,8<=8<=200,i=6,q=0}[ReservedThreadExecutor@3bd3d05e{s=0/8,p=0}][pc=0,pic=0,pec=0,epc=0]@2020-09-27T22:22:08.019+01:00 tryProduce false
22:22:08.020 [qtp704894556-51] DEBUG org.eclipse.jetty.io.ManagedSelector - updateable 1
22:22:08.020 [qtp704894556-51] DEBUG org.eclipse.jetty.io.ManagedSelector - update org.eclipse.jetty.io.ManagedSelector$Start@572e6fd9
22:22:08.020 [qtp704894556-51] DEBUG org.eclipse.jetty.io.ManagedSelector - updates 0
22:22:08.020 [qtp704894556-51] DEBUG org.eclipse.jetty.io.ManagedSelector - Selector sun.nio.ch.EPollSelectorImpl@2bcbbd4a waiting with 0 keys
22:22:08.020 [main] DEBUG o.e.j.u.component.AbstractLifeCycle - STARTED @2499ms ManagedSelector@4d0753c9{STARTED} id=1 keys=0 selected=0 updates=0
22:22:08.020 [main] DEBUG o.e.j.u.component.AbstractLifeCycle - starting ManagedSelector@52cb4f50{STOPPED} id=2 keys=-1 selected=-1 updates=0
22:22:08.020 [main] DEBUG o.e.j.u.component.AbstractLifeCycle - starting EatWhatYouKill@1416a80a/SelectorProducer@719bb3b4/IDLE/p=false/JettyConnectorThreadPool[qtp704894556]@2a03d65c{STARTED,8<=8<=200,i=6,q=0}[ReservedThreadExecutor@3bd3d05e{s=0/8,p=0}][pc=0,pic=0,pec=0,epc=0]@2020-09-27T22:22:08.02+01:00
22:22:08.020 [main] DEBUG o.e.j.u.component.AbstractLifeCycle - STARTED @2499ms EatWhatYouKill@1416a80a/SelectorProducer@719bb3b4/IDLE/p=false/JettyConnectorThreadPool[qtp704894556]@2a03d65c{STARTED,8<=8<=200,i=6,q=0}[ReservedThreadExecutor@3bd3d05e{s=0/8,p=0}][pc=0,pic=0,pec=0,epc=0]@2020-09-27T22:22:08.02+01:00
22:22:08.020 [main] DEBUG o.e.j.util.thread.QueuedThreadPool - queue org.eclipse.jetty.io.ManagedSelector$$Lambda$198/1041326823@7f5eae0f
22:22:08.020 [main] DEBUG org.eclipse.jetty.io.ManagedSelector - Queued change org.eclipse.jetty.io.ManagedSelector$Start@58b71ceb on ManagedSelector@52cb4f50{STARTING} id=2 keys=0 selected=0 updates=0
22:22:08.020 [qtp704894556-52] DEBUG o.e.j.util.thread.QueuedThreadPool - run org.eclipse.jetty.io.ManagedSelector$$Lambda$198/1041326823@7f5eae0f
22:22:08.020 [qtp704894556-52] DEBUG o.e.j.u.t.strategy.EatWhatYouKill - EatWhatYouKill@1416a80a/SelectorProducer@719bb3b4/IDLE/p=false/JettyConnectorThreadPool[qtp704894556]@2a03d65c{STARTED,8<=8<=200,i=5,q=0}[ReservedThreadExecutor@3bd3d05e{s=0/8,p=0}][pc=0,pic=0,pec=0,epc=0]@2020-09-27T22:22:08.02+01:00 tryProduce false
22:22:08.020 [qtp704894556-52] DEBUG org.eclipse.jetty.io.ManagedSelector - updateable 1
22:22:08.020 [qtp704894556-52] DEBUG org.eclipse.jetty.io.ManagedSelector - update org.eclipse.jetty.io.ManagedSelector$Start@58b71ceb
22:22:08.020 [qtp704894556-52] DEBUG org.eclipse.jetty.io.ManagedSelector - updates 0
22:22:08.020 [qtp704894556-52] DEBUG org.eclipse.jetty.io.ManagedSelector - Selector sun.nio.ch.EPollSelectorImpl@2a7e42f2 waiting with 0 keys
22:22:08.020 [main] DEBUG o.e.j.u.component.AbstractLifeCycle - STARTED @2500ms ManagedSelector@52cb4f50{STARTED} id=2 keys=0 selected=0 updates=0
22:22:08.020 [main] DEBUG o.e.j.u.component.AbstractLifeCycle - starting ManagedSelector@28f878a0{STOPPED} id=3 keys=-1 selected=-1 updates=0
22:22:08.021 [main] DEBUG o.e.j.u.component.AbstractLifeCycle - starting EatWhatYouKill@25a5c7db/SelectorProducer@4d27d9d/IDLE/p=false/JettyConnectorThreadPool[qtp704894556]@2a03d65c{STARTED,8<=8<=200,i=5,q=0}[ReservedThreadExecutor@3bd3d05e{s=0/8,p=0}][pc=0,pic=0,pec=0,epc=0]@2020-09-27T22:22:08.021+01:00
22:22:08.021 [main] DEBUG o.e.j.u.component.AbstractLifeCycle - STARTED @2500ms EatWhatYouKill@25a5c7db/SelectorProducer@4d27d9d/IDLE/p=false/JettyConnectorThreadPool[qtp704894556]@2a03d65c{STARTED,8<=8<=200,i=5,q=0}[ReservedThreadExecutor@3bd3d05e{s=0/8,p=0}][pc=0,pic=0,pec=0,epc=0]@2020-09-27T22:22:08.021+01:00
22:22:08.021 [main] DEBUG o.e.j.util.thread.QueuedThreadPool - queue org.eclipse.jetty.io.ManagedSelector$$Lambda$198/1041326823@255e5e2e
22:22:08.021 [main] DEBUG org.eclipse.jetty.io.ManagedSelector - Queued change org.eclipse.jetty.io.ManagedSelector$Start@12abdfb on ManagedSelector@28f878a0{STARTING} id=3 keys=0 selected=0 updates=0
22:22:08.021 [qtp704894556-53] DEBUG o.e.j.util.thread.QueuedThreadPool - run org.eclipse.jetty.io.ManagedSelector$$Lambda$198/1041326823@255e5e2e
22:22:08.021 [qtp704894556-53] DEBUG o.e.j.u.t.strategy.EatWhatYouKill - EatWhatYouKill@25a5c7db/SelectorProducer@4d27d9d/IDLE/p=false/JettyConnectorThreadPool[qtp704894556]@2a03d65c{STARTED,8<=8<=200,i=4,q=0}[ReservedThreadExecutor@3bd3d05e{s=0/8,p=0}][pc=0,pic=0,pec=0,epc=0]@2020-09-27T22:22:08.021+01:00 tryProduce false
22:22:08.021 [qtp704894556-53] DEBUG org.eclipse.jetty.io.ManagedSelector - updateable 1
22:22:08.021 [qtp704894556-53] DEBUG org.eclipse.jetty.io.ManagedSelector - update org.eclipse.jetty.io.ManagedSelector$Start@12abdfb
22:22:08.021 [qtp704894556-53] DEBUG org.eclipse.jetty.io.ManagedSelector - updates 0
22:22:08.021 [qtp704894556-53] DEBUG org.eclipse.jetty.io.ManagedSelector - Selector sun.nio.ch.EPollSelectorImpl@26a6ca33 waiting with 0 keys
22:22:08.021 [main] DEBUG o.e.j.u.component.AbstractLifeCycle - STARTED @2501ms ManagedSelector@28f878a0{STARTED} id=3 keys=0 selected=0 updates=0
22:22:08.021 [main] DEBUG o.e.j.u.component.AbstractLifeCycle - STARTED @2501ms SelectorManager@ServerConnector@2009f9b0{HTTP/1.1,[http/1.1]}{0.0.0.0:9998}
22:22:08.021 [main] DEBUG o.e.j.u.component.ContainerLifeCycle - ServerConnector@2009f9b0{HTTP/1.1,[http/1.1]}{0.0.0.0:9998} added {acceptor-0@b0e5507,POJO}
22:22:08.021 [main] DEBUG o.e.j.util.thread.QueuedThreadPool - queue acceptor-0@b0e5507
22:22:08.022 [main] INFO  o.e.jetty.server.AbstractConnector - Started ServerConnector@2009f9b0{HTTP/1.1,[http/1.1]}{0.0.0.0:9998}
22:22:08.022 [main] DEBUG o.e.j.u.component.AbstractLifeCycle - STARTED @2501ms ServerConnector@2009f9b0{HTTP/1.1,[http/1.1]}{0.0.0.0:9998}
22:22:08.022 [main] INFO  org.eclipse.jetty.server.Server - Started @2501ms
22:22:08.022 [main] DEBUG o.e.j.u.component.AbstractLifeCycle - STARTED @2501ms Server@6642dc5a{STARTED}[9.4.17.v20190418]
22:22:08.025 [qtp704894556-54] DEBUG o.e.j.util.thread.QueuedThreadPool - run acceptor-0@b0e5507
22:22:08.040 [qtp704894556-54-acceptor-0@b0e5507-ServerConnector@2009f9b0{HTTP/1.1,[http/1.1]}{0.0.0.0:9998}] DEBUG org.eclipse.jetty.io.ManagedSelector - Queued change org.eclipse.jetty.io.ManagedSelector$Accept@23391df3 on ManagedSelector@4d0753c9{STARTED} id=1 keys=0 selected=0 updates=0
22:22:08.040 [qtp704894556-54-acceptor-0@b0e5507-ServerConnector@2009f9b0{HTTP/1.1,[http/1.1]}{0.0.0.0:9998}] DEBUG org.eclipse.jetty.io.ManagedSelector - Wakeup on submit ManagedSelector@4d0753c9{STARTED} id=1 keys=0 selected=0 updates=1
22:22:08.040 [qtp704894556-51] DEBUG org.eclipse.jetty.io.ManagedSelector - Selector sun.nio.ch.EPollSelectorImpl@2bcbbd4a woken with none selected
22:22:08.040 [qtp704894556-51] DEBUG org.eclipse.jetty.io.ManagedSelector - Selector sun.nio.ch.EPollSelectorImpl@2bcbbd4a woken up from select, 0/0/0 selected
22:22:08.040 [qtp704894556-51] DEBUG org.eclipse.jetty.io.ManagedSelector - Selector sun.nio.ch.EPollSelectorImpl@2bcbbd4a processing 0 keys, 1 updates
22:22:08.040 [qtp704894556-51] DEBUG org.eclipse.jetty.io.ManagedSelector - updateable 1
22:22:08.040 [qtp704894556-51] DEBUG org.eclipse.jetty.io.ManagedSelector - update org.eclipse.jetty.io.ManagedSelector$Accept@23391df3
22:22:08.040 [qtp704894556-51] DEBUG o.e.j.util.thread.QueuedThreadPool - queue org.eclipse.jetty.io.ManagedSelector$Accept@23391df3
22:22:08.040 [qtp704894556-51] DEBUG org.eclipse.jetty.io.ManagedSelector - updates 0
22:22:08.040 [qtp704894556-51] DEBUG org.eclipse.jetty.io.ManagedSelector - Selector sun.nio.ch.EPollSelectorImpl@2bcbbd4a waiting with 1 keys
22:22:08.040 [qtp704894556-55] DEBUG o.e.j.util.thread.QueuedThreadPool - run org.eclipse.jetty.io.ManagedSelector$Accept@23391df3
22:22:08.040 [qtp704894556-55] DEBUG org.eclipse.jetty.io.IdleTimeout - SocketChannelEndPoint@1885ff07{/127.0.0.1:44200<->/127.0.0.1:9998,OPEN,fill=-,flush=-,to=0/30000}{io=0/0,kio=0,kro=0}-><null> idle timeout check, elapsed: 0 ms, remaining: 30000 ms
22:22:08.041 [qtp704894556-55] DEBUG org.eclipse.jetty.server.HttpChannel - new HttpChannelOverHttp@127d9477{r=0,c=false,c=false/false,a=IDLE,uri=null,age=0} -> SocketChannelEndPoint@1885ff07{/127.0.0.1:44200<->/127.0.0.1:9998,OPEN,fill=-,flush=-,to=1/30000}{io=0/0,kio=0,kro=0}-><null>,null,HttpChannelState@577f185c{s=IDLE a=NOT_ASYNC i=true r=IDLE w=false}
22:22:08.041 [qtp704894556-55] DEBUG o.e.jetty.server.HttpConnection - New HTTP Connection HttpConnection@60b5a873::SocketChannelEndPoint@1885ff07{/127.0.0.1:44200<->/127.0.0.1:9998,OPEN,fill=-,flush=-,to=1/30000}{io=0/0,kio=0,kro=0}-><null>
22:22:08.041 [qtp704894556-55] DEBUG o.eclipse.jetty.io.AbstractEndPoint - onOpen SocketChannelEndPoint@1885ff07{/127.0.0.1:44200<->/127.0.0.1:9998,OPEN,fill=-,flush=-,to=1/30000}{io=0/0,kio=0,kro=0}->HttpConnection@60b5a873[p=HttpParser{s=START,0 of -1},g=HttpGenerator@66624f28{s=START}]=>HttpChannelOverHttp@127d9477{r=0,c=false,c=false/false,a=IDLE,uri=null,age=0}
22:22:08.041 [qtp704894556-55] DEBUG o.e.jetty.io.AbstractConnection - onOpen HttpConnection@60b5a873::SocketChannelEndPoint@1885ff07{/127.0.0.1:44200<->/127.0.0.1:9998,OPEN,fill=-,flush=-,to=1/30000}{io=0/0,kio=0,kro=0}->HttpConnection@60b5a873[p=HttpParser{s=START,0 of -1},g=HttpGenerator@66624f28{s=START}]=>HttpChannelOverHttp@127d9477{r=0,c=false,c=false/false,a=IDLE,uri=null,age=0}
22:22:08.041 [qtp704894556-55] DEBUG o.e.jetty.io.AbstractConnection - fillInterested HttpConnection@60b5a873::SocketChannelEndPoint@1885ff07{/127.0.0.1:44200<->/127.0.0.1:9998,OPEN,fill=-,flush=-,to=1/30000}{io=0/0,kio=0,kro=0}->HttpConnection@60b5a873[p=HttpParser{s=START,0 of -1},g=HttpGenerator@66624f28{s=START}]=>HttpChannelOverHttp@127d9477{r=0,c=false,c=false/false,a=IDLE,uri=null,age=0}
22:22:08.041 [qtp704894556-55] DEBUG org.eclipse.jetty.io.FillInterest - interested FillInterest@1842a1bf{AC.ReadCB@60b5a873{HttpConnection@60b5a873::SocketChannelEndPoint@1885ff07{/127.0.0.1:44200<->/127.0.0.1:9998,OPEN,fill=FI,flush=-,to=0/30000}{io=0/0,kio=0,kro=0}->HttpConnection@60b5a873[p=HttpParser{s=START,0 of -1},g=HttpGenerator@66624f28{s=START}]=>HttpChannelOverHttp@127d9477{r=0,c=false,c=false/false,a=IDLE,uri=null,age=0}}}
22:22:08.041 [qtp704894556-55] DEBUG org.eclipse.jetty.io.ChannelEndPoint - changeInterests p=false 0->1 for SocketChannelEndPoint@1885ff07{/127.0.0.1:44200<->/127.0.0.1:9998,OPEN,fill=FI,flush=-,to=0/30000}{io=0/1,kio=0,kro=0}->HttpConnection@60b5a873[p=HttpParser{s=START,0 of -1},g=HttpGenerator@66624f28{s=START}]=>HttpChannelOverHttp@127d9477{r=0,c=false,c=false/false,a=IDLE,uri=null,age=0}
22:22:08.041 [qtp704894556-55] DEBUG org.eclipse.jetty.io.ManagedSelector - Queued change org.eclipse.jetty.io.ChannelEndPoint$1@3750e713 on ManagedSelector@4d0753c9{STARTED} id=1 keys=1 selected=0 updates=0
22:22:08.041 [qtp704894556-55] DEBUG org.eclipse.jetty.io.ManagedSelector - Wakeup on submit ManagedSelector@4d0753c9{STARTED} id=1 keys=1 selected=0 updates=1
22:22:08.041 [qtp704894556-51] DEBUG org.eclipse.jetty.io.ManagedSelector - Selector sun.nio.ch.EPollSelectorImpl@2bcbbd4a woken with none selected
22:22:08.041 [qtp704894556-51] DEBUG org.eclipse.jetty.io.ManagedSelector - Selector sun.nio.ch.EPollSelectorImpl@2bcbbd4a woken up from select, 0/0/1 selected
22:22:08.041 [qtp704894556-55] DEBUG org.eclipse.jetty.io.ManagedSelector - Created SocketChannelEndPoint@1885ff07{/127.0.0.1:44200<->/127.0.0.1:9998,OPEN,fill=FI,flush=-,to=0/30000}{io=0/1,kio=0,kro=0}->HttpConnection@60b5a873[p=HttpParser{s=START,0 of -1},g=HttpGenerator@66624f28{s=START}]=>HttpChannelOverHttp@127d9477{r=0,c=false,c=false/false,a=IDLE,uri=null,age=0}
22:22:08.041 [qtp704894556-51] DEBUG org.eclipse.jetty.io.ManagedSelector - Selector sun.nio.ch.EPollSelectorImpl@2bcbbd4a processing 0 keys, 1 updates
22:22:08.041 [qtp704894556-55] DEBUG o.e.j.util.thread.QueuedThreadPool - ran org.eclipse.jetty.io.ManagedSelector$Accept@23391df3
22:22:08.041 [qtp704894556-51] DEBUG org.eclipse.jetty.io.ManagedSelector - updateable 1
22:22:08.041 [qtp704894556-51] DEBUG org.eclipse.jetty.io.ManagedSelector - update org.eclipse.jetty.io.ChannelEndPoint$1@3750e713
22:22:08.042 [qtp704894556-51] DEBUG org.eclipse.jetty.io.ChannelEndPoint - Key interests updated 0 -> 1 on SocketChannelEndPoint@1885ff07{/127.0.0.1:44200<->/127.0.0.1:9998,OPEN,fill=FI,flush=-,to=0/30000}{io=1/1,kio=1,kro=0}->HttpConnection@60b5a873[p=HttpParser{s=START,0 of -1},g=HttpGenerator@66624f28{s=START}]=>HttpChannelOverHttp@127d9477{r=0,c=false,c=false/false,a=IDLE,uri=null,age=0}
22:22:08.042 [qtp704894556-51] DEBUG org.eclipse.jetty.io.ManagedSelector - updates 0
22:22:08.042 [qtp704894556-51] DEBUG org.eclipse.jetty.io.ManagedSelector - Selector sun.nio.ch.EPollSelectorImpl@2bcbbd4a waiting with 1 keys
22:22:08.042 [qtp704894556-51] DEBUG org.eclipse.jetty.io.ManagedSelector - Selector sun.nio.ch.EPollSelectorImpl@2bcbbd4a woken up from select, 1/1/1 selected
22:22:08.042 [qtp704894556-51] DEBUG org.eclipse.jetty.io.ManagedSelector - Selector sun.nio.ch.EPollSelectorImpl@2bcbbd4a processing 1 keys, 0 updates
22:22:08.042 [qtp704894556-51] DEBUG org.eclipse.jetty.io.ManagedSelector - selected 1 sun.nio.ch.SelectionKeyImpl@250c5643 SocketChannelEndPoint@1885ff07{/127.0.0.1:44200<->/127.0.0.1:9998,OPEN,fill=FI,flush=-,to=1/30000}{io=1/1,kio=1,kro=1}->HttpConnection@60b5a873[p=HttpParser{s=START,0 of -1},g=HttpGenerator@66624f28{s=START}]=>HttpChannelOverHttp@127d9477{r=0,c=false,c=false/false,a=IDLE,uri=null,age=0} 
22:22:08.042 [qtp704894556-51] DEBUG org.eclipse.jetty.io.ChannelEndPoint - onSelected 1->0 r=true w=false for SocketChannelEndPoint@1885ff07{/127.0.0.1:44200<->/127.0.0.1:9998,OPEN,fill=FI,flush=-,to=1/30000}{io=1/0,kio=1,kro=1}->HttpConnection@60b5a873[p=HttpParser{s=START,0 of -1},g=HttpGenerator@66624f28{s=START}]=>HttpChannelOverHttp@127d9477{r=0,c=false,c=false/false,a=IDLE,uri=null,age=0}
22:22:08.042 [qtp704894556-51] DEBUG org.eclipse.jetty.io.ChannelEndPoint - task CEP:SocketChannelEndPoint@1885ff07{/127.0.0.1:44200<->/127.0.0.1:9998,OPEN,fill=FI,flush=-,to=1/30000}{io=1/0,kio=1,kro=1}->HttpConnection@60b5a873[p=HttpParser{s=START,0 of -1},g=HttpGenerator@66624f28{s=START}]=>HttpChannelOverHttp@127d9477{r=0,c=false,c=false/false,a=IDLE,uri=null,age=0}:runFillable:BLOCKING
22:22:08.042 [qtp704894556-51] DEBUG o.e.j.u.t.ReservedThreadExecutor - ReservedThreadExecutor@3bd3d05e{s=0/8,p=0} tryExecute EatWhatYouKill@55a609dd/SelectorProducer@4afd21c6/PRODUCING/p=false/JettyConnectorThreadPool[qtp704894556]@2a03d65c{STARTED,8<=8<=200,i=3,q=0}[ReservedThreadExecutor@3bd3d05e{s=0/8,p=0}][pc=0,pic=0,pec=0,epc=0]@2020-09-27T22:22:08.042+01:00
22:22:08.042 [qtp704894556-51] DEBUG o.e.j.u.t.ReservedThreadExecutor - ReservedThreadExecutor@3bd3d05e{s=0/8,p=1} startReservedThread p=1
22:22:08.042 [qtp704894556-51] DEBUG o.e.j.util.thread.QueuedThreadPool - queue ReservedThreadExecutor@3bd3d05e{s=0/8,p=1}@2133d63a
22:22:08.042 [qtp704894556-56] DEBUG o.e.j.util.thread.QueuedThreadPool - run ReservedThreadExecutor@3bd3d05e{s=0/8,p=1}@2133d63a
22:22:08.042 [qtp704894556-56] DEBUG o.e.j.u.t.ReservedThreadExecutor - ReservedThreadExecutor@3bd3d05e{s=1/8,p=1}@2133d63a started
22:22:08.042 [qtp704894556-56] DEBUG o.e.j.u.t.ReservedThreadExecutor - ReservedThreadExecutor@3bd3d05e{s=1/8,p=0}@2133d63a waiting
22:22:08.042 [qtp704894556-51] DEBUG o.e.j.u.t.strategy.EatWhatYouKill - EatWhatYouKill@55a609dd/SelectorProducer@4afd21c6/PRODUCING/p=false/JettyConnectorThreadPool[qtp704894556]@2a03d65c{STARTED,8<=8<=200,i=2,q=0}[ReservedThreadExecutor@3bd3d05e{s=0/8,p=1}][pc=0,pic=0,pec=0,epc=0]@2020-09-27T22:22:08.042+01:00 m=PRODUCE_EXECUTE_CONSUME t=CEP:SocketChannelEndPoint@1885ff07{/127.0.0.1:44200<->/127.0.0.1:9998,OPEN,fill=FI,flush=-,to=1/30000}{io=1/0,kio=1,kro=1}->HttpConnection@60b5a873[p=HttpParser{s=START,0 of -1},g=HttpGenerator@66624f28{s=START}]=>HttpChannelOverHttp@127d9477{r=0,c=false,c=false/false,a=IDLE,uri=null,age=0}:runFillable:BLOCKING/BLOCKING
22:22:08.042 [qtp704894556-51] DEBUG o.e.j.util.thread.QueuedThreadPool - queue CEP:SocketChannelEndPoint@1885ff07{/127.0.0.1:44200<->/127.0.0.1:9998,OPEN,fill=FI,flush=-,to=1/30000}{io=1/0,kio=1,kro=1}->HttpConnection@60b5a873[p=HttpParser{s=START,0 of -1},g=HttpGenerator@66624f28{s=START}]=>HttpChannelOverHttp@127d9477{r=0,c=false,c=false/false,a=IDLE,uri=null,age=0}:runFillable:BLOCKING
22:22:08.042 [qtp704894556-51] DEBUG org.eclipse.jetty.io.ManagedSelector - updateable 0
22:22:08.042 [qtp704894556-51] DEBUG org.eclipse.jetty.io.ManagedSelector - updates 0
22:22:08.043 [qtp704894556-51] DEBUG org.eclipse.jetty.io.ChannelEndPoint - Key interests updated 1 -> 0 on SocketChannelEndPoint@1885ff07{/127.0.0.1:44200<->/127.0.0.1:9998,OPEN,fill=FI,flush=-,to=1/30000}{io=0/0,kio=0,kro=1}->HttpConnection@60b5a873[p=HttpParser{s=START,0 of -1},g=HttpGenerator@66624f28{s=START}]=>HttpChannelOverHttp@127d9477{r=0,c=false,c=false/false,a=IDLE,uri=null,age=0}
22:22:08.043 [qtp704894556-57] DEBUG o.e.j.util.thread.QueuedThreadPool - run CEP:SocketChannelEndPoint@1885ff07{/127.0.0.1:44200<->/127.0.0.1:9998,OPEN,fill=FI,flush=-,to=1/30000}{io=0/0,kio=0,kro=1}->HttpConnection@60b5a873[p=HttpParser{s=START,0 of -1},g=HttpGenerator@66624f28{s=START}]=>HttpChannelOverHttp@127d9477{r=0,c=false,c=false/false,a=IDLE,uri=null,age=0}:runFillable:BLOCKING
22:22:08.043 [qtp704894556-51] DEBUG org.eclipse.jetty.io.ManagedSelector - Selector sun.nio.ch.EPollSelectorImpl@2bcbbd4a waiting with 1 keys
22:22:08.043 [qtp704894556-57] DEBUG org.eclipse.jetty.io.FillInterest - fillable FillInterest@1842a1bf{AC.ReadCB@60b5a873{HttpConnection@60b5a873::SocketChannelEndPoint@1885ff07{/127.0.0.1:44200<->/127.0.0.1:9998,OPEN,fill=FI,flush=-,to=2/30000}{io=0/0,kio=0,kro=1}->HttpConnection@60b5a873[p=HttpParser{s=START,0 of -1},g=HttpGenerator@66624f28{s=START}]=>HttpChannelOverHttp@127d9477{r=0,c=false,c=false/false,a=IDLE,uri=null,age=0}}}
22:22:08.043 [qtp704894556-57] DEBUG o.e.jetty.server.HttpConnection - HttpConnection@60b5a873::SocketChannelEndPoint@1885ff07{/127.0.0.1:44200<->/127.0.0.1:9998,OPEN,fill=-,flush=-,to=2/30000}{io=0/0,kio=0,kro=1}->HttpConnection@60b5a873[p=HttpParser{s=START,0 of -1},g=HttpGenerator@66624f28{s=START}]=>HttpChannelOverHttp@127d9477{r=0,c=false,c=false/false,a=IDLE,uri=null,age=0} onFillable enter HttpChannelState@577f185c{s=IDLE a=NOT_ASYNC i=true r=IDLE w=false} null
22:22:08.043 [qtp704894556-57] DEBUG org.eclipse.jetty.io.ChannelEndPoint - filled 312 HeapByteBuffer@5c85aa88[p=0,l=312,c=8192,r=312]={<<<POST /contact HTT...+39 02 123456"}>>>\x00\x00\x00\x00\x00\x00\x00\x00\x00\x00\x00\x00\x00\x00\x00\x00\x00...\x00\x00\x00\x00\x00\x00\x00\x00\x00\x00\x00\x00\x00\x00\x00}
22:22:08.043 [qtp704894556-57] DEBUG o.e.jetty.server.HttpConnection - HttpConnection@60b5a873::SocketChannelEndPoint@1885ff07{/127.0.0.1:44200<->/127.0.0.1:9998,OPEN,fill=-,flush=-,to=0/30000}{io=0/0,kio=0,kro=1}->HttpConnection@60b5a873[p=HttpParser{s=START,0 of -1},g=HttpGenerator@66624f28{s=START}]=>HttpChannelOverHttp@127d9477{r=0,c=false,c=false/false,a=IDLE,uri=null,age=0} filled 312 HeapByteBuffer@5c85aa88[p=0,l=312,c=8192,r=312]={<<<POST /contact HTT...+39 02 123456"}>>>\x00\x00\x00\x00\x00\x00\x00\x00\x00\x00\x00\x00\x00\x00\x00\x00\x00...\x00\x00\x00\x00\x00\x00\x00\x00\x00\x00\x00\x00\x00\x00\x00}
22:22:08.043 [qtp704894556-57] DEBUG o.e.jetty.server.HttpConnection - HttpConnection@60b5a873::SocketChannelEndPoint@1885ff07{/127.0.0.1:44200<->/127.0.0.1:9998,OPEN,fill=-,flush=-,to=0/30000}{io=0/0,kio=0,kro=1}->HttpConnection@60b5a873[p=HttpParser{s=START,0 of -1},g=HttpGenerator@66624f28{s=START}]=>HttpChannelOverHttp@127d9477{r=0,c=false,c=false/false,a=IDLE,uri=null,age=0} parse HeapByteBuffer@5c85aa88[p=0,l=312,c=8192,r=312]={<<<POST /contact HTT...+39 02 123456"}>>>\x00\x00\x00\x00\x00\x00\x00\x00\x00\x00\x00\x00\x00\x00\x00\x00\x00...\x00\x00\x00\x00\x00\x00\x00\x00\x00\x00\x00\x00\x00\x00\x00} {}
22:22:08.043 [qtp704894556-57] DEBUG org.eclipse.jetty.http.HttpParser - parseNext s=START HeapByteBuffer@5c85aa88[p=0,l=312,c=8192,r=312]={<<<POST /contact HTT...+39 02 123456"}>>>\x00\x00\x00\x00\x00\x00\x00\x00\x00\x00\x00\x00\x00\x00\x00\x00\x00...\x00\x00\x00\x00\x00\x00\x00\x00\x00\x00\x00\x00\x00\x00\x00}
22:22:08.043 [qtp704894556-57] DEBUG org.eclipse.jetty.http.HttpParser - START --> SPACE1
22:22:08.043 [qtp704894556-57] DEBUG org.eclipse.jetty.http.HttpParser - SPACE1 --> URI
22:22:08.043 [qtp704894556-57] DEBUG org.eclipse.jetty.http.HttpParser - URI --> SPACE2
22:22:08.043 [qtp704894556-57] DEBUG org.eclipse.jetty.http.HttpParser - SPACE2 --> REQUEST_VERSION
22:22:08.043 [qtp704894556-57] DEBUG org.eclipse.jetty.http.HttpParser - REQUEST_VERSION --> HEADER
22:22:08.043 [qtp704894556-57] DEBUG org.eclipse.jetty.http.HttpParser - HEADER:Content-Type: application/json --> IN_VALUE
22:22:08.043 [qtp704894556-57] DEBUG org.eclipse.jetty.http.HttpParser - HEADER:Content-Type: application/json --> FIELD
22:22:08.043 [qtp704894556-57] DEBUG org.eclipse.jetty.http.HttpParser - HEADER:User-Agent --> VALUE
22:22:08.043 [qtp704894556-57] DEBUG org.eclipse.jetty.http.HttpParser - HEADER:User-Agent --> IN_VALUE
22:22:08.043 [qtp704894556-57] DEBUG org.eclipse.jetty.http.HttpParser - HEADER:User-Agent --> FIELD
22:22:08.043 [qtp704894556-57] DEBUG org.eclipse.jetty.http.HttpParser - HEADER:Host --> VALUE
22:22:08.043 [qtp704894556-57] DEBUG org.eclipse.jetty.http.HttpParser - HEADER:Host --> IN_VALUE
22:22:08.043 [qtp704894556-57] DEBUG org.eclipse.jetty.http.HttpParser - HEADER:Host --> FIELD
22:22:08.043 [qtp704894556-57] DEBUG org.eclipse.jetty.http.HttpParser - HEADER:Accept --> VALUE
22:22:08.043 [qtp704894556-57] DEBUG org.eclipse.jetty.http.HttpParser - HEADER:Accept --> IN_VALUE
22:22:08.043 [qtp704894556-57] DEBUG org.eclipse.jetty.http.HttpParser - HEADER:Accept --> FIELD
22:22:08.044 [qtp704894556-57] DEBUG org.eclipse.jetty.http.HttpParser - HEADER:Connection: keep-alive --> IN_VALUE
22:22:08.046 [qtp704894556-57] DEBUG org.eclipse.jetty.http.HttpParser - HEADER:Connection: keep-alive --> FIELD
22:22:08.046 [qtp704894556-57] DEBUG org.eclipse.jetty.http.HttpParser - HEADER:Content-Length --> VALUE
22:22:08.046 [qtp704894556-57] DEBUG org.eclipse.jetty.http.HttpParser - HEADER:Content-Length --> IN_VALUE
22:22:08.046 [qtp704894556-57] DEBUG org.eclipse.jetty.http.HttpParser - HEADER:Content-Length --> FIELD
22:22:08.046 [qtp704894556-57] DEBUG org.eclipse.jetty.http.HttpParser - HEADER --> CONTENT
22:22:08.046 [qtp704894556-57] DEBUG org.eclipse.jetty.server.HttpChannel - REQUEST for //localhost:9998/contact on HttpChannelOverHttp@127d9477{r=1,c=false,c=false/false,a=IDLE,uri=//localhost:9998/contact,age=0}
POST //localhost:9998/contact HTTP/1.1
Content-Type: application/json
User-Agent: Jersey/2.30.1 (HttpUrlConnection 1.8.0_265)
Host: localhost:9998
Accept: text/html, image/gif, image/jpeg, *; q=.2, */*; q=.2
Connection: keep-alive
Content-Length: 69


22:22:08.047 [qtp704894556-57] DEBUG o.e.jetty.server.HttpConnection - HttpConnection@60b5a873::SocketChannelEndPoint@1885ff07{/127.0.0.1:44200<->/127.0.0.1:9998,OPEN,fill=-,flush=-,to=4/30000}{io=0/0,kio=0,kro=1}->HttpConnection@60b5a873[p=HttpParser{s=CONTENT,0 of 69},g=HttpGenerator@66624f28{s=START}]=>HttpChannelOverHttp@127d9477{r=1,c=false,c=false/false,a=IDLE,uri=//localhost:9998/contact,age=1} parsed true HttpParser{s=CONTENT,0 of 69}
22:22:08.047 [qtp704894556-57] DEBUG org.eclipse.jetty.server.HttpChannel - HttpChannelOverHttp@127d9477{r=1,c=false,c=false/false,a=IDLE,uri=//localhost:9998/contact,age=1} handle //localhost:9998/contact 
22:22:08.047 [qtp704894556-57] DEBUG o.e.jetty.server.HttpChannelState - handling HttpChannelState@577f185c{s=IDLE a=NOT_ASYNC i=true r=IDLE w=false}
22:22:08.047 [qtp704894556-57] DEBUG org.eclipse.jetty.server.HttpChannel - HttpChannelOverHttp@127d9477{r=1,c=false,c=false/false,a=DISPATCHED,uri=//localhost:9998/contact,age=1} action DISPATCH
22:22:08.047 [qtp704894556-57] DEBUG org.eclipse.jetty.server.Server - REQUEST POST /contact on HttpChannelOverHttp@127d9477{r=1,c=false,c=false/false,a=DISPATCHED,uri=//localhost:9998/contact,age=1}
22:22:08.049 [qtp704894556-57] DEBUG o.e.jetty.server.HttpConnection - HttpConnection@60b5a873::SocketChannelEndPoint@1885ff07{/127.0.0.1:44200<->/127.0.0.1:9998,OPEN,fill=-,flush=-,to=6/30000}{io=0/0,kio=0,kro=1}->HttpConnection@60b5a873[p=HttpParser{s=CONTENT,0 of 69},g=HttpGenerator@66624f28{s=START}]=>HttpChannelOverHttp@127d9477{r=1,c=false,c=false/false,a=DISPATCHED,uri=//localhost:9998/contact,age=3} parse HeapByteBuffer@5c85aa88[p=243,l=312,c=8192,r=69]={POST /contact HTT...-Length: 69\r\n\r\n<<<{"firstName":"Ric...+39 02 123456"}>>>\x00\x00\x00\x00\x00\x00\x00\x00\x00\x00\x00\x00\x00\x00\x00\x00\x00...\x00\x00\x00\x00\x00\x00\x00\x00\x00\x00\x00\x00\x00\x00\x00} {}
22:22:08.049 [qtp704894556-57] DEBUG org.eclipse.jetty.http.HttpParser - parseNext s=CONTENT HeapByteBuffer@5c85aa88[p=243,l=312,c=8192,r=69]={POST /contact HTT...-Length: 69\r\n\r\n<<<{"firstName":"Ric...+39 02 123456"}>>>\x00\x00\x00\x00\x00\x00\x00\x00\x00\x00\x00\x00\x00\x00\x00\x00\x00...\x00\x00\x00\x00\x00\x00\x00\x00\x00\x00\x00\x00\x00\x00\x00}
22:22:08.049 [qtp704894556-57] DEBUG org.eclipse.jetty.server.HttpChannel - HttpChannelOverHttp@127d9477{r=1,c=false,c=false/false,a=DISPATCHED,uri=//localhost:9998/contact,age=3} onContent Content@625f7c5e{HeapByteBufferR@22265672[p=243,l=312,c=8192,r=69]={POST /contact HTT...-Length: 69\r\n\r\n<<<{"firstName":"Ric...+39 02 123456"}>>>\x00\x00\x00\x00\x00\x00\x00\x00\x00\x00\x00\x00\x00\x00\x00\x00\x00...\x00\x00\x00\x00\x00\x00\x00\x00\x00\x00\x00\x00\x00\x00\x00}}
22:22:08.049 [qtp704894556-57] DEBUG org.eclipse.jetty.server.HttpInput - HttpInputOverHTTP@1aec31cf[c=0,q=0,[0]=null,s=STREAM] addContent Content@625f7c5e{HeapByteBufferR@22265672[p=243,l=312,c=8192,r=69]={POST /contact HTT...-Length: 69\r\n\r\n<<<{"firstName":"Ric...+39 02 123456"}>>>\x00\x00\x00\x00\x00\x00\x00\x00\x00\x00\x00\x00\x00\x00\x00\x00\x00...\x00\x00\x00\x00\x00\x00\x00\x00\x00\x00\x00\x00\x00\x00\x00}}
22:22:08.049 [qtp704894556-57] DEBUG org.eclipse.jetty.http.HttpParser - CONTENT --> END
22:22:08.049 [qtp704894556-57] DEBUG org.eclipse.jetty.server.HttpChannel - HttpChannelOverHttp@127d9477{r=1,c=false,c=false/false,a=DISPATCHED,uri=//localhost:9998/contact,age=3} onContentComplete
22:22:08.050 [qtp704894556-57] DEBUG org.eclipse.jetty.server.HttpChannel - HttpChannelOverHttp@127d9477{r=1,c=false,c=false/false,a=DISPATCHED,uri=//localhost:9998/contact,age=4} onRequestComplete
22:22:08.050 [qtp704894556-57] DEBUG org.eclipse.jetty.server.HttpInput - HttpInputOverHTTP@1aec31cf[c=0,q=1,[0]=EOF,s=STREAM] addContent EOF
22:22:08.050 [qtp704894556-57] DEBUG o.e.jetty.server.HttpConnection - HttpConnection@60b5a873::SocketChannelEndPoint@1885ff07{/127.0.0.1:44200<->/127.0.0.1:9998,OPEN,fill=-,flush=-,to=7/30000}{io=0/0,kio=0,kro=1}->HttpConnection@60b5a873[p=HttpParser{s=END,69 of 69},g=HttpGenerator@66624f28{s=START}]=>HttpChannelOverHttp@127d9477{r=1,c=false,c=false/false,a=DISPATCHED,uri=//localhost:9998/contact,age=4} parsed false HttpParser{s=END,69 of 69}
22:22:08.050 [qtp704894556-57] DEBUG org.eclipse.jetty.server.HttpInput - HttpInputOverHTTP@1aec31cf[c=69,q=1,[0]=EOF,s=STREAM] read 69 from Content@625f7c5e{HeapByteBufferR@22265672[p=312,l=312,c=8192,r=0]={POST /contact HTT...+39 02 123456"}<<<>>>\x00\x00\x00\x00\x00\x00\x00\x00\x00\x00\x00\x00\x00\x00\x00\x00\x00...\x00\x00\x00\x00\x00\x00\x00\x00\x00\x00\x00\x00\x00\x00\x00}}
22:22:08.050 [qtp704894556-57] DEBUG o.e.jetty.server.HttpConnection - releaseRequestBuffer HttpConnection@60b5a873::SocketChannelEndPoint@1885ff07{/127.0.0.1:44200<->/127.0.0.1:9998,OPEN,fill=-,flush=-,to=7/30000}{io=0/0,kio=0,kro=1}->HttpConnection@60b5a873[p=HttpParser{s=END,69 of 69},g=HttpGenerator@66624f28{s=START}]=>HttpChannelOverHttp@127d9477{r=1,c=false,c=false/false,a=DISPATCHED,uri=//localhost:9998/contact,age=4}
22:22:08.059 [qtp704894556-57] INFO  c.b.p.s.mysql.ContactStorageMysql - [ContactResource] Create PhoneNumber{firstName='Rick', lastName='Morty', number='+39 02 123456'}
22:22:08.139 [qtp704894556-57] DEBUG org.eclipse.jetty.server.HttpChannel - sendResponse info=null content=DirectByteBuffer@61ceb7ad[p=0,l=69,c=32768,r=69]={<<<{"firstName":"Ric...+39 02 123456"}>>>\x00\x00\x00\x00\x00\x00\x00\x00\x00\x00\x00\x00\x00\x00\x00\x00\x00...\x00\x00\x00\x00\x00\x00\x00\x00\x00\x00\x00\x00\x00\x00\x00} complete=false committing=true callback=Blocker@34fef075{null}
22:22:08.139 [qtp704894556-57] DEBUG org.eclipse.jetty.server.HttpChannel - COMMIT for /contact on HttpChannelOverHttp@127d9477{r=1,c=true,c=false/false,a=DISPATCHED,uri=//localhost:9998/contact,age=93}
200 OK HTTP/1.1
Date: Sun, 27 Sep 2020 21:22:08 GMT
Content-Type: application/json


22:22:08.140 [qtp704894556-57] DEBUG o.e.jetty.server.HttpConnection - org.eclipse.jetty.server.HttpConnection$SendCallback@f753d9[PROCESSING][i=HTTP/1.1{s=200,h=2,cl=-1},cb=org.eclipse.jetty.server.HttpChannel$SendCallback@2fae91c1] generate: NEED_HEADER (null,[p=0,l=69,c=32768,r=69],false)@START
22:22:08.140 [qtp704894556-57] DEBUG org.eclipse.jetty.http.HttpGenerator - generateHeaders HTTP/1.1{s=200,h=2,cl=-1} last=false content=DirectByteBuffer@61ceb7ad[p=0,l=69,c=32768,r=69]={<<<{"firstName":"Ric...+39 02 123456"}>>>\x00\x00\x00\x00\x00\x00\x00\x00\x00\x00\x00\x00\x00\x00\x00\x00\x00...\x00\x00\x00\x00\x00\x00\x00\x00\x00\x00\x00\x00\x00\x00\x00}
22:22:08.140 [qtp704894556-57] DEBUG org.eclipse.jetty.http.HttpGenerator - Date: Sun, 27 Sep 2020 21:22:08 GMT
Content-Type: application/json


22:22:08.140 [qtp704894556-57] DEBUG org.eclipse.jetty.http.HttpGenerator - CHUNKED_CONTENT
22:22:08.140 [qtp704894556-57] DEBUG o.e.jetty.server.HttpConnection - org.eclipse.jetty.server.HttpConnection$SendCallback@f753d9[PROCESSING][i=HTTP/1.1{s=200,h=2,cl=-1},cb=org.eclipse.jetty.server.HttpChannel$SendCallback@2fae91c1] generate: FLUSH ([p=0,l=153,c=8192,r=153],[p=0,l=69,c=32768,r=69],false)@COMMITTED
22:22:08.140 [qtp704894556-57] DEBUG org.eclipse.jetty.io.WriteFlusher - write: WriteFlusher@3b492846{IDLE}->null [HeapByteBuffer@5c85aa88[p=0,l=153,c=8192,r=153]={<<<HTTP/1.1 200 OK\r\n...190418)\r\n\r\n45\r\n>>> image/gif, image...\x00\x00\x00\x00\x00\x00\x00\x00\x00\x00\x00\x00\x00\x00\x00},DirectByteBuffer@61ceb7ad[p=0,l=69,c=32768,r=69]={<<<{"firstName":"Ric...+39 02 123456"}>>>\x00\x00\x00\x00\x00\x00\x00\x00\x00\x00\x00\x00\x00\x00\x00\x00\x00...\x00\x00\x00\x00\x00\x00\x00\x00\x00\x00\x00\x00\x00\x00\x00}]
22:22:08.140 [qtp704894556-57] DEBUG org.eclipse.jetty.io.WriteFlusher - update WriteFlusher@3b492846{WRITING}->null:IDLE-->WRITING
22:22:08.140 [qtp704894556-57] DEBUG org.eclipse.jetty.io.ChannelEndPoint - flushed 222 SocketChannelEndPoint@1885ff07{/127.0.0.1:44200<->/127.0.0.1:9998,OPEN,fill=-,flush=W,to=97/30000}{io=0/0,kio=0,kro=1}->HttpConnection@60b5a873[p=HttpParser{s=END,69 of 69},g=HttpGenerator@66624f28{s=COMMITTED}]=>HttpChannelOverHttp@127d9477{r=1,c=true,c=false/false,a=DISPATCHED,uri=//localhost:9998/contact,age=94}
22:22:08.140 [qtp704894556-57] DEBUG org.eclipse.jetty.io.WriteFlusher - Flushed=true written=222 remaining=0 WriteFlusher@3b492846{WRITING}->null
22:22:08.140 [qtp704894556-57] DEBUG org.eclipse.jetty.io.WriteFlusher - update WriteFlusher@3b492846{IDLE}->null:WRITING-->IDLE
22:22:08.140 [qtp704894556-57] DEBUG o.e.jetty.server.HttpConnection - org.eclipse.jetty.server.HttpConnection$SendCallback@f753d9[PROCESSING][i=HTTP/1.1{s=200,h=2,cl=-1},cb=org.eclipse.jetty.server.HttpChannel$SendCallback@2fae91c1] generate: DONE ([p=153,l=153,c=8192,r=0],[p=69,l=69,c=32768,r=0],false)@COMMITTED
22:22:08.141 [qtp704894556-57] DEBUG org.eclipse.jetty.server.HttpChannel - sendResponse info=null content=HeapByteBuffer@735eb462[p=0,l=0,c=0,r=0]={<<<>>>} complete=false committing=false callback=Blocker@34fef075{null}
22:22:08.141 [qtp704894556-57] DEBUG org.eclipse.jetty.server.HttpChannel - sendResponse info=null content=HeapByteBuffer@735eb462[p=0,l=0,c=0,r=0]={<<<>>>} complete=false committing=false callback=Blocker@34fef075{null}
22:22:08.141 [qtp704894556-57] DEBUG org.eclipse.jetty.server.HttpChannel - sendResponse info=null content=HeapByteBuffer@735eb462[p=0,l=0,c=0,r=0]={<<<>>>} complete=true committing=false callback=Blocker@34fef075{null}
22:22:08.141 [qtp704894556-57] DEBUG o.e.jetty.server.HttpConnection - org.eclipse.jetty.server.HttpConnection$SendCallback@f753d9[PROCESSING][i=null,cb=org.eclipse.jetty.server.HttpChannel$SendCallback@4224f74e] generate: CONTINUE (null,[p=0,l=0,c=0,r=0],true)@COMPLETING
22:22:08.141 [qtp704894556-57] DEBUG o.e.jetty.server.HttpConnection - org.eclipse.jetty.server.HttpConnection$SendCallback@f753d9[PROCESSING][i=null,cb=org.eclipse.jetty.server.HttpChannel$SendCallback@4224f74e] generate: NEED_CHUNK (null,[p=0,l=0,c=0,r=0],true)@COMPLETING
22:22:08.141 [qtp704894556-57] DEBUG o.e.jetty.server.HttpConnection - org.eclipse.jetty.server.HttpConnection$SendCallback@f753d9[PROCESSING][i=null,cb=org.eclipse.jetty.server.HttpChannel$SendCallback@4224f74e] generate: FLUSH (null,[p=0,l=0,c=0,r=0],true)@COMPLETING
22:22:08.141 [qtp704894556-57] DEBUG org.eclipse.jetty.io.WriteFlusher - write: WriteFlusher@3b492846{IDLE}->null [HeapByteBuffer@19df4652[p=0,l=7,c=1024,r=7]={<<<\r\n0\r\n\r\n>>>\x00\x00\x00\x00\x00\x00\x00\x00\x00\x00\x00\x00\x00\x00\x00\x00\x00...\x00\x00\x00\x00\x00\x00\x00\x00\x00\x00\x00\x00\x00\x00\x00}]
22:22:08.141 [qtp704894556-57] DEBUG org.eclipse.jetty.io.WriteFlusher - update WriteFlusher@3b492846{WRITING}->null:IDLE-->WRITING
22:22:08.141 [qtp704894556-57] DEBUG org.eclipse.jetty.io.ChannelEndPoint - flushed 7 SocketChannelEndPoint@1885ff07{/127.0.0.1:44200<->/127.0.0.1:9998,OPEN,fill=-,flush=W,to=1/30000}{io=0/0,kio=0,kro=1}->HttpConnection@60b5a873[p=HttpParser{s=END,69 of 69},g=HttpGenerator@66624f28{s=COMPLETING}]=>HttpChannelOverHttp@127d9477{r=1,c=true,c=false/false,a=DISPATCHED,uri=//localhost:9998/contact,age=95}
22:22:08.141 [qtp704894556-57] DEBUG org.eclipse.jetty.io.WriteFlusher - Flushed=true written=7 remaining=0 WriteFlusher@3b492846{WRITING}->null
22:22:08.141 [qtp704894556-57] DEBUG org.eclipse.jetty.io.WriteFlusher - update WriteFlusher@3b492846{IDLE}->null:WRITING-->IDLE
22:22:08.141 [qtp704894556-57] DEBUG o.e.jetty.server.HttpConnection - org.eclipse.jetty.server.HttpConnection$SendCallback@f753d9[PROCESSING][i=null,cb=org.eclipse.jetty.server.HttpChannel$SendCallback@4224f74e] generate: DONE (null,[p=0,l=0,c=0,r=0],true)@END
22:22:08.142 [qtp704894556-57] DEBUG org.eclipse.jetty.server.Server - handled=true async=false committed=true on HttpChannelOverHttp@127d9477{r=1,c=true,c=false/true,a=DISPATCHED,uri=//localhost:9998/contact,age=96}
22:22:08.142 [qtp704894556-57] DEBUG o.e.jetty.server.HttpChannelState - unhandle HttpChannelState@577f185c{s=DISPATCHED a=NOT_ASYNC i=true r=IDLE w=false}
22:22:08.142 [qtp704894556-57] DEBUG org.eclipse.jetty.server.HttpChannel - HttpChannelOverHttp@127d9477{r=1,c=true,c=false/true,a=COMPLETING,uri=//localhost:9998/contact,age=96} action COMPLETE
22:22:08.142 [qtp704894556-57] DEBUG o.e.jetty.server.HttpChannelState - onComplete HttpChannelState@577f185c{s=COMPLETING a=NOT_ASYNC i=false r=IDLE w=false}
22:22:08.142 [qtp704894556-57] DEBUG org.eclipse.jetty.server.HttpChannel - COMPLETE for /contact written=69
22:22:08.142 [qtp704894556-57] DEBUG o.e.jetty.server.HttpChannelState - recycle HttpChannelState@577f185c{s=COMPLETED a=NOT_ASYNC i=false r=IDLE w=false}
22:22:08.142 [qtp704894556-57] DEBUG org.eclipse.jetty.http.HttpParser - reset HttpParser{s=END,69 of 69}
22:22:08.142 [qtp704894556-57] DEBUG org.eclipse.jetty.http.HttpParser - END --> START
22:22:08.142 [qtp704894556-57] DEBUG org.eclipse.jetty.server.HttpChannel - HttpChannelOverHttp@127d9477{r=1,c=false,c=false/false,a=IDLE,uri=null,age=0} handle exit, result COMPLETE
22:22:08.142 [qtp704894556-57] DEBUG org.eclipse.jetty.io.ChannelEndPoint - filled 0 HeapByteBuffer@5c85aa88[p=0,l=0,c=8192,r=0]={<<<>>>HTTP/1.1 200 OK\r\n...\x00\x00\x00\x00\x00\x00\x00\x00\x00\x00\x00\x00\x00\x00\x00}
22:22:08.142 [qtp704894556-57] DEBUG org.eclipse.jetty.io.ChannelEndPoint - filled 0 HeapByteBuffer@5c85aa88[p=0,l=0,c=8192,r=0]={<<<>>>HTTP/1.1 200 OK\r\n...\x00\x00\x00\x00\x00\x00\x00\x00\x00\x00\x00\x00\x00\x00\x00}
22:22:08.142 [qtp704894556-57] DEBUG o.e.jetty.server.HttpConnection - HttpConnection@60b5a873::SocketChannelEndPoint@1885ff07{/127.0.0.1:44200<->/127.0.0.1:9998,OPEN,fill=-,flush=-,to=1/30000}{io=0/0,kio=0,kro=1}->HttpConnection@60b5a873[p=HttpParser{s=START,0 of -1},g=HttpGenerator@66624f28{s=START}]=>HttpChannelOverHttp@127d9477{r=1,c=false,c=false/false,a=IDLE,uri=null,age=0} filled 0 HeapByteBuffer@5c85aa88[p=0,l=0,c=8192,r=0]={<<<>>>HTTP/1.1 200 OK\r\n...\x00\x00\x00\x00\x00\x00\x00\x00\x00\x00\x00\x00\x00\x00\x00}
22:22:08.142 [qtp704894556-57] DEBUG o.e.jetty.server.HttpConnection - HttpConnection@60b5a873::SocketChannelEndPoint@1885ff07{/127.0.0.1:44200<->/127.0.0.1:9998,OPEN,fill=-,flush=-,to=1/30000}{io=0/0,kio=0,kro=1}->HttpConnection@60b5a873[p=HttpParser{s=START,0 of -1},g=HttpGenerator@66624f28{s=START}]=>HttpChannelOverHttp@127d9477{r=1,c=false,c=false/false,a=IDLE,uri=null,age=0} parse HeapByteBuffer@5c85aa88[p=0,l=0,c=8192,r=0]={<<<>>>HTTP/1.1 200 OK\r\n...\x00\x00\x00\x00\x00\x00\x00\x00\x00\x00\x00\x00\x00\x00\x00} {}
22:22:08.142 [qtp704894556-57] DEBUG org.eclipse.jetty.http.HttpParser - parseNext s=START HeapByteBuffer@5c85aa88[p=0,l=0,c=8192,r=0]={<<<>>>HTTP/1.1 200 OK\r\n...\x00\x00\x00\x00\x00\x00\x00\x00\x00\x00\x00\x00\x00\x00\x00}
22:22:08.143 [qtp704894556-57] DEBUG o.e.jetty.server.HttpConnection - HttpConnection@60b5a873::SocketChannelEndPoint@1885ff07{/127.0.0.1:44200<->/127.0.0.1:9998,OPEN,fill=-,flush=-,to=1/30000}{io=0/0,kio=0,kro=1}->HttpConnection@60b5a873[p=HttpParser{s=START,0 of -1},g=HttpGenerator@66624f28{s=START}]=>HttpChannelOverHttp@127d9477{r=1,c=false,c=false/false,a=IDLE,uri=null,age=0} parsed false HttpParser{s=START,0 of -1}
22:22:08.143 [qtp704894556-57] DEBUG o.e.jetty.server.HttpConnection - releaseRequestBuffer HttpConnection@60b5a873::SocketChannelEndPoint@1885ff07{/127.0.0.1:44200<->/127.0.0.1:9998,OPEN,fill=-,flush=-,to=2/30000}{io=0/0,kio=0,kro=1}->HttpConnection@60b5a873[p=HttpParser{s=START,0 of -1},g=HttpGenerator@66624f28{s=START}]=>HttpChannelOverHttp@127d9477{r=1,c=false,c=false/false,a=IDLE,uri=null,age=0}
22:22:08.143 [qtp704894556-57] DEBUG o.e.jetty.io.AbstractConnection - fillInterested HttpConnection@60b5a873::SocketChannelEndPoint@1885ff07{/127.0.0.1:44200<->/127.0.0.1:9998,OPEN,fill=-,flush=-,to=2/30000}{io=0/0,kio=0,kro=1}->HttpConnection@60b5a873[p=HttpParser{s=START,0 of -1},g=HttpGenerator@66624f28{s=START}]=>HttpChannelOverHttp@127d9477{r=1,c=false,c=false/false,a=IDLE,uri=null,age=0}
22:22:08.143 [qtp704894556-57] DEBUG org.eclipse.jetty.io.FillInterest - interested FillInterest@1842a1bf{AC.ReadCB@60b5a873{HttpConnection@60b5a873::SocketChannelEndPoint@1885ff07{/127.0.0.1:44200<->/127.0.0.1:9998,OPEN,fill=FI,flush=-,to=0/30000}{io=0/0,kio=0,kro=1}->HttpConnection@60b5a873[p=HttpParser{s=START,0 of -1},g=HttpGenerator@66624f28{s=START}]=>HttpChannelOverHttp@127d9477{r=1,c=false,c=false/false,a=IDLE,uri=null,age=0}}}
22:22:08.143 [qtp704894556-57] DEBUG org.eclipse.jetty.io.ChannelEndPoint - changeInterests p=false 0->1 for SocketChannelEndPoint@1885ff07{/127.0.0.1:44200<->/127.0.0.1:9998,OPEN,fill=FI,flush=-,to=0/30000}{io=0/1,kio=0,kro=1}->HttpConnection@60b5a873[p=HttpParser{s=START,0 of -1},g=HttpGenerator@66624f28{s=START}]=>HttpChannelOverHttp@127d9477{r=1,c=false,c=false/false,a=IDLE,uri=null,age=0}
22:22:08.143 [qtp704894556-57] DEBUG org.eclipse.jetty.io.ManagedSelector - Queued change org.eclipse.jetty.io.ChannelEndPoint$1@3750e713 on ManagedSelector@4d0753c9{STARTED} id=1 keys=1 selected=0 updates=0
22:22:08.143 [qtp704894556-57] DEBUG org.eclipse.jetty.io.ManagedSelector - Wakeup on submit ManagedSelector@4d0753c9{STARTED} id=1 keys=1 selected=0 updates=1
22:22:08.143 [qtp704894556-51] DEBUG org.eclipse.jetty.io.ManagedSelector - Selector sun.nio.ch.EPollSelectorImpl@2bcbbd4a woken with none selected
22:22:08.143 [qtp704894556-51] DEBUG org.eclipse.jetty.io.ManagedSelector - Selector sun.nio.ch.EPollSelectorImpl@2bcbbd4a woken up from select, 0/0/1 selected
22:22:08.143 [qtp704894556-57] DEBUG o.e.jetty.server.HttpConnection - HttpConnection@60b5a873::SocketChannelEndPoint@1885ff07{/127.0.0.1:44200<->/127.0.0.1:9998,OPEN,fill=FI,flush=-,to=0/30000}{io=0/1,kio=0,kro=1}->HttpConnection@60b5a873[p=HttpParser{s=START,0 of -1},g=HttpGenerator@66624f28{s=START}]=>HttpChannelOverHttp@127d9477{r=1,c=false,c=false/false,a=IDLE,uri=null,age=0} onFillable exit HttpChannelState@577f185c{s=IDLE a=NOT_ASYNC i=true r=IDLE w=false} null
22:22:08.143 [qtp704894556-51] DEBUG org.eclipse.jetty.io.ManagedSelector - Selector sun.nio.ch.EPollSelectorImpl@2bcbbd4a processing 0 keys, 1 updates
22:22:08.143 [qtp704894556-51] DEBUG org.eclipse.jetty.io.ManagedSelector - updateable 1
22:22:08.143 [qtp704894556-51] DEBUG org.eclipse.jetty.io.ManagedSelector - update org.eclipse.jetty.io.ChannelEndPoint$1@3750e713
22:22:08.143 [qtp704894556-57] DEBUG o.e.j.util.thread.QueuedThreadPool - ran CEP:SocketChannelEndPoint@1885ff07{/127.0.0.1:44200<->/127.0.0.1:9998,OPEN,fill=FI,flush=-,to=0/30000}{io=0/1,kio=0,kro=1}->HttpConnection@60b5a873[p=HttpParser{s=START,0 of -1},g=HttpGenerator@66624f28{s=START}]=>HttpChannelOverHttp@127d9477{r=1,c=false,c=false/false,a=IDLE,uri=null,age=0}:runFillable:BLOCKING
22:22:08.143 [qtp704894556-51] DEBUG org.eclipse.jetty.io.ChannelEndPoint - Key interests updated 0 -> 1 on SocketChannelEndPoint@1885ff07{/127.0.0.1:44200<->/127.0.0.1:9998,OPEN,fill=FI,flush=-,to=0/30000}{io=1/1,kio=1,kro=1}->HttpConnection@60b5a873[p=HttpParser{s=START,0 of -1},g=HttpGenerator@66624f28{s=START}]=>HttpChannelOverHttp@127d9477{r=1,c=false,c=false/false,a=IDLE,uri=null,age=0}
22:22:08.143 [qtp704894556-51] DEBUG org.eclipse.jetty.io.ManagedSelector - updates 0
22:22:08.143 [qtp704894556-51] DEBUG org.eclipse.jetty.io.ManagedSelector - Selector sun.nio.ch.EPollSelectorImpl@2bcbbd4a waiting with 1 keys
22:22:08.174 [main] DEBUG o.e.j.u.component.AbstractLifeCycle - stopping Server@6642dc5a{STARTED}[9.4.17.v20190418]
22:22:08.174 [main] DEBUG org.eclipse.jetty.server.Server - doStop Server@6642dc5a{STOPPING}[9.4.17.v20190418]
22:22:08.174 [main] DEBUG o.e.j.s.h.AbstractHandlerContainer - Graceful shutdown Server@6642dc5a{STOPPING}[9.4.17.v20190418] by 
22:22:08.174 [qtp704894556-54] DEBUG o.e.j.util.thread.QueuedThreadPool - ran qtp704894556-54-acceptor-0@b0e5507-ServerConnector@2009f9b0{HTTP/1.1,[http/1.1]}{0.0.0.0:9998}
22:22:08.174 [main] DEBUG o.e.j.u.component.AbstractLifeCycle - stopping ServerConnector@2009f9b0{HTTP/1.1,[http/1.1]}{0.0.0.0:9998}
22:22:08.175 [main] DEBUG o.e.j.u.component.AbstractLifeCycle - stopping SelectorManager@ServerConnector@2009f9b0{HTTP/1.1,[http/1.1]}{0.0.0.0:9998}
22:22:08.175 [main] DEBUG o.e.j.u.component.AbstractLifeCycle - stopping ManagedSelector@28f878a0{STARTED} id=3 keys=0 selected=0 updates=0
22:22:08.175 [main] DEBUG org.eclipse.jetty.io.ManagedSelector - Queued change org.eclipse.jetty.io.ManagedSelector$CloseConnections@53b8afea on ManagedSelector@28f878a0{STOPPING} id=3 keys=0 selected=0 updates=0
22:22:08.175 [main] DEBUG org.eclipse.jetty.io.ManagedSelector - Wakeup on submit ManagedSelector@28f878a0{STOPPING} id=3 keys=0 selected=0 updates=1
22:22:08.175 [qtp704894556-53] DEBUG org.eclipse.jetty.io.ManagedSelector - Selector sun.nio.ch.EPollSelectorImpl@26a6ca33 woken with none selected
22:22:08.175 [qtp704894556-53] DEBUG org.eclipse.jetty.io.ManagedSelector - Selector sun.nio.ch.EPollSelectorImpl@26a6ca33 woken up from select, 0/0/0 selected
22:22:08.175 [qtp704894556-53] DEBUG org.eclipse.jetty.io.ManagedSelector - Selector sun.nio.ch.EPollSelectorImpl@26a6ca33 processing 0 keys, 1 updates
22:22:08.175 [qtp704894556-53] DEBUG org.eclipse.jetty.io.ManagedSelector - updateable 1
22:22:08.175 [qtp704894556-53] DEBUG org.eclipse.jetty.io.ManagedSelector - update org.eclipse.jetty.io.ManagedSelector$CloseConnections@53b8afea
22:22:08.175 [qtp704894556-53] DEBUG org.eclipse.jetty.io.ManagedSelector - Closing 0 connections on ManagedSelector@28f878a0{STOPPING} id=3 keys=0 selected=0 updates=0
22:22:08.175 [qtp704894556-53] DEBUG org.eclipse.jetty.io.ManagedSelector - updates 0
22:22:08.175 [qtp704894556-53] DEBUG org.eclipse.jetty.io.ManagedSelector - Selector sun.nio.ch.EPollSelectorImpl@26a6ca33 waiting with 0 keys
22:22:08.175 [main] DEBUG org.eclipse.jetty.io.ManagedSelector - Queued change org.eclipse.jetty.io.ManagedSelector$StopSelector@6c302a1d on ManagedSelector@28f878a0{STOPPING} id=3 keys=0 selected=0 updates=0
22:22:08.175 [main] DEBUG org.eclipse.jetty.io.ManagedSelector - Wakeup on submit ManagedSelector@28f878a0{STOPPING} id=3 keys=0 selected=0 updates=1
22:22:08.175 [qtp704894556-53] DEBUG org.eclipse.jetty.io.ManagedSelector - Selector sun.nio.ch.EPollSelectorImpl@26a6ca33 woken with none selected
22:22:08.175 [qtp704894556-53] DEBUG org.eclipse.jetty.io.ManagedSelector - Selector sun.nio.ch.EPollSelectorImpl@26a6ca33 woken up from select, 0/0/0 selected
22:22:08.175 [qtp704894556-53] DEBUG org.eclipse.jetty.io.ManagedSelector - Selector sun.nio.ch.EPollSelectorImpl@26a6ca33 processing 0 keys, 1 updates
22:22:08.175 [qtp704894556-53] DEBUG org.eclipse.jetty.io.ManagedSelector - updateable 1
22:22:08.175 [qtp704894556-53] DEBUG org.eclipse.jetty.io.ManagedSelector - update org.eclipse.jetty.io.ManagedSelector$StopSelector@6c302a1d
22:22:08.175 [qtp704894556-53] DEBUG org.eclipse.jetty.io.ManagedSelector - updates 0
22:22:08.175 [main] DEBUG o.e.j.u.component.AbstractLifeCycle - stopping EatWhatYouKill@25a5c7db/SelectorProducer@4d27d9d/PRODUCING/p=false/JettyConnectorThreadPool[qtp704894556]@2a03d65c{STARTED,8<=8<=200,i=3,q=0}[ReservedThreadExecutor@3bd3d05e{s=1/8,p=0}][pc=0,pic=0,pec=0,epc=0]@2020-09-27T22:22:08.175+01:00
22:22:08.175 [qtp704894556-53] DEBUG o.e.j.util.thread.QueuedThreadPool - ran org.eclipse.jetty.io.ManagedSelector$$Lambda$198/1041326823@255e5e2e
22:22:08.175 [main] DEBUG o.e.j.u.component.AbstractLifeCycle - STOPPED EatWhatYouKill@25a5c7db/SelectorProducer@4d27d9d/IDLE/p=false/JettyConnectorThreadPool[qtp704894556]@2a03d65c{STARTED,8<=8<=200,i=4,q=0}[ReservedThreadExecutor@3bd3d05e{s=1/8,p=0}][pc=0,pic=0,pec=0,epc=0]@2020-09-27T22:22:08.175+01:00
22:22:08.175 [main] DEBUG o.e.j.u.component.AbstractLifeCycle - STOPPED ManagedSelector@28f878a0{STOPPED} id=3 keys=-1 selected=-1 updates=0
22:22:08.175 [main] DEBUG o.e.j.u.component.AbstractLifeCycle - stopping ManagedSelector@52cb4f50{STARTED} id=2 keys=0 selected=0 updates=0
22:22:08.175 [main] DEBUG org.eclipse.jetty.io.ManagedSelector - Queued change org.eclipse.jetty.io.ManagedSelector$CloseConnections@33a3c44a on ManagedSelector@52cb4f50{STOPPING} id=2 keys=0 selected=0 updates=0
22:22:08.175 [main] DEBUG org.eclipse.jetty.io.ManagedSelector - Wakeup on submit ManagedSelector@52cb4f50{STOPPING} id=2 keys=0 selected=0 updates=1
22:22:08.175 [qtp704894556-52] DEBUG org.eclipse.jetty.io.ManagedSelector - Selector sun.nio.ch.EPollSelectorImpl@2a7e42f2 woken with none selected
22:22:08.175 [qtp704894556-52] DEBUG org.eclipse.jetty.io.ManagedSelector - Selector sun.nio.ch.EPollSelectorImpl@2a7e42f2 woken up from select, 0/0/0 selected
22:22:08.175 [qtp704894556-52] DEBUG org.eclipse.jetty.io.ManagedSelector - Selector sun.nio.ch.EPollSelectorImpl@2a7e42f2 processing 0 keys, 1 updates
22:22:08.175 [qtp704894556-52] DEBUG org.eclipse.jetty.io.ManagedSelector - updateable 1
22:22:08.175 [qtp704894556-52] DEBUG org.eclipse.jetty.io.ManagedSelector - update org.eclipse.jetty.io.ManagedSelector$CloseConnections@33a3c44a
22:22:08.175 [qtp704894556-52] DEBUG org.eclipse.jetty.io.ManagedSelector - Closing 0 connections on ManagedSelector@52cb4f50{STOPPING} id=2 keys=0 selected=0 updates=0
22:22:08.175 [qtp704894556-52] DEBUG org.eclipse.jetty.io.ManagedSelector - updates 0
22:22:08.175 [qtp704894556-52] DEBUG org.eclipse.jetty.io.ManagedSelector - Selector sun.nio.ch.EPollSelectorImpl@2a7e42f2 waiting with 0 keys
22:22:08.176 [main] DEBUG org.eclipse.jetty.io.ManagedSelector - Queued change org.eclipse.jetty.io.ManagedSelector$StopSelector@5fcfca62 on ManagedSelector@52cb4f50{STOPPING} id=2 keys=0 selected=0 updates=0
22:22:08.176 [main] DEBUG org.eclipse.jetty.io.ManagedSelector - Wakeup on submit ManagedSelector@52cb4f50{STOPPING} id=2 keys=0 selected=0 updates=1
22:22:08.176 [qtp704894556-52] DEBUG org.eclipse.jetty.io.ManagedSelector - Selector sun.nio.ch.EPollSelectorImpl@2a7e42f2 woken with none selected
22:22:08.176 [qtp704894556-52] DEBUG org.eclipse.jetty.io.ManagedSelector - Selector sun.nio.ch.EPollSelectorImpl@2a7e42f2 woken up from select, 0/0/0 selected
22:22:08.176 [qtp704894556-52] DEBUG org.eclipse.jetty.io.ManagedSelector - Selector sun.nio.ch.EPollSelectorImpl@2a7e42f2 processing 0 keys, 1 updates
22:22:08.176 [qtp704894556-52] DEBUG org.eclipse.jetty.io.ManagedSelector - updateable 1
22:22:08.176 [qtp704894556-52] DEBUG org.eclipse.jetty.io.ManagedSelector - update org.eclipse.jetty.io.ManagedSelector$StopSelector@5fcfca62
22:22:08.176 [qtp704894556-52] DEBUG org.eclipse.jetty.io.ManagedSelector - updates 0
22:22:08.176 [main] DEBUG o.e.j.u.component.AbstractLifeCycle - stopping EatWhatYouKill@1416a80a/SelectorProducer@719bb3b4/PRODUCING/p=false/JettyConnectorThreadPool[qtp704894556]@2a03d65c{STARTED,8<=8<=200,i=4,q=0}[ReservedThreadExecutor@3bd3d05e{s=1/8,p=0}][pc=0,pic=0,pec=0,epc=0]@2020-09-27T22:22:08.176+01:00
22:22:08.176 [qtp704894556-52] DEBUG o.e.j.util.thread.QueuedThreadPool - ran org.eclipse.jetty.io.ManagedSelector$$Lambda$198/1041326823@7f5eae0f
22:22:08.176 [main] DEBUG o.e.j.u.component.AbstractLifeCycle - STOPPED EatWhatYouKill@1416a80a/SelectorProducer@719bb3b4/IDLE/p=false/JettyConnectorThreadPool[qtp704894556]@2a03d65c{STARTED,8<=8<=200,i=5,q=0}[ReservedThreadExecutor@3bd3d05e{s=1/8,p=0}][pc=0,pic=0,pec=0,epc=0]@2020-09-27T22:22:08.176+01:00
22:22:08.176 [main] DEBUG o.e.j.u.component.AbstractLifeCycle - STOPPED ManagedSelector@52cb4f50{STOPPED} id=2 keys=-1 selected=-1 updates=0
22:22:08.176 [main] DEBUG o.e.j.u.component.AbstractLifeCycle - stopping ManagedSelector@4d0753c9{STARTED} id=1 keys=1 selected=0 updates=0
22:22:08.176 [main] DEBUG org.eclipse.jetty.io.ManagedSelector - Queued change org.eclipse.jetty.io.ManagedSelector$CloseConnections@499ef98e on ManagedSelector@4d0753c9{STOPPING} id=1 keys=1 selected=0 updates=0
22:22:08.176 [main] DEBUG org.eclipse.jetty.io.ManagedSelector - Wakeup on submit ManagedSelector@4d0753c9{STOPPING} id=1 keys=1 selected=0 updates=1
22:22:08.176 [qtp704894556-51] DEBUG org.eclipse.jetty.io.ManagedSelector - Selector sun.nio.ch.EPollSelectorImpl@2bcbbd4a woken with none selected
22:22:08.176 [qtp704894556-51] DEBUG org.eclipse.jetty.io.ManagedSelector - Selector sun.nio.ch.EPollSelectorImpl@2bcbbd4a woken up from select, 0/0/1 selected
22:22:08.176 [qtp704894556-51] DEBUG org.eclipse.jetty.io.ManagedSelector - Selector sun.nio.ch.EPollSelectorImpl@2bcbbd4a processing 0 keys, 1 updates
22:22:08.176 [qtp704894556-51] DEBUG org.eclipse.jetty.io.ManagedSelector - updateable 1
22:22:08.176 [qtp704894556-51] DEBUG org.eclipse.jetty.io.ManagedSelector - update org.eclipse.jetty.io.ManagedSelector$CloseConnections@499ef98e
22:22:08.176 [qtp704894556-51] DEBUG org.eclipse.jetty.io.ManagedSelector - Closing 1 connections on ManagedSelector@4d0753c9{STOPPING} id=1 keys=1 selected=0 updates=0
22:22:08.176 [qtp704894556-51] DEBUG o.eclipse.jetty.io.AbstractEndPoint - close SocketChannelEndPoint@1885ff07{/127.0.0.1:44200<->/127.0.0.1:9998,OPEN,fill=FI,flush=-,to=33/30000}{io=1/1,kio=1,kro=1}->HttpConnection@60b5a873[p=HttpParser{s=START,0 of -1},g=HttpGenerator@66624f28{s=START}]=>HttpChannelOverHttp@127d9477{r=1,c=false,c=false/false,a=IDLE,uri=null,age=0}
22:22:08.176 [qtp704894556-51] DEBUG o.eclipse.jetty.io.AbstractEndPoint - close(null) SocketChannelEndPoint@1885ff07{/127.0.0.1:44200<->/127.0.0.1:9998,OPEN,fill=FI,flush=-,to=33/30000}{io=1/1,kio=1,kro=1}->HttpConnection@60b5a873[p=HttpParser{s=START,0 of -1},g=HttpGenerator@66624f28{s=START}]=>HttpChannelOverHttp@127d9477{r=1,c=false,c=false/false,a=IDLE,uri=null,age=0}
22:22:08.176 [qtp704894556-51] DEBUG org.eclipse.jetty.io.ChannelEndPoint - doClose SocketChannelEndPoint@1885ff07{/127.0.0.1:44200<->/127.0.0.1:9998,CLOSED,fill=FI,flush=-,to=33/30000}{io=1/1,kio=1,kro=1}->HttpConnection@60b5a873[p=HttpParser{s=START,0 of -1},g=HttpGenerator@66624f28{s=START}]=>HttpChannelOverHttp@127d9477{r=1,c=false,c=false/false,a=IDLE,uri=null,age=0}
22:22:08.177 [qtp704894556-51] DEBUG org.eclipse.jetty.io.WriteFlusher - ignored: WriteFlusher@3b492846{IDLE}->null
java.nio.channels.ClosedChannelException: null
	at org.eclipse.jetty.io.WriteFlusher.onClose(WriteFlusher.java:492)
	at org.eclipse.jetty.io.AbstractEndPoint.onClose(AbstractEndPoint.java:353)
	at org.eclipse.jetty.io.ChannelEndPoint.onClose(ChannelEndPoint.java:215)
	at org.eclipse.jetty.io.AbstractEndPoint.doOnClose(AbstractEndPoint.java:225)
	at org.eclipse.jetty.io.AbstractEndPoint.close(AbstractEndPoint.java:192)
	at org.eclipse.jetty.io.AbstractEndPoint.close(AbstractEndPoint.java:175)
	at org.eclipse.jetty.io.AbstractConnection.close(AbstractConnection.java:248)
	at org.eclipse.jetty.io.ManagedSelector.closeNoExceptions(ManagedSelector.java:252)
	at org.eclipse.jetty.io.ManagedSelector.access$1400(ManagedSelector.java:61)
	at org.eclipse.jetty.io.ManagedSelector$CloseConnections.update(ManagedSelector.java:866)
	at org.eclipse.jetty.io.ManagedSelector$SelectorProducer.processUpdates(ManagedSelector.java:426)
	at org.eclipse.jetty.io.ManagedSelector$SelectorProducer.produce(ManagedSelector.java:397)
	at org.eclipse.jetty.util.thread.strategy.EatWhatYouKill.produceTask(EatWhatYouKill.java:357)
	at org.eclipse.jetty.util.thread.strategy.EatWhatYouKill.doProduce(EatWhatYouKill.java:181)
	at org.eclipse.jetty.util.thread.strategy.EatWhatYouKill.tryProduce(EatWhatYouKill.java:168)
	at org.eclipse.jetty.util.thread.strategy.EatWhatYouKill.produce(EatWhatYouKill.java:132)
	at org.eclipse.jetty.util.thread.QueuedThreadPool.runJob(QueuedThreadPool.java:786)
	at org.eclipse.jetty.util.thread.QueuedThreadPool$2.run(QueuedThreadPool.java:743)
	at java.lang.Thread.run(Thread.java:748)
22:22:08.177 [qtp704894556-51] DEBUG org.eclipse.jetty.io.FillInterest - onClose FillInterest@1842a1bf{AC.ReadCB@60b5a873{HttpConnection@60b5a873::SocketChannelEndPoint@1885ff07{/127.0.0.1:44200<->/127.0.0.1:9998,CLOSED,fill=FI,flush=-,to=34/30000}{io=1/1,kio=-1,kro=-1}->HttpConnection@60b5a873[p=HttpParser{s=START,0 of -1},g=HttpGenerator@66624f28{s=START}]=>HttpChannelOverHttp@127d9477{r=1,c=false,c=false/false,a=IDLE,uri=null,age=0}}}
22:22:08.177 [qtp704894556-51] DEBUG org.eclipse.jetty.http.HttpParser - close HttpParser{s=START,0 of -1}
22:22:08.177 [qtp704894556-51] DEBUG org.eclipse.jetty.http.HttpParser - START --> CLOSE
22:22:08.177 [qtp704894556-51] DEBUG o.e.jetty.io.AbstractConnection - HttpConnection@60b5a873::SocketChannelEndPoint@1885ff07{/127.0.0.1:44200<->/127.0.0.1:9998,CLOSED,fill=-,flush=-,to=34/30000}{io=1/1,kio=-1,kro=-1}->HttpConnection@60b5a873[p=HttpParser{s=CLOSE,0 of -1},g=HttpGenerator@66624f28{s=START}]=>HttpChannelOverHttp@127d9477{r=1,c=false,c=false/false,a=IDLE,uri=null,age=0} onFillInterestedFailed {}
22:22:08.177 [qtp704894556-51] DEBUG org.eclipse.jetty.io.ManagedSelector - Wakeup ManagedSelector@4d0753c9{STOPPING} id=1 keys=1 selected=0 updates=0
22:22:08.177 [qtp704894556-51] DEBUG o.e.j.util.thread.QueuedThreadPool - queue org.eclipse.jetty.io.ManagedSelector$DestroyEndPoint@64315c78
22:22:08.177 [qtp704894556-51] DEBUG org.eclipse.jetty.io.ManagedSelector - updates 0
22:22:08.177 [qtp704894556-55] DEBUG o.e.j.util.thread.QueuedThreadPool - run org.eclipse.jetty.io.ManagedSelector$DestroyEndPoint@64315c78
22:22:08.177 [qtp704894556-51] DEBUG org.eclipse.jetty.io.ManagedSelector - Selector sun.nio.ch.EPollSelectorImpl@2bcbbd4a waiting with 1 keys
22:22:08.177 [main] DEBUG org.eclipse.jetty.io.ManagedSelector - Queued change org.eclipse.jetty.io.ManagedSelector$StopSelector@24934262 on ManagedSelector@4d0753c9{STOPPING} id=1 keys=1 selected=0 updates=0
22:22:08.177 [main] DEBUG org.eclipse.jetty.io.ManagedSelector - Wakeup on submit ManagedSelector@4d0753c9{STOPPING} id=1 keys=1 selected=0 updates=1
22:22:08.177 [qtp704894556-51] DEBUG org.eclipse.jetty.io.ManagedSelector - Selector sun.nio.ch.EPollSelectorImpl@2bcbbd4a woken with none selected
22:22:08.177 [qtp704894556-55] DEBUG org.eclipse.jetty.io.ManagedSelector - Destroyed SocketChannelEndPoint@1885ff07{/127.0.0.1:44200<->/127.0.0.1:9998,CLOSED,fill=-,flush=-,to=34/30000}{io=1/1,kio=-1,kro=-1}->HttpConnection@60b5a873[p=HttpParser{s=CLOSE,0 of -1},g=HttpGenerator@66624f28{s=START}]=>HttpChannelOverHttp@127d9477{r=1,c=false,c=false/false,a=IDLE,uri=null,age=0}
22:22:08.177 [qtp704894556-51] DEBUG org.eclipse.jetty.io.ManagedSelector - Selector sun.nio.ch.EPollSelectorImpl@2bcbbd4a woken up from select, 0/0/0 selected
22:22:08.177 [qtp704894556-51] DEBUG org.eclipse.jetty.io.ManagedSelector - Selector sun.nio.ch.EPollSelectorImpl@2bcbbd4a processing 0 keys, 1 updates
22:22:08.177 [qtp704894556-51] DEBUG org.eclipse.jetty.io.ManagedSelector - updateable 1
22:22:08.177 [qtp704894556-51] DEBUG org.eclipse.jetty.io.ManagedSelector - update org.eclipse.jetty.io.ManagedSelector$StopSelector@24934262
22:22:08.178 [qtp704894556-51] DEBUG org.eclipse.jetty.io.ManagedSelector - updates 0
22:22:08.178 [qtp704894556-55] DEBUG o.e.jetty.io.AbstractConnection - onClose HttpConnection@60b5a873::SocketChannelEndPoint@1885ff07{/127.0.0.1:44200<->/127.0.0.1:9998,CLOSED,fill=-,flush=-,to=34/30000}{io=1/1,kio=-1,kro=-1}->HttpConnection@60b5a873[p=HttpParser{s=CLOSE,0 of -1},g=HttpGenerator@66624f28{s=START}]=>HttpChannelOverHttp@127d9477{r=1,c=false,c=false/false,a=IDLE,uri=null,age=0}
22:22:08.178 [qtp704894556-55] DEBUG o.e.j.util.thread.QueuedThreadPool - ran org.eclipse.jetty.io.ManagedSelector$DestroyEndPoint@64315c78
22:22:08.178 [main] DEBUG o.e.j.u.component.AbstractLifeCycle - stopping EatWhatYouKill@55a609dd/SelectorProducer@4afd21c6/PRODUCING/p=false/JettyConnectorThreadPool[qtp704894556]@2a03d65c{STARTED,8<=8<=200,i=4,q=0}[ReservedThreadExecutor@3bd3d05e{s=1/8,p=0}][pc=0,pic=0,pec=1,epc=0]@2020-09-27T22:22:08.178+01:00
22:22:08.178 [qtp704894556-51] DEBUG o.e.j.util.thread.QueuedThreadPool - ran org.eclipse.jetty.io.ManagedSelector$$Lambda$198/1041326823@3c782d8e
22:22:08.178 [main] DEBUG o.e.j.u.component.AbstractLifeCycle - STOPPED EatWhatYouKill@55a609dd/SelectorProducer@4afd21c6/IDLE/p=false/JettyConnectorThreadPool[qtp704894556]@2a03d65c{STARTED,8<=8<=200,i=6,q=0}[ReservedThreadExecutor@3bd3d05e{s=1/8,p=0}][pc=0,pic=0,pec=1,epc=0]@2020-09-27T22:22:08.178+01:00
22:22:08.178 [main] DEBUG o.e.j.u.component.AbstractLifeCycle - STOPPED ManagedSelector@4d0753c9{STOPPED} id=1 keys=-1 selected=-1 updates=0
22:22:08.178 [main] DEBUG o.e.j.u.component.AbstractLifeCycle - stopping ManagedSelector@2e5ee2c9{STARTED} id=0 keys=0 selected=0 updates=0
22:22:08.178 [main] DEBUG org.eclipse.jetty.io.ManagedSelector - Queued change org.eclipse.jetty.io.ManagedSelector$CloseConnections@93f432e on ManagedSelector@2e5ee2c9{STOPPING} id=0 keys=0 selected=0 updates=0
22:22:08.178 [main] DEBUG org.eclipse.jetty.io.ManagedSelector - Wakeup on submit ManagedSelector@2e5ee2c9{STOPPING} id=0 keys=0 selected=0 updates=1
22:22:08.178 [qtp704894556-50] DEBUG org.eclipse.jetty.io.ManagedSelector - Selector sun.nio.ch.EPollSelectorImpl@51054fc5 woken with none selected
22:22:08.178 [qtp704894556-50] DEBUG org.eclipse.jetty.io.ManagedSelector - Selector sun.nio.ch.EPollSelectorImpl@51054fc5 woken up from select, 0/0/0 selected
22:22:08.178 [qtp704894556-50] DEBUG org.eclipse.jetty.io.ManagedSelector - Selector sun.nio.ch.EPollSelectorImpl@51054fc5 processing 0 keys, 1 updates
22:22:08.178 [qtp704894556-50] DEBUG org.eclipse.jetty.io.ManagedSelector - updateable 1
22:22:08.178 [qtp704894556-50] DEBUG org.eclipse.jetty.io.ManagedSelector - update org.eclipse.jetty.io.ManagedSelector$CloseConnections@93f432e
22:22:08.178 [qtp704894556-50] DEBUG org.eclipse.jetty.io.ManagedSelector - Closing 0 connections on ManagedSelector@2e5ee2c9{STOPPING} id=0 keys=0 selected=0 updates=0
22:22:08.178 [qtp704894556-50] DEBUG org.eclipse.jetty.io.ManagedSelector - updates 0
22:22:08.178 [qtp704894556-50] DEBUG org.eclipse.jetty.io.ManagedSelector - Selector sun.nio.ch.EPollSelectorImpl@51054fc5 waiting with 0 keys
22:22:08.178 [main] DEBUG org.eclipse.jetty.io.ManagedSelector - Queued change org.eclipse.jetty.io.ManagedSelector$StopSelector@288214b1 on ManagedSelector@2e5ee2c9{STOPPING} id=0 keys=0 selected=0 updates=0
22:22:08.178 [main] DEBUG org.eclipse.jetty.io.ManagedSelector - Wakeup on submit ManagedSelector@2e5ee2c9{STOPPING} id=0 keys=0 selected=0 updates=1
22:22:08.178 [qtp704894556-50] DEBUG org.eclipse.jetty.io.ManagedSelector - Selector sun.nio.ch.EPollSelectorImpl@51054fc5 woken with none selected
22:22:08.178 [qtp704894556-50] DEBUG org.eclipse.jetty.io.ManagedSelector - Selector sun.nio.ch.EPollSelectorImpl@51054fc5 woken up from select, 0/0/0 selected
22:22:08.178 [qtp704894556-50] DEBUG org.eclipse.jetty.io.ManagedSelector - Selector sun.nio.ch.EPollSelectorImpl@51054fc5 processing 0 keys, 1 updates
22:22:08.179 [qtp704894556-50] DEBUG org.eclipse.jetty.io.ManagedSelector - updateable 1
22:22:08.179 [qtp704894556-50] DEBUG org.eclipse.jetty.io.ManagedSelector - update org.eclipse.jetty.io.ManagedSelector$StopSelector@288214b1
22:22:08.179 [qtp704894556-50] DEBUG org.eclipse.jetty.io.ManagedSelector - updates 0
22:22:08.179 [qtp704894556-50] DEBUG o.e.j.util.thread.QueuedThreadPool - ran org.eclipse.jetty.io.ManagedSelector$$Lambda$198/1041326823@20411320
22:22:08.179 [main] DEBUG o.e.j.u.component.AbstractLifeCycle - stopping EatWhatYouKill@e322ec9/SelectorProducer@7acfb656/IDLE/p=false/JettyConnectorThreadPool[qtp704894556]@2a03d65c{STARTED,8<=8<=200,i=6,q=0}[ReservedThreadExecutor@3bd3d05e{s=1/8,p=0}][pc=0,pic=0,pec=0,epc=0]@2020-09-27T22:22:08.179+01:00
22:22:08.179 [main] DEBUG o.e.j.u.component.AbstractLifeCycle - STOPPED EatWhatYouKill@e322ec9/SelectorProducer@7acfb656/IDLE/p=false/JettyConnectorThreadPool[qtp704894556]@2a03d65c{STARTED,8<=8<=200,i=7,q=0}[ReservedThreadExecutor@3bd3d05e{s=1/8,p=0}][pc=0,pic=0,pec=0,epc=0]@2020-09-27T22:22:08.179+01:00
22:22:08.179 [main] DEBUG o.e.j.u.component.AbstractLifeCycle - STOPPED ManagedSelector@2e5ee2c9{STOPPED} id=0 keys=-1 selected=-1 updates=0
22:22:08.179 [main] DEBUG o.e.j.u.component.AbstractLifeCycle - STOPPED SelectorManager@ServerConnector@2009f9b0{HTTP/1.1,[http/1.1]}{0.0.0.0:9998}
22:22:08.179 [main] DEBUG o.e.j.u.component.AbstractLifeCycle - stopping HttpConnectionFactory@43da41e[HTTP/1.1]
22:22:08.179 [main] DEBUG o.e.j.u.component.AbstractLifeCycle - STOPPED HttpConnectionFactory@43da41e[HTTP/1.1]
22:22:08.179 [main] DEBUG o.e.j.u.component.AbstractLifeCycle - stopping ScheduledExecutorScheduler@50d951e7{STARTED}
22:22:08.179 [main] DEBUG o.e.j.u.component.AbstractLifeCycle - STOPPED ScheduledExecutorScheduler@50d951e7{STOPPED}
22:22:08.179 [main] INFO  o.e.jetty.server.AbstractConnector - Stopped ServerConnector@2009f9b0{HTTP/1.1,[http/1.1]}{0.0.0.0:9998}
22:22:08.179 [main] DEBUG o.e.j.u.component.AbstractLifeCycle - STOPPED ServerConnector@2009f9b0{HTTP/1.1,[http/1.1]}{0.0.0.0:9998}
22:22:08.179 [main] DEBUG o.e.j.server.handler.AbstractHandler - stopping Server@6642dc5a{STOPPING}[9.4.17.v20190418]
22:22:08.179 [main] DEBUG o.e.j.u.component.AbstractLifeCycle - stopping ErrorHandler@211febf3{STARTED}
22:22:08.179 [main] DEBUG o.e.j.server.handler.AbstractHandler - stopping ErrorHandler@211febf3{STOPPING}
22:22:08.179 [main] DEBUG o.e.j.u.component.AbstractLifeCycle - STOPPED ErrorHandler@211febf3{STOPPED}
22:22:08.179 [main] DEBUG o.e.j.u.component.AbstractLifeCycle - stopping JettyHttpContainer@4eb45fec{STARTED}
22:22:08.179 [main] DEBUG o.e.j.server.handler.AbstractHandler - stopping JettyHttpContainer@4eb45fec{STOPPING}
22:22:08.181 [main] DEBUG o.e.j.u.component.AbstractLifeCycle - STOPPED JettyHttpContainer@4eb45fec{STOPPED}
22:22:08.181 [main] DEBUG o.e.j.u.component.AbstractLifeCycle - stopping JettyConnectorThreadPool[qtp704894556]@2a03d65c{STARTED,8<=8<=200,i=7,q=0}[ReservedThreadExecutor@3bd3d05e{s=1/8,p=0}]
22:22:08.181 [main] DEBUG o.e.j.util.thread.QueuedThreadPool - Stopping JettyConnectorThreadPool[qtp704894556]@2a03d65c{STOPPING,8<=8<=200,i=7,q=0}[ReservedThreadExecutor@3bd3d05e{s=1/8,p=0}]
22:22:08.181 [main] DEBUG o.e.j.u.component.AbstractLifeCycle - stopping ReservedThreadExecutor@3bd3d05e{s=1/8,p=0}
22:22:08.181 [main] DEBUG o.e.j.u.t.ReservedThreadExecutor - ReservedThreadExecutor@3bd3d05e{s=0/8,p=0}@2133d63a offer STOP!
22:22:08.181 [qtp704894556-56] DEBUG o.e.j.u.t.ReservedThreadExecutor - ReservedThreadExecutor@3bd3d05e{s=0/8,p=0}@2133d63a task=STOP!
22:22:08.181 [qtp704894556-56] DEBUG o.e.j.u.t.ReservedThreadExecutor - ReservedThreadExecutor@3bd3d05e{s=0/8,p=0}@2133d63a Exited
22:22:08.181 [qtp704894556-56] DEBUG o.e.j.util.thread.QueuedThreadPool - ran ReservedThreadExecutor@3bd3d05e{s=0/8,p=0}@2133d63a
22:22:08.182 [main] DEBUG o.e.j.u.component.AbstractLifeCycle - STOPPED ReservedThreadExecutor@3bd3d05e{s=0/8,p=0}
22:22:08.182 [main] DEBUG o.e.j.util.thread.QueuedThreadPool - Waiting for Thread[qtp704894556-55,5,main] for 14999
22:22:08.182 [qtp704894556-57] DEBUG o.e.j.util.thread.QueuedThreadPool - run org.eclipse.jetty.util.thread.QueuedThreadPool$$Lambda$265/1547817015@542ada62
22:22:08.182 [qtp704894556-57] DEBUG o.e.j.util.thread.QueuedThreadPool - ran org.eclipse.jetty.util.thread.QueuedThreadPool$$Lambda$265/1547817015@542ada62
22:22:08.182 [qtp704894556-54] DEBUG o.e.j.util.thread.QueuedThreadPool - run org.eclipse.jetty.util.thread.QueuedThreadPool$$Lambda$265/1547817015@542ada62
22:22:08.182 [qtp704894556-54] DEBUG o.e.j.util.thread.QueuedThreadPool - ran org.eclipse.jetty.util.thread.QueuedThreadPool$$Lambda$265/1547817015@542ada62
22:22:08.184 [qtp704894556-53] DEBUG o.e.j.util.thread.QueuedThreadPool - run org.eclipse.jetty.util.thread.QueuedThreadPool$$Lambda$265/1547817015@542ada62
22:22:08.184 [qtp704894556-52] DEBUG o.e.j.util.thread.QueuedThreadPool - run org.eclipse.jetty.util.thread.QueuedThreadPool$$Lambda$265/1547817015@542ada62
22:22:08.184 [qtp704894556-53] DEBUG o.e.j.util.thread.QueuedThreadPool - ran org.eclipse.jetty.util.thread.QueuedThreadPool$$Lambda$265/1547817015@542ada62
22:22:08.184 [qtp704894556-52] DEBUG o.e.j.util.thread.QueuedThreadPool - ran org.eclipse.jetty.util.thread.QueuedThreadPool$$Lambda$265/1547817015@542ada62
22:22:08.185 [qtp704894556-55] DEBUG o.e.j.util.thread.QueuedThreadPool - run org.eclipse.jetty.util.thread.QueuedThreadPool$$Lambda$265/1547817015@542ada62
22:22:08.185 [qtp704894556-50] DEBUG o.e.j.util.thread.QueuedThreadPool - run org.eclipse.jetty.util.thread.QueuedThreadPool$$Lambda$265/1547817015@542ada62
22:22:08.185 [qtp704894556-55] DEBUG o.e.j.util.thread.QueuedThreadPool - ran org.eclipse.jetty.util.thread.QueuedThreadPool$$Lambda$265/1547817015@542ada62
22:22:08.185 [qtp704894556-50] DEBUG o.e.j.util.thread.QueuedThreadPool - ran org.eclipse.jetty.util.thread.QueuedThreadPool$$Lambda$265/1547817015@542ada62
22:22:08.185 [qtp704894556-51] DEBUG o.e.j.util.thread.QueuedThreadPool - run org.eclipse.jetty.util.thread.QueuedThreadPool$$Lambda$265/1547817015@542ada62
22:22:08.185 [qtp704894556-51] DEBUG o.e.j.util.thread.QueuedThreadPool - ran org.eclipse.jetty.util.thread.QueuedThreadPool$$Lambda$265/1547817015@542ada62
22:22:08.185 [main] DEBUG o.e.j.util.thread.QueuedThreadPool - Waiting for Thread[qtp704894556-52,5,] for 14996
22:22:08.185 [main] DEBUG o.e.j.util.thread.QueuedThreadPool - Waiting for Thread[qtp704894556-51,5,] for 14996
22:22:08.185 [main] DEBUG o.e.j.u.component.AbstractLifeCycle - STOPPED JettyConnectorThreadPool[qtp704894556]@2a03d65c{STOPPED,8<=0<=200,i=0,q=0}[org.eclipse.jetty.util.thread.TryExecutor$$Lambda$180/1484275564@1cefc4b3]
22:22:08.185 [main] DEBUG o.e.j.u.component.AbstractLifeCycle - STOPPED Server@6642dc5a{STOPPED}[9.4.17.v20190418]
]]></system-out>
    <system-err><![CDATA[set 27, 2020 10:22:07 PM org.glassfish.jersey.test.jetty.JettyTestContainerFactory$JettyTestContainer <init>
INFO: Creating JettyTestContainer configured at the base URI http://localhost:9998/
]]></system-err>
  </testcase>
  <testcase name="testCreateContactWithMissingLastName" classname="com.brunogoncalves.phonebook.resource.ContactResourceTest" time="0.213">
    <system-out><![CDATA[22:22:08.224 [main] DEBUG o.h.v.i.e.r.TraversableResolvers - Cannot find javax.persistence.Persistence on classpath. Assuming non JPA 2 environment. All properties will per default be traversable.
22:22:08.224 [main] DEBUG o.h.v.i.x.config.ValidationXmlParser - Trying to load META-INF/validation.xml for XML based Validator configuration.
22:22:08.224 [main] DEBUG o.h.v.i.x.c.ResourceLoaderHelper - Trying to load META-INF/validation.xml via TCCL
22:22:08.225 [main] DEBUG o.h.v.i.x.c.ResourceLoaderHelper - Trying to load META-INF/validation.xml via Hibernate Validator's class loader
22:22:08.225 [main] DEBUG o.h.v.i.x.config.ValidationXmlParser - No META-INF/validation.xml found. Using annotation based configuration only.
22:22:08.229 [main] DEBUG o.h.v.m.ResourceBundleMessageInterpolator - Loaded expression factory via original TCCL
22:22:08.229 [main] DEBUG o.h.v.i.engine.ValidatorFactoryImpl - HV000234: Using org.hibernate.validator.messageinterpolation.ResourceBundleMessageInterpolator as ValidatorFactory-scoped message interpolator.
22:22:08.229 [main] DEBUG o.h.v.i.engine.ValidatorFactoryImpl - HV000234: Using org.hibernate.validator.internal.engine.resolver.TraverseAllTraversableResolver as ValidatorFactory-scoped traversable resolver.
22:22:08.229 [main] DEBUG o.h.v.i.engine.ValidatorFactoryImpl - HV000234: Using org.hibernate.validator.internal.util.ExecutableParameterNameProvider as ValidatorFactory-scoped parameter name provider.
22:22:08.229 [main] DEBUG o.h.v.i.engine.ValidatorFactoryImpl - HV000234: Using org.hibernate.validator.internal.engine.DefaultClockProvider as ValidatorFactory-scoped clock provider.
22:22:08.229 [main] DEBUG o.h.v.i.engine.ValidatorFactoryImpl - HV000234: Using org.hibernate.validator.internal.engine.scripting.DefaultScriptEvaluatorFactory as ValidatorFactory-scoped script evaluator factory.
22:22:08.234 [main] DEBUG o.e.j.u.component.ContainerLifeCycle - Server@760245e1{STOPPED}[9.4.17.v20190418] added {JettyConnectorThreadPool[qtp720661245]@2af46afd{STOPPED,8<=0<=200,i=0,q=0}[org.eclipse.jetty.util.thread.TryExecutor$$Lambda$180/1484275564@1cefc4b3],AUTO}
22:22:08.235 [main] DEBUG o.e.j.u.component.ContainerLifeCycle - HttpConnectionFactory@31ceba99[HTTP/1.1] added {HttpConfiguration@295bf2a{32768/8192,8192/8192,https://:0,[]},POJO}
22:22:08.235 [main] DEBUG o.e.j.u.component.ContainerLifeCycle - ServerConnector@bbf9e07{null,[]}{0.0.0.0:0} added {Server@760245e1{STOPPED}[9.4.17.v20190418],UNMANAGED}
22:22:08.235 [main] DEBUG o.e.j.u.component.ContainerLifeCycle - ServerConnector@bbf9e07{null,[]}{0.0.0.0:0} added {JettyConnectorThreadPool[qtp720661245]@2af46afd{STOPPED,8<=0<=200,i=0,q=0}[org.eclipse.jetty.util.thread.TryExecutor$$Lambda$180/1484275564@1cefc4b3],AUTO}
22:22:08.235 [main] DEBUG o.e.j.u.component.ContainerLifeCycle - ServerConnector@bbf9e07{null,[]}{0.0.0.0:0} added {ScheduledExecutorScheduler@6ff6efdc{STOPPED},AUTO}
22:22:08.235 [main] DEBUG o.e.j.u.component.ContainerLifeCycle - ServerConnector@bbf9e07{null,[]}{0.0.0.0:0} added {org.eclipse.jetty.io.ArrayByteBufferPool@2b289ac9,POJO}
22:22:08.235 [main] DEBUG o.e.j.u.component.ContainerLifeCycle - ServerConnector@bbf9e07{null,[http/1.1]}{0.0.0.0:0} added {HttpConnectionFactory@31ceba99[HTTP/1.1],AUTO}
22:22:08.235 [main] DEBUG o.e.jetty.server.AbstractConnector - ServerConnector@bbf9e07{HTTP/1.1,[http/1.1]}{0.0.0.0:0} added HttpConnectionFactory@31ceba99[HTTP/1.1]
22:22:08.235 [main] DEBUG o.e.j.u.component.ContainerLifeCycle - ServerConnector@bbf9e07{HTTP/1.1,[http/1.1]}{0.0.0.0:0} added {SelectorManager@ServerConnector@bbf9e07{HTTP/1.1,[http/1.1]}{0.0.0.0:0},MANAGED}
22:22:08.235 [main] DEBUG o.e.j.u.component.ContainerLifeCycle - Server@760245e1{STOPPED}[9.4.17.v20190418] added {ServerConnector@bbf9e07{HTTP/1.1,[http/1.1]}{0.0.0.0:9998},AUTO}
22:22:08.235 [main] DEBUG o.e.j.u.component.ContainerLifeCycle - Server@760245e1{STOPPED}[9.4.17.v20190418] added {JettyHttpContainer@4eb1c69{STOPPED},MANAGED}
22:22:08.235 [main] DEBUG o.e.j.u.component.AbstractLifeCycle - starting Server@760245e1{STOPPED}[9.4.17.v20190418]
22:22:08.235 [main] DEBUG o.e.j.u.component.ContainerLifeCycle - Server@760245e1{STARTING}[9.4.17.v20190418] added {ErrorHandler@73d3e555{STOPPED},AUTO}
22:22:08.235 [main] INFO  org.eclipse.jetty.server.Server - jetty-9.4.17.v20190418; built: 2019-04-18T19:45:35.259Z; git: aa1c656c315c011c01e7b21aabb04066635b9f67; jvm 1.8.0_265-8u265-b01-0ubuntu2~18.04-b01
22:22:08.235 [main] DEBUG o.e.j.server.handler.AbstractHandler - starting Server@760245e1{STARTING}[9.4.17.v20190418]
22:22:08.235 [main] DEBUG o.e.j.u.component.AbstractLifeCycle - starting JettyConnectorThreadPool[qtp720661245]@2af46afd{STOPPED,8<=0<=200,i=0,q=0}[org.eclipse.jetty.util.thread.TryExecutor$$Lambda$180/1484275564@1cefc4b3]
22:22:08.235 [main] DEBUG o.e.j.u.t.ReservedThreadExecutor - ReservedThreadExecutor@2b037cfc{s=0/8,p=0}
22:22:08.235 [main] DEBUG o.e.j.u.component.ContainerLifeCycle - JettyConnectorThreadPool[qtp720661245]@2af46afd{STARTING,8<=0<=200,i=0,q=0}[ReservedThreadExecutor@2b037cfc{s=0/8,p=0}] added {ReservedThreadExecutor@2b037cfc{s=0/8,p=0},AUTO}
22:22:08.235 [main] DEBUG o.e.j.u.component.AbstractLifeCycle - starting ReservedThreadExecutor@2b037cfc{s=0/8,p=0}
22:22:08.235 [main] DEBUG o.e.j.u.component.AbstractLifeCycle - STARTED @2715ms ReservedThreadExecutor@2b037cfc{s=0/8,p=0}
22:22:08.235 [main] DEBUG o.e.j.util.thread.QueuedThreadPool - Starting Thread[qtp720661245-59,5,main]
22:22:08.237 [main] DEBUG o.e.j.util.thread.QueuedThreadPool - Starting Thread[qtp720661245-60,5,main]
22:22:08.239 [main] DEBUG o.e.j.util.thread.QueuedThreadPool - Starting Thread[qtp720661245-61,5,main]
22:22:08.241 [main] DEBUG o.e.j.util.thread.QueuedThreadPool - Starting Thread[qtp720661245-62,5,main]
22:22:08.241 [main] DEBUG o.e.j.util.thread.QueuedThreadPool - Starting Thread[qtp720661245-63,5,main]
22:22:08.241 [main] DEBUG o.e.j.util.thread.QueuedThreadPool - Starting Thread[qtp720661245-64,5,main]
22:22:08.242 [main] DEBUG o.e.j.util.thread.QueuedThreadPool - Starting Thread[qtp720661245-65,5,main]
22:22:08.242 [main] DEBUG o.e.j.util.thread.QueuedThreadPool - Starting Thread[qtp720661245-66,5,main]
22:22:08.242 [main] DEBUG o.e.j.u.component.AbstractLifeCycle - STARTED @2722ms JettyConnectorThreadPool[qtp720661245]@2af46afd{STARTED,8<=8<=200,i=7,q=0}[ReservedThreadExecutor@2b037cfc{s=0/8,p=0}]
22:22:08.242 [main] DEBUG o.e.j.u.component.AbstractLifeCycle - starting JettyHttpContainer@4eb1c69{STOPPED}
22:22:08.242 [main] DEBUG o.e.j.server.handler.AbstractHandler - starting JettyHttpContainer@4eb1c69{STARTING}
22:22:08.242 [main] DEBUG o.e.j.u.component.AbstractLifeCycle - STARTED @2722ms JettyHttpContainer@4eb1c69{STARTED}
22:22:08.242 [main] DEBUG o.e.j.u.component.AbstractLifeCycle - starting ErrorHandler@73d3e555{STOPPED}
22:22:08.242 [main] DEBUG o.e.j.server.handler.AbstractHandler - starting ErrorHandler@73d3e555{STARTING}
22:22:08.242 [main] DEBUG o.e.j.u.component.AbstractLifeCycle - STARTED @2722ms ErrorHandler@73d3e555{STARTED}
22:22:08.242 [main] DEBUG o.e.j.u.component.AbstractLifeCycle - starting ServerConnector@bbf9e07{HTTP/1.1,[http/1.1]}{0.0.0.0:9998}
22:22:08.243 [main] DEBUG o.e.j.u.component.ContainerLifeCycle - ServerConnector@bbf9e07{HTTP/1.1,[http/1.1]}{0.0.0.0:9998} added {sun.nio.ch.ServerSocketChannelImpl[/0:0:0:0:0:0:0:0:9998],POJO}
22:22:08.243 [main] DEBUG o.e.j.u.component.AbstractLifeCycle - starting ScheduledExecutorScheduler@6ff6efdc{STOPPED}
22:22:08.243 [main] DEBUG o.e.j.u.component.AbstractLifeCycle - STARTED @2722ms ScheduledExecutorScheduler@6ff6efdc{STARTED}
22:22:08.243 [main] DEBUG o.e.j.u.component.AbstractLifeCycle - starting HttpConnectionFactory@31ceba99[HTTP/1.1]
22:22:08.243 [main] DEBUG o.e.j.u.component.AbstractLifeCycle - STARTED @2722ms HttpConnectionFactory@31ceba99[HTTP/1.1]
22:22:08.243 [main] DEBUG o.e.j.u.component.AbstractLifeCycle - starting SelectorManager@ServerConnector@bbf9e07{HTTP/1.1,[http/1.1]}{0.0.0.0:9998}
22:22:08.243 [main] DEBUG o.e.j.u.component.ContainerLifeCycle - EatWhatYouKill@43a0a32d/SelectorProducer@396ef8b2/IDLE/p=false/JettyConnectorThreadPool[qtp720661245]@2af46afd{STARTED,8<=8<=200,i=8,q=0}[ReservedThreadExecutor@2b037cfc{s=0/8,p=0}][pc=0,pic=0,pec=0,epc=0]@2020-09-27T22:22:08.243+01:00 added {SelectorProducer@396ef8b2,POJO}
22:22:08.243 [main] DEBUG o.e.j.u.component.ContainerLifeCycle - EatWhatYouKill@43a0a32d/SelectorProducer@396ef8b2/IDLE/p=false/JettyConnectorThreadPool[qtp720661245]@2af46afd{STARTED,8<=8<=200,i=8,q=0}[ReservedThreadExecutor@2b037cfc{s=0/8,p=0}][pc=0,pic=0,pec=0,epc=0]@2020-09-27T22:22:08.243+01:00 added {JettyConnectorThreadPool[qtp720661245]@2af46afd{STARTED,8<=8<=200,i=8,q=0}[ReservedThreadExecutor@2b037cfc{s=0/8,p=0}],UNMANAGED}
22:22:08.243 [main] DEBUG o.e.j.u.t.strategy.EatWhatYouKill - EatWhatYouKill@43a0a32d/SelectorProducer@396ef8b2/IDLE/p=false/JettyConnectorThreadPool[qtp720661245]@2af46afd{STARTED,8<=8<=200,i=8,q=0}[ReservedThreadExecutor@2b037cfc{s=0/8,p=0}][pc=0,pic=0,pec=0,epc=0]@2020-09-27T22:22:08.243+01:00 created
22:22:08.243 [main] DEBUG o.e.j.u.component.ContainerLifeCycle - ManagedSelector@72825400{STOPPED} id=0 keys=-1 selected=-1 updates=0 added {EatWhatYouKill@43a0a32d/SelectorProducer@396ef8b2/IDLE/p=false/JettyConnectorThreadPool[qtp720661245]@2af46afd{STARTED,8<=8<=200,i=8,q=0}[ReservedThreadExecutor@2b037cfc{s=0/8,p=0}][pc=0,pic=0,pec=0,epc=0]@2020-09-27T22:22:08.243+01:00,MANAGED}
22:22:08.244 [main] DEBUG o.e.j.u.component.ContainerLifeCycle - SelectorManager@ServerConnector@bbf9e07{HTTP/1.1,[http/1.1]}{0.0.0.0:9998} added {ManagedSelector@72825400{STOPPED} id=0 keys=-1 selected=-1 updates=0,AUTO}
22:22:08.244 [main] DEBUG o.e.j.u.component.ContainerLifeCycle - EatWhatYouKill@19ee1ae6/SelectorProducer@5f117b3d/IDLE/p=false/JettyConnectorThreadPool[qtp720661245]@2af46afd{STARTED,8<=8<=200,i=8,q=0}[ReservedThreadExecutor@2b037cfc{s=0/8,p=0}][pc=0,pic=0,pec=0,epc=0]@2020-09-27T22:22:08.244+01:00 added {SelectorProducer@5f117b3d,POJO}
22:22:08.244 [main] DEBUG o.e.j.u.component.ContainerLifeCycle - EatWhatYouKill@19ee1ae6/SelectorProducer@5f117b3d/IDLE/p=false/JettyConnectorThreadPool[qtp720661245]@2af46afd{STARTED,8<=8<=200,i=8,q=0}[ReservedThreadExecutor@2b037cfc{s=0/8,p=0}][pc=0,pic=0,pec=0,epc=0]@2020-09-27T22:22:08.244+01:00 added {JettyConnectorThreadPool[qtp720661245]@2af46afd{STARTED,8<=8<=200,i=8,q=0}[ReservedThreadExecutor@2b037cfc{s=0/8,p=0}],UNMANAGED}
22:22:08.244 [main] DEBUG o.e.j.u.t.strategy.EatWhatYouKill - EatWhatYouKill@19ee1ae6/SelectorProducer@5f117b3d/IDLE/p=false/JettyConnectorThreadPool[qtp720661245]@2af46afd{STARTED,8<=8<=200,i=8,q=0}[ReservedThreadExecutor@2b037cfc{s=0/8,p=0}][pc=0,pic=0,pec=0,epc=0]@2020-09-27T22:22:08.244+01:00 created
22:22:08.244 [main] DEBUG o.e.j.u.component.ContainerLifeCycle - ManagedSelector@1174a305{STOPPED} id=1 keys=-1 selected=-1 updates=0 added {EatWhatYouKill@19ee1ae6/SelectorProducer@5f117b3d/IDLE/p=false/JettyConnectorThreadPool[qtp720661245]@2af46afd{STARTED,8<=8<=200,i=8,q=0}[ReservedThreadExecutor@2b037cfc{s=0/8,p=0}][pc=0,pic=0,pec=0,epc=0]@2020-09-27T22:22:08.244+01:00,MANAGED}
22:22:08.244 [main] DEBUG o.e.j.u.component.ContainerLifeCycle - SelectorManager@ServerConnector@bbf9e07{HTTP/1.1,[http/1.1]}{0.0.0.0:9998} added {ManagedSelector@1174a305{STOPPED} id=1 keys=-1 selected=-1 updates=0,AUTO}
22:22:08.244 [main] DEBUG o.e.j.u.component.ContainerLifeCycle - EatWhatYouKill@71b6d77f/SelectorProducer@1866da85/IDLE/p=false/JettyConnectorThreadPool[qtp720661245]@2af46afd{STARTED,8<=8<=200,i=8,q=0}[ReservedThreadExecutor@2b037cfc{s=0/8,p=0}][pc=0,pic=0,pec=0,epc=0]@2020-09-27T22:22:08.244+01:00 added {SelectorProducer@1866da85,POJO}
22:22:08.244 [main] DEBUG o.e.j.u.component.ContainerLifeCycle - EatWhatYouKill@71b6d77f/SelectorProducer@1866da85/IDLE/p=false/JettyConnectorThreadPool[qtp720661245]@2af46afd{STARTED,8<=8<=200,i=8,q=0}[ReservedThreadExecutor@2b037cfc{s=0/8,p=0}][pc=0,pic=0,pec=0,epc=0]@2020-09-27T22:22:08.244+01:00 added {JettyConnectorThreadPool[qtp720661245]@2af46afd{STARTED,8<=8<=200,i=8,q=0}[ReservedThreadExecutor@2b037cfc{s=0/8,p=0}],UNMANAGED}
22:22:08.244 [main] DEBUG o.e.j.u.t.strategy.EatWhatYouKill - EatWhatYouKill@71b6d77f/SelectorProducer@1866da85/IDLE/p=false/JettyConnectorThreadPool[qtp720661245]@2af46afd{STARTED,8<=8<=200,i=8,q=0}[ReservedThreadExecutor@2b037cfc{s=0/8,p=0}][pc=0,pic=0,pec=0,epc=0]@2020-09-27T22:22:08.244+01:00 created
22:22:08.245 [main] DEBUG o.e.j.u.component.ContainerLifeCycle - ManagedSelector@4cfa8227{STOPPED} id=2 keys=-1 selected=-1 updates=0 added {EatWhatYouKill@71b6d77f/SelectorProducer@1866da85/IDLE/p=false/JettyConnectorThreadPool[qtp720661245]@2af46afd{STARTED,8<=8<=200,i=8,q=0}[ReservedThreadExecutor@2b037cfc{s=0/8,p=0}][pc=0,pic=0,pec=0,epc=0]@2020-09-27T22:22:08.244+01:00,MANAGED}
22:22:08.245 [main] DEBUG o.e.j.u.component.ContainerLifeCycle - SelectorManager@ServerConnector@bbf9e07{HTTP/1.1,[http/1.1]}{0.0.0.0:9998} added {ManagedSelector@4cfa8227{STOPPED} id=2 keys=-1 selected=-1 updates=0,AUTO}
22:22:08.245 [main] DEBUG o.e.j.u.component.ContainerLifeCycle - EatWhatYouKill@78226c36/SelectorProducer@3f685162/IDLE/p=false/JettyConnectorThreadPool[qtp720661245]@2af46afd{STARTED,8<=8<=200,i=8,q=0}[ReservedThreadExecutor@2b037cfc{s=0/8,p=0}][pc=0,pic=0,pec=0,epc=0]@2020-09-27T22:22:08.245+01:00 added {SelectorProducer@3f685162,POJO}
22:22:08.245 [main] DEBUG o.e.j.u.component.ContainerLifeCycle - EatWhatYouKill@78226c36/SelectorProducer@3f685162/IDLE/p=false/JettyConnectorThreadPool[qtp720661245]@2af46afd{STARTED,8<=8<=200,i=8,q=0}[ReservedThreadExecutor@2b037cfc{s=0/8,p=0}][pc=0,pic=0,pec=0,epc=0]@2020-09-27T22:22:08.245+01:00 added {JettyConnectorThreadPool[qtp720661245]@2af46afd{STARTED,8<=8<=200,i=8,q=0}[ReservedThreadExecutor@2b037cfc{s=0/8,p=0}],UNMANAGED}
22:22:08.245 [main] DEBUG o.e.j.u.t.strategy.EatWhatYouKill - EatWhatYouKill@78226c36/SelectorProducer@3f685162/IDLE/p=false/JettyConnectorThreadPool[qtp720661245]@2af46afd{STARTED,8<=8<=200,i=8,q=0}[ReservedThreadExecutor@2b037cfc{s=0/8,p=0}][pc=0,pic=0,pec=0,epc=0]@2020-09-27T22:22:08.245+01:00 created
22:22:08.245 [main] DEBUG o.e.j.u.component.ContainerLifeCycle - ManagedSelector@11f406f8{STOPPED} id=3 keys=-1 selected=-1 updates=0 added {EatWhatYouKill@78226c36/SelectorProducer@3f685162/IDLE/p=false/JettyConnectorThreadPool[qtp720661245]@2af46afd{STARTED,8<=8<=200,i=8,q=0}[ReservedThreadExecutor@2b037cfc{s=0/8,p=0}][pc=0,pic=0,pec=0,epc=0]@2020-09-27T22:22:08.245+01:00,MANAGED}
22:22:08.245 [main] DEBUG o.e.j.u.component.ContainerLifeCycle - SelectorManager@ServerConnector@bbf9e07{HTTP/1.1,[http/1.1]}{0.0.0.0:9998} added {ManagedSelector@11f406f8{STOPPED} id=3 keys=-1 selected=-1 updates=0,AUTO}
22:22:08.245 [main] DEBUG o.e.j.u.component.AbstractLifeCycle - starting ManagedSelector@72825400{STOPPED} id=0 keys=-1 selected=-1 updates=0
22:22:08.245 [main] DEBUG o.e.j.u.component.AbstractLifeCycle - starting EatWhatYouKill@43a0a32d/SelectorProducer@396ef8b2/IDLE/p=false/JettyConnectorThreadPool[qtp720661245]@2af46afd{STARTED,8<=8<=200,i=8,q=0}[ReservedThreadExecutor@2b037cfc{s=0/8,p=0}][pc=0,pic=0,pec=0,epc=0]@2020-09-27T22:22:08.245+01:00
22:22:08.245 [main] DEBUG o.e.j.u.component.AbstractLifeCycle - STARTED @2725ms EatWhatYouKill@43a0a32d/SelectorProducer@396ef8b2/IDLE/p=false/JettyConnectorThreadPool[qtp720661245]@2af46afd{STARTED,8<=8<=200,i=8,q=0}[ReservedThreadExecutor@2b037cfc{s=0/8,p=0}][pc=0,pic=0,pec=0,epc=0]@2020-09-27T22:22:08.245+01:00
22:22:08.245 [main] DEBUG o.e.j.util.thread.QueuedThreadPool - queue org.eclipse.jetty.io.ManagedSelector$$Lambda$198/1041326823@987455b
22:22:08.245 [main] DEBUG org.eclipse.jetty.io.ManagedSelector - Queued change org.eclipse.jetty.io.ManagedSelector$Start@622fdb81 on ManagedSelector@72825400{STARTING} id=0 keys=0 selected=0 updates=0
22:22:08.245 [qtp720661245-59] DEBUG o.e.j.util.thread.QueuedThreadPool - run org.eclipse.jetty.io.ManagedSelector$$Lambda$198/1041326823@987455b
22:22:08.246 [qtp720661245-59] DEBUG o.e.j.u.t.strategy.EatWhatYouKill - EatWhatYouKill@43a0a32d/SelectorProducer@396ef8b2/IDLE/p=false/JettyConnectorThreadPool[qtp720661245]@2af46afd{STARTED,8<=8<=200,i=7,q=0}[ReservedThreadExecutor@2b037cfc{s=0/8,p=0}][pc=0,pic=0,pec=0,epc=0]@2020-09-27T22:22:08.246+01:00 tryProduce false
22:22:08.246 [qtp720661245-59] DEBUG org.eclipse.jetty.io.ManagedSelector - updateable 1
22:22:08.246 [qtp720661245-59] DEBUG org.eclipse.jetty.io.ManagedSelector - update org.eclipse.jetty.io.ManagedSelector$Start@622fdb81
22:22:08.246 [qtp720661245-59] DEBUG org.eclipse.jetty.io.ManagedSelector - updates 0
22:22:08.246 [qtp720661245-59] DEBUG org.eclipse.jetty.io.ManagedSelector - Selector sun.nio.ch.EPollSelectorImpl@30457a4c waiting with 0 keys
22:22:08.246 [main] DEBUG o.e.j.u.component.AbstractLifeCycle - STARTED @2725ms ManagedSelector@72825400{STARTED} id=0 keys=0 selected=0 updates=0
22:22:08.246 [main] DEBUG o.e.j.u.component.AbstractLifeCycle - starting ManagedSelector@1174a305{STOPPED} id=1 keys=-1 selected=-1 updates=0
22:22:08.246 [main] DEBUG o.e.j.u.component.AbstractLifeCycle - starting EatWhatYouKill@19ee1ae6/SelectorProducer@5f117b3d/IDLE/p=false/JettyConnectorThreadPool[qtp720661245]@2af46afd{STARTED,8<=8<=200,i=7,q=0}[ReservedThreadExecutor@2b037cfc{s=0/8,p=0}][pc=0,pic=0,pec=0,epc=0]@2020-09-27T22:22:08.246+01:00
22:22:08.246 [main] DEBUG o.e.j.u.component.AbstractLifeCycle - STARTED @2725ms EatWhatYouKill@19ee1ae6/SelectorProducer@5f117b3d/IDLE/p=false/JettyConnectorThreadPool[qtp720661245]@2af46afd{STARTED,8<=8<=200,i=7,q=0}[ReservedThreadExecutor@2b037cfc{s=0/8,p=0}][pc=0,pic=0,pec=0,epc=0]@2020-09-27T22:22:08.246+01:00
22:22:08.246 [main] DEBUG o.e.j.util.thread.QueuedThreadPool - queue org.eclipse.jetty.io.ManagedSelector$$Lambda$198/1041326823@1f3165e7
22:22:08.246 [main] DEBUG org.eclipse.jetty.io.ManagedSelector - Queued change org.eclipse.jetty.io.ManagedSelector$Start@2ec3633f on ManagedSelector@1174a305{STARTING} id=1 keys=0 selected=0 updates=0
22:22:08.246 [qtp720661245-60] DEBUG o.e.j.util.thread.QueuedThreadPool - run org.eclipse.jetty.io.ManagedSelector$$Lambda$198/1041326823@1f3165e7
22:22:08.246 [qtp720661245-60] DEBUG o.e.j.u.t.strategy.EatWhatYouKill - EatWhatYouKill@19ee1ae6/SelectorProducer@5f117b3d/IDLE/p=false/JettyConnectorThreadPool[qtp720661245]@2af46afd{STARTED,8<=8<=200,i=6,q=0}[ReservedThreadExecutor@2b037cfc{s=0/8,p=0}][pc=0,pic=0,pec=0,epc=0]@2020-09-27T22:22:08.246+01:00 tryProduce false
22:22:08.246 [qtp720661245-60] DEBUG org.eclipse.jetty.io.ManagedSelector - updateable 1
22:22:08.246 [qtp720661245-60] DEBUG org.eclipse.jetty.io.ManagedSelector - update org.eclipse.jetty.io.ManagedSelector$Start@2ec3633f
22:22:08.246 [qtp720661245-60] DEBUG org.eclipse.jetty.io.ManagedSelector - updates 0
22:22:08.246 [qtp720661245-60] DEBUG org.eclipse.jetty.io.ManagedSelector - Selector sun.nio.ch.EPollSelectorImpl@4fc181a9 waiting with 0 keys
22:22:08.246 [main] DEBUG o.e.j.u.component.AbstractLifeCycle - STARTED @2726ms ManagedSelector@1174a305{STARTED} id=1 keys=0 selected=0 updates=0
22:22:08.246 [main] DEBUG o.e.j.u.component.AbstractLifeCycle - starting ManagedSelector@4cfa8227{STOPPED} id=2 keys=-1 selected=-1 updates=0
22:22:08.246 [main] DEBUG o.e.j.u.component.AbstractLifeCycle - starting EatWhatYouKill@71b6d77f/SelectorProducer@1866da85/IDLE/p=false/JettyConnectorThreadPool[qtp720661245]@2af46afd{STARTED,8<=8<=200,i=6,q=0}[ReservedThreadExecutor@2b037cfc{s=0/8,p=0}][pc=0,pic=0,pec=0,epc=0]@2020-09-27T22:22:08.246+01:00
22:22:08.247 [main] DEBUG o.e.j.u.component.AbstractLifeCycle - STARTED @2726ms EatWhatYouKill@71b6d77f/SelectorProducer@1866da85/IDLE/p=false/JettyConnectorThreadPool[qtp720661245]@2af46afd{STARTED,8<=8<=200,i=6,q=0}[ReservedThreadExecutor@2b037cfc{s=0/8,p=0}][pc=0,pic=0,pec=0,epc=0]@2020-09-27T22:22:08.246+01:00
22:22:08.247 [main] DEBUG o.e.j.util.thread.QueuedThreadPool - queue org.eclipse.jetty.io.ManagedSelector$$Lambda$198/1041326823@1d5d5621
22:22:08.247 [main] DEBUG org.eclipse.jetty.io.ManagedSelector - Queued change org.eclipse.jetty.io.ManagedSelector$Start@13275d8 on ManagedSelector@4cfa8227{STARTING} id=2 keys=0 selected=0 updates=0
22:22:08.247 [qtp720661245-61] DEBUG o.e.j.util.thread.QueuedThreadPool - run org.eclipse.jetty.io.ManagedSelector$$Lambda$198/1041326823@1d5d5621
22:22:08.247 [qtp720661245-61] DEBUG o.e.j.u.t.strategy.EatWhatYouKill - EatWhatYouKill@71b6d77f/SelectorProducer@1866da85/IDLE/p=false/JettyConnectorThreadPool[qtp720661245]@2af46afd{STARTED,8<=8<=200,i=5,q=0}[ReservedThreadExecutor@2b037cfc{s=0/8,p=0}][pc=0,pic=0,pec=0,epc=0]@2020-09-27T22:22:08.247+01:00 tryProduce false
22:22:08.247 [qtp720661245-61] DEBUG org.eclipse.jetty.io.ManagedSelector - updateable 1
22:22:08.247 [qtp720661245-61] DEBUG org.eclipse.jetty.io.ManagedSelector - update org.eclipse.jetty.io.ManagedSelector$Start@13275d8
22:22:08.247 [qtp720661245-61] DEBUG org.eclipse.jetty.io.ManagedSelector - updates 0
22:22:08.247 [qtp720661245-61] DEBUG org.eclipse.jetty.io.ManagedSelector - Selector sun.nio.ch.EPollSelectorImpl@1f03a118 waiting with 0 keys
22:22:08.247 [main] DEBUG o.e.j.u.component.AbstractLifeCycle - STARTED @2726ms ManagedSelector@4cfa8227{STARTED} id=2 keys=0 selected=0 updates=0
22:22:08.247 [main] DEBUG o.e.j.u.component.AbstractLifeCycle - starting ManagedSelector@11f406f8{STOPPED} id=3 keys=-1 selected=-1 updates=0
22:22:08.247 [main] DEBUG o.e.j.u.component.AbstractLifeCycle - starting EatWhatYouKill@78226c36/SelectorProducer@3f685162/IDLE/p=false/JettyConnectorThreadPool[qtp720661245]@2af46afd{STARTED,8<=8<=200,i=5,q=0}[ReservedThreadExecutor@2b037cfc{s=0/8,p=0}][pc=0,pic=0,pec=0,epc=0]@2020-09-27T22:22:08.247+01:00
22:22:08.247 [main] DEBUG o.e.j.u.component.AbstractLifeCycle - STARTED @2726ms EatWhatYouKill@78226c36/SelectorProducer@3f685162/IDLE/p=false/JettyConnectorThreadPool[qtp720661245]@2af46afd{STARTED,8<=8<=200,i=5,q=0}[ReservedThreadExecutor@2b037cfc{s=0/8,p=0}][pc=0,pic=0,pec=0,epc=0]@2020-09-27T22:22:08.247+01:00
22:22:08.247 [main] DEBUG o.e.j.util.thread.QueuedThreadPool - queue org.eclipse.jetty.io.ManagedSelector$$Lambda$198/1041326823@15b82644
22:22:08.247 [main] DEBUG org.eclipse.jetty.io.ManagedSelector - Queued change org.eclipse.jetty.io.ManagedSelector$Start@20576557 on ManagedSelector@11f406f8{STARTING} id=3 keys=0 selected=0 updates=0
22:22:08.247 [qtp720661245-62] DEBUG o.e.j.util.thread.QueuedThreadPool - run org.eclipse.jetty.io.ManagedSelector$$Lambda$198/1041326823@15b82644
22:22:08.247 [qtp720661245-62] DEBUG o.e.j.u.t.strategy.EatWhatYouKill - EatWhatYouKill@78226c36/SelectorProducer@3f685162/IDLE/p=false/JettyConnectorThreadPool[qtp720661245]@2af46afd{STARTED,8<=8<=200,i=4,q=0}[ReservedThreadExecutor@2b037cfc{s=0/8,p=0}][pc=0,pic=0,pec=0,epc=0]@2020-09-27T22:22:08.247+01:00 tryProduce false
22:22:08.248 [qtp720661245-62] DEBUG org.eclipse.jetty.io.ManagedSelector - updateable 1
22:22:08.248 [qtp720661245-62] DEBUG org.eclipse.jetty.io.ManagedSelector - update org.eclipse.jetty.io.ManagedSelector$Start@20576557
22:22:08.248 [qtp720661245-62] DEBUG org.eclipse.jetty.io.ManagedSelector - updates 0
22:22:08.248 [main] DEBUG o.e.j.u.component.AbstractLifeCycle - STARTED @2727ms ManagedSelector@11f406f8{STARTED} id=3 keys=0 selected=0 updates=0
22:22:08.248 [qtp720661245-62] DEBUG org.eclipse.jetty.io.ManagedSelector - Selector sun.nio.ch.EPollSelectorImpl@62e4d088 waiting with 0 keys
22:22:08.248 [main] DEBUG o.e.j.u.component.AbstractLifeCycle - STARTED @2727ms SelectorManager@ServerConnector@bbf9e07{HTTP/1.1,[http/1.1]}{0.0.0.0:9998}
22:22:08.248 [main] DEBUG o.e.j.u.component.ContainerLifeCycle - ServerConnector@bbf9e07{HTTP/1.1,[http/1.1]}{0.0.0.0:9998} added {acceptor-0@574cd322,POJO}
22:22:08.248 [main] DEBUG o.e.j.util.thread.QueuedThreadPool - queue acceptor-0@574cd322
22:22:08.248 [main] INFO  o.e.jetty.server.AbstractConnector - Started ServerConnector@bbf9e07{HTTP/1.1,[http/1.1]}{0.0.0.0:9998}
22:22:08.248 [qtp720661245-63] DEBUG o.e.j.util.thread.QueuedThreadPool - run acceptor-0@574cd322
22:22:08.248 [main] DEBUG o.e.j.u.component.AbstractLifeCycle - STARTED @2727ms ServerConnector@bbf9e07{HTTP/1.1,[http/1.1]}{0.0.0.0:9998}
22:22:08.248 [main] INFO  org.eclipse.jetty.server.Server - Started @2727ms
22:22:08.248 [main] DEBUG o.e.j.u.component.AbstractLifeCycle - STARTED @2727ms Server@760245e1{STARTED}[9.4.17.v20190418]
22:22:08.266 [qtp720661245-63-acceptor-0@574cd322-ServerConnector@bbf9e07{HTTP/1.1,[http/1.1]}{0.0.0.0:9998}] DEBUG org.eclipse.jetty.io.ManagedSelector - Queued change org.eclipse.jetty.io.ManagedSelector$Accept@7fa0e845 on ManagedSelector@1174a305{STARTED} id=1 keys=0 selected=0 updates=0
22:22:08.266 [qtp720661245-63-acceptor-0@574cd322-ServerConnector@bbf9e07{HTTP/1.1,[http/1.1]}{0.0.0.0:9998}] DEBUG org.eclipse.jetty.io.ManagedSelector - Wakeup on submit ManagedSelector@1174a305{STARTED} id=1 keys=0 selected=0 updates=1
22:22:08.266 [qtp720661245-60] DEBUG org.eclipse.jetty.io.ManagedSelector - Selector sun.nio.ch.EPollSelectorImpl@4fc181a9 woken with none selected
22:22:08.266 [qtp720661245-60] DEBUG org.eclipse.jetty.io.ManagedSelector - Selector sun.nio.ch.EPollSelectorImpl@4fc181a9 woken up from select, 0/0/0 selected
22:22:08.266 [qtp720661245-60] DEBUG org.eclipse.jetty.io.ManagedSelector - Selector sun.nio.ch.EPollSelectorImpl@4fc181a9 processing 0 keys, 1 updates
22:22:08.266 [qtp720661245-60] DEBUG org.eclipse.jetty.io.ManagedSelector - updateable 1
22:22:08.266 [qtp720661245-60] DEBUG org.eclipse.jetty.io.ManagedSelector - update org.eclipse.jetty.io.ManagedSelector$Accept@7fa0e845
22:22:08.266 [qtp720661245-60] DEBUG o.e.j.util.thread.QueuedThreadPool - queue org.eclipse.jetty.io.ManagedSelector$Accept@7fa0e845
22:22:08.266 [qtp720661245-60] DEBUG org.eclipse.jetty.io.ManagedSelector - updates 0
22:22:08.266 [qtp720661245-60] DEBUG org.eclipse.jetty.io.ManagedSelector - Selector sun.nio.ch.EPollSelectorImpl@4fc181a9 waiting with 1 keys
22:22:08.266 [qtp720661245-64] DEBUG o.e.j.util.thread.QueuedThreadPool - run org.eclipse.jetty.io.ManagedSelector$Accept@7fa0e845
22:22:08.266 [qtp720661245-64] DEBUG org.eclipse.jetty.io.IdleTimeout - SocketChannelEndPoint@50c3c969{/127.0.0.1:44202<->/127.0.0.1:9998,OPEN,fill=-,flush=-,to=0/30000}{io=0/0,kio=0,kro=0}-><null> idle timeout check, elapsed: 0 ms, remaining: 30000 ms
22:22:08.269 [qtp720661245-64] DEBUG org.eclipse.jetty.server.HttpChannel - new HttpChannelOverHttp@5a3ba219{r=0,c=false,c=false/false,a=IDLE,uri=null,age=0} -> SocketChannelEndPoint@50c3c969{/127.0.0.1:44202<->/127.0.0.1:9998,OPEN,fill=-,flush=-,to=3/30000}{io=0/0,kio=0,kro=0}-><null>,null,HttpChannelState@1f39273a{s=IDLE a=NOT_ASYNC i=true r=IDLE w=false}
22:22:08.269 [qtp720661245-64] DEBUG o.e.jetty.server.HttpConnection - New HTTP Connection HttpConnection@517f2d35::SocketChannelEndPoint@50c3c969{/127.0.0.1:44202<->/127.0.0.1:9998,OPEN,fill=-,flush=-,to=3/30000}{io=0/0,kio=0,kro=0}-><null>
22:22:08.269 [qtp720661245-64] DEBUG o.eclipse.jetty.io.AbstractEndPoint - onOpen SocketChannelEndPoint@50c3c969{/127.0.0.1:44202<->/127.0.0.1:9998,OPEN,fill=-,flush=-,to=3/30000}{io=0/0,kio=0,kro=0}->HttpConnection@517f2d35[p=HttpParser{s=START,0 of -1},g=HttpGenerator@2e6c7e3e{s=START}]=>HttpChannelOverHttp@5a3ba219{r=0,c=false,c=false/false,a=IDLE,uri=null,age=0}
22:22:08.269 [qtp720661245-64] DEBUG o.e.jetty.io.AbstractConnection - onOpen HttpConnection@517f2d35::SocketChannelEndPoint@50c3c969{/127.0.0.1:44202<->/127.0.0.1:9998,OPEN,fill=-,flush=-,to=3/30000}{io=0/0,kio=0,kro=0}->HttpConnection@517f2d35[p=HttpParser{s=START,0 of -1},g=HttpGenerator@2e6c7e3e{s=START}]=>HttpChannelOverHttp@5a3ba219{r=0,c=false,c=false/false,a=IDLE,uri=null,age=0}
22:22:08.269 [qtp720661245-64] DEBUG o.e.jetty.io.AbstractConnection - fillInterested HttpConnection@517f2d35::SocketChannelEndPoint@50c3c969{/127.0.0.1:44202<->/127.0.0.1:9998,OPEN,fill=-,flush=-,to=3/30000}{io=0/0,kio=0,kro=0}->HttpConnection@517f2d35[p=HttpParser{s=START,0 of -1},g=HttpGenerator@2e6c7e3e{s=START}]=>HttpChannelOverHttp@5a3ba219{r=0,c=false,c=false/false,a=IDLE,uri=null,age=0}
22:22:08.269 [qtp720661245-64] DEBUG org.eclipse.jetty.io.FillInterest - interested FillInterest@29c02a80{AC.ReadCB@517f2d35{HttpConnection@517f2d35::SocketChannelEndPoint@50c3c969{/127.0.0.1:44202<->/127.0.0.1:9998,OPEN,fill=FI,flush=-,to=0/30000}{io=0/0,kio=0,kro=0}->HttpConnection@517f2d35[p=HttpParser{s=START,0 of -1},g=HttpGenerator@2e6c7e3e{s=START}]=>HttpChannelOverHttp@5a3ba219{r=0,c=false,c=false/false,a=IDLE,uri=null,age=0}}}
22:22:08.269 [qtp720661245-64] DEBUG org.eclipse.jetty.io.ChannelEndPoint - changeInterests p=false 0->1 for SocketChannelEndPoint@50c3c969{/127.0.0.1:44202<->/127.0.0.1:9998,OPEN,fill=FI,flush=-,to=0/30000}{io=0/1,kio=0,kro=0}->HttpConnection@517f2d35[p=HttpParser{s=START,0 of -1},g=HttpGenerator@2e6c7e3e{s=START}]=>HttpChannelOverHttp@5a3ba219{r=0,c=false,c=false/false,a=IDLE,uri=null,age=0}
22:22:08.269 [qtp720661245-64] DEBUG org.eclipse.jetty.io.ManagedSelector - Queued change org.eclipse.jetty.io.ChannelEndPoint$1@7f16d875 on ManagedSelector@1174a305{STARTED} id=1 keys=1 selected=0 updates=0
22:22:08.269 [qtp720661245-64] DEBUG org.eclipse.jetty.io.ManagedSelector - Wakeup on submit ManagedSelector@1174a305{STARTED} id=1 keys=1 selected=0 updates=1
22:22:08.269 [qtp720661245-64] DEBUG org.eclipse.jetty.io.ManagedSelector - Created SocketChannelEndPoint@50c3c969{/127.0.0.1:44202<->/127.0.0.1:9998,OPEN,fill=FI,flush=-,to=0/30000}{io=0/1,kio=0,kro=0}->HttpConnection@517f2d35[p=HttpParser{s=START,0 of -1},g=HttpGenerator@2e6c7e3e{s=START}]=>HttpChannelOverHttp@5a3ba219{r=0,c=false,c=false/false,a=IDLE,uri=null,age=0}
22:22:08.269 [qtp720661245-64] DEBUG o.e.j.util.thread.QueuedThreadPool - ran org.eclipse.jetty.io.ManagedSelector$Accept@7fa0e845
22:22:08.270 [qtp720661245-60] DEBUG org.eclipse.jetty.io.ManagedSelector - Selector sun.nio.ch.EPollSelectorImpl@4fc181a9 woken with none selected
22:22:08.270 [qtp720661245-60] DEBUG org.eclipse.jetty.io.ManagedSelector - Selector sun.nio.ch.EPollSelectorImpl@4fc181a9 woken up from select, 0/0/1 selected
22:22:08.270 [qtp720661245-60] DEBUG org.eclipse.jetty.io.ManagedSelector - Selector sun.nio.ch.EPollSelectorImpl@4fc181a9 processing 0 keys, 1 updates
22:22:08.270 [qtp720661245-60] DEBUG org.eclipse.jetty.io.ManagedSelector - updateable 1
22:22:08.270 [qtp720661245-60] DEBUG org.eclipse.jetty.io.ManagedSelector - update org.eclipse.jetty.io.ChannelEndPoint$1@7f16d875
22:22:08.270 [qtp720661245-60] DEBUG org.eclipse.jetty.io.ChannelEndPoint - Key interests updated 0 -> 1 on SocketChannelEndPoint@50c3c969{/127.0.0.1:44202<->/127.0.0.1:9998,OPEN,fill=FI,flush=-,to=1/30000}{io=1/1,kio=1,kro=0}->HttpConnection@517f2d35[p=HttpParser{s=START,0 of -1},g=HttpGenerator@2e6c7e3e{s=START}]=>HttpChannelOverHttp@5a3ba219{r=0,c=false,c=false/false,a=IDLE,uri=null,age=0}
22:22:08.270 [qtp720661245-60] DEBUG org.eclipse.jetty.io.ManagedSelector - updates 0
22:22:08.270 [qtp720661245-60] DEBUG org.eclipse.jetty.io.ManagedSelector - Selector sun.nio.ch.EPollSelectorImpl@4fc181a9 waiting with 1 keys
22:22:08.270 [qtp720661245-60] DEBUG org.eclipse.jetty.io.ManagedSelector - Selector sun.nio.ch.EPollSelectorImpl@4fc181a9 woken up from select, 1/1/1 selected
22:22:08.270 [qtp720661245-60] DEBUG org.eclipse.jetty.io.ManagedSelector - Selector sun.nio.ch.EPollSelectorImpl@4fc181a9 processing 1 keys, 0 updates
22:22:08.270 [qtp720661245-60] DEBUG org.eclipse.jetty.io.ManagedSelector - selected 1 sun.nio.ch.SelectionKeyImpl@41067621 SocketChannelEndPoint@50c3c969{/127.0.0.1:44202<->/127.0.0.1:9998,OPEN,fill=FI,flush=-,to=1/30000}{io=1/1,kio=1,kro=1}->HttpConnection@517f2d35[p=HttpParser{s=START,0 of -1},g=HttpGenerator@2e6c7e3e{s=START}]=>HttpChannelOverHttp@5a3ba219{r=0,c=false,c=false/false,a=IDLE,uri=null,age=0} 
22:22:08.270 [qtp720661245-60] DEBUG org.eclipse.jetty.io.ChannelEndPoint - onSelected 1->0 r=true w=false for SocketChannelEndPoint@50c3c969{/127.0.0.1:44202<->/127.0.0.1:9998,OPEN,fill=FI,flush=-,to=1/30000}{io=1/0,kio=1,kro=1}->HttpConnection@517f2d35[p=HttpParser{s=START,0 of -1},g=HttpGenerator@2e6c7e3e{s=START}]=>HttpChannelOverHttp@5a3ba219{r=0,c=false,c=false/false,a=IDLE,uri=null,age=0}
22:22:08.270 [qtp720661245-60] DEBUG org.eclipse.jetty.io.ChannelEndPoint - task CEP:SocketChannelEndPoint@50c3c969{/127.0.0.1:44202<->/127.0.0.1:9998,OPEN,fill=FI,flush=-,to=1/30000}{io=1/0,kio=1,kro=1}->HttpConnection@517f2d35[p=HttpParser{s=START,0 of -1},g=HttpGenerator@2e6c7e3e{s=START}]=>HttpChannelOverHttp@5a3ba219{r=0,c=false,c=false/false,a=IDLE,uri=null,age=0}:runFillable:BLOCKING
22:22:08.270 [qtp720661245-60] DEBUG o.e.j.u.t.ReservedThreadExecutor - ReservedThreadExecutor@2b037cfc{s=0/8,p=0} tryExecute EatWhatYouKill@19ee1ae6/SelectorProducer@5f117b3d/PRODUCING/p=false/JettyConnectorThreadPool[qtp720661245]@2af46afd{STARTED,8<=8<=200,i=3,q=0}[ReservedThreadExecutor@2b037cfc{s=0/8,p=0}][pc=0,pic=0,pec=0,epc=0]@2020-09-27T22:22:08.27+01:00
22:22:08.270 [qtp720661245-60] DEBUG o.e.j.u.t.ReservedThreadExecutor - ReservedThreadExecutor@2b037cfc{s=0/8,p=1} startReservedThread p=1
22:22:08.270 [qtp720661245-60] DEBUG o.e.j.util.thread.QueuedThreadPool - queue ReservedThreadExecutor@2b037cfc{s=0/8,p=1}@4539ead9
22:22:08.270 [qtp720661245-65] DEBUG o.e.j.util.thread.QueuedThreadPool - run ReservedThreadExecutor@2b037cfc{s=0/8,p=1}@4539ead9
22:22:08.270 [qtp720661245-65] DEBUG o.e.j.u.t.ReservedThreadExecutor - ReservedThreadExecutor@2b037cfc{s=1/8,p=1}@4539ead9 started
22:22:08.270 [qtp720661245-65] DEBUG o.e.j.u.t.ReservedThreadExecutor - ReservedThreadExecutor@2b037cfc{s=1/8,p=0}@4539ead9 waiting
22:22:08.270 [qtp720661245-60] DEBUG o.e.j.u.t.strategy.EatWhatYouKill - EatWhatYouKill@19ee1ae6/SelectorProducer@5f117b3d/PRODUCING/p=false/JettyConnectorThreadPool[qtp720661245]@2af46afd{STARTED,8<=8<=200,i=2,q=0}[ReservedThreadExecutor@2b037cfc{s=0/8,p=1}][pc=0,pic=0,pec=0,epc=0]@2020-09-27T22:22:08.27+01:00 m=PRODUCE_EXECUTE_CONSUME t=CEP:SocketChannelEndPoint@50c3c969{/127.0.0.1:44202<->/127.0.0.1:9998,OPEN,fill=FI,flush=-,to=1/30000}{io=1/0,kio=1,kro=1}->HttpConnection@517f2d35[p=HttpParser{s=START,0 of -1},g=HttpGenerator@2e6c7e3e{s=START}]=>HttpChannelOverHttp@5a3ba219{r=0,c=false,c=false/false,a=IDLE,uri=null,age=0}:runFillable:BLOCKING/BLOCKING
22:22:08.270 [qtp720661245-60] DEBUG o.e.j.util.thread.QueuedThreadPool - queue CEP:SocketChannelEndPoint@50c3c969{/127.0.0.1:44202<->/127.0.0.1:9998,OPEN,fill=FI,flush=-,to=1/30000}{io=1/0,kio=1,kro=1}->HttpConnection@517f2d35[p=HttpParser{s=START,0 of -1},g=HttpGenerator@2e6c7e3e{s=START}]=>HttpChannelOverHttp@5a3ba219{r=0,c=false,c=false/false,a=IDLE,uri=null,age=0}:runFillable:BLOCKING
22:22:08.271 [qtp720661245-60] DEBUG org.eclipse.jetty.io.ManagedSelector - updateable 0
22:22:08.271 [qtp720661245-60] DEBUG org.eclipse.jetty.io.ManagedSelector - updates 0
22:22:08.271 [qtp720661245-66] DEBUG o.e.j.util.thread.QueuedThreadPool - run CEP:SocketChannelEndPoint@50c3c969{/127.0.0.1:44202<->/127.0.0.1:9998,OPEN,fill=FI,flush=-,to=2/30000}{io=1/0,kio=1,kro=1}->HttpConnection@517f2d35[p=HttpParser{s=START,0 of -1},g=HttpGenerator@2e6c7e3e{s=START}]=>HttpChannelOverHttp@5a3ba219{r=0,c=false,c=false/false,a=IDLE,uri=null,age=0}:runFillable:BLOCKING
22:22:08.271 [qtp720661245-60] DEBUG org.eclipse.jetty.io.ChannelEndPoint - Key interests updated 1 -> 0 on SocketChannelEndPoint@50c3c969{/127.0.0.1:44202<->/127.0.0.1:9998,OPEN,fill=FI,flush=-,to=2/30000}{io=0/0,kio=0,kro=1}->HttpConnection@517f2d35[p=HttpParser{s=START,0 of -1},g=HttpGenerator@2e6c7e3e{s=START}]=>HttpChannelOverHttp@5a3ba219{r=0,c=false,c=false/false,a=IDLE,uri=null,age=0}
22:22:08.271 [qtp720661245-60] DEBUG org.eclipse.jetty.io.ManagedSelector - Selector sun.nio.ch.EPollSelectorImpl@4fc181a9 waiting with 1 keys
22:22:08.271 [qtp720661245-66] DEBUG org.eclipse.jetty.io.FillInterest - fillable FillInterest@29c02a80{AC.ReadCB@517f2d35{HttpConnection@517f2d35::SocketChannelEndPoint@50c3c969{/127.0.0.1:44202<->/127.0.0.1:9998,OPEN,fill=FI,flush=-,to=2/30000}{io=0/0,kio=0,kro=1}->HttpConnection@517f2d35[p=HttpParser{s=START,0 of -1},g=HttpGenerator@2e6c7e3e{s=START}]=>HttpChannelOverHttp@5a3ba219{r=0,c=false,c=false/false,a=IDLE,uri=null,age=0}}}
22:22:08.271 [qtp720661245-66] DEBUG o.e.jetty.server.HttpConnection - HttpConnection@517f2d35::SocketChannelEndPoint@50c3c969{/127.0.0.1:44202<->/127.0.0.1:9998,OPEN,fill=-,flush=-,to=2/30000}{io=0/0,kio=0,kro=1}->HttpConnection@517f2d35[p=HttpParser{s=START,0 of -1},g=HttpGenerator@2e6c7e3e{s=START}]=>HttpChannelOverHttp@5a3ba219{r=0,c=false,c=false/false,a=IDLE,uri=null,age=0} onFillable enter HttpChannelState@1f39273a{s=IDLE a=NOT_ASYNC i=true r=IDLE w=false} null
22:22:08.271 [qtp720661245-66] DEBUG org.eclipse.jetty.io.ChannelEndPoint - filled 307 HeapByteBuffer@6d06f681[p=0,l=307,c=8192,r=307]={<<<POST /contact HTT...+39 23 123456"}>>>\x00\x00\x00\x00\x00\x00\x00\x00\x00\x00\x00\x00\x00\x00\x00\x00\x00...\x00\x00\x00\x00\x00\x00\x00\x00\x00\x00\x00\x00\x00\x00\x00}
22:22:08.271 [qtp720661245-66] DEBUG o.e.jetty.server.HttpConnection - HttpConnection@517f2d35::SocketChannelEndPoint@50c3c969{/127.0.0.1:44202<->/127.0.0.1:9998,OPEN,fill=-,flush=-,to=0/30000}{io=0/0,kio=0,kro=1}->HttpConnection@517f2d35[p=HttpParser{s=START,0 of -1},g=HttpGenerator@2e6c7e3e{s=START}]=>HttpChannelOverHttp@5a3ba219{r=0,c=false,c=false/false,a=IDLE,uri=null,age=0} filled 307 HeapByteBuffer@6d06f681[p=0,l=307,c=8192,r=307]={<<<POST /contact HTT...+39 23 123456"}>>>\x00\x00\x00\x00\x00\x00\x00\x00\x00\x00\x00\x00\x00\x00\x00\x00\x00...\x00\x00\x00\x00\x00\x00\x00\x00\x00\x00\x00\x00\x00\x00\x00}
22:22:08.271 [qtp720661245-66] DEBUG o.e.jetty.server.HttpConnection - HttpConnection@517f2d35::SocketChannelEndPoint@50c3c969{/127.0.0.1:44202<->/127.0.0.1:9998,OPEN,fill=-,flush=-,to=0/30000}{io=0/0,kio=0,kro=1}->HttpConnection@517f2d35[p=HttpParser{s=START,0 of -1},g=HttpGenerator@2e6c7e3e{s=START}]=>HttpChannelOverHttp@5a3ba219{r=0,c=false,c=false/false,a=IDLE,uri=null,age=0} parse HeapByteBuffer@6d06f681[p=0,l=307,c=8192,r=307]={<<<POST /contact HTT...+39 23 123456"}>>>\x00\x00\x00\x00\x00\x00\x00\x00\x00\x00\x00\x00\x00\x00\x00\x00\x00...\x00\x00\x00\x00\x00\x00\x00\x00\x00\x00\x00\x00\x00\x00\x00} {}
22:22:08.271 [qtp720661245-66] DEBUG org.eclipse.jetty.http.HttpParser - parseNext s=START HeapByteBuffer@6d06f681[p=0,l=307,c=8192,r=307]={<<<POST /contact HTT...+39 23 123456"}>>>\x00\x00\x00\x00\x00\x00\x00\x00\x00\x00\x00\x00\x00\x00\x00\x00\x00...\x00\x00\x00\x00\x00\x00\x00\x00\x00\x00\x00\x00\x00\x00\x00}
22:22:08.271 [qtp720661245-66] DEBUG org.eclipse.jetty.http.HttpParser - START --> SPACE1
22:22:08.271 [qtp720661245-66] DEBUG org.eclipse.jetty.http.HttpParser - SPACE1 --> URI
22:22:08.271 [qtp720661245-66] DEBUG org.eclipse.jetty.http.HttpParser - URI --> SPACE2
22:22:08.271 [qtp720661245-66] DEBUG org.eclipse.jetty.http.HttpParser - SPACE2 --> REQUEST_VERSION
22:22:08.271 [qtp720661245-66] DEBUG org.eclipse.jetty.http.HttpParser - REQUEST_VERSION --> HEADER
22:22:08.271 [qtp720661245-66] DEBUG org.eclipse.jetty.http.HttpParser - HEADER:Content-Type: application/json --> IN_VALUE
22:22:08.271 [qtp720661245-66] DEBUG org.eclipse.jetty.http.HttpParser - HEADER:Content-Type: application/json --> FIELD
22:22:08.271 [qtp720661245-66] DEBUG org.eclipse.jetty.http.HttpParser - HEADER:User-Agent --> VALUE
22:22:08.271 [qtp720661245-66] DEBUG org.eclipse.jetty.http.HttpParser - HEADER:User-Agent --> IN_VALUE
22:22:08.271 [qtp720661245-66] DEBUG org.eclipse.jetty.http.HttpParser - HEADER:User-Agent --> FIELD
22:22:08.271 [qtp720661245-66] DEBUG org.eclipse.jetty.http.HttpParser - HEADER:Host --> VALUE
22:22:08.271 [qtp720661245-66] DEBUG org.eclipse.jetty.http.HttpParser - HEADER:Host --> IN_VALUE
22:22:08.271 [qtp720661245-66] DEBUG org.eclipse.jetty.http.HttpParser - HEADER:Host --> FIELD
22:22:08.271 [qtp720661245-66] DEBUG org.eclipse.jetty.http.HttpParser - HEADER:Accept --> VALUE
22:22:08.271 [qtp720661245-66] DEBUG org.eclipse.jetty.http.HttpParser - HEADER:Accept --> IN_VALUE
22:22:08.271 [qtp720661245-66] DEBUG org.eclipse.jetty.http.HttpParser - HEADER:Accept --> FIELD
22:22:08.271 [qtp720661245-66] DEBUG org.eclipse.jetty.http.HttpParser - HEADER:Connection: keep-alive --> IN_VALUE
22:22:08.271 [qtp720661245-66] DEBUG org.eclipse.jetty.http.HttpParser - HEADER:Connection: keep-alive --> FIELD
22:22:08.272 [qtp720661245-66] DEBUG org.eclipse.jetty.http.HttpParser - HEADER:Content-Length --> VALUE
22:22:08.272 [qtp720661245-66] DEBUG org.eclipse.jetty.http.HttpParser - HEADER:Content-Length --> IN_VALUE
22:22:08.272 [qtp720661245-66] DEBUG org.eclipse.jetty.http.HttpParser - HEADER:Content-Length --> FIELD
22:22:08.272 [qtp720661245-66] DEBUG org.eclipse.jetty.http.HttpParser - HEADER --> CONTENT
22:22:08.272 [qtp720661245-66] DEBUG org.eclipse.jetty.server.HttpChannel - REQUEST for //localhost:9998/contact on HttpChannelOverHttp@5a3ba219{r=1,c=false,c=false/false,a=IDLE,uri=//localhost:9998/contact,age=0}
POST //localhost:9998/contact HTTP/1.1
Content-Type: application/json
User-Agent: Jersey/2.30.1 (HttpUrlConnection 1.8.0_265)
Host: localhost:9998
Accept: text/html, image/gif, image/jpeg, *; q=.2, */*; q=.2
Connection: keep-alive
Content-Length: 64


22:22:08.272 [qtp720661245-66] DEBUG o.e.jetty.server.HttpConnection - HttpConnection@517f2d35::SocketChannelEndPoint@50c3c969{/127.0.0.1:44202<->/127.0.0.1:9998,OPEN,fill=-,flush=-,to=1/30000}{io=0/0,kio=0,kro=1}->HttpConnection@517f2d35[p=HttpParser{s=CONTENT,0 of 64},g=HttpGenerator@2e6c7e3e{s=START}]=>HttpChannelOverHttp@5a3ba219{r=1,c=false,c=false/false,a=IDLE,uri=//localhost:9998/contact,age=0} parsed true HttpParser{s=CONTENT,0 of 64}
22:22:08.272 [qtp720661245-66] DEBUG org.eclipse.jetty.server.HttpChannel - HttpChannelOverHttp@5a3ba219{r=1,c=false,c=false/false,a=IDLE,uri=//localhost:9998/contact,age=0} handle //localhost:9998/contact 
22:22:08.272 [qtp720661245-66] DEBUG o.e.jetty.server.HttpChannelState - handling HttpChannelState@1f39273a{s=IDLE a=NOT_ASYNC i=true r=IDLE w=false}
22:22:08.272 [qtp720661245-66] DEBUG org.eclipse.jetty.server.HttpChannel - HttpChannelOverHttp@5a3ba219{r=1,c=false,c=false/false,a=DISPATCHED,uri=//localhost:9998/contact,age=0} action DISPATCH
22:22:08.272 [qtp720661245-66] DEBUG org.eclipse.jetty.server.Server - REQUEST POST /contact on HttpChannelOverHttp@5a3ba219{r=1,c=false,c=false/false,a=DISPATCHED,uri=//localhost:9998/contact,age=0}
22:22:08.274 [qtp720661245-66] DEBUG o.e.jetty.server.HttpConnection - HttpConnection@517f2d35::SocketChannelEndPoint@50c3c969{/127.0.0.1:44202<->/127.0.0.1:9998,OPEN,fill=-,flush=-,to=3/30000}{io=0/0,kio=0,kro=1}->HttpConnection@517f2d35[p=HttpParser{s=CONTENT,0 of 64},g=HttpGenerator@2e6c7e3e{s=START}]=>HttpChannelOverHttp@5a3ba219{r=1,c=false,c=false/false,a=DISPATCHED,uri=//localhost:9998/contact,age=2} parse HeapByteBuffer@6d06f681[p=243,l=307,c=8192,r=64]={POST /contact HTT...-Length: 64\r\n\r\n<<<{"firstName":"Ric...+39 23 123456"}>>>\x00\x00\x00\x00\x00\x00\x00\x00\x00\x00\x00\x00\x00\x00\x00\x00\x00...\x00\x00\x00\x00\x00\x00\x00\x00\x00\x00\x00\x00\x00\x00\x00} {}
22:22:08.274 [qtp720661245-66] DEBUG org.eclipse.jetty.http.HttpParser - parseNext s=CONTENT HeapByteBuffer@6d06f681[p=243,l=307,c=8192,r=64]={POST /contact HTT...-Length: 64\r\n\r\n<<<{"firstName":"Ric...+39 23 123456"}>>>\x00\x00\x00\x00\x00\x00\x00\x00\x00\x00\x00\x00\x00\x00\x00\x00\x00...\x00\x00\x00\x00\x00\x00\x00\x00\x00\x00\x00\x00\x00\x00\x00}
22:22:08.274 [qtp720661245-66] DEBUG org.eclipse.jetty.server.HttpChannel - HttpChannelOverHttp@5a3ba219{r=1,c=false,c=false/false,a=DISPATCHED,uri=//localhost:9998/contact,age=2} onContent Content@7894574a{HeapByteBufferR@1394be94[p=243,l=307,c=8192,r=64]={POST /contact HTT...-Length: 64\r\n\r\n<<<{"firstName":"Ric...+39 23 123456"}>>>\x00\x00\x00\x00\x00\x00\x00\x00\x00\x00\x00\x00\x00\x00\x00\x00\x00...\x00\x00\x00\x00\x00\x00\x00\x00\x00\x00\x00\x00\x00\x00\x00}}
22:22:08.274 [qtp720661245-66] DEBUG org.eclipse.jetty.server.HttpInput - HttpInputOverHTTP@16a802[c=0,q=0,[0]=null,s=STREAM] addContent Content@7894574a{HeapByteBufferR@1394be94[p=243,l=307,c=8192,r=64]={POST /contact HTT...-Length: 64\r\n\r\n<<<{"firstName":"Ric...+39 23 123456"}>>>\x00\x00\x00\x00\x00\x00\x00\x00\x00\x00\x00\x00\x00\x00\x00\x00\x00...\x00\x00\x00\x00\x00\x00\x00\x00\x00\x00\x00\x00\x00\x00\x00}}
22:22:08.274 [qtp720661245-66] DEBUG org.eclipse.jetty.http.HttpParser - CONTENT --> END
22:22:08.274 [qtp720661245-66] DEBUG org.eclipse.jetty.server.HttpChannel - HttpChannelOverHttp@5a3ba219{r=1,c=false,c=false/false,a=DISPATCHED,uri=//localhost:9998/contact,age=2} onContentComplete
22:22:08.274 [qtp720661245-66] DEBUG org.eclipse.jetty.server.HttpChannel - HttpChannelOverHttp@5a3ba219{r=1,c=false,c=false/false,a=DISPATCHED,uri=//localhost:9998/contact,age=2} onRequestComplete
22:22:08.274 [qtp720661245-66] DEBUG org.eclipse.jetty.server.HttpInput - HttpInputOverHTTP@16a802[c=0,q=1,[0]=EOF,s=STREAM] addContent EOF
22:22:08.274 [qtp720661245-66] DEBUG o.e.jetty.server.HttpConnection - HttpConnection@517f2d35::SocketChannelEndPoint@50c3c969{/127.0.0.1:44202<->/127.0.0.1:9998,OPEN,fill=-,flush=-,to=3/30000}{io=0/0,kio=0,kro=1}->HttpConnection@517f2d35[p=HttpParser{s=END,64 of 64},g=HttpGenerator@2e6c7e3e{s=START}]=>HttpChannelOverHttp@5a3ba219{r=1,c=false,c=false/false,a=DISPATCHED,uri=//localhost:9998/contact,age=2} parsed false HttpParser{s=END,64 of 64}
22:22:08.274 [qtp720661245-66] DEBUG org.eclipse.jetty.server.HttpInput - HttpInputOverHTTP@16a802[c=64,q=1,[0]=EOF,s=STREAM] read 64 from Content@7894574a{HeapByteBufferR@1394be94[p=307,l=307,c=8192,r=0]={POST /contact HTT...+39 23 123456"}<<<>>>\x00\x00\x00\x00\x00\x00\x00\x00\x00\x00\x00\x00\x00\x00\x00\x00\x00...\x00\x00\x00\x00\x00\x00\x00\x00\x00\x00\x00\x00\x00\x00\x00}}
22:22:08.275 [qtp720661245-66] DEBUG o.e.jetty.server.HttpConnection - releaseRequestBuffer HttpConnection@517f2d35::SocketChannelEndPoint@50c3c969{/127.0.0.1:44202<->/127.0.0.1:9998,OPEN,fill=-,flush=-,to=4/30000}{io=0/0,kio=0,kro=1}->HttpConnection@517f2d35[p=HttpParser{s=END,64 of 64},g=HttpGenerator@2e6c7e3e{s=START}]=>HttpChannelOverHttp@5a3ba219{r=1,c=false,c=false/false,a=DISPATCHED,uri=//localhost:9998/contact,age=3}
22:22:08.285 [qtp720661245-66] DEBUG org.eclipse.jetty.server.HttpChannel - sendResponse info=null content=HeapByteBuffer@735eb462[p=0,l=0,c=0,r=0]={<<<>>>} complete=true committing=true callback=Blocker@2fd71961{null}
22:22:08.285 [qtp720661245-66] DEBUG org.eclipse.jetty.server.HttpChannel - COMMIT for /contact on HttpChannelOverHttp@5a3ba219{r=1,c=true,c=false/false,a=DISPATCHED,uri=//localhost:9998/contact,age=13}
400 Bad Request HTTP/1.1
Date: Sun, 27 Sep 2020 21:22:08 GMT
Content-Length: 0


22:22:08.286 [qtp720661245-66] DEBUG o.e.jetty.server.HttpConnection - org.eclipse.jetty.server.HttpConnection$SendCallback@7b4d074b[PROCESSING][i=HTTP/1.1{s=400,h=2,cl=0},cb=org.eclipse.jetty.server.HttpChannel$SendCallback@f4f5032] generate: NEED_HEADER (null,[p=0,l=0,c=0,r=0],true)@START
22:22:08.286 [qtp720661245-66] DEBUG org.eclipse.jetty.http.HttpGenerator - generateHeaders HTTP/1.1{s=400,h=2,cl=0} last=true content=HeapByteBuffer@735eb462[p=0,l=0,c=0,r=0]={<<<>>>}
22:22:08.286 [qtp720661245-66] DEBUG org.eclipse.jetty.http.HttpGenerator - Date: Sun, 27 Sep 2020 21:22:08 GMT
Content-Length: 0


22:22:08.286 [qtp720661245-66] DEBUG org.eclipse.jetty.http.HttpGenerator - CONTENT_LENGTH
22:22:08.286 [qtp720661245-66] DEBUG o.e.jetty.server.HttpConnection - org.eclipse.jetty.server.HttpConnection$SendCallback@7b4d074b[PROCESSING][i=HTTP/1.1{s=400,h=2,cl=0},cb=org.eclipse.jetty.server.HttpChannel$SendCallback@f4f5032] generate: FLUSH ([p=0,l=117,c=8192,r=117],[p=0,l=0,c=0,r=0],true)@COMPLETING
22:22:08.286 [qtp720661245-66] DEBUG org.eclipse.jetty.io.WriteFlusher - write: WriteFlusher@4f394132{IDLE}->null [HeapByteBuffer@6d06f681[p=0,l=117,c=8192,r=117]={<<<HTTP/1.1 400 Bad ....v20190418)\r\n\r\n>>>: localhost:9998\r...\x00\x00\x00\x00\x00\x00\x00\x00\x00\x00\x00\x00\x00\x00\x00}]
22:22:08.286 [qtp720661245-66] DEBUG org.eclipse.jetty.io.WriteFlusher - update WriteFlusher@4f394132{WRITING}->null:IDLE-->WRITING
22:22:08.286 [qtp720661245-66] DEBUG org.eclipse.jetty.io.ChannelEndPoint - flushed 117 SocketChannelEndPoint@50c3c969{/127.0.0.1:44202<->/127.0.0.1:9998,OPEN,fill=-,flush=W,to=15/30000}{io=0/0,kio=0,kro=1}->HttpConnection@517f2d35[p=HttpParser{s=END,64 of 64},g=HttpGenerator@2e6c7e3e{s=COMPLETING}]=>HttpChannelOverHttp@5a3ba219{r=1,c=true,c=false/false,a=DISPATCHED,uri=//localhost:9998/contact,age=14}
22:22:08.286 [qtp720661245-66] DEBUG org.eclipse.jetty.io.WriteFlusher - Flushed=true written=117 remaining=0 WriteFlusher@4f394132{WRITING}->null
22:22:08.286 [qtp720661245-66] DEBUG org.eclipse.jetty.io.WriteFlusher - update WriteFlusher@4f394132{IDLE}->null:WRITING-->IDLE
22:22:08.286 [qtp720661245-66] DEBUG o.e.jetty.server.HttpConnection - org.eclipse.jetty.server.HttpConnection$SendCallback@7b4d074b[PROCESSING][i=HTTP/1.1{s=400,h=2,cl=0},cb=org.eclipse.jetty.server.HttpChannel$SendCallback@f4f5032] generate: DONE ([p=117,l=117,c=8192,r=0],[p=0,l=0,c=0,r=0],true)@END
22:22:08.286 [qtp720661245-66] DEBUG org.eclipse.jetty.server.Server - handled=true async=false committed=true on HttpChannelOverHttp@5a3ba219{r=1,c=true,c=false/true,a=DISPATCHED,uri=//localhost:9998/contact,age=14}
22:22:08.286 [qtp720661245-66] DEBUG o.e.jetty.server.HttpChannelState - unhandle HttpChannelState@1f39273a{s=DISPATCHED a=NOT_ASYNC i=true r=IDLE w=false}
22:22:08.286 [qtp720661245-66] DEBUG org.eclipse.jetty.server.HttpChannel - HttpChannelOverHttp@5a3ba219{r=1,c=true,c=false/true,a=COMPLETING,uri=//localhost:9998/contact,age=14} action COMPLETE
22:22:08.286 [qtp720661245-66] DEBUG o.e.jetty.server.HttpChannelState - onComplete HttpChannelState@1f39273a{s=COMPLETING a=NOT_ASYNC i=false r=IDLE w=false}
22:22:08.286 [qtp720661245-66] DEBUG org.eclipse.jetty.server.HttpChannel - COMPLETE for /contact written=0
22:22:08.286 [qtp720661245-66] DEBUG o.e.jetty.server.HttpChannelState - recycle HttpChannelState@1f39273a{s=COMPLETED a=NOT_ASYNC i=false r=IDLE w=false}
22:22:08.286 [qtp720661245-66] DEBUG org.eclipse.jetty.http.HttpParser - reset HttpParser{s=END,64 of 64}
22:22:08.286 [qtp720661245-66] DEBUG org.eclipse.jetty.http.HttpParser - END --> START
22:22:08.286 [qtp720661245-66] DEBUG org.eclipse.jetty.server.HttpChannel - HttpChannelOverHttp@5a3ba219{r=1,c=false,c=false/false,a=IDLE,uri=null,age=0} handle exit, result COMPLETE
22:22:08.286 [qtp720661245-66] DEBUG org.eclipse.jetty.io.ChannelEndPoint - filled 0 HeapByteBuffer@6d06f681[p=0,l=0,c=8192,r=0]={<<<>>>HTTP/1.1 400 Bad ...\x00\x00\x00\x00\x00\x00\x00\x00\x00\x00\x00\x00\x00\x00\x00}
22:22:08.286 [qtp720661245-66] DEBUG org.eclipse.jetty.io.ChannelEndPoint - filled 0 HeapByteBuffer@6d06f681[p=0,l=0,c=8192,r=0]={<<<>>>HTTP/1.1 400 Bad ...\x00\x00\x00\x00\x00\x00\x00\x00\x00\x00\x00\x00\x00\x00\x00}
22:22:08.287 [qtp720661245-66] DEBUG o.e.jetty.server.HttpConnection - HttpConnection@517f2d35::SocketChannelEndPoint@50c3c969{/127.0.0.1:44202<->/127.0.0.1:9998,OPEN,fill=-,flush=-,to=0/30000}{io=0/0,kio=0,kro=1}->HttpConnection@517f2d35[p=HttpParser{s=START,0 of -1},g=HttpGenerator@2e6c7e3e{s=START}]=>HttpChannelOverHttp@5a3ba219{r=1,c=false,c=false/false,a=IDLE,uri=null,age=0} filled 0 HeapByteBuffer@6d06f681[p=0,l=0,c=8192,r=0]={<<<>>>HTTP/1.1 400 Bad ...\x00\x00\x00\x00\x00\x00\x00\x00\x00\x00\x00\x00\x00\x00\x00}
22:22:08.287 [qtp720661245-66] DEBUG o.e.jetty.server.HttpConnection - HttpConnection@517f2d35::SocketChannelEndPoint@50c3c969{/127.0.0.1:44202<->/127.0.0.1:9998,OPEN,fill=-,flush=-,to=1/30000}{io=0/0,kio=0,kro=1}->HttpConnection@517f2d35[p=HttpParser{s=START,0 of -1},g=HttpGenerator@2e6c7e3e{s=START}]=>HttpChannelOverHttp@5a3ba219{r=1,c=false,c=false/false,a=IDLE,uri=null,age=0} parse HeapByteBuffer@6d06f681[p=0,l=0,c=8192,r=0]={<<<>>>HTTP/1.1 400 Bad ...\x00\x00\x00\x00\x00\x00\x00\x00\x00\x00\x00\x00\x00\x00\x00} {}
22:22:08.287 [qtp720661245-66] DEBUG org.eclipse.jetty.http.HttpParser - parseNext s=START HeapByteBuffer@6d06f681[p=0,l=0,c=8192,r=0]={<<<>>>HTTP/1.1 400 Bad ...\x00\x00\x00\x00\x00\x00\x00\x00\x00\x00\x00\x00\x00\x00\x00}
22:22:08.287 [qtp720661245-66] DEBUG o.e.jetty.server.HttpConnection - HttpConnection@517f2d35::SocketChannelEndPoint@50c3c969{/127.0.0.1:44202<->/127.0.0.1:9998,OPEN,fill=-,flush=-,to=1/30000}{io=0/0,kio=0,kro=1}->HttpConnection@517f2d35[p=HttpParser{s=START,0 of -1},g=HttpGenerator@2e6c7e3e{s=START}]=>HttpChannelOverHttp@5a3ba219{r=1,c=false,c=false/false,a=IDLE,uri=null,age=0} parsed false HttpParser{s=START,0 of -1}
22:22:08.287 [qtp720661245-66] DEBUG o.e.jetty.server.HttpConnection - releaseRequestBuffer HttpConnection@517f2d35::SocketChannelEndPoint@50c3c969{/127.0.0.1:44202<->/127.0.0.1:9998,OPEN,fill=-,flush=-,to=1/30000}{io=0/0,kio=0,kro=1}->HttpConnection@517f2d35[p=HttpParser{s=START,0 of -1},g=HttpGenerator@2e6c7e3e{s=START}]=>HttpChannelOverHttp@5a3ba219{r=1,c=false,c=false/false,a=IDLE,uri=null,age=0}
22:22:08.287 [qtp720661245-66] DEBUG o.e.jetty.io.AbstractConnection - fillInterested HttpConnection@517f2d35::SocketChannelEndPoint@50c3c969{/127.0.0.1:44202<->/127.0.0.1:9998,OPEN,fill=-,flush=-,to=1/30000}{io=0/0,kio=0,kro=1}->HttpConnection@517f2d35[p=HttpParser{s=START,0 of -1},g=HttpGenerator@2e6c7e3e{s=START}]=>HttpChannelOverHttp@5a3ba219{r=1,c=false,c=false/false,a=IDLE,uri=null,age=0}
22:22:08.287 [qtp720661245-66] DEBUG org.eclipse.jetty.io.FillInterest - interested FillInterest@29c02a80{AC.ReadCB@517f2d35{HttpConnection@517f2d35::SocketChannelEndPoint@50c3c969{/127.0.0.1:44202<->/127.0.0.1:9998,OPEN,fill=FI,flush=-,to=0/30000}{io=0/0,kio=0,kro=1}->HttpConnection@517f2d35[p=HttpParser{s=START,0 of -1},g=HttpGenerator@2e6c7e3e{s=START}]=>HttpChannelOverHttp@5a3ba219{r=1,c=false,c=false/false,a=IDLE,uri=null,age=0}}}
22:22:08.287 [qtp720661245-66] DEBUG org.eclipse.jetty.io.ChannelEndPoint - changeInterests p=false 0->1 for SocketChannelEndPoint@50c3c969{/127.0.0.1:44202<->/127.0.0.1:9998,OPEN,fill=FI,flush=-,to=0/30000}{io=0/1,kio=0,kro=1}->HttpConnection@517f2d35[p=HttpParser{s=START,0 of -1},g=HttpGenerator@2e6c7e3e{s=START}]=>HttpChannelOverHttp@5a3ba219{r=1,c=false,c=false/false,a=IDLE,uri=null,age=0}
22:22:08.287 [qtp720661245-66] DEBUG org.eclipse.jetty.io.ManagedSelector - Queued change org.eclipse.jetty.io.ChannelEndPoint$1@7f16d875 on ManagedSelector@1174a305{STARTED} id=1 keys=1 selected=0 updates=0
22:22:08.287 [qtp720661245-66] DEBUG org.eclipse.jetty.io.ManagedSelector - Wakeup on submit ManagedSelector@1174a305{STARTED} id=1 keys=1 selected=0 updates=1
22:22:08.287 [qtp720661245-66] DEBUG o.e.jetty.server.HttpConnection - HttpConnection@517f2d35::SocketChannelEndPoint@50c3c969{/127.0.0.1:44202<->/127.0.0.1:9998,OPEN,fill=FI,flush=-,to=0/30000}{io=0/1,kio=0,kro=1}->HttpConnection@517f2d35[p=HttpParser{s=START,0 of -1},g=HttpGenerator@2e6c7e3e{s=START}]=>HttpChannelOverHttp@5a3ba219{r=1,c=false,c=false/false,a=IDLE,uri=null,age=0} onFillable exit HttpChannelState@1f39273a{s=IDLE a=NOT_ASYNC i=true r=IDLE w=false} null
22:22:08.287 [main] DEBUG o.e.j.u.component.AbstractLifeCycle - stopping Server@760245e1{STARTED}[9.4.17.v20190418]
22:22:08.287 [qtp720661245-66] DEBUG o.e.j.util.thread.QueuedThreadPool - ran CEP:SocketChannelEndPoint@50c3c969{/127.0.0.1:44202<->/127.0.0.1:9998,OPEN,fill=FI,flush=-,to=0/30000}{io=0/1,kio=0,kro=1}->HttpConnection@517f2d35[p=HttpParser{s=START,0 of -1},g=HttpGenerator@2e6c7e3e{s=START}]=>HttpChannelOverHttp@5a3ba219{r=1,c=false,c=false/false,a=IDLE,uri=null,age=0}:runFillable:BLOCKING
22:22:08.287 [main] DEBUG org.eclipse.jetty.server.Server - doStop Server@760245e1{STOPPING}[9.4.17.v20190418]
22:22:08.288 [qtp720661245-63] DEBUG o.e.j.util.thread.QueuedThreadPool - ran qtp720661245-63-acceptor-0@574cd322-ServerConnector@bbf9e07{HTTP/1.1,[http/1.1]}{0.0.0.0:9998}
22:22:08.288 [main] DEBUG o.e.j.s.h.AbstractHandlerContainer - Graceful shutdown Server@760245e1{STOPPING}[9.4.17.v20190418] by 
22:22:08.288 [main] DEBUG o.e.j.u.component.AbstractLifeCycle - stopping ServerConnector@bbf9e07{HTTP/1.1,[http/1.1]}{0.0.0.0:9998}
22:22:08.288 [main] DEBUG o.e.j.u.component.AbstractLifeCycle - stopping SelectorManager@ServerConnector@bbf9e07{HTTP/1.1,[http/1.1]}{0.0.0.0:9998}
22:22:08.288 [main] DEBUG o.e.j.u.component.AbstractLifeCycle - stopping ManagedSelector@11f406f8{STARTED} id=3 keys=0 selected=0 updates=0
22:22:08.288 [main] DEBUG org.eclipse.jetty.io.ManagedSelector - Queued change org.eclipse.jetty.io.ManagedSelector$CloseConnections@2c7a8af2 on ManagedSelector@11f406f8{STOPPING} id=3 keys=0 selected=0 updates=0
22:22:08.288 [main] DEBUG org.eclipse.jetty.io.ManagedSelector - Wakeup on submit ManagedSelector@11f406f8{STOPPING} id=3 keys=0 selected=0 updates=1
22:22:08.288 [qtp720661245-62] DEBUG org.eclipse.jetty.io.ManagedSelector - Selector sun.nio.ch.EPollSelectorImpl@62e4d088 woken with none selected
22:22:08.288 [qtp720661245-62] DEBUG org.eclipse.jetty.io.ManagedSelector - Selector sun.nio.ch.EPollSelectorImpl@62e4d088 woken up from select, 0/0/0 selected
22:22:08.288 [qtp720661245-62] DEBUG org.eclipse.jetty.io.ManagedSelector - Selector sun.nio.ch.EPollSelectorImpl@62e4d088 processing 0 keys, 1 updates
22:22:08.288 [qtp720661245-62] DEBUG org.eclipse.jetty.io.ManagedSelector - updateable 1
22:22:08.288 [qtp720661245-62] DEBUG org.eclipse.jetty.io.ManagedSelector - update org.eclipse.jetty.io.ManagedSelector$CloseConnections@2c7a8af2
22:22:08.288 [qtp720661245-62] DEBUG org.eclipse.jetty.io.ManagedSelector - Closing 0 connections on ManagedSelector@11f406f8{STOPPING} id=3 keys=0 selected=0 updates=0
22:22:08.289 [qtp720661245-62] DEBUG org.eclipse.jetty.io.ManagedSelector - updates 0
22:22:08.289 [qtp720661245-62] DEBUG org.eclipse.jetty.io.ManagedSelector - Selector sun.nio.ch.EPollSelectorImpl@62e4d088 waiting with 0 keys
22:22:08.289 [qtp720661245-60] DEBUG org.eclipse.jetty.io.ManagedSelector - Selector sun.nio.ch.EPollSelectorImpl@4fc181a9 woken with none selected
22:22:08.289 [qtp720661245-60] DEBUG org.eclipse.jetty.io.ManagedSelector - Selector sun.nio.ch.EPollSelectorImpl@4fc181a9 woken up from select, 0/0/1 selected
22:22:08.289 [qtp720661245-60] DEBUG org.eclipse.jetty.io.ManagedSelector - Selector sun.nio.ch.EPollSelectorImpl@4fc181a9 processing 0 keys, 1 updates
22:22:08.289 [qtp720661245-60] DEBUG org.eclipse.jetty.io.ManagedSelector - updateable 1
22:22:08.289 [qtp720661245-60] DEBUG org.eclipse.jetty.io.ManagedSelector - update org.eclipse.jetty.io.ChannelEndPoint$1@7f16d875
22:22:08.289 [main] DEBUG org.eclipse.jetty.io.ManagedSelector - Queued change org.eclipse.jetty.io.ManagedSelector$StopSelector@10c07b8d on ManagedSelector@11f406f8{STOPPING} id=3 keys=0 selected=0 updates=0
22:22:08.289 [main] DEBUG org.eclipse.jetty.io.ManagedSelector - Wakeup on submit ManagedSelector@11f406f8{STOPPING} id=3 keys=0 selected=0 updates=1
22:22:08.289 [qtp720661245-60] DEBUG org.eclipse.jetty.io.ChannelEndPoint - Key interests updated 0 -> 1 on SocketChannelEndPoint@50c3c969{/127.0.0.1:44202<->/127.0.0.1:9998,OPEN,fill=FI,flush=-,to=2/30000}{io=1/1,kio=1,kro=1}->HttpConnection@517f2d35[p=HttpParser{s=START,0 of -1},g=HttpGenerator@2e6c7e3e{s=START}]=>HttpChannelOverHttp@5a3ba219{r=1,c=false,c=false/false,a=IDLE,uri=null,age=0}
22:22:08.289 [qtp720661245-60] DEBUG org.eclipse.jetty.io.ManagedSelector - updates 0
22:22:08.289 [qtp720661245-60] DEBUG org.eclipse.jetty.io.ManagedSelector - Selector sun.nio.ch.EPollSelectorImpl@4fc181a9 waiting with 1 keys
22:22:08.289 [qtp720661245-62] DEBUG org.eclipse.jetty.io.ManagedSelector - Selector sun.nio.ch.EPollSelectorImpl@62e4d088 woken with none selected
22:22:08.289 [qtp720661245-62] DEBUG org.eclipse.jetty.io.ManagedSelector - Selector sun.nio.ch.EPollSelectorImpl@62e4d088 woken up from select, 0/0/0 selected
22:22:08.289 [qtp720661245-62] DEBUG org.eclipse.jetty.io.ManagedSelector - Selector sun.nio.ch.EPollSelectorImpl@62e4d088 processing 0 keys, 1 updates
22:22:08.289 [qtp720661245-62] DEBUG org.eclipse.jetty.io.ManagedSelector - updateable 1
22:22:08.289 [qtp720661245-62] DEBUG org.eclipse.jetty.io.ManagedSelector - update org.eclipse.jetty.io.ManagedSelector$StopSelector@10c07b8d
22:22:08.290 [qtp720661245-62] DEBUG org.eclipse.jetty.io.ManagedSelector - updates 0
22:22:08.290 [qtp720661245-62] DEBUG o.e.j.util.thread.QueuedThreadPool - ran org.eclipse.jetty.io.ManagedSelector$$Lambda$198/1041326823@15b82644
22:22:08.290 [main] DEBUG o.e.j.u.component.AbstractLifeCycle - stopping EatWhatYouKill@78226c36/SelectorProducer@3f685162/IDLE/p=false/JettyConnectorThreadPool[qtp720661245]@2af46afd{STARTED,8<=8<=200,i=4,q=0}[ReservedThreadExecutor@2b037cfc{s=1/8,p=0}][pc=0,pic=0,pec=0,epc=0]@2020-09-27T22:22:08.29+01:00
22:22:08.290 [main] DEBUG o.e.j.u.component.AbstractLifeCycle - STOPPED EatWhatYouKill@78226c36/SelectorProducer@3f685162/IDLE/p=false/JettyConnectorThreadPool[qtp720661245]@2af46afd{STARTED,8<=8<=200,i=4,q=0}[ReservedThreadExecutor@2b037cfc{s=1/8,p=0}][pc=0,pic=0,pec=0,epc=0]@2020-09-27T22:22:08.29+01:00
22:22:08.290 [main] DEBUG o.e.j.u.component.AbstractLifeCycle - STOPPED ManagedSelector@11f406f8{STOPPED} id=3 keys=-1 selected=-1 updates=0
22:22:08.290 [main] DEBUG o.e.j.u.component.AbstractLifeCycle - stopping ManagedSelector@4cfa8227{STARTED} id=2 keys=0 selected=0 updates=0
22:22:08.290 [main] DEBUG org.eclipse.jetty.io.ManagedSelector - Queued change org.eclipse.jetty.io.ManagedSelector$CloseConnections@720bf653 on ManagedSelector@4cfa8227{STOPPING} id=2 keys=0 selected=0 updates=0
22:22:08.290 [main] DEBUG org.eclipse.jetty.io.ManagedSelector - Wakeup on submit ManagedSelector@4cfa8227{STOPPING} id=2 keys=0 selected=0 updates=1
22:22:08.290 [qtp720661245-61] DEBUG org.eclipse.jetty.io.ManagedSelector - Selector sun.nio.ch.EPollSelectorImpl@1f03a118 woken with none selected
22:22:08.290 [qtp720661245-61] DEBUG org.eclipse.jetty.io.ManagedSelector - Selector sun.nio.ch.EPollSelectorImpl@1f03a118 woken up from select, 0/0/0 selected
22:22:08.290 [qtp720661245-61] DEBUG org.eclipse.jetty.io.ManagedSelector - Selector sun.nio.ch.EPollSelectorImpl@1f03a118 processing 0 keys, 1 updates
22:22:08.290 [qtp720661245-61] DEBUG org.eclipse.jetty.io.ManagedSelector - updateable 1
22:22:08.290 [qtp720661245-61] DEBUG org.eclipse.jetty.io.ManagedSelector - update org.eclipse.jetty.io.ManagedSelector$CloseConnections@720bf653
22:22:08.290 [qtp720661245-61] DEBUG org.eclipse.jetty.io.ManagedSelector - Closing 0 connections on ManagedSelector@4cfa8227{STOPPING} id=2 keys=0 selected=0 updates=0
22:22:08.291 [qtp720661245-61] DEBUG org.eclipse.jetty.io.ManagedSelector - updates 0
22:22:08.291 [main] DEBUG org.eclipse.jetty.io.ManagedSelector - Queued change org.eclipse.jetty.io.ManagedSelector$StopSelector@360bc645 on ManagedSelector@4cfa8227{STOPPING} id=2 keys=0 selected=0 updates=0
22:22:08.291 [qtp720661245-61] DEBUG org.eclipse.jetty.io.ManagedSelector - Selector sun.nio.ch.EPollSelectorImpl@1f03a118 waiting with 0 keys
22:22:08.291 [main] DEBUG org.eclipse.jetty.io.ManagedSelector - Wakeup on submit ManagedSelector@4cfa8227{STOPPING} id=2 keys=0 selected=0 updates=1
22:22:08.291 [qtp720661245-61] DEBUG org.eclipse.jetty.io.ManagedSelector - Selector sun.nio.ch.EPollSelectorImpl@1f03a118 woken with none selected
22:22:08.291 [qtp720661245-61] DEBUG org.eclipse.jetty.io.ManagedSelector - Selector sun.nio.ch.EPollSelectorImpl@1f03a118 woken up from select, 0/0/0 selected
22:22:08.291 [qtp720661245-61] DEBUG org.eclipse.jetty.io.ManagedSelector - Selector sun.nio.ch.EPollSelectorImpl@1f03a118 processing 0 keys, 1 updates
22:22:08.291 [qtp720661245-61] DEBUG org.eclipse.jetty.io.ManagedSelector - updateable 1
22:22:08.291 [qtp720661245-61] DEBUG org.eclipse.jetty.io.ManagedSelector - update org.eclipse.jetty.io.ManagedSelector$StopSelector@360bc645
22:22:08.291 [qtp720661245-61] DEBUG org.eclipse.jetty.io.ManagedSelector - updates 0
22:22:08.291 [main] DEBUG o.e.j.u.component.AbstractLifeCycle - stopping EatWhatYouKill@71b6d77f/SelectorProducer@1866da85/PRODUCING/p=false/JettyConnectorThreadPool[qtp720661245]@2af46afd{STARTED,8<=8<=200,i=4,q=0}[ReservedThreadExecutor@2b037cfc{s=1/8,p=0}][pc=0,pic=0,pec=0,epc=0]@2020-09-27T22:22:08.291+01:00
22:22:08.291 [qtp720661245-61] DEBUG o.e.j.util.thread.QueuedThreadPool - ran org.eclipse.jetty.io.ManagedSelector$$Lambda$198/1041326823@1d5d5621
22:22:08.291 [main] DEBUG o.e.j.u.component.AbstractLifeCycle - STOPPED EatWhatYouKill@71b6d77f/SelectorProducer@1866da85/IDLE/p=false/JettyConnectorThreadPool[qtp720661245]@2af46afd{STARTED,8<=8<=200,i=4,q=0}[ReservedThreadExecutor@2b037cfc{s=1/8,p=0}][pc=0,pic=0,pec=0,epc=0]@2020-09-27T22:22:08.291+01:00
22:22:08.291 [main] DEBUG o.e.j.u.component.AbstractLifeCycle - STOPPED ManagedSelector@4cfa8227{STOPPED} id=2 keys=-1 selected=-1 updates=0
22:22:08.291 [main] DEBUG o.e.j.u.component.AbstractLifeCycle - stopping ManagedSelector@1174a305{STARTED} id=1 keys=1 selected=0 updates=0
22:22:08.291 [main] DEBUG org.eclipse.jetty.io.ManagedSelector - Queued change org.eclipse.jetty.io.ManagedSelector$CloseConnections@4edef76c on ManagedSelector@1174a305{STOPPING} id=1 keys=1 selected=0 updates=0
22:22:08.291 [main] DEBUG org.eclipse.jetty.io.ManagedSelector - Wakeup on submit ManagedSelector@1174a305{STOPPING} id=1 keys=1 selected=0 updates=1
22:22:08.291 [qtp720661245-60] DEBUG org.eclipse.jetty.io.ManagedSelector - Selector sun.nio.ch.EPollSelectorImpl@4fc181a9 woken with none selected
22:22:08.291 [qtp720661245-60] DEBUG org.eclipse.jetty.io.ManagedSelector - Selector sun.nio.ch.EPollSelectorImpl@4fc181a9 woken up from select, 0/0/1 selected
22:22:08.291 [qtp720661245-60] DEBUG org.eclipse.jetty.io.ManagedSelector - Selector sun.nio.ch.EPollSelectorImpl@4fc181a9 processing 0 keys, 1 updates
22:22:08.291 [qtp720661245-60] DEBUG org.eclipse.jetty.io.ManagedSelector - updateable 1
22:22:08.291 [qtp720661245-60] DEBUG org.eclipse.jetty.io.ManagedSelector - update org.eclipse.jetty.io.ManagedSelector$CloseConnections@4edef76c
22:22:08.291 [qtp720661245-60] DEBUG org.eclipse.jetty.io.ManagedSelector - Closing 1 connections on ManagedSelector@1174a305{STOPPING} id=1 keys=1 selected=0 updates=0
22:22:08.291 [qtp720661245-60] DEBUG o.eclipse.jetty.io.AbstractEndPoint - close SocketChannelEndPoint@50c3c969{/127.0.0.1:44202<->/127.0.0.1:9998,OPEN,fill=FI,flush=-,to=4/30000}{io=1/1,kio=1,kro=1}->HttpConnection@517f2d35[p=HttpParser{s=START,0 of -1},g=HttpGenerator@2e6c7e3e{s=START}]=>HttpChannelOverHttp@5a3ba219{r=1,c=false,c=false/false,a=IDLE,uri=null,age=0}
22:22:08.291 [qtp720661245-60] DEBUG o.eclipse.jetty.io.AbstractEndPoint - close(null) SocketChannelEndPoint@50c3c969{/127.0.0.1:44202<->/127.0.0.1:9998,OPEN,fill=FI,flush=-,to=4/30000}{io=1/1,kio=1,kro=1}->HttpConnection@517f2d35[p=HttpParser{s=START,0 of -1},g=HttpGenerator@2e6c7e3e{s=START}]=>HttpChannelOverHttp@5a3ba219{r=1,c=false,c=false/false,a=IDLE,uri=null,age=0}
22:22:08.291 [qtp720661245-60] DEBUG org.eclipse.jetty.io.ChannelEndPoint - doClose SocketChannelEndPoint@50c3c969{/127.0.0.1:44202<->/127.0.0.1:9998,CLOSED,fill=FI,flush=-,to=4/30000}{io=1/1,kio=1,kro=1}->HttpConnection@517f2d35[p=HttpParser{s=START,0 of -1},g=HttpGenerator@2e6c7e3e{s=START}]=>HttpChannelOverHttp@5a3ba219{r=1,c=false,c=false/false,a=IDLE,uri=null,age=0}
22:22:08.292 [qtp720661245-60] DEBUG org.eclipse.jetty.io.WriteFlusher - ignored: WriteFlusher@4f394132{IDLE}->null
java.nio.channels.ClosedChannelException: null
	at org.eclipse.jetty.io.WriteFlusher.onClose(WriteFlusher.java:492)
	at org.eclipse.jetty.io.AbstractEndPoint.onClose(AbstractEndPoint.java:353)
	at org.eclipse.jetty.io.ChannelEndPoint.onClose(ChannelEndPoint.java:215)
	at org.eclipse.jetty.io.AbstractEndPoint.doOnClose(AbstractEndPoint.java:225)
	at org.eclipse.jetty.io.AbstractEndPoint.close(AbstractEndPoint.java:192)
	at org.eclipse.jetty.io.AbstractEndPoint.close(AbstractEndPoint.java:175)
	at org.eclipse.jetty.io.AbstractConnection.close(AbstractConnection.java:248)
	at org.eclipse.jetty.io.ManagedSelector.closeNoExceptions(ManagedSelector.java:252)
	at org.eclipse.jetty.io.ManagedSelector.access$1400(ManagedSelector.java:61)
	at org.eclipse.jetty.io.ManagedSelector$CloseConnections.update(ManagedSelector.java:866)
	at org.eclipse.jetty.io.ManagedSelector$SelectorProducer.processUpdates(ManagedSelector.java:426)
	at org.eclipse.jetty.io.ManagedSelector$SelectorProducer.produce(ManagedSelector.java:397)
	at org.eclipse.jetty.util.thread.strategy.EatWhatYouKill.produceTask(EatWhatYouKill.java:357)
	at org.eclipse.jetty.util.thread.strategy.EatWhatYouKill.doProduce(EatWhatYouKill.java:181)
	at org.eclipse.jetty.util.thread.strategy.EatWhatYouKill.tryProduce(EatWhatYouKill.java:168)
	at org.eclipse.jetty.util.thread.strategy.EatWhatYouKill.produce(EatWhatYouKill.java:132)
	at org.eclipse.jetty.util.thread.QueuedThreadPool.runJob(QueuedThreadPool.java:786)
	at org.eclipse.jetty.util.thread.QueuedThreadPool$2.run(QueuedThreadPool.java:743)
	at java.lang.Thread.run(Thread.java:748)
22:22:08.292 [qtp720661245-60] DEBUG org.eclipse.jetty.io.FillInterest - onClose FillInterest@29c02a80{AC.ReadCB@517f2d35{HttpConnection@517f2d35::SocketChannelEndPoint@50c3c969{/127.0.0.1:44202<->/127.0.0.1:9998,CLOSED,fill=FI,flush=-,to=5/30000}{io=1/1,kio=-1,kro=-1}->HttpConnection@517f2d35[p=HttpParser{s=START,0 of -1},g=HttpGenerator@2e6c7e3e{s=START}]=>HttpChannelOverHttp@5a3ba219{r=1,c=false,c=false/false,a=IDLE,uri=null,age=0}}}
22:22:08.292 [qtp720661245-60] DEBUG org.eclipse.jetty.http.HttpParser - close HttpParser{s=START,0 of -1}
22:22:08.292 [qtp720661245-60] DEBUG org.eclipse.jetty.http.HttpParser - START --> CLOSE
22:22:08.292 [qtp720661245-60] DEBUG o.e.jetty.io.AbstractConnection - HttpConnection@517f2d35::SocketChannelEndPoint@50c3c969{/127.0.0.1:44202<->/127.0.0.1:9998,CLOSED,fill=-,flush=-,to=5/30000}{io=1/1,kio=-1,kro=-1}->HttpConnection@517f2d35[p=HttpParser{s=CLOSE,0 of -1},g=HttpGenerator@2e6c7e3e{s=START}]=>HttpChannelOverHttp@5a3ba219{r=1,c=false,c=false/false,a=IDLE,uri=null,age=0} onFillInterestedFailed {}
22:22:08.292 [qtp720661245-60] DEBUG org.eclipse.jetty.io.ManagedSelector - Wakeup ManagedSelector@1174a305{STOPPING} id=1 keys=1 selected=0 updates=0
22:22:08.292 [qtp720661245-60] DEBUG o.e.j.util.thread.QueuedThreadPool - queue org.eclipse.jetty.io.ManagedSelector$DestroyEndPoint@3b7c1a
22:22:08.292 [qtp720661245-60] DEBUG org.eclipse.jetty.io.ManagedSelector - updates 0
22:22:08.292 [qtp720661245-64] DEBUG o.e.j.util.thread.QueuedThreadPool - run org.eclipse.jetty.io.ManagedSelector$DestroyEndPoint@3b7c1a
22:22:08.292 [qtp720661245-64] DEBUG org.eclipse.jetty.io.ManagedSelector - Destroyed SocketChannelEndPoint@50c3c969{/127.0.0.1:44202<->/127.0.0.1:9998,CLOSED,fill=-,flush=-,to=5/30000}{io=1/1,kio=-1,kro=-1}->HttpConnection@517f2d35[p=HttpParser{s=CLOSE,0 of -1},g=HttpGenerator@2e6c7e3e{s=START}]=>HttpChannelOverHttp@5a3ba219{r=1,c=false,c=false/false,a=IDLE,uri=null,age=0}
22:22:08.292 [qtp720661245-64] DEBUG o.e.jetty.io.AbstractConnection - onClose HttpConnection@517f2d35::SocketChannelEndPoint@50c3c969{/127.0.0.1:44202<->/127.0.0.1:9998,CLOSED,fill=-,flush=-,to=5/30000}{io=1/1,kio=-1,kro=-1}->HttpConnection@517f2d35[p=HttpParser{s=CLOSE,0 of -1},g=HttpGenerator@2e6c7e3e{s=START}]=>HttpChannelOverHttp@5a3ba219{r=1,c=false,c=false/false,a=IDLE,uri=null,age=0}
22:22:08.292 [qtp720661245-64] DEBUG o.e.j.util.thread.QueuedThreadPool - ran org.eclipse.jetty.io.ManagedSelector$DestroyEndPoint@3b7c1a
22:22:08.292 [qtp720661245-60] DEBUG org.eclipse.jetty.io.ManagedSelector - Selector sun.nio.ch.EPollSelectorImpl@4fc181a9 waiting with 1 keys
22:22:08.292 [main] DEBUG org.eclipse.jetty.io.ManagedSelector - Queued change org.eclipse.jetty.io.ManagedSelector$StopSelector@5d51e129 on ManagedSelector@1174a305{STOPPING} id=1 keys=1 selected=0 updates=0
22:22:08.292 [main] DEBUG org.eclipse.jetty.io.ManagedSelector - Wakeup on submit ManagedSelector@1174a305{STOPPING} id=1 keys=0 selected=0 updates=1
22:22:08.293 [qtp720661245-60] DEBUG org.eclipse.jetty.io.ManagedSelector - Selector sun.nio.ch.EPollSelectorImpl@4fc181a9 woken with none selected
22:22:08.293 [qtp720661245-60] DEBUG org.eclipse.jetty.io.ManagedSelector - Selector sun.nio.ch.EPollSelectorImpl@4fc181a9 woken up from select, 0/0/0 selected
22:22:08.293 [qtp720661245-60] DEBUG org.eclipse.jetty.io.ManagedSelector - Selector sun.nio.ch.EPollSelectorImpl@4fc181a9 processing 0 keys, 1 updates
22:22:08.293 [qtp720661245-60] DEBUG org.eclipse.jetty.io.ManagedSelector - updateable 1
22:22:08.293 [qtp720661245-60] DEBUG org.eclipse.jetty.io.ManagedSelector - update org.eclipse.jetty.io.ManagedSelector$StopSelector@5d51e129
22:22:08.293 [qtp720661245-60] DEBUG org.eclipse.jetty.io.ManagedSelector - updates 0
22:22:08.293 [qtp720661245-60] DEBUG o.e.j.util.thread.QueuedThreadPool - ran org.eclipse.jetty.io.ManagedSelector$$Lambda$198/1041326823@1f3165e7
22:22:08.293 [main] DEBUG o.e.j.u.component.AbstractLifeCycle - stopping EatWhatYouKill@19ee1ae6/SelectorProducer@5f117b3d/IDLE/p=false/JettyConnectorThreadPool[qtp720661245]@2af46afd{STARTED,8<=8<=200,i=6,q=0}[ReservedThreadExecutor@2b037cfc{s=1/8,p=0}][pc=0,pic=0,pec=1,epc=0]@2020-09-27T22:22:08.293+01:00
22:22:08.293 [main] DEBUG o.e.j.u.component.AbstractLifeCycle - STOPPED EatWhatYouKill@19ee1ae6/SelectorProducer@5f117b3d/IDLE/p=false/JettyConnectorThreadPool[qtp720661245]@2af46afd{STARTED,8<=8<=200,i=6,q=0}[ReservedThreadExecutor@2b037cfc{s=1/8,p=0}][pc=0,pic=0,pec=1,epc=0]@2020-09-27T22:22:08.293+01:00
22:22:08.293 [main] DEBUG o.e.j.u.component.AbstractLifeCycle - STOPPED ManagedSelector@1174a305{STOPPED} id=1 keys=-1 selected=-1 updates=0
22:22:08.293 [main] DEBUG o.e.j.u.component.AbstractLifeCycle - stopping ManagedSelector@72825400{STARTED} id=0 keys=0 selected=0 updates=0
22:22:08.293 [main] DEBUG org.eclipse.jetty.io.ManagedSelector - Queued change org.eclipse.jetty.io.ManagedSelector$CloseConnections@70c53dbe on ManagedSelector@72825400{STOPPING} id=0 keys=0 selected=0 updates=0
22:22:08.293 [main] DEBUG org.eclipse.jetty.io.ManagedSelector - Wakeup on submit ManagedSelector@72825400{STOPPING} id=0 keys=0 selected=0 updates=1
22:22:08.293 [qtp720661245-59] DEBUG org.eclipse.jetty.io.ManagedSelector - Selector sun.nio.ch.EPollSelectorImpl@30457a4c woken with none selected
22:22:08.293 [qtp720661245-59] DEBUG org.eclipse.jetty.io.ManagedSelector - Selector sun.nio.ch.EPollSelectorImpl@30457a4c woken up from select, 0/0/0 selected
22:22:08.293 [qtp720661245-59] DEBUG org.eclipse.jetty.io.ManagedSelector - Selector sun.nio.ch.EPollSelectorImpl@30457a4c processing 0 keys, 1 updates
22:22:08.293 [qtp720661245-59] DEBUG org.eclipse.jetty.io.ManagedSelector - updateable 1
22:22:08.293 [qtp720661245-59] DEBUG org.eclipse.jetty.io.ManagedSelector - update org.eclipse.jetty.io.ManagedSelector$CloseConnections@70c53dbe
22:22:08.293 [qtp720661245-59] DEBUG org.eclipse.jetty.io.ManagedSelector - Closing 0 connections on ManagedSelector@72825400{STOPPING} id=0 keys=0 selected=0 updates=0
22:22:08.293 [qtp720661245-59] DEBUG org.eclipse.jetty.io.ManagedSelector - updates 0
22:22:08.293 [qtp720661245-59] DEBUG org.eclipse.jetty.io.ManagedSelector - Selector sun.nio.ch.EPollSelectorImpl@30457a4c waiting with 0 keys
22:22:08.293 [main] DEBUG org.eclipse.jetty.io.ManagedSelector - Queued change org.eclipse.jetty.io.ManagedSelector$StopSelector@1894e40d on ManagedSelector@72825400{STOPPING} id=0 keys=0 selected=0 updates=0
22:22:08.293 [main] DEBUG org.eclipse.jetty.io.ManagedSelector - Wakeup on submit ManagedSelector@72825400{STOPPING} id=0 keys=0 selected=0 updates=1
22:22:08.293 [qtp720661245-59] DEBUG org.eclipse.jetty.io.ManagedSelector - Selector sun.nio.ch.EPollSelectorImpl@30457a4c woken with none selected
22:22:08.293 [qtp720661245-59] DEBUG org.eclipse.jetty.io.ManagedSelector - Selector sun.nio.ch.EPollSelectorImpl@30457a4c woken up from select, 0/0/0 selected
22:22:08.293 [qtp720661245-59] DEBUG org.eclipse.jetty.io.ManagedSelector - Selector sun.nio.ch.EPollSelectorImpl@30457a4c processing 0 keys, 1 updates
22:22:08.293 [qtp720661245-59] DEBUG org.eclipse.jetty.io.ManagedSelector - updateable 1
22:22:08.293 [qtp720661245-59] DEBUG org.eclipse.jetty.io.ManagedSelector - update org.eclipse.jetty.io.ManagedSelector$StopSelector@1894e40d
22:22:08.294 [qtp720661245-59] DEBUG org.eclipse.jetty.io.ManagedSelector - updates 0
22:22:08.294 [main] DEBUG o.e.j.u.component.AbstractLifeCycle - stopping EatWhatYouKill@43a0a32d/SelectorProducer@396ef8b2/PRODUCING/p=false/JettyConnectorThreadPool[qtp720661245]@2af46afd{STARTED,8<=8<=200,i=6,q=0}[ReservedThreadExecutor@2b037cfc{s=1/8,p=0}][pc=0,pic=0,pec=0,epc=0]@2020-09-27T22:22:08.294+01:00
22:22:08.294 [qtp720661245-59] DEBUG o.e.j.util.thread.QueuedThreadPool - ran org.eclipse.jetty.io.ManagedSelector$$Lambda$198/1041326823@987455b
22:22:08.294 [main] DEBUG o.e.j.u.component.AbstractLifeCycle - STOPPED EatWhatYouKill@43a0a32d/SelectorProducer@396ef8b2/IDLE/p=false/JettyConnectorThreadPool[qtp720661245]@2af46afd{STARTED,8<=8<=200,i=7,q=0}[ReservedThreadExecutor@2b037cfc{s=1/8,p=0}][pc=0,pic=0,pec=0,epc=0]@2020-09-27T22:22:08.294+01:00
22:22:08.294 [main] DEBUG o.e.j.u.component.AbstractLifeCycle - STOPPED ManagedSelector@72825400{STOPPED} id=0 keys=-1 selected=-1 updates=0
22:22:08.294 [main] DEBUG o.e.j.u.component.AbstractLifeCycle - STOPPED SelectorManager@ServerConnector@bbf9e07{HTTP/1.1,[http/1.1]}{0.0.0.0:9998}
22:22:08.294 [main] DEBUG o.e.j.u.component.AbstractLifeCycle - stopping HttpConnectionFactory@31ceba99[HTTP/1.1]
22:22:08.294 [main] DEBUG o.e.j.u.component.AbstractLifeCycle - STOPPED HttpConnectionFactory@31ceba99[HTTP/1.1]
22:22:08.294 [main] DEBUG o.e.j.u.component.AbstractLifeCycle - stopping ScheduledExecutorScheduler@6ff6efdc{STARTED}
22:22:08.294 [main] DEBUG o.e.j.u.component.AbstractLifeCycle - STOPPED ScheduledExecutorScheduler@6ff6efdc{STOPPED}
22:22:08.294 [main] INFO  o.e.jetty.server.AbstractConnector - Stopped ServerConnector@bbf9e07{HTTP/1.1,[http/1.1]}{0.0.0.0:9998}
22:22:08.294 [main] DEBUG o.e.j.u.component.AbstractLifeCycle - STOPPED ServerConnector@bbf9e07{HTTP/1.1,[http/1.1]}{0.0.0.0:9998}
22:22:08.294 [main] DEBUG o.e.j.server.handler.AbstractHandler - stopping Server@760245e1{STOPPING}[9.4.17.v20190418]
22:22:08.294 [main] DEBUG o.e.j.u.component.AbstractLifeCycle - stopping ErrorHandler@73d3e555{STARTED}
22:22:08.294 [main] DEBUG o.e.j.server.handler.AbstractHandler - stopping ErrorHandler@73d3e555{STOPPING}
22:22:08.294 [main] DEBUG o.e.j.u.component.AbstractLifeCycle - STOPPED ErrorHandler@73d3e555{STOPPED}
22:22:08.294 [main] DEBUG o.e.j.u.component.AbstractLifeCycle - stopping JettyHttpContainer@4eb1c69{STARTED}
22:22:08.294 [main] DEBUG o.e.j.server.handler.AbstractHandler - stopping JettyHttpContainer@4eb1c69{STOPPING}
22:22:08.295 [main] DEBUG o.e.j.u.component.AbstractLifeCycle - STOPPED JettyHttpContainer@4eb1c69{STOPPED}
22:22:08.295 [main] DEBUG o.e.j.u.component.AbstractLifeCycle - stopping JettyConnectorThreadPool[qtp720661245]@2af46afd{STARTED,8<=8<=200,i=7,q=0}[ReservedThreadExecutor@2b037cfc{s=1/8,p=0}]
22:22:08.295 [main] DEBUG o.e.j.util.thread.QueuedThreadPool - Stopping JettyConnectorThreadPool[qtp720661245]@2af46afd{STOPPING,8<=8<=200,i=7,q=0}[ReservedThreadExecutor@2b037cfc{s=1/8,p=0}]
22:22:08.295 [main] DEBUG o.e.j.u.component.AbstractLifeCycle - stopping ReservedThreadExecutor@2b037cfc{s=1/8,p=0}
22:22:08.295 [main] DEBUG o.e.j.u.t.ReservedThreadExecutor - ReservedThreadExecutor@2b037cfc{s=0/8,p=0}@4539ead9 offer STOP!
22:22:08.295 [main] DEBUG o.e.j.u.component.AbstractLifeCycle - STOPPED ReservedThreadExecutor@2b037cfc{s=0/8,p=0}
22:22:08.295 [qtp720661245-65] DEBUG o.e.j.u.t.ReservedThreadExecutor - ReservedThreadExecutor@2b037cfc{s=0/8,p=0}@4539ead9 task=STOP!
22:22:08.295 [qtp720661245-65] DEBUG o.e.j.u.t.ReservedThreadExecutor - ReservedThreadExecutor@2b037cfc{s=0/8,p=0}@4539ead9 Exited
22:22:08.295 [main] DEBUG o.e.j.util.thread.QueuedThreadPool - Waiting for Thread[qtp720661245-65,5,main] for 14999
22:22:08.295 [qtp720661245-65] DEBUG o.e.j.util.thread.QueuedThreadPool - ran ReservedThreadExecutor@2b037cfc{s=0/8,p=0}@4539ead9
22:22:08.295 [main] DEBUG o.e.j.util.thread.QueuedThreadPool - Waiting for Thread[qtp720661245-64,5,main] for 14999
22:22:08.295 [qtp720661245-63] DEBUG o.e.j.util.thread.QueuedThreadPool - run org.eclipse.jetty.util.thread.QueuedThreadPool$$Lambda$265/1547817015@542ada62
22:22:08.295 [qtp720661245-63] DEBUG o.e.j.util.thread.QueuedThreadPool - ran org.eclipse.jetty.util.thread.QueuedThreadPool$$Lambda$265/1547817015@542ada62
22:22:08.299 [qtp720661245-62] DEBUG o.e.j.util.thread.QueuedThreadPool - run org.eclipse.jetty.util.thread.QueuedThreadPool$$Lambda$265/1547817015@542ada62
22:22:08.299 [qtp720661245-62] DEBUG o.e.j.util.thread.QueuedThreadPool - ran org.eclipse.jetty.util.thread.QueuedThreadPool$$Lambda$265/1547817015@542ada62
22:22:08.300 [qtp720661245-64] DEBUG o.e.j.util.thread.QueuedThreadPool - run org.eclipse.jetty.util.thread.QueuedThreadPool$$Lambda$265/1547817015@542ada62
22:22:08.300 [qtp720661245-64] DEBUG o.e.j.util.thread.QueuedThreadPool - ran org.eclipse.jetty.util.thread.QueuedThreadPool$$Lambda$265/1547817015@542ada62
22:22:08.300 [qtp720661245-66] DEBUG o.e.j.util.thread.QueuedThreadPool - run org.eclipse.jetty.util.thread.QueuedThreadPool$$Lambda$265/1547817015@542ada62
22:22:08.300 [qtp720661245-66] DEBUG o.e.j.util.thread.QueuedThreadPool - ran org.eclipse.jetty.util.thread.QueuedThreadPool$$Lambda$265/1547817015@542ada62
22:22:08.300 [main] DEBUG o.e.j.util.thread.QueuedThreadPool - Waiting for Thread[qtp720661245-59,5,main] for 14995
22:22:08.299 [qtp720661245-61] DEBUG o.e.j.util.thread.QueuedThreadPool - run org.eclipse.jetty.util.thread.QueuedThreadPool$$Lambda$265/1547817015@542ada62
22:22:08.300 [qtp720661245-61] DEBUG o.e.j.util.thread.QueuedThreadPool - ran org.eclipse.jetty.util.thread.QueuedThreadPool$$Lambda$265/1547817015@542ada62
22:22:08.303 [qtp720661245-59] DEBUG o.e.j.util.thread.QueuedThreadPool - run org.eclipse.jetty.util.thread.QueuedThreadPool$$Lambda$265/1547817015@542ada62
22:22:08.303 [qtp720661245-59] DEBUG o.e.j.util.thread.QueuedThreadPool - ran org.eclipse.jetty.util.thread.QueuedThreadPool$$Lambda$265/1547817015@542ada62
22:22:08.303 [main] DEBUG o.e.j.util.thread.QueuedThreadPool - Waiting for Thread[qtp720661245-61,5,] for 14991
22:22:08.303 [main] DEBUG o.e.j.util.thread.QueuedThreadPool - Waiting for Thread[qtp720661245-60,5,main] for 14991
22:22:08.303 [qtp720661245-60] DEBUG o.e.j.util.thread.QueuedThreadPool - run org.eclipse.jetty.util.thread.QueuedThreadPool$$Lambda$265/1547817015@542ada62
22:22:08.304 [qtp720661245-60] DEBUG o.e.j.util.thread.QueuedThreadPool - ran org.eclipse.jetty.util.thread.QueuedThreadPool$$Lambda$265/1547817015@542ada62
22:22:08.304 [main] DEBUG o.e.j.u.component.AbstractLifeCycle - STOPPED JettyConnectorThreadPool[qtp720661245]@2af46afd{STOPPED,8<=0<=200,i=0,q=0}[org.eclipse.jetty.util.thread.TryExecutor$$Lambda$180/1484275564@1cefc4b3]
22:22:08.305 [main] DEBUG o.e.j.u.component.AbstractLifeCycle - STOPPED Server@760245e1{STOPPED}[9.4.17.v20190418]
]]></system-out>
    <system-err><![CDATA[set 27, 2020 10:22:08 PM org.glassfish.jersey.test.jetty.JettyTestContainerFactory$JettyTestContainer <init>
INFO: Creating JettyTestContainer configured at the base URI http://localhost:9998/
]]></system-err>
  </testcase>
  <testcase name="testCreateContactWithMissingFirstName" classname="com.brunogoncalves.phonebook.resource.ContactResourceTest" time="0.182">
    <system-out><![CDATA[22:22:08.348 [main] DEBUG o.h.v.i.e.r.TraversableResolvers - Cannot find javax.persistence.Persistence on classpath. Assuming non JPA 2 environment. All properties will per default be traversable.
22:22:08.348 [main] DEBUG o.h.v.i.x.config.ValidationXmlParser - Trying to load META-INF/validation.xml for XML based Validator configuration.
22:22:08.348 [main] DEBUG o.h.v.i.x.c.ResourceLoaderHelper - Trying to load META-INF/validation.xml via TCCL
22:22:08.349 [main] DEBUG o.h.v.i.x.c.ResourceLoaderHelper - Trying to load META-INF/validation.xml via Hibernate Validator's class loader
22:22:08.349 [main] DEBUG o.h.v.i.x.config.ValidationXmlParser - No META-INF/validation.xml found. Using annotation based configuration only.
22:22:08.354 [main] DEBUG o.h.v.m.ResourceBundleMessageInterpolator - Loaded expression factory via original TCCL
22:22:08.354 [main] DEBUG o.h.v.i.engine.ValidatorFactoryImpl - HV000234: Using org.hibernate.validator.messageinterpolation.ResourceBundleMessageInterpolator as ValidatorFactory-scoped message interpolator.
22:22:08.354 [main] DEBUG o.h.v.i.engine.ValidatorFactoryImpl - HV000234: Using org.hibernate.validator.internal.engine.resolver.TraverseAllTraversableResolver as ValidatorFactory-scoped traversable resolver.
22:22:08.354 [main] DEBUG o.h.v.i.engine.ValidatorFactoryImpl - HV000234: Using org.hibernate.validator.internal.util.ExecutableParameterNameProvider as ValidatorFactory-scoped parameter name provider.
22:22:08.354 [main] DEBUG o.h.v.i.engine.ValidatorFactoryImpl - HV000234: Using org.hibernate.validator.internal.engine.DefaultClockProvider as ValidatorFactory-scoped clock provider.
22:22:08.354 [main] DEBUG o.h.v.i.engine.ValidatorFactoryImpl - HV000234: Using org.hibernate.validator.internal.engine.scripting.DefaultScriptEvaluatorFactory as ValidatorFactory-scoped script evaluator factory.
22:22:08.358 [main] DEBUG o.e.j.u.component.ContainerLifeCycle - Server@277b8fa4{STOPPED}[9.4.17.v20190418] added {JettyConnectorThreadPool[qtp2004305265]@77774571{STOPPED,8<=0<=200,i=0,q=0}[org.eclipse.jetty.util.thread.TryExecutor$$Lambda$180/1484275564@1cefc4b3],AUTO}
22:22:08.358 [main] DEBUG o.e.j.u.component.ContainerLifeCycle - HttpConnectionFactory@6cd64ee8[HTTP/1.1] added {HttpConfiguration@620c8641{32768/8192,8192/8192,https://:0,[]},POJO}
22:22:08.358 [main] DEBUG o.e.j.u.component.ContainerLifeCycle - ServerConnector@2f1d0bbc{null,[]}{0.0.0.0:0} added {Server@277b8fa4{STOPPED}[9.4.17.v20190418],UNMANAGED}
22:22:08.359 [main] DEBUG o.e.j.u.component.ContainerLifeCycle - ServerConnector@2f1d0bbc{null,[]}{0.0.0.0:0} added {JettyConnectorThreadPool[qtp2004305265]@77774571{STOPPED,8<=0<=200,i=0,q=0}[org.eclipse.jetty.util.thread.TryExecutor$$Lambda$180/1484275564@1cefc4b3],AUTO}
22:22:08.359 [main] DEBUG o.e.j.u.component.ContainerLifeCycle - ServerConnector@2f1d0bbc{null,[]}{0.0.0.0:0} added {ScheduledExecutorScheduler@5460b754{STOPPED},AUTO}
22:22:08.359 [main] DEBUG o.e.j.u.component.ContainerLifeCycle - ServerConnector@2f1d0bbc{null,[]}{0.0.0.0:0} added {org.eclipse.jetty.io.ArrayByteBufferPool@a9f023e,POJO}
22:22:08.359 [main] DEBUG o.e.j.u.component.ContainerLifeCycle - ServerConnector@2f1d0bbc{null,[http/1.1]}{0.0.0.0:0} added {HttpConnectionFactory@6cd64ee8[HTTP/1.1],AUTO}
22:22:08.359 [main] DEBUG o.e.jetty.server.AbstractConnector - ServerConnector@2f1d0bbc{HTTP/1.1,[http/1.1]}{0.0.0.0:0} added HttpConnectionFactory@6cd64ee8[HTTP/1.1]
22:22:08.359 [main] DEBUG o.e.j.u.component.ContainerLifeCycle - ServerConnector@2f1d0bbc{HTTP/1.1,[http/1.1]}{0.0.0.0:0} added {SelectorManager@ServerConnector@2f1d0bbc{HTTP/1.1,[http/1.1]}{0.0.0.0:0},MANAGED}
22:22:08.359 [main] DEBUG o.e.j.u.component.ContainerLifeCycle - Server@277b8fa4{STOPPED}[9.4.17.v20190418] added {ServerConnector@2f1d0bbc{HTTP/1.1,[http/1.1]}{0.0.0.0:9998},AUTO}
22:22:08.359 [main] DEBUG o.e.j.u.component.ContainerLifeCycle - Server@277b8fa4{STOPPED}[9.4.17.v20190418] added {JettyHttpContainer@c27a3a2{STOPPED},MANAGED}
22:22:08.359 [main] DEBUG o.e.j.u.component.AbstractLifeCycle - starting Server@277b8fa4{STOPPED}[9.4.17.v20190418]
22:22:08.359 [main] DEBUG o.e.j.u.component.ContainerLifeCycle - Server@277b8fa4{STARTING}[9.4.17.v20190418] added {ErrorHandler@4b200971{STOPPED},AUTO}
22:22:08.359 [main] INFO  org.eclipse.jetty.server.Server - jetty-9.4.17.v20190418; built: 2019-04-18T19:45:35.259Z; git: aa1c656c315c011c01e7b21aabb04066635b9f67; jvm 1.8.0_265-8u265-b01-0ubuntu2~18.04-b01
22:22:08.359 [main] DEBUG o.e.j.server.handler.AbstractHandler - starting Server@277b8fa4{STARTING}[9.4.17.v20190418]
22:22:08.359 [main] DEBUG o.e.j.u.component.AbstractLifeCycle - starting JettyConnectorThreadPool[qtp2004305265]@77774571{STOPPED,8<=0<=200,i=0,q=0}[org.eclipse.jetty.util.thread.TryExecutor$$Lambda$180/1484275564@1cefc4b3]
22:22:08.359 [main] DEBUG o.e.j.u.t.ReservedThreadExecutor - ReservedThreadExecutor@1a2bcd56{s=0/8,p=0}
22:22:08.359 [main] DEBUG o.e.j.u.component.ContainerLifeCycle - JettyConnectorThreadPool[qtp2004305265]@77774571{STARTING,8<=0<=200,i=0,q=0}[ReservedThreadExecutor@1a2bcd56{s=0/8,p=0}] added {ReservedThreadExecutor@1a2bcd56{s=0/8,p=0},AUTO}
22:22:08.359 [main] DEBUG o.e.j.u.component.AbstractLifeCycle - starting ReservedThreadExecutor@1a2bcd56{s=0/8,p=0}
22:22:08.359 [main] DEBUG o.e.j.u.component.AbstractLifeCycle - STARTED @2839ms ReservedThreadExecutor@1a2bcd56{s=0/8,p=0}
22:22:08.359 [main] DEBUG o.e.j.util.thread.QueuedThreadPool - Starting Thread[qtp2004305265-68,5,main]
22:22:08.361 [main] DEBUG o.e.j.util.thread.QueuedThreadPool - Starting Thread[qtp2004305265-69,5,main]
22:22:08.369 [main] DEBUG o.e.j.util.thread.QueuedThreadPool - Starting Thread[qtp2004305265-70,5,main]
22:22:08.377 [main] DEBUG o.e.j.util.thread.QueuedThreadPool - Starting Thread[qtp2004305265-71,5,main]
22:22:08.385 [main] DEBUG o.e.j.util.thread.QueuedThreadPool - Starting Thread[qtp2004305265-72,5,main]
22:22:08.393 [main] DEBUG o.e.j.util.thread.QueuedThreadPool - Starting Thread[qtp2004305265-73,5,main]
22:22:08.393 [main] DEBUG o.e.j.util.thread.QueuedThreadPool - Starting Thread[qtp2004305265-74,5,main]
22:22:08.401 [main] DEBUG o.e.j.util.thread.QueuedThreadPool - Starting Thread[qtp2004305265-75,5,main]
22:22:08.410 [main] DEBUG o.e.j.u.component.AbstractLifeCycle - STARTED @2889ms JettyConnectorThreadPool[qtp2004305265]@77774571{STARTED,8<=8<=200,i=7,q=0}[ReservedThreadExecutor@1a2bcd56{s=0/8,p=0}]
22:22:08.410 [main] DEBUG o.e.j.u.component.AbstractLifeCycle - starting JettyHttpContainer@c27a3a2{STOPPED}
22:22:08.410 [main] DEBUG o.e.j.server.handler.AbstractHandler - starting JettyHttpContainer@c27a3a2{STARTING}
22:22:08.410 [main] DEBUG o.e.j.u.component.AbstractLifeCycle - STARTED @2890ms JettyHttpContainer@c27a3a2{STARTED}
22:22:08.410 [main] DEBUG o.e.j.u.component.AbstractLifeCycle - starting ErrorHandler@4b200971{STOPPED}
22:22:08.410 [main] DEBUG o.e.j.server.handler.AbstractHandler - starting ErrorHandler@4b200971{STARTING}
22:22:08.410 [main] DEBUG o.e.j.u.component.AbstractLifeCycle - STARTED @2890ms ErrorHandler@4b200971{STARTED}
22:22:08.410 [main] DEBUG o.e.j.u.component.AbstractLifeCycle - starting ServerConnector@2f1d0bbc{HTTP/1.1,[http/1.1]}{0.0.0.0:9998}
22:22:08.410 [main] DEBUG o.e.j.u.component.ContainerLifeCycle - ServerConnector@2f1d0bbc{HTTP/1.1,[http/1.1]}{0.0.0.0:9998} added {sun.nio.ch.ServerSocketChannelImpl[/0:0:0:0:0:0:0:0:9998],POJO}
22:22:08.411 [main] DEBUG o.e.j.u.component.AbstractLifeCycle - starting ScheduledExecutorScheduler@5460b754{STOPPED}
22:22:08.411 [main] DEBUG o.e.j.u.component.AbstractLifeCycle - STARTED @2890ms ScheduledExecutorScheduler@5460b754{STARTED}
22:22:08.411 [main] DEBUG o.e.j.u.component.AbstractLifeCycle - starting HttpConnectionFactory@6cd64ee8[HTTP/1.1]
22:22:08.411 [main] DEBUG o.e.j.u.component.AbstractLifeCycle - STARTED @2890ms HttpConnectionFactory@6cd64ee8[HTTP/1.1]
22:22:08.411 [main] DEBUG o.e.j.u.component.AbstractLifeCycle - starting SelectorManager@ServerConnector@2f1d0bbc{HTTP/1.1,[http/1.1]}{0.0.0.0:9998}
22:22:08.411 [main] DEBUG o.e.j.u.component.ContainerLifeCycle - EatWhatYouKill@3ee0b4f7/SelectorProducer@79b84841/IDLE/p=false/JettyConnectorThreadPool[qtp2004305265]@77774571{STARTED,8<=8<=200,i=8,q=0}[ReservedThreadExecutor@1a2bcd56{s=0/8,p=0}][pc=0,pic=0,pec=0,epc=0]@2020-09-27T22:22:08.411+01:00 added {SelectorProducer@79b84841,POJO}
22:22:08.411 [main] DEBUG o.e.j.u.component.ContainerLifeCycle - EatWhatYouKill@3ee0b4f7/SelectorProducer@79b84841/IDLE/p=false/JettyConnectorThreadPool[qtp2004305265]@77774571{STARTED,8<=8<=200,i=8,q=0}[ReservedThreadExecutor@1a2bcd56{s=0/8,p=0}][pc=0,pic=0,pec=0,epc=0]@2020-09-27T22:22:08.411+01:00 added {JettyConnectorThreadPool[qtp2004305265]@77774571{STARTED,8<=8<=200,i=8,q=0}[ReservedThreadExecutor@1a2bcd56{s=0/8,p=0}],UNMANAGED}
22:22:08.411 [main] DEBUG o.e.j.u.t.strategy.EatWhatYouKill - EatWhatYouKill@3ee0b4f7/SelectorProducer@79b84841/IDLE/p=false/JettyConnectorThreadPool[qtp2004305265]@77774571{STARTED,8<=8<=200,i=8,q=0}[ReservedThreadExecutor@1a2bcd56{s=0/8,p=0}][pc=0,pic=0,pec=0,epc=0]@2020-09-27T22:22:08.411+01:00 created
22:22:08.411 [main] DEBUG o.e.j.u.component.ContainerLifeCycle - ManagedSelector@4d41ba0f{STOPPED} id=0 keys=-1 selected=-1 updates=0 added {EatWhatYouKill@3ee0b4f7/SelectorProducer@79b84841/IDLE/p=false/JettyConnectorThreadPool[qtp2004305265]@77774571{STARTED,8<=8<=200,i=8,q=0}[ReservedThreadExecutor@1a2bcd56{s=0/8,p=0}][pc=0,pic=0,pec=0,epc=0]@2020-09-27T22:22:08.411+01:00,MANAGED}
22:22:08.411 [main] DEBUG o.e.j.u.component.ContainerLifeCycle - SelectorManager@ServerConnector@2f1d0bbc{HTTP/1.1,[http/1.1]}{0.0.0.0:9998} added {ManagedSelector@4d41ba0f{STOPPED} id=0 keys=-1 selected=-1 updates=0,AUTO}
22:22:08.411 [main] DEBUG o.e.j.u.component.ContainerLifeCycle - EatWhatYouKill@3c87e6b7/SelectorProducer@77bbadc/IDLE/p=false/JettyConnectorThreadPool[qtp2004305265]@77774571{STARTED,8<=8<=200,i=8,q=0}[ReservedThreadExecutor@1a2bcd56{s=0/8,p=0}][pc=0,pic=0,pec=0,epc=0]@2020-09-27T22:22:08.411+01:00 added {SelectorProducer@77bbadc,POJO}
22:22:08.411 [main] DEBUG o.e.j.u.component.ContainerLifeCycle - EatWhatYouKill@3c87e6b7/SelectorProducer@77bbadc/IDLE/p=false/JettyConnectorThreadPool[qtp2004305265]@77774571{STARTED,8<=8<=200,i=8,q=0}[ReservedThreadExecutor@1a2bcd56{s=0/8,p=0}][pc=0,pic=0,pec=0,epc=0]@2020-09-27T22:22:08.411+01:00 added {JettyConnectorThreadPool[qtp2004305265]@77774571{STARTED,8<=8<=200,i=8,q=0}[ReservedThreadExecutor@1a2bcd56{s=0/8,p=0}],UNMANAGED}
22:22:08.411 [main] DEBUG o.e.j.u.t.strategy.EatWhatYouKill - EatWhatYouKill@3c87e6b7/SelectorProducer@77bbadc/IDLE/p=false/JettyConnectorThreadPool[qtp2004305265]@77774571{STARTED,8<=8<=200,i=8,q=0}[ReservedThreadExecutor@1a2bcd56{s=0/8,p=0}][pc=0,pic=0,pec=0,epc=0]@2020-09-27T22:22:08.411+01:00 created
22:22:08.412 [main] DEBUG o.e.j.u.component.ContainerLifeCycle - ManagedSelector@3c3a0032{STOPPED} id=1 keys=-1 selected=-1 updates=0 added {EatWhatYouKill@3c87e6b7/SelectorProducer@77bbadc/IDLE/p=false/JettyConnectorThreadPool[qtp2004305265]@77774571{STARTED,8<=8<=200,i=8,q=0}[ReservedThreadExecutor@1a2bcd56{s=0/8,p=0}][pc=0,pic=0,pec=0,epc=0]@2020-09-27T22:22:08.412+01:00,MANAGED}
22:22:08.412 [main] DEBUG o.e.j.u.component.ContainerLifeCycle - SelectorManager@ServerConnector@2f1d0bbc{HTTP/1.1,[http/1.1]}{0.0.0.0:9998} added {ManagedSelector@3c3a0032{STOPPED} id=1 keys=-1 selected=-1 updates=0,AUTO}
22:22:08.412 [main] DEBUG o.e.j.u.component.ContainerLifeCycle - EatWhatYouKill@7ceb4478/SelectorProducer@7fdab70c/IDLE/p=false/JettyConnectorThreadPool[qtp2004305265]@77774571{STARTED,8<=8<=200,i=8,q=0}[ReservedThreadExecutor@1a2bcd56{s=0/8,p=0}][pc=0,pic=0,pec=0,epc=0]@2020-09-27T22:22:08.412+01:00 added {SelectorProducer@7fdab70c,POJO}
22:22:08.412 [main] DEBUG o.e.j.u.component.ContainerLifeCycle - EatWhatYouKill@7ceb4478/SelectorProducer@7fdab70c/IDLE/p=false/JettyConnectorThreadPool[qtp2004305265]@77774571{STARTED,8<=8<=200,i=8,q=0}[ReservedThreadExecutor@1a2bcd56{s=0/8,p=0}][pc=0,pic=0,pec=0,epc=0]@2020-09-27T22:22:08.412+01:00 added {JettyConnectorThreadPool[qtp2004305265]@77774571{STARTED,8<=8<=200,i=8,q=0}[ReservedThreadExecutor@1a2bcd56{s=0/8,p=0}],UNMANAGED}
22:22:08.412 [main] DEBUG o.e.j.u.t.strategy.EatWhatYouKill - EatWhatYouKill@7ceb4478/SelectorProducer@7fdab70c/IDLE/p=false/JettyConnectorThreadPool[qtp2004305265]@77774571{STARTED,8<=8<=200,i=8,q=0}[ReservedThreadExecutor@1a2bcd56{s=0/8,p=0}][pc=0,pic=0,pec=0,epc=0]@2020-09-27T22:22:08.412+01:00 created
22:22:08.412 [main] DEBUG o.e.j.u.component.ContainerLifeCycle - ManagedSelector@25ad4f71{STOPPED} id=2 keys=-1 selected=-1 updates=0 added {EatWhatYouKill@7ceb4478/SelectorProducer@7fdab70c/IDLE/p=false/JettyConnectorThreadPool[qtp2004305265]@77774571{STARTED,8<=8<=200,i=8,q=0}[ReservedThreadExecutor@1a2bcd56{s=0/8,p=0}][pc=0,pic=0,pec=0,epc=0]@2020-09-27T22:22:08.412+01:00,MANAGED}
22:22:08.412 [main] DEBUG o.e.j.u.component.ContainerLifeCycle - SelectorManager@ServerConnector@2f1d0bbc{HTTP/1.1,[http/1.1]}{0.0.0.0:9998} added {ManagedSelector@25ad4f71{STOPPED} id=2 keys=-1 selected=-1 updates=0,AUTO}
22:22:08.412 [main] DEBUG o.e.j.u.component.ContainerLifeCycle - EatWhatYouKill@49faf066/SelectorProducer@6f94a5a5/IDLE/p=false/JettyConnectorThreadPool[qtp2004305265]@77774571{STARTED,8<=8<=200,i=8,q=0}[ReservedThreadExecutor@1a2bcd56{s=0/8,p=0}][pc=0,pic=0,pec=0,epc=0]@2020-09-27T22:22:08.412+01:00 added {SelectorProducer@6f94a5a5,POJO}
22:22:08.412 [main] DEBUG o.e.j.u.component.ContainerLifeCycle - EatWhatYouKill@49faf066/SelectorProducer@6f94a5a5/IDLE/p=false/JettyConnectorThreadPool[qtp2004305265]@77774571{STARTED,8<=8<=200,i=8,q=0}[ReservedThreadExecutor@1a2bcd56{s=0/8,p=0}][pc=0,pic=0,pec=0,epc=0]@2020-09-27T22:22:08.412+01:00 added {JettyConnectorThreadPool[qtp2004305265]@77774571{STARTED,8<=8<=200,i=8,q=0}[ReservedThreadExecutor@1a2bcd56{s=0/8,p=0}],UNMANAGED}
22:22:08.412 [main] DEBUG o.e.j.u.t.strategy.EatWhatYouKill - EatWhatYouKill@49faf066/SelectorProducer@6f94a5a5/IDLE/p=false/JettyConnectorThreadPool[qtp2004305265]@77774571{STARTED,8<=8<=200,i=8,q=0}[ReservedThreadExecutor@1a2bcd56{s=0/8,p=0}][pc=0,pic=0,pec=0,epc=0]@2020-09-27T22:22:08.412+01:00 created
22:22:08.412 [main] DEBUG o.e.j.u.component.ContainerLifeCycle - ManagedSelector@455c1d8c{STOPPED} id=3 keys=-1 selected=-1 updates=0 added {EatWhatYouKill@49faf066/SelectorProducer@6f94a5a5/IDLE/p=false/JettyConnectorThreadPool[qtp2004305265]@77774571{STARTED,8<=8<=200,i=8,q=0}[ReservedThreadExecutor@1a2bcd56{s=0/8,p=0}][pc=0,pic=0,pec=0,epc=0]@2020-09-27T22:22:08.412+01:00,MANAGED}
22:22:08.412 [main] DEBUG o.e.j.u.component.ContainerLifeCycle - SelectorManager@ServerConnector@2f1d0bbc{HTTP/1.1,[http/1.1]}{0.0.0.0:9998} added {ManagedSelector@455c1d8c{STOPPED} id=3 keys=-1 selected=-1 updates=0,AUTO}
22:22:08.412 [main] DEBUG o.e.j.u.component.AbstractLifeCycle - starting ManagedSelector@4d41ba0f{STOPPED} id=0 keys=-1 selected=-1 updates=0
22:22:08.412 [main] DEBUG o.e.j.u.component.AbstractLifeCycle - starting EatWhatYouKill@3ee0b4f7/SelectorProducer@79b84841/IDLE/p=false/JettyConnectorThreadPool[qtp2004305265]@77774571{STARTED,8<=8<=200,i=8,q=0}[ReservedThreadExecutor@1a2bcd56{s=0/8,p=0}][pc=0,pic=0,pec=0,epc=0]@2020-09-27T22:22:08.412+01:00
22:22:08.412 [main] DEBUG o.e.j.u.component.AbstractLifeCycle - STARTED @2892ms EatWhatYouKill@3ee0b4f7/SelectorProducer@79b84841/IDLE/p=false/JettyConnectorThreadPool[qtp2004305265]@77774571{STARTED,8<=8<=200,i=8,q=0}[ReservedThreadExecutor@1a2bcd56{s=0/8,p=0}][pc=0,pic=0,pec=0,epc=0]@2020-09-27T22:22:08.412+01:00
22:22:08.413 [main] DEBUG o.e.j.util.thread.QueuedThreadPool - queue org.eclipse.jetty.io.ManagedSelector$$Lambda$198/1041326823@a451491
22:22:08.413 [main] DEBUG org.eclipse.jetty.io.ManagedSelector - Queued change org.eclipse.jetty.io.ManagedSelector$Start@1422ac7f on ManagedSelector@4d41ba0f{STARTING} id=0 keys=0 selected=0 updates=0
22:22:08.413 [qtp2004305265-68] DEBUG o.e.j.util.thread.QueuedThreadPool - run org.eclipse.jetty.io.ManagedSelector$$Lambda$198/1041326823@a451491
22:22:08.413 [qtp2004305265-68] DEBUG o.e.j.u.t.strategy.EatWhatYouKill - EatWhatYouKill@3ee0b4f7/SelectorProducer@79b84841/IDLE/p=false/JettyConnectorThreadPool[qtp2004305265]@77774571{STARTED,8<=8<=200,i=7,q=0}[ReservedThreadExecutor@1a2bcd56{s=0/8,p=0}][pc=0,pic=0,pec=0,epc=0]@2020-09-27T22:22:08.413+01:00 tryProduce false
22:22:08.413 [qtp2004305265-68] DEBUG org.eclipse.jetty.io.ManagedSelector - updateable 1
22:22:08.413 [qtp2004305265-68] DEBUG org.eclipse.jetty.io.ManagedSelector - update org.eclipse.jetty.io.ManagedSelector$Start@1422ac7f
22:22:08.413 [main] DEBUG o.e.j.u.component.AbstractLifeCycle - STARTED @2892ms ManagedSelector@4d41ba0f{STARTED} id=0 keys=0 selected=0 updates=0
22:22:08.413 [main] DEBUG o.e.j.u.component.AbstractLifeCycle - starting ManagedSelector@3c3a0032{STOPPED} id=1 keys=-1 selected=-1 updates=0
22:22:08.413 [main] DEBUG o.e.j.u.component.AbstractLifeCycle - starting EatWhatYouKill@3c87e6b7/SelectorProducer@77bbadc/IDLE/p=false/JettyConnectorThreadPool[qtp2004305265]@77774571{STARTED,8<=8<=200,i=7,q=0}[ReservedThreadExecutor@1a2bcd56{s=0/8,p=0}][pc=0,pic=0,pec=0,epc=0]@2020-09-27T22:22:08.413+01:00
22:22:08.413 [main] DEBUG o.e.j.u.component.AbstractLifeCycle - STARTED @2892ms EatWhatYouKill@3c87e6b7/SelectorProducer@77bbadc/IDLE/p=false/JettyConnectorThreadPool[qtp2004305265]@77774571{STARTED,8<=8<=200,i=7,q=0}[ReservedThreadExecutor@1a2bcd56{s=0/8,p=0}][pc=0,pic=0,pec=0,epc=0]@2020-09-27T22:22:08.413+01:00
22:22:08.413 [main] DEBUG o.e.j.util.thread.QueuedThreadPool - queue org.eclipse.jetty.io.ManagedSelector$$Lambda$198/1041326823@5e519ad3
22:22:08.413 [main] DEBUG org.eclipse.jetty.io.ManagedSelector - Queued change org.eclipse.jetty.io.ManagedSelector$Start@7bc44ce8 on ManagedSelector@3c3a0032{STARTING} id=1 keys=0 selected=0 updates=0
22:22:08.415 [qtp2004305265-69] DEBUG o.e.j.util.thread.QueuedThreadPool - run org.eclipse.jetty.io.ManagedSelector$$Lambda$198/1041326823@5e519ad3
22:22:08.415 [qtp2004305265-69] DEBUG o.e.j.u.t.strategy.EatWhatYouKill - EatWhatYouKill@3c87e6b7/SelectorProducer@77bbadc/IDLE/p=false/JettyConnectorThreadPool[qtp2004305265]@77774571{STARTED,8<=8<=200,i=6,q=0}[ReservedThreadExecutor@1a2bcd56{s=0/8,p=0}][pc=0,pic=0,pec=0,epc=0]@2020-09-27T22:22:08.415+01:00 tryProduce false
22:22:08.416 [qtp2004305265-69] DEBUG org.eclipse.jetty.io.ManagedSelector - updateable 1
22:22:08.416 [qtp2004305265-69] DEBUG org.eclipse.jetty.io.ManagedSelector - update org.eclipse.jetty.io.ManagedSelector$Start@7bc44ce8
22:22:08.416 [qtp2004305265-69] DEBUG org.eclipse.jetty.io.ManagedSelector - updates 0
22:22:08.416 [qtp2004305265-69] DEBUG org.eclipse.jetty.io.ManagedSelector - Selector sun.nio.ch.EPollSelectorImpl@fb83946 waiting with 0 keys
22:22:08.416 [main] DEBUG o.e.j.u.component.AbstractLifeCycle - STARTED @2895ms ManagedSelector@3c3a0032{STARTED} id=1 keys=0 selected=0 updates=0
22:22:08.416 [main] DEBUG o.e.j.u.component.AbstractLifeCycle - starting ManagedSelector@25ad4f71{STOPPED} id=2 keys=-1 selected=-1 updates=0
22:22:08.416 [main] DEBUG o.e.j.u.component.AbstractLifeCycle - starting EatWhatYouKill@7ceb4478/SelectorProducer@7fdab70c/IDLE/p=false/JettyConnectorThreadPool[qtp2004305265]@77774571{STARTED,8<=8<=200,i=6,q=0}[ReservedThreadExecutor@1a2bcd56{s=0/8,p=0}][pc=0,pic=0,pec=0,epc=0]@2020-09-27T22:22:08.416+01:00
22:22:08.416 [main] DEBUG o.e.j.u.component.AbstractLifeCycle - STARTED @2895ms EatWhatYouKill@7ceb4478/SelectorProducer@7fdab70c/IDLE/p=false/JettyConnectorThreadPool[qtp2004305265]@77774571{STARTED,8<=8<=200,i=6,q=0}[ReservedThreadExecutor@1a2bcd56{s=0/8,p=0}][pc=0,pic=0,pec=0,epc=0]@2020-09-27T22:22:08.416+01:00
22:22:08.416 [main] DEBUG o.e.j.util.thread.QueuedThreadPool - queue org.eclipse.jetty.io.ManagedSelector$$Lambda$198/1041326823@59072e9d
22:22:08.416 [main] DEBUG org.eclipse.jetty.io.ManagedSelector - Queued change org.eclipse.jetty.io.ManagedSelector$Start@58472096 on ManagedSelector@25ad4f71{STARTING} id=2 keys=0 selected=0 updates=0
22:22:08.416 [qtp2004305265-70] DEBUG o.e.j.util.thread.QueuedThreadPool - run org.eclipse.jetty.io.ManagedSelector$$Lambda$198/1041326823@59072e9d
22:22:08.416 [qtp2004305265-70] DEBUG o.e.j.u.t.strategy.EatWhatYouKill - EatWhatYouKill@7ceb4478/SelectorProducer@7fdab70c/IDLE/p=false/JettyConnectorThreadPool[qtp2004305265]@77774571{STARTED,8<=8<=200,i=5,q=0}[ReservedThreadExecutor@1a2bcd56{s=0/8,p=0}][pc=0,pic=0,pec=0,epc=0]@2020-09-27T22:22:08.416+01:00 tryProduce false
22:22:08.416 [qtp2004305265-70] DEBUG org.eclipse.jetty.io.ManagedSelector - updateable 1
22:22:08.416 [qtp2004305265-70] DEBUG org.eclipse.jetty.io.ManagedSelector - update org.eclipse.jetty.io.ManagedSelector$Start@58472096
22:22:08.416 [qtp2004305265-70] DEBUG org.eclipse.jetty.io.ManagedSelector - updates 0
22:22:08.416 [qtp2004305265-70] DEBUG org.eclipse.jetty.io.ManagedSelector - Selector sun.nio.ch.EPollSelectorImpl@5aac888d waiting with 0 keys
22:22:08.416 [main] DEBUG o.e.j.u.component.AbstractLifeCycle - STARTED @2896ms ManagedSelector@25ad4f71{STARTED} id=2 keys=0 selected=0 updates=0
22:22:08.416 [main] DEBUG o.e.j.u.component.AbstractLifeCycle - starting ManagedSelector@455c1d8c{STOPPED} id=3 keys=-1 selected=-1 updates=0
22:22:08.416 [qtp2004305265-68] DEBUG org.eclipse.jetty.io.ManagedSelector - updates 0
22:22:08.416 [qtp2004305265-68] DEBUG org.eclipse.jetty.io.ManagedSelector - Selector sun.nio.ch.EPollSelectorImpl@22a36e4a waiting with 0 keys
22:22:08.416 [main] DEBUG o.e.j.u.component.AbstractLifeCycle - starting EatWhatYouKill@49faf066/SelectorProducer@6f94a5a5/IDLE/p=false/JettyConnectorThreadPool[qtp2004305265]@77774571{STARTED,8<=8<=200,i=5,q=0}[ReservedThreadExecutor@1a2bcd56{s=0/8,p=0}][pc=0,pic=0,pec=0,epc=0]@2020-09-27T22:22:08.416+01:00
22:22:08.417 [main] DEBUG o.e.j.u.component.AbstractLifeCycle - STARTED @2896ms EatWhatYouKill@49faf066/SelectorProducer@6f94a5a5/IDLE/p=false/JettyConnectorThreadPool[qtp2004305265]@77774571{STARTED,8<=8<=200,i=5,q=0}[ReservedThreadExecutor@1a2bcd56{s=0/8,p=0}][pc=0,pic=0,pec=0,epc=0]@2020-09-27T22:22:08.417+01:00
22:22:08.417 [main] DEBUG o.e.j.util.thread.QueuedThreadPool - queue org.eclipse.jetty.io.ManagedSelector$$Lambda$198/1041326823@a92be4f
22:22:08.417 [main] DEBUG org.eclipse.jetty.io.ManagedSelector - Queued change org.eclipse.jetty.io.ManagedSelector$Start@53e800f9 on ManagedSelector@455c1d8c{STARTING} id=3 keys=0 selected=0 updates=0
22:22:08.417 [qtp2004305265-71] DEBUG o.e.j.util.thread.QueuedThreadPool - run org.eclipse.jetty.io.ManagedSelector$$Lambda$198/1041326823@a92be4f
22:22:08.417 [qtp2004305265-71] DEBUG o.e.j.u.t.strategy.EatWhatYouKill - EatWhatYouKill@49faf066/SelectorProducer@6f94a5a5/IDLE/p=false/JettyConnectorThreadPool[qtp2004305265]@77774571{STARTED,8<=8<=200,i=4,q=0}[ReservedThreadExecutor@1a2bcd56{s=0/8,p=0}][pc=0,pic=0,pec=0,epc=0]@2020-09-27T22:22:08.417+01:00 tryProduce false
22:22:08.417 [qtp2004305265-71] DEBUG org.eclipse.jetty.io.ManagedSelector - updateable 1
22:22:08.417 [qtp2004305265-71] DEBUG org.eclipse.jetty.io.ManagedSelector - update org.eclipse.jetty.io.ManagedSelector$Start@53e800f9
22:22:08.417 [qtp2004305265-71] DEBUG org.eclipse.jetty.io.ManagedSelector - updates 0
22:22:08.417 [qtp2004305265-71] DEBUG org.eclipse.jetty.io.ManagedSelector - Selector sun.nio.ch.EPollSelectorImpl@17767f4c waiting with 0 keys
22:22:08.418 [main] DEBUG o.e.j.u.component.AbstractLifeCycle - STARTED @2897ms ManagedSelector@455c1d8c{STARTED} id=3 keys=0 selected=0 updates=0
22:22:08.418 [main] DEBUG o.e.j.u.component.AbstractLifeCycle - STARTED @2897ms SelectorManager@ServerConnector@2f1d0bbc{HTTP/1.1,[http/1.1]}{0.0.0.0:9998}
22:22:08.418 [main] DEBUG o.e.j.u.component.ContainerLifeCycle - ServerConnector@2f1d0bbc{HTTP/1.1,[http/1.1]}{0.0.0.0:9998} added {acceptor-0@337bbfdf,POJO}
22:22:08.418 [main] DEBUG o.e.j.util.thread.QueuedThreadPool - queue acceptor-0@337bbfdf
22:22:08.418 [main] INFO  o.e.jetty.server.AbstractConnector - Started ServerConnector@2f1d0bbc{HTTP/1.1,[http/1.1]}{0.0.0.0:9998}
22:22:08.418 [main] DEBUG o.e.j.u.component.AbstractLifeCycle - STARTED @2897ms ServerConnector@2f1d0bbc{HTTP/1.1,[http/1.1]}{0.0.0.0:9998}
22:22:08.418 [main] INFO  org.eclipse.jetty.server.Server - Started @2897ms
22:22:08.418 [main] DEBUG o.e.j.u.component.AbstractLifeCycle - STARTED @2897ms Server@277b8fa4{STARTED}[9.4.17.v20190418]
22:22:08.418 [qtp2004305265-72] DEBUG o.e.j.util.thread.QueuedThreadPool - run acceptor-0@337bbfdf
22:22:08.436 [qtp2004305265-72-acceptor-0@337bbfdf-ServerConnector@2f1d0bbc{HTTP/1.1,[http/1.1]}{0.0.0.0:9998}] DEBUG org.eclipse.jetty.io.ManagedSelector - Queued change org.eclipse.jetty.io.ManagedSelector$Accept@2a0fcc32 on ManagedSelector@3c3a0032{STARTED} id=1 keys=0 selected=0 updates=0
22:22:08.436 [qtp2004305265-72-acceptor-0@337bbfdf-ServerConnector@2f1d0bbc{HTTP/1.1,[http/1.1]}{0.0.0.0:9998}] DEBUG org.eclipse.jetty.io.ManagedSelector - Wakeup on submit ManagedSelector@3c3a0032{STARTED} id=1 keys=0 selected=0 updates=1
22:22:08.437 [qtp2004305265-69] DEBUG org.eclipse.jetty.io.ManagedSelector - Selector sun.nio.ch.EPollSelectorImpl@fb83946 woken with none selected
22:22:08.437 [qtp2004305265-69] DEBUG org.eclipse.jetty.io.ManagedSelector - Selector sun.nio.ch.EPollSelectorImpl@fb83946 woken up from select, 0/0/0 selected
22:22:08.437 [qtp2004305265-69] DEBUG org.eclipse.jetty.io.ManagedSelector - Selector sun.nio.ch.EPollSelectorImpl@fb83946 processing 0 keys, 1 updates
22:22:08.437 [qtp2004305265-69] DEBUG org.eclipse.jetty.io.ManagedSelector - updateable 1
22:22:08.437 [qtp2004305265-69] DEBUG org.eclipse.jetty.io.ManagedSelector - update org.eclipse.jetty.io.ManagedSelector$Accept@2a0fcc32
22:22:08.437 [qtp2004305265-69] DEBUG o.e.j.util.thread.QueuedThreadPool - queue org.eclipse.jetty.io.ManagedSelector$Accept@2a0fcc32
22:22:08.437 [qtp2004305265-69] DEBUG org.eclipse.jetty.io.ManagedSelector - updates 0
22:22:08.437 [qtp2004305265-69] DEBUG org.eclipse.jetty.io.ManagedSelector - Selector sun.nio.ch.EPollSelectorImpl@fb83946 waiting with 1 keys
22:22:08.437 [qtp2004305265-73] DEBUG o.e.j.util.thread.QueuedThreadPool - run org.eclipse.jetty.io.ManagedSelector$Accept@2a0fcc32
22:22:08.437 [qtp2004305265-73] DEBUG org.eclipse.jetty.io.IdleTimeout - SocketChannelEndPoint@571800c5{/127.0.0.1:44204<->/127.0.0.1:9998,OPEN,fill=-,flush=-,to=0/30000}{io=0/0,kio=0,kro=0}-><null> idle timeout check, elapsed: 0 ms, remaining: 30000 ms
22:22:08.441 [qtp2004305265-73] DEBUG org.eclipse.jetty.server.HttpChannel - new HttpChannelOverHttp@5de06bb5{r=0,c=false,c=false/false,a=IDLE,uri=null,age=0} -> SocketChannelEndPoint@571800c5{/127.0.0.1:44204<->/127.0.0.1:9998,OPEN,fill=-,flush=-,to=4/30000}{io=0/0,kio=0,kro=0}-><null>,null,HttpChannelState@18e2fe6d{s=IDLE a=NOT_ASYNC i=true r=IDLE w=false}
22:22:08.441 [qtp2004305265-73] DEBUG o.e.jetty.server.HttpConnection - New HTTP Connection HttpConnection@f6bdb9c::SocketChannelEndPoint@571800c5{/127.0.0.1:44204<->/127.0.0.1:9998,OPEN,fill=-,flush=-,to=4/30000}{io=0/0,kio=0,kro=0}-><null>
22:22:08.441 [qtp2004305265-73] DEBUG o.eclipse.jetty.io.AbstractEndPoint - onOpen SocketChannelEndPoint@571800c5{/127.0.0.1:44204<->/127.0.0.1:9998,OPEN,fill=-,flush=-,to=4/30000}{io=0/0,kio=0,kro=0}->HttpConnection@f6bdb9c[p=HttpParser{s=START,0 of -1},g=HttpGenerator@2930e363{s=START}]=>HttpChannelOverHttp@5de06bb5{r=0,c=false,c=false/false,a=IDLE,uri=null,age=0}
22:22:08.441 [qtp2004305265-73] DEBUG o.e.jetty.io.AbstractConnection - onOpen HttpConnection@f6bdb9c::SocketChannelEndPoint@571800c5{/127.0.0.1:44204<->/127.0.0.1:9998,OPEN,fill=-,flush=-,to=4/30000}{io=0/0,kio=0,kro=0}->HttpConnection@f6bdb9c[p=HttpParser{s=START,0 of -1},g=HttpGenerator@2930e363{s=START}]=>HttpChannelOverHttp@5de06bb5{r=0,c=false,c=false/false,a=IDLE,uri=null,age=0}
22:22:08.441 [qtp2004305265-73] DEBUG o.e.jetty.io.AbstractConnection - fillInterested HttpConnection@f6bdb9c::SocketChannelEndPoint@571800c5{/127.0.0.1:44204<->/127.0.0.1:9998,OPEN,fill=-,flush=-,to=4/30000}{io=0/0,kio=0,kro=0}->HttpConnection@f6bdb9c[p=HttpParser{s=START,0 of -1},g=HttpGenerator@2930e363{s=START}]=>HttpChannelOverHttp@5de06bb5{r=0,c=false,c=false/false,a=IDLE,uri=null,age=0}
22:22:08.441 [qtp2004305265-73] DEBUG org.eclipse.jetty.io.FillInterest - interested FillInterest@77539833{AC.ReadCB@f6bdb9c{HttpConnection@f6bdb9c::SocketChannelEndPoint@571800c5{/127.0.0.1:44204<->/127.0.0.1:9998,OPEN,fill=FI,flush=-,to=0/30000}{io=0/0,kio=0,kro=0}->HttpConnection@f6bdb9c[p=HttpParser{s=START,0 of -1},g=HttpGenerator@2930e363{s=START}]=>HttpChannelOverHttp@5de06bb5{r=0,c=false,c=false/false,a=IDLE,uri=null,age=0}}}
22:22:08.441 [qtp2004305265-73] DEBUG org.eclipse.jetty.io.ChannelEndPoint - changeInterests p=false 0->1 for SocketChannelEndPoint@571800c5{/127.0.0.1:44204<->/127.0.0.1:9998,OPEN,fill=FI,flush=-,to=0/30000}{io=0/1,kio=0,kro=0}->HttpConnection@f6bdb9c[p=HttpParser{s=START,0 of -1},g=HttpGenerator@2930e363{s=START}]=>HttpChannelOverHttp@5de06bb5{r=0,c=false,c=false/false,a=IDLE,uri=null,age=0}
22:22:08.441 [qtp2004305265-73] DEBUG org.eclipse.jetty.io.ManagedSelector - Queued change org.eclipse.jetty.io.ChannelEndPoint$1@78cd0122 on ManagedSelector@3c3a0032{STARTED} id=1 keys=1 selected=0 updates=0
22:22:08.441 [qtp2004305265-73] DEBUG org.eclipse.jetty.io.ManagedSelector - Wakeup on submit ManagedSelector@3c3a0032{STARTED} id=1 keys=1 selected=0 updates=1
22:22:08.441 [qtp2004305265-73] DEBUG org.eclipse.jetty.io.ManagedSelector - Created SocketChannelEndPoint@571800c5{/127.0.0.1:44204<->/127.0.0.1:9998,OPEN,fill=FI,flush=-,to=0/30000}{io=0/1,kio=0,kro=0}->HttpConnection@f6bdb9c[p=HttpParser{s=START,0 of -1},g=HttpGenerator@2930e363{s=START}]=>HttpChannelOverHttp@5de06bb5{r=0,c=false,c=false/false,a=IDLE,uri=null,age=0}
22:22:08.442 [qtp2004305265-73] DEBUG o.e.j.util.thread.QueuedThreadPool - ran org.eclipse.jetty.io.ManagedSelector$Accept@2a0fcc32
22:22:08.442 [qtp2004305265-69] DEBUG org.eclipse.jetty.io.ManagedSelector - Selector sun.nio.ch.EPollSelectorImpl@fb83946 woken with none selected
22:22:08.442 [qtp2004305265-69] DEBUG org.eclipse.jetty.io.ManagedSelector - Selector sun.nio.ch.EPollSelectorImpl@fb83946 woken up from select, 0/0/1 selected
22:22:08.442 [qtp2004305265-69] DEBUG org.eclipse.jetty.io.ManagedSelector - Selector sun.nio.ch.EPollSelectorImpl@fb83946 processing 0 keys, 1 updates
22:22:08.442 [qtp2004305265-69] DEBUG org.eclipse.jetty.io.ManagedSelector - updateable 1
22:22:08.442 [qtp2004305265-69] DEBUG org.eclipse.jetty.io.ManagedSelector - update org.eclipse.jetty.io.ChannelEndPoint$1@78cd0122
22:22:08.442 [qtp2004305265-69] DEBUG org.eclipse.jetty.io.ChannelEndPoint - Key interests updated 0 -> 1 on SocketChannelEndPoint@571800c5{/127.0.0.1:44204<->/127.0.0.1:9998,OPEN,fill=FI,flush=-,to=1/30000}{io=1/1,kio=1,kro=0}->HttpConnection@f6bdb9c[p=HttpParser{s=START,0 of -1},g=HttpGenerator@2930e363{s=START}]=>HttpChannelOverHttp@5de06bb5{r=0,c=false,c=false/false,a=IDLE,uri=null,age=0}
22:22:08.442 [qtp2004305265-69] DEBUG org.eclipse.jetty.io.ManagedSelector - updates 0
22:22:08.442 [qtp2004305265-69] DEBUG org.eclipse.jetty.io.ManagedSelector - Selector sun.nio.ch.EPollSelectorImpl@fb83946 waiting with 1 keys
22:22:08.442 [qtp2004305265-69] DEBUG org.eclipse.jetty.io.ManagedSelector - Selector sun.nio.ch.EPollSelectorImpl@fb83946 woken up from select, 1/1/1 selected
22:22:08.442 [qtp2004305265-69] DEBUG org.eclipse.jetty.io.ManagedSelector - Selector sun.nio.ch.EPollSelectorImpl@fb83946 processing 1 keys, 0 updates
22:22:08.442 [qtp2004305265-69] DEBUG org.eclipse.jetty.io.ManagedSelector - selected 1 sun.nio.ch.SelectionKeyImpl@17fd6c1 SocketChannelEndPoint@571800c5{/127.0.0.1:44204<->/127.0.0.1:9998,OPEN,fill=FI,flush=-,to=1/30000}{io=1/1,kio=1,kro=1}->HttpConnection@f6bdb9c[p=HttpParser{s=START,0 of -1},g=HttpGenerator@2930e363{s=START}]=>HttpChannelOverHttp@5de06bb5{r=0,c=false,c=false/false,a=IDLE,uri=null,age=0} 
22:22:08.442 [qtp2004305265-69] DEBUG org.eclipse.jetty.io.ChannelEndPoint - onSelected 1->0 r=true w=false for SocketChannelEndPoint@571800c5{/127.0.0.1:44204<->/127.0.0.1:9998,OPEN,fill=FI,flush=-,to=1/30000}{io=1/0,kio=1,kro=1}->HttpConnection@f6bdb9c[p=HttpParser{s=START,0 of -1},g=HttpGenerator@2930e363{s=START}]=>HttpChannelOverHttp@5de06bb5{r=0,c=false,c=false/false,a=IDLE,uri=null,age=0}
22:22:08.442 [qtp2004305265-69] DEBUG org.eclipse.jetty.io.ChannelEndPoint - task CEP:SocketChannelEndPoint@571800c5{/127.0.0.1:44204<->/127.0.0.1:9998,OPEN,fill=FI,flush=-,to=1/30000}{io=1/0,kio=1,kro=1}->HttpConnection@f6bdb9c[p=HttpParser{s=START,0 of -1},g=HttpGenerator@2930e363{s=START}]=>HttpChannelOverHttp@5de06bb5{r=0,c=false,c=false/false,a=IDLE,uri=null,age=0}:runFillable:BLOCKING
22:22:08.442 [qtp2004305265-69] DEBUG o.e.j.u.t.ReservedThreadExecutor - ReservedThreadExecutor@1a2bcd56{s=0/8,p=0} tryExecute EatWhatYouKill@3c87e6b7/SelectorProducer@77bbadc/PRODUCING/p=false/JettyConnectorThreadPool[qtp2004305265]@77774571{STARTED,8<=8<=200,i=3,q=0}[ReservedThreadExecutor@1a2bcd56{s=0/8,p=0}][pc=0,pic=0,pec=0,epc=0]@2020-09-27T22:22:08.442+01:00
22:22:08.442 [qtp2004305265-69] DEBUG o.e.j.u.t.ReservedThreadExecutor - ReservedThreadExecutor@1a2bcd56{s=0/8,p=1} startReservedThread p=1
22:22:08.442 [qtp2004305265-69] DEBUG o.e.j.util.thread.QueuedThreadPool - queue ReservedThreadExecutor@1a2bcd56{s=0/8,p=1}@5405236
22:22:08.443 [qtp2004305265-69] DEBUG o.e.j.u.t.strategy.EatWhatYouKill - EatWhatYouKill@3c87e6b7/SelectorProducer@77bbadc/PRODUCING/p=false/JettyConnectorThreadPool[qtp2004305265]@77774571{STARTED,8<=8<=200,i=3,q=1}[ReservedThreadExecutor@1a2bcd56{s=0/8,p=1}][pc=0,pic=0,pec=0,epc=0]@2020-09-27T22:22:08.442+01:00 m=PRODUCE_EXECUTE_CONSUME t=CEP:SocketChannelEndPoint@571800c5{/127.0.0.1:44204<->/127.0.0.1:9998,OPEN,fill=FI,flush=-,to=2/30000}{io=1/0,kio=1,kro=1}->HttpConnection@f6bdb9c[p=HttpParser{s=START,0 of -1},g=HttpGenerator@2930e363{s=START}]=>HttpChannelOverHttp@5de06bb5{r=0,c=false,c=false/false,a=IDLE,uri=null,age=0}:runFillable:BLOCKING/BLOCKING
22:22:08.443 [qtp2004305265-69] DEBUG o.e.j.util.thread.QueuedThreadPool - queue CEP:SocketChannelEndPoint@571800c5{/127.0.0.1:44204<->/127.0.0.1:9998,OPEN,fill=FI,flush=-,to=2/30000}{io=1/0,kio=1,kro=1}->HttpConnection@f6bdb9c[p=HttpParser{s=START,0 of -1},g=HttpGenerator@2930e363{s=START}]=>HttpChannelOverHttp@5de06bb5{r=0,c=false,c=false/false,a=IDLE,uri=null,age=0}:runFillable:BLOCKING
22:22:08.443 [qtp2004305265-69] DEBUG org.eclipse.jetty.io.ManagedSelector - updateable 0
22:22:08.443 [qtp2004305265-69] DEBUG org.eclipse.jetty.io.ManagedSelector - updates 0
22:22:08.443 [qtp2004305265-69] DEBUG org.eclipse.jetty.io.ChannelEndPoint - Key interests updated 1 -> 0 on SocketChannelEndPoint@571800c5{/127.0.0.1:44204<->/127.0.0.1:9998,OPEN,fill=FI,flush=-,to=2/30000}{io=0/0,kio=0,kro=1}->HttpConnection@f6bdb9c[p=HttpParser{s=START,0 of -1},g=HttpGenerator@2930e363{s=START}]=>HttpChannelOverHttp@5de06bb5{r=0,c=false,c=false/false,a=IDLE,uri=null,age=0}
22:22:08.443 [qtp2004305265-69] DEBUG org.eclipse.jetty.io.ManagedSelector - Selector sun.nio.ch.EPollSelectorImpl@fb83946 waiting with 1 keys
22:22:08.443 [qtp2004305265-74] DEBUG o.e.j.util.thread.QueuedThreadPool - run ReservedThreadExecutor@1a2bcd56{s=0/8,p=1}@5405236
22:22:08.443 [qtp2004305265-74] DEBUG o.e.j.u.t.ReservedThreadExecutor - ReservedThreadExecutor@1a2bcd56{s=1/8,p=1}@5405236 started
22:22:08.443 [qtp2004305265-74] DEBUG o.e.j.u.t.ReservedThreadExecutor - ReservedThreadExecutor@1a2bcd56{s=1/8,p=0}@5405236 waiting
22:22:08.443 [qtp2004305265-75] DEBUG o.e.j.util.thread.QueuedThreadPool - run CEP:SocketChannelEndPoint@571800c5{/127.0.0.1:44204<->/127.0.0.1:9998,OPEN,fill=FI,flush=-,to=2/30000}{io=0/0,kio=0,kro=1}->HttpConnection@f6bdb9c[p=HttpParser{s=START,0 of -1},g=HttpGenerator@2930e363{s=START}]=>HttpChannelOverHttp@5de06bb5{r=0,c=false,c=false/false,a=IDLE,uri=null,age=0}:runFillable:BLOCKING
22:22:08.443 [qtp2004305265-75] DEBUG org.eclipse.jetty.io.FillInterest - fillable FillInterest@77539833{AC.ReadCB@f6bdb9c{HttpConnection@f6bdb9c::SocketChannelEndPoint@571800c5{/127.0.0.1:44204<->/127.0.0.1:9998,OPEN,fill=FI,flush=-,to=2/30000}{io=0/0,kio=0,kro=1}->HttpConnection@f6bdb9c[p=HttpParser{s=START,0 of -1},g=HttpGenerator@2930e363{s=START}]=>HttpChannelOverHttp@5de06bb5{r=0,c=false,c=false/false,a=IDLE,uri=null,age=0}}}
22:22:08.443 [qtp2004305265-75] DEBUG o.e.jetty.server.HttpConnection - HttpConnection@f6bdb9c::SocketChannelEndPoint@571800c5{/127.0.0.1:44204<->/127.0.0.1:9998,OPEN,fill=-,flush=-,to=2/30000}{io=0/0,kio=0,kro=1}->HttpConnection@f6bdb9c[p=HttpParser{s=START,0 of -1},g=HttpGenerator@2930e363{s=START}]=>HttpChannelOverHttp@5de06bb5{r=0,c=false,c=false/false,a=IDLE,uri=null,age=0} onFillable enter HttpChannelState@18e2fe6d{s=IDLE a=NOT_ASYNC i=true r=IDLE w=false} null
22:22:08.443 [qtp2004305265-75] DEBUG org.eclipse.jetty.io.ChannelEndPoint - filled 308 HeapByteBuffer@2c3b0382[p=0,l=308,c=8192,r=308]={<<<POST /contact HTT...+39 23 123456"}>>>\x00\x00\x00\x00\x00\x00\x00\x00\x00\x00\x00\x00\x00\x00\x00\x00\x00...\x00\x00\x00\x00\x00\x00\x00\x00\x00\x00\x00\x00\x00\x00\x00}
22:22:08.444 [qtp2004305265-75] DEBUG o.e.jetty.server.HttpConnection - HttpConnection@f6bdb9c::SocketChannelEndPoint@571800c5{/127.0.0.1:44204<->/127.0.0.1:9998,OPEN,fill=-,flush=-,to=0/30000}{io=0/0,kio=0,kro=1}->HttpConnection@f6bdb9c[p=HttpParser{s=START,0 of -1},g=HttpGenerator@2930e363{s=START}]=>HttpChannelOverHttp@5de06bb5{r=0,c=false,c=false/false,a=IDLE,uri=null,age=0} filled 308 HeapByteBuffer@2c3b0382[p=0,l=308,c=8192,r=308]={<<<POST /contact HTT...+39 23 123456"}>>>\x00\x00\x00\x00\x00\x00\x00\x00\x00\x00\x00\x00\x00\x00\x00\x00\x00...\x00\x00\x00\x00\x00\x00\x00\x00\x00\x00\x00\x00\x00\x00\x00}
22:22:08.444 [qtp2004305265-75] DEBUG o.e.jetty.server.HttpConnection - HttpConnection@f6bdb9c::SocketChannelEndPoint@571800c5{/127.0.0.1:44204<->/127.0.0.1:9998,OPEN,fill=-,flush=-,to=1/30000}{io=0/0,kio=0,kro=1}->HttpConnection@f6bdb9c[p=HttpParser{s=START,0 of -1},g=HttpGenerator@2930e363{s=START}]=>HttpChannelOverHttp@5de06bb5{r=0,c=false,c=false/false,a=IDLE,uri=null,age=0} parse HeapByteBuffer@2c3b0382[p=0,l=308,c=8192,r=308]={<<<POST /contact HTT...+39 23 123456"}>>>\x00\x00\x00\x00\x00\x00\x00\x00\x00\x00\x00\x00\x00\x00\x00\x00\x00...\x00\x00\x00\x00\x00\x00\x00\x00\x00\x00\x00\x00\x00\x00\x00} {}
22:22:08.444 [qtp2004305265-75] DEBUG org.eclipse.jetty.http.HttpParser - parseNext s=START HeapByteBuffer@2c3b0382[p=0,l=308,c=8192,r=308]={<<<POST /contact HTT...+39 23 123456"}>>>\x00\x00\x00\x00\x00\x00\x00\x00\x00\x00\x00\x00\x00\x00\x00\x00\x00...\x00\x00\x00\x00\x00\x00\x00\x00\x00\x00\x00\x00\x00\x00\x00}
22:22:08.444 [qtp2004305265-75] DEBUG org.eclipse.jetty.http.HttpParser - START --> SPACE1
22:22:08.444 [qtp2004305265-75] DEBUG org.eclipse.jetty.http.HttpParser - SPACE1 --> URI
22:22:08.444 [qtp2004305265-75] DEBUG org.eclipse.jetty.http.HttpParser - URI --> SPACE2
22:22:08.444 [qtp2004305265-75] DEBUG org.eclipse.jetty.http.HttpParser - SPACE2 --> REQUEST_VERSION
22:22:08.444 [qtp2004305265-75] DEBUG org.eclipse.jetty.http.HttpParser - REQUEST_VERSION --> HEADER
22:22:08.444 [qtp2004305265-75] DEBUG org.eclipse.jetty.http.HttpParser - HEADER:Content-Type: application/json --> IN_VALUE
22:22:08.444 [qtp2004305265-75] DEBUG org.eclipse.jetty.http.HttpParser - HEADER:Content-Type: application/json --> FIELD
22:22:08.444 [qtp2004305265-75] DEBUG org.eclipse.jetty.http.HttpParser - HEADER:User-Agent --> VALUE
22:22:08.444 [qtp2004305265-75] DEBUG org.eclipse.jetty.http.HttpParser - HEADER:User-Agent --> IN_VALUE
22:22:08.444 [qtp2004305265-75] DEBUG org.eclipse.jetty.http.HttpParser - HEADER:User-Agent --> FIELD
22:22:08.444 [qtp2004305265-75] DEBUG org.eclipse.jetty.http.HttpParser - HEADER:Host --> VALUE
22:22:08.444 [qtp2004305265-75] DEBUG org.eclipse.jetty.http.HttpParser - HEADER:Host --> IN_VALUE
22:22:08.444 [qtp2004305265-75] DEBUG org.eclipse.jetty.http.HttpParser - HEADER:Host --> FIELD
22:22:08.444 [qtp2004305265-75] DEBUG org.eclipse.jetty.http.HttpParser - HEADER:Accept --> VALUE
22:22:08.444 [qtp2004305265-75] DEBUG org.eclipse.jetty.http.HttpParser - HEADER:Accept --> IN_VALUE
22:22:08.444 [qtp2004305265-75] DEBUG org.eclipse.jetty.http.HttpParser - HEADER:Accept --> FIELD
22:22:08.444 [qtp2004305265-75] DEBUG org.eclipse.jetty.http.HttpParser - HEADER:Connection: keep-alive --> IN_VALUE
22:22:08.444 [qtp2004305265-75] DEBUG org.eclipse.jetty.http.HttpParser - HEADER:Connection: keep-alive --> FIELD
22:22:08.444 [qtp2004305265-75] DEBUG org.eclipse.jetty.http.HttpParser - HEADER:Content-Length --> VALUE
22:22:08.444 [qtp2004305265-75] DEBUG org.eclipse.jetty.http.HttpParser - HEADER:Content-Length --> IN_VALUE
22:22:08.444 [qtp2004305265-75] DEBUG org.eclipse.jetty.http.HttpParser - HEADER:Content-Length --> FIELD
22:22:08.444 [qtp2004305265-75] DEBUG org.eclipse.jetty.http.HttpParser - HEADER --> CONTENT
22:22:08.444 [qtp2004305265-75] DEBUG org.eclipse.jetty.server.HttpChannel - REQUEST for //localhost:9998/contact on HttpChannelOverHttp@5de06bb5{r=1,c=false,c=false/false,a=IDLE,uri=//localhost:9998/contact,age=0}
POST //localhost:9998/contact HTTP/1.1
Content-Type: application/json
User-Agent: Jersey/2.30.1 (HttpUrlConnection 1.8.0_265)
Host: localhost:9998
Accept: text/html, image/gif, image/jpeg, *; q=.2, */*; q=.2
Connection: keep-alive
Content-Length: 65


22:22:08.444 [qtp2004305265-75] DEBUG o.e.jetty.server.HttpConnection - HttpConnection@f6bdb9c::SocketChannelEndPoint@571800c5{/127.0.0.1:44204<->/127.0.0.1:9998,OPEN,fill=-,flush=-,to=1/30000}{io=0/0,kio=0,kro=1}->HttpConnection@f6bdb9c[p=HttpParser{s=CONTENT,0 of 65},g=HttpGenerator@2930e363{s=START}]=>HttpChannelOverHttp@5de06bb5{r=1,c=false,c=false/false,a=IDLE,uri=//localhost:9998/contact,age=0} parsed true HttpParser{s=CONTENT,0 of 65}
22:22:08.444 [qtp2004305265-75] DEBUG org.eclipse.jetty.server.HttpChannel - HttpChannelOverHttp@5de06bb5{r=1,c=false,c=false/false,a=IDLE,uri=//localhost:9998/contact,age=0} handle //localhost:9998/contact 
22:22:08.445 [qtp2004305265-75] DEBUG o.e.jetty.server.HttpChannelState - handling HttpChannelState@18e2fe6d{s=IDLE a=NOT_ASYNC i=true r=IDLE w=false}
22:22:08.445 [qtp2004305265-75] DEBUG org.eclipse.jetty.server.HttpChannel - HttpChannelOverHttp@5de06bb5{r=1,c=false,c=false/false,a=DISPATCHED,uri=//localhost:9998/contact,age=1} action DISPATCH
22:22:08.445 [qtp2004305265-75] DEBUG org.eclipse.jetty.server.Server - REQUEST POST /contact on HttpChannelOverHttp@5de06bb5{r=1,c=false,c=false/false,a=DISPATCHED,uri=//localhost:9998/contact,age=1}
22:22:08.447 [qtp2004305265-75] DEBUG o.e.jetty.server.HttpConnection - HttpConnection@f6bdb9c::SocketChannelEndPoint@571800c5{/127.0.0.1:44204<->/127.0.0.1:9998,OPEN,fill=-,flush=-,to=3/30000}{io=0/0,kio=0,kro=1}->HttpConnection@f6bdb9c[p=HttpParser{s=CONTENT,0 of 65},g=HttpGenerator@2930e363{s=START}]=>HttpChannelOverHttp@5de06bb5{r=1,c=false,c=false/false,a=DISPATCHED,uri=//localhost:9998/contact,age=3} parse HeapByteBuffer@2c3b0382[p=243,l=308,c=8192,r=65]={POST /contact HTT...-Length: 65\r\n\r\n<<<{"firstName":"","...+39 23 123456"}>>>\x00\x00\x00\x00\x00\x00\x00\x00\x00\x00\x00\x00\x00\x00\x00\x00\x00...\x00\x00\x00\x00\x00\x00\x00\x00\x00\x00\x00\x00\x00\x00\x00} {}
22:22:08.447 [qtp2004305265-75] DEBUG org.eclipse.jetty.http.HttpParser - parseNext s=CONTENT HeapByteBuffer@2c3b0382[p=243,l=308,c=8192,r=65]={POST /contact HTT...-Length: 65\r\n\r\n<<<{"firstName":"","...+39 23 123456"}>>>\x00\x00\x00\x00\x00\x00\x00\x00\x00\x00\x00\x00\x00\x00\x00\x00\x00...\x00\x00\x00\x00\x00\x00\x00\x00\x00\x00\x00\x00\x00\x00\x00}
22:22:08.447 [qtp2004305265-75] DEBUG org.eclipse.jetty.server.HttpChannel - HttpChannelOverHttp@5de06bb5{r=1,c=false,c=false/false,a=DISPATCHED,uri=//localhost:9998/contact,age=3} onContent Content@1712daa7{HeapByteBufferR@5268b760[p=243,l=308,c=8192,r=65]={POST /contact HTT...-Length: 65\r\n\r\n<<<{"firstName":"","...+39 23 123456"}>>>\x00\x00\x00\x00\x00\x00\x00\x00\x00\x00\x00\x00\x00\x00\x00\x00\x00...\x00\x00\x00\x00\x00\x00\x00\x00\x00\x00\x00\x00\x00\x00\x00}}
22:22:08.447 [qtp2004305265-75] DEBUG org.eclipse.jetty.server.HttpInput - HttpInputOverHTTP@6f51c127[c=0,q=0,[0]=null,s=STREAM] addContent Content@1712daa7{HeapByteBufferR@5268b760[p=243,l=308,c=8192,r=65]={POST /contact HTT...-Length: 65\r\n\r\n<<<{"firstName":"","...+39 23 123456"}>>>\x00\x00\x00\x00\x00\x00\x00\x00\x00\x00\x00\x00\x00\x00\x00\x00\x00...\x00\x00\x00\x00\x00\x00\x00\x00\x00\x00\x00\x00\x00\x00\x00}}
22:22:08.447 [qtp2004305265-75] DEBUG org.eclipse.jetty.http.HttpParser - CONTENT --> END
22:22:08.447 [qtp2004305265-75] DEBUG org.eclipse.jetty.server.HttpChannel - HttpChannelOverHttp@5de06bb5{r=1,c=false,c=false/false,a=DISPATCHED,uri=//localhost:9998/contact,age=3} onContentComplete
22:22:08.447 [qtp2004305265-75] DEBUG org.eclipse.jetty.server.HttpChannel - HttpChannelOverHttp@5de06bb5{r=1,c=false,c=false/false,a=DISPATCHED,uri=//localhost:9998/contact,age=3} onRequestComplete
22:22:08.447 [qtp2004305265-75] DEBUG org.eclipse.jetty.server.HttpInput - HttpInputOverHTTP@6f51c127[c=0,q=1,[0]=EOF,s=STREAM] addContent EOF
22:22:08.447 [qtp2004305265-75] DEBUG o.e.jetty.server.HttpConnection - HttpConnection@f6bdb9c::SocketChannelEndPoint@571800c5{/127.0.0.1:44204<->/127.0.0.1:9998,OPEN,fill=-,flush=-,to=4/30000}{io=0/0,kio=0,kro=1}->HttpConnection@f6bdb9c[p=HttpParser{s=END,65 of 65},g=HttpGenerator@2930e363{s=START}]=>HttpChannelOverHttp@5de06bb5{r=1,c=false,c=false/false,a=DISPATCHED,uri=//localhost:9998/contact,age=3} parsed false HttpParser{s=END,65 of 65}
22:22:08.447 [qtp2004305265-75] DEBUG org.eclipse.jetty.server.HttpInput - HttpInputOverHTTP@6f51c127[c=65,q=1,[0]=EOF,s=STREAM] read 65 from Content@1712daa7{HeapByteBufferR@5268b760[p=308,l=308,c=8192,r=0]={POST /contact HTT...+39 23 123456"}<<<>>>\x00\x00\x00\x00\x00\x00\x00\x00\x00\x00\x00\x00\x00\x00\x00\x00\x00...\x00\x00\x00\x00\x00\x00\x00\x00\x00\x00\x00\x00\x00\x00\x00}}
22:22:08.447 [qtp2004305265-75] DEBUG o.e.jetty.server.HttpConnection - releaseRequestBuffer HttpConnection@f6bdb9c::SocketChannelEndPoint@571800c5{/127.0.0.1:44204<->/127.0.0.1:9998,OPEN,fill=-,flush=-,to=4/30000}{io=0/0,kio=0,kro=1}->HttpConnection@f6bdb9c[p=HttpParser{s=END,65 of 65},g=HttpGenerator@2930e363{s=START}]=>HttpChannelOverHttp@5de06bb5{r=1,c=false,c=false/false,a=DISPATCHED,uri=//localhost:9998/contact,age=3}
22:22:08.455 [qtp2004305265-75] DEBUG org.eclipse.jetty.server.HttpChannel - sendResponse info=null content=HeapByteBuffer@735eb462[p=0,l=0,c=0,r=0]={<<<>>>} complete=true committing=true callback=Blocker@6c3291c8{null}
22:22:08.455 [qtp2004305265-75] DEBUG org.eclipse.jetty.server.HttpChannel - COMMIT for /contact on HttpChannelOverHttp@5de06bb5{r=1,c=true,c=false/false,a=DISPATCHED,uri=//localhost:9998/contact,age=11}
400 Bad Request HTTP/1.1
Date: Sun, 27 Sep 2020 21:22:08 GMT
Content-Length: 0


22:22:08.455 [qtp2004305265-75] DEBUG o.e.jetty.server.HttpConnection - org.eclipse.jetty.server.HttpConnection$SendCallback@7bf47e16[PROCESSING][i=HTTP/1.1{s=400,h=2,cl=0},cb=org.eclipse.jetty.server.HttpChannel$SendCallback@6b66b5eb] generate: NEED_HEADER (null,[p=0,l=0,c=0,r=0],true)@START
22:22:08.455 [qtp2004305265-75] DEBUG org.eclipse.jetty.http.HttpGenerator - generateHeaders HTTP/1.1{s=400,h=2,cl=0} last=true content=HeapByteBuffer@735eb462[p=0,l=0,c=0,r=0]={<<<>>>}
22:22:08.455 [qtp2004305265-75] DEBUG org.eclipse.jetty.http.HttpGenerator - Date: Sun, 27 Sep 2020 21:22:08 GMT
Content-Length: 0


22:22:08.455 [qtp2004305265-75] DEBUG org.eclipse.jetty.http.HttpGenerator - CONTENT_LENGTH
22:22:08.455 [qtp2004305265-75] DEBUG o.e.jetty.server.HttpConnection - org.eclipse.jetty.server.HttpConnection$SendCallback@7bf47e16[PROCESSING][i=HTTP/1.1{s=400,h=2,cl=0},cb=org.eclipse.jetty.server.HttpChannel$SendCallback@6b66b5eb] generate: FLUSH ([p=0,l=117,c=8192,r=117],[p=0,l=0,c=0,r=0],true)@COMPLETING
22:22:08.455 [qtp2004305265-75] DEBUG org.eclipse.jetty.io.WriteFlusher - write: WriteFlusher@24cbc647{IDLE}->null [HeapByteBuffer@2c3b0382[p=0,l=117,c=8192,r=117]={<<<HTTP/1.1 400 Bad ....v20190418)\r\n\r\n>>>: localhost:9998\r...\x00\x00\x00\x00\x00\x00\x00\x00\x00\x00\x00\x00\x00\x00\x00}]
22:22:08.455 [qtp2004305265-75] DEBUG org.eclipse.jetty.io.WriteFlusher - update WriteFlusher@24cbc647{WRITING}->null:IDLE-->WRITING
22:22:08.455 [qtp2004305265-75] DEBUG org.eclipse.jetty.io.ChannelEndPoint - flushed 117 SocketChannelEndPoint@571800c5{/127.0.0.1:44204<->/127.0.0.1:9998,OPEN,fill=-,flush=W,to=12/30000}{io=0/0,kio=0,kro=1}->HttpConnection@f6bdb9c[p=HttpParser{s=END,65 of 65},g=HttpGenerator@2930e363{s=COMPLETING}]=>HttpChannelOverHttp@5de06bb5{r=1,c=true,c=false/false,a=DISPATCHED,uri=//localhost:9998/contact,age=11}
22:22:08.455 [qtp2004305265-75] DEBUG org.eclipse.jetty.io.WriteFlusher - Flushed=true written=117 remaining=0 WriteFlusher@24cbc647{WRITING}->null
22:22:08.455 [qtp2004305265-75] DEBUG org.eclipse.jetty.io.WriteFlusher - update WriteFlusher@24cbc647{IDLE}->null:WRITING-->IDLE
22:22:08.455 [qtp2004305265-75] DEBUG o.e.jetty.server.HttpConnection - org.eclipse.jetty.server.HttpConnection$SendCallback@7bf47e16[PROCESSING][i=HTTP/1.1{s=400,h=2,cl=0},cb=org.eclipse.jetty.server.HttpChannel$SendCallback@6b66b5eb] generate: DONE ([p=117,l=117,c=8192,r=0],[p=0,l=0,c=0,r=0],true)@END
22:22:08.455 [qtp2004305265-75] DEBUG org.eclipse.jetty.server.Server - handled=true async=false committed=true on HttpChannelOverHttp@5de06bb5{r=1,c=true,c=false/true,a=DISPATCHED,uri=//localhost:9998/contact,age=11}
22:22:08.455 [main] DEBUG o.e.j.u.component.AbstractLifeCycle - stopping Server@277b8fa4{STARTED}[9.4.17.v20190418]
22:22:08.455 [main] DEBUG org.eclipse.jetty.server.Server - doStop Server@277b8fa4{STOPPING}[9.4.17.v20190418]
22:22:08.455 [qtp2004305265-75] DEBUG o.e.jetty.server.HttpChannelState - unhandle HttpChannelState@18e2fe6d{s=DISPATCHED a=NOT_ASYNC i=true r=IDLE w=false}
22:22:08.455 [qtp2004305265-75] DEBUG org.eclipse.jetty.server.HttpChannel - HttpChannelOverHttp@5de06bb5{r=1,c=true,c=false/true,a=COMPLETING,uri=//localhost:9998/contact,age=11} action COMPLETE
22:22:08.455 [main] DEBUG o.e.j.s.h.AbstractHandlerContainer - Graceful shutdown Server@277b8fa4{STOPPING}[9.4.17.v20190418] by 
22:22:08.455 [qtp2004305265-75] DEBUG o.e.jetty.server.HttpChannelState - onComplete HttpChannelState@18e2fe6d{s=COMPLETING a=NOT_ASYNC i=false r=IDLE w=false}
22:22:08.456 [main] DEBUG o.e.j.u.component.AbstractLifeCycle - stopping ServerConnector@2f1d0bbc{HTTP/1.1,[http/1.1]}{0.0.0.0:9998}
22:22:08.456 [qtp2004305265-75] DEBUG org.eclipse.jetty.server.HttpChannel - COMPLETE for /contact written=0
22:22:08.456 [qtp2004305265-72] DEBUG o.e.j.util.thread.QueuedThreadPool - ran qtp2004305265-72-acceptor-0@337bbfdf-ServerConnector@2f1d0bbc{HTTP/1.1,[http/1.1]}{0.0.0.0:9998}
22:22:08.456 [main] DEBUG o.e.j.u.component.AbstractLifeCycle - stopping SelectorManager@ServerConnector@2f1d0bbc{HTTP/1.1,[http/1.1]}{0.0.0.0:9998}
22:22:08.456 [qtp2004305265-75] DEBUG o.e.jetty.server.HttpChannelState - recycle HttpChannelState@18e2fe6d{s=COMPLETED a=NOT_ASYNC i=false r=IDLE w=false}
22:22:08.456 [main] DEBUG o.e.j.u.component.AbstractLifeCycle - stopping ManagedSelector@455c1d8c{STARTED} id=3 keys=0 selected=0 updates=0
22:22:08.456 [qtp2004305265-75] DEBUG org.eclipse.jetty.http.HttpParser - reset HttpParser{s=END,65 of 65}
22:22:08.456 [qtp2004305265-75] DEBUG org.eclipse.jetty.http.HttpParser - END --> START
22:22:08.456 [main] DEBUG org.eclipse.jetty.io.ManagedSelector - Queued change org.eclipse.jetty.io.ManagedSelector$CloseConnections@10b1a751 on ManagedSelector@455c1d8c{STOPPING} id=3 keys=0 selected=0 updates=0
22:22:08.456 [qtp2004305265-75] DEBUG org.eclipse.jetty.server.HttpChannel - HttpChannelOverHttp@5de06bb5{r=1,c=false,c=false/false,a=IDLE,uri=null,age=0} handle exit, result COMPLETE
22:22:08.456 [main] DEBUG org.eclipse.jetty.io.ManagedSelector - Wakeup on submit ManagedSelector@455c1d8c{STOPPING} id=3 keys=0 selected=0 updates=1
22:22:08.456 [qtp2004305265-75] DEBUG org.eclipse.jetty.io.ChannelEndPoint - filled 0 HeapByteBuffer@2c3b0382[p=0,l=0,c=8192,r=0]={<<<>>>HTTP/1.1 400 Bad ...\x00\x00\x00\x00\x00\x00\x00\x00\x00\x00\x00\x00\x00\x00\x00}
22:22:08.456 [qtp2004305265-71] DEBUG org.eclipse.jetty.io.ManagedSelector - Selector sun.nio.ch.EPollSelectorImpl@17767f4c woken with none selected
22:22:08.456 [qtp2004305265-71] DEBUG org.eclipse.jetty.io.ManagedSelector - Selector sun.nio.ch.EPollSelectorImpl@17767f4c woken up from select, 0/0/0 selected
22:22:08.456 [qtp2004305265-75] DEBUG org.eclipse.jetty.io.ChannelEndPoint - filled 0 HeapByteBuffer@2c3b0382[p=0,l=0,c=8192,r=0]={<<<>>>HTTP/1.1 400 Bad ...\x00\x00\x00\x00\x00\x00\x00\x00\x00\x00\x00\x00\x00\x00\x00}
22:22:08.456 [qtp2004305265-71] DEBUG org.eclipse.jetty.io.ManagedSelector - Selector sun.nio.ch.EPollSelectorImpl@17767f4c processing 0 keys, 1 updates
22:22:08.456 [qtp2004305265-71] DEBUG org.eclipse.jetty.io.ManagedSelector - updateable 1
22:22:08.456 [qtp2004305265-71] DEBUG org.eclipse.jetty.io.ManagedSelector - update org.eclipse.jetty.io.ManagedSelector$CloseConnections@10b1a751
22:22:08.456 [qtp2004305265-71] DEBUG org.eclipse.jetty.io.ManagedSelector - Closing 0 connections on ManagedSelector@455c1d8c{STOPPING} id=3 keys=0 selected=0 updates=0
22:22:08.456 [qtp2004305265-75] DEBUG o.e.jetty.server.HttpConnection - HttpConnection@f6bdb9c::SocketChannelEndPoint@571800c5{/127.0.0.1:44204<->/127.0.0.1:9998,OPEN,fill=-,flush=-,to=1/30000}{io=0/0,kio=0,kro=1}->HttpConnection@f6bdb9c[p=HttpParser{s=START,0 of -1},g=HttpGenerator@2930e363{s=START}]=>HttpChannelOverHttp@5de06bb5{r=1,c=false,c=false/false,a=IDLE,uri=null,age=0} filled 0 HeapByteBuffer@2c3b0382[p=0,l=0,c=8192,r=0]={<<<>>>HTTP/1.1 400 Bad ...\x00\x00\x00\x00\x00\x00\x00\x00\x00\x00\x00\x00\x00\x00\x00}
22:22:08.456 [qtp2004305265-71] DEBUG org.eclipse.jetty.io.ManagedSelector - updates 0
22:22:08.456 [qtp2004305265-71] DEBUG org.eclipse.jetty.io.ManagedSelector - Selector sun.nio.ch.EPollSelectorImpl@17767f4c waiting with 0 keys
22:22:08.456 [qtp2004305265-75] DEBUG o.e.jetty.server.HttpConnection - HttpConnection@f6bdb9c::SocketChannelEndPoint@571800c5{/127.0.0.1:44204<->/127.0.0.1:9998,OPEN,fill=-,flush=-,to=1/30000}{io=0/0,kio=0,kro=1}->HttpConnection@f6bdb9c[p=HttpParser{s=START,0 of -1},g=HttpGenerator@2930e363{s=START}]=>HttpChannelOverHttp@5de06bb5{r=1,c=false,c=false/false,a=IDLE,uri=null,age=0} parse HeapByteBuffer@2c3b0382[p=0,l=0,c=8192,r=0]={<<<>>>HTTP/1.1 400 Bad ...\x00\x00\x00\x00\x00\x00\x00\x00\x00\x00\x00\x00\x00\x00\x00} {}
22:22:08.456 [qtp2004305265-75] DEBUG org.eclipse.jetty.http.HttpParser - parseNext s=START HeapByteBuffer@2c3b0382[p=0,l=0,c=8192,r=0]={<<<>>>HTTP/1.1 400 Bad ...\x00\x00\x00\x00\x00\x00\x00\x00\x00\x00\x00\x00\x00\x00\x00}
22:22:08.456 [main] DEBUG org.eclipse.jetty.io.ManagedSelector - Queued change org.eclipse.jetty.io.ManagedSelector$StopSelector@53cf9c99 on ManagedSelector@455c1d8c{STOPPING} id=3 keys=0 selected=0 updates=0
22:22:08.456 [main] DEBUG org.eclipse.jetty.io.ManagedSelector - Wakeup on submit ManagedSelector@455c1d8c{STOPPING} id=3 keys=0 selected=0 updates=1
22:22:08.456 [qtp2004305265-75] DEBUG o.e.jetty.server.HttpConnection - HttpConnection@f6bdb9c::SocketChannelEndPoint@571800c5{/127.0.0.1:44204<->/127.0.0.1:9998,OPEN,fill=-,flush=-,to=1/30000}{io=0/0,kio=0,kro=1}->HttpConnection@f6bdb9c[p=HttpParser{s=START,0 of -1},g=HttpGenerator@2930e363{s=START}]=>HttpChannelOverHttp@5de06bb5{r=1,c=false,c=false/false,a=IDLE,uri=null,age=0} parsed false HttpParser{s=START,0 of -1}
22:22:08.456 [qtp2004305265-75] DEBUG o.e.jetty.server.HttpConnection - releaseRequestBuffer HttpConnection@f6bdb9c::SocketChannelEndPoint@571800c5{/127.0.0.1:44204<->/127.0.0.1:9998,OPEN,fill=-,flush=-,to=1/30000}{io=0/0,kio=0,kro=1}->HttpConnection@f6bdb9c[p=HttpParser{s=START,0 of -1},g=HttpGenerator@2930e363{s=START}]=>HttpChannelOverHttp@5de06bb5{r=1,c=false,c=false/false,a=IDLE,uri=null,age=0}
22:22:08.456 [qtp2004305265-71] DEBUG org.eclipse.jetty.io.ManagedSelector - Selector sun.nio.ch.EPollSelectorImpl@17767f4c woken with none selected
22:22:08.456 [qtp2004305265-71] DEBUG org.eclipse.jetty.io.ManagedSelector - Selector sun.nio.ch.EPollSelectorImpl@17767f4c woken up from select, 0/0/0 selected
22:22:08.456 [qtp2004305265-71] DEBUG org.eclipse.jetty.io.ManagedSelector - Selector sun.nio.ch.EPollSelectorImpl@17767f4c processing 0 keys, 1 updates
22:22:08.456 [qtp2004305265-71] DEBUG org.eclipse.jetty.io.ManagedSelector - updateable 1
22:22:08.456 [qtp2004305265-75] DEBUG o.e.jetty.io.AbstractConnection - fillInterested HttpConnection@f6bdb9c::SocketChannelEndPoint@571800c5{/127.0.0.1:44204<->/127.0.0.1:9998,OPEN,fill=-,flush=-,to=1/30000}{io=0/0,kio=0,kro=1}->HttpConnection@f6bdb9c[p=HttpParser{s=START,0 of -1},g=HttpGenerator@2930e363{s=START}]=>HttpChannelOverHttp@5de06bb5{r=1,c=false,c=false/false,a=IDLE,uri=null,age=0}
22:22:08.456 [qtp2004305265-71] DEBUG org.eclipse.jetty.io.ManagedSelector - update org.eclipse.jetty.io.ManagedSelector$StopSelector@53cf9c99
22:22:08.456 [qtp2004305265-71] DEBUG org.eclipse.jetty.io.ManagedSelector - updates 0
22:22:08.456 [qtp2004305265-75] DEBUG org.eclipse.jetty.io.FillInterest - interested FillInterest@77539833{AC.ReadCB@f6bdb9c{HttpConnection@f6bdb9c::SocketChannelEndPoint@571800c5{/127.0.0.1:44204<->/127.0.0.1:9998,OPEN,fill=FI,flush=-,to=0/30000}{io=0/0,kio=0,kro=1}->HttpConnection@f6bdb9c[p=HttpParser{s=START,0 of -1},g=HttpGenerator@2930e363{s=START}]=>HttpChannelOverHttp@5de06bb5{r=1,c=false,c=false/false,a=IDLE,uri=null,age=0}}}
22:22:08.456 [qtp2004305265-71] DEBUG o.e.j.util.thread.QueuedThreadPool - ran org.eclipse.jetty.io.ManagedSelector$$Lambda$198/1041326823@a92be4f
22:22:08.456 [qtp2004305265-75] DEBUG org.eclipse.jetty.io.ChannelEndPoint - changeInterests p=false 0->1 for SocketChannelEndPoint@571800c5{/127.0.0.1:44204<->/127.0.0.1:9998,OPEN,fill=FI,flush=-,to=0/30000}{io=0/1,kio=0,kro=1}->HttpConnection@f6bdb9c[p=HttpParser{s=START,0 of -1},g=HttpGenerator@2930e363{s=START}]=>HttpChannelOverHttp@5de06bb5{r=1,c=false,c=false/false,a=IDLE,uri=null,age=0}
22:22:08.456 [qtp2004305265-75] DEBUG org.eclipse.jetty.io.ManagedSelector - Queued change org.eclipse.jetty.io.ChannelEndPoint$1@78cd0122 on ManagedSelector@3c3a0032{STARTED} id=1 keys=1 selected=0 updates=0
22:22:08.456 [qtp2004305265-75] DEBUG org.eclipse.jetty.io.ManagedSelector - Wakeup on submit ManagedSelector@3c3a0032{STARTED} id=1 keys=1 selected=0 updates=1
22:22:08.456 [main] DEBUG o.e.j.u.component.AbstractLifeCycle - stopping EatWhatYouKill@49faf066/SelectorProducer@6f94a5a5/IDLE/p=false/JettyConnectorThreadPool[qtp2004305265]@77774571{STARTED,8<=8<=200,i=3,q=0}[ReservedThreadExecutor@1a2bcd56{s=1/8,p=0}][pc=0,pic=0,pec=0,epc=0]@2020-09-27T22:22:08.456+01:00
22:22:08.457 [main] DEBUG o.e.j.u.component.AbstractLifeCycle - STOPPED EatWhatYouKill@49faf066/SelectorProducer@6f94a5a5/IDLE/p=false/JettyConnectorThreadPool[qtp2004305265]@77774571{STARTED,8<=8<=200,i=3,q=0}[ReservedThreadExecutor@1a2bcd56{s=1/8,p=0}][pc=0,pic=0,pec=0,epc=0]@2020-09-27T22:22:08.457+01:00
22:22:08.457 [qtp2004305265-69] DEBUG org.eclipse.jetty.io.ManagedSelector - Selector sun.nio.ch.EPollSelectorImpl@fb83946 woken with none selected
22:22:08.457 [qtp2004305265-75] DEBUG o.e.jetty.server.HttpConnection - HttpConnection@f6bdb9c::SocketChannelEndPoint@571800c5{/127.0.0.1:44204<->/127.0.0.1:9998,OPEN,fill=FI,flush=-,to=1/30000}{io=0/1,kio=0,kro=1}->HttpConnection@f6bdb9c[p=HttpParser{s=START,0 of -1},g=HttpGenerator@2930e363{s=START}]=>HttpChannelOverHttp@5de06bb5{r=1,c=false,c=false/false,a=IDLE,uri=null,age=0} onFillable exit HttpChannelState@18e2fe6d{s=IDLE a=NOT_ASYNC i=true r=IDLE w=false} null
22:22:08.457 [qtp2004305265-69] DEBUG org.eclipse.jetty.io.ManagedSelector - Selector sun.nio.ch.EPollSelectorImpl@fb83946 woken up from select, 0/0/1 selected
22:22:08.457 [main] DEBUG o.e.j.u.component.AbstractLifeCycle - STOPPED ManagedSelector@455c1d8c{STOPPED} id=3 keys=-1 selected=-1 updates=0
22:22:08.457 [qtp2004305265-69] DEBUG org.eclipse.jetty.io.ManagedSelector - Selector sun.nio.ch.EPollSelectorImpl@fb83946 processing 0 keys, 1 updates
22:22:08.457 [qtp2004305265-69] DEBUG org.eclipse.jetty.io.ManagedSelector - updateable 1
22:22:08.457 [qtp2004305265-69] DEBUG org.eclipse.jetty.io.ManagedSelector - update org.eclipse.jetty.io.ChannelEndPoint$1@78cd0122
22:22:08.457 [qtp2004305265-69] DEBUG org.eclipse.jetty.io.ChannelEndPoint - Key interests updated 0 -> 1 on SocketChannelEndPoint@571800c5{/127.0.0.1:44204<->/127.0.0.1:9998,OPEN,fill=FI,flush=-,to=1/30000}{io=1/1,kio=1,kro=1}->HttpConnection@f6bdb9c[p=HttpParser{s=START,0 of -1},g=HttpGenerator@2930e363{s=START}]=>HttpChannelOverHttp@5de06bb5{r=1,c=false,c=false/false,a=IDLE,uri=null,age=0}
22:22:08.457 [qtp2004305265-69] DEBUG org.eclipse.jetty.io.ManagedSelector - updates 0
22:22:08.457 [qtp2004305265-69] DEBUG org.eclipse.jetty.io.ManagedSelector - Selector sun.nio.ch.EPollSelectorImpl@fb83946 waiting with 1 keys
22:22:08.457 [main] DEBUG o.e.j.u.component.AbstractLifeCycle - stopping ManagedSelector@25ad4f71{STARTED} id=2 keys=0 selected=0 updates=0
22:22:08.457 [qtp2004305265-75] DEBUG o.e.j.util.thread.QueuedThreadPool - ran CEP:SocketChannelEndPoint@571800c5{/127.0.0.1:44204<->/127.0.0.1:9998,OPEN,fill=FI,flush=-,to=1/30000}{io=0/1,kio=0,kro=1}->HttpConnection@f6bdb9c[p=HttpParser{s=START,0 of -1},g=HttpGenerator@2930e363{s=START}]=>HttpChannelOverHttp@5de06bb5{r=1,c=false,c=false/false,a=IDLE,uri=null,age=0}:runFillable:BLOCKING
22:22:08.457 [main] DEBUG org.eclipse.jetty.io.ManagedSelector - Queued change org.eclipse.jetty.io.ManagedSelector$CloseConnections@7b306b9f on ManagedSelector@25ad4f71{STOPPING} id=2 keys=0 selected=0 updates=0
22:22:08.457 [main] DEBUG org.eclipse.jetty.io.ManagedSelector - Wakeup on submit ManagedSelector@25ad4f71{STOPPING} id=2 keys=0 selected=0 updates=1
22:22:08.457 [qtp2004305265-70] DEBUG org.eclipse.jetty.io.ManagedSelector - Selector sun.nio.ch.EPollSelectorImpl@5aac888d woken with none selected
22:22:08.457 [qtp2004305265-70] DEBUG org.eclipse.jetty.io.ManagedSelector - Selector sun.nio.ch.EPollSelectorImpl@5aac888d woken up from select, 0/0/0 selected
22:22:08.457 [qtp2004305265-70] DEBUG org.eclipse.jetty.io.ManagedSelector - Selector sun.nio.ch.EPollSelectorImpl@5aac888d processing 0 keys, 1 updates
22:22:08.457 [qtp2004305265-70] DEBUG org.eclipse.jetty.io.ManagedSelector - updateable 1
22:22:08.457 [qtp2004305265-70] DEBUG org.eclipse.jetty.io.ManagedSelector - update org.eclipse.jetty.io.ManagedSelector$CloseConnections@7b306b9f
22:22:08.457 [qtp2004305265-70] DEBUG org.eclipse.jetty.io.ManagedSelector - Closing 0 connections on ManagedSelector@25ad4f71{STOPPING} id=2 keys=0 selected=0 updates=0
22:22:08.457 [qtp2004305265-70] DEBUG org.eclipse.jetty.io.ManagedSelector - updates 0
22:22:08.457 [qtp2004305265-70] DEBUG org.eclipse.jetty.io.ManagedSelector - Selector sun.nio.ch.EPollSelectorImpl@5aac888d waiting with 0 keys
22:22:08.457 [main] DEBUG org.eclipse.jetty.io.ManagedSelector - Queued change org.eclipse.jetty.io.ManagedSelector$StopSelector@142213d5 on ManagedSelector@25ad4f71{STOPPING} id=2 keys=0 selected=0 updates=0
22:22:08.457 [main] DEBUG org.eclipse.jetty.io.ManagedSelector - Wakeup on submit ManagedSelector@25ad4f71{STOPPING} id=2 keys=0 selected=0 updates=1
22:22:08.457 [qtp2004305265-70] DEBUG org.eclipse.jetty.io.ManagedSelector - Selector sun.nio.ch.EPollSelectorImpl@5aac888d woken with none selected
22:22:08.457 [qtp2004305265-70] DEBUG org.eclipse.jetty.io.ManagedSelector - Selector sun.nio.ch.EPollSelectorImpl@5aac888d woken up from select, 0/0/0 selected
22:22:08.457 [qtp2004305265-70] DEBUG org.eclipse.jetty.io.ManagedSelector - Selector sun.nio.ch.EPollSelectorImpl@5aac888d processing 0 keys, 1 updates
22:22:08.457 [qtp2004305265-70] DEBUG org.eclipse.jetty.io.ManagedSelector - updateable 1
22:22:08.457 [qtp2004305265-70] DEBUG org.eclipse.jetty.io.ManagedSelector - update org.eclipse.jetty.io.ManagedSelector$StopSelector@142213d5
22:22:08.457 [qtp2004305265-70] DEBUG org.eclipse.jetty.io.ManagedSelector - updates 0
22:22:08.457 [qtp2004305265-70] DEBUG o.e.j.util.thread.QueuedThreadPool - ran org.eclipse.jetty.io.ManagedSelector$$Lambda$198/1041326823@59072e9d
22:22:08.457 [main] DEBUG o.e.j.u.component.AbstractLifeCycle - stopping EatWhatYouKill@7ceb4478/SelectorProducer@7fdab70c/IDLE/p=false/JettyConnectorThreadPool[qtp2004305265]@77774571{STARTED,8<=8<=200,i=5,q=0}[ReservedThreadExecutor@1a2bcd56{s=1/8,p=0}][pc=0,pic=0,pec=0,epc=0]@2020-09-27T22:22:08.457+01:00
22:22:08.458 [main] DEBUG o.e.j.u.component.AbstractLifeCycle - STOPPED EatWhatYouKill@7ceb4478/SelectorProducer@7fdab70c/IDLE/p=false/JettyConnectorThreadPool[qtp2004305265]@77774571{STARTED,8<=8<=200,i=5,q=0}[ReservedThreadExecutor@1a2bcd56{s=1/8,p=0}][pc=0,pic=0,pec=0,epc=0]@2020-09-27T22:22:08.458+01:00
22:22:08.458 [main] DEBUG o.e.j.u.component.AbstractLifeCycle - STOPPED ManagedSelector@25ad4f71{STOPPED} id=2 keys=-1 selected=-1 updates=0
22:22:08.458 [main] DEBUG o.e.j.u.component.AbstractLifeCycle - stopping ManagedSelector@3c3a0032{STARTED} id=1 keys=1 selected=0 updates=0
22:22:08.458 [main] DEBUG org.eclipse.jetty.io.ManagedSelector - Queued change org.eclipse.jetty.io.ManagedSelector$CloseConnections@934b52f on ManagedSelector@3c3a0032{STOPPING} id=1 keys=1 selected=0 updates=0
22:22:08.458 [main] DEBUG org.eclipse.jetty.io.ManagedSelector - Wakeup on submit ManagedSelector@3c3a0032{STOPPING} id=1 keys=1 selected=0 updates=1
22:22:08.458 [qtp2004305265-69] DEBUG org.eclipse.jetty.io.ManagedSelector - Selector sun.nio.ch.EPollSelectorImpl@fb83946 woken with none selected
22:22:08.458 [qtp2004305265-69] DEBUG org.eclipse.jetty.io.ManagedSelector - Selector sun.nio.ch.EPollSelectorImpl@fb83946 woken up from select, 0/0/1 selected
22:22:08.458 [qtp2004305265-69] DEBUG org.eclipse.jetty.io.ManagedSelector - Selector sun.nio.ch.EPollSelectorImpl@fb83946 processing 0 keys, 1 updates
22:22:08.458 [qtp2004305265-69] DEBUG org.eclipse.jetty.io.ManagedSelector - updateable 1
22:22:08.458 [qtp2004305265-69] DEBUG org.eclipse.jetty.io.ManagedSelector - update org.eclipse.jetty.io.ManagedSelector$CloseConnections@934b52f
22:22:08.458 [qtp2004305265-69] DEBUG org.eclipse.jetty.io.ManagedSelector - Closing 1 connections on ManagedSelector@3c3a0032{STOPPING} id=1 keys=1 selected=0 updates=0
22:22:08.458 [qtp2004305265-69] DEBUG o.eclipse.jetty.io.AbstractEndPoint - close SocketChannelEndPoint@571800c5{/127.0.0.1:44204<->/127.0.0.1:9998,OPEN,fill=FI,flush=-,to=2/30000}{io=1/1,kio=1,kro=1}->HttpConnection@f6bdb9c[p=HttpParser{s=START,0 of -1},g=HttpGenerator@2930e363{s=START}]=>HttpChannelOverHttp@5de06bb5{r=1,c=false,c=false/false,a=IDLE,uri=null,age=0}
22:22:08.458 [qtp2004305265-69] DEBUG o.eclipse.jetty.io.AbstractEndPoint - close(null) SocketChannelEndPoint@571800c5{/127.0.0.1:44204<->/127.0.0.1:9998,OPEN,fill=FI,flush=-,to=2/30000}{io=1/1,kio=1,kro=1}->HttpConnection@f6bdb9c[p=HttpParser{s=START,0 of -1},g=HttpGenerator@2930e363{s=START}]=>HttpChannelOverHttp@5de06bb5{r=1,c=false,c=false/false,a=IDLE,uri=null,age=0}
22:22:08.458 [qtp2004305265-69] DEBUG org.eclipse.jetty.io.ChannelEndPoint - doClose SocketChannelEndPoint@571800c5{/127.0.0.1:44204<->/127.0.0.1:9998,CLOSED,fill=FI,flush=-,to=2/30000}{io=1/1,kio=1,kro=1}->HttpConnection@f6bdb9c[p=HttpParser{s=START,0 of -1},g=HttpGenerator@2930e363{s=START}]=>HttpChannelOverHttp@5de06bb5{r=1,c=false,c=false/false,a=IDLE,uri=null,age=0}
22:22:08.458 [qtp2004305265-69] DEBUG org.eclipse.jetty.io.WriteFlusher - ignored: WriteFlusher@24cbc647{IDLE}->null
java.nio.channels.ClosedChannelException: null
	at org.eclipse.jetty.io.WriteFlusher.onClose(WriteFlusher.java:492)
	at org.eclipse.jetty.io.AbstractEndPoint.onClose(AbstractEndPoint.java:353)
	at org.eclipse.jetty.io.ChannelEndPoint.onClose(ChannelEndPoint.java:215)
	at org.eclipse.jetty.io.AbstractEndPoint.doOnClose(AbstractEndPoint.java:225)
	at org.eclipse.jetty.io.AbstractEndPoint.close(AbstractEndPoint.java:192)
	at org.eclipse.jetty.io.AbstractEndPoint.close(AbstractEndPoint.java:175)
	at org.eclipse.jetty.io.AbstractConnection.close(AbstractConnection.java:248)
	at org.eclipse.jetty.io.ManagedSelector.closeNoExceptions(ManagedSelector.java:252)
	at org.eclipse.jetty.io.ManagedSelector.access$1400(ManagedSelector.java:61)
	at org.eclipse.jetty.io.ManagedSelector$CloseConnections.update(ManagedSelector.java:866)
	at org.eclipse.jetty.io.ManagedSelector$SelectorProducer.processUpdates(ManagedSelector.java:426)
	at org.eclipse.jetty.io.ManagedSelector$SelectorProducer.produce(ManagedSelector.java:397)
	at org.eclipse.jetty.util.thread.strategy.EatWhatYouKill.produceTask(EatWhatYouKill.java:357)
	at org.eclipse.jetty.util.thread.strategy.EatWhatYouKill.doProduce(EatWhatYouKill.java:181)
	at org.eclipse.jetty.util.thread.strategy.EatWhatYouKill.tryProduce(EatWhatYouKill.java:168)
	at org.eclipse.jetty.util.thread.strategy.EatWhatYouKill.produce(EatWhatYouKill.java:132)
	at org.eclipse.jetty.util.thread.QueuedThreadPool.runJob(QueuedThreadPool.java:786)
	at org.eclipse.jetty.util.thread.QueuedThreadPool$2.run(QueuedThreadPool.java:743)
	at java.lang.Thread.run(Thread.java:748)
22:22:08.458 [qtp2004305265-69] DEBUG org.eclipse.jetty.io.FillInterest - onClose FillInterest@77539833{AC.ReadCB@f6bdb9c{HttpConnection@f6bdb9c::SocketChannelEndPoint@571800c5{/127.0.0.1:44204<->/127.0.0.1:9998,CLOSED,fill=FI,flush=-,to=2/30000}{io=1/1,kio=-1,kro=-1}->HttpConnection@f6bdb9c[p=HttpParser{s=START,0 of -1},g=HttpGenerator@2930e363{s=START}]=>HttpChannelOverHttp@5de06bb5{r=1,c=false,c=false/false,a=IDLE,uri=null,age=0}}}
22:22:08.458 [qtp2004305265-69] DEBUG org.eclipse.jetty.http.HttpParser - close HttpParser{s=START,0 of -1}
22:22:08.458 [qtp2004305265-69] DEBUG org.eclipse.jetty.http.HttpParser - START --> CLOSE
22:22:08.459 [qtp2004305265-69] DEBUG o.e.jetty.io.AbstractConnection - HttpConnection@f6bdb9c::SocketChannelEndPoint@571800c5{/127.0.0.1:44204<->/127.0.0.1:9998,CLOSED,fill=-,flush=-,to=3/30000}{io=1/1,kio=-1,kro=-1}->HttpConnection@f6bdb9c[p=HttpParser{s=CLOSE,0 of -1},g=HttpGenerator@2930e363{s=START}]=>HttpChannelOverHttp@5de06bb5{r=1,c=false,c=false/false,a=IDLE,uri=null,age=0} onFillInterestedFailed {}
22:22:08.459 [qtp2004305265-69] DEBUG org.eclipse.jetty.io.ManagedSelector - Wakeup ManagedSelector@3c3a0032{STOPPING} id=1 keys=1 selected=0 updates=0
22:22:08.459 [qtp2004305265-69] DEBUG o.e.j.util.thread.QueuedThreadPool - queue org.eclipse.jetty.io.ManagedSelector$DestroyEndPoint@4042dcfa
22:22:08.459 [qtp2004305265-69] DEBUG org.eclipse.jetty.io.ManagedSelector - updates 0
22:22:08.459 [qtp2004305265-69] DEBUG org.eclipse.jetty.io.ManagedSelector - Selector sun.nio.ch.EPollSelectorImpl@fb83946 waiting with 1 keys
22:22:08.459 [main] DEBUG org.eclipse.jetty.io.ManagedSelector - Queued change org.eclipse.jetty.io.ManagedSelector$StopSelector@2630dbc4 on ManagedSelector@3c3a0032{STOPPING} id=1 keys=0 selected=0 updates=0
22:22:08.459 [qtp2004305265-73] DEBUG o.e.j.util.thread.QueuedThreadPool - run org.eclipse.jetty.io.ManagedSelector$DestroyEndPoint@4042dcfa
22:22:08.459 [main] DEBUG org.eclipse.jetty.io.ManagedSelector - Wakeup on submit ManagedSelector@3c3a0032{STOPPING} id=1 keys=0 selected=0 updates=1
22:22:08.459 [qtp2004305265-69] DEBUG org.eclipse.jetty.io.ManagedSelector - Selector sun.nio.ch.EPollSelectorImpl@fb83946 woken with none selected
22:22:08.459 [qtp2004305265-69] DEBUG org.eclipse.jetty.io.ManagedSelector - Selector sun.nio.ch.EPollSelectorImpl@fb83946 woken up from select, 0/0/0 selected
22:22:08.459 [qtp2004305265-73] DEBUG org.eclipse.jetty.io.ManagedSelector - Destroyed SocketChannelEndPoint@571800c5{/127.0.0.1:44204<->/127.0.0.1:9998,CLOSED,fill=-,flush=-,to=3/30000}{io=1/1,kio=-1,kro=-1}->HttpConnection@f6bdb9c[p=HttpParser{s=CLOSE,0 of -1},g=HttpGenerator@2930e363{s=START}]=>HttpChannelOverHttp@5de06bb5{r=1,c=false,c=false/false,a=IDLE,uri=null,age=0}
22:22:08.459 [qtp2004305265-73] DEBUG o.e.jetty.io.AbstractConnection - onClose HttpConnection@f6bdb9c::SocketChannelEndPoint@571800c5{/127.0.0.1:44204<->/127.0.0.1:9998,CLOSED,fill=-,flush=-,to=3/30000}{io=1/1,kio=-1,kro=-1}->HttpConnection@f6bdb9c[p=HttpParser{s=CLOSE,0 of -1},g=HttpGenerator@2930e363{s=START}]=>HttpChannelOverHttp@5de06bb5{r=1,c=false,c=false/false,a=IDLE,uri=null,age=0}
22:22:08.459 [qtp2004305265-73] DEBUG o.e.j.util.thread.QueuedThreadPool - ran org.eclipse.jetty.io.ManagedSelector$DestroyEndPoint@4042dcfa
22:22:08.459 [qtp2004305265-69] DEBUG org.eclipse.jetty.io.ManagedSelector - Selector sun.nio.ch.EPollSelectorImpl@fb83946 processing 0 keys, 1 updates
22:22:08.459 [qtp2004305265-69] DEBUG org.eclipse.jetty.io.ManagedSelector - updateable 1
22:22:08.459 [qtp2004305265-69] DEBUG org.eclipse.jetty.io.ManagedSelector - update org.eclipse.jetty.io.ManagedSelector$StopSelector@2630dbc4
22:22:08.459 [qtp2004305265-69] DEBUG org.eclipse.jetty.io.ManagedSelector - updates 0
22:22:08.459 [qtp2004305265-69] DEBUG o.e.j.util.thread.QueuedThreadPool - ran org.eclipse.jetty.io.ManagedSelector$$Lambda$198/1041326823@5e519ad3
22:22:08.459 [main] DEBUG o.e.j.u.component.AbstractLifeCycle - stopping EatWhatYouKill@3c87e6b7/SelectorProducer@77bbadc/IDLE/p=false/JettyConnectorThreadPool[qtp2004305265]@77774571{STARTED,8<=8<=200,i=6,q=0}[ReservedThreadExecutor@1a2bcd56{s=1/8,p=0}][pc=0,pic=0,pec=1,epc=0]@2020-09-27T22:22:08.459+01:00
22:22:08.459 [main] DEBUG o.e.j.u.component.AbstractLifeCycle - STOPPED EatWhatYouKill@3c87e6b7/SelectorProducer@77bbadc/IDLE/p=false/JettyConnectorThreadPool[qtp2004305265]@77774571{STARTED,8<=8<=200,i=6,q=0}[ReservedThreadExecutor@1a2bcd56{s=1/8,p=0}][pc=0,pic=0,pec=1,epc=0]@2020-09-27T22:22:08.459+01:00
22:22:08.459 [main] DEBUG o.e.j.u.component.AbstractLifeCycle - STOPPED ManagedSelector@3c3a0032{STOPPED} id=1 keys=-1 selected=-1 updates=0
22:22:08.459 [main] DEBUG o.e.j.u.component.AbstractLifeCycle - stopping ManagedSelector@4d41ba0f{STARTED} id=0 keys=0 selected=0 updates=0
22:22:08.459 [main] DEBUG org.eclipse.jetty.io.ManagedSelector - Queued change org.eclipse.jetty.io.ManagedSelector$CloseConnections@5ea4300e on ManagedSelector@4d41ba0f{STOPPING} id=0 keys=0 selected=0 updates=0
22:22:08.459 [main] DEBUG org.eclipse.jetty.io.ManagedSelector - Wakeup on submit ManagedSelector@4d41ba0f{STOPPING} id=0 keys=0 selected=0 updates=1
22:22:08.460 [qtp2004305265-68] DEBUG org.eclipse.jetty.io.ManagedSelector - Selector sun.nio.ch.EPollSelectorImpl@22a36e4a woken with none selected
22:22:08.460 [qtp2004305265-68] DEBUG org.eclipse.jetty.io.ManagedSelector - Selector sun.nio.ch.EPollSelectorImpl@22a36e4a woken up from select, 0/0/0 selected
22:22:08.460 [qtp2004305265-68] DEBUG org.eclipse.jetty.io.ManagedSelector - Selector sun.nio.ch.EPollSelectorImpl@22a36e4a processing 0 keys, 1 updates
22:22:08.460 [qtp2004305265-68] DEBUG org.eclipse.jetty.io.ManagedSelector - updateable 1
22:22:08.460 [qtp2004305265-68] DEBUG org.eclipse.jetty.io.ManagedSelector - update org.eclipse.jetty.io.ManagedSelector$CloseConnections@5ea4300e
22:22:08.460 [qtp2004305265-68] DEBUG org.eclipse.jetty.io.ManagedSelector - Closing 0 connections on ManagedSelector@4d41ba0f{STOPPING} id=0 keys=0 selected=0 updates=0
22:22:08.460 [qtp2004305265-68] DEBUG org.eclipse.jetty.io.ManagedSelector - updates 0
22:22:08.460 [qtp2004305265-68] DEBUG org.eclipse.jetty.io.ManagedSelector - Selector sun.nio.ch.EPollSelectorImpl@22a36e4a waiting with 0 keys
22:22:08.460 [main] DEBUG org.eclipse.jetty.io.ManagedSelector - Queued change org.eclipse.jetty.io.ManagedSelector$StopSelector@5a1c3cb4 on ManagedSelector@4d41ba0f{STOPPING} id=0 keys=0 selected=0 updates=0
22:22:08.460 [main] DEBUG org.eclipse.jetty.io.ManagedSelector - Wakeup on submit ManagedSelector@4d41ba0f{STOPPING} id=0 keys=0 selected=0 updates=1
22:22:08.460 [qtp2004305265-68] DEBUG org.eclipse.jetty.io.ManagedSelector - Selector sun.nio.ch.EPollSelectorImpl@22a36e4a woken with none selected
22:22:08.460 [qtp2004305265-68] DEBUG org.eclipse.jetty.io.ManagedSelector - Selector sun.nio.ch.EPollSelectorImpl@22a36e4a woken up from select, 0/0/0 selected
22:22:08.460 [qtp2004305265-68] DEBUG org.eclipse.jetty.io.ManagedSelector - Selector sun.nio.ch.EPollSelectorImpl@22a36e4a processing 0 keys, 1 updates
22:22:08.460 [qtp2004305265-68] DEBUG org.eclipse.jetty.io.ManagedSelector - updateable 1
22:22:08.460 [qtp2004305265-68] DEBUG org.eclipse.jetty.io.ManagedSelector - update org.eclipse.jetty.io.ManagedSelector$StopSelector@5a1c3cb4
22:22:08.460 [qtp2004305265-68] DEBUG org.eclipse.jetty.io.ManagedSelector - updates 0
22:22:08.460 [qtp2004305265-68] DEBUG o.e.j.util.thread.QueuedThreadPool - ran org.eclipse.jetty.io.ManagedSelector$$Lambda$198/1041326823@a451491
22:22:08.460 [main] DEBUG o.e.j.u.component.AbstractLifeCycle - stopping EatWhatYouKill@3ee0b4f7/SelectorProducer@79b84841/IDLE/p=false/JettyConnectorThreadPool[qtp2004305265]@77774571{STARTED,8<=8<=200,i=7,q=0}[ReservedThreadExecutor@1a2bcd56{s=1/8,p=0}][pc=0,pic=0,pec=0,epc=0]@2020-09-27T22:22:08.46+01:00
22:22:08.460 [main] DEBUG o.e.j.u.component.AbstractLifeCycle - STOPPED EatWhatYouKill@3ee0b4f7/SelectorProducer@79b84841/IDLE/p=false/JettyConnectorThreadPool[qtp2004305265]@77774571{STARTED,8<=8<=200,i=7,q=0}[ReservedThreadExecutor@1a2bcd56{s=1/8,p=0}][pc=0,pic=0,pec=0,epc=0]@2020-09-27T22:22:08.46+01:00
22:22:08.460 [main] DEBUG o.e.j.u.component.AbstractLifeCycle - STOPPED ManagedSelector@4d41ba0f{STOPPED} id=0 keys=-1 selected=-1 updates=0
22:22:08.460 [main] DEBUG o.e.j.u.component.AbstractLifeCycle - STOPPED SelectorManager@ServerConnector@2f1d0bbc{HTTP/1.1,[http/1.1]}{0.0.0.0:9998}
22:22:08.460 [main] DEBUG o.e.j.u.component.AbstractLifeCycle - stopping HttpConnectionFactory@6cd64ee8[HTTP/1.1]
22:22:08.460 [main] DEBUG o.e.j.u.component.AbstractLifeCycle - STOPPED HttpConnectionFactory@6cd64ee8[HTTP/1.1]
22:22:08.460 [main] DEBUG o.e.j.u.component.AbstractLifeCycle - stopping ScheduledExecutorScheduler@5460b754{STARTED}
22:22:08.460 [main] DEBUG o.e.j.u.component.AbstractLifeCycle - STOPPED ScheduledExecutorScheduler@5460b754{STOPPED}
22:22:08.460 [main] INFO  o.e.jetty.server.AbstractConnector - Stopped ServerConnector@2f1d0bbc{HTTP/1.1,[http/1.1]}{0.0.0.0:9998}
22:22:08.461 [main] DEBUG o.e.j.u.component.AbstractLifeCycle - STOPPED ServerConnector@2f1d0bbc{HTTP/1.1,[http/1.1]}{0.0.0.0:9998}
22:22:08.461 [main] DEBUG o.e.j.server.handler.AbstractHandler - stopping Server@277b8fa4{STOPPING}[9.4.17.v20190418]
22:22:08.461 [main] DEBUG o.e.j.u.component.AbstractLifeCycle - stopping ErrorHandler@4b200971{STARTED}
22:22:08.461 [main] DEBUG o.e.j.server.handler.AbstractHandler - stopping ErrorHandler@4b200971{STOPPING}
22:22:08.461 [main] DEBUG o.e.j.u.component.AbstractLifeCycle - STOPPED ErrorHandler@4b200971{STOPPED}
22:22:08.461 [main] DEBUG o.e.j.u.component.AbstractLifeCycle - stopping JettyHttpContainer@c27a3a2{STARTED}
22:22:08.461 [main] DEBUG o.e.j.server.handler.AbstractHandler - stopping JettyHttpContainer@c27a3a2{STOPPING}
22:22:08.461 [main] DEBUG o.e.j.u.component.AbstractLifeCycle - STOPPED JettyHttpContainer@c27a3a2{STOPPED}
22:22:08.462 [main] DEBUG o.e.j.u.component.AbstractLifeCycle - stopping JettyConnectorThreadPool[qtp2004305265]@77774571{STARTED,8<=8<=200,i=7,q=0}[ReservedThreadExecutor@1a2bcd56{s=1/8,p=0}]
22:22:08.462 [main] DEBUG o.e.j.util.thread.QueuedThreadPool - Stopping JettyConnectorThreadPool[qtp2004305265]@77774571{STOPPING,8<=8<=200,i=7,q=0}[ReservedThreadExecutor@1a2bcd56{s=1/8,p=0}]
22:22:08.462 [main] DEBUG o.e.j.u.component.AbstractLifeCycle - stopping ReservedThreadExecutor@1a2bcd56{s=1/8,p=0}
22:22:08.462 [main] DEBUG o.e.j.u.t.ReservedThreadExecutor - ReservedThreadExecutor@1a2bcd56{s=0/8,p=0}@5405236 offer STOP!
22:22:08.462 [main] DEBUG o.e.j.u.component.AbstractLifeCycle - STOPPED ReservedThreadExecutor@1a2bcd56{s=0/8,p=0}
22:22:08.462 [qtp2004305265-74] DEBUG o.e.j.u.t.ReservedThreadExecutor - ReservedThreadExecutor@1a2bcd56{s=0/8,p=0}@5405236 task=STOP!
22:22:08.462 [qtp2004305265-72] DEBUG o.e.j.util.thread.QueuedThreadPool - run org.eclipse.jetty.util.thread.QueuedThreadPool$$Lambda$265/1547817015@542ada62
22:22:08.462 [qtp2004305265-74] DEBUG o.e.j.u.t.ReservedThreadExecutor - ReservedThreadExecutor@1a2bcd56{s=0/8,p=0}@5405236 Exited
22:22:08.462 [qtp2004305265-72] DEBUG o.e.j.util.thread.QueuedThreadPool - ran org.eclipse.jetty.util.thread.QueuedThreadPool$$Lambda$265/1547817015@542ada62
22:22:08.462 [qtp2004305265-74] DEBUG o.e.j.util.thread.QueuedThreadPool - ran ReservedThreadExecutor@1a2bcd56{s=0/8,p=0}@5405236
22:22:08.464 [qtp2004305265-71] DEBUG o.e.j.util.thread.QueuedThreadPool - run org.eclipse.jetty.util.thread.QueuedThreadPool$$Lambda$265/1547817015@542ada62
22:22:08.464 [qtp2004305265-71] DEBUG o.e.j.util.thread.QueuedThreadPool - ran org.eclipse.jetty.util.thread.QueuedThreadPool$$Lambda$265/1547817015@542ada62
22:22:08.465 [main] DEBUG o.e.j.util.thread.QueuedThreadPool - Waiting for Thread[qtp2004305265-73,5,main] for 14999
22:22:08.465 [qtp2004305265-69] DEBUG o.e.j.util.thread.QueuedThreadPool - run org.eclipse.jetty.util.thread.QueuedThreadPool$$Lambda$265/1547817015@542ada62
22:22:08.465 [qtp2004305265-68] DEBUG o.e.j.util.thread.QueuedThreadPool - run org.eclipse.jetty.util.thread.QueuedThreadPool$$Lambda$265/1547817015@542ada62
22:22:08.466 [qtp2004305265-69] DEBUG o.e.j.util.thread.QueuedThreadPool - ran org.eclipse.jetty.util.thread.QueuedThreadPool$$Lambda$265/1547817015@542ada62
22:22:08.466 [qtp2004305265-68] DEBUG o.e.j.util.thread.QueuedThreadPool - ran org.eclipse.jetty.util.thread.QueuedThreadPool$$Lambda$265/1547817015@542ada62
22:22:08.465 [qtp2004305265-70] DEBUG o.e.j.util.thread.QueuedThreadPool - run org.eclipse.jetty.util.thread.QueuedThreadPool$$Lambda$265/1547817015@542ada62
22:22:08.466 [qtp2004305265-70] DEBUG o.e.j.util.thread.QueuedThreadPool - ran org.eclipse.jetty.util.thread.QueuedThreadPool$$Lambda$265/1547817015@542ada62
22:22:08.465 [qtp2004305265-73] DEBUG o.e.j.util.thread.QueuedThreadPool - run org.eclipse.jetty.util.thread.QueuedThreadPool$$Lambda$265/1547817015@542ada62
22:22:08.466 [qtp2004305265-73] DEBUG o.e.j.util.thread.QueuedThreadPool - ran org.eclipse.jetty.util.thread.QueuedThreadPool$$Lambda$265/1547817015@542ada62
22:22:08.466 [main] DEBUG o.e.j.util.thread.QueuedThreadPool - Waiting for Thread[qtp2004305265-70,5,] for 14999
22:22:08.466 [qtp2004305265-75] DEBUG o.e.j.util.thread.QueuedThreadPool - run org.eclipse.jetty.util.thread.QueuedThreadPool$$Lambda$265/1547817015@542ada62
22:22:08.466 [main] DEBUG o.e.j.util.thread.QueuedThreadPool - Waiting for Thread[qtp2004305265-75,5,main] for 14999
22:22:08.466 [qtp2004305265-75] DEBUG o.e.j.util.thread.QueuedThreadPool - ran org.eclipse.jetty.util.thread.QueuedThreadPool$$Lambda$265/1547817015@542ada62
22:22:08.466 [main] DEBUG o.e.j.u.component.AbstractLifeCycle - STOPPED JettyConnectorThreadPool[qtp2004305265]@77774571{STOPPED,8<=0<=200,i=0,q=0}[org.eclipse.jetty.util.thread.TryExecutor$$Lambda$180/1484275564@1cefc4b3]
22:22:08.466 [main] DEBUG o.e.j.u.component.AbstractLifeCycle - STOPPED Server@277b8fa4{STOPPED}[9.4.17.v20190418]
]]></system-out>
    <system-err><![CDATA[set 27, 2020 10:22:08 PM org.glassfish.jersey.test.jetty.JettyTestContainerFactory$JettyTestContainer <init>
INFO: Creating JettyTestContainer configured at the base URI http://localhost:9998/
]]></system-err>
  </testcase>
  <testcase name="testUpdateContactWithValidContact" classname="com.brunogoncalves.phonebook.resource.ContactResourceTest" time="0.173">
    <system-out><![CDATA[22:22:08.506 [main] DEBUG o.h.v.i.e.r.TraversableResolvers - Cannot find javax.persistence.Persistence on classpath. Assuming non JPA 2 environment. All properties will per default be traversable.
22:22:08.506 [main] DEBUG o.h.v.i.x.config.ValidationXmlParser - Trying to load META-INF/validation.xml for XML based Validator configuration.
22:22:08.506 [main] DEBUG o.h.v.i.x.c.ResourceLoaderHelper - Trying to load META-INF/validation.xml via TCCL
22:22:08.506 [main] DEBUG o.h.v.i.x.c.ResourceLoaderHelper - Trying to load META-INF/validation.xml via Hibernate Validator's class loader
22:22:08.506 [main] DEBUG o.h.v.i.x.config.ValidationXmlParser - No META-INF/validation.xml found. Using annotation based configuration only.
22:22:08.510 [main] DEBUG o.h.v.m.ResourceBundleMessageInterpolator - Loaded expression factory via original TCCL
22:22:08.510 [main] DEBUG o.h.v.i.engine.ValidatorFactoryImpl - HV000234: Using org.hibernate.validator.messageinterpolation.ResourceBundleMessageInterpolator as ValidatorFactory-scoped message interpolator.
22:22:08.510 [main] DEBUG o.h.v.i.engine.ValidatorFactoryImpl - HV000234: Using org.hibernate.validator.internal.engine.resolver.TraverseAllTraversableResolver as ValidatorFactory-scoped traversable resolver.
22:22:08.510 [main] DEBUG o.h.v.i.engine.ValidatorFactoryImpl - HV000234: Using org.hibernate.validator.internal.util.ExecutableParameterNameProvider as ValidatorFactory-scoped parameter name provider.
22:22:08.510 [main] DEBUG o.h.v.i.engine.ValidatorFactoryImpl - HV000234: Using org.hibernate.validator.internal.engine.DefaultClockProvider as ValidatorFactory-scoped clock provider.
22:22:08.510 [main] DEBUG o.h.v.i.engine.ValidatorFactoryImpl - HV000234: Using org.hibernate.validator.internal.engine.scripting.DefaultScriptEvaluatorFactory as ValidatorFactory-scoped script evaluator factory.
22:22:08.515 [main] DEBUG o.e.j.u.component.ContainerLifeCycle - Server@f88bfbe{STOPPED}[9.4.17.v20190418] added {JettyConnectorThreadPool[qtp1996787860]@77049094{STOPPED,8<=0<=200,i=0,q=0}[org.eclipse.jetty.util.thread.TryExecutor$$Lambda$180/1484275564@1cefc4b3],AUTO}
22:22:08.515 [main] DEBUG o.e.j.u.component.ContainerLifeCycle - HttpConnectionFactory@59bbe88a[HTTP/1.1] added {HttpConfiguration@5d8ab698{32768/8192,8192/8192,https://:0,[]},POJO}
22:22:08.515 [main] DEBUG o.e.j.u.component.ContainerLifeCycle - ServerConnector@ed91d8d{null,[]}{0.0.0.0:0} added {Server@f88bfbe{STOPPED}[9.4.17.v20190418],UNMANAGED}
22:22:08.515 [main] DEBUG o.e.j.u.component.ContainerLifeCycle - ServerConnector@ed91d8d{null,[]}{0.0.0.0:0} added {JettyConnectorThreadPool[qtp1996787860]@77049094{STOPPED,8<=0<=200,i=0,q=0}[org.eclipse.jetty.util.thread.TryExecutor$$Lambda$180/1484275564@1cefc4b3],AUTO}
22:22:08.515 [main] DEBUG o.e.j.u.component.ContainerLifeCycle - ServerConnector@ed91d8d{null,[]}{0.0.0.0:0} added {ScheduledExecutorScheduler@446626a7{STOPPED},AUTO}
22:22:08.515 [main] DEBUG o.e.j.u.component.ContainerLifeCycle - ServerConnector@ed91d8d{null,[]}{0.0.0.0:0} added {org.eclipse.jetty.io.ArrayByteBufferPool@429f7919,POJO}
22:22:08.516 [main] DEBUG o.e.j.u.component.ContainerLifeCycle - ServerConnector@ed91d8d{null,[http/1.1]}{0.0.0.0:0} added {HttpConnectionFactory@59bbe88a[HTTP/1.1],AUTO}
22:22:08.516 [main] DEBUG o.e.jetty.server.AbstractConnector - ServerConnector@ed91d8d{HTTP/1.1,[http/1.1]}{0.0.0.0:0} added HttpConnectionFactory@59bbe88a[HTTP/1.1]
22:22:08.516 [main] DEBUG o.e.j.u.component.ContainerLifeCycle - ServerConnector@ed91d8d{HTTP/1.1,[http/1.1]}{0.0.0.0:0} added {SelectorManager@ServerConnector@ed91d8d{HTTP/1.1,[http/1.1]}{0.0.0.0:0},MANAGED}
22:22:08.516 [main] DEBUG o.e.j.u.component.ContainerLifeCycle - Server@f88bfbe{STOPPED}[9.4.17.v20190418] added {ServerConnector@ed91d8d{HTTP/1.1,[http/1.1]}{0.0.0.0:9998},AUTO}
22:22:08.516 [main] DEBUG o.e.j.u.component.ContainerLifeCycle - Server@f88bfbe{STOPPED}[9.4.17.v20190418] added {JettyHttpContainer@4a2929a4{STOPPED},MANAGED}
22:22:08.516 [main] DEBUG o.e.j.u.component.AbstractLifeCycle - starting Server@f88bfbe{STOPPED}[9.4.17.v20190418]
22:22:08.516 [main] DEBUG o.e.j.u.component.ContainerLifeCycle - Server@f88bfbe{STARTING}[9.4.17.v20190418] added {ErrorHandler@cda6019{STOPPED},AUTO}
22:22:08.516 [main] INFO  org.eclipse.jetty.server.Server - jetty-9.4.17.v20190418; built: 2019-04-18T19:45:35.259Z; git: aa1c656c315c011c01e7b21aabb04066635b9f67; jvm 1.8.0_265-8u265-b01-0ubuntu2~18.04-b01
22:22:08.516 [main] DEBUG o.e.j.server.handler.AbstractHandler - starting Server@f88bfbe{STARTING}[9.4.17.v20190418]
22:22:08.516 [main] DEBUG o.e.j.u.component.AbstractLifeCycle - starting JettyConnectorThreadPool[qtp1996787860]@77049094{STOPPED,8<=0<=200,i=0,q=0}[org.eclipse.jetty.util.thread.TryExecutor$$Lambda$180/1484275564@1cefc4b3]
22:22:08.516 [main] DEBUG o.e.j.u.t.ReservedThreadExecutor - ReservedThreadExecutor@797c3c3b{s=0/8,p=0}
22:22:08.516 [main] DEBUG o.e.j.u.component.ContainerLifeCycle - JettyConnectorThreadPool[qtp1996787860]@77049094{STARTING,8<=0<=200,i=0,q=0}[ReservedThreadExecutor@797c3c3b{s=0/8,p=0}] added {ReservedThreadExecutor@797c3c3b{s=0/8,p=0},AUTO}
22:22:08.516 [main] DEBUG o.e.j.u.component.AbstractLifeCycle - starting ReservedThreadExecutor@797c3c3b{s=0/8,p=0}
22:22:08.516 [main] DEBUG o.e.j.u.component.AbstractLifeCycle - STARTED @2995ms ReservedThreadExecutor@797c3c3b{s=0/8,p=0}
22:22:08.516 [main] DEBUG o.e.j.util.thread.QueuedThreadPool - Starting Thread[qtp1996787860-77,5,main]
22:22:08.517 [main] DEBUG o.e.j.util.thread.QueuedThreadPool - Starting Thread[qtp1996787860-78,5,main]
22:22:08.521 [main] DEBUG o.e.j.util.thread.QueuedThreadPool - Starting Thread[qtp1996787860-79,5,main]
22:22:08.521 [main] DEBUG o.e.j.util.thread.QueuedThreadPool - Starting Thread[qtp1996787860-80,5,main]
22:22:08.521 [main] DEBUG o.e.j.util.thread.QueuedThreadPool - Starting Thread[qtp1996787860-81,5,main]
22:22:08.529 [main] DEBUG o.e.j.util.thread.QueuedThreadPool - Starting Thread[qtp1996787860-82,5,main]
22:22:08.533 [main] DEBUG o.e.j.util.thread.QueuedThreadPool - Starting Thread[qtp1996787860-83,5,main]
22:22:08.537 [main] DEBUG o.e.j.util.thread.QueuedThreadPool - Starting Thread[qtp1996787860-84,5,main]
22:22:08.541 [main] DEBUG o.e.j.u.component.AbstractLifeCycle - STARTED @3020ms JettyConnectorThreadPool[qtp1996787860]@77049094{STARTED,8<=8<=200,i=7,q=0}[ReservedThreadExecutor@797c3c3b{s=0/8,p=0}]
22:22:08.541 [main] DEBUG o.e.j.u.component.AbstractLifeCycle - starting JettyHttpContainer@4a2929a4{STOPPED}
22:22:08.541 [main] DEBUG o.e.j.server.handler.AbstractHandler - starting JettyHttpContainer@4a2929a4{STARTING}
22:22:08.541 [main] DEBUG o.e.j.u.component.AbstractLifeCycle - STARTED @3020ms JettyHttpContainer@4a2929a4{STARTED}
22:22:08.541 [main] DEBUG o.e.j.u.component.AbstractLifeCycle - starting ErrorHandler@cda6019{STOPPED}
22:22:08.541 [main] DEBUG o.e.j.server.handler.AbstractHandler - starting ErrorHandler@cda6019{STARTING}
22:22:08.541 [main] DEBUG o.e.j.u.component.AbstractLifeCycle - STARTED @3020ms ErrorHandler@cda6019{STARTED}
22:22:08.541 [main] DEBUG o.e.j.u.component.AbstractLifeCycle - starting ServerConnector@ed91d8d{HTTP/1.1,[http/1.1]}{0.0.0.0:9998}
22:22:08.541 [main] DEBUG o.e.j.u.component.ContainerLifeCycle - ServerConnector@ed91d8d{HTTP/1.1,[http/1.1]}{0.0.0.0:9998} added {sun.nio.ch.ServerSocketChannelImpl[/0:0:0:0:0:0:0:0:9998],POJO}
22:22:08.541 [main] DEBUG o.e.j.u.component.AbstractLifeCycle - starting ScheduledExecutorScheduler@446626a7{STOPPED}
22:22:08.541 [main] DEBUG o.e.j.u.component.AbstractLifeCycle - STARTED @3021ms ScheduledExecutorScheduler@446626a7{STARTED}
22:22:08.541 [main] DEBUG o.e.j.u.component.AbstractLifeCycle - starting HttpConnectionFactory@59bbe88a[HTTP/1.1]
22:22:08.541 [main] DEBUG o.e.j.u.component.AbstractLifeCycle - STARTED @3021ms HttpConnectionFactory@59bbe88a[HTTP/1.1]
22:22:08.541 [main] DEBUG o.e.j.u.component.AbstractLifeCycle - starting SelectorManager@ServerConnector@ed91d8d{HTTP/1.1,[http/1.1]}{0.0.0.0:9998}
22:22:08.541 [main] DEBUG o.e.j.u.component.ContainerLifeCycle - EatWhatYouKill@3c98781a/SelectorProducer@3f736a16/IDLE/p=false/JettyConnectorThreadPool[qtp1996787860]@77049094{STARTED,8<=8<=200,i=8,q=0}[ReservedThreadExecutor@797c3c3b{s=0/8,p=0}][pc=0,pic=0,pec=0,epc=0]@2020-09-27T22:22:08.541+01:00 added {SelectorProducer@3f736a16,POJO}
22:22:08.541 [main] DEBUG o.e.j.u.component.ContainerLifeCycle - EatWhatYouKill@3c98781a/SelectorProducer@3f736a16/IDLE/p=false/JettyConnectorThreadPool[qtp1996787860]@77049094{STARTED,8<=8<=200,i=8,q=0}[ReservedThreadExecutor@797c3c3b{s=0/8,p=0}][pc=0,pic=0,pec=0,epc=0]@2020-09-27T22:22:08.541+01:00 added {JettyConnectorThreadPool[qtp1996787860]@77049094{STARTED,8<=8<=200,i=8,q=0}[ReservedThreadExecutor@797c3c3b{s=0/8,p=0}],UNMANAGED}
22:22:08.542 [main] DEBUG o.e.j.u.t.strategy.EatWhatYouKill - EatWhatYouKill@3c98781a/SelectorProducer@3f736a16/IDLE/p=false/JettyConnectorThreadPool[qtp1996787860]@77049094{STARTED,8<=8<=200,i=8,q=0}[ReservedThreadExecutor@797c3c3b{s=0/8,p=0}][pc=0,pic=0,pec=0,epc=0]@2020-09-27T22:22:08.542+01:00 created
22:22:08.542 [main] DEBUG o.e.j.u.component.ContainerLifeCycle - ManagedSelector@4601203a{STOPPED} id=0 keys=-1 selected=-1 updates=0 added {EatWhatYouKill@3c98781a/SelectorProducer@3f736a16/IDLE/p=false/JettyConnectorThreadPool[qtp1996787860]@77049094{STARTED,8<=8<=200,i=8,q=0}[ReservedThreadExecutor@797c3c3b{s=0/8,p=0}][pc=0,pic=0,pec=0,epc=0]@2020-09-27T22:22:08.542+01:00,MANAGED}
22:22:08.542 [main] DEBUG o.e.j.u.component.ContainerLifeCycle - SelectorManager@ServerConnector@ed91d8d{HTTP/1.1,[http/1.1]}{0.0.0.0:9998} added {ManagedSelector@4601203a{STOPPED} id=0 keys=-1 selected=-1 updates=0,AUTO}
22:22:08.542 [main] DEBUG o.e.j.u.component.ContainerLifeCycle - EatWhatYouKill@53abfc07/SelectorProducer@2c8c16c0/IDLE/p=false/JettyConnectorThreadPool[qtp1996787860]@77049094{STARTED,8<=8<=200,i=8,q=0}[ReservedThreadExecutor@797c3c3b{s=0/8,p=0}][pc=0,pic=0,pec=0,epc=0]@2020-09-27T22:22:08.542+01:00 added {SelectorProducer@2c8c16c0,POJO}
22:22:08.542 [main] DEBUG o.e.j.u.component.ContainerLifeCycle - EatWhatYouKill@53abfc07/SelectorProducer@2c8c16c0/IDLE/p=false/JettyConnectorThreadPool[qtp1996787860]@77049094{STARTED,8<=8<=200,i=8,q=0}[ReservedThreadExecutor@797c3c3b{s=0/8,p=0}][pc=0,pic=0,pec=0,epc=0]@2020-09-27T22:22:08.542+01:00 added {JettyConnectorThreadPool[qtp1996787860]@77049094{STARTED,8<=8<=200,i=8,q=0}[ReservedThreadExecutor@797c3c3b{s=0/8,p=0}],UNMANAGED}
22:22:08.542 [main] DEBUG o.e.j.u.t.strategy.EatWhatYouKill - EatWhatYouKill@53abfc07/SelectorProducer@2c8c16c0/IDLE/p=false/JettyConnectorThreadPool[qtp1996787860]@77049094{STARTED,8<=8<=200,i=8,q=0}[ReservedThreadExecutor@797c3c3b{s=0/8,p=0}][pc=0,pic=0,pec=0,epc=0]@2020-09-27T22:22:08.542+01:00 created
22:22:08.542 [main] DEBUG o.e.j.u.component.ContainerLifeCycle - ManagedSelector@80bfa9d{STOPPED} id=1 keys=-1 selected=-1 updates=0 added {EatWhatYouKill@53abfc07/SelectorProducer@2c8c16c0/IDLE/p=false/JettyConnectorThreadPool[qtp1996787860]@77049094{STARTED,8<=8<=200,i=8,q=0}[ReservedThreadExecutor@797c3c3b{s=0/8,p=0}][pc=0,pic=0,pec=0,epc=0]@2020-09-27T22:22:08.542+01:00,MANAGED}
22:22:08.542 [main] DEBUG o.e.j.u.component.ContainerLifeCycle - SelectorManager@ServerConnector@ed91d8d{HTTP/1.1,[http/1.1]}{0.0.0.0:9998} added {ManagedSelector@80bfa9d{STOPPED} id=1 keys=-1 selected=-1 updates=0,AUTO}
22:22:08.542 [main] DEBUG o.e.j.u.component.ContainerLifeCycle - EatWhatYouKill@47c40b56/SelectorProducer@4b039c6d/IDLE/p=false/JettyConnectorThreadPool[qtp1996787860]@77049094{STARTED,8<=8<=200,i=8,q=0}[ReservedThreadExecutor@797c3c3b{s=0/8,p=0}][pc=0,pic=0,pec=0,epc=0]@2020-09-27T22:22:08.542+01:00 added {SelectorProducer@4b039c6d,POJO}
22:22:08.542 [main] DEBUG o.e.j.u.component.ContainerLifeCycle - EatWhatYouKill@47c40b56/SelectorProducer@4b039c6d/IDLE/p=false/JettyConnectorThreadPool[qtp1996787860]@77049094{STARTED,8<=8<=200,i=8,q=0}[ReservedThreadExecutor@797c3c3b{s=0/8,p=0}][pc=0,pic=0,pec=0,epc=0]@2020-09-27T22:22:08.542+01:00 added {JettyConnectorThreadPool[qtp1996787860]@77049094{STARTED,8<=8<=200,i=8,q=0}[ReservedThreadExecutor@797c3c3b{s=0/8,p=0}],UNMANAGED}
22:22:08.542 [main] DEBUG o.e.j.u.t.strategy.EatWhatYouKill - EatWhatYouKill@47c40b56/SelectorProducer@4b039c6d/IDLE/p=false/JettyConnectorThreadPool[qtp1996787860]@77049094{STARTED,8<=8<=200,i=8,q=0}[ReservedThreadExecutor@797c3c3b{s=0/8,p=0}][pc=0,pic=0,pec=0,epc=0]@2020-09-27T22:22:08.542+01:00 created
22:22:08.542 [main] DEBUG o.e.j.u.component.ContainerLifeCycle - ManagedSelector@7f5b9db{STOPPED} id=2 keys=-1 selected=-1 updates=0 added {EatWhatYouKill@47c40b56/SelectorProducer@4b039c6d/IDLE/p=false/JettyConnectorThreadPool[qtp1996787860]@77049094{STARTED,8<=8<=200,i=8,q=0}[ReservedThreadExecutor@797c3c3b{s=0/8,p=0}][pc=0,pic=0,pec=0,epc=0]@2020-09-27T22:22:08.542+01:00,MANAGED}
22:22:08.542 [main] DEBUG o.e.j.u.component.ContainerLifeCycle - SelectorManager@ServerConnector@ed91d8d{HTTP/1.1,[http/1.1]}{0.0.0.0:9998} added {ManagedSelector@7f5b9db{STOPPED} id=2 keys=-1 selected=-1 updates=0,AUTO}
22:22:08.543 [main] DEBUG o.e.j.u.component.ContainerLifeCycle - EatWhatYouKill@507d64aa/SelectorProducer@37045b48/IDLE/p=false/JettyConnectorThreadPool[qtp1996787860]@77049094{STARTED,8<=8<=200,i=8,q=0}[ReservedThreadExecutor@797c3c3b{s=0/8,p=0}][pc=0,pic=0,pec=0,epc=0]@2020-09-27T22:22:08.542+01:00 added {SelectorProducer@37045b48,POJO}
22:22:08.543 [main] DEBUG o.e.j.u.component.ContainerLifeCycle - EatWhatYouKill@507d64aa/SelectorProducer@37045b48/IDLE/p=false/JettyConnectorThreadPool[qtp1996787860]@77049094{STARTED,8<=8<=200,i=8,q=0}[ReservedThreadExecutor@797c3c3b{s=0/8,p=0}][pc=0,pic=0,pec=0,epc=0]@2020-09-27T22:22:08.543+01:00 added {JettyConnectorThreadPool[qtp1996787860]@77049094{STARTED,8<=8<=200,i=8,q=0}[ReservedThreadExecutor@797c3c3b{s=0/8,p=0}],UNMANAGED}
22:22:08.543 [main] DEBUG o.e.j.u.t.strategy.EatWhatYouKill - EatWhatYouKill@507d64aa/SelectorProducer@37045b48/IDLE/p=false/JettyConnectorThreadPool[qtp1996787860]@77049094{STARTED,8<=8<=200,i=8,q=0}[ReservedThreadExecutor@797c3c3b{s=0/8,p=0}][pc=0,pic=0,pec=0,epc=0]@2020-09-27T22:22:08.543+01:00 created
22:22:08.543 [main] DEBUG o.e.j.u.component.ContainerLifeCycle - ManagedSelector@60b34931{STOPPED} id=3 keys=-1 selected=-1 updates=0 added {EatWhatYouKill@507d64aa/SelectorProducer@37045b48/IDLE/p=false/JettyConnectorThreadPool[qtp1996787860]@77049094{STARTED,8<=8<=200,i=8,q=0}[ReservedThreadExecutor@797c3c3b{s=0/8,p=0}][pc=0,pic=0,pec=0,epc=0]@2020-09-27T22:22:08.543+01:00,MANAGED}
22:22:08.543 [main] DEBUG o.e.j.u.component.ContainerLifeCycle - SelectorManager@ServerConnector@ed91d8d{HTTP/1.1,[http/1.1]}{0.0.0.0:9998} added {ManagedSelector@60b34931{STOPPED} id=3 keys=-1 selected=-1 updates=0,AUTO}
22:22:08.543 [main] DEBUG o.e.j.u.component.AbstractLifeCycle - starting ManagedSelector@4601203a{STOPPED} id=0 keys=-1 selected=-1 updates=0
22:22:08.543 [main] DEBUG o.e.j.u.component.AbstractLifeCycle - starting EatWhatYouKill@3c98781a/SelectorProducer@3f736a16/IDLE/p=false/JettyConnectorThreadPool[qtp1996787860]@77049094{STARTED,8<=8<=200,i=8,q=0}[ReservedThreadExecutor@797c3c3b{s=0/8,p=0}][pc=0,pic=0,pec=0,epc=0]@2020-09-27T22:22:08.543+01:00
22:22:08.543 [main] DEBUG o.e.j.u.component.AbstractLifeCycle - STARTED @3022ms EatWhatYouKill@3c98781a/SelectorProducer@3f736a16/IDLE/p=false/JettyConnectorThreadPool[qtp1996787860]@77049094{STARTED,8<=8<=200,i=8,q=0}[ReservedThreadExecutor@797c3c3b{s=0/8,p=0}][pc=0,pic=0,pec=0,epc=0]@2020-09-27T22:22:08.543+01:00
22:22:08.543 [main] DEBUG o.e.j.util.thread.QueuedThreadPool - queue org.eclipse.jetty.io.ManagedSelector$$Lambda$198/1041326823@4aa21f9d
22:22:08.543 [main] DEBUG org.eclipse.jetty.io.ManagedSelector - Queued change org.eclipse.jetty.io.ManagedSelector$Start@71c17a57 on ManagedSelector@4601203a{STARTING} id=0 keys=0 selected=0 updates=0
22:22:08.543 [qtp1996787860-77] DEBUG o.e.j.util.thread.QueuedThreadPool - run org.eclipse.jetty.io.ManagedSelector$$Lambda$198/1041326823@4aa21f9d
22:22:08.543 [qtp1996787860-77] DEBUG o.e.j.u.t.strategy.EatWhatYouKill - EatWhatYouKill@3c98781a/SelectorProducer@3f736a16/IDLE/p=false/JettyConnectorThreadPool[qtp1996787860]@77049094{STARTED,8<=8<=200,i=7,q=0}[ReservedThreadExecutor@797c3c3b{s=0/8,p=0}][pc=0,pic=0,pec=0,epc=0]@2020-09-27T22:22:08.543+01:00 tryProduce false
22:22:08.543 [qtp1996787860-77] DEBUG org.eclipse.jetty.io.ManagedSelector - updateable 1
22:22:08.543 [qtp1996787860-77] DEBUG org.eclipse.jetty.io.ManagedSelector - update org.eclipse.jetty.io.ManagedSelector$Start@71c17a57
22:22:08.543 [qtp1996787860-77] DEBUG org.eclipse.jetty.io.ManagedSelector - updates 0
22:22:08.543 [qtp1996787860-77] DEBUG org.eclipse.jetty.io.ManagedSelector - Selector sun.nio.ch.EPollSelectorImpl@5ad4ab1d waiting with 0 keys
22:22:08.543 [main] DEBUG o.e.j.u.component.AbstractLifeCycle - STARTED @3023ms ManagedSelector@4601203a{STARTED} id=0 keys=0 selected=0 updates=0
22:22:08.543 [main] DEBUG o.e.j.u.component.AbstractLifeCycle - starting ManagedSelector@80bfa9d{STOPPED} id=1 keys=-1 selected=-1 updates=0
22:22:08.543 [main] DEBUG o.e.j.u.component.AbstractLifeCycle - starting EatWhatYouKill@53abfc07/SelectorProducer@2c8c16c0/IDLE/p=false/JettyConnectorThreadPool[qtp1996787860]@77049094{STARTED,8<=8<=200,i=7,q=0}[ReservedThreadExecutor@797c3c3b{s=0/8,p=0}][pc=0,pic=0,pec=0,epc=0]@2020-09-27T22:22:08.543+01:00
22:22:08.544 [main] DEBUG o.e.j.u.component.AbstractLifeCycle - STARTED @3023ms EatWhatYouKill@53abfc07/SelectorProducer@2c8c16c0/IDLE/p=false/JettyConnectorThreadPool[qtp1996787860]@77049094{STARTED,8<=8<=200,i=7,q=0}[ReservedThreadExecutor@797c3c3b{s=0/8,p=0}][pc=0,pic=0,pec=0,epc=0]@2020-09-27T22:22:08.543+01:00
22:22:08.544 [main] DEBUG o.e.j.util.thread.QueuedThreadPool - queue org.eclipse.jetty.io.ManagedSelector$$Lambda$198/1041326823@640ab13c
22:22:08.544 [qtp1996787860-78] DEBUG o.e.j.util.thread.QueuedThreadPool - run org.eclipse.jetty.io.ManagedSelector$$Lambda$198/1041326823@640ab13c
22:22:08.544 [qtp1996787860-78] DEBUG o.e.j.u.t.strategy.EatWhatYouKill - EatWhatYouKill@53abfc07/SelectorProducer@2c8c16c0/IDLE/p=false/JettyConnectorThreadPool[qtp1996787860]@77049094{STARTED,8<=8<=200,i=6,q=0}[ReservedThreadExecutor@797c3c3b{s=0/8,p=0}][pc=0,pic=0,pec=0,epc=0]@2020-09-27T22:22:08.544+01:00 tryProduce false
22:22:08.544 [qtp1996787860-78] DEBUG org.eclipse.jetty.io.ManagedSelector - updateable 0
22:22:08.544 [qtp1996787860-78] DEBUG org.eclipse.jetty.io.ManagedSelector - updates 0
22:22:08.544 [qtp1996787860-78] DEBUG org.eclipse.jetty.io.ManagedSelector - Selector sun.nio.ch.EPollSelectorImpl@2a0c9707 waiting with 0 keys
22:22:08.544 [main] DEBUG org.eclipse.jetty.io.ManagedSelector - Queued change org.eclipse.jetty.io.ManagedSelector$Start@1e0a864d on ManagedSelector@80bfa9d{STARTING} id=1 keys=0 selected=0 updates=0
22:22:08.544 [main] DEBUG org.eclipse.jetty.io.ManagedSelector - Wakeup on submit ManagedSelector@80bfa9d{STARTING} id=1 keys=0 selected=0 updates=1
22:22:08.544 [qtp1996787860-78] DEBUG org.eclipse.jetty.io.ManagedSelector - Selector sun.nio.ch.EPollSelectorImpl@2a0c9707 woken with none selected
22:22:08.544 [qtp1996787860-78] DEBUG org.eclipse.jetty.io.ManagedSelector - Selector sun.nio.ch.EPollSelectorImpl@2a0c9707 woken up from select, 0/0/0 selected
22:22:08.544 [qtp1996787860-78] DEBUG org.eclipse.jetty.io.ManagedSelector - Selector sun.nio.ch.EPollSelectorImpl@2a0c9707 processing 0 keys, 1 updates
22:22:08.544 [qtp1996787860-78] DEBUG org.eclipse.jetty.io.ManagedSelector - updateable 1
22:22:08.544 [qtp1996787860-78] DEBUG org.eclipse.jetty.io.ManagedSelector - update org.eclipse.jetty.io.ManagedSelector$Start@1e0a864d
22:22:08.544 [qtp1996787860-78] DEBUG org.eclipse.jetty.io.ManagedSelector - updates 0
22:22:08.544 [qtp1996787860-78] DEBUG org.eclipse.jetty.io.ManagedSelector - Selector sun.nio.ch.EPollSelectorImpl@2a0c9707 waiting with 0 keys
22:22:08.544 [main] DEBUG o.e.j.u.component.AbstractLifeCycle - STARTED @3024ms ManagedSelector@80bfa9d{STARTED} id=1 keys=0 selected=0 updates=0
22:22:08.544 [main] DEBUG o.e.j.u.component.AbstractLifeCycle - starting ManagedSelector@7f5b9db{STOPPED} id=2 keys=-1 selected=-1 updates=0
22:22:08.544 [main] DEBUG o.e.j.u.component.AbstractLifeCycle - starting EatWhatYouKill@47c40b56/SelectorProducer@4b039c6d/IDLE/p=false/JettyConnectorThreadPool[qtp1996787860]@77049094{STARTED,8<=8<=200,i=6,q=0}[ReservedThreadExecutor@797c3c3b{s=0/8,p=0}][pc=0,pic=0,pec=0,epc=0]@2020-09-27T22:22:08.544+01:00
22:22:08.544 [main] DEBUG o.e.j.u.component.AbstractLifeCycle - STARTED @3024ms EatWhatYouKill@47c40b56/SelectorProducer@4b039c6d/IDLE/p=false/JettyConnectorThreadPool[qtp1996787860]@77049094{STARTED,8<=8<=200,i=6,q=0}[ReservedThreadExecutor@797c3c3b{s=0/8,p=0}][pc=0,pic=0,pec=0,epc=0]@2020-09-27T22:22:08.544+01:00
22:22:08.544 [main] DEBUG o.e.j.util.thread.QueuedThreadPool - queue org.eclipse.jetty.io.ManagedSelector$$Lambda$198/1041326823@440e3ce6
22:22:08.545 [main] DEBUG org.eclipse.jetty.io.ManagedSelector - Queued change org.eclipse.jetty.io.ManagedSelector$Start@3e67f5f2 on ManagedSelector@7f5b9db{STARTING} id=2 keys=0 selected=0 updates=0
22:22:08.545 [qtp1996787860-79] DEBUG o.e.j.util.thread.QueuedThreadPool - run org.eclipse.jetty.io.ManagedSelector$$Lambda$198/1041326823@440e3ce6
22:22:08.545 [qtp1996787860-79] DEBUG o.e.j.u.t.strategy.EatWhatYouKill - EatWhatYouKill@47c40b56/SelectorProducer@4b039c6d/IDLE/p=false/JettyConnectorThreadPool[qtp1996787860]@77049094{STARTED,8<=8<=200,i=5,q=0}[ReservedThreadExecutor@797c3c3b{s=0/8,p=0}][pc=0,pic=0,pec=0,epc=0]@2020-09-27T22:22:08.545+01:00 tryProduce false
22:22:08.545 [qtp1996787860-79] DEBUG org.eclipse.jetty.io.ManagedSelector - updateable 1
22:22:08.545 [qtp1996787860-79] DEBUG org.eclipse.jetty.io.ManagedSelector - update org.eclipse.jetty.io.ManagedSelector$Start@3e67f5f2
22:22:08.545 [qtp1996787860-79] DEBUG org.eclipse.jetty.io.ManagedSelector - updates 0
22:22:08.545 [qtp1996787860-79] DEBUG org.eclipse.jetty.io.ManagedSelector - Selector sun.nio.ch.EPollSelectorImpl@64fb4a7d waiting with 0 keys
22:22:08.545 [main] DEBUG o.e.j.u.component.AbstractLifeCycle - STARTED @3025ms ManagedSelector@7f5b9db{STARTED} id=2 keys=0 selected=0 updates=0
22:22:08.546 [main] DEBUG o.e.j.u.component.AbstractLifeCycle - starting ManagedSelector@60b34931{STOPPED} id=3 keys=-1 selected=-1 updates=0
22:22:08.546 [main] DEBUG o.e.j.u.component.AbstractLifeCycle - starting EatWhatYouKill@507d64aa/SelectorProducer@37045b48/IDLE/p=false/JettyConnectorThreadPool[qtp1996787860]@77049094{STARTED,8<=8<=200,i=5,q=0}[ReservedThreadExecutor@797c3c3b{s=0/8,p=0}][pc=0,pic=0,pec=0,epc=0]@2020-09-27T22:22:08.546+01:00
22:22:08.546 [main] DEBUG o.e.j.u.component.AbstractLifeCycle - STARTED @3025ms EatWhatYouKill@507d64aa/SelectorProducer@37045b48/IDLE/p=false/JettyConnectorThreadPool[qtp1996787860]@77049094{STARTED,8<=8<=200,i=5,q=0}[ReservedThreadExecutor@797c3c3b{s=0/8,p=0}][pc=0,pic=0,pec=0,epc=0]@2020-09-27T22:22:08.546+01:00
22:22:08.546 [main] DEBUG o.e.j.util.thread.QueuedThreadPool - queue org.eclipse.jetty.io.ManagedSelector$$Lambda$198/1041326823@fd53053
22:22:08.546 [main] DEBUG org.eclipse.jetty.io.ManagedSelector - Queued change org.eclipse.jetty.io.ManagedSelector$Start@4527f70a on ManagedSelector@60b34931{STARTING} id=3 keys=0 selected=0 updates=0
22:22:08.546 [qtp1996787860-80] DEBUG o.e.j.util.thread.QueuedThreadPool - run org.eclipse.jetty.io.ManagedSelector$$Lambda$198/1041326823@fd53053
22:22:08.546 [qtp1996787860-80] DEBUG o.e.j.u.t.strategy.EatWhatYouKill - EatWhatYouKill@507d64aa/SelectorProducer@37045b48/IDLE/p=false/JettyConnectorThreadPool[qtp1996787860]@77049094{STARTED,8<=8<=200,i=4,q=0}[ReservedThreadExecutor@797c3c3b{s=0/8,p=0}][pc=0,pic=0,pec=0,epc=0]@2020-09-27T22:22:08.546+01:00 tryProduce false
22:22:08.546 [qtp1996787860-80] DEBUG org.eclipse.jetty.io.ManagedSelector - updateable 1
22:22:08.546 [qtp1996787860-80] DEBUG org.eclipse.jetty.io.ManagedSelector - update org.eclipse.jetty.io.ManagedSelector$Start@4527f70a
22:22:08.546 [qtp1996787860-80] DEBUG org.eclipse.jetty.io.ManagedSelector - updates 0
22:22:08.546 [qtp1996787860-80] DEBUG org.eclipse.jetty.io.ManagedSelector - Selector sun.nio.ch.EPollSelectorImpl@1ed73222 waiting with 0 keys
22:22:08.546 [main] DEBUG o.e.j.u.component.AbstractLifeCycle - STARTED @3026ms ManagedSelector@60b34931{STARTED} id=3 keys=0 selected=0 updates=0
22:22:08.546 [main] DEBUG o.e.j.u.component.AbstractLifeCycle - STARTED @3026ms SelectorManager@ServerConnector@ed91d8d{HTTP/1.1,[http/1.1]}{0.0.0.0:9998}
22:22:08.546 [main] DEBUG o.e.j.u.component.ContainerLifeCycle - ServerConnector@ed91d8d{HTTP/1.1,[http/1.1]}{0.0.0.0:9998} added {acceptor-0@707b1a44,POJO}
22:22:08.546 [main] DEBUG o.e.j.util.thread.QueuedThreadPool - queue acceptor-0@707b1a44
22:22:08.546 [qtp1996787860-81] DEBUG o.e.j.util.thread.QueuedThreadPool - run acceptor-0@707b1a44
22:22:08.548 [main] INFO  o.e.jetty.server.AbstractConnector - Started ServerConnector@ed91d8d{HTTP/1.1,[http/1.1]}{0.0.0.0:9998}
22:22:08.548 [main] DEBUG o.e.j.u.component.AbstractLifeCycle - STARTED @3027ms ServerConnector@ed91d8d{HTTP/1.1,[http/1.1]}{0.0.0.0:9998}
22:22:08.548 [main] INFO  org.eclipse.jetty.server.Server - Started @3028ms
22:22:08.548 [main] DEBUG o.e.j.u.component.AbstractLifeCycle - STARTED @3028ms Server@f88bfbe{STARTED}[9.4.17.v20190418]
22:22:08.582 [qtp1996787860-81-acceptor-0@707b1a44-ServerConnector@ed91d8d{HTTP/1.1,[http/1.1]}{0.0.0.0:9998}] DEBUG org.eclipse.jetty.io.ManagedSelector - Queued change org.eclipse.jetty.io.ManagedSelector$Accept@41d4f0af on ManagedSelector@80bfa9d{STARTED} id=1 keys=0 selected=0 updates=0
22:22:08.582 [qtp1996787860-81-acceptor-0@707b1a44-ServerConnector@ed91d8d{HTTP/1.1,[http/1.1]}{0.0.0.0:9998}] DEBUG org.eclipse.jetty.io.ManagedSelector - Wakeup on submit ManagedSelector@80bfa9d{STARTED} id=1 keys=0 selected=0 updates=1
22:22:08.582 [qtp1996787860-78] DEBUG org.eclipse.jetty.io.ManagedSelector - Selector sun.nio.ch.EPollSelectorImpl@2a0c9707 woken with none selected
22:22:08.582 [qtp1996787860-78] DEBUG org.eclipse.jetty.io.ManagedSelector - Selector sun.nio.ch.EPollSelectorImpl@2a0c9707 woken up from select, 0/0/0 selected
22:22:08.582 [qtp1996787860-78] DEBUG org.eclipse.jetty.io.ManagedSelector - Selector sun.nio.ch.EPollSelectorImpl@2a0c9707 processing 0 keys, 1 updates
22:22:08.582 [qtp1996787860-78] DEBUG org.eclipse.jetty.io.ManagedSelector - updateable 1
22:22:08.582 [qtp1996787860-78] DEBUG org.eclipse.jetty.io.ManagedSelector - update org.eclipse.jetty.io.ManagedSelector$Accept@41d4f0af
22:22:08.582 [qtp1996787860-78] DEBUG o.e.j.util.thread.QueuedThreadPool - queue org.eclipse.jetty.io.ManagedSelector$Accept@41d4f0af
22:22:08.582 [qtp1996787860-78] DEBUG org.eclipse.jetty.io.ManagedSelector - updates 0
22:22:08.582 [qtp1996787860-78] DEBUG org.eclipse.jetty.io.ManagedSelector - Selector sun.nio.ch.EPollSelectorImpl@2a0c9707 waiting with 1 keys
22:22:08.582 [qtp1996787860-82] DEBUG o.e.j.util.thread.QueuedThreadPool - run org.eclipse.jetty.io.ManagedSelector$Accept@41d4f0af
22:22:08.582 [qtp1996787860-82] DEBUG org.eclipse.jetty.io.IdleTimeout - SocketChannelEndPoint@6c49462a{/127.0.0.1:44206<->/127.0.0.1:9998,OPEN,fill=-,flush=-,to=0/30000}{io=0/0,kio=0,kro=0}-><null> idle timeout check, elapsed: 0 ms, remaining: 30000 ms
22:22:08.593 [qtp1996787860-82] DEBUG org.eclipse.jetty.server.HttpChannel - new HttpChannelOverHttp@66b12d5a{r=0,c=false,c=false/false,a=IDLE,uri=null,age=0} -> SocketChannelEndPoint@6c49462a{/127.0.0.1:44206<->/127.0.0.1:9998,OPEN,fill=-,flush=-,to=11/30000}{io=0/0,kio=0,kro=0}-><null>,null,HttpChannelState@23b3bfe8{s=IDLE a=NOT_ASYNC i=true r=IDLE w=false}
22:22:08.593 [qtp1996787860-82] DEBUG o.e.jetty.server.HttpConnection - New HTTP Connection HttpConnection@5edc5a2::SocketChannelEndPoint@6c49462a{/127.0.0.1:44206<->/127.0.0.1:9998,OPEN,fill=-,flush=-,to=11/30000}{io=0/0,kio=0,kro=0}-><null>
22:22:08.593 [qtp1996787860-82] DEBUG o.eclipse.jetty.io.AbstractEndPoint - onOpen SocketChannelEndPoint@6c49462a{/127.0.0.1:44206<->/127.0.0.1:9998,OPEN,fill=-,flush=-,to=11/30000}{io=0/0,kio=0,kro=0}->HttpConnection@5edc5a2[p=HttpParser{s=START,0 of -1},g=HttpGenerator@125ad8e1{s=START}]=>HttpChannelOverHttp@66b12d5a{r=0,c=false,c=false/false,a=IDLE,uri=null,age=0}
22:22:08.593 [qtp1996787860-82] DEBUG o.e.jetty.io.AbstractConnection - onOpen HttpConnection@5edc5a2::SocketChannelEndPoint@6c49462a{/127.0.0.1:44206<->/127.0.0.1:9998,OPEN,fill=-,flush=-,to=11/30000}{io=0/0,kio=0,kro=0}->HttpConnection@5edc5a2[p=HttpParser{s=START,0 of -1},g=HttpGenerator@125ad8e1{s=START}]=>HttpChannelOverHttp@66b12d5a{r=0,c=false,c=false/false,a=IDLE,uri=null,age=0}
22:22:08.593 [qtp1996787860-82] DEBUG o.e.jetty.io.AbstractConnection - fillInterested HttpConnection@5edc5a2::SocketChannelEndPoint@6c49462a{/127.0.0.1:44206<->/127.0.0.1:9998,OPEN,fill=-,flush=-,to=11/30000}{io=0/0,kio=0,kro=0}->HttpConnection@5edc5a2[p=HttpParser{s=START,0 of -1},g=HttpGenerator@125ad8e1{s=START}]=>HttpChannelOverHttp@66b12d5a{r=0,c=false,c=false/false,a=IDLE,uri=null,age=0}
22:22:08.593 [qtp1996787860-82] DEBUG org.eclipse.jetty.io.FillInterest - interested FillInterest@7deefc0d{AC.ReadCB@5edc5a2{HttpConnection@5edc5a2::SocketChannelEndPoint@6c49462a{/127.0.0.1:44206<->/127.0.0.1:9998,OPEN,fill=FI,flush=-,to=0/30000}{io=0/0,kio=0,kro=0}->HttpConnection@5edc5a2[p=HttpParser{s=START,0 of -1},g=HttpGenerator@125ad8e1{s=START}]=>HttpChannelOverHttp@66b12d5a{r=0,c=false,c=false/false,a=IDLE,uri=null,age=0}}}
22:22:08.593 [qtp1996787860-82] DEBUG org.eclipse.jetty.io.ChannelEndPoint - changeInterests p=false 0->1 for SocketChannelEndPoint@6c49462a{/127.0.0.1:44206<->/127.0.0.1:9998,OPEN,fill=FI,flush=-,to=0/30000}{io=0/1,kio=0,kro=0}->HttpConnection@5edc5a2[p=HttpParser{s=START,0 of -1},g=HttpGenerator@125ad8e1{s=START}]=>HttpChannelOverHttp@66b12d5a{r=0,c=false,c=false/false,a=IDLE,uri=null,age=0}
22:22:08.593 [qtp1996787860-82] DEBUG org.eclipse.jetty.io.ManagedSelector - Queued change org.eclipse.jetty.io.ChannelEndPoint$1@439c40a7 on ManagedSelector@80bfa9d{STARTED} id=1 keys=1 selected=0 updates=0
22:22:08.593 [qtp1996787860-82] DEBUG org.eclipse.jetty.io.ManagedSelector - Wakeup on submit ManagedSelector@80bfa9d{STARTED} id=1 keys=1 selected=0 updates=1
22:22:08.593 [qtp1996787860-82] DEBUG org.eclipse.jetty.io.ManagedSelector - Created SocketChannelEndPoint@6c49462a{/127.0.0.1:44206<->/127.0.0.1:9998,OPEN,fill=FI,flush=-,to=0/30000}{io=0/1,kio=0,kro=0}->HttpConnection@5edc5a2[p=HttpParser{s=START,0 of -1},g=HttpGenerator@125ad8e1{s=START}]=>HttpChannelOverHttp@66b12d5a{r=0,c=false,c=false/false,a=IDLE,uri=null,age=0}
22:22:08.593 [qtp1996787860-82] DEBUG o.e.j.util.thread.QueuedThreadPool - ran org.eclipse.jetty.io.ManagedSelector$Accept@41d4f0af
22:22:08.593 [qtp1996787860-78] DEBUG org.eclipse.jetty.io.ManagedSelector - Selector sun.nio.ch.EPollSelectorImpl@2a0c9707 woken with none selected
22:22:08.593 [qtp1996787860-78] DEBUG org.eclipse.jetty.io.ManagedSelector - Selector sun.nio.ch.EPollSelectorImpl@2a0c9707 woken up from select, 0/0/1 selected
22:22:08.593 [qtp1996787860-78] DEBUG org.eclipse.jetty.io.ManagedSelector - Selector sun.nio.ch.EPollSelectorImpl@2a0c9707 processing 0 keys, 1 updates
22:22:08.593 [qtp1996787860-78] DEBUG org.eclipse.jetty.io.ManagedSelector - updateable 1
22:22:08.593 [qtp1996787860-78] DEBUG org.eclipse.jetty.io.ManagedSelector - update org.eclipse.jetty.io.ChannelEndPoint$1@439c40a7
22:22:08.593 [qtp1996787860-78] DEBUG org.eclipse.jetty.io.ChannelEndPoint - Key interests updated 0 -> 1 on SocketChannelEndPoint@6c49462a{/127.0.0.1:44206<->/127.0.0.1:9998,OPEN,fill=FI,flush=-,to=0/30000}{io=1/1,kio=1,kro=0}->HttpConnection@5edc5a2[p=HttpParser{s=START,0 of -1},g=HttpGenerator@125ad8e1{s=START}]=>HttpChannelOverHttp@66b12d5a{r=0,c=false,c=false/false,a=IDLE,uri=null,age=0}
22:22:08.594 [qtp1996787860-78] DEBUG org.eclipse.jetty.io.ManagedSelector - updates 0
22:22:08.594 [qtp1996787860-78] DEBUG org.eclipse.jetty.io.ManagedSelector - Selector sun.nio.ch.EPollSelectorImpl@2a0c9707 waiting with 1 keys
22:22:08.594 [qtp1996787860-78] DEBUG org.eclipse.jetty.io.ManagedSelector - Selector sun.nio.ch.EPollSelectorImpl@2a0c9707 woken up from select, 1/1/1 selected
22:22:08.594 [qtp1996787860-78] DEBUG org.eclipse.jetty.io.ManagedSelector - Selector sun.nio.ch.EPollSelectorImpl@2a0c9707 processing 1 keys, 0 updates
22:22:08.594 [qtp1996787860-78] DEBUG org.eclipse.jetty.io.ManagedSelector - selected 1 sun.nio.ch.SelectionKeyImpl@24cb7c36 SocketChannelEndPoint@6c49462a{/127.0.0.1:44206<->/127.0.0.1:9998,OPEN,fill=FI,flush=-,to=1/30000}{io=1/1,kio=1,kro=1}->HttpConnection@5edc5a2[p=HttpParser{s=START,0 of -1},g=HttpGenerator@125ad8e1{s=START}]=>HttpChannelOverHttp@66b12d5a{r=0,c=false,c=false/false,a=IDLE,uri=null,age=0} 
22:22:08.594 [qtp1996787860-78] DEBUG org.eclipse.jetty.io.ChannelEndPoint - onSelected 1->0 r=true w=false for SocketChannelEndPoint@6c49462a{/127.0.0.1:44206<->/127.0.0.1:9998,OPEN,fill=FI,flush=-,to=1/30000}{io=1/0,kio=1,kro=1}->HttpConnection@5edc5a2[p=HttpParser{s=START,0 of -1},g=HttpGenerator@125ad8e1{s=START}]=>HttpChannelOverHttp@66b12d5a{r=0,c=false,c=false/false,a=IDLE,uri=null,age=0}
22:22:08.594 [qtp1996787860-78] DEBUG org.eclipse.jetty.io.ChannelEndPoint - task CEP:SocketChannelEndPoint@6c49462a{/127.0.0.1:44206<->/127.0.0.1:9998,OPEN,fill=FI,flush=-,to=1/30000}{io=1/0,kio=1,kro=1}->HttpConnection@5edc5a2[p=HttpParser{s=START,0 of -1},g=HttpGenerator@125ad8e1{s=START}]=>HttpChannelOverHttp@66b12d5a{r=0,c=false,c=false/false,a=IDLE,uri=null,age=0}:runFillable:BLOCKING
22:22:08.594 [qtp1996787860-78] DEBUG o.e.j.u.t.ReservedThreadExecutor - ReservedThreadExecutor@797c3c3b{s=0/8,p=0} tryExecute EatWhatYouKill@53abfc07/SelectorProducer@2c8c16c0/PRODUCING/p=false/JettyConnectorThreadPool[qtp1996787860]@77049094{STARTED,8<=8<=200,i=3,q=0}[ReservedThreadExecutor@797c3c3b{s=0/8,p=0}][pc=0,pic=0,pec=0,epc=0]@2020-09-27T22:22:08.594+01:00
22:22:08.594 [qtp1996787860-78] DEBUG o.e.j.u.t.ReservedThreadExecutor - ReservedThreadExecutor@797c3c3b{s=0/8,p=1} startReservedThread p=1
22:22:08.594 [qtp1996787860-78] DEBUG o.e.j.util.thread.QueuedThreadPool - queue ReservedThreadExecutor@797c3c3b{s=0/8,p=1}@20f4fc77
22:22:08.594 [qtp1996787860-83] DEBUG o.e.j.util.thread.QueuedThreadPool - run ReservedThreadExecutor@797c3c3b{s=0/8,p=1}@20f4fc77
22:22:08.594 [qtp1996787860-83] DEBUG o.e.j.u.t.ReservedThreadExecutor - ReservedThreadExecutor@797c3c3b{s=1/8,p=1}@20f4fc77 started
22:22:08.594 [qtp1996787860-78] DEBUG o.e.j.u.t.strategy.EatWhatYouKill - EatWhatYouKill@53abfc07/SelectorProducer@2c8c16c0/PRODUCING/p=false/JettyConnectorThreadPool[qtp1996787860]@77049094{STARTED,8<=8<=200,i=3,q=0}[ReservedThreadExecutor@797c3c3b{s=0/8,p=1}][pc=0,pic=0,pec=0,epc=0]@2020-09-27T22:22:08.594+01:00 m=PRODUCE_EXECUTE_CONSUME t=CEP:SocketChannelEndPoint@6c49462a{/127.0.0.1:44206<->/127.0.0.1:9998,OPEN,fill=FI,flush=-,to=1/30000}{io=1/0,kio=1,kro=1}->HttpConnection@5edc5a2[p=HttpParser{s=START,0 of -1},g=HttpGenerator@125ad8e1{s=START}]=>HttpChannelOverHttp@66b12d5a{r=0,c=false,c=false/false,a=IDLE,uri=null,age=0}:runFillable:BLOCKING/BLOCKING
22:22:08.594 [qtp1996787860-83] DEBUG o.e.j.u.t.ReservedThreadExecutor - ReservedThreadExecutor@797c3c3b{s=1/8,p=0}@20f4fc77 waiting
22:22:08.594 [qtp1996787860-78] DEBUG o.e.j.util.thread.QueuedThreadPool - queue CEP:SocketChannelEndPoint@6c49462a{/127.0.0.1:44206<->/127.0.0.1:9998,OPEN,fill=FI,flush=-,to=1/30000}{io=1/0,kio=1,kro=1}->HttpConnection@5edc5a2[p=HttpParser{s=START,0 of -1},g=HttpGenerator@125ad8e1{s=START}]=>HttpChannelOverHttp@66b12d5a{r=0,c=false,c=false/false,a=IDLE,uri=null,age=0}:runFillable:BLOCKING
22:22:08.594 [qtp1996787860-78] DEBUG org.eclipse.jetty.io.ManagedSelector - updateable 0
22:22:08.594 [qtp1996787860-78] DEBUG org.eclipse.jetty.io.ManagedSelector - updates 0
22:22:08.594 [qtp1996787860-78] DEBUG org.eclipse.jetty.io.ChannelEndPoint - Key interests updated 1 -> 0 on SocketChannelEndPoint@6c49462a{/127.0.0.1:44206<->/127.0.0.1:9998,OPEN,fill=FI,flush=-,to=1/30000}{io=0/0,kio=0,kro=1}->HttpConnection@5edc5a2[p=HttpParser{s=START,0 of -1},g=HttpGenerator@125ad8e1{s=START}]=>HttpChannelOverHttp@66b12d5a{r=0,c=false,c=false/false,a=IDLE,uri=null,age=0}
22:22:08.594 [qtp1996787860-84] DEBUG o.e.j.util.thread.QueuedThreadPool - run CEP:SocketChannelEndPoint@6c49462a{/127.0.0.1:44206<->/127.0.0.1:9998,OPEN,fill=FI,flush=-,to=1/30000}{io=0/0,kio=0,kro=1}->HttpConnection@5edc5a2[p=HttpParser{s=START,0 of -1},g=HttpGenerator@125ad8e1{s=START}]=>HttpChannelOverHttp@66b12d5a{r=0,c=false,c=false/false,a=IDLE,uri=null,age=0}:runFillable:BLOCKING
22:22:08.594 [qtp1996787860-84] DEBUG org.eclipse.jetty.io.FillInterest - fillable FillInterest@7deefc0d{AC.ReadCB@5edc5a2{HttpConnection@5edc5a2::SocketChannelEndPoint@6c49462a{/127.0.0.1:44206<->/127.0.0.1:9998,OPEN,fill=FI,flush=-,to=1/30000}{io=0/0,kio=0,kro=1}->HttpConnection@5edc5a2[p=HttpParser{s=START,0 of -1},g=HttpGenerator@125ad8e1{s=START}]=>HttpChannelOverHttp@66b12d5a{r=0,c=false,c=false/false,a=IDLE,uri=null,age=0}}}
22:22:08.594 [qtp1996787860-84] DEBUG o.e.jetty.server.HttpConnection - HttpConnection@5edc5a2::SocketChannelEndPoint@6c49462a{/127.0.0.1:44206<->/127.0.0.1:9998,OPEN,fill=-,flush=-,to=1/30000}{io=0/0,kio=0,kro=1}->HttpConnection@5edc5a2[p=HttpParser{s=START,0 of -1},g=HttpGenerator@125ad8e1{s=START}]=>HttpChannelOverHttp@66b12d5a{r=0,c=false,c=false/false,a=IDLE,uri=null,age=0} onFillable enter HttpChannelState@23b3bfe8{s=IDLE a=NOT_ASYNC i=true r=IDLE w=false} null
22:22:08.594 [qtp1996787860-84] DEBUG org.eclipse.jetty.io.ChannelEndPoint - filled 311 HeapByteBuffer@66d41cda[p=0,l=311,c=8192,r=311]={<<<PUT /contact HTTP...+39 02 123456"}>>>\x00\x00\x00\x00\x00\x00\x00\x00\x00\x00\x00\x00\x00\x00\x00\x00\x00...\x00\x00\x00\x00\x00\x00\x00\x00\x00\x00\x00\x00\x00\x00\x00}
22:22:08.595 [qtp1996787860-84] DEBUG o.e.jetty.server.HttpConnection - HttpConnection@5edc5a2::SocketChannelEndPoint@6c49462a{/127.0.0.1:44206<->/127.0.0.1:9998,OPEN,fill=-,flush=-,to=1/30000}{io=0/0,kio=0,kro=1}->HttpConnection@5edc5a2[p=HttpParser{s=START,0 of -1},g=HttpGenerator@125ad8e1{s=START}]=>HttpChannelOverHttp@66b12d5a{r=0,c=false,c=false/false,a=IDLE,uri=null,age=0} filled 311 HeapByteBuffer@66d41cda[p=0,l=311,c=8192,r=311]={<<<PUT /contact HTTP...+39 02 123456"}>>>\x00\x00\x00\x00\x00\x00\x00\x00\x00\x00\x00\x00\x00\x00\x00\x00\x00...\x00\x00\x00\x00\x00\x00\x00\x00\x00\x00\x00\x00\x00\x00\x00}
22:22:08.595 [qtp1996787860-84] DEBUG o.e.jetty.server.HttpConnection - HttpConnection@5edc5a2::SocketChannelEndPoint@6c49462a{/127.0.0.1:44206<->/127.0.0.1:9998,OPEN,fill=-,flush=-,to=1/30000}{io=0/0,kio=0,kro=1}->HttpConnection@5edc5a2[p=HttpParser{s=START,0 of -1},g=HttpGenerator@125ad8e1{s=START}]=>HttpChannelOverHttp@66b12d5a{r=0,c=false,c=false/false,a=IDLE,uri=null,age=0} parse HeapByteBuffer@66d41cda[p=0,l=311,c=8192,r=311]={<<<PUT /contact HTTP...+39 02 123456"}>>>\x00\x00\x00\x00\x00\x00\x00\x00\x00\x00\x00\x00\x00\x00\x00\x00\x00...\x00\x00\x00\x00\x00\x00\x00\x00\x00\x00\x00\x00\x00\x00\x00} {}
22:22:08.595 [qtp1996787860-84] DEBUG org.eclipse.jetty.http.HttpParser - parseNext s=START HeapByteBuffer@66d41cda[p=0,l=311,c=8192,r=311]={<<<PUT /contact HTTP...+39 02 123456"}>>>\x00\x00\x00\x00\x00\x00\x00\x00\x00\x00\x00\x00\x00\x00\x00\x00\x00...\x00\x00\x00\x00\x00\x00\x00\x00\x00\x00\x00\x00\x00\x00\x00}
22:22:08.595 [qtp1996787860-84] DEBUG org.eclipse.jetty.http.HttpParser - START --> SPACE1
22:22:08.595 [qtp1996787860-84] DEBUG org.eclipse.jetty.http.HttpParser - SPACE1 --> URI
22:22:08.595 [qtp1996787860-84] DEBUG org.eclipse.jetty.http.HttpParser - URI --> SPACE2
22:22:08.595 [qtp1996787860-84] DEBUG org.eclipse.jetty.http.HttpParser - SPACE2 --> REQUEST_VERSION
22:22:08.595 [qtp1996787860-84] DEBUG org.eclipse.jetty.http.HttpParser - REQUEST_VERSION --> HEADER
22:22:08.595 [qtp1996787860-84] DEBUG org.eclipse.jetty.http.HttpParser - HEADER:Content-Type: application/json --> IN_VALUE
22:22:08.595 [qtp1996787860-84] DEBUG org.eclipse.jetty.http.HttpParser - HEADER:Content-Type: application/json --> FIELD
22:22:08.595 [qtp1996787860-84] DEBUG org.eclipse.jetty.http.HttpParser - HEADER:User-Agent --> VALUE
22:22:08.595 [qtp1996787860-84] DEBUG org.eclipse.jetty.http.HttpParser - HEADER:User-Agent --> IN_VALUE
22:22:08.595 [qtp1996787860-84] DEBUG org.eclipse.jetty.http.HttpParser - HEADER:User-Agent --> FIELD
22:22:08.595 [qtp1996787860-84] DEBUG org.eclipse.jetty.http.HttpParser - HEADER:Host --> VALUE
22:22:08.595 [qtp1996787860-84] DEBUG org.eclipse.jetty.http.HttpParser - HEADER:Host --> IN_VALUE
22:22:08.595 [qtp1996787860-84] DEBUG org.eclipse.jetty.http.HttpParser - HEADER:Host --> FIELD
22:22:08.595 [qtp1996787860-84] DEBUG org.eclipse.jetty.http.HttpParser - HEADER:Accept --> VALUE
22:22:08.595 [qtp1996787860-84] DEBUG org.eclipse.jetty.http.HttpParser - HEADER:Accept --> IN_VALUE
22:22:08.595 [qtp1996787860-84] DEBUG org.eclipse.jetty.http.HttpParser - HEADER:Accept --> FIELD
22:22:08.595 [qtp1996787860-84] DEBUG org.eclipse.jetty.http.HttpParser - HEADER:Connection: keep-alive --> IN_VALUE
22:22:08.595 [qtp1996787860-84] DEBUG org.eclipse.jetty.http.HttpParser - HEADER:Connection: keep-alive --> FIELD
22:22:08.595 [qtp1996787860-84] DEBUG org.eclipse.jetty.http.HttpParser - HEADER:Content-Length --> VALUE
22:22:08.595 [qtp1996787860-84] DEBUG org.eclipse.jetty.http.HttpParser - HEADER:Content-Length --> IN_VALUE
22:22:08.595 [qtp1996787860-84] DEBUG org.eclipse.jetty.http.HttpParser - HEADER:Content-Length --> FIELD
22:22:08.595 [qtp1996787860-84] DEBUG org.eclipse.jetty.http.HttpParser - HEADER --> CONTENT
22:22:08.595 [qtp1996787860-84] DEBUG org.eclipse.jetty.server.HttpChannel - REQUEST for //localhost:9998/contact on HttpChannelOverHttp@66b12d5a{r=1,c=false,c=false/false,a=IDLE,uri=//localhost:9998/contact,age=0}
PUT //localhost:9998/contact HTTP/1.1
Content-Type: application/json
User-Agent: Jersey/2.30.1 (HttpUrlConnection 1.8.0_265)
Host: localhost:9998
Accept: text/html, image/gif, image/jpeg, *; q=.2, */*; q=.2
Connection: keep-alive
Content-Length: 69


22:22:08.595 [qtp1996787860-84] DEBUG o.e.jetty.server.HttpConnection - HttpConnection@5edc5a2::SocketChannelEndPoint@6c49462a{/127.0.0.1:44206<->/127.0.0.1:9998,OPEN,fill=-,flush=-,to=1/30000}{io=0/0,kio=0,kro=1}->HttpConnection@5edc5a2[p=HttpParser{s=CONTENT,0 of 69},g=HttpGenerator@125ad8e1{s=START}]=>HttpChannelOverHttp@66b12d5a{r=1,c=false,c=false/false,a=IDLE,uri=//localhost:9998/contact,age=0} parsed true HttpParser{s=CONTENT,0 of 69}
22:22:08.595 [qtp1996787860-84] DEBUG org.eclipse.jetty.server.HttpChannel - HttpChannelOverHttp@66b12d5a{r=1,c=false,c=false/false,a=IDLE,uri=//localhost:9998/contact,age=0} handle //localhost:9998/contact 
22:22:08.595 [qtp1996787860-84] DEBUG o.e.jetty.server.HttpChannelState - handling HttpChannelState@23b3bfe8{s=IDLE a=NOT_ASYNC i=true r=IDLE w=false}
22:22:08.595 [qtp1996787860-84] DEBUG org.eclipse.jetty.server.HttpChannel - HttpChannelOverHttp@66b12d5a{r=1,c=false,c=false/false,a=DISPATCHED,uri=//localhost:9998/contact,age=0} action DISPATCH
22:22:08.595 [qtp1996787860-84] DEBUG org.eclipse.jetty.server.Server - REQUEST PUT /contact on HttpChannelOverHttp@66b12d5a{r=1,c=false,c=false/false,a=DISPATCHED,uri=//localhost:9998/contact,age=0}
22:22:08.594 [qtp1996787860-78] DEBUG org.eclipse.jetty.io.ManagedSelector - Selector sun.nio.ch.EPollSelectorImpl@2a0c9707 waiting with 1 keys
22:22:08.597 [qtp1996787860-84] DEBUG o.e.jetty.server.HttpConnection - HttpConnection@5edc5a2::SocketChannelEndPoint@6c49462a{/127.0.0.1:44206<->/127.0.0.1:9998,OPEN,fill=-,flush=-,to=3/30000}{io=0/0,kio=0,kro=1}->HttpConnection@5edc5a2[p=HttpParser{s=CONTENT,0 of 69},g=HttpGenerator@125ad8e1{s=START}]=>HttpChannelOverHttp@66b12d5a{r=1,c=false,c=false/false,a=DISPATCHED,uri=//localhost:9998/contact,age=2} parse HeapByteBuffer@66d41cda[p=242,l=311,c=8192,r=69]={PUT /contact HTTP...-Length: 69\r\n\r\n<<<{"firstName":"Ric...+39 02 123456"}>>>\x00\x00\x00\x00\x00\x00\x00\x00\x00\x00\x00\x00\x00\x00\x00\x00\x00...\x00\x00\x00\x00\x00\x00\x00\x00\x00\x00\x00\x00\x00\x00\x00} {}
22:22:08.597 [qtp1996787860-84] DEBUG org.eclipse.jetty.http.HttpParser - parseNext s=CONTENT HeapByteBuffer@66d41cda[p=242,l=311,c=8192,r=69]={PUT /contact HTTP...-Length: 69\r\n\r\n<<<{"firstName":"Ric...+39 02 123456"}>>>\x00\x00\x00\x00\x00\x00\x00\x00\x00\x00\x00\x00\x00\x00\x00\x00\x00...\x00\x00\x00\x00\x00\x00\x00\x00\x00\x00\x00\x00\x00\x00\x00}
22:22:08.597 [qtp1996787860-84] DEBUG org.eclipse.jetty.server.HttpChannel - HttpChannelOverHttp@66b12d5a{r=1,c=false,c=false/false,a=DISPATCHED,uri=//localhost:9998/contact,age=2} onContent Content@184d9c9d{HeapByteBufferR@17d33919[p=242,l=311,c=8192,r=69]={PUT /contact HTTP...-Length: 69\r\n\r\n<<<{"firstName":"Ric...+39 02 123456"}>>>\x00\x00\x00\x00\x00\x00\x00\x00\x00\x00\x00\x00\x00\x00\x00\x00\x00...\x00\x00\x00\x00\x00\x00\x00\x00\x00\x00\x00\x00\x00\x00\x00}}
22:22:08.598 [qtp1996787860-84] DEBUG org.eclipse.jetty.server.HttpInput - HttpInputOverHTTP@49010b04[c=0,q=0,[0]=null,s=STREAM] addContent Content@184d9c9d{HeapByteBufferR@17d33919[p=242,l=311,c=8192,r=69]={PUT /contact HTTP...-Length: 69\r\n\r\n<<<{"firstName":"Ric...+39 02 123456"}>>>\x00\x00\x00\x00\x00\x00\x00\x00\x00\x00\x00\x00\x00\x00\x00\x00\x00...\x00\x00\x00\x00\x00\x00\x00\x00\x00\x00\x00\x00\x00\x00\x00}}
22:22:08.598 [qtp1996787860-84] DEBUG org.eclipse.jetty.http.HttpParser - CONTENT --> END
22:22:08.598 [qtp1996787860-84] DEBUG org.eclipse.jetty.server.HttpChannel - HttpChannelOverHttp@66b12d5a{r=1,c=false,c=false/false,a=DISPATCHED,uri=//localhost:9998/contact,age=3} onContentComplete
22:22:08.598 [qtp1996787860-84] DEBUG org.eclipse.jetty.server.HttpChannel - HttpChannelOverHttp@66b12d5a{r=1,c=false,c=false/false,a=DISPATCHED,uri=//localhost:9998/contact,age=3} onRequestComplete
22:22:08.598 [qtp1996787860-84] DEBUG org.eclipse.jetty.server.HttpInput - HttpInputOverHTTP@49010b04[c=0,q=1,[0]=EOF,s=STREAM] addContent EOF
22:22:08.598 [qtp1996787860-84] DEBUG o.e.jetty.server.HttpConnection - HttpConnection@5edc5a2::SocketChannelEndPoint@6c49462a{/127.0.0.1:44206<->/127.0.0.1:9998,OPEN,fill=-,flush=-,to=4/30000}{io=0/0,kio=0,kro=1}->HttpConnection@5edc5a2[p=HttpParser{s=END,69 of 69},g=HttpGenerator@125ad8e1{s=START}]=>HttpChannelOverHttp@66b12d5a{r=1,c=false,c=false/false,a=DISPATCHED,uri=//localhost:9998/contact,age=3} parsed false HttpParser{s=END,69 of 69}
22:22:08.598 [qtp1996787860-84] DEBUG org.eclipse.jetty.server.HttpInput - HttpInputOverHTTP@49010b04[c=69,q=1,[0]=EOF,s=STREAM] read 69 from Content@184d9c9d{HeapByteBufferR@17d33919[p=311,l=311,c=8192,r=0]={PUT /contact HTTP...+39 02 123456"}<<<>>>\x00\x00\x00\x00\x00\x00\x00\x00\x00\x00\x00\x00\x00\x00\x00\x00\x00...\x00\x00\x00\x00\x00\x00\x00\x00\x00\x00\x00\x00\x00\x00\x00}}
22:22:08.598 [qtp1996787860-84] DEBUG o.e.jetty.server.HttpConnection - releaseRequestBuffer HttpConnection@5edc5a2::SocketChannelEndPoint@6c49462a{/127.0.0.1:44206<->/127.0.0.1:9998,OPEN,fill=-,flush=-,to=4/30000}{io=0/0,kio=0,kro=1}->HttpConnection@5edc5a2[p=HttpParser{s=END,69 of 69},g=HttpGenerator@125ad8e1{s=START}]=>HttpChannelOverHttp@66b12d5a{r=1,c=false,c=false/false,a=DISPATCHED,uri=//localhost:9998/contact,age=3}
22:22:08.604 [qtp1996787860-84] INFO  c.b.p.s.mysql.ContactStorageMysql - [ContactResource] Update PhoneNumber{firstName='Rick', lastName='Morty', number='+39 02 123456'}
22:22:08.634 [qtp1996787860-84] DEBUG org.eclipse.jetty.server.HttpChannel - sendResponse info=null content=DirectByteBuffer@4d4fb6ac[p=0,l=69,c=32768,r=69]={<<<{"firstName":"Ric...+39 02 123456"}>>>\x00\x00\x00\x00\x00\x00\x00\x00\x00\x00\x00\x00\x00\x00\x00\x00\x00...\x00\x00\x00\x00\x00\x00\x00\x00\x00\x00\x00\x00\x00\x00\x00} complete=false committing=true callback=Blocker@44bda0f2{null}
22:22:08.635 [qtp1996787860-84] DEBUG org.eclipse.jetty.server.HttpChannel - COMMIT for /contact on HttpChannelOverHttp@66b12d5a{r=1,c=true,c=false/false,a=DISPATCHED,uri=//localhost:9998/contact,age=40}
200 OK HTTP/1.1
Date: Sun, 27 Sep 2020 21:22:08 GMT
Content-Type: application/json


22:22:08.635 [qtp1996787860-84] DEBUG o.e.jetty.server.HttpConnection - org.eclipse.jetty.server.HttpConnection$SendCallback@579160ab[PROCESSING][i=HTTP/1.1{s=200,h=2,cl=-1},cb=org.eclipse.jetty.server.HttpChannel$SendCallback@65dc085d] generate: NEED_HEADER (null,[p=0,l=69,c=32768,r=69],false)@START
22:22:08.635 [qtp1996787860-84] DEBUG org.eclipse.jetty.http.HttpGenerator - generateHeaders HTTP/1.1{s=200,h=2,cl=-1} last=false content=DirectByteBuffer@4d4fb6ac[p=0,l=69,c=32768,r=69]={<<<{"firstName":"Ric...+39 02 123456"}>>>\x00\x00\x00\x00\x00\x00\x00\x00\x00\x00\x00\x00\x00\x00\x00\x00\x00...\x00\x00\x00\x00\x00\x00\x00\x00\x00\x00\x00\x00\x00\x00\x00}
22:22:08.635 [qtp1996787860-84] DEBUG org.eclipse.jetty.http.HttpGenerator - Date: Sun, 27 Sep 2020 21:22:08 GMT
Content-Type: application/json


22:22:08.635 [qtp1996787860-84] DEBUG org.eclipse.jetty.http.HttpGenerator - CHUNKED_CONTENT
22:22:08.635 [qtp1996787860-84] DEBUG o.e.jetty.server.HttpConnection - org.eclipse.jetty.server.HttpConnection$SendCallback@579160ab[PROCESSING][i=HTTP/1.1{s=200,h=2,cl=-1},cb=org.eclipse.jetty.server.HttpChannel$SendCallback@65dc085d] generate: FLUSH ([p=0,l=153,c=8192,r=153],[p=0,l=69,c=32768,r=69],false)@COMMITTED
22:22:08.635 [qtp1996787860-84] DEBUG org.eclipse.jetty.io.WriteFlusher - write: WriteFlusher@5516289c{IDLE}->null [HeapByteBuffer@66d41cda[p=0,l=153,c=8192,r=153]={<<<HTTP/1.1 200 OK\r\n...190418)\r\n\r\n45\r\n>>>image/gif, image/...\x00\x00\x00\x00\x00\x00\x00\x00\x00\x00\x00\x00\x00\x00\x00},DirectByteBuffer@4d4fb6ac[p=0,l=69,c=32768,r=69]={<<<{"firstName":"Ric...+39 02 123456"}>>>\x00\x00\x00\x00\x00\x00\x00\x00\x00\x00\x00\x00\x00\x00\x00\x00\x00...\x00\x00\x00\x00\x00\x00\x00\x00\x00\x00\x00\x00\x00\x00\x00}]
22:22:08.635 [qtp1996787860-84] DEBUG org.eclipse.jetty.io.WriteFlusher - update WriteFlusher@5516289c{WRITING}->null:IDLE-->WRITING
22:22:08.636 [qtp1996787860-84] DEBUG org.eclipse.jetty.io.ChannelEndPoint - flushed 222 SocketChannelEndPoint@6c49462a{/127.0.0.1:44206<->/127.0.0.1:9998,OPEN,fill=-,flush=W,to=42/30000}{io=0/0,kio=0,kro=1}->HttpConnection@5edc5a2[p=HttpParser{s=END,69 of 69},g=HttpGenerator@125ad8e1{s=COMMITTED}]=>HttpChannelOverHttp@66b12d5a{r=1,c=true,c=false/false,a=DISPATCHED,uri=//localhost:9998/contact,age=41}
22:22:08.636 [qtp1996787860-84] DEBUG org.eclipse.jetty.io.WriteFlusher - Flushed=true written=222 remaining=0 WriteFlusher@5516289c{WRITING}->null
22:22:08.636 [qtp1996787860-84] DEBUG org.eclipse.jetty.io.WriteFlusher - update WriteFlusher@5516289c{IDLE}->null:WRITING-->IDLE
22:22:08.636 [qtp1996787860-84] DEBUG o.e.jetty.server.HttpConnection - org.eclipse.jetty.server.HttpConnection$SendCallback@579160ab[PROCESSING][i=HTTP/1.1{s=200,h=2,cl=-1},cb=org.eclipse.jetty.server.HttpChannel$SendCallback@65dc085d] generate: DONE ([p=153,l=153,c=8192,r=0],[p=69,l=69,c=32768,r=0],false)@COMMITTED
22:22:08.639 [qtp1996787860-84] DEBUG org.eclipse.jetty.server.HttpChannel - sendResponse info=null content=HeapByteBuffer@735eb462[p=0,l=0,c=0,r=0]={<<<>>>} complete=false committing=false callback=Blocker@44bda0f2{null}
22:22:08.639 [qtp1996787860-84] DEBUG org.eclipse.jetty.server.HttpChannel - sendResponse info=null content=HeapByteBuffer@735eb462[p=0,l=0,c=0,r=0]={<<<>>>} complete=false committing=false callback=Blocker@44bda0f2{null}
22:22:08.639 [qtp1996787860-84] DEBUG org.eclipse.jetty.server.HttpChannel - sendResponse info=null content=HeapByteBuffer@735eb462[p=0,l=0,c=0,r=0]={<<<>>>} complete=true committing=false callback=Blocker@44bda0f2{null}
22:22:08.639 [qtp1996787860-84] DEBUG o.e.jetty.server.HttpConnection - org.eclipse.jetty.server.HttpConnection$SendCallback@579160ab[PROCESSING][i=null,cb=org.eclipse.jetty.server.HttpChannel$SendCallback@7c85a8fc] generate: CONTINUE (null,[p=0,l=0,c=0,r=0],true)@COMPLETING
22:22:08.639 [qtp1996787860-84] DEBUG o.e.jetty.server.HttpConnection - org.eclipse.jetty.server.HttpConnection$SendCallback@579160ab[PROCESSING][i=null,cb=org.eclipse.jetty.server.HttpChannel$SendCallback@7c85a8fc] generate: NEED_CHUNK (null,[p=0,l=0,c=0,r=0],true)@COMPLETING
22:22:08.639 [qtp1996787860-84] DEBUG o.e.jetty.server.HttpConnection - org.eclipse.jetty.server.HttpConnection$SendCallback@579160ab[PROCESSING][i=null,cb=org.eclipse.jetty.server.HttpChannel$SendCallback@7c85a8fc] generate: FLUSH (null,[p=0,l=0,c=0,r=0],true)@COMPLETING
22:22:08.639 [qtp1996787860-84] DEBUG org.eclipse.jetty.io.WriteFlusher - write: WriteFlusher@5516289c{IDLE}->null [HeapByteBuffer@20cd0bff[p=0,l=7,c=1024,r=7]={<<<\r\n0\r\n\r\n>>>\x00\x00\x00\x00\x00\x00\x00\x00\x00\x00\x00\x00\x00\x00\x00\x00\x00...\x00\x00\x00\x00\x00\x00\x00\x00\x00\x00\x00\x00\x00\x00\x00}]
22:22:08.639 [qtp1996787860-84] DEBUG org.eclipse.jetty.io.WriteFlusher - update WriteFlusher@5516289c{WRITING}->null:IDLE-->WRITING
22:22:08.639 [qtp1996787860-84] DEBUG org.eclipse.jetty.io.ChannelEndPoint - flushed 7 SocketChannelEndPoint@6c49462a{/127.0.0.1:44206<->/127.0.0.1:9998,OPEN,fill=-,flush=W,to=3/30000}{io=0/0,kio=0,kro=1}->HttpConnection@5edc5a2[p=HttpParser{s=END,69 of 69},g=HttpGenerator@125ad8e1{s=COMPLETING}]=>HttpChannelOverHttp@66b12d5a{r=1,c=true,c=false/false,a=DISPATCHED,uri=//localhost:9998/contact,age=44}
22:22:08.639 [qtp1996787860-84] DEBUG org.eclipse.jetty.io.WriteFlusher - Flushed=true written=7 remaining=0 WriteFlusher@5516289c{WRITING}->null
22:22:08.639 [qtp1996787860-84] DEBUG org.eclipse.jetty.io.WriteFlusher - update WriteFlusher@5516289c{IDLE}->null:WRITING-->IDLE
22:22:08.639 [qtp1996787860-84] DEBUG o.e.jetty.server.HttpConnection - org.eclipse.jetty.server.HttpConnection$SendCallback@579160ab[PROCESSING][i=null,cb=org.eclipse.jetty.server.HttpChannel$SendCallback@7c85a8fc] generate: DONE (null,[p=0,l=0,c=0,r=0],true)@END
22:22:08.639 [qtp1996787860-84] DEBUG org.eclipse.jetty.server.Server - handled=true async=false committed=true on HttpChannelOverHttp@66b12d5a{r=1,c=true,c=false/true,a=DISPATCHED,uri=//localhost:9998/contact,age=44}
22:22:08.639 [qtp1996787860-84] DEBUG o.e.jetty.server.HttpChannelState - unhandle HttpChannelState@23b3bfe8{s=DISPATCHED a=NOT_ASYNC i=true r=IDLE w=false}
22:22:08.639 [qtp1996787860-84] DEBUG org.eclipse.jetty.server.HttpChannel - HttpChannelOverHttp@66b12d5a{r=1,c=true,c=false/true,a=COMPLETING,uri=//localhost:9998/contact,age=44} action COMPLETE
22:22:08.659 [qtp1996787860-84] DEBUG o.e.jetty.server.HttpChannelState - onComplete HttpChannelState@23b3bfe8{s=COMPLETING a=NOT_ASYNC i=false r=IDLE w=false}
22:22:08.659 [qtp1996787860-84] DEBUG org.eclipse.jetty.server.HttpChannel - COMPLETE for /contact written=69
22:22:08.659 [qtp1996787860-84] DEBUG o.e.jetty.server.HttpChannelState - recycle HttpChannelState@23b3bfe8{s=COMPLETED a=NOT_ASYNC i=false r=IDLE w=false}
22:22:08.659 [qtp1996787860-84] DEBUG org.eclipse.jetty.http.HttpParser - reset HttpParser{s=END,69 of 69}
22:22:08.659 [qtp1996787860-84] DEBUG org.eclipse.jetty.http.HttpParser - END --> START
22:22:08.659 [qtp1996787860-84] DEBUG org.eclipse.jetty.server.HttpChannel - HttpChannelOverHttp@66b12d5a{r=1,c=false,c=false/false,a=IDLE,uri=null,age=0} handle exit, result COMPLETE
22:22:08.660 [qtp1996787860-84] DEBUG org.eclipse.jetty.io.ChannelEndPoint - filled 0 HeapByteBuffer@66d41cda[p=0,l=0,c=8192,r=0]={<<<>>>HTTP/1.1 200 OK\r\n...\x00\x00\x00\x00\x00\x00\x00\x00\x00\x00\x00\x00\x00\x00\x00}
22:22:08.660 [qtp1996787860-84] DEBUG org.eclipse.jetty.io.ChannelEndPoint - filled 0 HeapByteBuffer@66d41cda[p=0,l=0,c=8192,r=0]={<<<>>>HTTP/1.1 200 OK\r\n...\x00\x00\x00\x00\x00\x00\x00\x00\x00\x00\x00\x00\x00\x00\x00}
22:22:08.660 [qtp1996787860-84] DEBUG o.e.jetty.server.HttpConnection - HttpConnection@5edc5a2::SocketChannelEndPoint@6c49462a{/127.0.0.1:44206<->/127.0.0.1:9998,OPEN,fill=-,flush=-,to=21/30000}{io=0/0,kio=0,kro=1}->HttpConnection@5edc5a2[p=HttpParser{s=START,0 of -1},g=HttpGenerator@125ad8e1{s=START}]=>HttpChannelOverHttp@66b12d5a{r=1,c=false,c=false/false,a=IDLE,uri=null,age=0} filled 0 HeapByteBuffer@66d41cda[p=0,l=0,c=8192,r=0]={<<<>>>HTTP/1.1 200 OK\r\n...\x00\x00\x00\x00\x00\x00\x00\x00\x00\x00\x00\x00\x00\x00\x00}
22:22:08.660 [qtp1996787860-84] DEBUG o.e.jetty.server.HttpConnection - HttpConnection@5edc5a2::SocketChannelEndPoint@6c49462a{/127.0.0.1:44206<->/127.0.0.1:9998,OPEN,fill=-,flush=-,to=21/30000}{io=0/0,kio=0,kro=1}->HttpConnection@5edc5a2[p=HttpParser{s=START,0 of -1},g=HttpGenerator@125ad8e1{s=START}]=>HttpChannelOverHttp@66b12d5a{r=1,c=false,c=false/false,a=IDLE,uri=null,age=0} parse HeapByteBuffer@66d41cda[p=0,l=0,c=8192,r=0]={<<<>>>HTTP/1.1 200 OK\r\n...\x00\x00\x00\x00\x00\x00\x00\x00\x00\x00\x00\x00\x00\x00\x00} {}
22:22:08.660 [qtp1996787860-84] DEBUG org.eclipse.jetty.http.HttpParser - parseNext s=START HeapByteBuffer@66d41cda[p=0,l=0,c=8192,r=0]={<<<>>>HTTP/1.1 200 OK\r\n...\x00\x00\x00\x00\x00\x00\x00\x00\x00\x00\x00\x00\x00\x00\x00}
22:22:08.660 [qtp1996787860-84] DEBUG o.e.jetty.server.HttpConnection - HttpConnection@5edc5a2::SocketChannelEndPoint@6c49462a{/127.0.0.1:44206<->/127.0.0.1:9998,OPEN,fill=-,flush=-,to=21/30000}{io=0/0,kio=0,kro=1}->HttpConnection@5edc5a2[p=HttpParser{s=START,0 of -1},g=HttpGenerator@125ad8e1{s=START}]=>HttpChannelOverHttp@66b12d5a{r=1,c=false,c=false/false,a=IDLE,uri=null,age=0} parsed false HttpParser{s=START,0 of -1}
22:22:08.660 [qtp1996787860-84] DEBUG o.e.jetty.server.HttpConnection - releaseRequestBuffer HttpConnection@5edc5a2::SocketChannelEndPoint@6c49462a{/127.0.0.1:44206<->/127.0.0.1:9998,OPEN,fill=-,flush=-,to=21/30000}{io=0/0,kio=0,kro=1}->HttpConnection@5edc5a2[p=HttpParser{s=START,0 of -1},g=HttpGenerator@125ad8e1{s=START}]=>HttpChannelOverHttp@66b12d5a{r=1,c=false,c=false/false,a=IDLE,uri=null,age=0}
22:22:08.660 [qtp1996787860-84] DEBUG o.e.jetty.io.AbstractConnection - fillInterested HttpConnection@5edc5a2::SocketChannelEndPoint@6c49462a{/127.0.0.1:44206<->/127.0.0.1:9998,OPEN,fill=-,flush=-,to=21/30000}{io=0/0,kio=0,kro=1}->HttpConnection@5edc5a2[p=HttpParser{s=START,0 of -1},g=HttpGenerator@125ad8e1{s=START}]=>HttpChannelOverHttp@66b12d5a{r=1,c=false,c=false/false,a=IDLE,uri=null,age=0}
22:22:08.660 [qtp1996787860-84] DEBUG org.eclipse.jetty.io.FillInterest - interested FillInterest@7deefc0d{AC.ReadCB@5edc5a2{HttpConnection@5edc5a2::SocketChannelEndPoint@6c49462a{/127.0.0.1:44206<->/127.0.0.1:9998,OPEN,fill=FI,flush=-,to=0/30000}{io=0/0,kio=0,kro=1}->HttpConnection@5edc5a2[p=HttpParser{s=START,0 of -1},g=HttpGenerator@125ad8e1{s=START}]=>HttpChannelOverHttp@66b12d5a{r=1,c=false,c=false/false,a=IDLE,uri=null,age=0}}}
22:22:08.660 [qtp1996787860-84] DEBUG org.eclipse.jetty.io.ChannelEndPoint - changeInterests p=false 0->1 for SocketChannelEndPoint@6c49462a{/127.0.0.1:44206<->/127.0.0.1:9998,OPEN,fill=FI,flush=-,to=0/30000}{io=0/1,kio=0,kro=1}->HttpConnection@5edc5a2[p=HttpParser{s=START,0 of -1},g=HttpGenerator@125ad8e1{s=START}]=>HttpChannelOverHttp@66b12d5a{r=1,c=false,c=false/false,a=IDLE,uri=null,age=0}
22:22:08.660 [qtp1996787860-84] DEBUG org.eclipse.jetty.io.ManagedSelector - Queued change org.eclipse.jetty.io.ChannelEndPoint$1@439c40a7 on ManagedSelector@80bfa9d{STARTED} id=1 keys=1 selected=0 updates=0
22:22:08.660 [qtp1996787860-84] DEBUG org.eclipse.jetty.io.ManagedSelector - Wakeup on submit ManagedSelector@80bfa9d{STARTED} id=1 keys=1 selected=0 updates=1
22:22:08.682 [qtp1996787860-78] DEBUG org.eclipse.jetty.io.ManagedSelector - Selector sun.nio.ch.EPollSelectorImpl@2a0c9707 woken with none selected
22:22:08.682 [main] DEBUG o.e.j.u.component.AbstractLifeCycle - stopping Server@f88bfbe{STARTED}[9.4.17.v20190418]
22:22:08.682 [main] DEBUG org.eclipse.jetty.server.Server - doStop Server@f88bfbe{STOPPING}[9.4.17.v20190418]
22:22:08.682 [main] DEBUG o.e.j.s.h.AbstractHandlerContainer - Graceful shutdown Server@f88bfbe{STOPPING}[9.4.17.v20190418] by 
22:22:08.682 [qtp1996787860-78] DEBUG org.eclipse.jetty.io.ManagedSelector - Selector sun.nio.ch.EPollSelectorImpl@2a0c9707 woken up from select, 0/0/1 selected
22:22:08.683 [qtp1996787860-78] DEBUG org.eclipse.jetty.io.ManagedSelector - Selector sun.nio.ch.EPollSelectorImpl@2a0c9707 processing 0 keys, 1 updates
22:22:08.683 [qtp1996787860-78] DEBUG org.eclipse.jetty.io.ManagedSelector - updateable 1
22:22:08.683 [qtp1996787860-78] DEBUG org.eclipse.jetty.io.ManagedSelector - update org.eclipse.jetty.io.ChannelEndPoint$1@439c40a7
22:22:08.683 [qtp1996787860-78] DEBUG org.eclipse.jetty.io.ChannelEndPoint - Key interests updated 0 -> 1 on SocketChannelEndPoint@6c49462a{/127.0.0.1:44206<->/127.0.0.1:9998,OPEN,fill=FI,flush=-,to=23/30000}{io=1/1,kio=1,kro=1}->HttpConnection@5edc5a2[p=HttpParser{s=START,0 of -1},g=HttpGenerator@125ad8e1{s=START}]=>HttpChannelOverHttp@66b12d5a{r=1,c=false,c=false/false,a=IDLE,uri=null,age=0}
22:22:08.683 [qtp1996787860-78] DEBUG org.eclipse.jetty.io.ManagedSelector - updates 0
22:22:08.683 [qtp1996787860-78] DEBUG org.eclipse.jetty.io.ManagedSelector - Selector sun.nio.ch.EPollSelectorImpl@2a0c9707 waiting with 1 keys
22:22:08.683 [main] DEBUG o.e.j.u.component.AbstractLifeCycle - stopping ServerConnector@ed91d8d{HTTP/1.1,[http/1.1]}{0.0.0.0:9998}
22:22:08.683 [qtp1996787860-84] DEBUG o.e.jetty.server.HttpConnection - HttpConnection@5edc5a2::SocketChannelEndPoint@6c49462a{/127.0.0.1:44206<->/127.0.0.1:9998,OPEN,fill=FI,flush=-,to=23/30000}{io=1/1,kio=1,kro=1}->HttpConnection@5edc5a2[p=HttpParser{s=START,0 of -1},g=HttpGenerator@125ad8e1{s=START}]=>HttpChannelOverHttp@66b12d5a{r=1,c=false,c=false/false,a=IDLE,uri=null,age=0} onFillable exit HttpChannelState@23b3bfe8{s=IDLE a=NOT_ASYNC i=true r=IDLE w=false} null
22:22:08.683 [qtp1996787860-84] DEBUG o.e.j.util.thread.QueuedThreadPool - ran CEP:SocketChannelEndPoint@6c49462a{/127.0.0.1:44206<->/127.0.0.1:9998,OPEN,fill=FI,flush=-,to=23/30000}{io=1/1,kio=1,kro=1}->HttpConnection@5edc5a2[p=HttpParser{s=START,0 of -1},g=HttpGenerator@125ad8e1{s=START}]=>HttpChannelOverHttp@66b12d5a{r=1,c=false,c=false/false,a=IDLE,uri=null,age=0}:runFillable:BLOCKING
22:22:08.684 [qtp1996787860-81] DEBUG o.e.j.util.thread.QueuedThreadPool - ran qtp1996787860-81-acceptor-0@707b1a44-ServerConnector@ed91d8d{HTTP/1.1,[http/1.1]}{0.0.0.0:9998}
22:22:08.684 [main] DEBUG o.e.j.u.component.AbstractLifeCycle - stopping SelectorManager@ServerConnector@ed91d8d{HTTP/1.1,[http/1.1]}{0.0.0.0:9998}
22:22:08.684 [main] DEBUG o.e.j.u.component.AbstractLifeCycle - stopping ManagedSelector@60b34931{STARTED} id=3 keys=0 selected=0 updates=0
22:22:08.684 [main] DEBUG org.eclipse.jetty.io.ManagedSelector - Queued change org.eclipse.jetty.io.ManagedSelector$CloseConnections@313f8301 on ManagedSelector@60b34931{STOPPING} id=3 keys=0 selected=0 updates=0
22:22:08.684 [main] DEBUG org.eclipse.jetty.io.ManagedSelector - Wakeup on submit ManagedSelector@60b34931{STOPPING} id=3 keys=0 selected=0 updates=1
22:22:08.684 [qtp1996787860-80] DEBUG org.eclipse.jetty.io.ManagedSelector - Selector sun.nio.ch.EPollSelectorImpl@1ed73222 woken with none selected
22:22:08.684 [qtp1996787860-80] DEBUG org.eclipse.jetty.io.ManagedSelector - Selector sun.nio.ch.EPollSelectorImpl@1ed73222 woken up from select, 0/0/0 selected
22:22:08.684 [qtp1996787860-80] DEBUG org.eclipse.jetty.io.ManagedSelector - Selector sun.nio.ch.EPollSelectorImpl@1ed73222 processing 0 keys, 1 updates
22:22:08.684 [qtp1996787860-80] DEBUG org.eclipse.jetty.io.ManagedSelector - updateable 1
22:22:08.684 [qtp1996787860-80] DEBUG org.eclipse.jetty.io.ManagedSelector - update org.eclipse.jetty.io.ManagedSelector$CloseConnections@313f8301
22:22:08.684 [qtp1996787860-80] DEBUG org.eclipse.jetty.io.ManagedSelector - Closing 0 connections on ManagedSelector@60b34931{STOPPING} id=3 keys=0 selected=0 updates=0
22:22:08.684 [qtp1996787860-80] DEBUG org.eclipse.jetty.io.ManagedSelector - updates 0
22:22:08.684 [qtp1996787860-80] DEBUG org.eclipse.jetty.io.ManagedSelector - Selector sun.nio.ch.EPollSelectorImpl@1ed73222 waiting with 0 keys
22:22:08.684 [main] DEBUG org.eclipse.jetty.io.ManagedSelector - Queued change org.eclipse.jetty.io.ManagedSelector$StopSelector@5cc9d3d0 on ManagedSelector@60b34931{STOPPING} id=3 keys=0 selected=0 updates=0
22:22:08.684 [main] DEBUG org.eclipse.jetty.io.ManagedSelector - Wakeup on submit ManagedSelector@60b34931{STOPPING} id=3 keys=0 selected=0 updates=1
22:22:08.684 [qtp1996787860-80] DEBUG org.eclipse.jetty.io.ManagedSelector - Selector sun.nio.ch.EPollSelectorImpl@1ed73222 woken with none selected
22:22:08.684 [qtp1996787860-80] DEBUG org.eclipse.jetty.io.ManagedSelector - Selector sun.nio.ch.EPollSelectorImpl@1ed73222 woken up from select, 0/0/0 selected
22:22:08.684 [qtp1996787860-80] DEBUG org.eclipse.jetty.io.ManagedSelector - Selector sun.nio.ch.EPollSelectorImpl@1ed73222 processing 0 keys, 1 updates
22:22:08.684 [qtp1996787860-80] DEBUG org.eclipse.jetty.io.ManagedSelector - updateable 1
22:22:08.684 [qtp1996787860-80] DEBUG org.eclipse.jetty.io.ManagedSelector - update org.eclipse.jetty.io.ManagedSelector$StopSelector@5cc9d3d0
22:22:08.684 [qtp1996787860-80] DEBUG org.eclipse.jetty.io.ManagedSelector - updates 0
22:22:08.684 [qtp1996787860-80] DEBUG o.e.j.util.thread.QueuedThreadPool - ran org.eclipse.jetty.io.ManagedSelector$$Lambda$198/1041326823@fd53053
22:22:08.685 [main] DEBUG o.e.j.u.component.AbstractLifeCycle - stopping EatWhatYouKill@507d64aa/SelectorProducer@37045b48/IDLE/p=false/JettyConnectorThreadPool[qtp1996787860]@77049094{STARTED,8<=8<=200,i=4,q=0}[ReservedThreadExecutor@797c3c3b{s=1/8,p=0}][pc=0,pic=0,pec=0,epc=0]@2020-09-27T22:22:08.685+01:00
22:22:08.685 [main] DEBUG o.e.j.u.component.AbstractLifeCycle - STOPPED EatWhatYouKill@507d64aa/SelectorProducer@37045b48/IDLE/p=false/JettyConnectorThreadPool[qtp1996787860]@77049094{STARTED,8<=8<=200,i=4,q=0}[ReservedThreadExecutor@797c3c3b{s=1/8,p=0}][pc=0,pic=0,pec=0,epc=0]@2020-09-27T22:22:08.685+01:00
22:22:08.685 [main] DEBUG o.e.j.u.component.AbstractLifeCycle - STOPPED ManagedSelector@60b34931{STOPPED} id=3 keys=-1 selected=-1 updates=0
22:22:08.685 [main] DEBUG o.e.j.u.component.AbstractLifeCycle - stopping ManagedSelector@7f5b9db{STARTED} id=2 keys=0 selected=0 updates=0
22:22:08.685 [main] DEBUG org.eclipse.jetty.io.ManagedSelector - Queued change org.eclipse.jetty.io.ManagedSelector$CloseConnections@7c2dfa2 on ManagedSelector@7f5b9db{STOPPING} id=2 keys=0 selected=0 updates=0
22:22:08.685 [main] DEBUG org.eclipse.jetty.io.ManagedSelector - Wakeup on submit ManagedSelector@7f5b9db{STOPPING} id=2 keys=0 selected=0 updates=1
22:22:08.685 [qtp1996787860-79] DEBUG org.eclipse.jetty.io.ManagedSelector - Selector sun.nio.ch.EPollSelectorImpl@64fb4a7d woken with none selected
22:22:08.685 [qtp1996787860-79] DEBUG org.eclipse.jetty.io.ManagedSelector - Selector sun.nio.ch.EPollSelectorImpl@64fb4a7d woken up from select, 0/0/0 selected
22:22:08.685 [qtp1996787860-79] DEBUG org.eclipse.jetty.io.ManagedSelector - Selector sun.nio.ch.EPollSelectorImpl@64fb4a7d processing 0 keys, 1 updates
22:22:08.685 [qtp1996787860-79] DEBUG org.eclipse.jetty.io.ManagedSelector - updateable 1
22:22:08.685 [qtp1996787860-79] DEBUG org.eclipse.jetty.io.ManagedSelector - update org.eclipse.jetty.io.ManagedSelector$CloseConnections@7c2dfa2
22:22:08.685 [qtp1996787860-79] DEBUG org.eclipse.jetty.io.ManagedSelector - Closing 0 connections on ManagedSelector@7f5b9db{STOPPING} id=2 keys=0 selected=0 updates=0
22:22:08.685 [qtp1996787860-79] DEBUG org.eclipse.jetty.io.ManagedSelector - updates 0
22:22:08.685 [qtp1996787860-79] DEBUG org.eclipse.jetty.io.ManagedSelector - Selector sun.nio.ch.EPollSelectorImpl@64fb4a7d waiting with 0 keys
22:22:08.685 [main] DEBUG org.eclipse.jetty.io.ManagedSelector - Queued change org.eclipse.jetty.io.ManagedSelector$StopSelector@661d88a on ManagedSelector@7f5b9db{STOPPING} id=2 keys=0 selected=0 updates=0
22:22:08.685 [main] DEBUG org.eclipse.jetty.io.ManagedSelector - Wakeup on submit ManagedSelector@7f5b9db{STOPPING} id=2 keys=0 selected=0 updates=1
22:22:08.685 [qtp1996787860-79] DEBUG org.eclipse.jetty.io.ManagedSelector - Selector sun.nio.ch.EPollSelectorImpl@64fb4a7d woken with none selected
22:22:08.685 [qtp1996787860-79] DEBUG org.eclipse.jetty.io.ManagedSelector - Selector sun.nio.ch.EPollSelectorImpl@64fb4a7d woken up from select, 0/0/0 selected
22:22:08.685 [qtp1996787860-79] DEBUG org.eclipse.jetty.io.ManagedSelector - Selector sun.nio.ch.EPollSelectorImpl@64fb4a7d processing 0 keys, 1 updates
22:22:08.685 [qtp1996787860-79] DEBUG org.eclipse.jetty.io.ManagedSelector - updateable 1
22:22:08.685 [qtp1996787860-79] DEBUG org.eclipse.jetty.io.ManagedSelector - update org.eclipse.jetty.io.ManagedSelector$StopSelector@661d88a
22:22:08.685 [qtp1996787860-79] DEBUG org.eclipse.jetty.io.ManagedSelector - updates 0
22:22:08.685 [qtp1996787860-79] DEBUG o.e.j.util.thread.QueuedThreadPool - ran org.eclipse.jetty.io.ManagedSelector$$Lambda$198/1041326823@440e3ce6
22:22:08.686 [main] DEBUG o.e.j.u.component.AbstractLifeCycle - stopping EatWhatYouKill@47c40b56/SelectorProducer@4b039c6d/IDLE/p=false/JettyConnectorThreadPool[qtp1996787860]@77049094{STARTED,8<=8<=200,i=5,q=0}[ReservedThreadExecutor@797c3c3b{s=1/8,p=0}][pc=0,pic=0,pec=0,epc=0]@2020-09-27T22:22:08.685+01:00
22:22:08.686 [main] DEBUG o.e.j.u.component.AbstractLifeCycle - STOPPED EatWhatYouKill@47c40b56/SelectorProducer@4b039c6d/IDLE/p=false/JettyConnectorThreadPool[qtp1996787860]@77049094{STARTED,8<=8<=200,i=5,q=0}[ReservedThreadExecutor@797c3c3b{s=1/8,p=0}][pc=0,pic=0,pec=0,epc=0]@2020-09-27T22:22:08.686+01:00
22:22:08.686 [main] DEBUG o.e.j.u.component.AbstractLifeCycle - STOPPED ManagedSelector@7f5b9db{STOPPED} id=2 keys=-1 selected=-1 updates=0
22:22:08.686 [main] DEBUG o.e.j.u.component.AbstractLifeCycle - stopping ManagedSelector@80bfa9d{STARTED} id=1 keys=1 selected=0 updates=0
22:22:08.686 [main] DEBUG org.eclipse.jetty.io.ManagedSelector - Queued change org.eclipse.jetty.io.ManagedSelector$CloseConnections@4b0b64cc on ManagedSelector@80bfa9d{STOPPING} id=1 keys=1 selected=0 updates=0
22:22:08.686 [main] DEBUG org.eclipse.jetty.io.ManagedSelector - Wakeup on submit ManagedSelector@80bfa9d{STOPPING} id=1 keys=1 selected=0 updates=1
22:22:08.686 [qtp1996787860-78] DEBUG org.eclipse.jetty.io.ManagedSelector - Selector sun.nio.ch.EPollSelectorImpl@2a0c9707 woken with none selected
22:22:08.686 [qtp1996787860-78] DEBUG org.eclipse.jetty.io.ManagedSelector - Selector sun.nio.ch.EPollSelectorImpl@2a0c9707 woken up from select, 0/0/1 selected
22:22:08.686 [qtp1996787860-78] DEBUG org.eclipse.jetty.io.ManagedSelector - Selector sun.nio.ch.EPollSelectorImpl@2a0c9707 processing 0 keys, 1 updates
22:22:08.686 [qtp1996787860-78] DEBUG org.eclipse.jetty.io.ManagedSelector - updateable 1
22:22:08.686 [qtp1996787860-78] DEBUG org.eclipse.jetty.io.ManagedSelector - update org.eclipse.jetty.io.ManagedSelector$CloseConnections@4b0b64cc
22:22:08.686 [qtp1996787860-78] DEBUG org.eclipse.jetty.io.ManagedSelector - Closing 1 connections on ManagedSelector@80bfa9d{STOPPING} id=1 keys=1 selected=0 updates=0
22:22:08.686 [qtp1996787860-78] DEBUG o.eclipse.jetty.io.AbstractEndPoint - close SocketChannelEndPoint@6c49462a{/127.0.0.1:44206<->/127.0.0.1:9998,OPEN,fill=FI,flush=-,to=26/30000}{io=1/1,kio=1,kro=1}->HttpConnection@5edc5a2[p=HttpParser{s=START,0 of -1},g=HttpGenerator@125ad8e1{s=START}]=>HttpChannelOverHttp@66b12d5a{r=1,c=false,c=false/false,a=IDLE,uri=null,age=0}
22:22:08.686 [qtp1996787860-78] DEBUG o.eclipse.jetty.io.AbstractEndPoint - close(null) SocketChannelEndPoint@6c49462a{/127.0.0.1:44206<->/127.0.0.1:9998,OPEN,fill=FI,flush=-,to=26/30000}{io=1/1,kio=1,kro=1}->HttpConnection@5edc5a2[p=HttpParser{s=START,0 of -1},g=HttpGenerator@125ad8e1{s=START}]=>HttpChannelOverHttp@66b12d5a{r=1,c=false,c=false/false,a=IDLE,uri=null,age=0}
22:22:08.686 [qtp1996787860-78] DEBUG org.eclipse.jetty.io.ChannelEndPoint - doClose SocketChannelEndPoint@6c49462a{/127.0.0.1:44206<->/127.0.0.1:9998,CLOSED,fill=FI,flush=-,to=26/30000}{io=1/1,kio=1,kro=1}->HttpConnection@5edc5a2[p=HttpParser{s=START,0 of -1},g=HttpGenerator@125ad8e1{s=START}]=>HttpChannelOverHttp@66b12d5a{r=1,c=false,c=false/false,a=IDLE,uri=null,age=0}
22:22:08.687 [qtp1996787860-78] DEBUG org.eclipse.jetty.io.WriteFlusher - ignored: WriteFlusher@5516289c{IDLE}->null
java.nio.channels.ClosedChannelException: null
	at org.eclipse.jetty.io.WriteFlusher.onClose(WriteFlusher.java:492)
	at org.eclipse.jetty.io.AbstractEndPoint.onClose(AbstractEndPoint.java:353)
	at org.eclipse.jetty.io.ChannelEndPoint.onClose(ChannelEndPoint.java:215)
	at org.eclipse.jetty.io.AbstractEndPoint.doOnClose(AbstractEndPoint.java:225)
	at org.eclipse.jetty.io.AbstractEndPoint.close(AbstractEndPoint.java:192)
	at org.eclipse.jetty.io.AbstractEndPoint.close(AbstractEndPoint.java:175)
	at org.eclipse.jetty.io.AbstractConnection.close(AbstractConnection.java:248)
	at org.eclipse.jetty.io.ManagedSelector.closeNoExceptions(ManagedSelector.java:252)
	at org.eclipse.jetty.io.ManagedSelector.access$1400(ManagedSelector.java:61)
	at org.eclipse.jetty.io.ManagedSelector$CloseConnections.update(ManagedSelector.java:866)
	at org.eclipse.jetty.io.ManagedSelector$SelectorProducer.processUpdates(ManagedSelector.java:426)
	at org.eclipse.jetty.io.ManagedSelector$SelectorProducer.produce(ManagedSelector.java:397)
	at org.eclipse.jetty.util.thread.strategy.EatWhatYouKill.produceTask(EatWhatYouKill.java:357)
	at org.eclipse.jetty.util.thread.strategy.EatWhatYouKill.doProduce(EatWhatYouKill.java:181)
	at org.eclipse.jetty.util.thread.strategy.EatWhatYouKill.tryProduce(EatWhatYouKill.java:168)
	at org.eclipse.jetty.util.thread.strategy.EatWhatYouKill.produce(EatWhatYouKill.java:132)
	at org.eclipse.jetty.util.thread.QueuedThreadPool.runJob(QueuedThreadPool.java:786)
	at org.eclipse.jetty.util.thread.QueuedThreadPool$2.run(QueuedThreadPool.java:743)
	at java.lang.Thread.run(Thread.java:748)
22:22:08.688 [qtp1996787860-78] DEBUG org.eclipse.jetty.io.FillInterest - onClose FillInterest@7deefc0d{AC.ReadCB@5edc5a2{HttpConnection@5edc5a2::SocketChannelEndPoint@6c49462a{/127.0.0.1:44206<->/127.0.0.1:9998,CLOSED,fill=FI,flush=-,to=27/30000}{io=1/1,kio=-1,kro=-1}->HttpConnection@5edc5a2[p=HttpParser{s=START,0 of -1},g=HttpGenerator@125ad8e1{s=START}]=>HttpChannelOverHttp@66b12d5a{r=1,c=false,c=false/false,a=IDLE,uri=null,age=0}}}
22:22:08.688 [qtp1996787860-78] DEBUG org.eclipse.jetty.http.HttpParser - close HttpParser{s=START,0 of -1}
22:22:08.688 [qtp1996787860-78] DEBUG org.eclipse.jetty.http.HttpParser - START --> CLOSE
22:22:08.688 [qtp1996787860-78] DEBUG o.e.jetty.io.AbstractConnection - HttpConnection@5edc5a2::SocketChannelEndPoint@6c49462a{/127.0.0.1:44206<->/127.0.0.1:9998,CLOSED,fill=-,flush=-,to=28/30000}{io=1/1,kio=-1,kro=-1}->HttpConnection@5edc5a2[p=HttpParser{s=CLOSE,0 of -1},g=HttpGenerator@125ad8e1{s=START}]=>HttpChannelOverHttp@66b12d5a{r=1,c=false,c=false/false,a=IDLE,uri=null,age=0} onFillInterestedFailed {}
22:22:08.688 [qtp1996787860-78] DEBUG org.eclipse.jetty.io.ManagedSelector - Wakeup ManagedSelector@80bfa9d{STOPPING} id=1 keys=1 selected=0 updates=0
22:22:08.688 [qtp1996787860-78] DEBUG o.e.j.util.thread.QueuedThreadPool - queue org.eclipse.jetty.io.ManagedSelector$DestroyEndPoint@65f6760d
22:22:08.688 [qtp1996787860-78] DEBUG org.eclipse.jetty.io.ManagedSelector - updates 0
22:22:08.688 [qtp1996787860-78] DEBUG org.eclipse.jetty.io.ManagedSelector - Selector sun.nio.ch.EPollSelectorImpl@2a0c9707 waiting with 1 keys
22:22:08.688 [qtp1996787860-82] DEBUG o.e.j.util.thread.QueuedThreadPool - run org.eclipse.jetty.io.ManagedSelector$DestroyEndPoint@65f6760d
22:22:08.688 [qtp1996787860-82] DEBUG org.eclipse.jetty.io.ManagedSelector - Destroyed SocketChannelEndPoint@6c49462a{/127.0.0.1:44206<->/127.0.0.1:9998,CLOSED,fill=-,flush=-,to=28/30000}{io=1/1,kio=-1,kro=-1}->HttpConnection@5edc5a2[p=HttpParser{s=CLOSE,0 of -1},g=HttpGenerator@125ad8e1{s=START}]=>HttpChannelOverHttp@66b12d5a{r=1,c=false,c=false/false,a=IDLE,uri=null,age=0}
22:22:08.688 [main] DEBUG org.eclipse.jetty.io.ManagedSelector - Queued change org.eclipse.jetty.io.ManagedSelector$StopSelector@59ce792e on ManagedSelector@80bfa9d{STOPPING} id=1 keys=0 selected=0 updates=0
22:22:08.688 [main] DEBUG org.eclipse.jetty.io.ManagedSelector - Wakeup on submit ManagedSelector@80bfa9d{STOPPING} id=1 keys=0 selected=0 updates=1
22:22:08.688 [qtp1996787860-78] DEBUG org.eclipse.jetty.io.ManagedSelector - Selector sun.nio.ch.EPollSelectorImpl@2a0c9707 woken with none selected
22:22:08.688 [qtp1996787860-78] DEBUG org.eclipse.jetty.io.ManagedSelector - Selector sun.nio.ch.EPollSelectorImpl@2a0c9707 woken up from select, 0/0/0 selected
22:22:08.688 [qtp1996787860-82] DEBUG o.e.jetty.io.AbstractConnection - onClose HttpConnection@5edc5a2::SocketChannelEndPoint@6c49462a{/127.0.0.1:44206<->/127.0.0.1:9998,CLOSED,fill=-,flush=-,to=28/30000}{io=1/1,kio=-1,kro=-1}->HttpConnection@5edc5a2[p=HttpParser{s=CLOSE,0 of -1},g=HttpGenerator@125ad8e1{s=START}]=>HttpChannelOverHttp@66b12d5a{r=1,c=false,c=false/false,a=IDLE,uri=null,age=0}
22:22:08.688 [qtp1996787860-78] DEBUG org.eclipse.jetty.io.ManagedSelector - Selector sun.nio.ch.EPollSelectorImpl@2a0c9707 processing 0 keys, 1 updates
22:22:08.688 [qtp1996787860-82] DEBUG o.e.j.util.thread.QueuedThreadPool - ran org.eclipse.jetty.io.ManagedSelector$DestroyEndPoint@65f6760d
22:22:08.689 [qtp1996787860-78] DEBUG org.eclipse.jetty.io.ManagedSelector - updateable 1
22:22:08.689 [qtp1996787860-78] DEBUG org.eclipse.jetty.io.ManagedSelector - update org.eclipse.jetty.io.ManagedSelector$StopSelector@59ce792e
22:22:08.689 [qtp1996787860-78] DEBUG org.eclipse.jetty.io.ManagedSelector - updates 0
22:22:08.689 [qtp1996787860-78] DEBUG o.e.j.util.thread.QueuedThreadPool - ran org.eclipse.jetty.io.ManagedSelector$$Lambda$198/1041326823@640ab13c
22:22:08.689 [main] DEBUG o.e.j.u.component.AbstractLifeCycle - stopping EatWhatYouKill@53abfc07/SelectorProducer@2c8c16c0/IDLE/p=false/JettyConnectorThreadPool[qtp1996787860]@77049094{STARTED,8<=8<=200,i=6,q=0}[ReservedThreadExecutor@797c3c3b{s=1/8,p=0}][pc=0,pic=0,pec=1,epc=0]@2020-09-27T22:22:08.689+01:00
22:22:08.689 [main] DEBUG o.e.j.u.component.AbstractLifeCycle - STOPPED EatWhatYouKill@53abfc07/SelectorProducer@2c8c16c0/IDLE/p=false/JettyConnectorThreadPool[qtp1996787860]@77049094{STARTED,8<=8<=200,i=6,q=0}[ReservedThreadExecutor@797c3c3b{s=1/8,p=0}][pc=0,pic=0,pec=1,epc=0]@2020-09-27T22:22:08.689+01:00
22:22:08.689 [main] DEBUG o.e.j.u.component.AbstractLifeCycle - STOPPED ManagedSelector@80bfa9d{STOPPED} id=1 keys=-1 selected=-1 updates=0
22:22:08.689 [main] DEBUG o.e.j.u.component.AbstractLifeCycle - stopping ManagedSelector@4601203a{STARTED} id=0 keys=0 selected=0 updates=0
22:22:08.689 [main] DEBUG org.eclipse.jetty.io.ManagedSelector - Queued change org.eclipse.jetty.io.ManagedSelector$CloseConnections@4860827a on ManagedSelector@4601203a{STOPPING} id=0 keys=0 selected=0 updates=0
22:22:08.689 [main] DEBUG org.eclipse.jetty.io.ManagedSelector - Wakeup on submit ManagedSelector@4601203a{STOPPING} id=0 keys=0 selected=0 updates=1
22:22:08.689 [qtp1996787860-77] DEBUG org.eclipse.jetty.io.ManagedSelector - Selector sun.nio.ch.EPollSelectorImpl@5ad4ab1d woken with none selected
22:22:08.689 [qtp1996787860-77] DEBUG org.eclipse.jetty.io.ManagedSelector - Selector sun.nio.ch.EPollSelectorImpl@5ad4ab1d woken up from select, 0/0/0 selected
22:22:08.689 [qtp1996787860-77] DEBUG org.eclipse.jetty.io.ManagedSelector - Selector sun.nio.ch.EPollSelectorImpl@5ad4ab1d processing 0 keys, 1 updates
22:22:08.689 [qtp1996787860-77] DEBUG org.eclipse.jetty.io.ManagedSelector - updateable 1
22:22:08.689 [qtp1996787860-77] DEBUG org.eclipse.jetty.io.ManagedSelector - update org.eclipse.jetty.io.ManagedSelector$CloseConnections@4860827a
22:22:08.689 [qtp1996787860-77] DEBUG org.eclipse.jetty.io.ManagedSelector - Closing 0 connections on ManagedSelector@4601203a{STOPPING} id=0 keys=0 selected=0 updates=0
22:22:08.689 [qtp1996787860-77] DEBUG org.eclipse.jetty.io.ManagedSelector - updates 0
22:22:08.689 [main] DEBUG org.eclipse.jetty.io.ManagedSelector - Queued change org.eclipse.jetty.io.ManagedSelector$StopSelector@404db674 on ManagedSelector@4601203a{STOPPING} id=0 keys=0 selected=0 updates=0
22:22:08.689 [qtp1996787860-77] DEBUG org.eclipse.jetty.io.ManagedSelector - Selector sun.nio.ch.EPollSelectorImpl@5ad4ab1d waiting with 0 keys
22:22:08.689 [main] DEBUG org.eclipse.jetty.io.ManagedSelector - Wakeup on submit ManagedSelector@4601203a{STOPPING} id=0 keys=0 selected=0 updates=1
22:22:08.689 [qtp1996787860-77] DEBUG org.eclipse.jetty.io.ManagedSelector - Selector sun.nio.ch.EPollSelectorImpl@5ad4ab1d woken with none selected
22:22:08.689 [qtp1996787860-77] DEBUG org.eclipse.jetty.io.ManagedSelector - Selector sun.nio.ch.EPollSelectorImpl@5ad4ab1d woken up from select, 0/0/0 selected
22:22:08.689 [qtp1996787860-77] DEBUG org.eclipse.jetty.io.ManagedSelector - Selector sun.nio.ch.EPollSelectorImpl@5ad4ab1d processing 0 keys, 1 updates
22:22:08.689 [qtp1996787860-77] DEBUG org.eclipse.jetty.io.ManagedSelector - updateable 1
22:22:08.689 [qtp1996787860-77] DEBUG org.eclipse.jetty.io.ManagedSelector - update org.eclipse.jetty.io.ManagedSelector$StopSelector@404db674
22:22:08.690 [qtp1996787860-77] DEBUG org.eclipse.jetty.io.ManagedSelector - updates 0
22:22:08.690 [qtp1996787860-77] DEBUG o.e.j.util.thread.QueuedThreadPool - ran org.eclipse.jetty.io.ManagedSelector$$Lambda$198/1041326823@4aa21f9d
22:22:08.692 [main] DEBUG o.e.j.u.component.AbstractLifeCycle - stopping EatWhatYouKill@3c98781a/SelectorProducer@3f736a16/IDLE/p=false/JettyConnectorThreadPool[qtp1996787860]@77049094{STARTED,8<=8<=200,i=7,q=0}[ReservedThreadExecutor@797c3c3b{s=1/8,p=0}][pc=0,pic=0,pec=0,epc=0]@2020-09-27T22:22:08.692+01:00
22:22:08.692 [main] DEBUG o.e.j.u.component.AbstractLifeCycle - STOPPED EatWhatYouKill@3c98781a/SelectorProducer@3f736a16/IDLE/p=false/JettyConnectorThreadPool[qtp1996787860]@77049094{STARTED,8<=8<=200,i=7,q=0}[ReservedThreadExecutor@797c3c3b{s=1/8,p=0}][pc=0,pic=0,pec=0,epc=0]@2020-09-27T22:22:08.692+01:00
22:22:08.692 [main] DEBUG o.e.j.u.component.AbstractLifeCycle - STOPPED ManagedSelector@4601203a{STOPPED} id=0 keys=-1 selected=-1 updates=0
22:22:08.692 [main] DEBUG o.e.j.u.component.AbstractLifeCycle - STOPPED SelectorManager@ServerConnector@ed91d8d{HTTP/1.1,[http/1.1]}{0.0.0.0:9998}
22:22:08.692 [main] DEBUG o.e.j.u.component.AbstractLifeCycle - stopping HttpConnectionFactory@59bbe88a[HTTP/1.1]
22:22:08.692 [main] DEBUG o.e.j.u.component.AbstractLifeCycle - STOPPED HttpConnectionFactory@59bbe88a[HTTP/1.1]
22:22:08.692 [main] DEBUG o.e.j.u.component.AbstractLifeCycle - stopping ScheduledExecutorScheduler@446626a7{STARTED}
22:22:08.692 [main] DEBUG o.e.j.u.component.AbstractLifeCycle - STOPPED ScheduledExecutorScheduler@446626a7{STOPPED}
22:22:08.692 [main] INFO  o.e.jetty.server.AbstractConnector - Stopped ServerConnector@ed91d8d{HTTP/1.1,[http/1.1]}{0.0.0.0:9998}
22:22:08.692 [main] DEBUG o.e.j.u.component.AbstractLifeCycle - STOPPED ServerConnector@ed91d8d{HTTP/1.1,[http/1.1]}{0.0.0.0:9998}
22:22:08.692 [main] DEBUG o.e.j.server.handler.AbstractHandler - stopping Server@f88bfbe{STOPPING}[9.4.17.v20190418]
22:22:08.692 [main] DEBUG o.e.j.u.component.AbstractLifeCycle - stopping ErrorHandler@cda6019{STARTED}
22:22:08.692 [main] DEBUG o.e.j.server.handler.AbstractHandler - stopping ErrorHandler@cda6019{STOPPING}
22:22:08.692 [main] DEBUG o.e.j.u.component.AbstractLifeCycle - STOPPED ErrorHandler@cda6019{STOPPED}
22:22:08.693 [main] DEBUG o.e.j.u.component.AbstractLifeCycle - stopping JettyHttpContainer@4a2929a4{STARTED}
22:22:08.693 [main] DEBUG o.e.j.server.handler.AbstractHandler - stopping JettyHttpContainer@4a2929a4{STOPPING}
22:22:08.694 [main] DEBUG o.e.j.u.component.AbstractLifeCycle - STOPPED JettyHttpContainer@4a2929a4{STOPPED}
22:22:08.694 [main] DEBUG o.e.j.u.component.AbstractLifeCycle - stopping JettyConnectorThreadPool[qtp1996787860]@77049094{STARTED,8<=8<=200,i=7,q=0}[ReservedThreadExecutor@797c3c3b{s=1/8,p=0}]
22:22:08.694 [main] DEBUG o.e.j.util.thread.QueuedThreadPool - Stopping JettyConnectorThreadPool[qtp1996787860]@77049094{STOPPING,8<=8<=200,i=7,q=0}[ReservedThreadExecutor@797c3c3b{s=1/8,p=0}]
22:22:08.694 [main] DEBUG o.e.j.u.component.AbstractLifeCycle - stopping ReservedThreadExecutor@797c3c3b{s=1/8,p=0}
22:22:08.694 [main] DEBUG o.e.j.u.t.ReservedThreadExecutor - ReservedThreadExecutor@797c3c3b{s=0/8,p=0}@20f4fc77 offer STOP!
22:22:08.694 [main] DEBUG o.e.j.u.component.AbstractLifeCycle - STOPPED ReservedThreadExecutor@797c3c3b{s=0/8,p=0}
22:22:08.694 [qtp1996787860-83] DEBUG o.e.j.u.t.ReservedThreadExecutor - ReservedThreadExecutor@797c3c3b{s=0/8,p=0}@20f4fc77 task=STOP!
22:22:08.694 [main] DEBUG o.e.j.util.thread.QueuedThreadPool - Waiting for Thread[qtp1996787860-82,5,main] for 14999
22:22:08.694 [qtp1996787860-83] DEBUG o.e.j.u.t.ReservedThreadExecutor - ReservedThreadExecutor@797c3c3b{s=0/8,p=0}@20f4fc77 Exited
22:22:08.694 [qtp1996787860-83] DEBUG o.e.j.util.thread.QueuedThreadPool - ran ReservedThreadExecutor@797c3c3b{s=0/8,p=0}@20f4fc77
22:22:08.694 [qtp1996787860-81] DEBUG o.e.j.util.thread.QueuedThreadPool - run org.eclipse.jetty.util.thread.QueuedThreadPool$$Lambda$265/1547817015@542ada62
22:22:08.694 [qtp1996787860-81] DEBUG o.e.j.util.thread.QueuedThreadPool - ran org.eclipse.jetty.util.thread.QueuedThreadPool$$Lambda$265/1547817015@542ada62
22:22:08.695 [qtp1996787860-80] DEBUG o.e.j.util.thread.QueuedThreadPool - run org.eclipse.jetty.util.thread.QueuedThreadPool$$Lambda$265/1547817015@542ada62
22:22:08.695 [qtp1996787860-80] DEBUG o.e.j.util.thread.QueuedThreadPool - ran org.eclipse.jetty.util.thread.QueuedThreadPool$$Lambda$265/1547817015@542ada62
22:22:08.695 [qtp1996787860-79] DEBUG o.e.j.util.thread.QueuedThreadPool - run org.eclipse.jetty.util.thread.QueuedThreadPool$$Lambda$265/1547817015@542ada62
22:22:08.695 [qtp1996787860-79] DEBUG o.e.j.util.thread.QueuedThreadPool - ran org.eclipse.jetty.util.thread.QueuedThreadPool$$Lambda$265/1547817015@542ada62
22:22:08.695 [qtp1996787860-82] DEBUG o.e.j.util.thread.QueuedThreadPool - run org.eclipse.jetty.util.thread.QueuedThreadPool$$Lambda$265/1547817015@542ada62
22:22:08.695 [qtp1996787860-82] DEBUG o.e.j.util.thread.QueuedThreadPool - ran org.eclipse.jetty.util.thread.QueuedThreadPool$$Lambda$265/1547817015@542ada62
22:22:08.695 [qtp1996787860-84] DEBUG o.e.j.util.thread.QueuedThreadPool - run org.eclipse.jetty.util.thread.QueuedThreadPool$$Lambda$265/1547817015@542ada62
22:22:08.695 [qtp1996787860-84] DEBUG o.e.j.util.thread.QueuedThreadPool - ran org.eclipse.jetty.util.thread.QueuedThreadPool$$Lambda$265/1547817015@542ada62
22:22:08.695 [qtp1996787860-78] DEBUG o.e.j.util.thread.QueuedThreadPool - run org.eclipse.jetty.util.thread.QueuedThreadPool$$Lambda$265/1547817015@542ada62
22:22:08.695 [qtp1996787860-78] DEBUG o.e.j.util.thread.QueuedThreadPool - ran org.eclipse.jetty.util.thread.QueuedThreadPool$$Lambda$265/1547817015@542ada62
22:22:08.695 [main] DEBUG o.e.j.util.thread.QueuedThreadPool - Waiting for Thread[qtp1996787860-84,5,] for 14999
22:22:08.695 [main] DEBUG o.e.j.util.thread.QueuedThreadPool - Waiting for Thread[qtp1996787860-78,5,] for 14999
22:22:08.695 [main] DEBUG o.e.j.util.thread.QueuedThreadPool - Waiting for Thread[qtp1996787860-77,5,main] for 14999
22:22:08.695 [qtp1996787860-77] DEBUG o.e.j.util.thread.QueuedThreadPool - run org.eclipse.jetty.util.thread.QueuedThreadPool$$Lambda$265/1547817015@542ada62
22:22:08.695 [qtp1996787860-77] DEBUG o.e.j.util.thread.QueuedThreadPool - ran org.eclipse.jetty.util.thread.QueuedThreadPool$$Lambda$265/1547817015@542ada62
22:22:08.695 [main] DEBUG o.e.j.u.component.AbstractLifeCycle - STOPPED JettyConnectorThreadPool[qtp1996787860]@77049094{STOPPED,8<=0<=200,i=0,q=0}[org.eclipse.jetty.util.thread.TryExecutor$$Lambda$180/1484275564@1cefc4b3]
22:22:08.695 [main] DEBUG o.e.j.u.component.AbstractLifeCycle - STOPPED Server@f88bfbe{STOPPED}[9.4.17.v20190418]
]]></system-out>
    <system-err><![CDATA[set 27, 2020 10:22:08 PM org.glassfish.jersey.test.jetty.JettyTestContainerFactory$JettyTestContainer <init>
INFO: Creating JettyTestContainer configured at the base URI http://localhost:9998/
]]></system-err>
  </testcase>
</testsuite>